cycle,count,mae-o,mae-w0.25,mae-w0.5,mae-w.75
5,15,0.160530644748,0.159565934328,0.163677659544,0.158671117934
6,15,0.172681971461,0.153259002045,0.145683929677,0.161306815412
7,15,0.153574875606,0.138434713679,0.15066297114,0.146491831828
8,15,0.131818199459,0.128561411045,0.126888822604,0.133418777261
9,15,0.211056351322,0.208386299501,0.208713677599,0.205743512371
10,15,0.192053460423,0.202426808824,0.205383714786,0.202269935566
11,15,0.297634165365,0.294091386846,0.293969929069,0.295408080541
12,15,0.210050179818,0.211928666926,0.205088164915,0.203812492065
13,15,0.209719881945,0.219865920507,0.203271492892,0.184784836281
14,15,0.251141100815,0.233554441817,0.25363029934,0.263006379655
15,15,0.159502223161,0.158404707457,0.16128594289,0.164581536083
16,15,0.136276165234,0.147110734778,0.143702404831,0.168851196289
17,15,0.179315035145,0.16197350829,0.184712469864,0.167867516825
18,15,0.194233539087,0.186976824184,0.170464452071,0.167993624716
19,15,0.180066081031,0.160628551272,0.199041983329,0.187328767527
20,15,0.114860690769,0.140605494405,0.108616659452,0.115664202005
21,15,0.166207756428,0.154646122465,0.156623181192,0.147121050619
22,15,0.273235265797,0.261324670597,0.345673716119,0.314871606142
23,15,0.172354581988,0.183232036847,0.247149001485,0.198567930259
24,15,0.138370825658,0.13037704464,0.144330961163,0.161435804113
25,15,0.174014971876,0.168314999458,0.19916508211,0.161661976957
26,15,0.25515394503,0.268874827458,0.262514801871,0.252850620027
27,15,0.190209084644,0.147460942792,0.157454390597,0.153205430263
28,15,0.12460393821,0.128306358643,0.137871189771,0.121542677199
29,15,0.237817700318,0.229864318066,0.229489041504,0.222774230602
30,15,0.124466104236,0.122249740224,0.127228398443,0.126817496521
31,15,0.158925321607,0.144989336094,0.136982228739,0.120969115632
32,15,0.125869748653,0.123482692972,0.130842366651,0.152111113467
33,15,0.140715676432,0.130524573486,0.143458017301,0.133697553562
34,15,0.21555145691,0.203574792969,0.20609408153,0.213582239539
35,15,0.3220592817,0.333936920282,0.322788893285,0.327644490447
36,15,0.299077644995,0.291105048895,0.290297559754,0.292552454218
37,15,0.277263847194,0.34460350789,0.335005535666,0.329094049201
38,15,0.252055051957,0.246762816194,0.241543938742,0.24500873802
39,15,0.26492281882,0.25438832385,0.241144332582,0.258098127697
40,15,0.33265252732,0.354824462613,0.353042010262,0.349760989868
41,15,0.371398626452,0.369168193026,0.372606065984,0.370770457018
42,15,0.164596949,0.172080871797,0.162710106891,0.163410210848
43,15,0.142355545136,0.148457635782,0.150790794214,0.148570058018
44,15,0.172674331192,0.182802592008,0.178839572609,0.170294023028
45,15,0.197174857139,0.205308624213,0.226769249936,0.231572106884
46,15,0.161900497763,0.155972780675,0.155576980256,0.156278583128
47,15,0.166607781314,0.155788459224,0.14872669191,0.149535456487
48,15,0.126035703587,0.137716892632,0.130910193481,0.130126384414
49,15,0.120226910044,0.142702643138,0.120333324368,0.126656882015
50,15,0.158784974801,0.149235318198,0.16129076377,0.161150667576
51,15,0.174407733126,0.17628986151,0.17044394012,0.172801630361
52,15,0.18820021998,0.130316200793,0.137801363421,0.127849974095
53,15,0.17160006185,0.166197959387,0.166345504747,0.16907378218
54,15,0.100296072094,0.0939951983368,0.0993834506808,0.0961899460663
55,15,0.0972900147476,0.122362415088,0.116101890979,0.105453615345
56,15,0.150738445961,0.153152043866,0.150982024601,0.154137116356
57,15,0.169926516433,0.16923200222,0.169214192051,0.165610466193
58,15,0.244422554957,0.240959545809,0.233441737483,0.242024954591
59,15,0.217775242041,0.227216612163,0.224170120101,0.225078432764
60,15,0.168900890469,0.156160980538,0.159064071639,0.156493739771
61,15,0.138430445418,0.187492470833,0.290182111656,0.184702592633
62,15,0.134567309833,0.140927858397,0.146138612842,0.131301181167
63,15,0.202497857643,0.186586304175,0.197375368515,0.216508131508
64,15,0.218274178157,0.231111400115,0.221741653703,0.218482100872
65,15,0.214631399164,0.222027617052,0.205661216359,0.227155295546
66,15,0.314798290214,0.341233062723,0.336877077428,0.320365342832
67,15,0.680063597081,0.693236534481,0.67822106337,0.671851097409
68,15,0.211497499308,0.279720217342,0.259024437588,0.226789619807
69,15,0.193499732759,0.221949957792,0.182068448345,0.228585847277
70,15,0.272584168844,0.270895201982,0.268683499442,0.274861818116
71,15,0.257950501049,0.183860669625,0.277052521943,0.179881348876
72,15,0.138029947887,0.214297790962,0.140978008324,0.137723018907
73,15,0.3258994483,0.338877261087,0.336952904309,0.337822320752
74,15,0.116744990832,0.115872044913,0.111528331618,0.11015830739
75,15,0.0973721896111,0.0968026560478,0.096853329223,0.138051574484
76,15,0.124983387537,0.122036884962,0.125874833922,0.119374929559
77,15,0.145190053738,0.171203577642,0.145228187789,0.147908294049
78,15,0.119530941203,0.120405405617,0.116489498962,0.117055378983
79,15,0.105748266454,0.100093011323,0.106475684522,0.094334796063
80,15,0.0867115153821,0.0822563467255,0.0973886355349,0.0992217359919
81,15,0.12409442854,0.119638027661,0.124609709117,0.112348087274
82,15,0.133092332543,0.144235403114,0.127883550158,0.127288019042
83,15,0.159146044238,0.145899198096,0.182013538306,0.142128329305
84,15,0.100456757025,0.102319840531,0.10183193026,0.101671822115
85,15,0.15507521916,0.100983714189,0.104145432611,0.182552141935
86,15,0.122083994914,0.131077719411,0.125936685212,0.162244619943
87,15,0.264073623275,0.220658895434,0.186944989868,0.198020500913
88,15,0.248671878169,0.210014324321,0.22261105624,0.21105757587
89,15,0.131405209842,0.123515673536,0.135367951071,0.123144258127
90,15,0.274816025288,0.272895253029,0.282626062251,0.276065232716
91,15,0.153159444937,0.180431993351,0.171305515419,0.169400284611
92,15,0.1583781319,0.154982370149,0.159357805691,0.180422009374
93,15,0.213372029944,0.220442303894,0.217439707722,0.223627266069
94,15,0.112307990675,0.11426696875,0.12122383528,0.10964072795
95,15,0.177352711744,0.181367072076,0.183424072497,0.17782256439
96,15,0.319195708309,0.314004416783,0.313934606156,0.317120394554
97,15,0.115992193825,0.144877339403,0.110857997338,0.113796900501
98,15,0.115715308817,0.128737864749,0.125485070793,0.134564224288
99,15,0.208930190811,0.16260105635,0.152265987779,0.165387732481
100,15,0.121691537097,0.126614799777,0.115191916566,0.121709940619
101,15,0.158460430896,0.166453890264,0.280867340119,0.118151586871
102,15,0.131724537932,0.141915559983,0.154594982033,0.14368002683
103,15,0.216278308083,0.170744137647,0.154314595473,0.150122202468
104,15,0.140865473012,0.10818126003,0.158591052135,0.133304000979
105,15,0.119483217909,0.161703902241,0.105749789666,0.114083311639
106,15,0.173862042537,0.100430265197,0.114704701306,0.169757727304
107,15,0.106270520843,0.104304112416,0.122530669112,0.103950628383
108,15,0.136560292477,0.189482307736,0.187943196658,0.134325948185
109,15,0.258052054836,0.204963515548,0.224569610214,0.255742436374
110,15,0.253548024808,0.221496277051,0.249606809107,0.252009162988
111,15,0.218843365636,0.23433650089,0.230616278814,0.262159012676
112,15,0.218435637438,0.177916160961,0.18426706438,0.182623536482
113,15,0.203260199563,0.212525486107,0.206658146399,0.212300414501
114,15,0.16344128835,0.163621942834,0.179488357895,0.164559562061
115,15,0.156272008447,0.12912296394,0.129662120746,0.135882057683
116,15,0.161851245203,0.167247886491,0.154305458159,0.161714725769
117,15,0.139487310012,0.13981215857,0.139835629739,0.13434721184
118,15,0.169651919181,0.178173309448,0.174167719206,0.170955086764
119,15,0.258552598135,0.268839839076,0.26263496352,0.257200636047
120,15,0.639184930388,0.632234677185,0.600672773702,0.597267320167
121,15,0.530275062439,0.554815102317,0.517969654473,0.524112075535
122,15,0.677757437484,0.686266668321,0.682935747907,0.690409177375
123,15,0.482341690281,0.505630180189,0.484762927209,0.489223066793
124,15,0.457526636612,0.431602083255,0.455871403122,0.434785634022
125,15,0.489992969138,0.476441178195,0.489011421997,0.478834898475
126,15,0.411023198492,0.418488759602,0.426130489969,0.417591917429
127,15,0.44673537441,0.446173444966,0.452573252079,0.480705649961
128,15,0.157429593717,0.161569052796,0.170276953521,0.163482741215
129,15,0.143297560278,0.143061631865,0.14368649063,0.152789177262
130,15,0.119945791166,0.0985172931723,0.130373598965,0.123263581584
131,15,0.163176536481,0.157925373512,0.160056111971,0.165181708897
132,15,0.307750908459,0.295389647427,0.2941936217,0.29548996693
133,15,0.431795413461,0.458893582487,0.440950834846,0.432562742402
134,15,0.474322907604,0.459559474376,0.465322261617,0.462180768491
