cycle,count,mae-o,mae-w0.25,mae-w0.5,mae-w.75
5,15,0.152269940959,0.148822411969,0.143543535569,0.151132197509
6,15,0.134647640653,0.13659481853,0.133842940569,0.137628370823
7,15,0.116723359306,0.116912830806,0.115345412404,0.115772327867
8,15,0.130483828723,0.131300659792,0.132462214234,0.1226154747
9,15,0.209402461348,0.214337602874,0.216151513136,0.208442470264
10,15,0.204327137774,0.199720457126,0.201441905354,0.202488346218
11,15,0.292908202858,0.28860295255,0.289910690978,0.288838522466
12,15,0.203461302395,0.201509863567,0.208190856533,0.202404292483
13,15,0.14688322972,0.158971945338,0.176326433219,0.160289102155
14,15,0.152736905261,0.154916556362,0.158163451492,0.155151718314
15,15,0.190874300855,0.180420998223,0.19168437928,0.191365819027
16,15,0.133001478154,0.12657493718,0.132168365497,0.136185897777
17,15,0.212571259684,0.171031226237,0.191464622141,0.232922215237
18,15,0.166237448467,0.161172211313,0.15517207985,0.165283944006
19,15,0.27461840098,0.258276099464,0.238035893524,0.303532275364
20,15,0.135090749611,0.131329041005,0.130215187004,0.133568290451
21,15,0.148838719638,0.133678999405,0.138131000119,0.169523812902
22,15,0.140901128765,0.151358873234,0.145825740539,0.128980689318
23,15,0.157873878286,0.146228390475,0.146371886403,0.143046043254
24,15,0.149134970962,0.19036488595,0.166870908677,0.156820725673
25,15,0.15775344339,0.144589898743,0.160369772391,0.161214942318
26,15,0.288959519872,0.281474913064,0.269661256045,0.266102528206
27,15,0.127825950252,0.131981734913,0.135035717424,0.134250173458
28,15,0.139408832456,0.164552996741,0.168477581167,0.166229416073
29,15,0.164439187214,0.150795274454,0.145475248152,0.161640072412
30,15,0.147866946841,0.148403468091,0.171703038278,0.157178656288
31,15,0.088566830487,0.0871250662685,0.0830389415699,0.0835411056076
32,15,0.155873763628,0.142416483077,0.187006705823,0.130347306471
33,15,0.132997508417,0.129795937869,0.133046763176,0.133526266564
34,15,0.188376404814,0.196534095463,0.188007450021,0.185934755894
35,15,0.289054719416,0.28427806198,0.291948493768,0.285881548153
36,15,0.283525704051,0.291736028874,0.289303521455,0.280652294561
37,15,0.253160049199,0.257338195788,0.258954469049,0.265151230806
38,15,0.230436484118,0.23893923079,0.227990509734,0.230159060897
39,15,0.305712965556,0.29642598895,0.311659904997,0.313956143307
40,15,0.271059562236,0.270625583212,0.262889627654,0.270309028722
41,15,0.361683790982,0.364734664061,0.361601466183,0.363957722389
42,15,0.157470404957,0.154425394557,0.16790717095,0.159523154326
43,15,0.131472182168,0.138268570756,0.143765235709,0.143510185308
44,15,0.188211447185,0.176883613912,0.183765182558,0.176184695374
45,15,0.202576159068,0.200349755094,0.227214140398,0.219795651215
46,15,0.119309793795,0.120994661421,0.121121549175,0.123124138347
47,15,0.10074000752,0.101700687056,0.105332671323,0.0969615583034
48,15,0.105605618844,0.108225548687,0.109283206868,0.100590635468
49,15,0.0981649841514,0.0963192037165,0.0983534904085,0.121400018936
50,15,0.122345032606,0.135082676151,0.126971330935,0.131143823584
51,15,0.128114372899,0.123671446015,0.125519076971,0.131697617752
52,15,0.108465883324,0.0975750634179,0.111953524288,0.106403079325
53,15,0.17618966397,0.179338906031,0.173259299113,0.191664414793
54,15,0.109881656063,0.10824589779,0.12215880105,0.110794215266
55,15,0.111583424202,0.106582386995,0.111708618366,0.108359369094
56,15,0.123614024143,0.129297114443,0.124396760647,0.125604623543
57,15,0.131904015799,0.142984640041,0.133275555442,0.123049238761
58,15,0.278646346479,0.224529653466,0.247215775995,0.260043587202
59,15,0.233447495741,0.231481990483,0.235176734378,0.222298507574
60,15,0.164474585247,0.16943454814,0.1589055075,0.157234231385
61,15,0.0890220894053,0.104879283789,0.101248896828,0.0955797997165
62,15,0.177198292638,0.236021482864,0.189452976823,0.169499748358
63,15,0.174386749641,0.175890666625,0.176990741818,0.173254046161
64,15,0.267007211725,0.292771369644,0.266754895309,0.273138316458
65,15,0.170877161244,0.159626881028,0.207592199809,0.173984350091
66,15,0.336297005127,0.351477587653,0.343660061353,0.336998027189
67,15,0.614869336333,0.62123827063,0.620395440394,0.617942440494
68,15,0.134152840716,0.129163222332,0.136330957075,0.128161814051
69,15,0.162695213258,0.158790343038,0.137512160781,0.160773712161
70,15,0.403977479051,0.431802609608,0.437443556324,0.330292295752
71,15,0.157986381369,0.151343991976,0.151411666362,0.153556058038
72,15,0.143873673664,0.166147829833,0.130064696777,0.12825593492
73,15,0.377781562291,0.394347129857,0.395828754223,0.425137357399
74,15,0.132058854591,0.141196685874,0.139948404286,0.157872419142
75,15,0.138803265131,0.103133276464,0.0892267556618,0.104480626453
76,15,0.126249321839,0.118025489321,0.126987022556,0.14249959897
77,15,0.159329623361,0.160646665476,0.175270893733,0.154546283932
78,15,0.11038628281,0.127424118106,0.132679581045,0.141997222351
79,15,0.113919413892,0.125175612136,0.121002295479,0.119040568207
80,15,0.0942680809419,0.093254613508,0.0930745523614,0.0994964585954
81,15,0.135558121841,0.126482391509,0.124823920376,0.142296884882
82,15,0.125904762054,0.127539767173,0.124126682295,0.133456188659
83,15,0.151998476266,0.171121789167,0.151765560811,0.15528236426
84,15,0.121102085017,0.134086962091,0.118155877123,0.112773446548
85,15,0.188873671699,0.11739480426,0.123308819047,0.101100865544
86,15,0.108957289891,0.0770971773416,0.0785842927973,0.0837636042101
87,15,0.135748489541,0.15826248172,0.132096444089,0.128647934419
88,15,0.272982141179,0.2431516196,0.24493955634,0.289289233795
89,15,0.140303836049,0.147125949734,0.136099566899,0.137804277836
90,15,0.283090634636,0.269747497867,0.26729496083,0.265226226761
91,15,0.139661633709,0.176405300803,0.136700338703,0.132354366658
92,15,0.175351520179,0.160852598604,0.154338364862,0.185145178238
93,15,0.225784408206,0.192461250484,0.22018476562,0.200673848931
94,15,0.144706826236,0.148103149229,0.136910726508,0.16575768073
95,15,0.215185487703,0.146542299572,0.138860890287,0.204796421055
96,15,0.341808115541,0.31460825664,0.335000855735,0.31976121449
97,15,0.10501274054,0.104231874619,0.111289920108,0.116444491348
98,15,0.0974910522324,0.0876257422628,0.0891601845886,0.0958953993323
99,15,0.104775473703,0.101382042333,0.104360230445,0.105814354814
100,15,0.125422588067,0.127939662366,0.124670356923,0.12643637856
101,15,0.125804322999,0.127407092164,0.160648396726,0.13063196518
102,15,0.167976005932,0.141322500445,0.15157637419,0.183010894576
103,15,0.156127014496,0.158594605452,0.16300592552,0.154213523248
104,15,0.108485393184,0.115483050549,0.131267164125,0.136400610602
105,15,0.157358825189,0.120831350237,0.179358880122,0.129595053557
106,15,0.105476582604,0.138975180735,0.116468326041,0.131638969308
107,15,0.117542951748,0.136204603244,0.113502435312,0.119858965541
108,15,0.159633028608,0.149882615494,0.150411716033,0.13897994294
109,15,0.229326246639,0.224352339635,0.225400406853,0.220773741709
110,15,0.281452165037,0.298366824311,0.33498934612,0.3243278218
111,15,0.228126497184,0.238153840227,0.224929787141,0.201786894302
112,15,0.225783197974,0.216848556822,0.211539480265,0.201829456223
113,15,0.236014990039,0.22451298854,0.232223786927,0.231736501026
114,15,0.164472956148,0.169760998481,0.186850313333,0.199509811337
115,15,0.162681019133,0.172493548064,0.143794164501,0.160815945258
116,15,0.13579629077,0.137062580484,0.132554879682,0.126837166143
117,15,0.183361880988,0.181783003525,0.206987697659,0.208355674721
118,15,0.173806149119,0.217693521372,0.171592076975,0.238899363514
119,15,0.273696787747,0.280492860798,0.281045004798,0.257626387812
120,15,0.631704486775,0.610860865451,0.622386049946,0.618795746997
121,15,0.577968983372,0.570450441988,0.572039692868,0.56626370743
122,15,0.673533016366,0.693901109785,0.675805556479,0.652769590992
123,15,0.469358089369,0.496052107657,0.474335947319,0.469017461384
124,15,0.413761736818,0.462965551785,0.421697332563,0.421634309141
125,15,0.487117581174,0.48544258437,0.49008736865,0.492234003352
126,15,0.44197482667,0.423205720452,0.43206901879,0.444072350532
127,15,0.469674197175,0.459637478306,0.498444987072,0.476641955387
128,15,0.154895145528,0.170069234894,0.171223429361,0.147391143874
129,15,0.175112995206,0.163504791263,0.165333099,0.174327627582
130,15,0.100904624124,0.0990729635742,0.099271332421,0.108058886396
131,15,0.161354908078,0.159820533272,0.155280414546,0.147008677048
132,15,0.314904333546,0.309189543646,0.301057854252,0.306565613772
133,15,0.469018012799,0.503050787257,0.465587285088,0.467454422001
134,15,0.521093875043,0.506175663475,0.513956457418,0.521708447122
135,15,0.499069141012,0.477474192935,0.498574603351,0.49741847863
136,15,0.31004893345,0.304436374033,0.310639003238,0.307736601069
137,15,0.258876972367,0.264649816289,0.255873639403,0.280290430115
138,15,0.224430093767,0.221202551138,0.219167017156,0.217189765338
139,15,0.171684139522,0.213786448471,0.180169674087,0.176010832226
140,15,0.0967010598083,0.111317415494,0.107728795258,0.114309772618
141,15,0.12105570892,0.118156298306,0.134540803533,0.122911860322
142,15,0.159496611077,0.183674850781,0.165301926309,0.164801181529
143,15,0.150683592219,0.163214285071,0.159628833104,0.1512538484
144,15,0.0913470849607,0.100917514531,0.0874157027767,0.0871140834201
145,15,0.0953815171741,0.09960782665,0.118175615709,0.0969958469895
146,15,0.0861815734107,0.114901506011,0.102901024757,0.0974763009108
147,15,0.107664976395,0.0961770213601,0.0978538383897,0.103657723331
148,15,0.106864030095,0.120038836816,0.106163940726,0.0926766815204
149,15,0.103388642894,0.0912450036838,0.0914377580449,0.113746263079
150,15,0.0957466402571,0.136501829337,0.104925543417,0.13671799931
151,15,0.146002544771,0.202335347133,0.17990881251,0.114377849213
152,15,0.120303432589,0.114695861628,0.12953878948,0.135192541432
153,15,0.16595191522,0.170072412197,0.16224906511,0.187422050809
154,15,0.187571388908,0.180039588074,0.193429277733,0.184472349322
155,15,0.204583788539,0.200164035732,0.206557911522,0.205383287751
156,15,0.146643672561,0.140749499763,0.115969378752,0.177089778629
157,15,0.229871674462,0.221243907976,0.22385952313,0.217889372408
158,15,0.185802672218,0.182250675088,0.182223634622,0.172057159095
159,15,0.184893020473,0.158068437959,0.178614633342,0.165372280304
160,15,0.162996645474,0.162423095365,0.172753856704,0.156087412825
161,15,0.124593105699,0.133914854639,0.193240105141,0.166608173855
162,15,0.116268765579,0.121158645053,0.12279913596,0.117761990383
163,15,0.10428111538,0.102477615681,0.102919395988,0.0998180791699
164,15,0.0925786745265,0.0944858042388,0.0862706220102,0.13441653015
165,15,0.101495499295,0.105879925563,0.105533954355,0.100987897427
166,15,0.114221264578,0.100441094499,0.102891888406,0.119346937022
167,15,0.110953332014,0.102362465021,0.105820691096,0.103337032605
168,15,0.138095346142,0.109595831099,0.109774109945,0.119979454073
169,15,0.0974722763182,0.105489566553,0.113007894455,0.101869936262
170,15,0.108705808049,0.0897230470845,0.0971817973145,0.104841516978
171,15,0.156691004083,0.124853123726,0.132463142675,0.154551158013
172,15,0.150233532619,0.114148759655,0.147961256111,0.148034196709
173,15,0.120358685648,0.203723358729,0.170806823304,0.220112762321
174,15,0.105350690124,0.105842605974,0.105725244679,0.110179546502
175,15,0.120368005341,0.136892841316,0.120890135241,0.109629528542
176,15,0.116511810651,0.0968697733484,0.101668053628,0.0983716882995
177,15,0.100065859637,0.0849808619496,0.0883987921837,0.0860331472637
178,15,0.0852185713861,0.0833075740357,0.0825636873166,0.0829229532554
179,15,0.080802214883,0.0857563199638,0.0866578600638,0.0895679629912
180,15,0.106382003792,0.0824326166718,0.0874668417909,0.0896646015277
181,15,0.0863969836121,0.087685793655,0.0926772608346,0.0917985643343
182,15,0.0915413847457,0.13377594092,0.114842473275,0.0894260092026
183,15,0.0891639843231,0.0844541517791,0.0895611273635,0.0898875542039
184,15,0.0859219131556,0.0804921274784,0.0775255835488,0.0761781143769
185,15,0.0853043911462,0.09038115291,0.0833439135334,0.0909697321627
186,15,0.116614568657,0.134271053033,0.107803420943,0.101475907743
187,15,0.101945550527,0.102609158687,0.10938507113,0.102232499228
188,15,0.104374782898,0.115060714344,0.117660979172,0.119896431394
189,15,0.144388573338,0.118328324548,0.119316278064,0.149309723749
190,15,0.150209194568,0.157798040621,0.144742757473,0.12920429026
191,15,0.163318198575,0.152853255631,0.14285671227,0.149064275982
192,15,0.126367221983,0.131629861821,0.14044022551,0.116487838009
193,15,0.113474649517,0.123075019297,0.12524505993,0.121668001529
194,15,0.124375519708,0.123969302585,0.128713754629,0.122526981238
195,15,0.0987126094195,0.0957155900999,0.0995607564031,0.0998568345815
196,15,0.159355493248,0.149727255651,0.150286948178,0.171840431518
197,15,0.24071013865,0.237713705515,0.245958526506,0.234241000806
198,15,0.17618157583,0.169845788204,0.168270555595,0.176849141605
199,15,0.169460630375,0.186386671874,0.176118984052,0.172565921652
200,15,0.313546400695,0.253859745347,0.291316228996,0.255045546491
201,15,0.457267640837,0.488608452666,0.476480320071,0.4411215174
202,15,0.506050434672,0.5102541477,0.509430160441,0.506760012013
203,15,0.496454779723,0.486926994676,0.488015622964,0.500945536446
204,15,0.515409759364,0.488829337321,0.489882491763,0.543654639476
205,15,0.579217075865,0.573406617269,0.590096398834,0.594069733938
206,15,0.54737445915,0.55119846112,0.546351214727,0.549032332228
207,15,0.558857197217,0.599399453985,0.60435634959,0.562202022794
208,15,0.646394377909,0.648568570804,0.655345710752,0.644884624341
209,15,0.554857375607,0.560021277031,0.564569909672,0.583049117618
210,15,0.606108778291,0.615696480955,0.61011679013,0.59491394657
211,15,0.908528799591,0.913475756528,0.923778339283,0.913076520149
212,15,0.563873548928,0.582999036859,0.606809277344,0.651762576678
213,15,0.554588107533,0.550104676349,0.548579764107,0.547405859781
214,15,0.647946767248,0.648263956831,0.712064338019,0.772465655543
215,15,0.621566101807,0.609940736482,0.630888145749,0.616930581804
216,15,0.502119787263,0.490993600521,0.484535569792,0.587362993823
217,15,0.39139865373,0.417886669934,0.440969659374,0.410492004495
218,15,0.263733126697,0.268409142226,0.272541847877,0.271231232746
219,15,0.236821114996,0.22394805563,0.225480354944,0.252942134678
220,15,0.197496303901,0.196427506761,0.197257352011,0.209961643463
221,15,0.217787668899,0.224047620567,0.254970344683,0.276287321774
222,15,0.181162283084,0.202374571595,0.19430952718,0.186198181127
223,15,0.133783919384,0.139760236482,0.135228468977,0.147442629158
224,15,0.124252753426,0.134362855601,0.12190992895,0.128016412226
225,15,0.115224633822,0.120635006771,0.111351173615,0.101537005576
226,15,0.159841880643,0.146031347613,0.158775710967,0.192570766947
227,15,0.146775671629,0.143897528336,0.144884888078,0.1428918967
228,15,0.289248040077,0.277236235674,0.2898742455,0.368331194161
229,15,0.503848066516,0.569134867629,0.551135477646,0.602548949511
230,15,0.658280427498,0.650936643574,0.729009026603,0.658911697764
231,15,0.48592403369,0.483924453742,0.468751153175,0.50715789692
232,15,0.952705760177,0.980523383678,0.943816004087,0.931368159317
233,15,0.824689346373,0.882441909403,0.845032567447,0.845717104007
234,15,0.703327267517,0.666680545569,0.645642512299,0.660313695996
235,15,0.546850826335,0.576675774889,0.544687428844,0.583085996517
236,15,0.570767311571,0.582852454899,0.570985530805,0.577911654622
237,15,0.479792103233,0.47814903901,0.487551852093,0.537086518939
238,15,0.424715035248,0.398412546898,0.395693254115,0.392196632686
239,15,0.482926945423,0.483349656198,0.467476619417,0.473130713962
240,15,0.384542854318,0.365161581098,0.349767850137,0.37028238534
241,15,0.349045978837,0.343822091234,0.365553409238,0.343695294857
242,15,0.593691419676,0.601269741464,0.604028550098,0.608667467299
243,15,0.654062061572,0.692489071131,0.67510047841,0.782216110635
244,15,0.740293317861,0.732328568285,0.742094949273,0.75771405849
245,15,0.818886737283,0.844510457007,0.824240573046,0.82988398787
246,15,0.673380356702,0.686010945461,0.673535697521,0.668988102027
247,15,0.615069189752,0.613076125278,0.611646262351,0.616573962342
248,15,0.540845652103,0.528484186078,0.54150365168,0.537053234212
249,15,0.466432567171,0.470739756427,0.476981185324,0.466603748483
250,15,0.354705494495,0.380332669775,0.366890251714,0.393405962006
251,15,0.318316092112,0.325720578056,0.319635557745,0.329299808383
252,15,0.290517134598,0.272827587836,0.286111037214,0.272915401982
253,15,0.368548024511,0.358922445373,0.365947004429,0.372164184027
254,15,0.183488901565,0.175610536971,0.183317357156,0.176989151275
255,15,0.118026271975,0.109556057787,0.114618774206,0.118325231839
256,15,0.112986021312,0.11645703303,0.122352807222,0.118123935998
257,15,0.228480617229,0.223558866063,0.21969496593,0.239921641487
258,15,0.12368793631,0.125024794771,0.126274841132,0.117663910562
259,15,0.114889637321,0.120654684392,0.119213675534,0.131924842611
260,15,0.165821849163,0.155816186905,0.182534766085,0.158264552381
261,15,0.195991847358,0.174852323463,0.166583648723,0.183111564066
262,15,0.183194426136,0.181363160382,0.177900715674,0.187358232787
263,15,0.162239234135,0.174739783519,0.162563972462,0.19228749726
264,15,0.300505440922,0.278479224357,0.32573437072,0.395751648476
265,15,0.339879078068,0.343673929731,0.338984764288,0.349309454057
266,15,0.342031538109,0.335087324811,0.34364653615,0.333344649041
267,15,0.364036837354,0.347609422437,0.318243365569,0.338253423029
268,15,0.26611527409,0.2520479953,0.252331953481,0.242178873893
269,15,0.252684065189,0.242454364167,0.24588300386,0.197699516215
270,15,0.233499002823,0.225688743146,0.222633497989,0.212746432723
271,15,0.19350817324,0.180597686727,0.182471144709,0.174593599186
272,15,0.135736452293,0.145977078648,0.141254710559,0.13027717548
273,15,0.106672784544,0.0996603579176,0.103833784451,0.107414890731
274,15,0.160059903575,0.143725235118,0.163243930438,0.147920847441
275,15,0.134170967899,0.146889266676,0.135021291214,0.127894870059
276,15,0.319394906493,0.41853326514,0.356089118404,0.362218670635
277,15,0.13431533167,0.142103020788,0.132495140108,0.132901419482
278,15,0.103578219998,0.114874834679,0.0960443037474,0.099464603864
279,15,0.133721909611,0.129488874368,0.121674011425,0.137712512252
280,15,0.141230957822,0.13815750171,0.161453798225,0.134498069297
281,15,0.183450862062,0.171745018171,0.157507614493,0.150423312008
282,15,0.142921199845,0.140489935041,0.149657445208,0.164533712953
283,15,0.276446380416,0.316273821653,0.268477761432,0.274398591668
284,15,0.156589727384,0.160590308572,0.170123879615,0.155004901558
285,15,0.101737850419,0.0944980796655,0.119395835945,0.0951530496765
286,15,0.12987797352,0.123090518467,0.126321785384,0.128849324879
287,15,0.127104278406,0.150805967559,0.130156845497,0.133105700156
288,15,0.176037581783,0.142942358962,0.134375475778,0.136994721056
289,15,0.158150741555,0.15582540912,0.184082822158,0.190921411486
290,15,0.188332481081,0.153451258549,0.157851580436,0.15003241759
291,15,0.176697879634,0.157661258839,0.161069256061,0.157799518244
292,15,0.0992876999077,0.097207049657,0.0992486184068,0.0929820975141
293,15,0.12550685342,0.107568940844,0.0954857221726,0.106942167456
294,15,0.116960095253,0.114248741141,0.143027431393,0.120072270007
295,15,0.126807277296,0.118769260532,0.123850183831,0.128040802662
296,15,0.0955897319742,0.144923292843,0.0992712788315,0.111572152344
297,15,0.113907916072,0.114416129055,0.114129349714,0.107628451149
298,15,0.125189637033,0.116088206999,0.117736709037,0.118027758264
299,15,0.0936204764318,0.0997846845246,0.0884492878286,0.0931393374018
300,15,0.148617961056,0.125253164739,0.165941315873,0.165545905087
301,15,0.121912649914,0.117407957943,0.146073490245,0.152702469858
302,15,0.115447480176,0.0931092071325,0.110614662429,0.120936558401
303,15,0.124149245894,0.108405609054,0.105481877786,0.103989100089
304,15,0.101048029854,0.106653573967,0.103981029965,0.114796644797
305,15,0.121376255243,0.107280945754,0.127138459159,0.12068585042
306,15,0.0861257032477,0.0938198570892,0.0948426015614,0.0895182379432
307,15,0.102371173023,0.119296690022,0.108124275358,0.109827942674
308,15,0.11283033005,0.124071514308,0.144247739295,0.112412567274
309,15,0.203134994448,0.207927409335,0.200246643537,0.202927222204
310,15,0.168023010069,0.16783273146,0.178183514299,0.170795243046
311,15,0.24143200245,0.233160752619,0.23710764565,0.22656044025
312,15,0.335493771041,0.405410637646,0.333581625038,0.328073123554
313,15,0.534431336381,0.510186922397,0.52214053653,0.556229929191
314,15,0.307846304374,0.276165100649,0.258373316842,0.252390483099
315,15,0.205184175662,0.203920499391,0.199576507482,0.216590746532
316,15,0.221609561391,0.250966359175,0.248882104778,0.244781383796
317,15,0.236891530213,0.246982731283,0.260996054525,0.26179507758
318,15,0.198617822232,0.198427495881,0.195526095619,0.208735940197
319,15,0.297411634826,0.28950801415,0.34591661489,0.326077405547
320,15,0.198644750885,0.197507654076,0.246356929502,0.206871062749
321,15,0.126100645929,0.126847631458,0.12105549452,0.124826788209
322,15,0.117291222385,0.128639287109,0.114628355558,0.107856782857
323,15,0.207489116088,0.153445341179,0.175783040018,0.240165756097
324,15,0.128140244432,0.12010676559,0.128001737198,0.122440565026
325,15,0.135226454503,0.129685569145,0.127537386534,0.134502617024
326,15,0.18458755716,0.164051492126,0.164932601723,0.173321361574
327,15,0.389048891179,0.387414858739,0.415541430897,0.397588117545
328,15,0.252178636888,0.244359457074,0.217051092719,0.23114347715
329,15,0.136420678196,0.148783516183,0.146965131329,0.145280242676
330,15,0.177680919781,0.177305585431,0.172861280358,0.170324941042
331,15,0.155954042504,0.129398404028,0.156829637347,0.155311821499
332,15,0.289754664503,0.286116955073,0.30624167192,0.308000221322
333,15,0.38441738067,0.385411829209,0.40282162579,0.409460099786
334,15,0.558755585259,0.558759954008,0.559449281618,0.585886957516
335,15,0.540348301343,0.53502422108,0.547219807031,0.551219217141
