cycle,count,mae-o,mae-w0.25,mae-w0.5,mae-w.75
5,15,0.168725131445,0.179223164164,0.174484297567,0.163732646676
6,15,0.162217427011,0.163935316057,0.159511124771,0.164566349532
7,15,0.112099549079,0.10979290124,0.11730925794,0.113735441903
8,15,0.120262257879,0.119260766631,0.118785711169,0.120848588434
9,15,0.217498921115,0.229715877021,0.227461971853,0.224169691289
10,15,0.193677698698,0.196990622012,0.199314448682,0.195000922019
11,15,0.304751058615,0.308431736583,0.297471812841,0.306941024094
12,15,0.219959926351,0.228852991288,0.22035802829,0.232690904395
13,15,0.195169689145,0.185963439872,0.202350330743,0.188261991174
14,15,0.154397159467,0.145427510567,0.128587748942,0.137387686446
15,15,0.111617742132,0.105536006017,0.109235228715,0.111586871419
16,15,0.148082169612,0.154022125516,0.142834685681,0.141824190636
17,15,0.188854607389,0.187762197475,0.183770000105,0.187657355772
18,15,0.167051804923,0.163516787719,0.185117836278,0.172144358841
19,15,0.161672568145,0.14132311601,0.156000401304,0.15943190734
20,15,0.134078587451,0.12996502945,0.150370516107,0.135383929616
21,15,0.175196080515,0.171990687381,0.165144791452,0.196751816297
22,15,0.224040189858,0.215062878935,0.21349279714,0.213341438505
23,15,0.146594621275,0.151695893327,0.146827243733,0.136396906362
24,15,0.137763977331,0.140418594329,0.145430006586,0.144561770814
25,15,0.167950602876,0.174848309157,0.182565816408,0.200593612844
26,15,0.276057280954,0.26943987416,0.258953456175,0.270211301174
27,15,0.225918662813,0.203864385786,0.191708938,0.191348906352
28,15,0.200046936894,0.163165801369,0.188603558702,0.159547240065
29,15,0.17991480261,0.178082750452,0.16970158884,0.176625500425
30,15,0.119787337708,0.135777706698,0.112036507428,0.124090148856
31,15,0.12925084992,0.150689083611,0.13347786234,0.125965238152
32,15,0.141338137055,0.151048742541,0.125034902455,0.125442905189
33,15,0.144404619099,0.14660390438,0.149319668889,0.143712281071
34,15,0.192804539344,0.21160249983,0.200185186967,0.195981362013
35,15,0.324785444833,0.341695009678,0.327752439471,0.343260776195
36,15,0.345726517778,0.362032550912,0.339472533703,0.396242994834
37,15,0.266050849375,0.27199715155,0.267900509698,0.276160087653
38,15,0.242846880549,0.242570654938,0.246913166492,0.240240038346
39,15,0.266125894741,0.269604223173,0.266304307352,0.259557352212
40,15,0.336539186873,0.337741252258,0.332434710812,0.334962898541
41,15,0.396902830353,0.403184333193,0.381961704386,0.396294995003
42,15,0.150955606744,0.154827963657,0.160093534388,0.159066090941
43,15,0.153875832075,0.170472836579,0.167859644932,0.159823195662
44,15,0.213715911514,0.212506571932,0.200196163791,0.220629059401
45,15,0.263728221843,0.258551484484,0.259197744122,0.270181070348
46,15,0.173389293914,0.182023643391,0.181366638674,0.170265873262
47,15,0.132189125679,0.135346075283,0.129206680691,0.137353237889
48,15,0.138494892519,0.16979122042,0.156526045502,0.205349982888
49,15,0.116688481955,0.125143758693,0.119991555097,0.113358890345
50,15,0.129104989028,0.120407256688,0.120566787802,0.123028035713
51,15,0.129380360416,0.150585670342,0.124796382559,0.130772075678
52,15,0.117460015488,0.117253993819,0.116603276162,0.132047186705
53,15,0.196214517058,0.184740648002,0.187060953903,0.179116451548
54,15,0.114112197264,0.108495115508,0.114234838738,0.141325985507
55,15,0.129174098407,0.17383409662,0.105545407993,0.172424178859
56,15,0.198452784537,0.200774058052,0.16439854081,0.157927290443
57,15,0.152318974487,0.152438931393,0.150352443945,0.148905342333
58,15,0.186316647864,0.196618865992,0.193058975121,0.198068926691
59,15,0.22505527183,0.230198020069,0.230112474233,0.242603800486
60,15,0.155200511355,0.149219029424,0.144141509046,0.13998101456
61,15,0.112145172882,0.107067347308,0.194139192778,0.175694460041
62,15,0.152181739278,0.185575076701,0.182077930462,0.181823279273
63,15,0.192310779686,0.190474710587,0.191206676605,0.188790339255
64,15,0.261931372439,0.249414960489,0.285896783526,0.26061212181
65,15,0.191622518825,0.192655791089,0.198037772087,0.190008388846
66,15,0.406159391928,0.374784033284,0.364835507225,0.424366435871
67,15,0.63606780415,0.641526847834,0.638948668882,0.633974350276
68,15,0.115853179056,0.159981329704,0.12669664012,0.146585864858
69,15,0.192340042903,0.148317823742,0.174007893986,0.200965904225
70,15,0.268150759315,0.278465696492,0.278948761571,0.273669478346
71,15,0.257831552972,0.275628905437,0.265591165689,0.290982248068
72,15,0.17676481551,0.179335269177,0.165713016521,0.170695755754
73,15,0.303401794153,0.304814828824,0.320868196413,0.300051041555
74,15,0.103094702353,0.124484449541,0.109662410917,0.108097035347
75,15,0.0844214374467,0.0843606745005,0.085499661354,0.0821286607356
76,15,0.112857958715,0.113956831957,0.122156946159,0.113245819235
77,15,0.1541959893,0.15274713263,0.135107582366,0.148851042149
78,15,0.119592570108,0.117954253406,0.113473534415,0.145876086694
79,15,0.101064763195,0.0986072561088,0.104913509612,0.102378109249
80,15,0.0834327772739,0.0779675312704,0.0764121779074,0.103388662433
81,15,0.119710701954,0.106313340839,0.109913660924,0.105898196607
82,15,0.15780305821,0.123864638535,0.117203695373,0.13957269263
83,15,0.129989821348,0.134895581297,0.152394424247,0.13717492533
84,15,0.141673730792,0.185689294625,0.176881706529,0.136921188207
85,15,0.143420009901,0.115518988858,0.112139348989,0.11645100148
86,15,0.0829207037327,0.0777984972282,0.0811270967399,0.124458698217
87,15,0.178346844808,0.154345552618,0.159103869425,0.171566566116
88,15,0.252621834794,0.256234261676,0.290887189672,0.270080464204
89,15,0.133448518258,0.137496124992,0.133775812254,0.13242679316
90,15,0.264112224822,0.270636476072,0.257615958201,0.276611941404
91,15,0.207886726098,0.204108718606,0.215078729167,0.245191649832
92,15,0.151096799443,0.143410105356,0.180039220219,0.150082325397
93,15,0.227607644006,0.197007174071,0.216258931798,0.210767213481
94,15,0.1298937586,0.132160352211,0.134534333223,0.130128727892
95,15,0.150078615734,0.146417556852,0.151773967261,0.158503965782
96,15,0.408580942428,0.41093842591,0.528822989404,0.355912445028
97,15,0.104717364075,0.1043601186,0.161788335005,0.150566898028
98,15,0.136722981007,0.128948812517,0.122416355117,0.158938630978
99,15,0.104382918543,0.199546884309,0.125844105951,0.0966408130761
100,15,0.139183306332,0.126049689948,0.132911808527,0.137869146911
101,15,0.141294194988,0.130539595166,0.126126917934,0.133597768969
102,15,0.154812711522,0.160589996077,0.128767708821,0.163331100898
103,15,0.155660369355,0.157566595989,0.155633624097,0.15457398633
104,15,0.115821942594,0.122587025112,0.10674069863,0.11675198667
105,15,0.0987352323155,0.122067313576,0.140316523502,0.127838605465
106,15,0.159859274158,0.152517011896,0.17002585531,0.156974140208
107,15,0.137992926138,0.132498074546,0.174619062991,0.110229574726
108,15,0.165168269737,0.136035787883,0.153826301073,0.127767125186
109,15,0.259978249367,0.222666785249,0.242786581448,0.230554170581
110,15,0.251312512527,0.248872598249,0.249457908676,0.270923306175
111,15,0.244739959168,0.220253502436,0.233816518863,0.226433430272
112,15,0.164153938474,0.182474957959,0.191847176847,0.163934740331
113,15,0.246633303717,0.228954761306,0.245306733271,0.227673392786
114,15,0.200878615855,0.188831930279,0.166476668648,0.179064284426
115,15,0.174706568219,0.176028003367,0.178967925067,0.168584058087
116,15,0.185346437965,0.174958419454,0.200475785902,0.220988445065
117,15,0.137654159284,0.138286806826,0.137024152495,0.133595396646
118,15,0.198140439211,0.192100045923,0.219114950201,0.233592922303
119,15,0.270844048553,0.279158561941,0.279370567291,0.272134632004
120,15,0.634667554216,0.656188236177,0.620035199029,0.636563695298
121,15,0.528222091263,0.576077391315,0.54935818926,0.541737402599
122,15,0.744082250026,0.751992502925,0.747542864615,0.745224685412
123,15,0.487003415712,0.480500704766,0.508682434086,0.496000021841
124,15,0.442982091779,0.421043214485,0.429407629256,0.427460121749
125,15,0.597182121887,0.595438582456,0.597037727469,0.596686563521
126,15,0.439831830248,0.432011001572,0.441529749607,0.42893562527
127,15,0.478207153305,0.482339968416,0.483745822301,0.480290794005
128,15,0.162688085735,0.156630080048,0.169118223081,0.165223593991
129,15,0.155152879283,0.154353541196,0.169162012597,0.172131833736
130,15,0.0937932779815,0.0970994758507,0.0975610677459,0.116921677359
131,15,0.148242472547,0.151479606566,0.152072509023,0.154086716932
132,15,0.285944923259,0.301118121062,0.304525244502,0.304878997202
133,15,0.444913382453,0.435112610213,0.440108764099,0.428937684484
134,15,0.458563148555,0.481159755338,0.459822321095,0.483349766202
135,15,0.52760734722,0.524404081917,0.522673975393,0.531779762207
136,15,0.36673746042,0.404291347539,0.384746765252,0.371232664549
137,15,0.294911666365,0.287508714469,0.285662226536,0.290153218991
138,15,0.237475459809,0.235618060586,0.235131212269,0.237508986189
139,15,0.19985705846,0.196798156195,0.197386074371,0.19464929414
140,15,0.1088756661,0.105791602776,0.0965218340606,0.126095728698
141,15,0.160138742335,0.14664707383,0.178873348497,0.170276463265
142,15,0.153608267429,0.183649849922,0.168358516659,0.165493248397
143,15,0.307533064132,0.252051423179,0.227244261836,0.211899872993
144,15,0.102368452674,0.105149745925,0.101381809821,0.119801552823
145,15,0.139383553734,0.0970705280829,0.095098523335,0.101419834835
146,15,0.107455489537,0.114461877917,0.100782785082,0.106855678233
147,15,0.100994382091,0.0781026709069,0.0899081306204,0.0850902765897
148,15,0.111194770007,0.141138317832,0.130796984636,0.144786370904
149,15,0.101811575984,0.108700659552,0.0850729727085,0.0881987944238
150,15,0.0768489411561,0.108476039577,0.100850183964,0.0770421437588
151,15,0.149395285157,0.126420612328,0.14501283011,0.118184970485
152,15,0.121257590375,0.121817713669,0.125265415626,0.128220647343
153,15,0.163548583159,0.175099947166,0.1595765974,0.156870940498
154,15,0.214611485762,0.340166333603,0.2284371104,0.173982169103
155,15,0.205102888981,0.185387607602,0.191730579378,0.184245809984
156,15,0.102415901489,0.10001208867,0.0991374744744,0.11277648654
157,15,0.266275421003,0.27938928535,0.27568129961,0.286377334084
158,15,0.167844539766,0.160776773204,0.152635335262,0.168824010326
159,15,0.095279549404,0.120924342506,0.101416609999,0.0897795484713
160,15,0.179931796416,0.177748058094,0.202355124457,0.1941954501
161,15,0.106063780183,0.113871482294,0.115659913988,0.127346743905
162,15,0.129085399175,0.123992271364,0.122684256457,0.123405092544
163,15,0.116295725637,0.100115415383,0.109259080884,0.110737624632
164,15,0.101831728011,0.0996724530809,0.100040024682,0.102647305689
165,15,0.106096121781,0.112609236525,0.123546702868,0.125284540073
166,15,0.0948210935447,0.116759571014,0.12855237933,0.0997846227147
167,15,0.101841310957,0.109504194939,0.101218024647,0.0953317581041
168,15,0.0950366987513,0.0992095719324,0.0955565589761,0.0965899452668
169,15,0.0930733606705,0.109048001243,0.093592936757,0.0913293652392
170,15,0.109443087427,0.123927549847,0.0922959218315,0.112252885814
171,15,0.105696667645,0.112482046805,0.118447887732,0.108053894607
172,15,0.13992271945,0.114159512455,0.117290536979,0.138262834228
173,15,0.173127931964,0.157619403081,0.148247564988,0.149947452286
174,15,0.144864827785,0.14181189888,0.150294104495,0.149472634184
175,15,0.0995119160914,0.107532129963,0.122241460415,0.119521156014
176,15,0.0962591653959,0.0892501612623,0.0901155765962,0.0896119233295
177,15,0.074356043729,0.0840645135546,0.103880640912,0.106044875885
178,15,0.0936627557395,0.0883177316774,0.0883212287334,0.104212015934
179,15,0.10783470869,0.101945490553,0.091038899406,0.0878068441181
180,15,0.0754318145484,0.0828873798112,0.0782687141461,0.0779700163214
181,15,0.0837941839592,0.100071109931,0.102619785929,0.067879917895
182,15,0.0927680112646,0.0835496514543,0.0826319004422,0.0885852983332
183,15,0.0713569868097,0.0900726626954,0.081320484504,0.0859789030089
184,15,0.0862505988212,0.0855235922287,0.0799627465671,0.0826565512714
185,15,0.0732460643237,0.0787813852129,0.0762459881532,0.0809952117431
186,15,0.0966844088921,0.116089090134,0.121470145643,0.0945696981203
187,15,0.107805886957,0.127712712354,0.130409474799,0.124001985534
188,15,0.142074501442,0.120333533203,0.115955776219,0.145183081615
189,15,0.130355295585,0.1756950539,0.14733523551,0.128251392608
190,15,0.161188369573,0.150463984449,0.132989670911,0.123057487827
191,15,0.180735021363,0.149886843814,0.17489144555,0.157160547122
192,15,0.136823652804,0.128226896075,0.133119173115,0.122871937369
193,15,0.12594252046,0.174491115514,0.127604943633,0.16719063967
194,15,0.120319355634,0.152582618937,0.11662178454,0.111136877983
195,15,0.0853750537434,0.0852542749493,0.0861963478326,0.0901929390261
196,15,0.13337639966,0.132468155648,0.137647386975,0.123237780405
197,15,0.237079397528,0.233066405829,0.230793576726,0.225574665714
198,15,0.190131724574,0.188709725053,0.181268369763,0.19005793037
199,15,0.183654617223,0.160456978716,0.151184047748,0.157183042448
200,15,0.282552158155,0.302743050407,0.296469393456,0.296011663322
201,15,0.503572141469,0.508425580829,0.463525578231,0.44001043582
202,15,0.507805113896,0.50797287537,0.510002030514,0.507647647659
203,15,0.50354624131,0.49471722561,0.494572089034,0.491735947048
204,15,0.519327447697,0.636039377408,0.525746830505,0.512871439199
205,15,0.714045115309,0.621099354812,0.624747747056,0.643921918755
206,15,0.65661823566,0.649647982575,0.647159008652,0.649574588792
207,15,0.516745163541,0.513776923681,0.517313488446,0.520429838096
208,15,0.739894075398,0.727962593627,0.740428283177,0.782047482808
209,15,0.528133438259,0.532088885751,0.539784066562,0.514714245809
210,15,0.596659150046,0.587570076838,0.589693636435,0.591200864147
211,15,0.991960217491,0.973613796267,1.04747163086,0.977557637201
212,15,0.575789176188,0.523738547271,0.560826238429,0.543527205591
213,15,0.545320931965,0.538235168146,0.541907732206,0.541131805734
214,15,0.645441687375,0.69036113088,0.699500869569,0.745297670812
215,15,0.581100968625,0.58991914195,0.580680358327,0.592545681225
216,15,0.532533589079,0.625105112543,0.583817016247,0.542597314587
217,15,0.364131098112,0.370547646764,0.392003715773,0.377949465333
218,15,0.276004706974,0.267951953329,0.270249879513,0.260640774607
219,15,0.214065587045,0.239828750453,0.226429373752,0.233463136431
220,15,0.177141023633,0.180896771699,0.182100282372,0.181266148368
221,15,0.237115123655,0.21560415227,0.216463518215,0.233523478076
222,15,0.200987462543,0.238046952584,0.208496945162,0.203940318081
223,15,0.145266041422,0.135891638468,0.132805557672,0.119991085588
224,15,0.142512875052,0.146277803584,0.142269656968,0.148767002577
225,15,0.124390072027,0.138863360041,0.122934782382,0.119859081956
226,15,0.150601795344,0.167600215414,0.162596543891,0.158917855011
227,15,0.145659456868,0.205612752433,0.143769043323,0.142849934138
228,15,0.297109234874,0.291441592482,0.287415043203,0.290817663795
229,15,0.553388817821,0.713999211798,0.688346317052,0.635133738672
230,15,0.578532451862,0.5647115878,0.5783249068,0.57481501357
231,15,0.59469980575,0.586028097677,0.609599795725,0.619023822454
232,15,0.902737054177,0.848109617413,0.819333956087,0.862442806684
233,15,0.842803283525,0.873201544994,0.82116542547,0.901077454945
234,15,0.759834813352,0.776220203122,0.80281114141,0.767686420799
235,15,0.708896047863,0.680485540083,0.751799592019,0.677094326246
236,15,0.524895537493,0.502343483174,0.555762592103,0.517799082142
237,15,0.487384556157,0.482157130676,0.509162569354,0.488327974195
238,15,0.448607634075,0.499204098328,0.444066465223,0.451274698741
239,15,0.54697570892,0.492475679868,0.530240829283,0.565776563103
240,15,0.381612290863,0.379175694718,0.360306392387,0.3694265708
241,15,0.4364965407,0.41191409488,0.396599437654,0.45484145446
242,15,0.573385138315,0.56427613253,0.543154383867,0.550455870762
243,15,0.623086231934,0.615551755499,0.662035401726,0.606010250642
244,15,0.760426356694,0.766229276633,0.768140705856,0.769198934234
245,15,0.925221282703,0.929443541623,0.938407052878,0.952476450507
246,15,0.709857159218,0.731445655292,0.774070230749,0.727518892199
247,15,0.54877138414,0.542391514565,0.544665754241,0.539343722395
248,15,0.569345491796,0.574498741129,0.575721305454,0.587654456867
249,15,0.517481802054,0.477690509931,0.494684280845,0.487087644257
250,15,0.432338107462,0.454648215673,0.384552852264,0.434901091755
251,15,0.459252061638,0.440447748402,0.443801072049,0.459964277267
252,15,0.258204551677,0.254658015059,0.256291326612,0.257303302364
253,15,0.332278820193,0.333875575059,0.360262542882,0.334813919394
254,15,0.19963235479,0.20576768493,0.184304570968,0.190025487769
255,15,0.118875906179,0.0995463152443,0.109149156145,0.104597885177
256,15,0.118156906593,0.119317788672,0.12216982228,0.124095507963
257,15,0.203818366011,0.209673936232,0.198552177765,0.197602963363
258,15,0.122634494991,0.117938912365,0.114788709031,0.118789983104
259,15,0.104321515422,0.132052570755,0.178655352649,0.154698767347
260,15,0.15537893361,0.155793987358,0.162341450217,0.156363270136
261,15,0.166640984119,0.177042535123,0.156811133021,0.150947169158
262,15,0.221839674895,0.215111232441,0.208938675786,0.214320257931
263,15,0.187645963202,0.199238253472,0.186837883145,0.200940346502
264,15,0.305171901937,0.302989090627,0.306081201977,0.300211975848
265,15,0.3640448858,0.356336058552,0.357454731752,0.35399648905
266,15,0.290303365827,0.281649974118,0.286566549131,0.291781154872
267,15,0.317639717323,0.30868404094,0.307123802157,0.3177031482
268,15,0.254759831761,0.258707114108,0.25569688792,0.261942433885
269,15,0.34407501621,0.252159107752,0.257826937078,0.291819840762
270,15,0.210562786847,0.217238459447,0.214791848774,0.212899091493
271,15,0.207745977958,0.199687074979,0.203051706303,0.215190690906
272,15,0.149417359859,0.160952042422,0.157268527982,0.159295808015
273,15,0.118092972074,0.132020848022,0.118780664126,0.120369411322
274,15,0.118001024657,0.116590199461,0.136290811641,0.109560439067
275,15,0.140021135473,0.114412995603,0.140573327778,0.122012405365
276,15,0.336226847452,0.330833992657,0.298564559505,0.29920994988
277,15,0.140395798359,0.155602415015,0.183488904967,0.162482771027
278,15,0.10803283617,0.116137621326,0.118561234665,0.132671074607
279,15,0.108566380443,0.1076334731,0.117029218311,0.101493566051
280,15,0.149711991595,0.233721422277,0.158936805989,0.140183820538
281,15,0.163504770665,0.153973544803,0.154176099573,0.158045299468
282,15,0.155961005475,0.165480719976,0.168700988733,0.173046711166
283,15,0.152477158949,0.142758878026,0.120991696641,0.196187379287
284,15,0.137164914062,0.149804901679,0.143198201622,0.140932489897
285,15,0.107941889098,0.120965113205,0.110280482505,0.132237228204
286,15,0.143897414068,0.118093497485,0.125583119331,0.173678891865
287,15,0.135235325426,0.130740618484,0.130393233161,0.133470026356
288,15,0.126527950117,0.121156797978,0.115648032163,0.123523337217
289,15,0.171399234046,0.176321254568,0.136338651524,0.155796360358
290,15,0.146401198591,0.133814377487,0.150171223507,0.144534843306
291,15,0.141878048072,0.224324455391,0.149205904662,0.181763464269
292,15,0.102217092991,0.127279421176,0.0969948781636,0.118198688164
293,15,0.127786410854,0.158335902534,0.157574317949,0.125676105637
294,15,0.118243585516,0.109855924961,0.0893234735253,0.0917553630832
295,15,0.125710824137,0.119444705756,0.126393767109,0.120978818553
296,15,0.0937941020869,0.0950782479709,0.109848614184,0.118927379942
297,15,0.134315187345,0.115506020986,0.107471119086,0.111739696901
298,15,0.130472517826,0.125706738773,0.124392744454,0.128049940489
299,15,0.103261229192,0.0956399248963,0.121689055461,0.0941572579693
300,15,0.130921416154,0.132995392175,0.133438863674,0.126951634419
301,15,0.151670070387,0.119688276762,0.134085663275,0.117242718898
302,15,0.113246955919,0.0994632335932,0.0960229002164,0.101889915547
303,15,0.108471066636,0.107765023727,0.124268763658,0.101920482584
304,15,0.118767295187,0.121766051108,0.129099715774,0.117400731483
305,15,0.116829634566,0.114782383259,0.116813139047,0.115016220208
306,15,0.103742887112,0.101078170078,0.124193280518,0.100787283531
307,15,0.191443902736,0.155457410165,0.127547291328,0.155562338138
308,15,0.115320472825,0.150196704012,0.124739799846,0.117457516308
309,15,0.207715905743,0.19370987154,0.206116908002,0.190997276737
310,15,0.188523094617,0.184898356227,0.18619520544,0.178060261409
311,15,0.238861854734,0.245661303257,0.237618582286,0.228784903294
312,15,0.324430104698,0.332589865021,0.321311927906,0.310181134662
313,15,0.545163025276,0.558000603377,0.52426558605,0.590861274212
314,15,0.264585206268,0.261499810311,0.267611851915,0.260701493716
315,15,0.206202857806,0.212119948216,0.203813528793,0.243857203516
316,15,0.23821984676,0.216348961223,0.237502347504,0.233810733516
317,15,0.261579442533,0.275724500275,0.270671220745,0.314383428535
318,15,0.294394583523,0.315749682332,0.224115236561,0.223068456343
319,15,0.29118908279,0.333229776424,0.303541756697,0.305044080453
320,15,0.194097398403,0.198053881086,0.190489975262,0.189994340468
321,15,0.121375598693,0.123688499397,0.12628330444,0.113467627257
322,15,0.144843976707,0.141720978899,0.134798618925,0.135727725541
323,15,0.166024047545,0.143611813701,0.160550631459,0.138206181468
324,15,0.123266507693,0.133505096336,0.151199280192,0.13292950499
325,15,0.168575173187,0.160245977318,0.155291844305,0.14537793442
326,15,0.153813939161,0.194696959256,0.1773823412,0.172024764054
327,15,0.378732661487,0.373072799003,0.379680510757,0.375346760398
328,15,0.235931881879,0.215639949595,0.232268020871,0.218442648309
329,15,0.136523029833,0.130497061533,0.133513984519,0.131269431392
330,15,0.147256759096,0.143560392933,0.143460372033,0.145598325744
331,15,0.167044635828,0.142156453921,0.132784722095,0.14984289028
332,15,0.300403139799,0.357005270985,0.286970749536,0.308414048605
333,15,0.425722539213,0.424905517767,0.415881445625,0.416431166262
334,15,0.630320904092,0.657643477325,0.670722654491,0.629004740646
335,15,0.641938294866,0.670940025319,0.699168367747,0.650270059714
