cycle,count,mae,rmse
50,20,1.76767280702,2.2333282336
51,20,2.17763684211,2.6004619142
52,20,2.42741578947,3.11949492361
53,20,2.4229245614,3.01571730541
54,20,2.44948684211,2.9347338015
55,20,2.47517982456,2.95576496485
56,20,2.13292719298,2.58929647304
57,20,2.20757894737,3.044781616
58,20,2.77719649123,3.65339412707
59,20,2.2556254386,2.72490755563
60,20,2.30469736842,2.81387811636
61,20,2.31404649123,2.78483870062
62,20,2.45445438596,3.02127654074
63,20,2.76601140351,3.32816893913
64,20,2.48369385965,3.04927282025
65,20,2.33184035088,2.72946276807
66,20,2.15870175439,2.71030285095
67,20,4.02144210526,4.91803935495
68,20,2.67666140351,3.04650823123
69,20,2.53048245614,2.94215659514
70,20,2.6424254386,3.14847627681
71,20,2.61069298246,2.93364877964
72,20,2.37392894737,2.79107675425
73,20,2.32680701754,2.79595872921
74,20,2.14418157895,2.60534547308
75,20,1.7619122807,2.11380878702
76,20,1.99535526316,2.42576333091
77,20,1.57123684211,1.89867371036
78,20,1.36623157895,1.81246972495
79,20,1.60635526316,2.06445824236
80,20,1.80855087719,2.15673732908
81,20,1.57789035088,1.97295063802
82,20,2.00855438596,2.38510968257
83,20,2.46143245614,3.05854329833
84,20,2.40309824561,2.86398521914
85,20,2.28873684211,2.78466976996
86,20,2.30722894737,2.7822981191
87,20,2.48304385965,3.02576095764
88,20,2.42513947368,2.96039903185
89,20,2.33284210526,2.65908855404
90,20,2.25670175439,2.72805173049
91,20,2.10346929825,2.57850383002
92,20,2.1374245614,2.56358799027
93,20,2.07201754386,2.49667972315
94,20,2.0953877193,2.52445814346
95,20,2.11896666667,2.47431614855
96,20,2.72088157895,3.33180473476
97,20,2.43849561404,2.73706452899
98,20,2.51066754386,2.86297646013
99,20,2.39442631579,2.84222946149
100,20,2.37535,2.73550517013
101,20,2.47487631579,2.78895786719
102,20,2.45344035088,2.83402983285
103,20,2.51790350877,2.90634532139
104,20,2.35006491228,2.75147057691
105,20,2.36049298246,2.78743891687
106,20,2.48177982456,2.84718880481
107,20,2.42949473684,2.82205136388
108,20,2.40281140351,2.82151531511
109,20,2.50219210526,2.9654020744
110,20,2.62157857143,3.12677006144
111,20,2.60375877193,3.01964184603
112,20,2.60765350877,2.99896544753
113,20,2.43123684211,2.86873967244
114,20,2.3753377193,2.78277068658
115,20,2.44492982456,2.7897790298
116,20,2.28272280702,2.6150078163
117,20,2.62568421053,2.95500039624
118,20,2.59416842105,2.86147794986
119,20,2.46148,2.90957064186
120,20,3.45902959184,4.11746175681
121,20,3.19499489796,3.76730026331
122,20,3.48062,4.16488971553
123,20,3.504096,3.98097447668
124,20,3.06410526316,3.79095922685
125,20,3.80188070175,4.50515236637
126,20,2.964294,3.54137340202
127,20,2.35128,2.88652134342
128,20,1.930072,2.45359977706
129,20,2.19683545455,2.70162134564
130,20,2.56784298246,2.99751360321
131,20,2.45612280702,3.04383390226
132,20,2.51964210526,3.07406159032
133,20,2.40365789474,2.96505572934
134,20,3.11108684211,3.86094998123
135,20,2.7463254386,3.311009592
136,20,2.61127192982,3.2261497291
137,20,2.63564473684,3.04313934758
138,20,2.55509912281,2.96634482369
139,20,2.23301754386,2.6691235305
140,20,2.51240175439,2.80272477425
141,20,2.2380122807,2.65486330546
142,20,2.35219473684,2.69218422876
143,20,2.38754561404,2.81059568866
144,20,2.26528421053,2.56612438309
145,20,2.18520263158,2.70041329274
146,20,2.16967280702,2.72209922245
147,20,2.26588508772,2.6421427375
148,20,2.13444035088,2.56264381768
149,20,2.24425350877,2.62660423341
150,20,2.09403508772,2.48647436583
151,20,2.25821842105,2.62121795108
152,20,2.20965964912,2.5330033949
153,20,2.05680438596,2.49585390332
154,20,2.12274298246,2.60130527506
155,20,2.24957280702,2.64626254642
156,20,2.15800438596,2.68016225472
157,20,2.38392105263,2.90885164009
158,20,2.25358245614,2.6919838308
159,20,2.05293859649,2.57550196862
160,20,1.9192622807,2.26736805741
161,20,2.01404824561,2.40957465513
162,20,2.1360377193,2.51827915848
163,20,2.02852631579,2.37583633408
164,20,2.0086254386,2.36420786535
165,20,1.79432105263,2.17763942761
166,20,1.67616923077,2.01872680039
167,20,2.27317307692,2.63833104272
168,20,2.08046923077,2.45901113595
169,20,2.05617307692,2.54380475057
170,20,2.32208846154,2.75040014194
171,20,2.47794230769,2.87204721611
172,20,2.56265925926,3.0935444892
173,20,2.35374035088,2.91581045855
174,20,2.71246226415,3.07623874497
175,20,2.64445283019,2.95011196462
176,20,2.27190454545,2.83141041031
177,20,2.35093684211,2.73091477084
178,20,2.31006403509,2.84545550413
179,20,2.47398245614,2.80310646286
180,20,2.38639912281,2.83779189389
181,20,2.34539912281,2.77096202049
182,20,2.4136877193,2.79992085941
183,20,2.53102017544,2.86448989348
184,20,2.51355526316,2.85473184946
185,20,2.45896578947,2.8635650607
186,20,2.41269210526,2.77469738727
187,20,2.42573684211,2.7377753134
188,20,2.42794298246,2.73917406415
189,20,2.47496052632,2.79914698467
190,20,2.19948947368,2.55948950012
191,20,2.0975754386,2.50086948852
192,20,2.51279736842,2.80456627251
193,20,2.18961140351,2.53892668192
194,20,2.34108333333,2.6761356818
195,20,2.46992631579,2.78913102144
196,20,2.39586842105,2.90610086497
197,20,2.15616842105,2.44041850481
198,20,2.30611403509,2.66618119154
199,20,2.23361140351,2.59908293895
200,20,2.39224035088,2.66002264919
201,20,2.40462280702,2.89692863591
202,20,2.28389561404,2.82817430566
203,20,2.40936929825,2.88393391742
204,20,2.57194736842,2.99054627727
205,20,2.4508122807,3.07783250622
206,20,2.56971052632,3.22263026563
207,20,2.31149912281,2.88212392103
208,20,2.89350964912,3.49631564069
209,20,2.43198684211,2.95198734891
210,20,2.62372368421,3.19275114602
211,20,3.23624561404,3.88997685845
212,20,3.17959122807,3.59961989204
213,20,2.80571929825,3.28936338426
214,20,3.12543421053,3.93577692471
215,20,3.4005037037,4.14202267022
216,20,2.96010188679,3.74069625675
217,20,3.62681,3.9288141786
218,20,2.889448,3.48097841447
219,20,2.52172358491,3.00655330254
220,20,2.39357358491,3.05161595756
221,20,2.40148214286,2.96770090185
222,20,2.53199642857,3.10973605173
223,20,2.34607894737,2.82317164784
224,20,2.2385245614,2.67065644526
225,20,2.53305701754,3.2637082458
226,20,2.69736403509,3.11824011337
227,20,3.05209824561,3.42756213175
228,20,2.94158245614,3.60946413353
229,20,3.04343245614,3.64648022658
230,20,2.92878070175,3.67291665318
231,20,2.57869035088,3.21136481092
232,20,2.69765614035,3.54810365283
233,20,2.84539122807,3.67690316094
234,20,2.8145745614,3.43571549121
235,20,2.49926052632,3.15207360749
236,20,2.32366754386,2.79759953771
237,20,2.41262017544,2.86140412312
238,20,2.45882894737,2.91537673435
239,20,2.53063157895,2.9782250421
240,20,2.47410614035,2.88582716028
241,20,2.55273333333,3.03053652513
242,20,2.48802631579,3.03364524592
243,20,2.76404736842,3.46764698402
244,20,2.78440175439,3.54804028817
245,20,2.55434210526,3.2539583105
246,20,2.58644824561,3.14043632789
247,20,2.58835,3.16710820544
248,20,2.7130877193,3.3307830121
249,20,2.58300789474,3.22405021451
250,20,2.72045701754,3.25349602677
251,20,2.47106491228,3.05867155136
252,20,2.68131140351,3.32822058443
253,20,3.3609,3.97305069743
254,20,2.98378947368,3.47390120273
255,20,2.64375964912,2.93511976195
256,20,2.51587280702,2.8562269449
257,20,2.46835175439,2.95604491557
258,20,2.59896403509,2.88068007182
259,20,2.48199210526,2.79737656687
260,20,2.42586403509,2.87587097429
261,20,2.82261140351,3.13938455607
262,20,2.65911578947,3.04747474845
263,20,2.3815122807,2.83916370032
264,20,2.87050614035,3.34869283254
265,20,2.58031491228,3.17722710944
266,20,2.78554473684,3.07384036495
267,20,2.67641052632,3.34452076729
268,20,2.73203684211,3.07503133269
269,20,2.42428421053,3.09142279887
270,20,2.49933421053,3.200191382
271,20,2.57171578947,3.32427688768
272,20,2.28068245614,2.96324540768
273,20,2.4535245614,3.24152855802
274,20,3.0310745614,3.39035133527
275,20,2.43767719298,3.07411035107
276,20,2.70878421053,3.20599669022
277,20,2.5797,2.99058307737
278,20,2.7526754386,3.03893240213
279,20,2.64605,3.0176211432
280,20,2.65556578947,3.02217441345
281,20,2.77896491228,3.20993746728
282,20,2.3315754386,2.90032692567
283,20,2.01040701754,2.42115494667
284,20,2.81135175439,3.40880129927
285,20,2.6017122807,2.97477567392
286,20,1.99190964912,2.4684082007
287,20,2.70298157895,3.10875538722
288,20,3.02800877193,3.58341599293
289,20,2.50453333333,3.0181536517
290,20,2.17509912281,2.66249172236
291,20,2.35146052632,2.88347186584
292,20,2.30747807018,2.9393982603
293,20,2.35565350877,2.73555189294
294,20,2.17878333333,2.62098450949
295,20,2.37064473684,2.81952427331
296,20,2.45889912281,2.99030184078
297,20,2.73954561404,3.25874700366
298,20,2.78991315789,3.24386995094
299,20,2.67651754386,3.09787997505
300,20,2.71966666667,3.18644753798
301,20,2.69867280702,3.33681132863
302,20,2.40492105263,2.90871519527
303,20,2.56394561404,3.21213309399
304,20,2.84689736842,3.22395720087
305,20,3.02856491228,3.4117490454
306,20,2.68747368421,3.38394881447
307,20,2.78704385965,3.26455848424
308,20,2.79830526316,3.09380997307
309,20,3.31406666667,3.82101301558
310,20,2.64735350877,3.42626015553
311,20,2.68399473684,3.3902113689
312,20,2.75519122807,3.3612629308
313,20,3.11779035088,3.63062741845
314,20,3.07537192982,3.4774933498
315,20,2.83438333333,3.28510283367
316,20,2.73675,3.37335349457
317,20,2.91743245614,3.33138518759
318,20,2.61575,3.0665559699
319,20,3.37647982456,3.61300410404
320,20,2.76435087719,3.25769914693
321,20,2.54989035088,3.18779167379
322,20,2.64902719298,3.28883168021
323,20,2.83182017544,3.29563887947
324,20,2.72816052632,3.17363623161
325,20,2.64067105263,3.26825026303
326,20,2.67231315789,3.08065471078
327,20,2.80160701754,3.38315784511
328,20,2.8043,3.34469899291
329,20,2.90419385965,3.60025124597
330,20,2.53601754386,2.98870973452
331,20,2.5107245614,2.98148602984
332,20,2.89362894737,3.3715715432
333,20,2.79012982456,3.23271042511
334,20,2.61290614035,3.19884411701
335,20,2.81512894737,3.5660754567
