cycle,count,mae,rmse
5,5,0.1800264088,0.22792561231
6,5,0.234343759521,0.284852969552
7,5,0.144653083582,0.191934879256
8,5,0.235278788499,0.277860616277
9,5,0.229988547689,0.284152894833
10,5,0.217281692865,0.275503125537
11,5,0.351475709024,0.462343876493
12,5,0.345963974255,0.415686118617
13,5,0.200808128787,0.24821833184
14,5,0.200007450567,0.252301843094
15,5,0.246013329137,0.296441449328
16,5,0.267604670493,0.318321475103
17,5,0.220594319284,0.292229085897
18,5,0.194201120771,0.239668824916
19,5,0.279015010042,0.319656010565
20,5,0.163263061254,0.205769847374
21,5,0.168223886842,0.212989153494
22,5,0.242315449816,0.293568193955
23,5,0.186473171904,0.227142164181
24,5,0.190422651725,0.231228357758
25,5,0.180687710977,0.235202807364
26,5,0.393563647726,0.448646455725
27,5,0.187317780219,0.250624832076
28,5,0.182066619836,0.223412475962
29,5,0.21625099943,0.259952473492
30,5,0.290504228121,0.323659984734
31,5,0.302834765604,0.339948495855
32,5,0.168598658091,0.210759855804
33,5,0.191382413931,0.251448871423
34,5,0.365715852685,0.412949427678
35,5,0.415818199936,0.470246271534
36,5,0.343813272249,0.425494039682
37,5,0.385574373391,0.453010357197
38,5,0.272402240499,0.363714518614
39,5,0.309253092673,0.458619719478
40,5,0.354343886027,0.437479115679
41,5,0.396250207036,0.466231236606
42,5,0.236806607534,0.302191805825
43,5,0.210702859826,0.24383004299
44,5,0.235240586277,0.302464088054
45,5,0.238916860456,0.31776170877
46,5,0.189628092679,0.251296137718
47,5,0.200273939254,0.23687839865
48,5,0.195413268484,0.256287459117
49,5,0.162066701577,0.19726851092
50,5,0.166757928314,0.202918237055
51,5,0.191506886228,0.249616920186
52,5,0.133336794768,0.163235565203
53,5,0.331999702071,0.378484714731
54,5,0.196261257978,0.229762473882
55,5,0.150526983359,0.190571231743
56,5,0.18642517402,0.232376384327
57,5,0.160289491678,0.209372310036
58,5,0.265206822074,0.342281105468
59,5,0.278461048731,0.331831006739
60,5,0.184696853194,0.247451775589
61,5,0.175508816153,0.212282550959
62,5,0.154258276632,0.189343876836
63,5,0.311634351224,0.387316779852
64,5,0.323610295262,0.394831766086
65,5,0.341015573041,0.421169813317
66,5,0.382946766608,0.529090478277
67,5,0.724112156323,0.81440539846
68,5,0.212169422365,0.261491834076
69,5,0.214919611386,0.260527798411
70,5,0.296972017191,0.421951761251
71,5,0.186243514291,0.223288363943
72,5,0.15519887067,0.191338055732
73,5,0.312034733569,0.409786747831
74,5,0.119725642532,0.148927867227
75,5,0.141053452116,0.173580243664
76,5,0.131283154951,0.167375918409
77,5,0.146183402384,0.201982531942
78,5,0.129282854319,0.172815533852
79,5,0.190414124741,0.227543637041
80,5,0.121179257438,0.149499743258
81,5,0.169154171191,0.227304796476
82,5,0.151178681457,0.185881531487
83,5,0.242119128105,0.283964268072
84,5,0.177031801647,0.20879351485
85,5,0.141683525384,0.184013874933
86,5,0.122347017905,0.159274893873
87,5,0.169429622777,0.21711344227
88,5,0.309629479912,0.360015718147
89,5,0.219763762369,0.265276509364
90,5,0.422909608084,0.521837744561
91,5,0.176486245992,0.240478285674
92,5,0.185953407389,0.247472626496
93,5,0.237399369507,0.331581705006
94,5,0.153844458327,0.201329553055
95,5,0.365606310399,0.41767932715
96,5,0.465908648026,0.546396087342
97,5,0.182927317189,0.235585408479
98,5,0.1298290274,0.159439004897
99,5,0.252774184806,0.297149892973
100,5,0.159091980276,0.206616650725
101,5,0.128121028894,0.153148410567
102,5,0.218801213008,0.260680599774
103,5,0.257625846777,0.320765566661
104,5,0.259074845627,0.309707162104
105,5,0.213399825361,0.255087838439
106,5,0.203753796421,0.243008943351
107,5,0.163229581702,0.204757901075
108,5,0.286821897298,0.331356503241
109,5,0.303395796363,0.366600697264
110,5,0.291985334462,0.364216860567
111,5,0.294055451109,0.35754659385
112,5,0.255896863351,0.317547781045
113,5,0.295544422802,0.354420977677
114,5,0.231804904734,0.340426634309
115,5,0.274819008663,0.360627274356
116,5,0.318315041041,0.354745792726
117,5,0.217789491538,0.261384382068
118,5,0.179798784206,0.233519746562
119,5,0.426338257801,0.484715173651
120,5,0.668904774164,0.890906777322
121,5,0.682786869652,0.810257034299
122,5,0.65921742315,0.876633388167
123,5,0.507231510017,0.652994474113
124,5,0.451252604183,0.573072642063
125,5,0.514948311135,0.624386980815
126,5,0.466242283196,0.624475120778
127,5,0.557966943291,0.669336482188
128,5,0.1838542402,0.231912832412
129,5,0.202332737056,0.257212019493
130,5,0.156750868425,0.201907002246
131,5,0.177639300992,0.228986194436
132,5,0.314502635724,0.406174124271
133,5,0.564437839945,0.718164620954
134,5,0.757216627241,0.886288431361
135,5,0.534787712452,0.625197474251
136,5,0.399440114402,0.477664075698
137,5,0.353254100499,0.415214938088
138,5,0.272949178752,0.360705896439
139,5,0.254057508037,0.305471778193
140,5,0.114390629593,0.165063373889
141,5,0.190911053063,0.258654133319
142,5,0.151286969598,0.191247962432
143,5,0.201682556757,0.277853459042
144,5,0.127539181204,0.179342870719
145,5,0.130099325825,0.169796604888
146,5,0.168222060389,0.200986202736
147,5,0.24389556296,0.27372922395
148,5,0.131779898537,0.169002845866
149,5,0.150594815135,0.178150391082
150,5,0.109025480856,0.143770422574
151,5,0.152605541599,0.187427988221
152,5,0.181588350682,0.252134980734
153,5,0.185543592843,0.238289848037
154,5,0.205784265872,0.293297346955
155,5,0.306125944809,0.35974915428
156,5,0.182714043183,0.219434432425
157,5,0.405450898097,0.50273034965
158,5,0.192818615516,0.277039053895
159,5,0.118608983189,0.144748399936
160,5,0.176067010391,0.238098105872
161,5,0.148639309674,0.185975370807
162,5,0.299815521546,0.345658860272
163,5,0.119563805939,0.147882480347
164,5,0.21646190896,0.242613487333
165,5,0.104508304109,0.143314672737
166,5,0.108788525198,0.153237455556
167,5,0.123367274622,0.152949695488
168,5,0.148287328952,0.183463695733
169,5,0.10339074171,0.126149682191
170,5,0.111896224534,0.138341401003
171,5,0.107749691654,0.13238116306
172,5,0.141718138477,0.172686990756
173,5,0.313903481891,0.345860396965
174,5,0.117108346673,0.146641477505
175,5,0.102230279289,0.125530776137
176,5,0.148928242808,0.177039816958
177,5,0.0865702137658,0.108386241481
178,5,0.0947611676728,0.119176218397
179,5,0.120389077789,0.150660677613
180,5,0.295808413629,0.313547861716
181,5,0.0888577209127,0.11419950973
182,5,0.108665323262,0.140318193796
183,5,0.158942085035,0.182358200223
184,5,0.109163047427,0.140501924112
185,5,0.106109940698,0.138951732088
186,5,0.126778268929,0.16706492723
187,5,0.160175051721,0.193866109605
188,5,0.134459982578,0.177031978887
189,5,0.150042165447,0.20339924224
190,5,0.252087881092,0.289329054466
191,5,0.154857282152,0.230976444997
192,5,0.347481337641,0.373302115741
193,5,0.161896324749,0.210802155974
194,5,0.180948181973,0.221017134172
195,5,0.110625224705,0.157189531519
196,5,0.192785643051,0.268018708938
197,5,0.264447249342,0.390912750257
198,5,0.198429880642,0.352454595008
199,5,0.201452911991,0.297872516158
200,5,0.296669104651,0.370251654
201,5,0.428832186134,0.523999138146
202,5,0.629911751771,0.749933605904
203,5,0.566111040465,0.735427277649
204,5,0.498935023058,0.685239787378
205,5,0.641411305082,0.780348767177
206,5,0.726881223378,0.862641868585
207,5,0.642726309464,0.75083230409
208,5,0.704000688051,0.813439887261
209,5,0.583145018387,0.713000656601
210,5,0.778511437698,0.899779841034
211,5,1.00070752648,1.23435708027
212,5,0.656614333976,0.737589895204
213,5,0.705976676426,0.879409609291
214,5,1.20998423394,1.38979423281
215,5,0.596099805137,0.786936756485
216,5,0.478072676506,0.601310941272
217,5,0.365566854827,0.446867819218
218,5,0.240835444296,0.303602493493
219,5,0.247091631828,0.330037158965
220,5,0.176572131439,0.215945910483
221,5,0.229521686309,0.294343249846
222,5,0.180260502675,0.224290164135
223,5,0.135330724986,0.158015108195
224,5,0.176088311597,0.233352324063
225,5,0.247782616656,0.28554833346
226,5,0.155021744612,0.196987700495
227,5,0.157827931552,0.205608388541
228,5,0.326811292753,0.391948491693
229,5,0.666307544739,0.769361633367
230,5,0.664414323709,0.760509648224
231,5,0.612056494904,0.707041848973
232,5,0.937040504055,1.06966678912
233,5,0.873686006626,1.02998994983
234,5,0.906541933076,1.05059851509
235,5,0.870398294599,1.03298163157
236,5,0.627107335649,0.711516802688
237,5,0.546829389239,0.660310376552
238,5,0.578286373705,0.654696004857
239,5,0.553567506202,0.647031632461
240,5,0.408825834269,0.539809441292
241,5,0.419355974001,0.485740744085
242,5,0.642084236092,0.763970330231
243,5,0.743650571522,0.896645316361
244,5,0.998092335979,1.27312728709
245,5,0.952814307586,1.15938945846
246,5,0.826563188749,0.93880636789
247,5,0.731235364609,0.919130811192
248,5,0.625730588171,0.741409253858
249,5,0.602463960836,0.675065047237
250,5,0.482640054174,0.601990749178
251,5,0.467483807966,0.543742843164
252,5,0.297747192541,0.378942182371
253,5,0.44564349663,0.548700410728
254,5,0.265765017546,0.29605319409
255,5,0.125766223528,0.153495610847
256,5,0.157772969947,0.188708025075
257,5,0.239660158079,0.332630802465
258,5,0.147232887836,0.199429253861
259,5,0.123876102992,0.154053618517
260,5,0.292302519735,0.343506852999
261,5,0.181187831607,0.224537133999
262,5,0.21067140563,0.274354281115
263,5,0.171414891712,0.21673908713
264,5,0.271795037003,0.3726506125
265,5,0.317849714628,0.418436360344
266,5,0.288845464105,0.344710705276
267,5,0.278440750528,0.348876330307
268,5,0.295499469937,0.363798866014
269,5,0.209295450786,0.261019200798
270,5,0.22311028807,0.266791094827
271,5,0.198178515621,0.226165699223
272,5,0.15951775937,0.20011393038
273,5,0.10725457804,0.138666080468
274,5,0.168592111523,0.201642684355
275,5,0.132034254357,0.183283711812
276,5,0.490394990399,0.562168912142
277,5,0.210756938527,0.245158740662
278,5,0.0991713386389,0.125001488298
279,5,0.115151051666,0.13855104945
280,5,0.173332083214,0.213629922263
281,5,0.175472061703,0.222117862301
282,5,0.243228984222,0.266900257835
283,5,0.152758050358,0.199042289334
284,5,0.134604205008,0.168270920449
285,5,0.100789016168,0.123241456782
286,5,0.113110436406,0.140154353611
287,5,0.18591882721,0.223724405113
288,5,0.195946891055,0.237993157385
289,5,0.13437609249,0.176380236459
290,5,0.208201501813,0.251723872519
291,5,0.162849891692,0.190831089583
292,5,0.116316496524,0.141295745785
293,5,0.146778244177,0.17315195933
294,5,0.133914259801,0.180179788583
295,5,0.140535763396,0.176877279422
296,5,0.123471925615,0.14673812266
297,5,0.150729378067,0.182585968596
298,5,0.127714398637,0.157303009396
299,5,0.103545592213,0.148369582291
300,5,0.155147343297,0.188917672566
301,5,0.138596827579,0.166923112551
302,5,0.106525925431,0.143050966919
303,5,0.109300230697,0.136796239741
304,5,0.158713978963,0.188710050827
305,5,0.115394809962,0.136107352265
306,5,0.12047211717,0.146386216796
307,5,0.11745242155,0.146860679594
308,5,0.148337323505,0.179191964222
309,5,0.211833253427,0.270891358456
310,5,0.187248805176,0.236171738131
311,5,0.24332329921,0.296745442788
312,5,0.333671026381,0.410829673874
313,5,0.453485020285,0.571915690849
314,5,0.279233508731,0.340605827657
315,5,0.210148573861,0.259884925117
316,5,0.252130549758,0.324597840663
317,5,0.263626020316,0.337399435362
318,5,0.222179918179,0.285050033008
319,5,0.28364681993,0.347615094624
320,5,0.168566134664,0.206511551278
321,5,0.173856231394,0.20996621457
322,5,0.113487553033,0.136319221208
323,5,0.183793158708,0.228336974258
324,5,0.132527688886,0.163805004983
325,5,0.149704529326,0.196167222041
326,5,0.169125749797,0.221210500659
327,5,0.367918663484,0.457865527874
328,5,0.306111972674,0.36089362452
329,5,0.164453467999,0.222753629113
330,5,0.192536224999,0.227100746067
331,5,0.144487398028,0.184639997635
332,5,0.314295661394,0.374710970489
333,5,0.499608020015,0.559704836322
334,5,1.10878872374,1.26870304554
335,5,0.822551553953,0.976645500096
