cycle,count,mae,rmse
5,5,0.170177556174,0.207094380846
6,5,0.14786295558,0.174605904523
7,5,0.207695276769,0.255437702761
8,5,0.145680509081,0.179873501602
9,5,0.252440457867,0.30974127595
10,5,0.230481449439,0.280220418032
11,5,0.289223294389,0.362842264807
12,5,0.270622397793,0.335498843639
13,5,0.252339663467,0.30154815644
14,5,0.17582133138,0.234079251798
15,5,0.157745279115,0.196740203058
16,5,0.201490881754,0.235581202509
17,5,0.213199578798,0.269018419856
18,5,0.180305255482,0.24025649984
19,5,0.387624762478,0.425607145703
20,5,0.19892065781,0.236718969511
21,5,0.220384334953,0.26220576495
22,5,0.200386804392,0.250146447043
23,5,0.174611651149,0.212242732515
24,5,0.23070383362,0.267287739247
25,5,0.266719203018,0.306288894083
26,5,0.279497450734,0.333921929513
27,5,0.185450076794,0.239557961193
28,5,0.212032412385,0.255785980204
29,5,0.198902263439,0.247373240694
30,5,0.212542597447,0.243182689674
31,5,0.146005556421,0.17855114371
32,5,0.145229062183,0.179120907048
33,5,0.185990272522,0.232625396073
34,5,0.254537004442,0.319837029579
35,5,0.299089586675,0.433198705465
36,5,0.331011191178,0.418271812283
37,5,0.284949508403,0.428014081981
38,5,0.284478909644,0.359176940122
39,5,0.276784659701,0.409891720651
40,5,0.349473349041,0.419116794748
41,5,0.373618014775,0.48041008835
42,5,0.284122873118,0.347739703198
43,5,0.185015084137,0.223190701881
44,5,0.214312596167,0.274257788131
45,5,0.224097087178,0.282477220292
46,5,0.21492014235,0.278714853766
47,5,0.159589459041,0.197067475911
48,5,0.18126127833,0.223837169748
49,5,0.355164295397,0.389180531073
50,5,0.170510700915,0.218689483695
51,5,0.158670142332,0.196600668973
52,5,0.151682765883,0.189997659178
53,5,0.200840944179,0.256141977988
54,5,0.1528118438,0.186451174448
55,5,0.120580625777,0.148684217384
56,5,0.195549635727,0.235201139151
57,5,0.183059588961,0.233859870065
58,5,0.254256585705,0.318902566756
59,5,0.304558646686,0.352753217092
60,5,0.208041545627,0.25650732119
61,5,0.118553846999,0.143794163757
62,5,0.171834684923,0.204379516077
63,5,0.254624149498,0.306962037891
64,5,0.287454273584,0.364618334845
65,5,0.215126087507,0.27719957963
66,5,0.375453284563,0.488809365074
67,5,0.680565258715,0.813215223301
68,5,0.181534755598,0.229793653326
69,5,0.183739023092,0.221343344229
70,5,0.32447732489,0.453971731024
71,5,0.210768563649,0.270379787024
72,5,0.164969781388,0.195277445662
73,5,0.334271875941,0.476341562166
74,5,0.268476717244,0.302450314436
75,5,0.155757905903,0.194066380031
76,5,0.152630763469,0.187880790919
77,5,0.166764872033,0.227058683607
78,5,0.123016671747,0.161072624128
79,5,0.117670445058,0.15155463604
80,5,0.108716349174,0.135281244112
81,5,0.161191833726,0.199999772767
82,5,0.128679182399,0.158166365522
83,5,0.160914217366,0.195235002502
84,5,0.216277887226,0.252903284792
85,5,0.138137779975,0.176355459915
86,5,0.216666948415,0.249547171258
87,5,0.234630765096,0.281308323641
88,5,0.292395953067,0.406984643842
89,5,0.201862143247,0.248228954729
90,5,0.300186382633,0.393079176218
91,5,0.161397902363,0.23951970643
92,5,0.233541008941,0.279512290998
93,5,0.231124929736,0.308818829145
94,5,0.158640650568,0.205431469879
95,5,0.195459903132,0.251582690048
96,5,0.4195491461,0.486110731042
97,5,0.137487162064,0.177634247096
98,5,0.185548487372,0.224586655078
99,5,0.213126137629,0.257656234386
100,5,0.191042751807,0.242940982356
101,5,0.18060998299,0.223065192412
102,5,0.282447626355,0.33059439537
103,5,0.342343335816,0.40134982931
104,5,0.162736397613,0.202657687453
105,5,0.343269884711,0.376653229483
106,5,0.376783208683,0.410837332821
107,5,0.146196069602,0.181361317069
108,5,0.379472898887,0.416341922627
109,5,0.258416379039,0.313344076024
110,5,0.307294541296,0.38064929262
111,5,0.267905018561,0.317998388638
112,5,0.229485585125,0.281703952939
113,5,0.259922358812,0.33194408514
114,5,0.3163891836,0.417332380709
115,5,0.308696592042,0.347567306688
116,5,0.210329744159,0.253871730172
117,5,0.163608877917,0.211356812095
118,5,0.198022832801,0.260721264582
119,5,0.279553221397,0.334826268229
120,5,0.612649580414,0.809063491395
121,5,0.666763070104,0.808950835572
122,5,0.609234112322,0.793534429737
123,5,0.499595829415,0.613097435309
124,5,0.504801682861,0.648914569977
125,5,0.52760474293,0.619075940897
126,5,0.539763006108,0.678304329356
127,5,0.518783084951,0.67027121587
128,5,0.207356390465,0.274303907766
129,5,0.175520115337,0.271839016071
130,5,0.187422113587,0.226220115302
131,5,0.189953339072,0.233617273872
132,5,0.359914361333,0.446972169987
133,5,0.5284457801,0.628760246379
134,5,0.547153576683,0.640581165436
135,5,0.775506549275,0.902083035909
136,5,0.392073821326,0.465358826575
137,5,0.343950123707,0.419583407533
138,5,0.256371795345,0.344500905115
139,5,0.337530020947,0.435237528343
140,5,0.107798671153,0.133209945357
141,5,0.157889524939,0.204141189005
142,5,0.155047419779,0.211307646801
143,5,0.210689655719,0.290960426963
144,5,0.170200613489,0.2171852334
145,5,0.167722151121,0.204670467187
146,5,0.107500781749,0.144989299486
147,5,0.117019320284,0.150615620223
148,5,0.169748862256,0.20795171577
149,5,0.147598388051,0.180339860737
150,5,0.196398258532,0.235463701903
151,5,0.145373485253,0.186782802051
152,5,0.212051312801,0.251607504907
153,5,0.351224224507,0.404624116155
154,5,0.252732825475,0.354332747053
155,5,0.259917355092,0.376110082817
156,5,0.13430570522,0.168546812263
157,5,0.297623219596,0.36783095191
158,5,0.194900788133,0.272651578435
159,5,0.12650065647,0.16397217984
160,5,0.171116662545,0.231568530584
161,5,0.199300575205,0.235163286553
162,5,0.20175095503,0.2460739279
163,5,0.125796119445,0.149455582906
164,5,0.177914237845,0.209402247086
165,5,0.12361280555,0.173642013647
166,5,0.15998702145,0.209137257499
167,5,0.169354453618,0.199428593787
168,5,0.15991643323,0.19891994802
169,5,0.214256241468,0.24451338174
170,5,0.13596352363,0.168859904621
171,5,0.120833685348,0.149550991985
172,5,0.114730050024,0.152209969274
173,5,0.214117186807,0.256539538341
174,5,0.113460150508,0.145286803205
175,5,0.121252070161,0.14640682088
176,5,0.0999306948536,0.125295580438
177,5,0.137773568785,0.165146114282
178,5,0.1130019612,0.13833949758
179,5,0.181628209307,0.20833386951
180,5,0.158555452341,0.186493340174
181,5,0.109424647077,0.136684635977
182,5,0.106769196086,0.139542084493
183,5,0.146642017759,0.177134144383
184,5,0.110006479625,0.131086152145
185,5,0.106099873852,0.127498645845
186,5,0.167486652395,0.215904191504
187,5,0.155563670425,0.191751639367
188,5,0.13269955818,0.176224887695
189,5,0.153664422205,0.205386627684
190,5,0.157013123533,0.203451770932
191,5,0.174311608135,0.263237021784
192,5,0.160532677179,0.231807328163
193,5,0.176093928365,0.223529719809
194,5,0.190705534772,0.227193360435
195,5,0.115880146851,0.162127683043
196,5,0.175155067683,0.263586684982
197,5,0.2767635882,0.370308904255
198,5,0.199947348369,0.350103272502
199,5,0.203430786055,0.284288861117
200,5,0.277164159003,0.362115296715
201,5,0.469248249107,0.566516229601
202,5,0.61421131691,0.722135256594
203,5,0.700267291388,0.791197679
204,5,0.557791109327,0.6226846902
205,5,0.645832359443,0.748423528937
206,5,0.729061148969,0.909399270635
207,5,0.587020286568,0.750422440224
208,5,0.767989240292,0.937940394806
209,5,0.577331766086,0.693206036844
210,5,0.683870238721,0.822647701383
211,5,1.03744290819,1.21930141164
212,5,0.50797574997,0.603786641995
213,5,0.571820990096,0.72792285553
214,5,0.59290789998,0.909924560239
215,5,0.579905769057,0.861990100103
216,5,0.488829963176,0.61674319249
217,5,0.388008266782,0.482967657083
218,5,0.343491088751,0.408701837895
219,5,0.212276414029,0.291459636146
220,5,0.203952422664,0.250358760277
221,5,0.215853951161,0.300431860866
222,5,0.211362822011,0.273001069542
223,5,0.136663450163,0.164256311466
224,5,0.134464077877,0.177073952212
225,5,0.125449273364,0.153425630629
226,5,0.187584129373,0.235749026118
227,5,0.170932945187,0.221573224623
228,5,0.339460960417,0.407739385897
229,5,0.598909063932,0.722379001935
230,5,0.666684365467,0.856045046523
231,5,0.803597719856,0.973943275178
232,5,0.970458087999,1.07657186107
233,5,0.894475630454,1.05509470017
234,5,0.874602562128,1.01865801438
235,5,0.738111804492,0.843883614195
236,5,0.599428811638,0.688297660362
237,5,0.538617091264,0.686250116454
238,5,0.522505628211,0.719148842238
239,5,0.623246344836,0.696302312824
240,5,0.412304938076,0.547062258816
241,5,0.444781671119,0.514523571258
242,5,0.656724384842,0.768849508699
243,5,0.732456826822,0.864975866172
244,5,0.977091617519,1.13758392366
245,5,0.976301211885,1.09061821655
246,5,0.839405025951,0.954012257129
247,5,0.839987607803,1.00504733614
248,5,0.617681657548,0.73397580558
249,5,0.584655830059,0.744109860923
250,5,0.432935650198,0.517441126718
251,5,0.489270711436,0.565607613667
252,5,0.326099659567,0.428781346356
253,5,0.41576854946,0.511725582098
254,5,0.298506662618,0.397183920841
255,5,0.112495145353,0.138706118352
256,5,0.162615950075,0.214098627167
257,5,0.342597623607,0.447592457894
258,5,0.168542956065,0.216048019233
259,5,0.104966796305,0.131801942165
260,5,0.144874480412,0.176415229857
261,5,0.158829661121,0.194867153796
262,5,0.207817825862,0.270589251105
263,5,0.186163531471,0.217884445512
264,5,0.278429938366,0.367157681145
265,5,0.328474135332,0.408881020551
266,5,0.411985941693,0.508316172776
267,5,0.263061034852,0.342316964846
268,5,0.26913376661,0.337264776335
269,5,0.224404713796,0.268537313245
270,5,0.221706140861,0.283594723495
271,5,0.186941501878,0.23096051496
272,5,0.145536419847,0.170645651489
273,5,0.137798670565,0.177774095137
274,5,0.173573672378,0.214099214563
275,5,0.155325615682,0.192643147622
276,5,0.298631285885,0.358290278412
277,5,0.178753218263,0.216633415559
278,5,0.0983221790747,0.121332074337
279,5,0.118369185199,0.143725600389
280,5,0.167056758601,0.213819130553
281,5,0.179545365186,0.22653627013
282,5,0.185283123945,0.217226287678
283,5,0.177108154788,0.207954423659
284,5,0.144360275476,0.179384916273
285,5,0.101560864187,0.124250571431
286,5,0.204808236884,0.240466966833
287,5,0.164887018387,0.205944565591
288,5,0.161839208686,0.211738146724
289,5,0.276676733301,0.33085847484
290,5,0.293563666137,0.348703240798
291,5,0.15501444832,0.184924126694
292,5,0.120627922305,0.148258489218
293,5,0.160603736054,0.189959879773
294,5,0.144870651205,0.192698413593
295,5,0.185849600693,0.231171718747
296,5,0.10689337892,0.132237726139
297,5,0.133408823091,0.162082115376
298,5,0.173499421536,0.213812168918
299,5,0.109897773787,0.154225870289
300,5,0.13166788745,0.162600677281
301,5,0.157653136972,0.195788593773
302,5,0.101974015776,0.133208001122
303,5,0.136958454689,0.170527164548
304,5,0.119580008166,0.141101416623
305,5,0.128805007252,0.163399095413
306,5,0.261655179832,0.29093587558
307,5,0.11120315649,0.140222075407
308,5,0.133024468295,0.16200072142
309,5,0.204861544358,0.263406271048
310,5,0.183325734066,0.226962027608
311,5,0.220208373674,0.275295284141
312,5,0.306703047732,0.383598766285
313,5,0.561352713334,0.71509714643
314,5,0.367206956652,0.45249758905
315,5,0.316592237748,0.376465560997
316,5,0.329569818976,0.402512528526
317,5,0.253627669424,0.326503620606
318,5,0.228855251956,0.283374298017
319,5,0.270452954423,0.34418151117
320,5,0.179212400228,0.221140782968
321,5,0.144196811484,0.18970929258
322,5,0.157366239781,0.211095499356
323,5,0.243187624772,0.287647237962
324,5,0.139562807833,0.177515781561
325,5,0.148203421223,0.192339785552
326,5,0.177133240753,0.229040674167
327,5,0.418992111459,0.502324280272
328,5,0.237764655105,0.301439918314
329,5,0.161457747504,0.212100571852
330,5,0.156001412882,0.188672242849
331,5,0.154870963053,0.195356997262
332,5,0.412154365979,0.490556300856
333,5,0.465055374048,0.534653769287
334,5,0.83036996263,0.964914438585
335,5,0.823653565369,0.992096041004
