cycle,count,mae,rmse
5,5,0.166335846953,0.202557562469
6,5,0.160078301258,0.195336416427
7,5,0.152001585623,0.190926968768
8,5,0.161724849548,0.20143041131
9,5,0.218173668246,0.27523493592
10,5,0.229395943526,0.303582133952
11,5,0.335383583863,0.400670881874
12,5,0.299140882334,0.355428000124
13,5,0.219049890941,0.283940778582
14,5,0.256598366848,0.306130156843
15,5,0.178347095921,0.227112783619
16,5,0.192803440893,0.261545767905
17,5,0.219673542245,0.292158129011
18,5,0.259207345185,0.303549845651
19,5,0.248736100944,0.289642156328
20,5,0.161146546842,0.204468716151
21,5,0.196742449227,0.226711054367
22,5,0.204389802612,0.258192948437
23,5,0.16333737925,0.200518480196
24,5,0.230302601075,0.267534712678
25,5,0.188892086238,0.24223235069
26,5,0.425505432265,0.480006009361
27,5,0.212229519529,0.262445253026
28,5,0.186816438646,0.233139010685
29,5,0.181229951347,0.234443480807
30,5,0.138493735057,0.17587771001
31,5,0.18284349877,0.21420446197
32,5,0.213800926081,0.250291515937
33,5,0.151333808779,0.210141210591
34,5,0.259796704199,0.316302944248
35,5,0.306851839384,0.437149150811
36,5,0.322108417549,0.426196594059
37,5,0.283031062306,0.416148332183
38,5,0.280226513536,0.379369176079
39,5,0.286772072953,0.41718054596
40,5,0.372939686784,0.44598182194
41,5,0.38570898394,0.53108259418
42,5,0.191387443824,0.229821503828
43,5,0.149783261961,0.19250663883
44,5,0.196814215092,0.250434022451
45,5,0.225072082048,0.288577847658
46,5,0.194438663653,0.249596528519
47,5,0.167732549103,0.212953443726
48,5,0.169585727269,0.21045633799
49,5,0.166928004566,0.224134314686
50,5,0.160414098408,0.193044864173
51,5,0.179493254133,0.210062435598
52,5,0.149164373748,0.186069606965
53,5,0.241789429499,0.324823367573
54,5,0.170448125271,0.21284909753
55,5,0.179112193304,0.229053740175
56,5,0.174680378848,0.219752505755
57,5,0.156677211661,0.192538111695
58,5,0.256027015617,0.351319379471
59,5,0.348882304119,0.386456860556
60,5,0.246405262665,0.295758811423
61,5,0.240895984708,0.289750491239
62,5,0.289951549791,0.345943880424
63,5,0.341930635725,0.392906919465
64,5,0.296398947071,0.369877809332
65,5,0.499623898009,0.566866840287
66,5,0.383272647009,0.495808803218
67,5,0.714576606799,0.810316141886
68,5,0.302655535852,0.346516932374
69,5,0.184507008781,0.240025124938
70,5,0.493929601946,0.563964554052
71,5,0.182461028106,0.232954262975
72,5,0.203543629521,0.246603728448
73,5,0.33786929091,0.422573464351
74,5,0.175538939049,0.204524217296
75,5,0.189513818983,0.233966237269
76,5,0.243050014383,0.285715988574
77,5,0.167655990075,0.22202045927
78,5,0.183126523631,0.240648969501
79,5,0.126155914055,0.151254326235
80,5,0.136585520082,0.167913712138
81,5,0.137649260888,0.166526933544
82,5,0.235040791449,0.277564636798
83,5,0.160786106186,0.206395775734
84,5,0.170877354819,0.214030593428
85,5,0.18629451825,0.218602710535
86,5,0.490796348917,0.516392427142
87,5,0.162728245094,0.209083366865
88,5,0.366781536564,0.421274653899
89,5,0.233074008237,0.289889365662
90,5,0.444486502447,0.551446697098
91,5,0.171095520138,0.233992152681
92,5,0.256177507661,0.300673108053
93,5,0.222138375063,0.285564699568
94,5,0.152385884339,0.194806395175
95,5,0.22999306108,0.281452000488
96,5,0.424053301005,0.495497814101
97,5,0.238052141139,0.284970291699
98,5,0.223789698826,0.263841249741
99,5,0.433002588627,0.468433746977
100,5,0.154085483812,0.200835113665
101,5,0.188050472712,0.240069934536
102,5,0.184030298339,0.222155053148
103,5,0.181505150624,0.223946134711
104,5,0.175390103482,0.215052499477
105,5,0.161122909931,0.189498663015
106,5,0.130175550264,0.15676099012
107,5,0.295721156877,0.341100671833
108,5,0.583309270331,0.616674800904
109,5,0.44516381501,0.524195422753
110,5,0.452467992881,0.530685830153
111,5,0.346420133546,0.415094740028
112,5,0.253994554087,0.319425263688
113,5,0.486539499752,0.592908332182
114,5,0.27112884104,0.321979819994
115,5,0.235756548972,0.307069887884
116,5,0.156732327578,0.205260495795
117,5,0.150539548117,0.191844756852
118,5,0.219589051848,0.267183376427
119,5,0.317004139643,0.361564235641
120,5,0.932593888257,1.05506037234
121,5,0.565412161683,0.66038571665
122,5,0.974677179584,1.1460986344
123,5,0.498237506596,0.646679544542
124,5,0.420191359684,0.528755219486
125,5,0.542837372142,0.632866986732
126,5,0.465197784309,0.623026624569
127,5,0.523200061059,0.72674519603
128,5,0.187164055063,0.260280450727
129,5,0.21601272151,0.284433716371
130,5,0.144680041458,0.186431988217
131,5,0.238379615231,0.284845219756
132,5,0.39329029634,0.54095064975
133,5,0.597380544301,0.671318969687
134,5,0.536619016596,0.634055466373
135,5,0.547205899924,0.71216367657
136,5,0.409965584327,0.475380059937
137,5,0.316110658976,0.390759079749
138,5,0.269020127285,0.372715397138
139,5,0.328756586375,0.370411269908
140,5,0.120917947105,0.164950363042
141,5,0.182524134316,0.245917316259
142,5,0.176667208453,0.227629757238
143,5,0.203901220445,0.282682489628
144,5,0.193514769904,0.25426429587
145,5,0.156132618959,0.215968875418
146,5,0.111740050222,0.145880425761
147,5,0.232240890616,0.265258539367
148,5,0.162724532179,0.205697610098
149,5,0.145674604681,0.178986633901
150,5,0.10651243888,0.137573172394
151,5,0.239517817443,0.281058036365
152,5,0.200627704896,0.272240304055
153,5,0.200318459051,0.248374245343
154,5,0.236956397823,0.328445357288
155,5,0.239847184316,0.299459034996
156,5,0.180474930296,0.228662123955
157,5,0.289691847444,0.343223848387
158,5,0.184842397772,0.245019341903
159,5,0.129165915042,0.162930039222
160,5,0.218523990064,0.296889853876
161,5,0.153179570077,0.1952017308
162,5,0.163354397825,0.205439589155
163,5,0.164733397701,0.201228897255
164,5,0.159212991433,0.196367445165
165,5,0.144969315864,0.201341152725
166,5,0.134330627399,0.17718313238
167,5,0.14586620478,0.174595699294
168,5,0.171455001732,0.208071174847
169,5,0.123471085507,0.162638412652
170,5,0.132004195891,0.154425733065
171,5,0.150006915842,0.182058339558
172,5,0.318848731907,0.344459208132
173,5,0.135552518147,0.168652840041
174,5,0.130490539421,0.156089604593
175,5,0.114617211815,0.14583065255
176,5,0.124898131698,0.15081578412
177,5,0.238244733021,0.261151694381
178,5,0.0989059268798,0.1213230852
179,5,0.126400874368,0.167645521195
180,5,0.129446075547,0.166273603745
181,5,0.103113873309,0.138365621398
182,5,0.23376717791,0.262326149751
183,5,0.167732777634,0.193371027177
184,5,0.10042840777,0.127835785133
185,5,0.138323667425,0.179028823157
186,5,0.288858707212,0.321514154135
187,5,0.16124345139,0.195833491097
188,5,0.14118831986,0.184844363561
189,5,0.168402879044,0.240154999056
190,5,0.185873390779,0.236396363098
191,5,0.187394943416,0.26672169067
192,5,0.138296413198,0.212382018181
193,5,0.175473966188,0.222792599291
194,5,0.258060625466,0.291647299354
195,5,0.125752632625,0.15327973837
196,5,0.186191969036,0.264839376217
197,5,0.281354188029,0.426316035569
198,5,0.198641544599,0.342401476507
199,5,0.243290627138,0.305376623181
200,5,0.29177703111,0.36946261211
201,5,0.460468549727,0.558617488121
202,5,0.617628283992,0.781679485863
203,5,0.581387373645,0.758976862087
204,5,0.518613528151,0.746138533817
205,5,0.60587241118,0.748880402619
206,5,0.738459267407,0.878123188297
207,5,0.572855836472,0.697653985008
208,5,0.914487981777,1.11459623526
209,5,0.798505603714,0.980348093773
210,5,0.679966632273,0.799967800986
211,5,1.0620245548,1.34456381346
212,5,0.526234370865,0.604342962837
213,5,0.552323092246,0.687320619557
214,5,0.778624985607,0.998434657211
215,5,0.638806717869,0.814247380429
216,5,0.523248802327,0.648330116184
217,5,0.419469467242,0.539848743773
218,5,0.25144241993,0.324420549674
219,5,0.211956917319,0.303774930173
220,5,0.205442197298,0.264931716233
221,5,0.263955754252,0.311022752354
222,5,0.213972473392,0.264709461987
223,5,0.126167727868,0.152609808174
224,5,0.14943942209,0.205072873416
225,5,0.12719045823,0.154408068291
226,5,0.192507282641,0.23812505952
227,5,0.243859325423,0.291930113948
228,5,0.334499353551,0.42968702202
229,5,0.553222137438,0.720782510182
230,5,0.654491844121,0.758344558946
231,5,0.618533825606,0.720379569751
232,5,0.942180560978,1.17019252498
233,5,0.903926328819,1.06022562949
234,5,0.836704036829,0.982463290043
235,5,0.847312421008,1.0283826585
236,5,0.673155165908,0.762453141219
237,5,0.627957487235,0.713059857399
238,5,0.489531979022,0.608260157406
239,5,0.677770456463,0.775482356535
240,5,0.39421263008,0.51309493167
241,5,0.403604671898,0.496219502667
242,5,0.642663400711,0.766067429092
243,5,0.78365813699,0.922339029912
244,5,1.1561817675,1.348488626
245,5,0.956828913106,1.11189240997
246,5,0.962928668707,1.19017284807
247,5,0.685874731026,0.85340002809
248,5,0.627271199303,0.758640117221
249,5,0.614777549825,0.792712182604
250,5,0.459041258203,0.57413661173
251,5,0.471799369063,0.553094699454
252,5,0.455550565488,0.579811141797
253,5,0.391243776106,0.464139338168
254,5,0.224746033271,0.265164938278
255,5,0.154023297807,0.194994516232
256,5,0.154415239449,0.191559170772
257,5,0.24230856849,0.290304642603
258,5,0.165183144671,0.213141260371
259,5,0.175330501769,0.212792626796
260,5,0.182442110397,0.218080508285
261,5,0.269743169531,0.33688832127
262,5,0.222762213982,0.269193372751
263,5,0.219860835389,0.291664718152
264,5,0.320273264857,0.433851117989
265,5,0.380380613743,0.494153661604
266,5,0.274443027866,0.328823426546
267,5,0.271139488372,0.342654713712
268,5,0.266025199408,0.343108650929
269,5,0.237716474946,0.316631078927
270,5,0.22899645603,0.285104502065
271,5,0.232917218317,0.276795448455
272,5,0.159940841908,0.195144997961
273,5,0.157939609225,0.198372485812
274,5,0.15301346071,0.186306202263
275,5,0.174129408978,0.219037494618
276,5,0.347210237071,0.44892486929
277,5,0.162799933108,0.207819478608
278,5,0.106825105191,0.128703232232
279,5,0.153201810999,0.1937188965
280,5,0.157320504166,0.201979530968
281,5,0.245435479052,0.307191277694
282,5,0.168920637349,0.213776879957
283,5,0.159301161947,0.197500652553
284,5,0.129672191577,0.175134797114
285,5,0.105077729128,0.129206942521
286,5,0.145483851314,0.178624777942
287,5,0.128390666885,0.155551314222
288,5,0.143916259277,0.188417353953
289,5,0.155231466306,0.202856824483
290,5,0.178923310027,0.247019453341
291,5,0.159486701167,0.189269812551
292,5,0.104744716909,0.127349296792
293,5,0.323031128733,0.347388800862
294,5,0.136137105813,0.176331413318
295,5,0.167428703461,0.223371045195
296,5,0.104323341226,0.129966696894
297,5,0.196801707636,0.232613009194
298,5,0.171267446637,0.21309210925
299,5,0.139394726972,0.182821938127
300,5,0.146738423116,0.181236891682
301,5,0.158164275599,0.194586666198
302,5,0.10237212143,0.136349803675
303,5,0.179642993747,0.216203666731
304,5,0.184668870923,0.228114353614
305,5,0.221305926754,0.266903904142
306,5,0.320538924624,0.348483708904
307,5,0.125782109938,0.155972672313
308,5,0.143207820366,0.180780246792
309,5,0.202682611196,0.265074037619
310,5,0.27898564545,0.33596098107
311,5,0.245437165008,0.297622745775
312,5,0.308797013576,0.378935896104
313,5,0.488991787374,0.604141266894
314,5,0.283671855571,0.338504634809
315,5,0.240090503042,0.299412739774
316,5,0.249556018081,0.291165909412
317,5,0.250866605494,0.319483473323
318,5,0.189237561331,0.23517516525
319,5,0.27669137582,0.355623883418
320,5,0.205883727176,0.248199501029
321,5,0.131664184837,0.164181158551
322,5,0.187397256442,0.233682980907
323,5,0.189309445837,0.236261870763
324,5,0.14652674237,0.183870230407
325,5,0.141750761595,0.184108174005
326,5,0.189633957598,0.245279571649
327,5,0.410220584764,0.505138806177
328,5,0.257044793046,0.344282195994
329,5,0.155376949258,0.209036266085
330,5,0.18185118353,0.221155920582
331,5,0.155967667717,0.199601698621
332,5,0.347324177566,0.407686944399
333,5,0.485960335992,0.567597043439
334,5,0.669095604723,0.776381695886
335,5,0.678683582019,0.797961238838
