cycle,count,mae,rmse
5,10,0.153252301072,0.190417028868
6,10,0.130858346577,0.155771834595
7,10,0.16271853624,0.211383980438
8,10,0.148330701527,0.190588577756
9,10,0.209171541601,0.261687775014
10,10,0.216759245943,0.276849020438
11,10,0.36440007904,0.436126913326
12,10,0.342991064145,0.400466505161
13,10,0.230679925455,0.268626888142
14,10,0.205002306748,0.249194146533
15,10,0.178507259427,0.217160346598
16,10,0.142977232976,0.174318523234
17,10,0.173694683164,0.237645137701
18,10,0.247219696046,0.283061582852
19,10,0.159882789081,0.208640089489
20,10,0.192389254197,0.222636718092
21,10,0.290024484514,0.320442684002
22,10,0.227343217064,0.271654764049
23,10,0.173247683685,0.197939597004
24,10,0.145306653783,0.184023581096
25,10,0.199524831372,0.229740143259
26,10,0.307643489528,0.361792273917
27,10,0.177744741495,0.232838252861
28,10,0.207992150565,0.246638222528
29,10,0.179494763961,0.224268920049
30,10,0.181781350912,0.204380685134
31,10,0.143377806489,0.17340400668
32,10,0.137957346971,0.177210189053
33,10,0.175197300312,0.219944462954
34,10,0.194921516872,0.256161117097
35,10,0.356446267652,0.424542699333
36,10,0.404942300643,0.468130399362
37,10,0.360801708368,0.441232498862
38,10,0.271491876666,0.355257716395
39,10,0.281324399282,0.396477628973
40,10,0.336706580251,0.408317254673
41,10,0.372828741067,0.494118579444
42,10,0.149575357735,0.184724388823
43,10,0.139427599306,0.18419201875
44,10,0.193041679018,0.248897567138
45,10,0.208083710611,0.259426544252
46,10,0.184395054756,0.235661760832
47,10,0.153290919968,0.186107479967
48,10,0.154472342983,0.185564326382
49,10,0.1371355675,0.189402400962
50,10,0.158740539184,0.187385122179
51,10,0.154358217479,0.188892315055
52,10,0.171752267731,0.204210790836
53,10,0.194922025276,0.26102744157
54,10,0.165489332323,0.191131748662
55,10,0.156802211232,0.193945767905
56,10,0.200127068612,0.27026679916
57,10,0.161743987235,0.195503561614
58,10,0.286691832788,0.33738110886
59,10,0.274397810188,0.317565494637
60,10,0.200243753881,0.248900235029
61,10,0.260970304751,0.294721337416
62,10,0.148557488968,0.187498939959
63,10,0.190520466932,0.252219825526
64,10,0.380245515282,0.470401252253
65,10,0.257055633875,0.321149918478
66,10,0.312268952555,0.418331169207
67,10,0.68288660499,0.782613949895
68,10,0.123869100133,0.159791570391
69,10,0.25264063316,0.308629956299
70,10,0.31058862226,0.388504674435
71,10,0.327298826673,0.378762600541
72,10,0.154606940623,0.196141932352
73,10,0.33523650124,0.47939196468
74,10,0.0981827838467,0.121352431901
75,10,0.115942699629,0.15064259793
76,10,0.136569454028,0.173339859712
77,10,0.147525986166,0.200872633216
78,10,0.13759879372,0.168786607014
79,10,0.112646761025,0.149500484229
80,10,0.131278053376,0.154963741102
81,10,0.227190689519,0.253428993906
82,10,0.146459733946,0.183315169455
83,10,0.407308046706,0.46097001169
84,10,0.121668252495,0.15672033311
85,10,0.119484914844,0.15213504719
86,10,0.10767204146,0.136609052941
87,10,0.154845609974,0.210035129871
88,10,0.233892916469,0.298745513832
89,10,0.209150663075,0.253876253292
90,10,0.302130843211,0.381147076924
91,10,0.156009313027,0.197073375805
92,10,0.173589761987,0.229867359946
93,10,0.219021682635,0.29492404357
94,10,0.174629333754,0.221599808368
95,10,0.167633446407,0.217667400225
96,10,0.342104965093,0.446316780345
97,10,0.0976700022064,0.141506391948
98,10,0.165137489149,0.195332849438
99,10,0.123697404312,0.160614949387
100,10,0.165254243356,0.208312176919
101,10,0.16572284726,0.208763662434
102,10,0.122012137042,0.149085066794
103,10,0.248684306138,0.29612582433
104,10,0.121762199885,0.159848550621
105,10,0.218307999582,0.256952756548
106,10,0.100658809464,0.133160464063
107,10,0.147874669201,0.185336633953
108,10,0.142936778238,0.191249661639
109,10,0.203057344099,0.259876337552
110,10,0.310224637017,0.388832093713
111,10,0.256538564941,0.304401383837
112,10,0.172837760937,0.220460762236
113,10,0.237204940286,0.322694561588
114,10,0.184120359912,0.275383647443
115,10,0.183621816824,0.250516008698
116,10,0.181832817824,0.227626176587
117,10,0.272315131618,0.317276867848
118,10,0.18104800561,0.241198876989
119,10,0.245990275693,0.341195282178
120,10,0.65969255902,0.850121691215
121,10,0.556488095195,0.641784927588
122,10,0.600145111422,0.780670689051
123,10,0.471844424038,0.574973861772
124,10,0.504183325877,0.648187017853
125,10,0.536848822309,0.642400042958
126,10,0.459793013148,0.59302407282
127,10,0.540464200356,0.644091688881
128,10,0.178953861559,0.236488447335
129,10,0.160582084697,0.239404785149
130,10,0.135546921568,0.168823729668
131,10,0.168289174603,0.22881412527
132,10,0.313107917924,0.408226119606
133,10,0.553541267943,0.723089632189
134,10,0.488631592729,0.578058737228
135,10,0.493000668643,0.628473425051
136,10,0.344564558489,0.420666655253
137,10,0.305517835661,0.392363324689
138,10,0.236435027384,0.332649957835
139,10,0.21916338375,0.262653817467
140,10,0.0990965632597,0.145193999582
141,10,0.174615297997,0.212496777969
142,10,0.112459475473,0.144387994166
143,10,0.169395243987,0.238794551863
144,10,0.181414694033,0.222625421466
145,10,0.124105524812,0.179621453573
146,10,0.168597523053,0.204140985769
147,10,0.115346018497,0.148337506949
148,10,0.119223014668,0.156087278886
149,10,0.105491730044,0.15194389328
150,10,0.142557652708,0.173687143298
151,10,0.236049746893,0.263536839175
152,10,0.185074299272,0.252658185568
153,10,0.189331281282,0.236445554132
154,10,0.229244750722,0.33503567738
155,10,0.213219457597,0.296728233362
156,10,0.121798762703,0.160477213216
157,10,0.305386714716,0.380437403773
158,10,0.181320150111,0.258159675602
159,10,0.119347576825,0.156542360891
160,10,0.149297103129,0.198908972984
161,10,0.150979813771,0.183562851718
162,10,0.122102703114,0.147624498449
163,10,0.159598802835,0.190235748213
164,10,0.105325656001,0.127368546092
165,10,0.1404159127,0.187543987824
166,10,0.122143490043,0.166999653078
167,10,0.132845162552,0.162406381352
168,10,0.142438140419,0.181504979028
169,10,0.106061982157,0.126784008037
170,10,0.117528507219,0.148671937818
171,10,0.10582727175,0.129395590521
172,10,0.135786017792,0.162569920864
173,10,0.190030449299,0.229214937775
174,10,0.184902933984,0.223601130733
175,10,0.107800870765,0.13421743832
176,10,0.103862587214,0.128003528957
177,10,0.0891284355986,0.112855621058
178,10,0.0943285931367,0.117883456755
179,10,0.0885407107293,0.108670210344
180,10,0.085897552123,0.119440298606
181,10,0.103932572132,0.137445809498
182,10,0.0974868779087,0.135811187852
183,10,0.103007424733,0.139207179622
184,10,0.122334174412,0.154646328657
185,10,0.135039784618,0.174057942949
186,10,0.101505487005,0.161234787638
187,10,0.131512088231,0.176759798678
188,10,0.128597635966,0.173495436167
189,10,0.120804451071,0.162596909137
190,10,0.184380598444,0.236762401764
191,10,0.166794987882,0.268450168511
192,10,0.137563445512,0.214159414945
193,10,0.147694258157,0.209995686206
194,10,0.121965450776,0.156248162832
195,10,0.114445080059,0.158455347343
196,10,0.215821693588,0.272896727503
197,10,0.402362915983,0.468710661799
198,10,0.177930547176,0.343569044241
199,10,0.182712644845,0.281219414171
200,10,0.268810692483,0.366058110581
201,10,0.461660175373,0.568157024113
202,10,0.652585440817,0.743476769894
203,10,0.579144706587,0.785191625358
204,10,0.448289282769,0.601263736067
205,10,0.644234006432,0.773191963457
206,10,0.729334850758,0.915302244736
207,10,0.529182630833,0.691228608043
208,10,0.637967932855,0.750419875399
209,10,0.600132560549,0.708221929405
210,10,0.686884757093,0.820523945243
211,10,0.915029796602,1.14367458672
212,10,0.496313443111,0.59210863782
213,10,0.599621191966,0.733182948689
214,10,0.609491168079,0.900916110349
215,10,0.671679453769,0.882645334368
216,10,0.49755808356,0.615760004584
217,10,0.452288663697,0.567150161662
218,10,0.257188332845,0.306565433844
219,10,0.236283818755,0.319213369426
220,10,0.186937682066,0.2327752524
221,10,0.228438577352,0.306151883776
222,10,0.185022849695,0.2449457968
223,10,0.143777774841,0.183267642275
224,10,0.148866493383,0.191764645839
225,10,0.129440664276,0.158984403228
226,10,0.184469755132,0.237361613187
227,10,0.177140010224,0.222108706829
228,10,0.308888560426,0.381059853893
229,10,0.569699798284,0.681891149358
230,10,0.658866991781,0.821005308283
231,10,0.592682541618,0.70035310381
232,10,0.927878147981,1.0744773745
233,10,0.893773493738,1.03977145439
234,10,0.793109031605,0.910437963436
235,10,0.725402226381,0.855679879327
236,10,0.573308121603,0.681169625365
237,10,0.529324145961,0.631808327499
238,10,0.466292358705,0.575193822962
239,10,0.55125719135,0.628952211391
240,10,0.407946999325,0.472007034666
241,10,0.380632249229,0.463198530506
242,10,0.609620511687,0.725933735988
243,10,0.742312186331,0.877074985864
244,10,1.03981409893,1.21078775402
245,10,0.919690346302,1.10964175594
246,10,0.821418292624,0.929004476144
247,10,0.658343853556,0.81548976264
248,10,0.64875100456,0.777030341557
249,10,0.540445052178,0.626879406006
250,10,0.431642315505,0.541633867917
251,10,0.453910508044,0.528229932432
252,10,0.321400767478,0.394802980338
253,10,0.364314481779,0.431131910921
254,10,0.212991765495,0.259429768583
255,10,0.103652396323,0.134028348132
256,10,0.172777303281,0.21141506401
257,10,0.306020470103,0.343265671405
258,10,0.110587200217,0.163686159675
259,10,0.129378860776,0.156841296445
260,10,0.195863351995,0.241958573464
261,10,0.200138464374,0.247133534704
262,10,0.202671572004,0.265084283955
263,10,0.191505997799,0.240489352135
264,10,0.289229341507,0.401724007907
265,10,0.344210178176,0.422619224423
266,10,0.286856220378,0.344347808119
267,10,0.28358707239,0.353186878602
268,10,0.249647883409,0.300466651352
269,10,0.230149673961,0.289045378142
270,10,0.243344462024,0.321628845613
271,10,0.184642694775,0.230124655068
272,10,0.151066051816,0.186885152487
273,10,0.131405867208,0.172277355516
274,10,0.144565877955,0.183723006614
275,10,0.127247212128,0.181599191584
276,10,0.329878120608,0.401684190555
277,10,0.15232509902,0.204970723609
278,10,0.117954104952,0.152481063273
279,10,0.118978870836,0.149529792426
280,10,0.165761120759,0.210234993129
281,10,0.169538105081,0.223805607003
282,10,0.170835988963,0.214353653163
283,10,0.147697001931,0.197165264178
284,10,0.132806727942,0.168168393371
285,10,0.116579536329,0.14789426116
286,10,0.129569489346,0.156868493035
287,10,0.15464259322,0.195180874544
288,10,0.13678337031,0.180964410818
289,10,0.156496432893,0.209694892186
290,10,0.159110987754,0.220732509066
291,10,0.185223495254,0.215020475728
292,10,0.102664805626,0.125169630785
293,10,0.121291868652,0.156747622828
294,10,0.154766233541,0.210628629596
295,10,0.151487184983,0.187289585498
296,10,0.0846134888618,0.106545083407
297,10,0.125765643238,0.157515602908
298,10,0.122040767616,0.15782178782
299,10,0.111842729855,0.149714409181
300,10,0.129114588319,0.16086135316
301,10,0.171887333741,0.207868853002
302,10,0.132937456195,0.170072559074
303,10,0.126299548647,0.156326846434
304,10,0.168831299832,0.211901305518
305,10,0.136349727422,0.16002136977
306,10,0.118205652549,0.140090228488
307,10,0.158619151089,0.200563573813
308,10,0.122087693597,0.153672331777
309,10,0.183929115236,0.247786781512
310,10,0.208682097413,0.268395906359
311,10,0.241965850551,0.300751989601
312,10,0.337209458576,0.417414131974
313,10,0.438507220969,0.552624466038
314,10,0.261621614839,0.31967359483
315,10,0.208429744462,0.25556256576
316,10,0.257757696133,0.341465554725
317,10,0.243353694758,0.298657912151
318,10,0.294250142781,0.352331987005
319,10,0.25475006606,0.331273894881
320,10,0.222236066452,0.275008693791
321,10,0.130843604185,0.165607107641
322,10,0.145482156838,0.183188324493
323,10,0.173261845876,0.216475816457
324,10,0.145774681724,0.188376991153
325,10,0.171109057387,0.213094105231
326,10,0.188709468071,0.240110803091
327,10,0.397601558703,0.48231160738
328,10,0.372893080735,0.430916542061
329,10,0.159818188426,0.204040830649
330,10,0.172211058461,0.210064093864
331,10,0.140361919811,0.178476620279
332,10,0.398968692662,0.49478577328
333,10,0.460173448901,0.515827886339
334,10,0.612091385362,0.708675935336
335,10,0.652536668638,0.759424941053
