cycle,count,mae,rmse
50,5,0.113661434771,0.142082580834
51,5,0.110121790017,0.141633453794
52,5,0.102287167343,0.129760176488
53,5,0.144095255663,0.175842845987
54,5,0.0756538275363,0.0911720866304
55,5,0.10067590538,0.129117599614
56,5,0.083425781048,0.111374543112
57,5,0.10250061438,0.13197980416
58,5,0.213206956723,0.260104368298
59,5,0.207406829745,0.249991653267
60,5,0.184934062006,0.217118045812
61,5,0.149208231954,0.18048340484
62,5,0.166995861861,0.199150132721
63,5,0.265075680941,0.324573728436
64,5,0.397869919379,0.464585421791
65,5,0.193356327579,0.232245874777
66,5,0.287859316081,0.36205994391
67,5,0.580295168493,0.660395887925
68,5,0.14464269271,0.180244398092
69,5,0.274771162326,0.325696646018
70,5,0.38798020196,0.539520327964
71,5,0.169956302114,0.216107501337
72,5,0.164764229627,0.206564821999
73,5,0.383433293407,0.450448496303
74,5,0.113215550916,0.135339914995
75,5,0.0957461980289,0.114450985732
76,5,0.115626070253,0.138577764442
77,5,0.170983649496,0.225240822413
78,5,0.131025510041,0.166993046306
79,5,0.0779277840158,0.100194753766
80,5,0.118692816753,0.140660954937
81,5,0.106552684763,0.1316329505
82,5,0.139248954639,0.168996429277
83,5,0.189065419535,0.251448753487
84,5,0.203673872124,0.247871874762
85,5,0.156815538351,0.192069053619
86,5,0.146094275465,0.172580633748
87,5,0.132422544834,0.159839657133
88,5,0.233130322117,0.257338507845
89,5,0.12345415215,0.153435357559
90,5,0.247661799033,0.308900095014
91,5,0.138290227342,0.200315060525
92,5,0.157074625528,0.190376884711
93,5,0.290900162911,0.327614540668
94,5,0.109987290627,0.133386980582
95,5,0.180254650665,0.215312204059
96,5,0.25441780267,0.299284099326
97,5,0.1106045568,0.143825747708
98,5,0.14309733815,0.180674724584
99,5,0.181811712454,0.220478744538
100,5,0.207946745055,0.251850215591
101,5,0.142496305096,0.177807087675
102,5,0.242998483658,0.281102929596
103,5,0.0984991996175,0.121054763475
104,5,0.204877344068,0.246786299827
105,5,0.199365725982,0.243262736654
106,5,0.145425656932,0.182703079883
107,5,0.160511196516,0.198215608215
108,5,0.137301919867,0.187357311495
109,5,0.17029686275,0.213707464162
110,5,0.181150332775,0.260301599755
111,5,0.168336255775,0.216784104502
112,5,0.134102466951,0.166827050421
113,5,0.233343891456,0.280716365763
114,5,0.140612191972,0.188120735559
115,5,0.163856630659,0.205498947849
116,5,0.209378920519,0.256544054181
117,5,0.317449899718,0.374553140405
118,5,0.223405433038,0.305244213098
119,5,0.323055603493,0.379864751973
120,5,0.831793948969,1.05355886315
121,5,0.61544582848,0.776652635786
122,5,0.725671526389,0.881109169809
123,5,0.551375136058,0.6597282649
124,5,0.525650792568,0.636251551065
125,5,0.581411892754,0.688075593142
126,5,0.559791073654,0.705239718289
127,5,0.399655958425,0.609933368656
128,5,0.185971621605,0.252240806286
129,5,0.322045588275,0.388255344358
130,5,0.135159582575,0.171118226398
131,5,0.192488873848,0.244609433961
132,5,0.339222557236,0.411892311999
133,5,0.474527741559,0.566257375123
134,5,0.279908648505,0.363668814715
135,5,0.473988370503,0.623386408215
136,5,0.290496651907,0.34970794181
137,5,0.348988033666,0.429066373711
138,5,0.208161116986,0.280297713622
139,5,0.219859145332,0.298279117573
140,5,0.154427454974,0.192072378985
141,5,0.11665910499,0.145586806494
142,5,0.134248048668,0.176996871887
143,5,0.15065088199,0.211207068933
144,5,0.145095313403,0.173094399807
145,5,0.156891164291,0.187633877803
146,5,0.184145397995,0.207061011464
147,5,0.143903808327,0.170079263882
148,5,0.158800637922,0.192348720239
149,5,0.147365463938,0.177073081892
150,5,0.12963872694,0.159014994429
151,5,0.267245623409,0.307970418612
152,5,0.13807973203,0.168281223028
153,5,0.195014151714,0.254016769443
154,5,0.173369162784,0.260921003432
155,5,0.209921393581,0.298717602577
156,5,0.182282151443,0.221934836539
157,5,0.29415946532,0.340427181446
158,5,0.190838971893,0.23744872776
159,5,0.143705228111,0.176133220565
160,5,0.171520943692,0.205061338787
161,5,0.137767859202,0.178046910975
162,5,0.134794438412,0.160980710833
163,5,0.102716784067,0.120368935372
164,5,0.123472641985,0.153386942146
165,5,0.139480263737,0.173284628423
166,5,0.109932606572,0.14443039761
167,5,0.167728376953,0.201143691184
168,5,0.164279861952,0.196563376369
169,5,0.0985555147249,0.127914268936
170,5,0.174631875324,0.214892221631
171,5,0.120227366567,0.144595025237
172,5,0.253076097026,0.304275127333
173,5,0.154049521507,0.196836561288
174,5,0.144709931411,0.177782713095
175,5,0.157042643364,0.191167699494
176,5,0.165407284084,0.204586535177
177,5,0.177111710473,0.214997794693
178,5,0.101963826719,0.126269460698
179,5,0.0761255935661,0.0940212036852
180,5,0.0878484826932,0.112012418818
181,5,0.141698031185,0.166174654756
182,5,0.115161466391,0.143029759192
183,5,0.0784568352645,0.0959216562658
184,5,0.0969142653095,0.118431131358
185,5,0.0997375978437,0.124921637998
186,5,0.113408400941,0.141913413765
187,5,0.162016044319,0.193881797137
188,5,0.106459018123,0.131298146186
189,5,0.205382976487,0.224700802942
190,5,0.363785424875,0.408115387816
191,5,0.158780263371,0.208616993409
192,5,0.144962258824,0.181103473165
193,5,0.219387391688,0.256016969907
194,5,0.101883092502,0.127460865736
195,5,0.135925822229,0.159533721751
196,5,0.153828058245,0.207684236594
197,5,0.274425326505,0.369219639678
198,5,0.15512963162,0.273732092471
199,5,0.241130796587,0.278665699557
200,5,0.208205203069,0.268899445781
201,5,0.406339453958,0.503508814011
202,5,0.398691257891,0.467754348363
203,5,0.383474405722,0.496536282766
204,5,0.562526607034,0.660672993005
205,5,0.575691324747,0.744863578937
206,5,0.778301295642,0.924227891287
207,5,0.378163127435,0.485288132131
208,5,0.787616596858,0.966494059655
209,5,0.365203379667,0.46225882878
210,5,0.804641084927,1.01993725554
211,5,0.845758722069,0.991372590381
212,5,0.567337130399,0.647753317569
213,5,0.847703678346,1.00385438826
214,5,0.743784721161,1.15117634352
215,5,0.671903248822,0.973757345032
216,5,0.575921334476,0.74482945105
217,5,0.465370567954,0.586414751368
218,5,0.332363295999,0.386562166166
219,5,0.358934795397,0.477087549236
220,5,0.24567078853,0.308548841799
221,5,0.210846345009,0.307778132665
222,5,0.182847010098,0.23208033788
223,5,0.143108283172,0.181634296158
224,5,0.157651491561,0.201788548316
225,5,0.109365658628,0.133686985725
226,5,0.204825554416,0.244721929565
227,5,0.240348006286,0.331343897392
228,5,0.319970879387,0.386174450887
229,5,0.531084190524,0.640163626154
230,5,0.464661272467,0.568135128575
231,5,0.469339770405,0.586497719295
232,5,0.677765791357,0.794767547125
233,5,0.876028365735,1.09577211323
234,5,0.690953045384,0.835439676587
235,5,0.759269950802,0.8742424585
236,5,0.592947611463,0.718494957799
237,5,0.343676059347,0.407772052555
238,5,0.465178226906,0.54005932696
239,5,0.288930901345,0.363108791462
240,5,0.254756426861,0.305174364827
241,5,0.346214293861,0.421537026254
242,5,0.740140902142,0.886239942797
243,5,0.676135957656,0.831899796248
244,5,0.510329033879,0.732185944891
245,5,0.56722318521,0.696398504937
246,5,0.599205790095,0.763371158111
247,5,0.714727384969,0.868464273033
248,5,0.577331897397,0.704522499876
249,5,0.388114662228,0.473275072434
250,5,0.338000927613,0.411765857718
251,5,0.432201234682,0.516413328166
252,5,0.278471829819,0.334159736749
253,5,0.34770094847,0.392850793558
254,5,0.283053032202,0.32026511551
255,5,0.173674474187,0.202283945961
256,5,0.102677997073,0.13418928345
257,5,0.22533482128,0.264740385327
258,5,0.114031849476,0.138558467134
259,5,0.228925121295,0.267440653688
260,5,0.283487387208,0.346160750017
261,5,0.190826278223,0.234784164151
262,5,0.352935728325,0.428836352245
263,5,0.224642110742,0.300530156497
264,5,0.310995901927,0.40031281728
265,5,0.42659385845,0.554508207323
266,5,0.343088029922,0.427205646215
267,5,0.294270358261,0.362010741719
268,5,0.258042073776,0.327597707468
269,5,0.280504014856,0.352942015901
270,5,0.255586457611,0.32694439537
271,5,0.15006291139,0.181153702094
272,5,0.140210729892,0.177652238322
273,5,0.1774133525,0.215691232839
274,5,0.151970417091,0.186441831368
275,5,0.162293625384,0.208530652179
276,5,0.393813258533,0.481178034156
277,5,0.241389769326,0.30726516524
278,5,0.104341657837,0.12682522751
279,5,0.135209861665,0.189501689667
280,5,0.216016587541,0.261232637466
281,5,0.188409574422,0.238427980545
282,5,0.377841078967,0.416769502167
283,5,0.258431152844,0.306150156722
284,5,0.155164116065,0.188790546329
285,5,0.125004448192,0.156425753944
286,5,0.179629350246,0.212117267289
287,5,0.22589738896,0.276341168199
288,5,0.167249982506,0.204704166253
289,5,0.156682596485,0.20699133569
290,5,0.231366882632,0.2964957326
291,5,0.145602757427,0.180509667681
292,5,0.250385663001,0.273134038048
293,5,0.125168813852,0.147600520523
294,5,0.0920592093723,0.136420300601
295,5,0.187273155955,0.236050016522
296,5,0.187572660896,0.225611042419
297,5,0.164904583339,0.21013445539
298,5,0.187151832723,0.235161690847
299,5,0.175827212444,0.221812545044
300,5,0.156937475091,0.196789558236
301,5,0.280242595644,0.339774505568
302,5,0.189540516787,0.223166625072
303,5,0.217840509653,0.254483758132
304,5,0.0986484495119,0.125503445825
305,5,0.207075053456,0.29388470091
306,5,0.118515386519,0.154108148113
307,5,0.297073320367,0.330723957082
308,5,0.087067528399,0.105253878802
309,5,0.252936255037,0.325777029384
310,5,0.292354740725,0.345205683442
311,5,0.256933603408,0.321367134341
312,5,0.45708945562,0.554647119229
313,5,0.543148616144,0.709331224633
314,5,0.419183878383,0.534245353756
315,5,0.205774471141,0.249986010032
316,5,0.349176632085,0.453087811882
317,5,0.327411702854,0.390758626736
318,5,0.18155624633,0.227035430898
319,5,0.336827857759,0.423000191952
320,5,0.135339630832,0.184352367268
321,5,0.14800584281,0.180363650195
322,5,0.0874186329031,0.121332142651
323,5,0.292718585221,0.365259264638
324,5,0.172353025876,0.206815041967
325,5,0.165457883443,0.21089147809
326,5,0.229171714228,0.279145171048
327,5,0.376297990922,0.475629766549
328,5,0.219881395661,0.286590647834
329,5,0.171785330398,0.220707750662
330,5,0.163998921178,0.205811276912
331,5,0.1519800321,0.192503731269
332,5,0.349504618823,0.395158218515
333,5,0.528450676527,0.612853259745
334,5,0.729531270172,0.844032233398
335,5,0.66607849813,0.859354756061
