cycle,count,mae,rmse
50,20,0.128327073552,0.155615663675
51,20,0.138491764887,0.174552592637
52,20,0.104361237307,0.129731567836
53,20,0.159060148989,0.193725703624
54,20,0.124802717091,0.150264616346
55,20,0.130611748143,0.162861404243
56,20,0.122548323379,0.147794619188
57,20,0.116725456352,0.148247451275
58,20,0.182179101747,0.238313518205
59,20,0.138382661291,0.16385969629
60,20,0.115815938591,0.141670899833
61,20,0.230943866234,0.274778124755
62,20,0.252075947274,0.305529581818
63,20,0.146351927837,0.197009779488
64,20,0.216516606382,0.257266892703
65,20,0.269199783152,0.31351223438
66,20,0.355315049914,0.419156796841
67,20,0.482420842888,0.599845378868
68,20,0.168350250374,0.207803989452
69,20,0.222034889745,0.280463027295
70,20,0.443052901274,0.585983012758
71,20,0.150896544982,0.195448081684
72,20,0.157054409246,0.190803096578
73,20,0.309003522902,0.424864144022
74,20,0.152730264149,0.189043445614
75,20,0.118286306818,0.155016582104
76,20,0.166286287266,0.217206796288
77,20,0.15600478865,0.207913476709
78,20,0.197552366283,0.237300720722
79,20,0.139890797062,0.173850133961
80,20,0.0930582926053,0.117650316488
81,20,0.125404166126,0.162787623588
82,20,0.155175107998,0.197590395841
83,20,0.173955372177,0.210050575951
84,20,0.153587119247,0.198718664109
85,20,0.147601618223,0.180155231184
86,20,0.132316519175,0.159531509394
87,20,0.162112212536,0.201946895838
88,20,0.210771779899,0.271117482966
89,20,0.108848463436,0.142284318031
90,20,0.174557159128,0.234500259466
91,20,0.123336175884,0.151443137921
92,20,0.123658068717,0.160155147036
93,20,0.13148338913,0.160567326281
94,20,0.118973497711,0.145400350152
95,20,0.130073566894,0.164236116747
96,20,0.258845875505,0.344669353721
97,20,0.134669981274,0.177139556817
98,20,0.157506114396,0.195722057488
99,20,0.206477656976,0.247759988239
100,20,0.181292982518,0.223236459444
101,20,0.103184577696,0.131627100049
102,20,0.17630622254,0.210539411932
103,20,0.132717516993,0.159747356169
104,20,0.149997397598,0.187516424865
105,20,0.13274018534,0.168532162773
106,20,0.199979307122,0.262315699528
107,20,0.149359198481,0.188544159773
108,20,0.171327693427,0.214777771858
109,20,0.110511143214,0.144288178542
110,20,0.146993002442,0.231159193799
111,20,0.16707480943,0.213803390519
112,20,0.120373383066,0.149919783439
113,20,0.165995953639,0.19990537013
114,20,0.175341807386,0.226481355625
115,20,0.138658117232,0.177895220418
116,20,0.184291590686,0.224644267402
117,20,0.160976666175,0.193975060629
118,20,0.177854862354,0.220840584169
119,20,0.262712335167,0.325953966592
120,20,0.57239995387,0.812762818097
121,20,0.490096005617,0.64263926143
122,20,0.845260946505,1.07347333704
123,20,0.539080625781,0.67952852799
124,20,0.457722994719,0.537963967154
125,20,0.57112427306,0.727338537646
126,20,0.441499811854,0.611658122859
127,20,0.55026922229,0.712782982454
128,20,0.156691205867,0.201055171463
129,20,0.220631945126,0.292389928321
130,20,0.157448412293,0.1954078757
131,20,0.153555966644,0.193596881336
132,20,0.31667800937,0.413071241647
133,20,0.395950359793,0.476946016399
134,20,0.357279291498,0.437630226286
135,20,0.33524801357,0.407002149354
136,20,0.259317008644,0.307507609702
137,20,0.241679245552,0.292475846065
138,20,0.204665769175,0.281491981496
139,20,0.145792344158,0.177470775426
140,20,0.107622456567,0.12891201317
141,20,0.123368293673,0.158155792385
142,20,0.142794462491,0.191820890788
143,20,0.181556148775,0.240576013854
144,20,0.123499004751,0.158861139394
145,20,0.107723271808,0.138915679007
146,20,0.154878545043,0.197606878963
147,20,0.155590178545,0.196074698746
148,20,0.0902157710829,0.11129584409
149,20,0.14732253617,0.181418657539
150,20,0.159316802096,0.203806350881
151,20,0.159937404911,0.197590708067
152,20,0.115754912541,0.147755127214
153,20,0.217576590705,0.284395907055
154,20,0.206042645561,0.276704444751
155,20,0.227316390153,0.286435803187
156,20,0.0942043974006,0.127002047149
157,20,0.20828933812,0.263004024133
158,20,0.194718581743,0.246484968197
159,20,0.154210900017,0.192201163288
160,20,0.139156283197,0.17722870667
161,20,0.117702849934,0.149883937687
162,20,0.134496679898,0.168924488665
163,20,0.130393190409,0.156206762123
164,20,0.143668257322,0.172725028986
165,20,0.132711358368,0.170905964944
166,20,0.188281634283,0.227438324147
167,20,0.115505409081,0.14018230854
168,20,0.115183190432,0.147176041134
169,20,0.103940716218,0.121807647292
170,20,0.12855192298,0.155526716442
171,20,0.175103265419,0.20283450711
172,20,0.220366185021,0.282673238037
173,20,0.144758707811,0.186749574728
174,20,0.126702699678,0.158266845591
175,20,0.194269475883,0.230911503381
176,20,0.10647225227,0.134272760578
177,20,0.171859215141,0.207461963035
178,20,0.0915490928044,0.113745799779
179,20,0.0663422486492,0.087025953211
180,20,0.119379203927,0.147358908096
181,20,0.129352299172,0.154841889361
182,20,0.111122275207,0.139260907494
183,20,0.124955276058,0.146557917536
184,20,0.0815875664163,0.0987894058624
185,20,0.112587573485,0.134062406799
186,20,0.127343078216,0.152632209307
187,20,0.116352658507,0.144792725667
188,20,0.108102313704,0.134944408741
189,20,0.127788425402,0.15685583007
190,20,0.194124303559,0.232020892803
191,20,0.152329596736,0.190350395525
192,20,0.118776813166,0.16978258192
193,20,0.0871340600018,0.12524556609
194,20,0.133125067068,0.159882294363
195,20,0.0694456954192,0.0872723673262
196,20,0.154514956612,0.204733892002
197,20,0.267328692454,0.318865607466
198,20,0.167053623496,0.248697233876
199,20,0.181900640696,0.23623341927
200,20,0.188284509492,0.241393495014
201,20,0.287715843268,0.350616040258
202,20,0.316074763445,0.392901640977
203,20,0.448360789398,0.548855554871
204,20,0.41734991661,0.496469420028
205,20,0.425646691211,0.494002896305
206,20,0.445944670126,0.549006309353
207,20,0.416008183589,0.494079265357
208,20,0.538702012162,0.648942904068
209,20,0.387223400884,0.475273452652
210,20,0.51974983777,0.627013131538
211,20,0.815859136864,1.02368641661
212,20,0.51347895961,0.586711290842
213,20,0.668198198041,0.814129553096
214,20,0.822219296459,1.27512942369
215,20,0.650545281257,0.851507022071
216,20,0.722614126172,0.897824043002
217,20,0.445136363955,0.533133566631
218,20,0.269976795907,0.33000007157
219,20,0.307788293495,0.422550438412
220,20,0.196292751238,0.252180010531
221,20,0.234863401594,0.314952977363
222,20,0.232389932177,0.300229174565
223,20,0.150200534877,0.181085369902
224,20,0.13062378981,0.167189839578
225,20,0.161058964954,0.193523667116
226,20,0.164000169769,0.198844286482
227,20,0.139250903005,0.184073164312
228,20,0.327975178701,0.424852733178
229,20,0.753465275641,0.980753497964
230,20,0.548412586361,0.650861257559
231,20,0.47368543665,0.597346573394
232,20,0.66664588295,0.823524057961
233,20,0.865566221952,1.11622420544
234,20,0.521825002167,0.71908450329
235,20,0.716690973674,0.91701961833
236,20,0.348319882298,0.426914264382
237,20,0.245686624829,0.304487415497
238,20,0.358433076511,0.468422096503
239,20,0.252407081194,0.33171650737
240,20,0.269371868227,0.316306180812
241,20,0.248057109259,0.309619682723
242,20,0.362456319643,0.450948038317
243,20,0.387522008585,0.471306087137
244,20,0.80470119244,1.02268972961
245,20,0.639688792524,0.768568257853
246,20,0.381365794343,0.459864203446
247,20,0.317319451727,0.410267461193
248,20,0.31992448589,0.418299156333
249,20,0.211925711303,0.278340978368
250,20,0.214495658068,0.278999592362
251,20,0.207480830557,0.259302382525
252,20,0.143094656539,0.183645689343
253,20,0.253838449322,0.32819990486
254,20,0.158791230045,0.207776046615
255,20,0.122721760477,0.150445236913
256,20,0.120714989066,0.146472346994
257,20,0.152013106916,0.186207702395
258,20,0.120044715186,0.149959514691
259,20,0.151497469637,0.181802460635
260,20,0.2162022354,0.272783554919
261,20,0.167743917536,0.214270383215
262,20,0.197664994148,0.254173329899
263,20,0.223939297397,0.26240014824
264,20,0.277382355178,0.382928025112
265,20,0.34420826281,0.416240812404
266,20,0.353977111674,0.430039297866
267,20,0.235709546363,0.297535105968
268,20,0.293863048525,0.377899677588
269,20,0.196468562998,0.264631529447
270,20,0.197792907272,0.252138615369
271,20,0.217365800175,0.25544239526
272,20,0.173106336265,0.213517460249
273,20,0.115955312735,0.148251954281
274,20,0.11729008016,0.147856448283
275,20,0.147617135704,0.189958140299
276,20,0.308904620078,0.371059270947
277,20,0.182452329353,0.218702041004
278,20,0.158634160537,0.214115726852
279,20,0.111686363335,0.159082918652
280,20,0.186874378906,0.238305326795
281,20,0.162726747778,0.219442316016
282,20,0.235090957896,0.271984820112
283,20,0.145053521354,0.182165340236
284,20,0.150660387133,0.180209726883
285,20,0.10056255701,0.127079150929
286,20,0.122232423178,0.154825647799
287,20,0.122424032031,0.161946359688
288,20,0.119114675275,0.160671924793
289,20,0.180550236482,0.230815267492
290,20,0.159578085416,0.207520954854
291,20,0.153095423051,0.186776235445
292,20,0.108883262223,0.138117360792
293,20,0.0876271777718,0.107514404891
294,20,0.0938105276549,0.138657427738
295,20,0.118021143778,0.155419110739
296,20,0.0894467066573,0.11286542933
297,20,0.132569310525,0.159673175486
298,20,0.143033476975,0.18437059772
299,20,0.129367361227,0.16465327999
300,20,0.120070935781,0.15274764148
301,20,0.168812518052,0.205441398719
302,20,0.109696373661,0.137316694559
303,20,0.10568411371,0.13014077506
304,20,0.103205736417,0.13047389341
305,20,0.0942419951249,0.125325401502
306,20,0.128108375602,0.16620067899
307,20,0.140229707436,0.174416670429
308,20,0.111255693387,0.136164259904
309,20,0.220481334386,0.290654163858
310,20,0.166299773798,0.206886392435
311,20,0.251561031052,0.299268929672
312,20,0.346431500624,0.434038941034
313,20,0.540206384108,0.710149839257
314,20,0.279719430616,0.365564743652
315,20,0.183384309039,0.229360678119
316,20,0.196722359543,0.26579603042
317,20,0.230741212483,0.302790320732
318,20,0.178829627295,0.228195191703
319,20,0.215676427297,0.288931288277
320,20,0.167485032644,0.21913837518
321,20,0.0909956087648,0.122386764419
322,20,0.127197688511,0.168905060411
323,20,0.168111983856,0.217157437841
324,20,0.123526308029,0.165254653971
325,20,0.168484364833,0.222607414372
326,20,0.176580509259,0.225989311536
327,20,0.432841410653,0.523754152647
328,20,0.321751141916,0.38786143163
329,20,0.178046057652,0.22392889986
330,20,0.169231325912,0.210162815224
331,20,0.151821615993,0.190639138334
332,20,0.338148004847,0.398816515464
333,20,0.386242276068,0.448006172921
334,20,0.517079286102,0.643422294094
335,20,0.702043126593,0.846304386643
