cycle,count,mae,rmse
50,15,0.130695347433,0.169019510566
51,15,0.0951744313539,0.116896722198
52,15,0.159142756573,0.191032196953
53,15,0.118991709108,0.147533237527
54,15,0.0791766422173,0.0988820779262
55,15,0.0958525200689,0.121754554208
56,15,0.109382600904,0.137650954692
57,15,0.108671938671,0.139780687279
58,15,0.158839319163,0.201213327035
59,15,0.225795443909,0.26071723817
60,15,0.11076046992,0.133338639862
61,15,0.198326973085,0.254017344589
62,15,0.135462541141,0.164076240879
63,15,0.162443748256,0.207857793138
64,15,0.189705800811,0.226914370437
65,15,0.194246670218,0.248141800696
66,15,0.351159176194,0.454404851173
67,15,0.476407896503,0.551666010296
68,15,0.199931868036,0.254515831251
69,15,0.235779611985,0.291593277849
70,15,0.329850645325,0.397932741946
71,15,0.203402989002,0.25354205667
72,15,0.139814413334,0.164773089853
73,15,0.477015826159,0.601292737616
74,15,0.104096164386,0.130860634765
75,15,0.110063922912,0.134236503113
76,15,0.157886571178,0.206374484552
77,15,0.14433122453,0.200245241376
78,15,0.159639819406,0.195602496577
79,15,0.124144470453,0.151475949558
80,15,0.087685246436,0.108214504395
81,15,0.0934902964485,0.113303025693
82,15,0.227091172701,0.285991132338
83,15,0.17510552819,0.220876205236
84,15,0.118114823316,0.152471923055
85,15,0.118454881463,0.141455530279
86,15,0.142511365797,0.173516248635
87,15,0.207930032426,0.236753428405
88,15,0.173794567959,0.217524896753
89,15,0.153603455811,0.181389843115
90,15,0.291805929369,0.361598065045
91,15,0.116815208362,0.145974822178
92,15,0.135462753385,0.163562846774
93,15,0.126927319985,0.164836890749
94,15,0.124190188009,0.15150585916
95,15,0.124189113761,0.151812354093
96,15,0.245553411798,0.32173158843
97,15,0.114620775356,0.13554174078
98,15,0.127699860038,0.153838782592
99,15,0.106243982417,0.129621660229
100,15,0.189273302521,0.235054737953
101,15,0.174146183023,0.215278108361
102,15,0.152119282273,0.179962911145
103,15,0.0999307758265,0.121673803497
104,15,0.151781787024,0.191456512805
105,15,0.233137606792,0.287087998743
106,15,0.152547187833,0.190212631822
107,15,0.1349979812,0.168064588627
108,15,0.157764434206,0.197247987394
109,15,0.117399992402,0.159570065125
110,15,0.175973919828,0.249870341618
111,15,0.157333484775,0.185810354545
112,15,0.135117040564,0.169894641104
113,15,0.141311617067,0.184956245211
114,15,0.157196481191,0.199102157078
115,15,0.122305243706,0.146558157242
116,15,0.155138069911,0.202996472219
117,15,0.205022233793,0.238646814696
118,15,0.216701927424,0.279207381815
119,15,0.274494538413,0.348785283251
120,15,0.819205036905,1.05216024768
121,15,0.711248174727,0.836668395351
122,15,0.771033289147,0.973979876979
123,15,0.514506196242,0.602604053745
124,15,0.431478709385,0.536323018829
125,15,0.672573315669,0.844507235874
126,15,0.610368861892,0.786629756606
127,15,0.457907494609,0.638104877358
128,15,0.186303482589,0.232045737988
129,15,0.209829163016,0.277948555378
130,15,0.108154457009,0.142721794437
131,15,0.15120125775,0.210289843287
132,15,0.232768127934,0.302659895097
133,15,0.375500206046,0.437272414035
134,15,0.361995833972,0.436514900613
135,15,0.297842622623,0.379417143316
136,15,0.234801441131,0.286364910208
137,15,0.298427344886,0.397581011856
138,15,0.190537528641,0.259244617626
139,15,0.199521303815,0.23978254496
140,15,0.102233790637,0.123369453552
141,15,0.0970091544943,0.125232832697
142,15,0.205012237222,0.263214780786
143,15,0.21673629454,0.298072175045
144,15,0.135655310853,0.159591039893
145,15,0.11528390189,0.153686106505
146,15,0.098004873433,0.126531989542
147,15,0.142019387854,0.168289289153
148,15,0.114411090409,0.140693971392
149,15,0.0767633822885,0.0930153212729
150,15,0.112487705225,0.133597979843
151,15,0.111990883426,0.145088940218
152,15,0.155119570046,0.191625583478
153,15,0.147473387779,0.190745979272
154,15,0.168308475348,0.257227871308
155,15,0.178654272584,0.250978189168
156,15,0.170455785269,0.204084472184
157,15,0.198821483688,0.24194851687
158,15,0.209336961096,0.259787415306
159,15,0.110532717896,0.133821777097
160,15,0.112063489899,0.14316826566
161,15,0.100441064319,0.136981140275
162,15,0.141042642724,0.17366005388
163,15,0.0973438678559,0.119479724341
164,15,0.117795240865,0.14615870692
165,15,0.178901914384,0.223949125304
166,15,0.105768538726,0.140240932477
167,15,0.131589639739,0.159218170785
168,15,0.137802936057,0.169094770154
169,15,0.108000539068,0.135226999382
170,15,0.13568430669,0.168428553111
171,15,0.152382127437,0.183291472693
172,15,0.17235715178,0.224250446179
173,15,0.145884166129,0.168739316673
174,15,0.120250092796,0.147330421248
175,15,0.150264084734,0.183408480472
176,15,0.118188747246,0.148062783717
177,15,0.112103590707,0.143452793919
178,15,0.0896556231137,0.11452587452
179,15,0.101095401607,0.124033664079
180,15,0.0904880293863,0.115107877164
181,15,0.0803291751863,0.100697509596
182,15,0.0890248386081,0.112492076082
183,15,0.11201281012,0.141507984699
184,15,0.0980292787626,0.121956342089
185,15,0.093088096096,0.112304861017
186,15,0.103756213088,0.126749510762
187,15,0.110850634906,0.144572143371
188,15,0.131152621166,0.156699941799
189,15,0.134778874355,0.17440076806
190,15,0.170641300943,0.202026181991
191,15,0.17232014384,0.205728499667
192,15,0.127658478117,0.166031052867
193,15,0.124753094769,0.15368933136
194,15,0.12337268281,0.151622474927
195,15,0.0775285176837,0.102261258886
196,15,0.12912762335,0.193612525181
197,15,0.222404835474,0.278667206664
198,15,0.174319351014,0.292033985877
199,15,0.203989226391,0.271657301944
200,15,0.152507556476,0.200245615107
201,15,0.278595444449,0.326081172573
202,15,0.472938446881,0.538804511388
203,15,0.501458423613,0.620122509756
204,15,0.476579947478,0.592562116201
205,15,0.484927934536,0.595074284769
206,15,0.506162318552,0.615652420311
207,15,0.334164662516,0.411094130855
208,15,0.385388195751,0.48398587689
209,15,0.374527193404,0.467916017619
210,15,0.439445226934,0.56382443419
211,15,1.00072887986,1.31287739802
212,15,0.664355380726,0.755065653767
213,15,0.517155171335,0.682954007787
214,15,0.743201202179,0.943435486067
215,15,0.940000207515,1.4343831406
216,15,0.68108118633,0.879940792366
217,15,0.409067843501,0.486038632647
218,15,0.306084067565,0.376663454115
219,15,0.221489907411,0.297976215608
220,15,0.198566854764,0.263405434151
221,15,0.205500532423,0.274446917791
222,15,0.228862479093,0.297865774441
223,15,0.157019723063,0.187973560086
224,15,0.1637281568,0.212770327514
225,15,0.141568794242,0.17361119468
226,15,0.183276481428,0.222431934562
227,15,0.184487972689,0.233042287374
228,15,0.386710470597,0.497320395289
229,15,0.43003244723,0.545752976931
230,15,0.497375855938,0.629349578371
231,15,0.426390300264,0.550244656174
232,15,1.07067995848,1.33334410305
233,15,0.772627103282,1.05885907221
234,15,0.521255929365,0.630243248693
235,15,0.505135479741,0.659917699485
236,15,0.351612286095,0.442427110198
237,15,0.315159671494,0.406826232577
238,15,0.3244370557,0.425696221925
239,15,0.265705020876,0.348294294349
240,15,0.3082262772,0.376439897087
241,15,0.245930064295,0.329140538853
242,15,0.345834591165,0.465281449099
243,15,0.633448839638,0.822999836038
244,15,0.609734128821,0.734429841215
245,15,0.548045568846,0.703823988672
246,15,0.755402713597,0.998244053232
247,15,0.421190969016,0.588847794115
248,15,0.349670446777,0.441878991241
249,15,0.238844726592,0.320476336827
250,15,0.253464122428,0.333992659908
251,15,0.223953070052,0.288846391102
252,15,0.165871381797,0.216172883988
253,15,0.24416987656,0.308703994741
254,15,0.170206888712,0.211304984043
255,15,0.175355744322,0.210524598509
256,15,0.118117842032,0.144353445841
257,15,0.143972369772,0.1831877882
258,15,0.125546212601,0.159760889333
259,15,0.16791543164,0.206859666413
260,15,0.17774432515,0.215183878635
261,15,0.229197110452,0.293547675795
262,15,0.289206830558,0.351388819191
263,15,0.235530431939,0.287682925049
264,15,0.296577878526,0.389300905685
265,15,0.389426665502,0.480722368672
266,15,0.363766729558,0.460889176229
267,15,0.271236335479,0.335362499766
268,15,0.249559480024,0.311923116297
269,15,0.215513193264,0.2688454849
270,15,0.230500970393,0.296437132691
271,15,0.149387361791,0.180649378366
272,15,0.170810926474,0.206487832303
273,15,0.150218250845,0.192844120804
274,15,0.125667839335,0.158678694324
275,15,0.173771909442,0.222944326899
276,15,0.385862744245,0.462020337307
277,15,0.180456484559,0.224016921501
278,15,0.10793742009,0.142241770524
279,15,0.135432129648,0.179574335369
280,15,0.168081343328,0.219104672654
281,15,0.175804732502,0.232223260817
282,15,0.216741691274,0.244684349903
283,15,0.167183016521,0.211044368074
284,15,0.161600445471,0.19219410932
285,15,0.135948490934,0.166917109286
286,15,0.135141189778,0.169106284223
287,15,0.176288756286,0.24307574734
288,15,0.198374668319,0.272204746631
289,15,0.164567457927,0.207411286659
290,15,0.214752086787,0.260503339029
291,15,0.174211070079,0.23025452142
292,15,0.124222326137,0.150804287929
293,15,0.113607410703,0.143539583801
294,15,0.115829326481,0.157780830333
295,15,0.152438805707,0.186583927248
296,15,0.103554563766,0.125119529613
297,15,0.198515750689,0.249621263557
298,15,0.1401199728,0.177025393841
299,15,0.133294987416,0.172912336741
300,15,0.113559158461,0.139287999722
301,15,0.170025587199,0.20767356716
302,15,0.147333158042,0.177142002234
303,15,0.154499739792,0.201108730634
304,15,0.0811742650821,0.0990784469215
305,15,0.164611042936,0.241248926944
306,15,0.14513443857,0.180741390048
307,15,0.135298733407,0.168817860288
308,15,0.0864829703733,0.105580355459
309,15,0.236911985235,0.308305033888
310,15,0.170252868066,0.20572986656
311,15,0.274792448696,0.321638284217
312,15,0.327676317127,0.417235894416
313,15,0.745945422178,0.966424033066
314,15,0.318481916824,0.413104849482
315,15,0.180858032624,0.220066774925
316,15,0.259655283273,0.32308610469
317,15,0.230472631866,0.293783041405
318,15,0.20462494207,0.254936552605
319,15,0.219200872543,0.279123068201
320,15,0.231245304298,0.28913377585
321,15,0.18378340596,0.227482426131
322,15,0.131729158586,0.161822185392
323,15,0.223145527316,0.301064393644
324,15,0.130973606296,0.173265516627
325,15,0.147967617801,0.195866950256
326,15,0.1606788756,0.204128586126
327,15,0.372376713045,0.463889975848
328,15,0.280874418351,0.364443474101
329,15,0.131410152504,0.187697965807
330,15,0.138321369078,0.178845149911
331,15,0.180234469478,0.227578450738
332,15,0.300824897478,0.359454394003
333,15,0.318526159759,0.385186816552
334,15,0.374552337184,0.485442040347
335,15,0.493789957114,0.676063754134
