cycle,count,mae,rmse
50,20,0.104108097175,0.129098849692
51,20,0.12562759032,0.1504756441
52,20,0.138742418074,0.167560610877
53,20,0.134021088658,0.16390165131
54,20,0.0868755671585,0.103200965928
55,20,0.0970123228164,0.119034654561
56,20,0.111374488893,0.137541864702
57,20,0.117404741643,0.147329450681
58,20,0.213902564533,0.253727758571
59,20,0.146806303767,0.179366044267
60,20,0.116451334041,0.137771187557
61,20,0.196972297124,0.252600879239
62,20,0.153640799596,0.18376248834
63,20,0.173621429453,0.210487251039
64,20,0.211403543811,0.257842914264
65,20,0.210627959237,0.241398105034
66,20,0.387411681814,0.471203244318
67,20,0.479463476886,0.613767633836
68,20,0.15456164673,0.190271858964
69,20,0.168645897225,0.217646642093
70,20,0.297722311198,0.387525600883
71,20,0.178009775361,0.215844778364
72,20,0.181675531441,0.228270728219
73,20,0.376796843979,0.520479701884
74,20,0.102575879001,0.121893025553
75,20,0.098940161224,0.116826742773
76,20,0.13933988067,0.194783796025
77,20,0.201540594569,0.266396802031
78,20,0.123320495719,0.156974926849
79,20,0.121873247302,0.154621494962
80,20,0.131278359859,0.153740912138
81,20,0.15393372439,0.188627977261
82,20,0.168285530029,0.215871845351
83,20,0.182420047293,0.225552557662
84,20,0.201534500036,0.250307081754
85,20,0.138779710686,0.166913082666
86,20,0.145410876914,0.171657312942
87,20,0.115872276827,0.145198362535
88,20,0.21695651014,0.262264843488
89,20,0.156047138824,0.191501663968
90,20,0.25212237993,0.313511476023
91,20,0.0968915504501,0.120907523726
92,20,0.139496373124,0.169016944604
93,20,0.146383919919,0.171558003537
94,20,0.128910469636,0.155636510697
95,20,0.18833210838,0.228762338815
96,20,0.257732347758,0.321364608324
97,20,0.108631125059,0.137465041403
98,20,0.15037128506,0.181740593435
99,20,0.105843523614,0.137913754048
100,20,0.129661641939,0.16684746806
101,20,0.122221290383,0.146187168604
102,20,0.195075686773,0.253365069162
103,20,0.122721741611,0.145839729861
104,20,0.134625312216,0.168881904261
105,20,0.129897996402,0.157597844035
106,20,0.147024511212,0.191512856209
107,20,0.147219053457,0.181974339711
108,20,0.140514290651,0.171499958345
109,20,0.151316415897,0.187346674991
110,20,0.149540273721,0.21115519803
111,20,0.158749016844,0.190963983651
112,20,0.157449173246,0.199398971054
113,20,0.136962243396,0.161730086999
114,20,0.191588670454,0.246531257081
115,20,0.131088150407,0.166373355509
116,20,0.191172780666,0.241447515074
117,20,0.201057928282,0.241696659833
118,20,0.18084204982,0.232592741845
119,20,0.276813628282,0.350162203142
120,20,0.860299306862,1.08506288957
121,20,0.608621954931,0.724852709445
122,20,0.65694964064,0.825800479299
123,20,0.527138495321,0.626688881459
124,20,0.448151158126,0.55063859107
125,20,0.508759167353,0.632228997387
126,20,0.472809780244,0.624931422272
127,20,0.458372030374,0.62198056857
128,20,0.201795497983,0.242403741313
129,20,0.145641657922,0.226125273834
130,20,0.138935998871,0.188024851898
131,20,0.136249844976,0.19205148612
132,20,0.304096585831,0.374213443664
133,20,0.355300194061,0.440274124391
134,20,0.412290979188,0.483877785
135,20,0.484839863225,0.6075303998
136,20,0.269967636685,0.333887904668
137,20,0.289870349429,0.361367506045
138,20,0.207644600878,0.284024428151
139,20,0.176993604999,0.219963608175
140,20,0.101059732587,0.127824379349
141,20,0.121810467242,0.156874988503
142,20,0.128490747281,0.166851587043
143,20,0.144792042506,0.202430933377
144,20,0.106458772173,0.129292948102
145,20,0.109721195679,0.139515135198
146,20,0.13055421271,0.162670989356
147,20,0.134765215451,0.176833163581
148,20,0.127172057534,0.157268384912
149,20,0.112773311704,0.141576123524
150,20,0.140546904942,0.166519531486
151,20,0.0980319768311,0.129336454055
152,20,0.111183144105,0.137102382087
153,20,0.142633984796,0.186037178431
154,20,0.150397643115,0.23860695025
155,20,0.172995432916,0.248742088078
156,20,0.10477178997,0.137773577186
157,20,0.189452240883,0.240773049653
158,20,0.213706315088,0.268728743477
159,20,0.136556609158,0.164454623707
160,20,0.118976151153,0.145588171132
161,20,0.126539778589,0.160681555128
162,20,0.126610165373,0.158405622349
163,20,0.154530705331,0.200100669009
164,20,0.106228423382,0.134662904797
165,20,0.109045219213,0.149118624779
166,20,0.108061242818,0.143724382847
167,20,0.188473324925,0.236573606169
168,20,0.130788744748,0.16069034125
169,20,0.121245884427,0.153072649864
170,20,0.090706620787,0.112987407402
171,20,0.130198678063,0.168307415231
172,20,0.152942162474,0.189378034758
173,20,0.133273435451,0.15963812491
174,20,0.127185677319,0.153662151484
175,20,0.119855470192,0.151012798329
176,20,0.112596701878,0.138725049847
177,20,0.11226348783,0.144918886559
178,20,0.0939548332064,0.116798357254
179,20,0.0917600296407,0.114377727168
180,20,0.0985373345145,0.120280400292
181,20,0.0948752470432,0.111272718694
182,20,0.103079459643,0.129895120754
183,20,0.109858919805,0.134716123691
184,20,0.125671065078,0.153327483923
185,20,0.106657982749,0.135811376999
186,20,0.114288950732,0.135262899357
187,20,0.187684008761,0.213650667649
188,20,0.0939419213534,0.117157756319
189,20,0.0953602782149,0.123741865004
190,20,0.140181612956,0.166876527157
191,20,0.157181682081,0.193914684331
192,20,0.161242694059,0.197116038163
193,20,0.161629402017,0.191376856101
194,20,0.131040715055,0.159674958727
195,20,0.0839399876142,0.104185165402
196,20,0.132660549215,0.181533862012
197,20,0.233561053251,0.291746396218
198,20,0.192165287536,0.266267042679
199,20,0.144861320974,0.204468659457
200,20,0.26586546087,0.339148012991
201,20,0.280485449688,0.340258709301
202,20,0.3819625034,0.495626046502
203,20,0.514754516201,0.655281470249
204,20,0.397889711446,0.539762097878
205,20,0.35519974722,0.430154181056
206,20,0.645307824965,0.75114042118
207,20,0.336613382938,0.417458756756
208,20,0.520726055875,0.629205059095
209,20,0.358910102326,0.4538693267
210,20,0.555373167538,0.690499809746
211,20,0.962910670279,1.19736005321
212,20,0.445495963137,0.536117371861
213,20,0.860325118459,1.13512194331
214,20,1.0198281838,1.44570431457
215,20,0.887277717028,1.276136491
216,20,0.663698177043,0.918441885251
217,20,0.436466857626,0.505720834623
218,20,0.311787022514,0.37097510924
219,20,0.23563657132,0.328275750817
220,20,0.200234531784,0.250564993031
221,20,0.239424804081,0.336866958882
222,20,0.228378251749,0.293961249857
223,20,0.144414693386,0.188449504915
224,20,0.130757244177,0.178197682876
225,20,0.118316123155,0.144269016661
226,20,0.180310118516,0.221447666802
227,20,0.159670044307,0.196892965419
228,20,0.325817067111,0.427276033376
229,20,0.641750973129,0.821562995656
230,20,0.541723821537,0.640479737576
231,20,0.499371808095,0.640847780132
232,20,1.02044895302,1.3077848732
233,20,0.764007031668,0.895853841211
234,20,0.765447335033,0.936064079203
235,20,0.647602935413,0.811300933712
236,20,0.326171863315,0.395279144883
237,20,0.286960160042,0.37891612717
238,20,0.275314777781,0.381408675017
239,20,0.371667836417,0.481016914411
240,20,0.268402836088,0.314618809438
241,20,0.272049886691,0.336986966112
242,20,0.318769024816,0.399082751436
243,20,0.520528029888,0.645756439017
244,20,0.76086860371,0.955857833262
245,20,0.693540740812,0.841357097784
246,20,0.478210271084,0.632997597875
247,20,0.329037401835,0.417347766444
248,20,0.36427561718,0.46109012304
249,20,0.255039085142,0.321460368062
250,20,0.22320760508,0.296750045439
251,20,0.341636914596,0.404965857545
252,20,0.170892446598,0.216168997622
253,20,0.255916070672,0.302982370981
254,20,0.174194597848,0.218529015958
255,20,0.146269286168,0.166548657273
256,20,0.098167799691,0.12708975682
257,20,0.146314435524,0.18294185212
258,20,0.113247082161,0.144025489865
259,20,0.123734382298,0.151154704166
260,20,0.204847811682,0.247048371901
261,20,0.182399309466,0.23368672035
262,20,0.228890465076,0.283020057289
263,20,0.227386993156,0.287330215952
264,20,0.307929563977,0.416937905303
265,20,0.361372958142,0.447916630409
266,20,0.334892204456,0.406259063375
267,20,0.426097386846,0.531176175403
268,20,0.23195171092,0.293066124195
269,20,0.213991523246,0.278730426003
270,20,0.217655137674,0.292596284776
271,20,0.164910150413,0.198309970784
272,20,0.196070403323,0.236129880781
273,20,0.120583761753,0.148389532908
274,20,0.144994916342,0.179017729506
275,20,0.152190287318,0.19562057343
276,20,0.342963399022,0.434484561928
277,20,0.146556296719,0.198468262266
278,20,0.111852990236,0.149241760839
279,20,0.139139404682,0.193431849987
280,20,0.176128526323,0.233169765191
281,20,0.153794176739,0.213060351349
282,20,0.195314889553,0.240033074423
283,20,0.162303262131,0.199255928584
284,20,0.209175062412,0.245782357612
285,20,0.108948178452,0.133251506728
286,20,0.13957541809,0.176201419832
287,20,0.131190011171,0.173701918471
288,20,0.167301755561,0.21625699831
289,20,0.147584190977,0.191351408933
290,20,0.225691558218,0.272219496267
291,20,0.139575465715,0.167522027529
292,20,0.108923539009,0.136060993507
293,20,0.0996317116413,0.124341353527
294,20,0.08569563653,0.128254893385
295,20,0.122426142307,0.170052432396
296,20,0.119653396931,0.144205633192
297,20,0.117545179406,0.145781677815
298,20,0.154076387724,0.204924129075
299,20,0.106640032599,0.146543177699
300,20,0.163366914511,0.21424062986
301,20,0.190706594153,0.227388076269
302,20,0.114184135484,0.144768153692
303,20,0.116868543349,0.146111227451
304,20,0.107280556322,0.135255746012
305,20,0.159682160481,0.200128157884
306,20,0.121256532057,0.161582005446
307,20,0.103927012522,0.137334389241
308,20,0.123429458195,0.151942663807
309,20,0.228595987496,0.290649364028
310,20,0.136729842418,0.175363496465
311,20,0.240689793059,0.285154577864
312,20,0.356059018973,0.442513757811
313,20,0.487655198884,0.606062421257
314,20,0.310869562402,0.400090645295
315,20,0.209135782171,0.262231192853
316,20,0.214065405067,0.268036171929
317,20,0.228417258937,0.315209617848
318,20,0.227909962512,0.275204671003
319,20,0.25350968981,0.315727031444
320,20,0.168237718625,0.220004600849
321,20,0.153176005092,0.197191904105
322,20,0.117865122963,0.157249168555
323,20,0.14489928048,0.19315610533
324,20,0.128817082607,0.163290424055
325,20,0.159474347058,0.204255636186
326,20,0.164444704782,0.210688017704
327,20,0.477014241862,0.570149569396
328,20,0.246940257563,0.334449987886
329,20,0.151536806037,0.207989972605
330,20,0.182280264677,0.215666930987
331,20,0.138076103192,0.175101200041
332,20,0.310970074429,0.376875875067
333,20,0.429271844968,0.487704158233
334,20,0.473263293564,0.594918437996
335,20,0.588203541815,0.766396588647
