cycle,count,mae,rmse
50,15,0.132140536079,0.156330145932
51,15,0.136192577609,0.169225452109
52,15,0.100529322365,0.125808827632
53,15,0.12163230922,0.147276039443
54,15,0.0830489070038,0.101319870581
55,15,0.087648451262,0.110081938434
56,15,0.0959023569364,0.122030911181
57,15,0.106487390813,0.138182828722
58,15,0.171577772149,0.200108395849
59,15,0.171875378113,0.202552047722
60,15,0.134789903768,0.161273910107
61,15,0.127256159467,0.161227674338
62,15,0.129490624115,0.157336006055
63,15,0.14861545688,0.181788410867
64,15,0.260967707284,0.307118443997
65,15,0.243137050608,0.274737586482
66,15,0.321376573367,0.426374860965
67,15,0.517279268996,0.617899277265
68,15,0.237828258537,0.280682013097
69,15,0.156873518225,0.205308399024
70,15,0.51918842882,0.674288846638
71,15,0.15665899009,0.18898564208
72,15,0.165105506338,0.208389015543
73,15,0.370376480986,0.457513416585
74,15,0.100671569255,0.123303331436
75,15,0.104683962793,0.131576641078
76,15,0.219743160993,0.279799372583
77,15,0.153654766966,0.205575328762
78,15,0.137375805979,0.175483047128
79,15,0.115722605055,0.146036301636
80,15,0.146540747646,0.168974114583
81,15,0.168305074835,0.192651733024
82,15,0.189183871015,0.237496341319
83,15,0.221966387227,0.27519563652
84,15,0.18981354144,0.231201722388
85,15,0.119919513361,0.140070739504
86,15,0.126991229163,0.149820925595
87,15,0.157817770595,0.205907477218
88,15,0.195123914473,0.238209504809
89,15,0.111932953808,0.140819098744
90,15,0.208556344538,0.257410360901
91,15,0.100064141975,0.120546068168
92,15,0.121404551503,0.153858955806
93,15,0.139010157869,0.16994737627
94,15,0.111470771242,0.135437418801
95,15,0.154668997473,0.193133801959
96,15,0.29704549687,0.35550322186
97,15,0.162812563136,0.197618880035
98,15,0.116092535054,0.139242421609
99,15,0.125369198637,0.154417071136
100,15,0.164752595285,0.197351715556
101,15,0.175809558693,0.209997099142
102,15,0.152076215721,0.182164815452
103,15,0.111031390512,0.135723766384
104,15,0.127785776389,0.154651808063
105,15,0.188941681683,0.226077073215
106,15,0.193041271828,0.22935170068
107,15,0.160401343489,0.193224319795
108,15,0.181176229413,0.218731300281
109,15,0.111864602636,0.14246900572
110,15,0.153804095959,0.244980019349
111,15,0.172702610705,0.22232859926
112,15,0.11917443402,0.144047178953
113,15,0.117505098094,0.153576668884
114,15,0.151412710583,0.197386021294
115,15,0.119358005939,0.149975341513
116,15,0.158824191616,0.197197050066
117,15,0.180018350624,0.243075572573
118,15,0.229926612957,0.294449108351
119,15,0.267164667891,0.340445539914
120,15,0.693192272944,0.881939585675
121,15,0.595173092394,0.728615000159
122,15,0.774899733003,0.976827434925
123,15,0.527342982339,0.663379057483
124,15,0.575198384186,0.734008135199
125,15,0.703294536824,0.879314944449
126,15,0.473578243357,0.678734774595
127,15,0.44470444641,0.605866090182
128,15,0.158617579273,0.193115898897
129,15,0.157910191295,0.210228461923
130,15,0.0933929861777,0.124848048416
131,15,0.197195659841,0.239901260229
132,15,0.375969533297,0.456283797093
133,15,0.453393416008,0.613102906625
134,15,0.400003808805,0.476876396245
135,15,0.476310548766,0.538572953062
136,15,0.295283999827,0.364349013132
137,15,0.243977890627,0.303811873322
138,15,0.200600692018,0.251651201516
139,15,0.165887460543,0.218568744417
140,15,0.106391490083,0.130557132314
141,15,0.127583043878,0.162856557825
142,15,0.1073179355,0.143856759029
143,15,0.140333831315,0.211781578096
144,15,0.101946126035,0.130515763995
145,15,0.110499867326,0.142084599127
146,15,0.152367885054,0.198831119711
147,15,0.101456078856,0.123875141298
148,15,0.105442552471,0.126302097663
149,15,0.134880120694,0.162835538331
150,15,0.0890875041658,0.114060966217
151,15,0.156936380995,0.192640411311
152,15,0.156558003714,0.196334446045
153,15,0.15110874925,0.207957258071
154,15,0.168527714975,0.253539594603
155,15,0.211383479763,0.289265226593
156,15,0.156034188666,0.194755459657
157,15,0.25986105833,0.319715650556
158,15,0.212050967812,0.265247018984
159,15,0.121974871103,0.144519144342
160,15,0.11937383516,0.150060644902
161,15,0.170593392038,0.204473216956
162,15,0.136613905866,0.163403890869
163,15,0.150339287016,0.184267851034
164,15,0.154864691869,0.197009752731
165,15,0.148011114197,0.186442668292
166,15,0.125764260223,0.158894177585
167,15,0.120233836845,0.144491183084
168,15,0.138211188116,0.174674589971
169,15,0.0940519064916,0.121593000904
170,15,0.139364734381,0.164251772568
171,15,0.13751583757,0.16237483445
172,15,0.189743597697,0.227373332556
173,15,0.195215011852,0.234533132272
174,15,0.130509790673,0.160622761826
175,15,0.176242997258,0.215006264611
176,15,0.160884227812,0.199118454084
177,15,0.124960049901,0.150327184219
178,15,0.103460894485,0.123861759324
179,15,0.0812145335946,0.102667841157
180,15,0.156748716713,0.191247275565
181,15,0.0641946615633,0.0803545747003
182,15,0.0949832574019,0.126339479343
183,15,0.108055024892,0.130163720316
184,15,0.102916912035,0.126167260275
185,15,0.112950887866,0.138026407309
186,15,0.109471003543,0.134804124808
187,15,0.110789837686,0.134811085476
188,15,0.155751854587,0.193398955634
189,15,0.135644293826,0.17437007704
190,15,0.126509243089,0.161216484744
191,15,0.202816278236,0.232255228881
192,15,0.151543140201,0.1886277767
193,15,0.123763629963,0.15502022454
194,15,0.154568251727,0.176270672114
195,15,0.107758248623,0.128182028764
196,15,0.138270107909,0.169047068362
197,15,0.20401715853,0.304892275604
198,15,0.153790590958,0.28200929655
199,15,0.290654750706,0.357832966098
200,15,0.228792410226,0.29053086997
201,15,0.378148765116,0.493366234048
202,15,0.276461642271,0.3351395679
203,15,0.414471220247,0.486740880398
204,15,0.278096742631,0.346090196406
205,15,0.472224685335,0.551034849221
206,15,0.526662131898,0.646780402027
207,15,0.435549813982,0.511456297816
208,15,0.540747162913,0.634100406624
209,15,0.366113969818,0.478077434358
210,15,0.384754319038,0.511621521742
211,15,1.17847563337,1.4138904495
212,15,0.39342572976,0.482092306822
213,15,0.617344394841,0.827005113023
214,15,0.870939426338,1.23505039029
215,15,0.688648314188,0.88638983077
216,15,0.581072814943,0.744682310994
217,15,0.405665145309,0.476477383604
218,15,0.316814240343,0.405649642074
219,15,0.233403232294,0.300560651666
220,15,0.239314401431,0.294355096972
221,15,0.357355671342,0.46729258669
222,15,0.179743918324,0.225332808539
223,15,0.150254329894,0.185790257801
224,15,0.129861910151,0.175523274621
225,15,0.175045531371,0.22420209986
226,15,0.151659426442,0.18638251815
227,15,0.165266490747,0.21392150976
228,15,0.318960398929,0.372338320948
229,15,0.588278934166,0.741186910778
230,15,0.656636298826,0.851426232059
231,15,0.41085400194,0.524662981188
232,15,0.472652022443,0.59813260535
233,15,0.841718209135,1.0842770576
234,15,0.857043351716,1.09731800607
235,15,0.482099888227,0.593242999456
236,15,0.287291944254,0.372833868902
237,15,0.298684640891,0.396811412594
238,15,0.371822444158,0.507850556486
239,15,0.427833603215,0.510739269699
240,15,0.347494089895,0.408061659545
241,15,0.285293557059,0.336219863158
242,15,0.387107585934,0.463143662586
243,15,0.440015132091,0.599605334775
244,15,0.565730310964,0.728043592441
245,15,0.623120140774,0.754204412908
246,15,0.436567472611,0.5434493976
247,15,0.408845668086,0.524731046975
248,15,0.605940784883,0.775143912621
249,15,0.265259980364,0.337348446712
250,15,0.267000468194,0.339666975677
251,15,0.295365790548,0.352126505175
252,15,0.19883756717,0.253227388136
253,15,0.23363164182,0.297958144053
254,15,0.153667889429,0.20360547757
255,15,0.139052726485,0.167916149932
256,15,0.0931995698174,0.125181810797
257,15,0.133494789813,0.182191059576
258,15,0.151734046822,0.204423036807
259,15,0.146745807258,0.176370811363
260,15,0.15826269481,0.198774145508
261,15,0.245337866967,0.310588130723
262,15,0.174435770674,0.226257088531
263,15,0.22647497428,0.270708470986
264,15,0.38361886351,0.511184773098
265,15,0.339785287905,0.421545675222
266,15,0.393835974742,0.470829700909
267,15,0.236526950158,0.309100463233
268,15,0.225501777555,0.296871278321
269,15,0.202230097239,0.259467763786
270,15,0.211222007446,0.245305269898
271,15,0.176308306019,0.211203040738
272,15,0.167333145793,0.210678231424
273,15,0.113124385314,0.142025754449
274,15,0.155570237473,0.195616735227
275,15,0.134703517324,0.176703984659
276,15,0.386494763847,0.522699934791
277,15,0.209304100977,0.279648632836
278,15,0.112072172727,0.138830070807
279,15,0.133376434168,0.1833850886
280,15,0.19364818719,0.264025046815
281,15,0.165151442318,0.225974766313
282,15,0.209914994149,0.24873169282
283,15,0.160405636435,0.201371326634
284,15,0.14465236719,0.170601803488
285,15,0.127285579788,0.172847694521
286,15,0.135994633797,0.166452517592
287,15,0.127674265084,0.156576236812
288,15,0.172472203101,0.244292245953
289,15,0.142513553875,0.179522771279
290,15,0.192006884218,0.243802736352
291,15,0.14177088625,0.16822828622
292,15,0.117815339129,0.145046193394
293,15,0.110918176831,0.133661510607
294,15,0.134229832391,0.174350707091
295,15,0.133001282242,0.167298299588
296,15,0.0936231204707,0.116589423256
297,15,0.132957955879,0.158722152498
298,15,0.141331143905,0.187205774901
299,15,0.163794946712,0.202774998013
300,15,0.150632870422,0.193020014214
301,15,0.15527208316,0.186493235614
302,15,0.134800924192,0.16228221295
303,15,0.0997474405177,0.120485517325
304,15,0.0925125867807,0.118105859084
305,15,0.123536757784,0.164726260442
306,15,0.0845180473407,0.0997748642233
307,15,0.131068356015,0.157980395281
308,15,0.140464436972,0.174083462035
309,15,0.296601479226,0.365813765097
310,15,0.190718049537,0.244181911327
311,15,0.229136101009,0.279465570167
312,15,0.37643321848,0.453316512641
313,15,0.520325101171,0.691104484062
314,15,0.317935019927,0.404219305117
315,15,0.200197343341,0.253455379542
316,15,0.252225547198,0.312988231332
317,15,0.269211709248,0.356513367347
318,15,0.167588510225,0.211691031597
319,15,0.270157786395,0.338386874113
320,15,0.195879347257,0.241678801248
321,15,0.102661361087,0.132406745059
322,15,0.121322677369,0.154841807875
323,15,0.161781469542,0.219877822835
324,15,0.145650532986,0.180448605038
325,15,0.181535524251,0.236415149108
326,15,0.18826993856,0.232344780384
327,15,0.501393823169,0.604954268471
328,15,0.294975087246,0.363513456766
329,15,0.162278786992,0.204678750189
330,15,0.157056057633,0.187886650934
331,15,0.148627500978,0.186699709264
332,15,0.340917642025,0.398118613405
333,15,0.383617430433,0.455438908145
334,15,0.58908309876,0.722914773321
335,15,0.624529355054,0.800570731851
