cycle,count,mae,rmse
50,15,0.097284099786,0.120005208708
51,15,0.125151867104,0.157878351222
52,15,0.142189772171,0.169197891923
53,15,0.127593868346,0.155624827342
54,15,0.124682201039,0.153589050222
55,15,0.123545946657,0.155324879375
56,15,0.129779716805,0.155432891864
57,15,0.141239937105,0.172139883903
58,15,0.197220783461,0.23384176142
59,15,0.186812878174,0.216401143972
60,15,0.178779084819,0.220525672314
61,15,0.143731159753,0.17570472381
62,15,0.202342780757,0.248911108764
63,15,0.152587024959,0.199329075312
64,15,0.290440510297,0.356316362477
65,15,0.184996901953,0.219032198956
66,15,0.324285039729,0.406295584998
67,15,0.442130383728,0.562159528989
68,15,0.139696523353,0.173971878361
69,15,0.33134668071,0.394685652419
70,15,0.312539419128,0.379801603308
71,15,0.23586191484,0.28357513453
72,15,0.131630690783,0.163524818117
73,15,0.292808284739,0.372611346805
74,15,0.118063808797,0.141879408653
75,15,0.0761932580058,0.0918151224403
76,15,0.156336074171,0.199475475274
77,15,0.168734221556,0.219160872727
78,15,0.133748473387,0.168075533948
79,15,0.121208087211,0.145859336946
80,15,0.0883635695579,0.109494437342
81,15,0.0904290524918,0.109604704614
82,15,0.145564093626,0.17818459811
83,15,0.177202344181,0.217324718483
84,15,0.143333105434,0.168394780331
85,15,0.131006407337,0.157989323634
86,15,0.137827022097,0.166327403532
87,15,0.119141127491,0.142726142095
88,15,0.285867101696,0.368841686551
89,15,0.140144796464,0.173098466772
90,15,0.180729802414,0.233577177361
91,15,0.102068840734,0.133230489004
92,15,0.148314301298,0.175518547176
93,15,0.177439204655,0.210316899099
94,15,0.108299654383,0.133233813312
95,15,0.163743165079,0.226405507091
96,15,0.290960827057,0.372827697295
97,15,0.102138326193,0.121290982928
98,15,0.10368892873,0.124438042853
99,15,0.134163454632,0.159135442116
100,15,0.174402972167,0.216713868647
101,15,0.120457898995,0.142956067541
102,15,0.182287961757,0.225522892972
103,15,0.100566094585,0.123656064002
104,15,0.132383788976,0.163596586534
105,15,0.143395448247,0.181481686139
106,15,0.147407295441,0.18744719119
107,15,0.197502786064,0.228780067682
108,15,0.129663018535,0.162307202326
109,15,0.121296415206,0.153681258684
110,15,0.187832155094,0.246246835962
111,15,0.158910018387,0.189419929253
112,15,0.133242456877,0.162205130119
113,15,0.197817079167,0.240213852113
114,15,0.150705173949,0.207394408068
115,15,0.126126409203,0.155114699624
116,15,0.158104238098,0.204625967383
117,15,0.149219073005,0.177810202
118,15,0.210065506638,0.28269710104
119,15,0.238822623935,0.293389979114
120,15,0.857100006942,1.07330715613
121,15,0.602536331963,0.750642811348
122,15,0.972588438121,1.21627815128
123,15,0.643529752743,0.755097328984
124,15,0.550397739576,0.656438263284
125,15,0.602887053689,0.744085864048
126,15,0.540381797261,0.69160701946
127,15,0.470555529363,0.662131228505
128,15,0.226891181715,0.276547927681
129,15,0.192382186816,0.250499845634
130,15,0.171575407568,0.223794060817
131,15,0.152783722115,0.197971533203
132,15,0.340346001167,0.409247191747
133,15,0.434711811496,0.560829654216
134,15,0.440408139506,0.570396864566
135,15,0.312346542606,0.379003899322
136,15,0.211228354901,0.257579271543
137,15,0.273440356746,0.329280451415
138,15,0.239703115766,0.310216543799
139,15,0.151231333242,0.182290270716
140,15,0.138239884895,0.171612345785
141,15,0.114854747232,0.148626775064
142,15,0.136678714206,0.169756619261
143,15,0.168326502865,0.239606797394
144,15,0.104230536184,0.123753325993
145,15,0.112253940945,0.141063514863
146,15,0.120957489312,0.145500707502
147,15,0.130902043815,0.159320177828
148,15,0.114772150219,0.144587383688
149,15,0.110908069572,0.138000760371
150,15,0.160842685335,0.188373464006
151,15,0.109398159541,0.137905124129
152,15,0.118403431779,0.143289526329
153,15,0.189884062682,0.254285616678
154,15,0.207781432748,0.30257433097
155,15,0.175475853537,0.257342358057
156,15,0.150677751494,0.189834778577
157,15,0.240204251813,0.297630803845
158,15,0.157747511435,0.20940226215
159,15,0.180835219697,0.228929106895
160,15,0.141693730152,0.165975194706
161,15,0.110450446972,0.144405835071
162,15,0.152174908796,0.193308333095
163,15,0.119245446054,0.143223239281
164,15,0.11051661625,0.136480476036
165,15,0.102884715005,0.143367989657
166,15,0.120466721426,0.154802441338
167,15,0.0958563620099,0.122481977311
168,15,0.138038441626,0.171968327406
169,15,0.117486882873,0.146865366653
170,15,0.122984133302,0.150432960942
171,15,0.141921412014,0.167693085937
172,15,0.202575735789,0.250255745243
173,15,0.214517322866,0.261556314126
174,15,0.245289366611,0.28618062088
175,15,0.157877097855,0.194703259733
176,15,0.0878683626865,0.107807356768
177,15,0.175334288736,0.205933822958
178,15,0.149939724495,0.187458991837
179,15,0.0958955505304,0.114538936113
180,15,0.125968975392,0.161632738604
181,15,0.0968774293277,0.121545547077
182,15,0.0808715206054,0.100692855411
183,15,0.10555542888,0.127074014919
184,15,0.125601265255,0.152319860172
185,15,0.10351748277,0.127004124001
186,15,0.108480025951,0.133111549649
187,15,0.135354550907,0.16912694055
188,15,0.103458254792,0.127409315804
189,15,0.104850029251,0.136351892901
190,15,0.146706181746,0.192550019051
191,15,0.154707314381,0.202158233869
192,15,0.119894369951,0.157692530633
193,15,0.124965669105,0.156337642367
194,15,0.152162755382,0.192281914255
195,15,0.0823664984358,0.105773478853
196,15,0.189715001052,0.227382562786
197,15,0.246088612808,0.302160209885
198,15,0.129076313313,0.237056707623
199,15,0.145016514179,0.20244572932
200,15,0.217466794569,0.286846541723
201,15,0.274531242342,0.327759436594
202,15,0.362629281653,0.429893465587
203,15,0.469204810435,0.58290260176
204,15,0.353863611726,0.493552620238
205,15,0.299377863522,0.40481397331
206,15,0.521957060869,0.67992115119
207,15,0.500424114706,0.653544024208
208,15,0.479556581622,0.590434119928
209,15,0.315413738313,0.400384852038
210,15,0.313668728178,0.394548994032
211,15,0.736148793113,0.923085713775
212,15,0.54891003547,0.687386607128
213,15,0.623321523357,0.758273250698
214,15,0.697950821599,0.990041065215
215,15,0.661132424548,0.882116813225
216,15,0.860133267797,1.10799330501
217,15,0.45846538598,0.561084351729
218,15,0.271948305289,0.333760885294
219,15,0.293160287541,0.400748003352
220,15,0.227549449568,0.303846912005
221,15,0.205629184339,0.287027390181
222,15,0.19606402536,0.244706724698
223,15,0.185525113023,0.222990102542
224,15,0.143990236062,0.195764225967
225,15,0.183787544093,0.23594068255
226,15,0.2007727896,0.270519896074
227,15,0.203501218479,0.262588435885
228,15,0.326090952208,0.41759101564
229,15,0.665290034507,0.854994995662
230,15,0.654707510256,0.794758887944
231,15,0.361976171527,0.449855195113
232,15,1.02282817864,1.20354826831
233,15,0.544103938396,0.645872206608
234,15,0.495583554055,0.616955729258
235,15,0.524638999281,0.655369903643
236,15,0.40912382275,0.496807306058
237,15,0.323693534992,0.413736715833
238,15,0.358371329922,0.46394750492
239,15,0.352758772251,0.495241974616
240,15,0.205756396188,0.251193691555
241,15,0.251005153445,0.308938311406
242,15,0.430309485517,0.548481041754
243,15,0.52161908667,0.667771504515
244,15,0.567053217818,0.683838777835
245,15,0.726245766205,0.834172535531
246,15,0.578161200343,0.685469515996
247,15,0.382702117794,0.513911389125
248,15,0.291970270759,0.354889390425
249,15,0.317146076381,0.385173969416
250,15,0.247428890696,0.315818480213
251,15,0.242082404801,0.299628306379
252,15,0.169470546988,0.228264847754
253,15,0.219280739318,0.280682811382
254,15,0.147088238805,0.182295624152
255,15,0.107664077169,0.130698386429
256,15,0.104255402583,0.130812804341
257,15,0.150135715982,0.192144701333
258,15,0.107870043845,0.143820186225
259,15,0.143066980938,0.173412208047
260,15,0.194347392117,0.239681563759
261,15,0.181654700064,0.220327398993
262,15,0.220122879612,0.28109092131
263,15,0.209849568898,0.256433084211
264,15,0.398174532991,0.49263540788
265,15,0.358070467745,0.438441756808
266,15,0.254670190304,0.317453133912
267,15,0.333027213758,0.418922981238
268,15,0.265745330231,0.339915307328
269,15,0.197157832792,0.248530900318
270,15,0.226467337757,0.27401629713
271,15,0.268682435939,0.316339515388
272,15,0.15973926954,0.196857587795
273,15,0.0967596268866,0.123275523228
274,15,0.148032755052,0.172137085766
275,15,0.151458523547,0.196799695441
276,15,0.343653931388,0.432771976787
277,15,0.146874099047,0.194562278075
278,15,0.115176607938,0.151890309908
279,15,0.132793948148,0.16970778912
280,15,0.215258038065,0.256643675472
281,15,0.208803397651,0.270087591354
282,15,0.288890942284,0.353491709528
283,15,0.183087857886,0.215991269084
284,15,0.161043472776,0.195207862718
285,15,0.136465561119,0.176983602282
286,15,0.151444239209,0.191371494417
287,15,0.157382826706,0.209043367782
288,15,0.123449685208,0.153582910985
289,15,0.180907498067,0.22769583229
290,15,0.197215323982,0.24306968514
291,15,0.155820165088,0.192647969489
292,15,0.113138872715,0.143446347892
293,15,0.0916076237193,0.114901384841
294,15,0.126269780856,0.167226808397
295,15,0.136340434645,0.176025407996
296,15,0.0905963468355,0.11357444312
297,15,0.140672928221,0.162820645936
298,15,0.146215577905,0.179399669599
299,15,0.11740970976,0.150719695421
300,15,0.173673991503,0.240494140594
301,15,0.17604385625,0.216645649241
302,15,0.104988243316,0.134164339061
303,15,0.139937341002,0.182461682266
304,15,0.155003079136,0.186619067354
305,15,0.111301817505,0.133756296352
306,15,0.109939958243,0.139624201207
307,15,0.110244998876,0.14180832228
308,15,0.101572393104,0.122438556017
309,15,0.227683732168,0.300751446425
310,15,0.14807330628,0.179152159526
311,15,0.290889140125,0.356976558094
312,15,0.347284559953,0.43689844572
313,15,0.493614335717,0.61689493468
314,15,0.339641093143,0.449794223906
315,15,0.173442102652,0.204739550509
316,15,0.257766619945,0.308859882946
317,15,0.252682322355,0.335205671756
318,15,0.171381533159,0.211064778941
319,15,0.225405782162,0.286905071897
320,15,0.147930310699,0.189663316023
321,15,0.119847208354,0.158592180288
322,15,0.127837132038,0.160482039746
323,15,0.172481810214,0.206270525051
324,15,0.149702216861,0.19354596185
325,15,0.192274829259,0.251434939308
326,15,0.231974776297,0.306605939228
327,15,0.386752565189,0.480261469617
328,15,0.242335072001,0.327785484482
329,15,0.170879973287,0.217628321964
330,15,0.150952903123,0.176721027228
331,15,0.149120520398,0.18943567608
332,15,0.350122555654,0.436025427963
333,15,0.441999791585,0.524660786447
334,15,0.573442232669,0.715876603302
335,15,0.602767559025,0.728130686151
