cycle,count,mae,rmse
5,4,0.149073827145,0.195047749334
6,4,0.145859217983,0.189523525279
7,4,0.116470635225,0.160014566001
8,4,0.139959630454,0.181755639077
9,4,0.208709620062,0.269484714361
10,4,0.218457119943,0.301622508428
11,4,0.294532375681,0.381495014924
12,4,0.217970974572,0.288842567538
13,4,0.171865321872,0.222386191795
14,4,0.173329485864,0.231157325115
15,4,0.157760220804,0.205429134293
16,4,0.150118599305,0.193456375089
17,4,0.206694450391,0.253686878263
18,4,0.209469369319,0.253591334318
19,4,0.167083808941,0.206013589523
20,4,0.132301634264,0.172247299888
21,4,0.141215664435,0.200498193806
22,4,0.177935919137,0.224675120871
23,4,0.152048041207,0.208424395134
24,4,0.117135383552,0.151509882962
25,4,0.161770928271,0.2150108513
26,4,0.240016097848,0.314575604989
27,4,0.164137355544,0.218033234725
28,4,0.197625321059,0.243528501213
29,4,0.165422282124,0.210007121451
30,4,0.107226536955,0.137624914067
31,4,0.120370133467,0.162240422075
32,4,0.138385867383,0.168133280155
33,4,0.171577685397,0.216441119247
34,4,0.216319946448,0.253148955178
35,4,0.340693614697,0.398302198856
36,4,0.268169967314,0.408329829863
37,4,0.266428907032,0.395037959028
38,4,0.241927808554,0.299573234236
39,4,0.285109599343,0.362085309377
40,4,0.324601152305,0.385342276207
41,4,0.423351739953,0.476009749302
42,4,0.165044827547,0.203663499513
43,4,0.188744942613,0.227159170782
44,4,0.165462615089,0.219752563877
45,4,0.208989540267,0.251839038247
46,4,0.195049090124,0.258442526566
47,4,0.161711876186,0.195562975899
48,4,0.128855664572,0.167852785228
49,4,0.119529946633,0.150675895775
50,4,0.120912271533,0.148529844132
51,4,0.14099847522,0.175086642347
52,4,0.133456580173,0.166308497049
53,4,0.177661954024,0.219617431746
54,4,0.15480142665,0.182807073039
55,4,0.107840890547,0.135947035921
56,4,0.196113160032,0.231864840413
57,4,0.152946623824,0.187569702919
58,4,0.221463342733,0.30175987934
59,4,0.185861127141,0.26344850865
60,4,0.160388152618,0.227762185874
61,4,0.124498573916,0.156012366499
62,4,0.158182344689,0.196920420087
63,4,0.201812778369,0.268027954208
64,4,0.379810237429,0.464134343757
65,4,0.171938255147,0.236857922432
66,4,0.328285636985,0.462625143165
67,4,0.759524003752,0.929654362064
68,4,0.154940091628,0.188869572112
69,4,0.14219563139,0.174327872773
70,4,0.290964380725,0.380829007967
71,4,0.160339784369,0.193938985935
72,4,0.138143749173,0.174659451705
73,4,0.451484093689,0.512961521299
74,4,0.107791423878,0.133707752088
75,4,0.113591596488,0.139336144963
76,4,0.142619454172,0.173457709794
77,4,0.211446558704,0.264289770867
78,4,0.122753776855,0.152382220442
79,4,0.109542721545,0.131561642379
80,4,0.148054023346,0.169510906511
81,4,0.107597617324,0.137122489528
82,4,0.125502712279,0.151081511811
83,4,0.297610000643,0.333796440267
84,4,0.113489141618,0.141615726998
85,4,0.108423775805,0.142287715109
86,4,0.0976290616991,0.128013227497
87,4,0.147380943376,0.17794089504
88,4,0.253547270607,0.346201180512
89,4,0.147247199729,0.185821351467
90,4,0.292103777297,0.372331968773
91,4,0.151867729612,0.215211189783
92,4,0.172938564753,0.212010883298
93,4,0.188468945641,0.257414747049
94,4,0.212501883249,0.255984572763
95,4,0.165578931115,0.216172986917
96,4,0.294813983974,0.367046703882
97,4,0.130325015545,0.168898285379
98,4,0.121567736115,0.151116511639
99,4,0.103552376138,0.136240199188
100,4,0.14138249919,0.169963501859
101,4,0.135285354876,0.165917432124
102,4,0.179902347308,0.211632148909
103,4,0.188533195552,0.240733160137
104,4,0.114109335701,0.150140185957
105,4,0.115952408372,0.152808840061
106,4,0.0999415798773,0.127104370205
107,4,0.115540771169,0.142697681415
108,4,0.261806809625,0.292637946698
109,4,0.210763507213,0.277266573072
110,4,0.274813302373,0.343617183862
111,4,0.217640209945,0.263531542484
112,4,0.19175587792,0.244594237308
113,4,0.226176332589,0.306623612366
114,4,0.181347310035,0.268993272888
115,4,0.154778941062,0.20299198349
116,4,0.13664848192,0.166721002895
117,4,0.170676266121,0.204604263973
118,4,0.167202070008,0.206706083059
119,4,0.272567321269,0.384637088297
120,4,0.719068221566,0.879288994167
121,4,0.549748399009,0.637677715913
122,4,0.642629347183,0.819550604871
123,4,0.584381668202,0.657410624496
124,4,0.428504275884,0.53215625023
125,4,0.505841111342,0.642275488715
126,4,0.474493016809,0.619531719174
127,4,0.487337019629,0.631026288894
128,4,0.179469272685,0.223297926016
129,4,0.167646014124,0.244005211651
130,4,0.124439722138,0.163962055739
131,4,0.198907107096,0.263035681419
132,4,0.299170750907,0.388355960169
133,4,0.485852038639,0.614567860784
134,4,0.467928874422,0.556112471119
135,4,0.462251733029,0.583801203553
136,4,0.326647528628,0.400806359553
137,4,0.297126480145,0.359813238656
138,4,0.232082284509,0.305055751437
139,4,0.19024949501,0.235706237164
140,4,0.098498425334,0.123008295468
141,4,0.127215942659,0.161578757933
142,4,0.144013538459,0.184686700321
143,4,0.175853207588,0.241095541461
144,4,0.107284916826,0.138228010671
145,4,0.0922367871641,0.125237419724
146,4,0.0952851537146,0.116868486792
147,4,0.0923118039804,0.114365211085
148,4,0.105588508035,0.137381342016
149,4,0.0922095546378,0.129135854435
150,4,0.0951181764151,0.118514617119
151,4,0.131814780853,0.154588892131
152,4,0.12354816887,0.156090092841
153,4,0.147205255617,0.212396722373
154,4,0.177529619441,0.277646789065
155,4,0.19178378796,0.29091250607
156,4,0.106272888349,0.137627378123
157,4,0.242211497323,0.29166996432
158,4,0.19401726275,0.244896099693
159,4,0.106365997957,0.141302381522
160,4,0.150110902958,0.189352857941
161,4,0.119705720133,0.159904273812
162,4,0.141996776868,0.173023058033
163,4,0.170164606818,0.207213005069
164,4,0.155199245112,0.180829550512
165,4,0.179960214826,0.229935090111
166,4,0.196396499221,0.248887672341
167,4,0.185906985182,0.220430342199
168,4,0.130702305239,0.166229401196
169,4,0.131417401949,0.154859604318
170,4,0.115112950691,0.138255792057
171,4,0.118965800979,0.14403501177
172,4,0.153991212063,0.201579458033
173,4,0.166375345939,0.195025222914
174,4,0.124295556702,0.15240867036
175,4,0.118177446554,0.146892677307
176,4,0.127630877815,0.153367525121
177,4,0.113819874549,0.137093082615
178,4,0.121725260819,0.14946944825
179,4,0.131410420029,0.154293864914
180,4,0.110986068733,0.131877400241
181,4,0.0934953760734,0.110859411792
182,4,0.13161625385,0.159790171416
183,4,0.108314532377,0.131276953508
184,4,0.0990529076211,0.120078727866
185,4,0.103877262902,0.1222555212
186,4,0.115776283327,0.146048313155
187,4,0.127163984013,0.15825009732
188,4,0.130490612502,0.170634466109
189,4,0.156121580519,0.189005788718
190,4,0.132975893258,0.197472486587
191,4,0.149573244665,0.225072160348
192,4,0.172641590174,0.213333647362
193,4,0.129150197292,0.179111881577
194,4,0.198908621329,0.229717793334
195,4,0.0974879876392,0.134032084082
196,4,0.177200353304,0.227168041286
197,4,0.230633360768,0.327095864522
198,4,0.18429371928,0.304531675321
199,4,0.237034528676,0.272482544392
200,4,0.242019847577,0.313370436147
201,4,0.449473647824,0.544704483755
202,4,0.538115034163,0.717637580936
203,4,0.531699293817,0.653024848948
204,4,0.609367478735,0.688724501183
205,4,0.756580114452,0.881079643633
206,4,0.692737517233,0.841509792057
207,4,0.547529274933,0.665069338479
208,4,0.662324491708,0.78082507523
209,4,0.475616372669,0.609647336747
210,4,0.63737506448,0.754460600148
211,4,0.918586918065,1.06731488232
212,4,0.548828330731,0.624831830293
213,4,0.52729892399,0.655222860829
214,4,0.898245935128,1.01702790653
215,4,0.632487544714,0.92495203347
216,4,0.599726717031,0.757869607437
217,4,0.396488278037,0.501485047426
218,4,0.282246230386,0.32436906217
219,4,0.225256986708,0.295026339597
220,4,0.241775034976,0.314559236415
221,4,0.298495370264,0.357128068883
222,4,0.246008998193,0.307529673881
223,4,0.181834367061,0.226375489572
224,4,0.16784426489,0.214621942942
225,4,0.147493094946,0.185193637963
226,4,0.180336208755,0.229757503208
227,4,0.178470400114,0.23175019012
228,4,0.354807064932,0.433006021544
229,4,0.567757380621,0.683456877493
230,4,0.767983805835,0.934615153268
231,4,0.542289812957,0.652056542213
232,4,0.8144050748,0.928378401655
233,4,0.719651025976,0.891448103808
234,4,0.771033899676,0.885246057001
235,4,0.656032701274,0.763508977465
236,4,0.644907032249,0.809738265778
237,4,0.497100853183,0.620771884318
238,4,0.429746473681,0.600638733736
239,4,0.498382662718,0.668282425025
240,4,0.488838919635,0.639762258679
241,4,0.378149474935,0.464098868888
242,4,0.554344603151,0.716256949972
243,4,0.583296976366,0.723397570478
244,4,0.866027857119,1.03949482182
245,4,0.833724286786,1.00520175719
246,4,0.765823658553,0.872301093226
247,4,0.612808619011,0.764165463241
248,4,0.547908503838,0.651628520778
249,4,0.456174235333,0.536405027195
250,4,0.413735837488,0.524848352475
251,4,0.411557414124,0.480164247026
252,4,0.291774654102,0.37600176237
253,4,0.336541094084,0.390897357592
254,4,0.19900118581,0.244649912851
255,4,0.12050133749,0.155333095016
256,4,0.123435491587,0.161135165633
257,4,0.228325911631,0.260809090301
258,4,0.132339537106,0.180962876689
259,4,0.133677266738,0.175425028715
260,4,0.210962581642,0.258612338786
261,4,0.203648572678,0.247531524461
262,4,0.260775329415,0.316595263262
263,4,0.206647367849,0.246148028129
264,4,0.319734051422,0.391730716799
265,4,0.335998443686,0.414256869115
266,4,0.316832379185,0.382593924226
267,4,0.366999951281,0.437323440023
268,4,0.312431912082,0.362036745002
269,4,0.28471098677,0.363001608506
270,4,0.247525225825,0.314639855805
271,4,0.248479317084,0.299469412676
272,4,0.228888823797,0.267268597942
273,4,0.171172412381,0.212954122622
274,4,0.184088367262,0.236898631462
275,4,0.217500618513,0.265069808678
276,4,0.371370118612,0.478354744307
277,4,0.194764093663,0.264118480163
278,4,0.17310969599,0.210621307993
279,4,0.168597889784,0.22601897324
280,4,0.188305170284,0.254889803283
281,4,0.210747048665,0.286586262549
282,4,0.228889357752,0.278009969852
283,4,0.185537181789,0.239277919759
284,4,0.273207491395,0.321455366401
285,4,0.188589348521,0.236090593581
286,4,0.185368941963,0.222763288148
287,4,0.22308258238,0.284938294861
288,4,0.183316495455,0.236868924104
289,4,0.222116529032,0.284107563618
290,4,0.193303173379,0.25596475855
291,4,0.174793418549,0.210042616424
292,4,0.167611835126,0.195685395816
293,4,0.190455103345,0.232209772086
294,4,0.166795638037,0.209860354911
295,4,0.171157457725,0.217723577841
296,4,0.159050440494,0.191085919074
297,4,0.131161312013,0.1655956576
298,4,0.195473622563,0.236763479259
299,4,0.182846996073,0.228855312514
300,4,0.185085662217,0.232030518472
301,4,0.168240866116,0.211665576459
302,4,0.152725312562,0.191020781599
303,4,0.160454216368,0.195692368442
304,4,0.194396799179,0.234685976201
305,4,0.149969663846,0.185159508716
306,4,0.196358683505,0.23650670474
307,4,0.175728765501,0.215086357905
308,4,0.15272258983,0.202279626596
309,4,0.206107177249,0.277554112011
310,4,0.189288366423,0.225721556841
311,4,0.223522834062,0.270547031877
312,4,0.308512553746,0.382789043094
313,4,0.464678934438,0.595218274895
314,4,0.273505806189,0.332573747678
315,4,0.25269547414,0.298221147281
316,4,0.263396601661,0.320560111964
317,4,0.226703858812,0.298073530166
318,4,0.237969771469,0.284853657097
319,4,0.273360783379,0.340746198672
320,4,0.192144887878,0.23239887746
321,4,0.130588585328,0.161978467981
322,4,0.131263570877,0.174866857357
323,4,0.153658499185,0.204930949155
324,4,0.178045044219,0.220194517594
325,4,0.136869718097,0.19262228432
326,4,0.20883554475,0.267150806286
327,4,0.405595285643,0.499266714072
328,4,0.229102934598,0.309023220596
329,4,0.24532312024,0.29189609425
330,4,0.157433937969,0.191107710662
331,4,0.155092472157,0.208080597666
332,4,0.319710013644,0.384765040502
333,4,0.489976585205,0.597495298867
334,4,0.694833517467,0.892291908745
335,4,0.575298169548,0.711307230823
