cycle,count,mae,rmse
5,8,0.162621528815,0.196908480258
6,8,0.136131656395,0.170342822319
7,8,0.14299598017,0.181872847503
8,8,0.132992236083,0.169302650812
9,8,0.204182050609,0.260187788343
10,8,0.203335984812,0.269757892078
11,8,0.29783558922,0.37740605509
12,8,0.233366909024,0.330625646658
13,8,0.167705687357,0.210115997711
14,8,0.184441965059,0.236048958716
15,8,0.187027762265,0.224544150271
16,8,0.18048130451,0.213295882689
17,8,0.192287383314,0.253550681831
18,8,0.213083602543,0.256042048923
19,8,0.186277951259,0.218267185976
20,8,0.147357557174,0.187098782058
21,8,0.118659139215,0.167759050578
22,8,0.197178233074,0.242989592258
23,8,0.176488900325,0.217634619758
24,8,0.152685862208,0.185905454661
25,8,0.171268156259,0.235206285525
26,8,0.270704750581,0.319737533607
27,8,0.135735469374,0.176552514745
28,8,0.162039724806,0.204714116952
29,8,0.136202348277,0.172306349628
30,8,0.135953880223,0.16949608245
31,8,0.11036538381,0.142192162495
32,8,0.116797962825,0.154948897995
33,8,0.14499435854,0.199764463707
34,8,0.29048875089,0.337411927316
35,8,0.297322729193,0.381270770684
36,8,0.303139465554,0.400750302585
37,8,0.237126067588,0.345137528278
38,8,0.258823196248,0.328576336448
39,8,0.231120448411,0.341011432383
40,8,0.297671110461,0.369392796717
41,8,0.366273448985,0.429219488603
42,8,0.155318461575,0.188919844569
43,8,0.182754467193,0.236562723977
44,8,0.19845932205,0.240503969109
45,8,0.189771765896,0.222288853583
46,8,0.171467866654,0.220500144382
47,8,0.108921287071,0.141026144515
48,8,0.127287709717,0.16295792913
49,8,0.128204962749,0.16599636402
50,8,0.143569913493,0.174718860924
51,8,0.124785441341,0.158431647203
52,8,0.106570682039,0.131748873005
53,8,0.169394836846,0.207863875742
54,8,0.129816797929,0.163995766801
55,8,0.122303150842,0.158872017261
56,8,0.124649833191,0.172622794607
57,8,0.145962175298,0.18069200325
58,8,0.209215821397,0.271088022881
59,8,0.26579163528,0.303032290466
60,8,0.244713506621,0.283369888598
61,8,0.123901279492,0.155146113475
62,8,0.131361855465,0.162678012693
63,8,0.197471557459,0.260839781159
64,8,0.30594110979,0.370441757555
65,8,0.21222610005,0.276657121608
66,8,0.350494313445,0.439916068963
67,8,0.677147008738,0.826717367964
68,8,0.131799202417,0.165983008898
69,8,0.184130211252,0.226418957513
70,8,0.300103236715,0.370555423786
71,8,0.194936460553,0.253694665361
72,8,0.149990916673,0.179005273044
73,8,0.316823374784,0.406711476119
74,8,0.123357837446,0.152154935199
75,8,0.107247688781,0.138368663998
76,8,0.141008737398,0.178567165086
77,8,0.143190599231,0.198762662842
78,8,0.11640854213,0.14924038798
79,8,0.106186735177,0.139547169222
80,8,0.100584969074,0.125864365717
81,8,0.12072505565,0.169043979621
82,8,0.13965616705,0.173460685751
83,8,0.132346602332,0.165338230465
84,8,0.170262655446,0.21121294266
85,8,0.116300816391,0.151076940509
86,8,0.115753075957,0.150619601128
87,8,0.13842869876,0.179489374957
88,8,0.255140658366,0.330188828545
89,8,0.135119387016,0.168124761167
90,8,0.303643188891,0.396441660595
91,8,0.155771871651,0.191853109089
92,8,0.168168254893,0.217166321272
93,8,0.216222245061,0.295870271977
94,8,0.125404827698,0.154998641415
95,8,0.173146533903,0.231061497613
96,8,0.404894684419,0.4695437142
97,8,0.107182883867,0.148607589427
98,8,0.0997385572067,0.124662550227
99,8,0.137283469099,0.172139341184
100,8,0.13621107076,0.178252139583
101,8,0.119291024761,0.139525843987
102,8,0.143209488362,0.193399367806
103,8,0.215279444144,0.273330493129
104,8,0.153147081497,0.191320538543
105,8,0.155195279446,0.186146025319
106,8,0.104096638054,0.140784090495
107,8,0.109719164017,0.150044502473
108,8,0.166687222731,0.20304532529
109,8,0.255586212738,0.315303529983
110,8,0.447637409893,0.518403436204
111,8,0.195182197827,0.240411396639
112,8,0.225435586788,0.2772674361
113,8,0.253152880031,0.314625770605
114,8,0.179184530891,0.243479953082
115,8,0.169010811724,0.220767569197
116,8,0.15730176099,0.197020150428
117,8,0.134006675208,0.175936114437
118,8,0.216160681133,0.25894706007
119,8,0.263188984562,0.355252871866
120,8,0.604720619359,0.788998161793
121,8,0.535098489065,0.651684635094
122,8,0.77790993415,0.979506629928
123,8,0.525616374599,0.690485929483
124,8,0.432879611266,0.515129467578
125,8,0.632969535859,0.76751893391
126,8,0.468206314593,0.571589673107
127,8,0.439800336637,0.609579236243
128,8,0.182195261638,0.228821662926
129,8,0.165814026093,0.230801014844
130,8,0.132676108255,0.176235966077
131,8,0.161153377774,0.200923836738
132,8,0.303592116868,0.390532160695
133,8,0.467034746986,0.588894331491
134,8,0.452751214463,0.543594989061
135,8,0.488595974635,0.558465808403
136,8,0.323637277533,0.37396633166
137,8,0.325161161799,0.375626699706
138,8,0.219422612798,0.306260458296
139,8,0.174010934594,0.221363649873
140,8,0.138864778813,0.179445902443
141,8,0.125112586251,0.169969846827
142,8,0.129699370401,0.164724899413
143,8,0.167645538076,0.232495281665
144,8,0.121829882003,0.163056746585
145,8,0.0973366788874,0.124115068954
146,8,0.107265129602,0.135529743967
147,8,0.13111129324,0.164939816545
148,8,0.107123704489,0.131865147375
149,8,0.096515212668,0.121325576217
150,8,0.0996731158257,0.125206502317
151,8,0.173032033062,0.205289903345
152,8,0.138404826424,0.169077727802
153,8,0.165470889214,0.212835963477
154,8,0.206078293508,0.297271810184
155,8,0.228255283536,0.301436256007
156,8,0.102727598834,0.137368381403
157,8,0.248961042831,0.290233932779
158,8,0.173510601772,0.212734029197
159,8,0.125539998997,0.159997930631
160,8,0.144928409511,0.176571826337
161,8,0.13925408149,0.173882502775
162,8,0.13684590005,0.170960838394
163,8,0.146931232479,0.183209999279
164,8,0.142910694839,0.180307763483
165,8,0.154146058443,0.196180600436
166,8,0.164860563547,0.210826630933
167,8,0.157899923304,0.194574276881
168,8,0.125488340866,0.154128547624
169,8,0.143836524383,0.181163156798
170,8,0.108734628228,0.132208496545
171,8,0.142794520185,0.180776076857
172,8,0.169724447738,0.207711381845
173,8,0.154560801706,0.187931426116
174,8,0.12505300825,0.162106312464
175,8,0.123884852685,0.15518517912
176,8,0.118213644416,0.149416812499
177,8,0.12198595166,0.153256950578
178,8,0.0998548600532,0.127728492626
179,8,0.116339552608,0.142916597234
180,8,0.0937316932984,0.122534287656
181,8,0.107127383247,0.134803115331
182,8,0.131727345385,0.160872563077
183,8,0.110911990122,0.135876724429
184,8,0.100042019637,0.118604457565
185,8,0.10712970891,0.134600929401
186,8,0.102857491395,0.142319110231
187,8,0.113925698877,0.13536889013
188,8,0.148079169516,0.182078270526
189,8,0.113603022457,0.144694505253
190,8,0.17360563886,0.217467508538
191,8,0.169557243842,0.217259721457
192,8,0.15207743547,0.195045381303
193,8,0.136638292568,0.17579601131
194,8,0.137213453863,0.166516045448
195,8,0.109925968663,0.136119140799
196,8,0.213513130554,0.25940212657
197,8,0.230929351696,0.311085634926
198,8,0.206604938404,0.321056481125
199,8,0.151209158762,0.238882492015
200,8,0.263785889372,0.331399947877
201,8,0.426017849497,0.509741734093
202,8,0.550780058612,0.664531889273
203,8,0.506807238647,0.651380161928
204,8,0.482566941917,0.605805242276
205,8,0.652015812022,0.757152968285
206,8,0.721711024934,0.855078750363
207,8,0.580960892777,0.676931468362
208,8,0.657426725285,0.756712281735
209,8,0.523424982141,0.643940333726
210,8,0.740649628411,0.915194580782
211,8,0.845710231909,1.03940597335
212,8,0.465660432059,0.550752169351
213,8,0.548345019985,0.667829899588
214,8,0.629666210833,0.966695587423
215,8,0.618815343402,0.902266357499
216,8,0.481725234015,0.597647968581
217,8,0.410433125931,0.505859421463
218,8,0.284295771732,0.343773150535
219,8,0.250628539933,0.348523625516
220,8,0.197877087679,0.251649218488
221,8,0.262362823378,0.363368182793
222,8,0.226224179804,0.282244318082
223,8,0.181328857737,0.234737255731
224,8,0.162710149685,0.206398937139
225,8,0.171316100212,0.210628356178
226,8,0.187420052776,0.234528271441
227,8,0.232542608723,0.288034690444
228,8,0.297001322459,0.38140115432
229,8,0.494676818065,0.656672873393
230,8,0.590917398775,0.696790044916
231,8,0.51176049158,0.613970247342
232,8,0.793297620157,0.959513170767
233,8,0.840487963926,0.951078258187
234,8,0.740471216338,0.842116511414
235,8,0.705778028349,0.850405114215
236,8,0.496677416982,0.583464837847
237,8,0.47559763438,0.571708488375
238,8,0.425953703186,0.558670154954
239,8,0.489201033609,0.62960801
240,8,0.344203019923,0.436978839596
241,8,0.356956384432,0.436425426393
242,8,0.58948554432,0.699049531458
243,8,0.699733173353,0.833882286398
244,8,0.811606589448,0.985026538163
245,8,1.14023580133,1.34501934041
246,8,0.738062105915,0.851290176578
247,8,0.555143557608,0.682288802914
248,8,0.510065256453,0.616552446249
249,8,0.446534120974,0.514090727725
250,8,0.340749199278,0.440881202291
251,8,0.378092939679,0.444976961104
252,8,0.270266795217,0.334313531695
253,8,0.356174847787,0.4244873924
254,8,0.191878614258,0.24045376084
255,8,0.116309602163,0.138481827284
256,8,0.121766814938,0.152430795642
257,8,0.218462323857,0.252033756808
258,8,0.128171651682,0.16617954435
259,8,0.145002623931,0.180503044019
260,8,0.182403844553,0.228012183046
261,8,0.252034492306,0.313086546025
262,8,0.240519525168,0.289038560543
263,8,0.196437043882,0.237495706302
264,8,0.289679732226,0.368091563916
265,8,0.334456042576,0.408399877096
266,8,0.341623448463,0.412685750336
267,8,0.327277927815,0.404140704704
268,8,0.326406246266,0.398553796438
269,8,0.296146924524,0.360164966592
270,8,0.272435207308,0.338368913856
271,8,0.228804868016,0.292407030886
272,8,0.182596365281,0.224276562407
273,8,0.165858950049,0.204468686139
274,8,0.176929654687,0.221450328487
275,8,0.16966319721,0.220444909954
276,8,0.343910483662,0.412666191709
277,8,0.178935806513,0.244616005507
278,8,0.175707889708,0.22402154024
279,8,0.172777423265,0.220574934369
280,8,0.192497406013,0.23959131607
281,8,0.205819803215,0.260298316973
282,8,0.187057846267,0.237661844505
283,8,0.159827491866,0.208366149684
284,8,0.182763241867,0.224428643642
285,8,0.181495321199,0.233381990792
286,8,0.1653454675,0.220213915976
287,8,0.21439654318,0.252285024318
288,8,0.197145793864,0.249814361948
289,8,0.193357993373,0.243459328972
290,8,0.173410701188,0.22781315399
291,8,0.166625069197,0.214912699471
292,8,0.164577432142,0.203921475271
293,8,0.153858132777,0.19272683736
294,8,0.153339695961,0.203126885385
295,8,0.186590975215,0.235201526866
296,8,0.134326684288,0.162701591259
297,8,0.144115316113,0.185004012006
298,8,0.173028969138,0.214119870427
299,8,0.150894784274,0.1945818376
300,8,0.177412767918,0.217310522542
301,8,0.155818134791,0.18962760349
302,8,0.142403974645,0.177669139621
303,8,0.172981471652,0.206416862953
304,8,0.178379878894,0.213204568405
305,8,0.152213758028,0.195959881382
306,8,0.213150832982,0.250466654721
307,8,0.148980321745,0.184174144113
308,8,0.225078073771,0.260100108999
309,8,0.265670966385,0.342709493906
310,8,0.20918028916,0.261008990493
311,8,0.26533357437,0.316356818054
312,8,0.315182611002,0.401679599697
313,8,0.460549803554,0.570542371913
314,8,0.255178762423,0.315825414444
315,8,0.232265413245,0.293933040995
316,8,0.264450535769,0.333736386931
317,8,0.249075329824,0.309147700439
318,8,0.174155596811,0.229718674852
319,8,0.289132372745,0.362871803059
320,8,0.183272587883,0.235814538595
321,8,0.133966801364,0.16530695271
322,8,0.113271441552,0.144874944274
323,8,0.151362342566,0.191712643423
324,8,0.15058624134,0.18235246028
325,8,0.140478637734,0.17781930101
326,8,0.189257316912,0.243782814571
327,8,0.416228834513,0.508455864613
328,8,0.247360803178,0.300276870453
329,8,0.151402152076,0.205301521946
330,8,0.168497528362,0.209208201248
331,8,0.158000930737,0.19588142884
332,8,0.354284368732,0.411857257936
333,8,0.470311741352,0.529492305463
334,8,0.59436608786,0.707553830757
335,8,0.657445010135,0.769149752708
