cycle,count,mae,rmse
50,15,0.155116043943,0.182279472094
51,15,0.102901568533,0.126328052627
52,15,0.0998826564257,0.122423479353
53,15,0.12549043006,0.150598353742
54,15,0.080790860608,0.101728027377
55,15,0.136228811423,0.162837645401
56,15,0.0892431811174,0.117321347868
57,15,0.126994113055,0.157682459366
58,15,0.234178993919,0.273704661164
59,15,0.246632039136,0.278636712808
60,15,0.144349273991,0.175673064248
61,15,0.128060246791,0.161258703443
62,15,0.185205297486,0.220149068786
63,15,0.124792329839,0.161208481745
64,15,0.286058617257,0.352050325325
65,15,0.228627238497,0.268821900962
66,15,0.293641367184,0.359610068043
67,15,0.456162657532,0.535208962981
68,15,0.153423139739,0.185212971118
69,15,0.253730169746,0.297474547278
70,15,0.290769228331,0.378541531573
71,15,0.286919105595,0.358051374803
72,15,0.157816684251,0.19175448739
73,15,0.484885788325,0.577407789202
74,15,0.155471212492,0.192131639443
75,15,0.148057911046,0.175756135312
76,15,0.131188051654,0.160677255776
77,15,0.199758215877,0.259924289456
78,15,0.203226304949,0.242153897197
79,15,0.0912077591765,0.11166947036
80,15,0.112166940968,0.137560404131
81,15,0.141046590389,0.170282114407
82,15,0.12215227067,0.15196840568
83,15,0.215951470405,0.297397431889
84,15,0.208660578642,0.254001364536
85,15,0.14206063917,0.17232735925
86,15,0.149949938564,0.193897799875
87,15,0.127057992463,0.167688537577
88,15,0.170938885313,0.206110121993
89,15,0.130464363617,0.163952220024
90,15,0.220499503418,0.28133349918
91,15,0.113002279192,0.160994318035
92,15,0.140594367281,0.176138194196
93,15,0.133757720831,0.171750641278
94,15,0.129718507032,0.164150928515
95,15,0.0970985558657,0.118136148365
96,15,0.233629086268,0.294118892878
97,15,0.129269841164,0.157810478642
98,15,0.107480561332,0.130245384145
99,15,0.125432138184,0.147410236531
100,15,0.144018002866,0.170784245928
101,15,0.131234610082,0.153826371598
102,15,0.121396927846,0.142201797282
103,15,0.102174316189,0.125134380406
104,15,0.106678821837,0.125874033978
105,15,0.185176850481,0.222344000961
106,15,0.147448063222,0.181894346836
107,15,0.0972654232275,0.119788255838
108,15,0.228639291559,0.284082574887
109,15,0.181360969321,0.217505300622
110,15,0.157619630997,0.234244225764
111,15,0.16062056097,0.196619459904
112,15,0.229345117724,0.265161145085
113,15,0.148379154336,0.18352979305
114,15,0.144826837015,0.186189201922
115,15,0.133335385234,0.165149635702
116,15,0.148229598599,0.187198534644
117,15,0.18067683278,0.247680827399
118,15,0.2287259529,0.293479236207
119,15,0.260415906639,0.32067137665
120,15,0.753006406862,0.985005516635
121,15,0.569956690242,0.721563976812
122,15,0.729374343606,0.902744913468
123,15,0.557222462507,0.65029973238
124,15,0.432926810834,0.578057215156
125,15,0.571060970217,0.711758001866
126,15,0.575367585343,0.723073412397
127,15,0.465780434119,0.581304563864
128,15,0.170104755666,0.206763886672
129,15,0.152050215186,0.230858043975
130,15,0.140260729011,0.170713036057
131,15,0.184736489819,0.225890877032
132,15,0.307241498593,0.397139364883
133,15,0.558963539434,0.716467516999
134,15,0.372626077055,0.459139576845
135,15,0.410578476877,0.515758910551
136,15,0.247490660257,0.302238062632
137,15,0.273821165088,0.332255400013
138,15,0.216281625235,0.298875102857
139,15,0.181172855845,0.215734276019
140,15,0.105205080432,0.131183510939
141,15,0.12488461219,0.149324818213
142,15,0.118391148146,0.151851709209
143,15,0.162147843052,0.22600549611
144,15,0.113087114238,0.145094686408
145,15,0.14696132837,0.184443193683
146,15,0.135572847488,0.165717888212
147,15,0.16840146199,0.201525793412
148,15,0.135286364283,0.156240882996
149,15,0.134380211548,0.176749126935
150,15,0.129481040666,0.158236495004
151,15,0.158792529129,0.195232111345
152,15,0.112277747811,0.136667141358
153,15,0.189587484339,0.242454584817
154,15,0.205869862763,0.287880758797
155,15,0.187259753348,0.264174325771
156,15,0.14765317097,0.185414073551
157,15,0.225727210187,0.276017340568
158,15,0.16997996716,0.21999144743
159,15,0.132781106181,0.159544919403
160,15,0.110586687114,0.144785072364
161,15,0.125929337441,0.158815595741
162,15,0.16443146942,0.198317291399
163,15,0.122444112966,0.144836098105
164,15,0.166167827141,0.21715236044
165,15,0.141257191514,0.192430095658
166,15,0.105568837625,0.13993075835
167,15,0.108300534438,0.138558600785
168,15,0.120089547754,0.150620074972
169,15,0.118340520137,0.140233741046
170,15,0.115204179304,0.137161008516
171,15,0.221577707458,0.26301628791
172,15,0.18476853902,0.230114955233
173,15,0.114726829555,0.149254024679
174,15,0.186607456995,0.226530453831
175,15,0.118289171268,0.146682194997
176,15,0.148250821116,0.178423146692
177,15,0.11859483955,0.148314349938
178,15,0.0998906052897,0.123839939505
179,15,0.144563457517,0.180799572797
180,15,0.14112213146,0.176440223131
181,15,0.0778169797808,0.10453998752
182,15,0.0988315687648,0.118435183523
183,15,0.100094775218,0.117321536029
184,15,0.0987761820204,0.124724442541
185,15,0.0678375873617,0.0808492570359
186,15,0.088294806977,0.111178754086
187,15,0.0905138097747,0.116461003015
188,15,0.120140387233,0.143297767179
189,15,0.102933992699,0.127469619217
190,15,0.195657688601,0.230616247438
191,15,0.163703834877,0.224481612802
192,15,0.148824487388,0.177971224686
193,15,0.131731620829,0.166024689096
194,15,0.0993244312511,0.123552028236
195,15,0.0949298922509,0.112463634896
196,15,0.166452292382,0.201450838941
197,15,0.213191081594,0.305595688774
198,15,0.260818326901,0.354690544079
199,15,0.159870751076,0.241485139637
200,15,0.234976843032,0.315533505852
201,15,0.492079404262,0.630185816729
202,15,0.620724534149,0.736231859912
203,15,0.387092314135,0.475799958787
204,15,0.316876947532,0.413262942486
205,15,0.45397928308,0.546058694551
206,15,0.72586248777,0.936813170313
207,15,0.366920897151,0.457456171736
208,15,0.577085903637,0.705144360202
209,15,0.397659436662,0.479991416756
210,15,0.445910144275,0.569508339417
211,15,1.06546700493,1.33332927665
212,15,0.37402946714,0.457961786452
213,15,0.746821966264,0.919111009812
214,15,1.04275497836,1.41299780129
215,15,0.764497193391,0.996331872205
216,15,0.705570211664,0.899293943012
217,15,0.431338673107,0.527979010998
218,15,0.308754253444,0.380226175783
219,15,0.247298236941,0.328567254042
220,15,0.184190410009,0.242558516759
221,15,0.22801977824,0.302633437112
222,15,0.257794992173,0.327447260318
223,15,0.136163524159,0.173400278209
224,15,0.115626015811,0.15630009112
225,15,0.121911681533,0.149927448927
226,15,0.217253386662,0.256949325192
227,15,0.163398554049,0.190369168628
228,15,0.280759857515,0.379021491253
229,15,0.538381566391,0.700825488201
230,15,0.463091654065,0.566315307192
231,15,0.364599017584,0.444137136496
232,15,0.729924383908,0.893105831904
233,15,0.792250628632,0.97626875954
234,15,0.832577895329,1.04316908632
235,15,0.575148818188,0.698175145678
236,15,0.376490566964,0.451286223917
237,15,0.321761545888,0.397098753798
238,15,0.396697536272,0.476471327015
239,15,0.43524433949,0.548317364829
240,15,0.204965934766,0.261523401016
241,15,0.195496078885,0.246875827114
242,15,0.382119782454,0.505720523605
243,15,0.395299744574,0.489379835377
244,15,0.555524871886,0.722306152777
245,15,0.948535100074,1.13446112858
246,15,0.654132547504,0.790932936243
247,15,0.385248222923,0.471313329182
248,15,0.263876464804,0.326068277881
249,15,0.425392186472,0.496155499114
250,15,0.226941762301,0.289399270657
251,15,0.228295306291,0.290140374206
252,15,0.204090665684,0.248454472439
253,15,0.266199523869,0.334676684714
254,15,0.145658352591,0.184149263241
255,15,0.135057337979,0.169208291426
256,15,0.0862671694225,0.112282895934
257,15,0.143224346183,0.168193627159
258,15,0.150087231862,0.185462540009
259,15,0.148818835617,0.182483764372
260,15,0.128964462648,0.178282675499
261,15,0.184070739782,0.241403510101
262,15,0.203750503671,0.259461999401
263,15,0.221974267926,0.287120796229
264,15,0.32611103578,0.418546776765
265,15,0.430499050687,0.523305633893
266,15,0.313782143763,0.404022283517
267,15,0.36100309172,0.441924142391
268,15,0.254335744077,0.322451317401
269,15,0.208568900599,0.261525666327
270,15,0.226858302387,0.267940798811
271,15,0.168887446008,0.205429996937
272,15,0.150764153185,0.182438498739
273,15,0.118688020646,0.149469432225
274,15,0.137952680834,0.183691313575
275,15,0.186413624911,0.236869918171
276,15,0.319304909773,0.402194457867
277,15,0.179799603494,0.230880131891
278,15,0.118769755017,0.158727605749
279,15,0.144196810199,0.198934378552
280,15,0.154692157926,0.198898142567
281,15,0.200942499296,0.272248452035
282,15,0.227188858258,0.253403945309
283,15,0.181479584303,0.219418347534
284,15,0.180025591307,0.205761652972
285,15,0.137531850954,0.173416931629
286,15,0.114440718388,0.149718676807
287,15,0.138150449606,0.186051800098
288,15,0.144337818148,0.197960235471
289,15,0.199599976893,0.247669625028
290,15,0.145051799342,0.196084562838
291,15,0.174518341207,0.21007745998
292,15,0.102000813041,0.129147357707
293,15,0.108194170545,0.137770526671
294,15,0.145032221517,0.187434371239
295,15,0.134360883105,0.179876284679
296,15,0.115170009316,0.139831442508
297,15,0.129496425543,0.150825183142
298,15,0.16519292741,0.212850140084
299,15,0.116927707253,0.16239152388
300,15,0.182369521579,0.227379854815
301,15,0.153331588613,0.191021016729
302,15,0.139915327718,0.183680984448
303,15,0.139422947236,0.165087666956
304,15,0.0963778888362,0.119675543667
305,15,0.13158614973,0.179005205159
306,15,0.111702000387,0.144605548199
307,15,0.137856039658,0.174774554674
308,15,0.138079360128,0.173575506289
309,15,0.220757775183,0.289895142532
310,15,0.140385114884,0.1754267979
311,15,0.291799774747,0.34754345618
312,15,0.391915810075,0.492188749003
313,15,0.594328498026,0.743973482773
314,15,0.326949488347,0.407311020145
315,15,0.181227003176,0.219935779203
316,15,0.231538184259,0.303652353705
317,15,0.261492277578,0.336951018471
318,15,0.297122713171,0.39994722816
319,15,0.231901050883,0.292561049889
320,15,0.137260578459,0.174266737199
321,15,0.146033757749,0.191960270726
322,15,0.126613307019,0.157163069376
323,15,0.171228992448,0.220304001048
324,15,0.13323485348,0.177916076103
325,15,0.172904185614,0.222320814454
326,15,0.254426211006,0.353840327349
327,15,0.430180639011,0.514171990601
328,15,0.254626827554,0.332861341589
329,15,0.161948987645,0.225969881686
330,15,0.152378607541,0.186203668078
331,15,0.140657554545,0.184864505745
332,15,0.335404432093,0.385878267392
333,15,0.481416727157,0.577195662722
334,15,0.39943284557,0.497327915666
335,15,0.725189613378,0.875156786173
