cycle,count,mae,rmse
50,15,0.105552161678,0.130660053198
51,15,0.119277552034,0.146335874408
52,15,0.0892827765506,0.112083570031
53,15,0.126863400351,0.154515947999
54,15,0.10390413023,0.125838381003
55,15,0.0958752670086,0.12165669407
56,15,0.142583303481,0.172694308087
57,15,0.104610251942,0.132202719016
58,15,0.148239099622,0.194172046708
59,15,0.151725166597,0.18954166912
60,15,0.100909353546,0.123901641191
61,15,0.191987779091,0.241181682863
62,15,0.177690555987,0.212639902071
63,15,0.179310727101,0.221528341126
64,15,0.217564949716,0.260600816599
65,15,0.18112241361,0.220393048572
66,15,0.265696084047,0.323558713953
67,15,0.545850320878,0.666312680476
68,15,0.193640330063,0.240991383583
69,15,0.18634437856,0.229106509238
70,15,0.295315294318,0.405315333286
71,15,0.234221712156,0.269453869923
72,15,0.18974174931,0.24104716005
73,15,0.429545028282,0.528400463224
74,15,0.12004203046,0.151160056081
75,15,0.103125428162,0.124729239395
76,15,0.110591997876,0.141574753981
77,15,0.175446118293,0.228559477888
78,15,0.124283692742,0.155738862959
79,15,0.0966136624949,0.11798856247
80,15,0.139427407654,0.16819070527
81,15,0.118574569084,0.148412203348
82,15,0.186432265142,0.233927628985
83,15,0.191590966654,0.226416239774
84,15,0.123515262491,0.152462744593
85,15,0.109166954443,0.131365757445
86,15,0.0929122363493,0.118096315443
87,15,0.134820340545,0.172012192856
88,15,0.196545372805,0.225909162258
89,15,0.130196133018,0.164530655012
90,15,0.193641240933,0.25128707822
91,15,0.111299714411,0.138216028524
92,15,0.146310394819,0.173901632041
93,15,0.237283838573,0.281924794294
94,15,0.128192634369,0.149143723218
95,15,0.122656309258,0.159931061266
96,15,0.374505612013,0.440830985808
97,15,0.152095700464,0.179724066434
98,15,0.11793655931,0.142828103388
99,15,0.16005191177,0.197295207987
100,15,0.116137530462,0.145601560391
101,15,0.104636594451,0.131911854372
102,15,0.204180570121,0.247384620524
103,15,0.102417889806,0.127177103879
104,15,0.134010552708,0.171486391892
105,15,0.114926169619,0.145060991879
106,15,0.120934953392,0.150701649944
107,15,0.149105992901,0.182416820404
108,15,0.122475602449,0.162274577447
109,15,0.120518287205,0.152814855991
110,15,0.168690863379,0.246348162694
111,15,0.165174272503,0.199629404529
112,15,0.11911708248,0.14412978541
113,15,0.195624601594,0.253176147267
114,15,0.148344804743,0.182687301686
115,15,0.113442605951,0.14018657651
116,15,0.148632407314,0.191879439064
117,15,0.195975231874,0.232569268089
118,15,0.180917506391,0.235465986242
119,15,0.329689977895,0.434243659162
120,15,0.746471090645,1.00223232001
121,15,0.587452043037,0.718533649029
122,15,0.683375712281,0.839383748449
123,15,0.528516558635,0.657839510046
124,15,0.525082323174,0.638987887656
125,15,0.618281857974,0.749620171956
126,15,0.487178663129,0.605601411745
127,15,0.645553191475,0.825385532561
128,15,0.170441442817,0.222766030917
129,15,0.191639793012,0.242036176306
130,15,0.128874790357,0.168886078651
131,15,0.141379286414,0.196561217181
132,15,0.267891450864,0.352253535001
133,15,0.304690302023,0.38983693398
134,15,0.304398194145,0.390626131119
135,15,0.400806410992,0.485169775357
136,15,0.213422175949,0.261685924666
137,15,0.302822426729,0.392793082773
138,15,0.213853463751,0.272206711972
139,15,0.154053648797,0.184334092705
140,15,0.0834529724336,0.118857266341
141,15,0.105790392558,0.147660583674
142,15,0.122418199016,0.152028417663
143,15,0.186066445041,0.235146644616
144,15,0.136805600748,0.160652946606
145,15,0.106940858629,0.139968983131
146,15,0.111483883961,0.140152734235
147,15,0.134203419444,0.159875069271
148,15,0.132800552259,0.162389792504
149,15,0.0910524008815,0.111587954542
150,15,0.099368296735,0.124653388988
151,15,0.0953235648478,0.119773973983
152,15,0.144587817973,0.175922187546
153,15,0.186932849425,0.242862651921
154,15,0.251903171427,0.31839431908
155,15,0.19368446138,0.263068644365
156,15,0.117588758179,0.144261662927
157,15,0.230162104261,0.288700726578
158,15,0.214693383211,0.268261935559
159,15,0.107460619353,0.12556184944
160,15,0.116877211491,0.148093649225
161,15,0.141470427656,0.177244363198
162,15,0.182785441371,0.223792161955
163,15,0.111079600846,0.135717825458
164,15,0.0824835349303,0.107404238718
165,15,0.110966279262,0.157423769983
166,15,0.114112455947,0.146351617555
167,15,0.162750977913,0.202015795612
168,15,0.114605152421,0.14190030228
169,15,0.159141384902,0.197609208032
170,15,0.119461073719,0.15063673876
171,15,0.101026169625,0.120233201879
172,15,0.218387990754,0.268528283355
173,15,0.233407739165,0.289539456202
174,15,0.164917602369,0.212923496477
175,15,0.16215592127,0.200003255846
176,15,0.143336744373,0.181161689832
177,15,0.0726152104416,0.0947256943136
178,15,0.0957062014929,0.11982162978
179,15,0.0937873746842,0.109441620412
180,15,0.0790827948356,0.100663344345
181,15,0.0881966014444,0.115412596566
182,15,0.112032224574,0.140248776198
183,15,0.0891492718632,0.109323244455
184,15,0.108550877223,0.133988702791
185,15,0.0919723687047,0.111966048223
186,15,0.0984776870475,0.120713840922
187,15,0.102555128753,0.129261581301
188,15,0.137258532811,0.162464352785
189,15,0.0942466196621,0.123812825343
190,15,0.158888772826,0.191771720579
191,15,0.184621227305,0.232264089659
192,15,0.182106923904,0.221321104929
193,15,0.212887751518,0.237378678726
194,15,0.154943005669,0.176546036899
195,15,0.115667990656,0.13900628654
196,15,0.150927346389,0.194019627059
197,15,0.335760338075,0.405855249383
198,15,0.195414951248,0.258754442904
199,15,0.155239397092,0.218669451187
200,15,0.217647749006,0.279944763292
201,15,0.303658011304,0.370018479961
202,15,0.256017596551,0.333031112272
203,15,0.478077337397,0.574744791221
204,15,0.418901768347,0.481384365446
205,15,0.460457702497,0.546949024962
206,15,0.48518230742,0.591565693106
207,15,0.435607368095,0.558253945916
208,15,0.446260320458,0.577511125321
209,15,0.419381710871,0.496273340637
210,15,0.387261560269,0.478700136546
211,15,0.785134949034,0.997365834564
212,15,0.479372225224,0.580563502496
213,15,0.506407545185,0.626428169226
214,15,1.06676780851,1.32236307543
215,15,0.573861446031,0.762375085157
216,15,0.827811826251,0.991881077706
217,15,0.327545939487,0.409635354168
218,15,0.276343441975,0.34893612114
219,15,0.208429800078,0.273021645877
220,15,0.179013609594,0.23532777854
221,15,0.241362849601,0.30985060016
222,15,0.230719134991,0.291445942061
223,15,0.0919095505857,0.123558306993
224,15,0.121901532975,0.167853401306
225,15,0.172720942651,0.206129254824
226,15,0.168264292462,0.213372501805
227,15,0.16671720526,0.209857567187
228,15,0.375265657835,0.519179596078
229,15,0.629225989523,0.75852013315
230,15,0.534825059076,0.621517350129
231,15,0.598159072507,0.792331996413
232,15,0.745873431493,0.915862192473
233,15,0.727794392299,0.948197967409
234,15,0.476647969511,0.58797827961
235,15,0.429301060818,0.514880905622
236,15,0.42234126216,0.51637141487
237,15,0.332763619376,0.422571466285
238,15,0.356934148265,0.473399812738
239,15,0.358548055168,0.499066978631
240,15,0.281892802078,0.342838909883
241,15,0.279032327105,0.345800023004
242,15,0.418433357199,0.502613069294
243,15,0.440007690233,0.539624310403
244,15,0.657716727637,0.858118612884
245,15,0.714478504263,0.916095352716
246,15,0.522502829333,0.708469586362
247,15,0.572677890093,0.669715245207
248,15,0.357912889175,0.42609170293
249,15,0.372259784053,0.446270115564
250,15,0.23454223924,0.313987999025
251,15,0.215733354028,0.265753224267
252,15,0.172045615183,0.218575535602
253,15,0.248552651626,0.319586579124
254,15,0.157019767923,0.199885620757
255,15,0.109468886528,0.134852767566
256,15,0.119907700934,0.163636900203
257,15,0.157242529677,0.185357822247
258,15,0.124834376395,0.155720893658
259,15,0.138857268079,0.169048916812
260,15,0.196433268372,0.237036858071
261,15,0.227144126407,0.297893149791
262,15,0.226417331286,0.275744986884
263,15,0.228497590234,0.285862480712
264,15,0.305675854655,0.40881449997
265,15,0.429836584519,0.564026373142
266,15,0.269327417216,0.326347734197
267,15,0.239196088306,0.301894950585
268,15,0.289860871911,0.352610848018
269,15,0.302311053792,0.372577292133
270,15,0.176407111936,0.219015875644
271,15,0.196277159493,0.24175629621
272,15,0.18428549233,0.224199013918
273,15,0.152951077888,0.192930417552
274,15,0.154158094251,0.185491848333
275,15,0.159062824815,0.193040433184
276,15,0.276190048296,0.333443217278
277,15,0.210531983958,0.262770052226
278,15,0.103387162437,0.132659936753
279,15,0.153554059814,0.201193659642
280,15,0.231974377857,0.303799751284
281,15,0.177890836119,0.229821451916
282,15,0.230558912288,0.274641139333
283,15,0.188561524915,0.244858796205
284,15,0.170809054487,0.196181849245
285,15,0.143874299816,0.190776272147
286,15,0.134551675031,0.174237531037
287,15,0.12471114481,0.166052963223
288,15,0.124099864072,0.158261356452
289,15,0.151101621628,0.19802269243
290,15,0.145587138662,0.189628128079
291,15,0.145239004684,0.177654359232
292,15,0.109370649027,0.140898445151
293,15,0.111693492587,0.135690235802
294,15,0.115226655765,0.159118309186
295,15,0.128632733569,0.178016322724
296,15,0.0953393925751,0.113827439541
297,15,0.145437147108,0.177189034462
298,15,0.1458695376,0.188053263985
299,15,0.190977175481,0.223639579049
300,15,0.133440089889,0.158338140168
301,15,0.140689787207,0.167703687135
302,15,0.192647396398,0.224306301108
303,15,0.10395984229,0.128523279495
304,15,0.110192157021,0.142492067896
305,15,0.151918294788,0.210933183207
306,15,0.169036694261,0.223208580897
307,15,0.1163677803,0.153042913483
308,15,0.123689965423,0.156386485238
309,15,0.284274636848,0.366199290725
310,15,0.164718515096,0.209060102572
311,15,0.260255269839,0.320297286995
312,15,0.377006131749,0.498885397089
313,15,0.531038101251,0.671493644866
314,15,0.295734600571,0.378417177453
315,15,0.177151588026,0.213101438757
316,15,0.205341465415,0.265557931689
317,15,0.239642925416,0.31386165356
318,15,0.189283123105,0.23031182698
319,15,0.206363957304,0.262222022535
320,15,0.16616627284,0.217030342036
321,15,0.0902270093078,0.118633765155
322,15,0.142628565791,0.188424165943
323,15,0.146759883995,0.193521309482
324,15,0.149388065629,0.182885464965
325,15,0.13316829605,0.17088165549
326,15,0.212690127951,0.272735126403
327,15,0.399166888289,0.523672325909
328,15,0.276501977475,0.338931086946
329,15,0.182952529821,0.239358094261
330,15,0.157496022003,0.186346165874
331,15,0.152618931008,0.19619746723
332,15,0.234533528808,0.2858965144
333,15,0.39770719358,0.477042190784
334,15,0.597634360542,0.798430338444
335,15,0.597311220568,0.723435758694
