cycle,count,mae,rmse
50,15,0.0928647745732,0.114555609445
51,15,0.163400797725,0.191467669334
52,15,0.0894687201517,0.114229875582
53,15,0.103675478891,0.126933579158
54,15,0.0964391368799,0.119986832735
55,15,0.105231595934,0.127991571924
56,15,0.11826786251,0.156063017352
57,15,0.130040295823,0.159007061618
58,15,0.190432825274,0.227250446723
59,15,0.19684795037,0.246286555292
60,15,0.166981653287,0.200865327554
61,15,0.135320374393,0.167147107446
62,15,0.200649764078,0.23434879464
63,15,0.175146858548,0.217716742526
64,15,0.257193201538,0.330291206407
65,15,0.152178832434,0.202211790218
66,15,0.263652536886,0.32320381385
67,15,0.364801377784,0.448305408763
68,15,0.163112098966,0.210049129168
69,15,0.223964761253,0.26748152802
70,15,0.484646575052,0.686999290576
71,15,0.174843036972,0.221925457151
72,15,0.163144895358,0.204033738309
73,15,0.394054583153,0.522663987553
74,15,0.11144119925,0.145570027695
75,15,0.128795710328,0.156113395617
76,15,0.130726513205,0.179576501706
77,15,0.140307910848,0.194795840032
78,15,0.133575355642,0.164981119356
79,15,0.0986563333598,0.119934152301
80,15,0.0929013044853,0.11094758426
81,15,0.119026304845,0.145970423321
82,15,0.118129082552,0.145415030536
83,15,0.181534465165,0.226132168279
84,15,0.161545958328,0.199151040337
85,15,0.141217549713,0.17454740838
86,15,0.114254226518,0.137474959137
87,15,0.111884760076,0.135090079701
88,15,0.225754261466,0.270526802442
89,15,0.144451077735,0.176645718377
90,15,0.286017114346,0.353962079753
91,15,0.15306558862,0.197816170121
92,15,0.124558840228,0.156934470572
93,15,0.214652719081,0.245719452565
94,15,0.101306996181,0.120921054136
95,15,0.120986542162,0.16333393262
96,15,0.32556823631,0.376339550668
97,15,0.0872805255415,0.110932173231
98,15,0.167594910506,0.208756858089
99,15,0.19502866462,0.239637628573
100,15,0.174252047512,0.208986684946
101,15,0.163662770229,0.201394221191
102,15,0.178336902868,0.221080059622
103,15,0.113067790599,0.148516620463
104,15,0.14828333899,0.182061448602
105,15,0.152429077639,0.182821505317
106,15,0.164342224778,0.194485132364
107,15,0.125947899761,0.159772513569
108,15,0.200496404208,0.256217131024
109,15,0.144231800637,0.180042422645
110,15,0.147989292742,0.21309736137
111,15,0.173132416504,0.216302709571
112,15,0.116135948414,0.146746257664
113,15,0.208839646254,0.277749989265
114,15,0.150527256544,0.213338096122
115,15,0.115622948598,0.144344066706
116,15,0.223365440494,0.282379509033
117,15,0.181187985184,0.225883069293
118,15,0.203742906511,0.249238052362
119,15,0.274669426052,0.347890056897
120,15,0.633107520181,0.86488889597
121,15,0.583454154298,0.706337396599
122,15,0.768854455822,0.944432392851
123,15,0.545341701679,0.667878313511
124,15,0.473229811238,0.595622518018
125,15,0.519415139699,0.633382289696
126,15,0.462025982233,0.577276620691
127,15,0.453870729033,0.615641453331
128,15,0.225793993406,0.278906514095
129,15,0.20048185124,0.275364931745
130,15,0.0882025012759,0.123709200552
131,15,0.151359126116,0.212952060344
132,15,0.387932957484,0.454862750362
133,15,0.402621479631,0.497870423639
134,15,0.412485890877,0.491013172628
135,15,0.35945686265,0.424511735722
136,15,0.221866401767,0.263059911501
137,15,0.224841420898,0.289065606459
138,15,0.198813787321,0.274912628195
139,15,0.202391574881,0.233691860281
140,15,0.112984858336,0.140285333109
141,15,0.126990251669,0.157518952273
142,15,0.122419824601,0.158594318975
143,15,0.216531728101,0.287410268473
144,15,0.113866058709,0.14046174139
145,15,0.100340265226,0.125883565292
146,15,0.151312721463,0.191112995579
147,15,0.0910668444441,0.109650282281
148,15,0.122167081327,0.148910718564
149,15,0.0955570530005,0.119502257846
150,15,0.112916634266,0.142806727087
151,15,0.131831963939,0.171362569918
152,15,0.116041532281,0.145772869479
153,15,0.150307974136,0.203821379469
154,15,0.175542799525,0.259900545018
155,15,0.190187129416,0.265739611964
156,15,0.13859472986,0.177695554405
157,15,0.174118263699,0.206619749293
158,15,0.149487523137,0.195773975421
159,15,0.113395400294,0.138411161854
160,15,0.116295450303,0.143705725151
161,15,0.161173533479,0.205282193852
162,15,0.125037403732,0.14991905245
163,15,0.130412263094,0.154522306821
164,15,0.123166864561,0.146430392245
165,15,0.152129057797,0.199684382465
166,15,0.0828720215936,0.117089377368
167,15,0.148754134459,0.175258875522
168,15,0.142201058855,0.168819032168
169,15,0.121520392559,0.152743311782
170,15,0.168691027244,0.211534369613
171,15,0.147233829488,0.182472283816
172,15,0.183695933236,0.21876276482
173,15,0.174405221864,0.219923834646
174,15,0.177951267083,0.218437576105
175,15,0.156379857898,0.191029344982
176,15,0.0975055367569,0.117019053722
177,15,0.0877908238887,0.109840186833
178,15,0.134081896089,0.158050825558
179,15,0.129665756467,0.157389501148
180,15,0.0928796244992,0.110444496332
181,15,0.0835069394056,0.0992589968382
182,15,0.0912037988833,0.116265840534
183,15,0.0820762904554,0.0951374183796
184,15,0.0735825670184,0.091301845459
185,15,0.0772831308574,0.0933900356159
186,15,0.0981526976918,0.123951535322
187,15,0.112700633095,0.136024592803
188,15,0.17546515134,0.196854426687
189,15,0.129217375178,0.165528809317
190,15,0.178203447118,0.214968117529
191,15,0.229445795688,0.275864125622
192,15,0.155798252399,0.182348493869
193,15,0.119580359677,0.152113127262
194,15,0.112421554797,0.14290864812
195,15,0.0767313853624,0.0989447240009
196,15,0.210122711337,0.30905392477
197,15,0.259370866373,0.359432494012
198,15,0.141400729839,0.256836296212
199,15,0.164408130658,0.204878857117
200,15,0.229745571479,0.311472575516
201,15,0.333529754518,0.391229989946
202,15,0.408714589467,0.491592596939
203,15,0.374957627011,0.452163821112
204,15,0.320219454295,0.400276758273
205,15,0.393653002672,0.454844742526
206,15,0.497275041663,0.58151676341
207,15,0.479102124581,0.592981174456
208,15,0.547614542004,0.649235612158
209,15,0.296793439896,0.399612706366
210,15,0.518116647974,0.719886509208
211,15,0.890629872673,1.15365607887
212,15,0.533451070463,0.650732740302
213,15,0.572876605889,0.679893376393
214,15,1.15303087108,1.57534244205
215,15,0.721750891662,0.9394754124
216,15,0.504858442946,0.635606592369
217,15,0.423505226226,0.522398643927
218,15,0.29549625243,0.37403811639
219,15,0.259403719725,0.337579331754
220,15,0.204690958725,0.270361538599
221,15,0.25259107945,0.340065557118
222,15,0.192899352439,0.239049608929
223,15,0.193781620135,0.226968840155
224,15,0.175775324316,0.229749988542
225,15,0.116853425577,0.147213848216
226,15,0.185107921839,0.21742968217
227,15,0.163513542209,0.214391801571
228,15,0.422680345919,0.522785517589
229,15,0.590359159442,0.762752410698
230,15,0.593882760031,0.767331252163
231,15,0.477296902884,0.591308502181
232,15,0.580311735896,0.730260601588
233,15,0.513048996884,0.644646662274
234,15,0.409160704852,0.532224813976
235,15,0.565504973073,0.683288594311
236,15,0.450482165923,0.551031175659
237,15,0.442209571687,0.610519133031
238,15,0.349944731631,0.439785950528
239,15,0.255435931088,0.358075410323
240,15,0.262798263084,0.325385468691
241,15,0.214419725402,0.268001591959
242,15,0.482312888225,0.5704415482
243,15,0.77318162944,0.980672537458
244,15,0.474228068101,0.622079316669
245,15,0.571250141941,0.665972127235
246,15,0.422663679072,0.558081440547
247,15,0.424662348163,0.537693278998
248,15,0.383117612513,0.468046353346
249,15,0.343790232443,0.448156365848
250,15,0.296374438229,0.37761035126
251,15,0.183124764966,0.219112373672
252,15,0.188964785108,0.242523483688
253,15,0.221870434913,0.277192530755
254,15,0.142947030369,0.184619075914
255,15,0.118597100213,0.147335042228
256,15,0.132517449284,0.169070219867
257,15,0.175208781845,0.201887363165
258,15,0.161150136513,0.199514915508
259,15,0.14923488258,0.184028048754
260,15,0.236829172521,0.28163404985
261,15,0.228905488635,0.287591187364
262,15,0.238344866671,0.295054176081
263,15,0.260553979291,0.321037271969
264,15,0.356874936728,0.461022671241
265,15,0.405426592789,0.515651751348
266,15,0.369023884728,0.478510693126
267,15,0.352439550383,0.448478147906
268,15,0.250661631303,0.323755656971
269,15,0.21237746683,0.283739899169
270,15,0.259194701232,0.323025463504
271,15,0.175182451445,0.203266440893
272,15,0.177748654557,0.217736263354
273,15,0.119942186449,0.15420556262
274,15,0.167099926853,0.214138008375
275,15,0.1633753934,0.20656734814
276,15,0.340804322822,0.433528057064
277,15,0.152413037053,0.200553915986
278,15,0.163280133783,0.209795927503
279,15,0.136226624076,0.188656455875
280,15,0.152056114709,0.20479104359
281,15,0.204025837721,0.265141359043
282,15,0.184842734219,0.226780273956
283,15,0.204495339618,0.244211840372
284,15,0.168029135898,0.200251224823
285,15,0.124450063081,0.152096343797
286,15,0.12641670853,0.157356258151
287,15,0.155260843203,0.198180449279
288,15,0.144234692159,0.203665541276
289,15,0.187914031083,0.238765256281
290,15,0.181742851209,0.239345667471
291,15,0.141968671302,0.169840320729
292,15,0.0943144366224,0.114622630529
293,15,0.108348496486,0.132660290211
294,15,0.115594312771,0.162105845709
295,15,0.143110320645,0.192820357214
296,15,0.109842689514,0.14370399038
297,15,0.162168779823,0.209142323636
298,15,0.152269971348,0.197246789587
299,15,0.139227451961,0.181617547804
300,15,0.175234652036,0.23181475582
301,15,0.220683706247,0.286526544153
302,15,0.132215388501,0.160319295477
303,15,0.148455181669,0.194362059922
304,15,0.102581074598,0.133438752168
305,15,0.115807665204,0.14305712455
306,15,0.113395658633,0.155155144595
307,15,0.120509300522,0.15745822107
308,15,0.132265669022,0.158962260084
309,15,0.299338284893,0.374367393909
310,15,0.180415435095,0.234120235736
311,15,0.252717830032,0.305823358329
312,15,0.434014151234,0.527960964712
313,15,0.559700633442,0.683669796335
314,15,0.300585485084,0.363260972544
315,15,0.235342504821,0.290814420424
316,15,0.218387036466,0.291537506747
317,15,0.220437694955,0.280749434287
318,15,0.178182104225,0.220100641198
319,15,0.218901396129,0.299635470867
320,15,0.176767879847,0.22980142744
321,15,0.134172752054,0.170056412287
322,15,0.154745879174,0.196989680409
323,15,0.173990406377,0.229939981923
324,15,0.171416386079,0.223348318211
325,15,0.157214722347,0.204043067811
326,15,0.179916412429,0.23070427581
327,15,0.386935302042,0.47848344966
328,15,0.285762069872,0.347648734633
329,15,0.146290399835,0.19999338129
330,15,0.139748568551,0.17879362658
331,15,0.170105823767,0.213203947178
332,15,0.313179745745,0.38995970621
333,15,0.580385661796,0.663826395256
334,15,0.52113463522,0.624597411671
335,15,0.451916135617,0.560941602185
