cycle,count,mae,rmse
50,5,0.0991799647811,0.119775788648
51,5,0.213325179377,0.253589215106
52,5,0.0934181727453,0.120536411503
53,5,0.18944273573,0.233652853617
54,5,0.0971878601996,0.122222150799
55,5,0.0948277699011,0.120576225494
56,5,0.0886784657266,0.115822521891
57,5,0.112104446568,0.142136565037
58,5,0.164881194859,0.205522653539
59,5,0.17559818156,0.210030893468
60,5,0.0951125227116,0.115453277449
61,5,0.218537553514,0.249092364336
62,5,0.115749955566,0.13675943451
63,5,0.238456587218,0.287250464151
64,5,0.262007724623,0.319663203214
65,5,0.259859431646,0.313090335694
66,5,0.291784521526,0.393704546043
67,5,0.670382906327,0.787940449063
68,5,0.270391991278,0.309694575311
69,5,0.353040414989,0.393609945077
70,5,0.292864393174,0.386267999719
71,5,0.238110958049,0.301246107171
72,5,0.225860529476,0.276274472362
73,5,0.438404245696,0.505276533162
74,5,0.109246301249,0.13260912999
75,5,0.0840457016805,0.101966606555
76,5,0.134322199268,0.168916373728
77,5,0.197388631335,0.25956582936
78,5,0.163995400079,0.201369162739
79,5,0.10293988838,0.127891156961
80,5,0.148084439893,0.190666184437
81,5,0.110495064831,0.13715732595
82,5,0.179250044293,0.218521689438
83,5,0.266799477221,0.373766663323
84,5,0.187793408808,0.235494179265
85,5,0.101491558718,0.127531731284
86,5,0.0920700206802,0.11478658287
87,5,0.108742083449,0.140610591218
88,5,0.216898113409,0.274534425726
89,5,0.169038706183,0.204355566827
90,5,0.309400148746,0.384239413073
91,5,0.117933243531,0.151497048712
92,5,0.201821729624,0.247204408811
93,5,0.167228602918,0.201778653803
94,5,0.104394330866,0.127097498921
95,5,0.171218160035,0.204818022994
96,5,0.257979667058,0.338868228717
97,5,0.112093660099,0.136922880992
98,5,0.145550865018,0.186956731037
99,5,0.0862021764038,0.106728797281
100,5,0.112472387858,0.147691024734
101,5,0.127638481712,0.162181745973
102,5,0.168367893835,0.220984604604
103,5,0.193745374411,0.22069094782
104,5,0.104427035786,0.127903631836
105,5,0.148836426517,0.184249181455
106,5,0.20674847124,0.254116712551
107,5,0.136330853979,0.158129370978
108,5,0.168149294994,0.213918984814
109,5,0.222733121118,0.276530019032
110,5,0.27090188408,0.359175950295
111,5,0.183751678903,0.222204423074
112,5,0.204052617674,0.236506913913
113,5,0.202990131178,0.271162088673
114,5,0.196246429314,0.284361515889
115,5,0.189618117103,0.226136257554
116,5,0.181252063796,0.230744306844
117,5,0.17098125005,0.208917455873
118,5,0.261309395457,0.351772002137
119,5,0.281791198782,0.332483863242
120,5,0.634656446093,0.804808840127
121,5,0.619296204349,0.797395677779
122,5,0.905317074993,1.07467068818
123,5,0.595142636487,0.685593991007
124,5,0.48509115197,0.590037638384
125,5,0.5214002031,0.680790828764
126,5,0.520516997739,0.665851407315
127,5,0.497737532348,0.629179310313
128,5,0.161725729139,0.200023374624
129,5,0.153066043764,0.232553182484
130,5,0.103753440071,0.139856725121
131,5,0.191282481472,0.230781073015
132,5,0.342782165418,0.43729301802
133,5,0.439558497954,0.577122554058
134,5,0.362248247885,0.477054744539
135,5,0.412033398159,0.496620349054
136,5,0.257173554636,0.322505077022
137,5,0.244911993733,0.304803389594
138,5,0.256791165252,0.33420813648
139,5,0.182353063703,0.213246231123
140,5,0.10370086117,0.131212362162
141,5,0.136179737166,0.178039844341
142,5,0.192249761745,0.223979071753
143,5,0.172219721383,0.236654489524
144,5,0.176207456907,0.218517023141
145,5,0.227028332328,0.249529499039
146,5,0.155419675116,0.198821287632
147,5,0.109901394286,0.142546248107
148,5,0.0873598106493,0.106053440295
149,5,0.14740436297,0.178544886732
150,5,0.151825068279,0.183780383572
151,5,0.141359146297,0.171818096408
152,5,0.130409360286,0.162885687546
153,5,0.20015108831,0.251836588066
154,5,0.305765170467,0.369862740529
155,5,0.242627846112,0.351633293457
156,5,0.130328680753,0.159015535324
157,5,0.277739895314,0.321116994417
158,5,0.141977227492,0.208752090358
159,5,0.131896890647,0.154587520555
160,5,0.215996432948,0.253808646496
161,5,0.328284046326,0.347827661185
162,5,0.147126266416,0.181333106104
163,5,0.116696180869,0.135432476316
164,5,0.108128129651,0.135949642544
165,5,0.112849395573,0.15257874201
166,5,0.154110194715,0.189383334524
167,5,0.180598294055,0.22500851946
168,5,0.107547539778,0.131133175425
169,5,0.199227854806,0.23099149298
170,5,0.155992195756,0.196051940381
171,5,0.151515560728,0.182477005513
172,5,0.135874190587,0.16599089901
173,5,0.289196202929,0.328785217739
174,5,0.139795366668,0.166972447401
175,5,0.182941075268,0.213567848492
176,5,0.105726942721,0.126375138947
177,5,0.0952903272869,0.116126374093
178,5,0.141929016134,0.164101673054
179,5,0.107208258147,0.132672035891
180,5,0.113829066492,0.142341198691
181,5,0.101238942068,0.119715098419
182,5,0.130885800831,0.154694080451
183,5,0.155753669615,0.181422037285
184,5,0.112489303688,0.134570095607
185,5,0.138093428061,0.165741157447
186,5,0.239985449104,0.267344201537
187,5,0.129539123595,0.16310301686
188,5,0.102593437829,0.129538926194
189,5,0.138947429378,0.167390982586
190,5,0.124622505253,0.156274119204
191,5,0.283511677414,0.312363674539
192,5,0.129596374845,0.163225175912
193,5,0.103492105581,0.128534329826
194,5,0.328042532224,0.358940237576
195,5,0.106898088811,0.135417624917
196,5,0.233705897435,0.267045435007
197,5,0.220710611468,0.304394905112
198,5,0.163563374754,0.277784593795
199,5,0.17448969502,0.207294596384
200,5,0.21967692138,0.272292189265
201,5,0.322496165052,0.38478662648
202,5,0.490184705096,0.609008917685
203,5,0.432466946052,0.516206609281
204,5,0.42410557262,0.637193662102
205,5,0.533066663762,0.671041991161
206,5,0.573363905106,0.682132506918
207,5,0.425953231821,0.51760034861
208,5,0.564049195034,0.69338460571
209,5,0.659840255292,0.812608276316
210,5,0.616045529975,0.713785695845
211,5,1.28622832333,1.609472095
212,5,0.423779719266,0.491280406754
213,5,0.536271648263,0.703881585256
214,5,0.769585337807,1.03176143835
215,5,0.871073865188,1.11506347005
216,5,0.566480929517,0.705230676642
217,5,0.431854993109,0.526227585036
218,5,0.335714533058,0.431586566244
219,5,0.310880417057,0.393314870275
220,5,0.207797852155,0.268859741714
221,5,0.293630901253,0.389984415603
222,5,0.205033185887,0.24771657231
223,5,0.174459977127,0.217794868846
224,5,0.280802581772,0.324828846404
225,5,0.138555357666,0.176115856315
226,5,0.199722308234,0.244593730916
227,5,0.167144299944,0.212114569756
228,5,0.336686076436,0.429969486893
229,5,0.565205770434,0.687975361907
230,5,0.542584035097,0.679936402507
231,5,0.489946681337,0.595893104572
232,5,0.725913543492,0.961850069838
233,5,0.841300391326,0.963887904636
234,5,0.715417869603,0.860829554716
235,5,0.588235855014,0.671533768106
236,5,0.515049248953,0.636520360882
237,5,0.470747742415,0.576546769973
238,5,0.413315834118,0.553842576245
239,5,0.408743610826,0.493883913133
240,5,0.252374930474,0.307450154419
241,5,0.294976991245,0.357763625947
242,5,0.468985258146,0.582244708182
243,5,0.681723394645,0.840216671581
244,5,0.788898723719,0.997318136813
245,5,1.00605394274,1.1381700511
246,5,0.616094854762,0.748802560084
247,5,0.770244165859,0.925809229835
248,5,0.446884627501,0.546960472107
249,5,0.468308227611,0.599861490864
250,5,0.292177038904,0.370823206782
251,5,0.437325510985,0.53110638797
252,5,0.244411589518,0.294033568512
253,5,0.370435605532,0.443500744985
254,5,0.189030830534,0.225572150273
255,5,0.153450309213,0.197813341635
256,5,0.096856045758,0.128784306086
257,5,0.161413557999,0.194444664332
258,5,0.117908768443,0.144981499107
259,5,0.121683817789,0.155584448705
260,5,0.156863233014,0.211849974767
261,5,0.177466590586,0.230985044603
262,5,0.181999792403,0.237321509822
263,5,0.196994290502,0.265647999197
264,5,0.337923844454,0.390950194907
265,5,0.40939747523,0.532332215756
266,5,0.243309880888,0.30557379227
267,5,0.304135561506,0.397089298423
268,5,0.263538590448,0.328562448753
269,5,0.25917778875,0.322573532752
270,5,0.269863586707,0.327608288872
271,5,0.14163526759,0.172889983049
272,5,0.181695115921,0.222802346482
273,5,0.176015586792,0.21028026836
274,5,0.19015055428,0.230220683398
275,5,0.137185275626,0.180685707101
276,5,0.293424287582,0.394756477278
277,5,0.143283548709,0.203197698969
278,5,0.15781988606,0.180461988178
279,5,0.1309638055,0.179470385347
280,5,0.17184065463,0.229180371026
281,5,0.210536365935,0.265922527748
282,5,0.234115178018,0.266612463962
283,5,0.206431650638,0.261473255281
284,5,0.157189326659,0.197931689487
285,5,0.113790571145,0.142403318428
286,5,0.1156534245,0.145260168477
287,5,0.109401720854,0.13823665902
288,5,0.167483649241,0.211782028088
289,5,0.186355955576,0.249731957323
290,5,0.198320983285,0.257161293134
291,5,0.237748682676,0.282933928593
292,5,0.138593335689,0.170363505223
293,5,0.168750278126,0.1963722163
294,5,0.0927099277612,0.135695108029
295,5,0.197549294488,0.240674690354
296,5,0.201790787994,0.244522490442
297,5,0.180611441612,0.215702868767
298,5,0.160966900606,0.192581976818
299,5,0.197370867904,0.231621587491
300,5,0.179558363832,0.226381741973
301,5,0.215270546825,0.25965594365
302,5,0.120894012103,0.153816969414
303,5,0.177016692212,0.222441368794
304,5,0.0874651655479,0.104835269147
305,5,0.173079346952,0.203409014634
306,5,0.123102632431,0.157470883149
307,5,0.15677748009,0.18800803955
308,5,0.171296799843,0.202877208679
309,5,0.310258389495,0.400922405948
310,5,0.197305635336,0.231797316675
311,5,0.238770379351,0.300732542699
312,5,0.390838321019,0.48314224671
313,5,0.64755519666,0.804952639456
314,5,0.298948814276,0.379666925008
315,5,0.220228480297,0.265517401837
316,5,0.258679726253,0.340620623087
317,5,0.335829168306,0.414372200241
318,5,0.268666355308,0.319819403807
319,5,0.240452647208,0.305167734805
320,5,0.146434812893,0.190805821313
321,5,0.10864317909,0.143409478507
322,5,0.171668586808,0.2281356094
323,5,0.207850141083,0.273306793429
324,5,0.146799769113,0.187481581679
325,5,0.42395346532,0.482299310341
326,5,0.220330388432,0.276705999795
327,5,0.485650000249,0.640566607757
328,5,0.339723890063,0.432440450361
329,5,0.17988391016,0.236418050356
330,5,0.210761293937,0.275925350566
331,5,0.187698784472,0.229004240068
332,5,0.480648244198,0.573725089879
333,5,0.386566388234,0.460565432681
334,5,0.557569498557,0.730510606849
335,5,0.649774234756,0.804878378933
