cycle,count,mae,rmse
50,25,0.0903420916721,0.114665616782
51,25,0.121778446767,0.144468079195
52,25,0.125523351205,0.150485512744
53,25,0.116486419679,0.146952371496
54,25,0.12434532867,0.151316842053
55,25,0.113998806543,0.138918022811
56,25,0.110901257834,0.13706030062
57,25,0.109579068406,0.137819915711
58,25,0.226727863764,0.265462325481
59,25,0.176985465389,0.20801881222
60,25,0.113725972827,0.139355827824
61,25,0.161231956223,0.194053140832
62,25,0.158264032648,0.197873420157
63,25,0.159802900905,0.201013786085
64,25,0.230743032356,0.289560619292
65,25,0.190780251001,0.233429009862
66,25,0.242588026763,0.303870981658
67,25,0.486394040839,0.586962354759
68,25,0.230693385328,0.265849380767
69,25,0.235656549238,0.28893117277
70,25,0.337975115073,0.451773468025
71,25,0.180241559054,0.210269022001
72,25,0.247798354388,0.305139916609
73,25,0.312800321951,0.419732204188
74,25,0.180891176773,0.224051740818
75,25,0.137812319723,0.167978161371
76,25,0.111280738046,0.134617151757
77,25,0.171137750009,0.22878736003
78,25,0.154121252978,0.193115017042
79,25,0.0924618147022,0.11165320688
80,25,0.142434121141,0.169608821956
81,25,0.12584872849,0.160520462193
82,25,0.147458005454,0.183004992397
83,25,0.240149613007,0.286423234254
84,25,0.188343875206,0.229743573488
85,25,0.183795776703,0.217028032206
86,25,0.101459502987,0.124447233472
87,25,0.127899524185,0.156070395031
88,25,0.213174559043,0.242605861471
89,25,0.153872844153,0.185668017608
90,25,0.208670951497,0.249509302594
91,25,0.137221556051,0.168338413302
92,25,0.164212379944,0.209676412137
93,25,0.164880011673,0.209750285491
94,25,0.114436429151,0.145921037611
95,25,0.119861465967,0.151248050149
96,25,0.304945910868,0.378744548361
97,25,0.101041195423,0.122809857408
98,25,0.137752708462,0.172462478126
99,25,0.129812557158,0.15842048698
100,25,0.180820731952,0.225569464566
101,25,0.139049229226,0.167119110133
102,25,0.194841513932,0.235258980069
103,25,0.0999718620132,0.119409258875
104,25,0.162739147735,0.195656258313
105,25,0.145584151339,0.17426472639
106,25,0.143997427027,0.174565936453
107,25,0.115576946895,0.136667548237
108,25,0.142497829296,0.181248361656
109,25,0.112199245208,0.138457571693
110,25,0.180006184818,0.246921200238
111,25,0.177238884532,0.209447776433
112,25,0.156268844431,0.182893487777
113,25,0.163864428866,0.203248413407
114,25,0.183466310228,0.244658305793
115,25,0.111841022372,0.140028815687
116,25,0.222377509163,0.290758514733
117,25,0.176714328174,0.206663874164
118,25,0.210826559229,0.273565001771
119,25,0.264228019668,0.333947211194
120,25,0.687880522378,0.93939173522
121,25,0.478181927009,0.620535438595
122,25,0.73862984303,0.87543745525
123,25,0.582387847624,0.723485615613
124,25,0.476717778617,0.595819080048
125,25,0.599793854848,0.755477273311
126,25,0.448134150356,0.59452012987
127,25,0.64948417031,0.876722044229
128,25,0.178246435564,0.218361948422
129,25,0.17993384097,0.250040856919
130,25,0.142403231583,0.180004991321
131,25,0.164031919809,0.201987797853
132,25,0.441106294123,0.547344670361
133,25,0.296852232725,0.365010775282
134,25,0.326997693147,0.406661392038
135,25,0.437013067434,0.538054529994
136,25,0.234983440243,0.291909772933
137,25,0.239987234741,0.30680862445
138,25,0.186987648034,0.259652618138
139,25,0.1639160365,0.193237529587
140,25,0.131072550274,0.16121521886
141,25,0.119249159037,0.156423556074
142,25,0.114791810365,0.145168685753
143,25,0.148174242313,0.202259766825
144,25,0.114122905214,0.141671697782
145,25,0.112838796901,0.138330757885
146,25,0.111708136896,0.139686431243
147,25,0.117967214941,0.149465297056
148,25,0.0932366191237,0.117220615252
149,25,0.124759513129,0.151790851555
150,25,0.1422691206,0.173440099748
151,25,0.131749342715,0.168584502421
152,25,0.116937253284,0.145946475554
153,25,0.169532331781,0.224419076432
154,25,0.190532544786,0.276103848524
155,25,0.176976733201,0.247732688745
156,25,0.114147369127,0.146954109608
157,25,0.20018871408,0.245565051004
158,25,0.140145155694,0.191747553732
159,25,0.15143680423,0.186346574494
160,25,0.136217109254,0.167630943847
161,25,0.116529688887,0.151431156091
162,25,0.145490102713,0.174597431201
163,25,0.153630056739,0.182087505656
164,25,0.137480204764,0.169372093491
165,25,0.112478934768,0.152241309944
166,25,0.120282003738,0.157698747379
167,25,0.147979804417,0.175955587647
168,25,0.122626902197,0.156275675537
169,25,0.109419862433,0.136378986488
170,25,0.113012195226,0.138962484252
171,25,0.152380234751,0.182534061629
172,25,0.207319714855,0.26122300517
173,25,0.131421625487,0.155958492646
174,25,0.151045142073,0.182778338345
175,25,0.1405425438,0.177871179261
176,25,0.104410287323,0.128257582821
177,25,0.122606212945,0.144994809336
178,25,0.0998878289357,0.125116443676
179,25,0.111970878747,0.134551434126
180,25,0.0962557277131,0.12314018821
181,25,0.0845805783979,0.109718549475
182,25,0.0849238259462,0.107228395956
183,25,0.0988661014856,0.124569303184
184,25,0.0969490448683,0.121603632337
185,25,0.1213583807,0.150410233397
186,25,0.111180522421,0.132137235094
187,25,0.131208788258,0.157430212646
188,25,0.0996284453456,0.124172326347
189,25,0.131346006123,0.163484458266
190,25,0.108646402562,0.149775463613
191,25,0.214481578429,0.251734809497
192,25,0.178701349785,0.212630296237
193,25,0.122958713133,0.146770963408
194,25,0.123490277012,0.152016588845
195,25,0.107937715408,0.127208969822
196,25,0.124610367238,0.178548812365
197,25,0.218186153555,0.270636861071
198,25,0.161538732051,0.231007084068
199,25,0.131268445336,0.192404735081
200,25,0.238718015035,0.315054211771
201,25,0.251560236965,0.309611930312
202,25,0.29589882979,0.36046999952
203,25,0.33159537719,0.41666766268
204,25,0.430456082564,0.554795002588
205,25,0.322756598231,0.388572294747
206,25,0.517152881494,0.626966663251
207,25,0.355945402565,0.439436674651
208,25,0.593446157217,0.723021477958
209,25,0.401499849544,0.514233896395
210,25,0.347881723036,0.424615878155
211,25,0.879533347246,1.1188447463
212,25,0.486512440445,0.596339141986
213,25,0.519649214922,0.63164972104
214,25,0.774279710225,1.05804867437
215,25,0.707136131332,0.919287831939
216,25,0.727482018657,0.957820234928
217,25,0.553878713248,0.68962143682
218,25,0.276827409895,0.337882392156
219,25,0.236341387878,0.327091699228
220,25,0.199617278404,0.257895036572
221,25,0.260069189316,0.350015089892
222,25,0.182118950081,0.225053088653
223,25,0.159972888601,0.198544390163
224,25,0.124715039149,0.176291020259
225,25,0.147447561178,0.182974397707
226,25,0.169461699751,0.211526342011
227,25,0.178851028212,0.228870117943
228,25,0.344386927992,0.461599226537
229,25,0.706175488351,0.891586757207
230,25,0.736758944964,0.920053939686
231,25,0.419858802461,0.528036626323
232,25,0.698708041457,0.912327002212
233,25,0.817493976277,1.03074584876
234,25,0.558396176461,0.679391000362
235,25,0.528828784198,0.645392369253
236,25,0.30214941088,0.358772483078
237,25,0.267104489648,0.319556908751
238,25,0.273642152745,0.366939731789
239,25,0.251304519286,0.330246794048
240,25,0.30558184684,0.372952403592
241,25,0.262994444123,0.316237506378
242,25,0.296927635387,0.371363153041
243,25,0.40472099482,0.51314669765
244,25,0.572180511906,0.740116569461
245,25,0.580345242973,0.730860204115
246,25,0.507736356525,0.630477052265
247,25,0.343004021395,0.427702831278
248,25,0.285582514116,0.35899887397
249,25,0.289335555974,0.374439260659
250,25,0.251880158615,0.31522148374
251,25,0.330682315954,0.376610783973
252,25,0.175821850625,0.21455163744
253,25,0.209154882781,0.268722000393
254,25,0.14771556572,0.181593801273
255,25,0.156287745708,0.179595046291
256,25,0.106040395053,0.13844798886
257,25,0.162682913255,0.193829868683
258,25,0.111579636857,0.139356556856
259,25,0.153847955473,0.184794586007
260,25,0.223270730191,0.267518666996
261,25,0.159069917212,0.201024510011
262,25,0.217262268867,0.274448031982
263,25,0.214773457074,0.262906057275
264,25,0.326690158321,0.450021061782
265,25,0.384863619428,0.488988844012
266,25,0.304343963435,0.370165182407
267,25,0.257923470819,0.343837886915
268,25,0.258419239323,0.312586592415
269,25,0.238209104846,0.31539043831
270,25,0.184036385884,0.224258851038
271,25,0.162445667384,0.205309228651
272,25,0.157833781283,0.193201486702
273,25,0.183987963451,0.220478297353
274,25,0.103486269083,0.136052479864
275,25,0.133927326016,0.173414267441
276,25,0.324531988753,0.42938399671
277,25,0.177238096064,0.212869773514
278,25,0.104273925637,0.140576515288
279,25,0.11473440685,0.144531308678
280,25,0.145928639896,0.188879873061
281,25,0.168912914218,0.226027446076
282,25,0.186582148191,0.225699081316
283,25,0.148586644291,0.185119580724
284,25,0.123303908253,0.158757817823
285,25,0.126558620349,0.157194543493
286,25,0.114107776261,0.145531744833
287,25,0.167165114354,0.222859506885
288,25,0.135728683444,0.179103028105
289,25,0.161426811821,0.192729074544
290,25,0.146846426438,0.206822688282
291,25,0.130349201851,0.164697329446
292,25,0.0932746181171,0.117045088192
293,25,0.111823875663,0.14157493144
294,25,0.0872986874459,0.130368197064
295,25,0.134305743185,0.183373793078
296,25,0.116519962873,0.140501178166
297,25,0.142293220778,0.177308359811
298,25,0.132663204578,0.174454355628
299,25,0.19211506289,0.225201886915
300,25,0.134347651206,0.164787550307
301,25,0.133687112826,0.170015362147
302,25,0.129996301814,0.165526585653
303,25,0.105597584825,0.132364764679
304,25,0.100391229173,0.130492218522
305,25,0.0913509104815,0.111214220762
306,25,0.0985629724495,0.1255338296
307,25,0.110778231801,0.139057075373
308,25,0.126458432727,0.150675825604
309,25,0.198673643111,0.271873647569
310,25,0.17608066881,0.214893102715
311,25,0.211211473348,0.254221126235
312,25,0.344834516242,0.413730671622
313,25,0.706597874022,0.927714068197
314,25,0.272289654714,0.348916106159
315,25,0.200040038794,0.250682335419
316,25,0.182996239521,0.238710525241
317,25,0.234005544116,0.311210857507
318,25,0.193888851928,0.243033980342
319,25,0.250802980595,0.321773166776
320,25,0.132923179391,0.169009038204
321,25,0.130913452053,0.16112110485
322,25,0.108607235103,0.144485923338
323,25,0.167978466258,0.219147416752
324,25,0.133088316488,0.176438392273
325,25,0.159284789443,0.210549828692
326,25,0.208810243413,0.261714201681
327,25,0.454637807845,0.589642702721
328,25,0.246435751394,0.314746514921
329,25,0.155420660894,0.192828802121
330,25,0.171018360081,0.209560362629
331,25,0.154911617913,0.193133843422
332,25,0.256820235977,0.298427436111
333,25,0.293677553748,0.353100496406
334,25,0.475621390398,0.627664506713
335,25,0.670270989321,0.805406999571
