cycle,count,mae,rmse
50,15,0.122776452784,0.154833493522
51,15,0.151171281431,0.187057153047
52,15,0.162052993332,0.198439425704
53,15,0.120932788824,0.146881425713
54,15,0.073674095705,0.0902077594931
55,15,0.110399000955,0.138637680759
56,15,0.0923788281389,0.121960566594
57,15,0.124104844012,0.159492343006
58,15,0.235646767076,0.277545694453
59,15,0.161246415745,0.201384415475
60,15,0.118013245629,0.139799143843
61,15,0.131730543488,0.160875136375
62,15,0.160413832338,0.198499984714
63,15,0.18314968344,0.22296204249
64,15,0.22396865835,0.267004965815
65,15,0.215521033747,0.263993956976
66,15,0.347402631105,0.413337975676
67,15,0.651235744193,0.7625025026
68,15,0.199981345439,0.244983143419
69,15,0.167321984312,0.199983738025
70,15,0.396903342446,0.541239399992
71,15,0.232989585569,0.277081452423
72,15,0.278484402129,0.322876799221
73,15,0.362422476729,0.458352515326
74,15,0.17972283565,0.217155824566
75,15,0.11962675818,0.152527604596
76,15,0.219304477195,0.283287190622
77,15,0.153522190389,0.205153359082
78,15,0.136637490807,0.175899034563
79,15,0.121455288041,0.146263620368
80,15,0.131624819119,0.161829705969
81,15,0.105359824306,0.125928498794
82,15,0.148749008635,0.18404339883
83,15,0.267338107106,0.336852778733
84,15,0.174920802309,0.217081787865
85,15,0.109772407231,0.130677303187
86,15,0.109650601246,0.131789952804
87,15,0.140492993944,0.165275569824
88,15,0.233266215562,0.278409706624
89,15,0.124565750394,0.158911246917
90,15,0.207037599597,0.282249192192
91,15,0.138174511174,0.180309780965
92,15,0.146541490367,0.1746120898
93,15,0.134846962233,0.165569773786
94,15,0.11961877918,0.149870462181
95,15,0.113820643729,0.144177104745
96,15,0.271171314976,0.332364895065
97,15,0.128792395732,0.158761486324
98,15,0.168116427754,0.215019031251
99,15,0.128266316135,0.155283055917
100,15,0.268311856469,0.320920370606
101,15,0.191378226477,0.2357738012
102,15,0.175522950793,0.220124715116
103,15,0.0934554745013,0.121289183364
104,15,0.176434223508,0.222622592834
105,15,0.162839431771,0.202941039051
106,15,0.216908338332,0.267881202922
107,15,0.150207133968,0.187035072848
108,15,0.156680362663,0.199542514537
109,15,0.14158174826,0.169585599681
110,15,0.155327968886,0.229815175246
111,15,0.161712634307,0.191975452891
112,15,0.183894591824,0.214259561754
113,15,0.142938324806,0.174988469678
114,15,0.159200325892,0.193583206341
115,15,0.131059953673,0.16233048321
116,15,0.18155564258,0.220954982854
117,15,0.204258091826,0.2662356999
118,15,0.303447967072,0.35917334731
119,15,0.238685696519,0.309715531287
120,15,0.708873929076,0.908144780356
121,15,0.613845986984,0.752355171502
122,15,0.77220981626,0.951612844969
123,15,0.606854810882,0.757783882612
124,15,0.516557380327,0.679281662354
125,15,0.638286751567,0.800381820743
126,15,0.403974951585,0.580804679161
127,15,0.415573405226,0.590679652662
128,15,0.187743786498,0.229555353429
129,15,0.162303680822,0.252914958386
130,15,0.128716552741,0.172003628917
131,15,0.171876366084,0.233801331402
132,15,0.274803152891,0.342919249165
133,15,0.41572413555,0.509194525465
134,15,0.449747183126,0.549543018671
135,15,0.578314993884,0.685380646845
136,15,0.239552659506,0.290371378392
137,15,0.36034950504,0.457651627466
138,15,0.192643045249,0.253497013043
139,15,0.166443946558,0.208496389694
140,15,0.146548581757,0.178707628218
141,15,0.136584262298,0.166116319278
142,15,0.1270267978,0.170724477551
143,15,0.188939650548,0.258985336221
144,15,0.147277412805,0.174370412186
145,15,0.138358074328,0.171094773036
146,15,0.169243990913,0.211905537293
147,15,0.20138800769,0.243748671755
148,15,0.12391836464,0.150174214226
149,15,0.160041109219,0.191182456155
150,15,0.159274608821,0.212516835498
151,15,0.14553069,0.184614070323
152,15,0.122675990034,0.154397294298
153,15,0.176760062199,0.231219435298
154,15,0.181510558201,0.252771971583
155,15,0.219138409304,0.277175712525
156,15,0.176637107349,0.215910952089
157,15,0.196383164748,0.23463656071
158,15,0.173421561065,0.218468884386
159,15,0.150334212579,0.181234759328
160,15,0.147254941025,0.191605192883
161,15,0.16778508538,0.21087302818
162,15,0.187135710685,0.229991118851
163,15,0.200211796716,0.249659568076
164,15,0.166339802319,0.209559160013
165,15,0.152093170336,0.198840657173
166,15,0.17199473525,0.202987526142
167,15,0.175689825403,0.224259266515
168,15,0.130453540097,0.161753130069
169,15,0.120334708501,0.141524991597
170,15,0.160891014425,0.204050154577
171,15,0.161904852243,0.190538495569
172,15,0.196274929199,0.243990363153
173,15,0.210662610955,0.246300687793
174,15,0.229125125339,0.298796720243
175,15,0.192242178395,0.245036667903
176,15,0.0887135648924,0.103862663638
177,15,0.108945497585,0.135790059605
178,15,0.105958125271,0.133067557411
179,15,0.13995471439,0.169453489079
180,15,0.0939143847121,0.111555402782
181,15,0.147486736174,0.181825810743
182,15,0.14938939512,0.176806694596
183,15,0.111427591245,0.132403293109
184,15,0.0934808287931,0.116240292188
185,15,0.103843085935,0.126441629321
186,15,0.197507900224,0.221079123217
187,15,0.119368438285,0.142350722376
188,15,0.15114367073,0.175361909876
189,15,0.116761881823,0.143558251298
190,15,0.146819003418,0.178189285286
191,15,0.146412310898,0.184274419655
192,15,0.228364110797,0.271597046989
193,15,0.181595744907,0.223566615836
194,15,0.119281849659,0.141699488503
195,15,0.109522509701,0.138356895686
196,15,0.183163918247,0.23195105126
197,15,0.26555754119,0.353159398404
198,15,0.15276618395,0.244296239645
199,15,0.269461985608,0.317806037031
200,15,0.204938060768,0.278030701976
201,15,0.373459472011,0.462144754757
202,15,0.613257037975,0.767876986897
203,15,0.443856167464,0.519751858675
204,15,0.37679885533,0.482293562957
205,15,0.50313325831,0.586196393548
206,15,0.508795814496,0.664373568784
207,15,0.422067934371,0.519768047228
208,15,0.453132373587,0.520681242149
209,15,0.415630658453,0.527567399095
210,15,0.592591016785,0.69049606958
211,15,0.880929868162,1.11262435704
212,15,0.432326670142,0.521456412567
213,15,0.552608969328,0.71979963434
214,15,0.901084144649,1.22711248879
215,15,0.727690496541,0.973156089704
216,15,0.54481958968,0.683846979256
217,15,0.402768058724,0.467439348325
218,15,0.262085486632,0.317506989791
219,15,0.218462922036,0.297455371372
220,15,0.214868691101,0.269715967538
221,15,0.274508965431,0.36206965956
222,15,0.215501351409,0.275318216915
223,15,0.156849450909,0.189716088637
224,15,0.14684490819,0.188875574313
225,15,0.119748964579,0.154223815214
226,15,0.164387312249,0.214749030837
227,15,0.178614624969,0.224846715252
228,15,0.332830586215,0.428312881144
229,15,0.482839627796,0.596925276736
230,15,0.806264689547,0.974454748332
231,15,0.440489722506,0.561003325306
232,15,0.842005793341,1.02759713861
233,15,0.613196982271,0.761746862495
234,15,0.566785381461,0.746905188803
235,15,0.696226711841,0.834647571059
236,15,0.538375837688,0.630405023999
237,15,0.485487139932,0.573592079774
238,15,0.392794492517,0.483102610882
239,15,0.39191807017,0.508928003417
240,15,0.24881002444,0.306345206353
241,15,0.302412005791,0.374412189194
242,15,0.377898055481,0.458875124295
243,15,0.752356012143,0.878417798767
244,15,0.79662641628,1.04996764371
245,15,1.09574355324,1.21710385655
246,15,0.686710631912,0.810918844054
247,15,0.55592205425,0.669550290327
248,15,0.453294813616,0.518344609088
249,15,0.346026258237,0.418324629816
250,15,0.236980506442,0.314320319048
251,15,0.299561142816,0.39234370134
252,15,0.22989431517,0.285852572455
253,15,0.270746957806,0.337599083408
254,15,0.154901916754,0.187010224349
255,15,0.155578642583,0.19667666466
256,15,0.0995918111217,0.12673846083
257,15,0.145665146232,0.185123893157
258,15,0.115907879284,0.150040299398
259,15,0.177657660547,0.227729598257
260,15,0.178938815407,0.21413164031
261,15,0.178098295345,0.236723170553
262,15,0.264947884234,0.329517582769
263,15,0.21461377673,0.290419929348
264,15,0.426241909422,0.532719862025
265,15,0.398205340904,0.495104513724
266,15,0.35991959355,0.470552363995
267,15,0.332561697205,0.42664357509
268,15,0.248932576816,0.323099385123
269,15,0.212570073176,0.262861506286
270,15,0.235698671827,0.305682481177
271,15,0.147103231033,0.182730712391
272,15,0.15846092313,0.192987827478
273,15,0.120930830387,0.153104457596
274,15,0.166700818228,0.203547521991
275,15,0.173167914025,0.21797830666
276,15,0.292549420428,0.358505877431
277,15,0.177082344509,0.215863580344
278,15,0.126977719469,0.170275023411
279,15,0.131898555702,0.17946225801
280,15,0.191415665974,0.250997603196
281,15,0.21702168484,0.292143593618
282,15,0.234941445689,0.271662851828
283,15,0.230992911791,0.267137034162
284,15,0.203059683318,0.237977580049
285,15,0.127560794972,0.1542936093
286,15,0.190734305626,0.240734184508
287,15,0.134223265624,0.17497089558
288,15,0.125187168623,0.182124924728
289,15,0.181430180555,0.239428648989
290,15,0.177011632395,0.223285437173
291,15,0.233023492147,0.267693804871
292,15,0.120929544443,0.1412145043
293,15,0.199698224949,0.223625053664
294,15,0.119895827038,0.169403567218
295,15,0.118489255173,0.161474015323
296,15,0.105721577601,0.131039662662
297,15,0.175321249952,0.217426908604
298,15,0.145510533818,0.183399674094
299,15,0.114395382924,0.146687907147
300,15,0.150288304449,0.188799323003
301,15,0.179807713261,0.219620529367
302,15,0.134952745965,0.159274202316
303,15,0.103216375509,0.125357893588
304,15,0.171047203472,0.212025377913
305,15,0.0915031927479,0.124338151871
306,15,0.13822013415,0.194865872207
307,15,0.155283055678,0.196801990699
308,15,0.178246043086,0.215515458062
309,15,0.279469370025,0.358792477485
310,15,0.15253815006,0.190923165006
311,15,0.257565247082,0.317911662951
312,15,0.358030262094,0.436809234899
313,15,0.61915742146,0.814966421401
314,15,0.298202333101,0.387926678443
315,15,0.190830826935,0.231553297256
316,15,0.276142402572,0.356227028136
317,15,0.236575417802,0.289102715306
318,15,0.210378701339,0.268958403643
319,15,0.218325171723,0.305486950399
320,15,0.218437338371,0.272385910912
321,15,0.12927091524,0.168493450124
322,15,0.160940186607,0.195995047314
323,15,0.161524887368,0.200072440349
324,15,0.123456413144,0.165681007821
325,15,0.149348716058,0.18501276116
326,15,0.195157972091,0.245441194084
327,15,0.498634451079,0.614703395963
328,15,0.300995360014,0.425542734712
329,15,0.167095850097,0.224300486787
330,15,0.164490348793,0.202054254223
331,15,0.147176891509,0.187807674318
332,15,0.395997778519,0.47561406281
333,15,0.454230443888,0.504675848363
334,15,0.569637915856,0.701078975804
335,15,0.828835944867,0.999086952492
