cycle,count,mae,rmse
50,15,0.124799758386,0.151186783561
51,15,0.125001375282,0.148597052097
52,15,0.101866762331,0.127069581415
53,15,0.116041531567,0.139152871183
54,15,0.0937010649053,0.118242504419
55,15,0.0868624642752,0.108972997055
56,15,0.086964059403,0.112837103151
57,15,0.103890000395,0.131829480832
58,15,0.189598285901,0.221478074594
59,15,0.187949684417,0.226653829741
60,15,0.115873600709,0.149004525447
61,15,0.130723811079,0.158064449677
62,15,0.116107690412,0.145782588495
63,15,0.163236713423,0.209346659021
64,15,0.183423700462,0.214135358239
65,15,0.251908019058,0.301318175192
66,15,0.373325923523,0.485933982117
67,15,0.500663504653,0.62204301009
68,15,0.156812390524,0.190519586898
69,15,0.232533911518,0.27664116674
70,15,0.367936254287,0.489217774963
71,15,0.214746377009,0.254748953706
72,15,0.150593253818,0.185943166076
73,15,0.245775918985,0.327793475148
74,15,0.108196642089,0.134750062026
75,15,0.100856945574,0.121189467888
76,15,0.182120891396,0.232137963928
77,15,0.209752147004,0.266282204761
78,15,0.148225439446,0.181657911458
79,15,0.114411348391,0.142186641944
80,15,0.0925242867125,0.112076025361
81,15,0.0930232101674,0.114000212845
82,15,0.125220500099,0.153151305543
83,15,0.24172094758,0.340341589496
84,15,0.145537306105,0.177250839754
85,15,0.0871998011956,0.11005645417
86,15,0.102900751905,0.121304786981
87,15,0.131416444882,0.155180598733
88,15,0.205748996731,0.263988328541
89,15,0.0906472528506,0.122450705195
90,15,0.247306762636,0.331199617415
91,15,0.114793947457,0.142226873677
92,15,0.115095126312,0.137287434407
93,15,0.157247423537,0.1857086355
94,15,0.111967882545,0.141666790546
95,15,0.130354115389,0.156287534447
96,15,0.279353668873,0.352470328843
97,15,0.0973968384638,0.125566490026
98,15,0.144018942342,0.176520289569
99,15,0.129350231042,0.15774478479
100,15,0.187984737683,0.242727388674
101,15,0.163545082585,0.195729111285
102,15,0.120272555588,0.139020696727
103,15,0.094606275653,0.115755606751
104,15,0.111383484971,0.136176237851
105,15,0.245302263311,0.302695161577
106,15,0.10322489167,0.12925521773
107,15,0.150426830218,0.189023953115
108,15,0.113730716882,0.14974882523
109,15,0.142971296623,0.177847676553
110,15,0.145888433602,0.21960825262
111,15,0.181031906598,0.221639243951
112,15,0.128102769331,0.161463524564
113,15,0.149200300728,0.186839231285
114,15,0.155818771419,0.214972046318
115,15,0.124386869734,0.154897324575
116,15,0.225372493034,0.272230282203
117,15,0.173185059846,0.197693613468
118,15,0.176071231513,0.226818598257
119,15,0.259796999617,0.295955800176
120,15,0.779307908672,0.997130512623
121,15,0.577056277694,0.802682813387
122,15,0.720578475571,0.981561543519
123,15,0.586725065698,0.758074404124
124,15,0.425958140779,0.511834434018
125,15,0.605985129933,0.73356868136
126,15,0.500853330026,0.657313714036
127,15,0.608198456499,0.783405448137
128,15,0.181926731315,0.245168320655
129,15,0.204832516499,0.262662683941
130,15,0.137434221914,0.172510027051
131,15,0.136712944848,0.184341554174
132,15,0.349718157584,0.42692353079
133,15,0.325848554065,0.407631233664
134,15,0.316904470498,0.408814403416
135,15,0.415028445977,0.498204596642
136,15,0.215353889235,0.261210002183
137,15,0.241852249948,0.28345990496
138,15,0.181309081319,0.250368637298
139,15,0.210211543991,0.247645595802
140,15,0.101091767364,0.126117235467
141,15,0.114064514219,0.151060938972
142,15,0.137238147885,0.170193940118
143,15,0.143381122031,0.201483173477
144,15,0.127724946557,0.159787468438
145,15,0.154357402737,0.190594044226
146,15,0.11140049826,0.136245969199
147,15,0.1032521569,0.127118822217
148,15,0.110041524562,0.130964625596
149,15,0.0922529050875,0.11256063314
150,15,0.0745095094894,0.098981499035
151,15,0.16413130578,0.196965264189
152,15,0.129835836118,0.155689597715
153,15,0.200122748368,0.271264015361
154,15,0.165886788802,0.258885723424
155,15,0.217243296321,0.285675111101
156,15,0.159620640377,0.207323441314
157,15,0.198525685292,0.244409075
158,15,0.213345176858,0.259802065958
159,15,0.134764644318,0.160983164494
160,15,0.111640896484,0.139771581833
161,15,0.142650394232,0.17734085004
162,15,0.123729103692,0.15555441181
163,15,0.169364908113,0.210471575074
164,15,0.0904623059461,0.111653701053
165,15,0.10977841497,0.15537120958
166,15,0.154826678055,0.199356477976
167,15,0.0863626506296,0.112946581758
168,15,0.177227051049,0.217378319276
169,15,0.121118316864,0.143825910084
170,15,0.129867083973,0.163318494582
171,15,0.0928590770252,0.117677167473
172,15,0.180834980159,0.223326308392
173,15,0.135496484042,0.170901571473
174,15,0.162951091794,0.197968144376
175,15,0.133803774084,0.164370763363
176,15,0.109754994661,0.135791673984
177,15,0.125892057318,0.157236446571
178,15,0.0737426346854,0.0929910328013
179,15,0.0917003938232,0.116270222671
180,15,0.0819594438467,0.100182340645
181,15,0.100084686096,0.121069251139
182,15,0.108414931916,0.137837099294
183,15,0.107269190477,0.133337825565
184,15,0.10569437367,0.124715468297
185,15,0.11341331438,0.136549964172
186,15,0.122707402514,0.149430057887
187,15,0.126298165212,0.156354271051
188,15,0.148716036728,0.174808581588
189,15,0.133534578317,0.158100573173
190,15,0.179138055246,0.222606791277
191,15,0.161945911714,0.22115600003
192,15,0.138309840239,0.176431937702
193,15,0.108276170314,0.136810880808
194,15,0.15553612597,0.187458631929
195,15,0.112865251289,0.133460757411
196,15,0.296731148549,0.351783426808
197,15,0.242085627296,0.326599866339
198,15,0.148860759125,0.271928551603
199,15,0.16835861856,0.229080981886
200,15,0.241631395242,0.312105047919
201,15,0.269988198131,0.333446097408
202,15,0.343468401791,0.404908350583
203,15,0.383344289765,0.484886809511
204,15,0.386684901876,0.471103324131
205,15,0.527277240513,0.614376532404
206,15,0.487539721612,0.618646005224
207,15,0.392706980726,0.504290255899
208,15,0.547923998495,0.694658915716
209,15,0.437615006339,0.563686530243
210,15,0.440288944022,0.551755366578
211,15,1.010669472,1.18738148618
212,15,0.447858612383,0.523755721459
213,15,0.669437740307,0.815260745976
214,15,0.741670844051,1.14933954805
215,15,0.892940802986,1.1044658619
216,15,0.5909688386,0.779145753266
217,15,0.4659805638,0.55629098377
218,15,0.30963752857,0.39338896972
219,15,0.224873385064,0.31656220302
220,15,0.210387571567,0.270888384093
221,15,0.213881527919,0.30240060432
222,15,0.216184551087,0.283431376898
223,15,0.146106136524,0.182331200043
224,15,0.143694657217,0.191882036493
225,15,0.13267826702,0.167602341797
226,15,0.152364207754,0.188155570125
227,15,0.190972101023,0.245869466879
228,15,0.298212478132,0.367261774706
229,15,0.550946840307,0.675505604998
230,15,0.70121111042,0.881716478983
231,15,0.366142196641,0.454234185801
232,15,0.773954801855,0.971529810659
233,15,0.666410270267,0.817046935034
234,15,0.789088009521,0.938718534012
235,15,0.517327407924,0.651987622829
236,15,0.604429511765,0.795252458198
237,15,0.260474334334,0.320243463245
238,15,0.379181886911,0.468024004725
239,15,0.293521095736,0.387239029462
240,15,0.249136100721,0.305759473327
241,15,0.243100985248,0.298643851444
242,15,0.430494944545,0.537662153033
243,15,0.410887471982,0.532398298138
244,15,0.733735077073,0.886785520458
245,15,0.726791285492,0.919310796716
246,15,0.361485273141,0.435807020159
247,15,0.447405276393,0.583296837309
248,15,0.461922300174,0.575694370061
249,15,0.311312799763,0.375150495274
250,15,0.330405259223,0.412114484334
251,15,0.290739281584,0.346701206099
252,15,0.141904209171,0.197969931887
253,15,0.332154268247,0.384564570384
254,15,0.143024413213,0.176128639821
255,15,0.145723158696,0.174564273319
256,15,0.102835912404,0.134395740968
257,15,0.16306127326,0.198679144908
258,15,0.206025141147,0.248239533678
259,15,0.191073537213,0.230884956577
260,15,0.21083107789,0.263325331547
261,15,0.188594167631,0.237160326835
262,15,0.217352177408,0.270012136821
263,15,0.269617036641,0.343743938255
264,15,0.397685084246,0.509641934406
265,15,0.467818298525,0.543458574452
266,15,0.263097106878,0.32398980623
267,15,0.287649823596,0.381468854827
268,15,0.287721858879,0.375595348908
269,15,0.249574945207,0.304959413502
270,15,0.239135618378,0.28032211314
271,15,0.141171828284,0.168258528284
272,15,0.119275878088,0.151834445217
273,15,0.0985197499922,0.127119932696
274,15,0.125747418426,0.159086186356
275,15,0.13524618401,0.178765469787
276,15,0.331285536013,0.383453203907
277,15,0.184838397909,0.218517635686
278,15,0.144846693333,0.184041340104
279,15,0.116130573166,0.146334034575
280,15,0.205873180551,0.278163300666
281,15,0.185444447164,0.255680920691
282,15,0.216671849441,0.242192740456
283,15,0.186335223407,0.235668666238
284,15,0.183237311932,0.223530882478
285,15,0.132275772542,0.166344343616
286,15,0.168512173761,0.217463852267
287,15,0.135217824545,0.171715464164
288,15,0.1631532621,0.230684654548
289,15,0.137313866483,0.178274500528
290,15,0.138215613204,0.192715428542
291,15,0.159986658212,0.193172044369
292,15,0.120237665405,0.151584100519
293,15,0.103027222693,0.123433605806
294,15,0.0968447184517,0.137800443058
295,15,0.119982941522,0.166693727076
296,15,0.21481597935,0.25409382306
297,15,0.134916950031,0.167874561158
298,15,0.197196850559,0.246095203886
299,15,0.127071170326,0.162463088196
300,15,0.159497351623,0.201870998398
301,15,0.164364227522,0.205924875892
302,15,0.112816039015,0.139931821673
303,15,0.110063066884,0.146009132764
304,15,0.120236225757,0.153286849854
305,15,0.12542887203,0.174282964902
306,15,0.108970196712,0.143368008037
307,15,0.115974919081,0.15528406661
308,15,0.146653006269,0.17419117
309,15,0.223694930679,0.277453681303
310,15,0.194786576234,0.2420340121
311,15,0.305323580767,0.37022699408
312,15,0.382080388374,0.492417184116
313,15,1.11434405618,1.43100336427
314,15,0.317088620921,0.412974319655
315,15,0.190089482805,0.234096843874
316,15,0.191623849763,0.253279575016
317,15,0.273087693926,0.346781179393
318,15,0.17303620304,0.213120255377
319,15,0.235586686127,0.301232529313
320,15,0.192253064,0.254100070486
321,15,0.111513254006,0.140318084879
322,15,0.142889481833,0.197717988242
323,15,0.161534463219,0.215451355286
324,15,0.13101445202,0.176614071644
325,15,0.144678098013,0.187640210033
326,15,0.203915680078,0.275252072086
327,15,0.414950460488,0.517440884562
328,15,0.346565268947,0.402529636474
329,15,0.188011646254,0.226130372109
330,15,0.201890115727,0.24867005423
331,15,0.129790812875,0.163291807563
332,15,0.348062945673,0.40413278214
333,15,0.377281065742,0.438190022953
334,15,0.387041068798,0.460695962045
335,15,0.501185942015,0.601941385276
