cycle,count,mae,rmse
50,15,0.101604978515,0.123618058997
51,15,0.202453567649,0.234762564473
52,15,0.117763776478,0.143167192252
53,15,0.138848061939,0.167118018916
54,15,0.084794305359,0.103215481621
55,15,0.0998589093962,0.119550696443
56,15,0.126253987832,0.15276836317
57,15,0.125091179121,0.155409724033
58,15,0.146695719633,0.194769702372
59,15,0.19503321306,0.233661859136
60,15,0.125044075069,0.148531874817
61,15,0.113255374522,0.146005049245
62,15,0.192506223029,0.242614844116
63,15,0.156627327273,0.19132478736
64,15,0.270339546343,0.327475211627
65,15,0.15524587992,0.197694743155
66,15,0.286145780306,0.351809168669
67,15,0.417751745934,0.492463077447
68,15,0.128369629138,0.158191011079
69,15,0.123281427022,0.160823348757
70,15,0.305052212148,0.409003074276
71,15,0.29632796015,0.371114409609
72,15,0.381394583396,0.449316580266
73,15,0.391514605773,0.521854264384
74,15,0.106774928359,0.133908927014
75,15,0.168734364247,0.197903158578
76,15,0.154704976991,0.204456827661
77,15,0.158998222729,0.212533841036
78,15,0.163994380849,0.197560252287
79,15,0.148212477272,0.171095201694
80,15,0.114056266862,0.134807898228
81,15,0.143568398664,0.173081552948
82,15,0.155883291932,0.193764799065
83,15,0.188460068292,0.23111985891
84,15,0.220596449956,0.267840277561
85,15,0.1304831197,0.154515410085
86,15,0.154240957077,0.182871432641
87,15,0.135365967032,0.170100932195
88,15,0.199521996823,0.239447587118
89,15,0.13957969205,0.172610986817
90,15,0.238148428066,0.305886775625
91,15,0.163566341386,0.193009263412
92,15,0.144966370527,0.175751349792
93,15,0.142403531312,0.185158302537
94,15,0.124893544348,0.154558669032
95,15,0.130919689146,0.164362859166
96,15,0.251977295678,0.321022988882
97,15,0.162280871337,0.194686880423
98,15,0.180665397567,0.213160920098
99,15,0.106400907782,0.130847353976
100,15,0.197986946644,0.251446574287
101,15,0.102171847263,0.127591061958
102,15,0.139943071814,0.161879139505
103,15,0.123384427379,0.16437286363
104,15,0.141962183903,0.183289284586
105,15,0.101215238834,0.126226303262
106,15,0.144664426982,0.182780961195
107,15,0.103558051399,0.123964563752
108,15,0.161443699529,0.193003118183
109,15,0.118190605839,0.156146896654
110,15,0.163440417681,0.234819317706
111,15,0.177593450486,0.215347637936
112,15,0.168846778587,0.196426828139
113,15,0.136949256693,0.170363331543
114,15,0.184786192556,0.228419864069
115,15,0.109968886438,0.139091754121
116,15,0.225024054507,0.270887968297
117,15,0.172461721946,0.229549721142
118,15,0.201103653542,0.25975696312
119,15,0.223561987054,0.277255032782
120,15,0.771042762071,0.951530203965
121,15,0.563418463007,0.655779417284
122,15,0.831728610572,1.04268960759
123,15,0.598328201931,0.73068734753
124,15,0.538664506543,0.663415701042
125,15,0.487107398475,0.605205363522
126,15,0.404339767945,0.57130350455
127,15,0.456945548752,0.629418344783
128,15,0.180160727414,0.228871604487
129,15,0.224948530767,0.287012929595
130,15,0.145713837385,0.179202714175
131,15,0.155474110717,0.214374930674
132,15,0.319820105986,0.391963810423
133,15,0.361141413838,0.459221099484
134,15,0.46837121925,0.563931432792
135,15,0.408023439491,0.478250479088
136,15,0.226637378035,0.292801120525
137,15,0.336978870755,0.401191546352
138,15,0.231085721204,0.312979772056
139,15,0.183493364443,0.215797638928
140,15,0.0950966779323,0.121945362316
141,15,0.128327296548,0.159512440317
142,15,0.122335241972,0.16057640887
143,15,0.172302154005,0.232144616024
144,15,0.16987835335,0.208709590282
145,15,0.135933514977,0.167920479842
146,15,0.170467703814,0.210475419567
147,15,0.122688341073,0.149319751774
148,15,0.11098765979,0.136774720745
149,15,0.136560847174,0.163501348902
150,15,0.133819164805,0.169189379151
151,15,0.136279829914,0.173616952105
152,15,0.10701767027,0.129431104576
153,15,0.15362664037,0.206489689042
154,15,0.316203380538,0.381537608147
155,15,0.188775701599,0.264650701885
156,15,0.141849066346,0.179252810648
157,15,0.258651969385,0.307026879195
158,15,0.134495327549,0.202593515489
159,15,0.157478610005,0.192642893865
160,15,0.121527978128,0.155038278602
161,15,0.114027882171,0.154380404644
162,15,0.120355727258,0.157855576466
163,15,0.130234835015,0.165038827267
164,15,0.147796279517,0.190238038096
165,15,0.0988179319943,0.139404154708
166,15,0.106034114241,0.145953091399
167,15,0.146691049178,0.1808135608
168,15,0.169877959745,0.189160980287
169,15,0.0896117207262,0.109441942473
170,15,0.0800276593318,0.0979940749084
171,15,0.153252252498,0.184397381967
172,15,0.143557132329,0.1918148417
173,15,0.209082531313,0.252515612567
174,15,0.145312793128,0.182824122384
175,15,0.0965143380872,0.130687300758
176,15,0.161290968685,0.201530310206
177,15,0.112966420673,0.135363644147
178,15,0.0931209506076,0.116276485037
179,15,0.15196965197,0.193710127043
180,15,0.104467550461,0.129712117571
181,15,0.19505593697,0.246608691248
182,15,0.0826492158112,0.103005182632
183,15,0.0812036870894,0.0955284053507
184,15,0.0825326578237,0.105174509579
185,15,0.116277112186,0.142580727948
186,15,0.117448518967,0.138746178123
187,15,0.132856367897,0.157339991743
188,15,0.142645692961,0.166008229022
189,15,0.097056423993,0.124138576896
190,15,0.182856371025,0.223688121698
191,15,0.168985921571,0.196420423953
192,15,0.11814340813,0.162771391941
193,15,0.185950373987,0.208269168395
194,15,0.106208923547,0.128418806856
195,15,0.113484304558,0.130399482838
196,15,0.137505959712,0.205486333414
197,15,0.200101140663,0.288166509177
198,15,0.154922327076,0.254146672415
199,15,0.200972097549,0.242531697138
200,15,0.269816977581,0.321833232677
201,15,0.259827865702,0.330885973034
202,15,0.496207919379,0.613500139749
203,15,0.497201777568,0.625617918982
204,15,0.354409986912,0.455560228294
205,15,0.319542411598,0.399033309183
206,15,0.39694685009,0.48902740878
207,15,0.403500537267,0.513943673414
208,15,0.831966824897,1.00003088154
209,15,0.381297037703,0.474303209689
210,15,0.437955268313,0.529631356531
211,15,0.908118360263,1.10878813469
212,15,0.642623582491,0.762299233505
213,15,0.642689558652,0.847760263968
214,15,0.835592019698,1.0771354672
215,15,0.667298533517,0.874511743437
216,15,0.503822831781,0.615666752685
217,15,0.570800272625,0.68524911827
218,15,0.303367280775,0.362924925144
219,15,0.267117018751,0.338077565896
220,15,0.172420967367,0.225528307633
221,15,0.295654915382,0.367308351741
222,15,0.207908882162,0.258378406046
223,15,0.123660535458,0.149910424814
224,15,0.128939632872,0.174546624956
225,15,0.168501249564,0.204517793721
226,15,0.195811210224,0.257506046758
227,15,0.198885223215,0.257994753932
228,15,0.321567217993,0.385958133565
229,15,0.572673935228,0.711146347115
230,15,0.547662418725,0.655105363628
231,15,0.386068919248,0.458416046407
232,15,0.693755034705,0.898176607215
233,15,0.845688078797,1.0420197516
234,15,0.52684564111,0.643016420882
235,15,0.442782233219,0.528408375723
236,15,0.378896338916,0.474043772007
237,15,0.258063068184,0.313292348735
238,15,0.309153810336,0.410885562524
239,15,0.28187753127,0.372744638177
240,15,0.293991352807,0.359206470011
241,15,0.24535100468,0.302175822055
242,15,0.499340548269,0.621865030077
243,15,0.38539826582,0.481340982582
244,15,0.511344182397,0.685940725278
245,15,0.635894892179,0.779929627637
246,15,0.579533453568,0.691926642266
247,15,0.387256160225,0.482102821337
248,15,0.410736194689,0.520455050053
249,15,0.429052036712,0.489563214745
250,15,0.248272722008,0.32660624374
251,15,0.29539040396,0.361579884325
252,15,0.191378900163,0.240143234284
253,15,0.254663418062,0.298563851423
254,15,0.151174742107,0.17957351006
255,15,0.123231102107,0.147132209512
256,15,0.0961216137027,0.126557617673
257,15,0.152249802424,0.181187286478
258,15,0.162964823725,0.196868840377
259,15,0.186644593232,0.225574579005
260,15,0.18940770862,0.231773223543
261,15,0.207210829081,0.264764607687
262,15,0.215463858542,0.270929677024
263,15,0.255992791108,0.311766718838
264,15,0.387021509547,0.531470044959
265,15,0.325266745858,0.437822167871
266,15,0.267535113269,0.32877049123
267,15,0.297606781518,0.391052013039
268,15,0.236394209315,0.308243575201
269,15,0.212677324212,0.27255487472
270,15,0.217314047669,0.274353313904
271,15,0.195687959988,0.234205999009
272,15,0.160477708327,0.1957038684
273,15,0.147954616473,0.185446408196
274,15,0.106990396686,0.137302980223
275,15,0.141944612403,0.18489173437
276,15,0.309501922939,0.373981184193
277,15,0.16908581072,0.222891161275
278,15,0.127453856627,0.17604530948
279,15,0.125568421643,0.150751856621
280,15,0.174440141039,0.223504492298
281,15,0.181668416662,0.248519302132
282,15,0.236421524217,0.268073264992
283,15,0.195693914018,0.233647821932
284,15,0.19415798344,0.23716675957
285,15,0.149466665686,0.189211410055
286,15,0.122771934787,0.163793953989
287,15,0.166131000693,0.202890664385
288,15,0.203368083886,0.288952103188
289,15,0.127044949424,0.159317194204
290,15,0.216539989291,0.263693760985
291,15,0.157672932003,0.187662656052
292,15,0.0861121111837,0.106182361765
293,15,0.120527721826,0.144118160447
294,15,0.0914061737347,0.135807681407
295,15,0.141248437001,0.197620698898
296,15,0.123388944859,0.153635088779
297,15,0.121134709131,0.152175843233
298,15,0.170639542133,0.210393966778
299,15,0.110637305104,0.153040158158
300,15,0.161826115323,0.213134465471
301,15,0.178030012846,0.229308691854
302,15,0.13036561384,0.158631129652
303,15,0.13113623622,0.161203880894
304,15,0.160569958495,0.214129126983
305,15,0.105558988197,0.140995166909
306,15,0.128927989962,0.17737016834
307,15,0.0855163993618,0.107669061696
308,15,0.182415585312,0.221622348255
309,15,0.227573134937,0.288250276879
310,15,0.211051872185,0.264035881691
311,15,0.244671040467,0.301043219576
312,15,0.422765209115,0.531474204927
313,15,0.493233114275,0.632241658812
314,15,0.297897486518,0.399298768754
315,15,0.177840259643,0.217379770017
316,15,0.234327291385,0.297091522505
317,15,0.236828192418,0.302075519844
318,15,0.235139666692,0.293097479331
319,15,0.20677431621,0.278422062102
320,15,0.246661608901,0.298128090063
321,15,0.151253179409,0.177608883034
322,15,0.174315192028,0.226636112662
323,15,0.173519702477,0.21974331042
324,15,0.151094948961,0.199011971675
325,15,0.169438835518,0.21075492265
326,15,0.21497044093,0.263714515955
327,15,0.39547536595,0.505812027401
328,15,0.240467246687,0.301271328256
329,15,0.154705973933,0.208326472641
330,15,0.167137619873,0.202535867935
331,15,0.178139094111,0.232740623978
332,15,0.344739350392,0.438154642995
333,15,0.525464454752,0.625838733877
334,15,0.496637781099,0.630701348654
335,15,0.54813764029,0.676103154602
