cycle,count,mae,rmse
50,15,0.13407215115,0.1594339644
51,15,0.141693987607,0.178356259306
52,15,0.124903710662,0.148431326186
53,15,0.108833724887,0.131986817253
54,15,0.10948656506,0.130549044764
55,15,0.0882488682166,0.113045767383
56,15,0.0945171567459,0.122494037711
57,15,0.168936943666,0.196275503541
58,15,0.201511274908,0.241710649689
59,15,0.159539467706,0.196059768551
60,15,0.138465767615,0.167301782409
61,15,0.16628269544,0.212651996792
62,15,0.11221673901,0.134425401052
63,15,0.183213076463,0.226176771523
64,15,0.26146655862,0.308254945375
65,15,0.206028897202,0.245365947684
66,15,0.298664908417,0.376622613396
67,15,0.514144351138,0.636832797954
68,15,0.129738956618,0.159172139132
69,15,0.332713248187,0.396770507962
70,15,0.298605743719,0.419920724205
71,15,0.172031890756,0.208161929978
72,15,0.190572775245,0.23927468764
73,15,0.336218139137,0.433850016
74,15,0.153776257037,0.182124296975
75,15,0.13467246238,0.169327081461
76,15,0.191050273431,0.240552536694
77,15,0.141945506884,0.194616214427
78,15,0.129071217904,0.163368737075
79,15,0.113546985473,0.145162519828
80,15,0.121950249445,0.14496885545
81,15,0.108275954976,0.133338406584
82,15,0.162289985736,0.19923793086
83,15,0.202045717522,0.242746725448
84,15,0.118877260749,0.146029450474
85,15,0.0946829830913,0.11221113501
86,15,0.132366814864,0.159184927607
87,15,0.143365268407,0.17930947927
88,15,0.222795583771,0.259994557017
89,15,0.133094642181,0.16041761963
90,15,0.202046425733,0.264859282028
91,15,0.15822419626,0.18879456736
92,15,0.122250700082,0.150094670897
93,15,0.110265810592,0.137172724875
94,15,0.121304806839,0.146393190224
95,15,0.115488760268,0.150941564511
96,15,0.223585800627,0.278219949137
97,15,0.125361868173,0.155966408218
98,15,0.107614258777,0.134319356511
99,15,0.110231697565,0.13471301705
100,15,0.169549881047,0.206562703788
101,15,0.142574562922,0.172893240087
102,15,0.11690604303,0.139388768544
103,15,0.103969628462,0.129566057865
104,15,0.115536302006,0.139498952282
105,15,0.187518927301,0.227134143977
106,15,0.165332995159,0.204897666699
107,15,0.120723443313,0.150830721072
108,15,0.132668195021,0.17430147691
109,15,0.172168494595,0.205993420856
110,15,0.174273485871,0.236731305149
111,15,0.150658365429,0.186708061665
112,15,0.154998076664,0.187703801869
113,15,0.170916420243,0.224636150194
114,15,0.138977979433,0.181398459006
115,15,0.142320048132,0.175757852493
116,15,0.141905771624,0.174063623147
117,15,0.224047272873,0.266856186831
118,15,0.249572494746,0.31349047042
119,15,0.269399286062,0.344565448783
120,15,0.700275826785,0.86195891761
121,15,0.566004622999,0.672963871013
122,15,0.874568558679,1.04487852817
123,15,0.566237020459,0.713141906098
124,15,0.432467730113,0.527797051611
125,15,0.622406446184,0.816430024907
126,15,0.402745896608,0.559945606801
127,15,0.499345950494,0.694656937811
128,15,0.180927468415,0.21826514437
129,15,0.168605840758,0.228821872777
130,15,0.101454352559,0.12761999665
131,15,0.128706018126,0.176637112257
132,15,0.310712417599,0.389260048785
133,15,0.372218011401,0.443856081494
134,15,0.478774851072,0.574162455055
135,15,0.486370308323,0.555967871325
136,15,0.311510039294,0.380715017899
137,15,0.266513115427,0.329414877618
138,15,0.26899494222,0.356772450391
139,15,0.155038012812,0.180710091459
140,15,0.116724427971,0.14143592578
141,15,0.160304802861,0.194808924
142,15,0.112920661078,0.152558114705
143,15,0.181674846101,0.254946580003
144,15,0.162145278413,0.214231531631
145,15,0.157895162915,0.202987532561
146,15,0.137256752432,0.170856588772
147,15,0.106475125339,0.125870647041
148,15,0.100110192528,0.121276838411
149,15,0.0805577553249,0.106916052722
150,15,0.0797618666289,0.103256735915
151,15,0.123024502481,0.160092246649
152,15,0.11117111364,0.135527171284
153,15,0.188982896221,0.243099049811
154,15,0.197942164997,0.287288124453
155,15,0.192979570495,0.264269904412
156,15,0.123682036611,0.156976907726
157,15,0.226183059428,0.275839773053
158,15,0.16499351528,0.210150796594
159,15,0.155447735887,0.192599648533
160,15,0.123988479108,0.16068433022
161,15,0.0921510649185,0.121294412456
162,15,0.138179915899,0.169245603685
163,15,0.128956103462,0.156242301127
164,15,0.133430643892,0.16512296216
165,15,0.141660705936,0.185427538758
166,15,0.128397666962,0.16315626198
167,15,0.0846522817469,0.10768991294
168,15,0.1273942014,0.162264053072
169,15,0.0984492159816,0.124950052267
170,15,0.135510805272,0.173199705481
171,15,0.150820704847,0.189482985636
172,15,0.115833280887,0.151665610235
173,15,0.172055895441,0.205559695935
174,15,0.169846678043,0.210872443583
175,15,0.15060668211,0.183882076757
176,15,0.110085296391,0.138356448633
177,15,0.0748177961594,0.0917677809704
178,15,0.108939098481,0.132861298537
179,15,0.100577846007,0.118412382403
180,15,0.0690338858682,0.089677055943
181,15,0.0914436907107,0.113964661202
182,15,0.127191323534,0.157514183494
183,15,0.115806094596,0.146437615771
184,15,0.0953162080056,0.115758364794
185,15,0.0905956326545,0.115323596084
186,15,0.09345625435,0.11557696851
187,15,0.0912880492305,0.114900586592
188,15,0.12255994296,0.148136356319
189,15,0.104452499197,0.148117601568
190,15,0.13903088762,0.176587794187
191,15,0.116187094317,0.160629974576
192,15,0.156190292546,0.182502626394
193,15,0.0855575092024,0.11662555115
194,15,0.163450308413,0.186293660203
195,15,0.114860077538,0.137955586511
196,15,0.166311570393,0.208440358906
197,15,0.190831236097,0.294650125752
198,15,0.277835596575,0.355295926899
199,15,0.179871033824,0.231172446318
200,15,0.179685372263,0.238540839678
201,15,0.317247571325,0.389977738365
202,15,0.404982607451,0.467454176379
203,15,0.393390197698,0.452620202144
204,15,0.297991445153,0.362176304195
205,15,0.493656780378,0.597984740739
206,15,0.750532086027,0.910378899436
207,15,0.710096649193,0.855659716674
208,15,0.572878239345,0.671264560109
209,15,0.344559884416,0.436888543286
210,15,0.428967519116,0.562849696004
211,15,0.89909023022,1.13264451725
212,15,0.559798756627,0.69466472923
213,15,0.577802598989,0.691270786966
214,15,0.58052459363,0.804617549187
215,15,0.746635516707,1.07109078644
216,15,0.568724629876,0.741444392403
217,15,0.34672608386,0.439007362506
218,15,0.321491997377,0.399869059558
219,15,0.256791448774,0.327518191733
220,15,0.164503548748,0.206500293128
221,15,0.281381286149,0.351597665516
222,15,0.251177657753,0.319930181084
223,15,0.132620750462,0.162365311516
224,15,0.126051764541,0.169722000904
225,15,0.110372600364,0.132910987918
226,15,0.170715797024,0.209783061212
227,15,0.113132105128,0.155754222046
228,15,0.326811037029,0.401596474983
229,15,0.573350735872,0.675506365628
230,15,0.51704917031,0.607809310234
231,15,0.327932754586,0.414481299069
232,15,0.63462195302,0.799042213633
233,15,0.846303795196,1.077589632
234,15,0.637367016969,0.793307896366
235,15,0.370492421448,0.453050062538
236,15,0.517616894305,0.598300434145
237,15,0.456029587375,0.549558008718
238,15,0.287411321223,0.380513053714
239,15,0.295599357644,0.382256183782
240,15,0.286399858951,0.382902802216
241,15,0.217491180582,0.262875526638
242,15,0.356158672381,0.451550309389
243,15,0.557339036154,0.711932806851
244,15,0.564286577164,0.724644009978
245,15,0.64893370228,0.783175290714
246,15,0.562400561277,0.699366336106
247,15,0.412282184925,0.504997377425
248,15,0.346729135316,0.402895803838
249,15,0.387466801559,0.461562272564
250,15,0.278397858173,0.358721988379
251,15,0.270961535083,0.321850413636
252,15,0.207201056519,0.276135799208
253,15,0.27092344523,0.318229021242
254,15,0.152332745331,0.201639048325
255,15,0.117653447113,0.140643260365
256,15,0.103072548696,0.130990895278
257,15,0.159820279825,0.20482789085
258,15,0.111286769741,0.156076826883
259,15,0.148846415299,0.179171979371
260,15,0.160221207497,0.200743280107
261,15,0.15032766528,0.209135876729
262,15,0.26951956473,0.347336446493
263,15,0.195162884647,0.248395740803
264,15,0.335946910224,0.450176760918
265,15,0.320800660209,0.416853985722
266,15,0.261517425677,0.33386814567
267,15,0.283644850742,0.369440152044
268,15,0.251290485137,0.326954763745
269,15,0.218838770393,0.275730744566
270,15,0.281588283201,0.349782921456
271,15,0.184119505847,0.2171577852
272,15,0.121477048725,0.146138868738
273,15,0.12998031831,0.156203162316
274,15,0.17238942242,0.215005394386
275,15,0.144368053695,0.185037747618
276,15,0.28041062879,0.357390030171
277,15,0.181677670453,0.23585102433
278,15,0.100359960501,0.130634730113
279,15,0.106050314528,0.130661022242
280,15,0.183978275898,0.236152104559
281,15,0.178564940109,0.25799443695
282,15,0.261324764069,0.301190538261
283,15,0.22587607238,0.280622928235
284,15,0.178362614524,0.215461983255
285,15,0.14425110854,0.173865524053
286,15,0.13989404545,0.167636329462
287,15,0.117699785399,0.151848566156
288,15,0.132225183061,0.161320704419
289,15,0.180905577482,0.234020328321
290,15,0.164756840933,0.218014295644
291,15,0.155243427548,0.187880095921
292,15,0.135112134473,0.166403731628
293,15,0.0957872497904,0.114020351382
294,15,0.115541827581,0.165384766073
295,15,0.137295890644,0.184194366468
296,15,0.10778545501,0.130682460064
297,15,0.110318177141,0.134594826795
298,15,0.14658199436,0.187075595118
299,15,0.164052408673,0.203213843964
300,15,0.147459543506,0.200046350568
301,15,0.199840266431,0.240893619488
302,15,0.138495917924,0.168752257653
303,15,0.163300474696,0.210082489028
304,15,0.12428576918,0.156466603568
305,15,0.111696171052,0.144358678687
306,15,0.108289251815,0.14605134478
307,15,0.150360931971,0.195178035169
308,15,0.157442046197,0.192038763159
309,15,0.285183812051,0.359176590993
310,15,0.147833623592,0.180445754324
311,15,0.236208733341,0.283574141756
312,15,0.377068023395,0.509457760432
313,15,0.685090113402,0.845872798336
314,15,0.303978415923,0.38947833657
315,15,0.213969140207,0.271236150377
316,15,0.255143218012,0.328474738637
317,15,0.270328309492,0.326051066123
318,15,0.20944602364,0.253938853183
319,15,0.252118369924,0.319941111151
320,15,0.161700539043,0.205156413499
321,15,0.113100524319,0.14342495435
322,15,0.105185205252,0.132490490463
323,15,0.187247443703,0.250822412124
324,15,0.16786140228,0.211192987308
325,15,0.213756014331,0.259876986233
326,15,0.19334925295,0.241866050324
327,15,0.406037498787,0.50314529832
328,15,0.258704325876,0.332835708555
329,15,0.161635574827,0.210836854395
330,15,0.141674865341,0.171546476248
331,15,0.162803390195,0.20248098
332,15,0.411566666691,0.492979486876
333,15,0.352888540736,0.432153240974
334,15,0.600493947887,0.727104048608
335,15,0.396201393657,0.49692524198
