cycle,count,mae,rmse
5,15,0.169091377651,0.216313664914
6,15,0.136293363899,0.168990760564
7,15,0.13740239715,0.16513261049
8,15,0.136606000061,0.171347290848
9,15,0.203870329889,0.248925025627
10,15,0.188903529222,0.248613639168
11,15,0.323484739541,0.384312597439
12,15,0.199005921421,0.239227021481
13,15,0.255591595519,0.30544648654
14,15,0.13398413624,0.172812903802
15,15,0.13370180082,0.16691716199
16,15,0.162819305614,0.195659956418
17,15,0.175894709464,0.225142969719
18,15,0.18371317495,0.233042389379
19,15,0.115484784688,0.151584623774
20,15,0.126101708563,0.154483102235
21,15,0.16164408996,0.204838808518
22,15,0.181595791766,0.222868586788
23,15,0.167357818764,0.200056376717
24,15,0.12848190097,0.156242550819
25,15,0.146443389783,0.179470322082
26,15,0.251313913681,0.31571269676
27,15,0.162123759198,0.218341866138
28,15,0.150530623727,0.195394438632
29,15,0.163795266282,0.206716647094
30,15,0.153362888651,0.184317811814
31,15,0.161571121674,0.193181300996
32,15,0.126730963752,0.157526337964
33,15,0.151452760623,0.203868528811
34,15,0.189352519525,0.289638579476
35,15,0.278500046345,0.358163486926
36,15,0.284388534999,0.394733429727
37,15,0.245879520927,0.336287160836
38,15,0.25046234982,0.335863662766
39,15,0.297113683716,0.38181060884
40,15,0.345204547945,0.40925156624
41,15,0.380350403573,0.459796608771
42,15,0.156592981468,0.190918160562
43,15,0.154749054871,0.202383395487
44,15,0.205345571933,0.270343055927
45,15,0.238395225497,0.281743551992
46,15,0.207569744406,0.248938952062
47,15,0.148203831601,0.198693447909
48,15,0.144736573771,0.18095032664
49,15,0.118234226021,0.154280106465
50,15,0.16838087956,0.205535998415
51,15,0.158036454724,0.196416864176
52,15,0.144132804315,0.170420595178
53,15,0.165807794566,0.21165724045
54,15,0.132270226931,0.169757779499
55,15,0.117642270654,0.151670642465
56,15,0.157604885018,0.197113761218
57,15,0.154620448098,0.191232337033
58,15,0.219879974058,0.295112980351
59,15,0.212816056941,0.282758180102
60,15,0.143647819829,0.194037056943
61,15,0.102596729624,0.12762369868
62,15,0.274524932528,0.314506965254
63,15,0.187291644932,0.234698448348
64,15,0.284804127998,0.360220094635
65,15,0.185341087378,0.246889436891
66,15,0.360612981461,0.507068489933
67,15,0.708753957351,0.879475775079
68,15,0.135727857562,0.182124436362
69,15,0.185075353791,0.25294205992
70,15,0.279496187365,0.388079047546
71,15,0.161398367075,0.194038890251
72,15,0.142819687118,0.174552025262
73,15,0.362738831157,0.497969750466
74,15,0.10333159826,0.127347241158
75,15,0.158303263325,0.190209417744
76,15,0.132427519142,0.159399070278
77,15,0.163298810845,0.212993428452
78,15,0.13045940226,0.170760436161
79,15,0.08493180681,0.110520515149
80,15,0.0989813471675,0.115413519337
81,15,0.123875128794,0.174630120196
82,15,0.129691068473,0.156826754537
83,15,0.307061878634,0.361748313143
84,15,0.110668264876,0.140619724029
85,15,0.113077463067,0.15566168472
86,15,0.0973214190057,0.125240419401
87,15,0.111604405948,0.14838571676
88,15,0.257376791695,0.313783563436
89,15,0.133957001069,0.169992801273
90,15,0.284977141172,0.368468840423
91,15,0.163602564801,0.220775076468
92,15,0.160851558616,0.216116231167
93,15,0.217952643095,0.3200968903
94,15,0.137955055286,0.175845935042
95,15,0.152409484656,0.20990434689
96,15,0.319031027129,0.390651799898
97,15,0.113898339612,0.152497560504
98,15,0.159933228663,0.186945374156
99,15,0.147639799757,0.175909260388
100,15,0.122645109299,0.15439155182
101,15,0.22364109403,0.263870998913
102,15,0.164022136414,0.199235839646
103,15,0.169226457403,0.218127256236
104,15,0.136035792771,0.167667419756
105,15,0.11389216234,0.143321009747
106,15,0.13106944238,0.163065267367
107,15,0.156849330161,0.188823671803
108,15,0.203686613146,0.245216416439
109,15,0.217752541196,0.272491722834
110,15,0.27155107782,0.34486536998
111,15,0.23033154919,0.282841853132
112,15,0.187629831336,0.23300839026
113,15,0.204103747519,0.26638836676
114,15,0.173070208799,0.265557700558
115,15,0.160354666138,0.216200673963
116,15,0.140207210049,0.176325768815
117,15,0.168276243225,0.209057282098
118,15,0.192165082203,0.243953664852
119,15,0.260735761908,0.322940914168
120,15,0.694764216416,0.89822632933
121,15,0.546979331426,0.648006009288
122,15,0.69221247352,0.848737923332
123,15,0.488068812194,0.573032681797
124,15,0.421499305085,0.513843258611
125,15,0.495672548848,0.586593170485
126,15,0.413118247201,0.544363427649
127,15,0.479100074837,0.614983246437
128,15,0.169792911784,0.206631168668
129,15,0.161854158,0.239268745027
130,15,0.106451180681,0.136016499631
131,15,0.239024857764,0.286411419218
132,15,0.299572280724,0.369200789234
133,15,0.447812790534,0.549537556092
134,15,0.461196848374,0.5521440137
135,15,0.442096825603,0.543994606285
136,15,0.363725216151,0.43944059911
137,15,0.288848042167,0.375794315321
138,15,0.228766805447,0.310026795887
139,15,0.18703803888,0.237400323437
140,15,0.101141530974,0.124586598298
141,15,0.126209944632,0.171040225494
142,15,0.146612736476,0.189425274515
143,15,0.191684716341,0.258679971366
144,15,0.122093096643,0.17296103336
145,15,0.117210793065,0.164393476846
146,15,0.0908847789881,0.117159221683
147,15,0.0822350748346,0.103888306398
148,15,0.098105656052,0.132967136792
149,15,0.112661389213,0.13842220396
150,15,0.0867138098638,0.117781356184
151,15,0.094376518432,0.122258632605
152,15,0.13478087375,0.17522517073
153,15,0.160173187232,0.204288998397
154,15,0.216589596228,0.304335001812
155,15,0.214331333676,0.325840576059
156,15,0.0998079120781,0.130197800007
157,15,0.267251089798,0.324031057061
158,15,0.161218725166,0.215255828922
159,15,0.0989378778574,0.125104831769
160,15,0.16014914947,0.205728718409
161,15,0.127894127225,0.16538515726
162,15,0.14788057185,0.190244455727
163,15,0.105913173825,0.127145993151
164,15,0.0971754988464,0.122251545875
165,15,0.109293229487,0.149177396987
166,15,0.10794182845,0.156428462071
167,15,0.110769244605,0.13297577965
168,15,0.110604464497,0.142581449887
169,15,0.120761891943,0.147474881786
170,15,0.099426766758,0.119051193603
171,15,0.154035090865,0.200641406414
172,15,0.197995867495,0.247416621406
173,15,0.11317892135,0.142156923563
174,15,0.128817908445,0.15941981509
175,15,0.142496290838,0.171676423682
176,15,0.105703443002,0.12898042992
177,15,0.0734430010554,0.0930106341231
178,15,0.12391667051,0.150331805519
179,15,0.0894150807259,0.111092723377
180,15,0.0784840389951,0.102230696244
181,15,0.0961037811582,0.117329188964
182,15,0.090818722371,0.112438350667
183,15,0.101289345769,0.130248737586
184,15,0.123751530854,0.143976432195
185,15,0.0820415350072,0.11113733485
186,15,0.116763235053,0.146029786174
187,15,0.111479376442,0.161072926576
188,15,0.105529012577,0.155428616678
189,15,0.151619658231,0.191305549174
190,15,0.166940115475,0.219898806259
191,15,0.208069029102,0.258929841559
192,15,0.125355997964,0.185621446643
193,15,0.117010810582,0.20223017914
194,15,0.109197655706,0.155687704774
195,15,0.104912435292,0.136222341962
196,15,0.144930450718,0.219397346493
197,15,0.245879842453,0.332499611973
198,15,0.1665086927,0.340723928443
199,15,0.153725978533,0.245174991089
200,15,0.255312580035,0.360999241823
201,15,0.418281164292,0.495269901399
202,15,0.499824804372,0.607982736538
203,15,0.596430302409,0.805267681523
204,15,0.51032159152,0.594936836005
205,15,0.545758955919,0.678559547381
206,15,0.65067731904,0.771684007477
207,15,0.560331124592,0.669594586441
208,15,0.576169185986,0.669768623249
209,15,0.484409321046,0.60974999628
210,15,0.629054200734,0.761335014179
211,15,1.00691464118,1.15779651949
212,15,0.435780895077,0.515594692097
213,15,0.654726337901,0.815411143605
214,15,0.587906146761,0.894100306091
215,15,0.689910476148,0.840583197595
216,15,0.589350147847,0.70710396235
217,15,0.364154481976,0.427533071634
218,15,0.270208690212,0.349584338762
219,15,0.22843076484,0.305102676478
220,15,0.196412460922,0.256419868769
221,15,0.256914947633,0.320814932204
222,15,0.18659214616,0.236233758853
223,15,0.13307908967,0.158708919625
224,15,0.175142021385,0.210976854182
225,15,0.139549527935,0.165318721326
226,15,0.169028677343,0.205613175437
227,15,0.233565952212,0.277423507692
228,15,0.312087939269,0.390344750007
229,15,0.553194158047,0.743132046099
230,15,0.608097708975,0.705661067045
231,15,0.507930415979,0.606769988725
232,15,0.87225437467,0.985526937166
233,15,0.834264570002,1.0046860542
234,15,0.786351422818,0.920791899948
235,15,0.689506937418,0.79680276956
236,15,0.580032269198,0.688618947355
237,15,0.437331726119,0.529767389029
238,15,0.4006816728,0.509184165406
239,15,0.447291525765,0.547627797352
240,15,0.295480215299,0.386339326784
241,15,0.356357391064,0.421213410923
242,15,0.477740801632,0.589879657553
243,15,0.647200822245,0.773779025902
244,15,0.916283336959,1.06671325151
245,15,0.746056282655,0.901672567132
246,15,0.709690247117,0.854554453873
247,15,0.615034386329,0.724399582009
248,15,0.532377357854,0.646331512916
249,15,0.412445059979,0.510036171726
250,15,0.391681992881,0.479083315261
251,15,0.359479540102,0.440822788542
252,15,0.250381502326,0.299889603319
253,15,0.391125340333,0.495977384811
254,15,0.18256338285,0.244555820915
255,15,0.101879427054,0.12937383766
256,15,0.133074972094,0.170956116416
257,15,0.167139438124,0.232249538226
258,15,0.13262366081,0.165580517468
259,15,0.125768855888,0.155812839076
260,15,0.149938355109,0.180925552203
261,15,0.204803872657,0.239164316765
262,15,0.2110237368,0.272142983175
263,15,0.182003793823,0.226313228287
264,15,0.297088585277,0.402302645475
265,15,0.381460245494,0.455729245751
266,15,0.300939334003,0.353532482351
267,15,0.320183747162,0.384476194632
268,15,0.239719138117,0.310461468095
269,15,0.225445449135,0.270796087834
270,15,0.214425516013,0.27287732506
271,15,0.185039344592,0.224845434698
272,15,0.142449435152,0.176430578906
273,15,0.104891843292,0.130118880253
274,15,0.118987652588,0.154624302423
275,15,0.151820275676,0.201585843659
276,15,0.308220623752,0.386484144186
277,15,0.139628704905,0.191611348004
278,15,0.130754528252,0.166675416066
279,15,0.127705535665,0.166854436615
280,15,0.150503552738,0.19920326479
281,15,0.188393418534,0.246109247272
282,15,0.153142112472,0.198182772788
283,15,0.223370454026,0.265729155387
284,15,0.137532095049,0.166806983751
285,15,0.108785907149,0.134845722936
286,15,0.110063445877,0.14094607655
287,15,0.154624861187,0.193993648206
288,15,0.124976118705,0.15628652374
289,15,0.154161913725,0.192214178656
290,15,0.193071527935,0.244414593612
291,15,0.132207675325,0.16247684848
292,15,0.101827134588,0.127624703694
293,15,0.130591532039,0.159404724953
294,15,0.104007307526,0.138258192542
295,15,0.121331246531,0.165100228736
296,15,0.0924853489437,0.118276010591
297,15,0.113342441339,0.139698683919
298,15,0.125572545012,0.163761401819
299,15,0.0956330759247,0.136885497608
300,15,0.12117896892,0.154747535622
301,15,0.126839196647,0.167094223014
302,15,0.112546887981,0.141962336547
303,15,0.120106578608,0.14647122932
304,15,0.129794941559,0.166116275551
305,15,0.143576072218,0.168049696301
306,15,0.10925615696,0.130069482059
307,15,0.132688257427,0.161635443031
308,15,0.114113361072,0.141038383034
309,15,0.199653344977,0.259018631044
310,15,0.175986230933,0.229648675849
311,15,0.208925607294,0.257621721917
312,15,0.317701243824,0.398105722729
313,15,0.502611736799,0.632984713153
314,15,0.289112182164,0.365033130661
315,15,0.179038581646,0.231713958217
316,15,0.227187697604,0.294411182623
317,15,0.28483646955,0.359452484512
318,15,0.187337733769,0.236002569797
319,15,0.309569615292,0.395590598906
320,15,0.183881562879,0.228868333574
321,15,0.104619527823,0.130739942581
322,15,0.158787115339,0.197474302985
323,15,0.15541249906,0.195911324539
324,15,0.116983735508,0.150793320662
325,15,0.141709194648,0.182634592366
326,15,0.181170642037,0.23608031002
327,15,0.388269863585,0.485643896726
328,15,0.216417652139,0.274585490297
329,15,0.161431012532,0.204081935975
330,15,0.183588190829,0.220854195349
331,15,0.155939521232,0.197605358744
332,15,0.290041632149,0.348554063868
333,15,0.43627111032,0.486873287577
334,15,0.571159439993,0.64682773495
335,15,0.673150524125,0.801317178015
