cycle,count,mae,rmse
50,15,0.139102157859,0.164813669436
51,15,0.09283227198,0.113887809189
52,15,0.0860429739183,0.108032705439
53,15,0.107314648779,0.129394905029
54,15,0.09881553543,0.118896296007
55,15,0.152954840751,0.181438844572
56,15,0.112257069254,0.140756081193
57,15,0.119334517066,0.150991210228
58,15,0.161770698529,0.203079952821
59,15,0.126869048722,0.156986351249
60,15,0.114758615252,0.139146508459
61,15,0.115479796654,0.147278689228
62,15,0.135479185726,0.166261446529
63,15,0.138766364992,0.182320543057
64,15,0.211432568175,0.261017867289
65,15,0.162628587968,0.196766229581
66,15,0.2670201615,0.332633967703
67,15,0.440763045795,0.530338205535
68,15,0.155400368046,0.191125694114
69,15,0.174456662908,0.214416296518
70,15,0.362701029548,0.492388981786
71,15,0.244783096632,0.297394834451
72,15,0.162484335908,0.213193834421
73,15,0.393550867186,0.56315054235
74,15,0.11142908174,0.134606079304
75,15,0.142358976848,0.178009750223
76,15,0.10027340712,0.126609188081
77,15,0.138804145017,0.191911232486
78,15,0.234078673737,0.289236058326
79,15,0.0902371684476,0.111825770187
80,15,0.088239716866,0.107979140079
81,15,0.148742506562,0.184173928332
82,15,0.158932525394,0.197025119179
83,15,0.245547448154,0.301733594058
84,15,0.125669986189,0.148569702941
85,15,0.157466948164,0.195896890443
86,15,0.11842096967,0.145388736704
87,15,0.132891979535,0.161352188646
88,15,0.195667679628,0.241724298012
89,15,0.151927848879,0.186938465509
90,15,0.184429929871,0.242175035552
91,15,0.123213453044,0.16255473068
92,15,0.13246400919,0.161545878001
93,15,0.178543356421,0.215756580694
94,15,0.125462837819,0.158088317644
95,15,0.174112120095,0.212424615049
96,15,0.259197629694,0.327957892519
97,15,0.157944101149,0.199172903355
98,15,0.098728556164,0.119226992067
99,15,0.0882868676237,0.111205521845
100,15,0.11395636431,0.142390516013
101,15,0.137679927466,0.163720782077
102,15,0.119602722203,0.143955286216
103,15,0.104961125795,0.126811073603
104,15,0.120888711174,0.15348666124
105,15,0.0941882396638,0.117046514189
106,15,0.157566009033,0.182167986396
107,15,0.114205061354,0.147719833812
108,15,0.163527347473,0.196193435669
109,15,0.124221502272,0.155871287911
110,15,0.189431519159,0.265962122424
111,15,0.156477526297,0.199164558926
112,15,0.167092281442,0.199240803299
113,15,0.127313315574,0.16486141494
114,15,0.150632199088,0.189207274902
115,15,0.102054917349,0.134119088109
116,15,0.159549421668,0.202817702707
117,15,0.149269097947,0.184529592294
118,15,0.246064363664,0.314385362149
119,15,0.28234223282,0.355041352241
120,15,0.648014022157,0.804430772397
121,15,0.584881030786,0.705332854412
122,15,0.968650871064,1.15642193571
123,15,0.684255930733,0.822225367074
124,15,0.447589502888,0.590472149173
125,15,0.637048942457,0.787688866368
126,15,0.386155360132,0.555286141497
127,15,0.73368120275,0.901488368986
128,15,0.186968463351,0.237084920573
129,15,0.20960591903,0.273024190164
130,15,0.161857005309,0.202878970461
131,15,0.192803906505,0.237242991308
132,15,0.292298521278,0.354050948356
133,15,0.439845338058,0.557919598029
134,15,0.328056923204,0.416120156128
135,15,0.2875672101,0.343078621926
136,15,0.258287250669,0.319887470853
137,15,0.261507919084,0.318781643995
138,15,0.161337331748,0.219831692486
139,15,0.201535119806,0.231455761573
140,15,0.118016509765,0.144488358591
141,15,0.117508245336,0.149585597286
142,15,0.153105808697,0.198312805751
143,15,0.142370268807,0.199520372584
144,15,0.101881482622,0.139626402982
145,15,0.113155746464,0.143415120714
146,15,0.126688317796,0.154777248445
147,15,0.114318154447,0.140974914296
148,15,0.106036950592,0.131184478559
149,15,0.10245130597,0.135038244288
150,15,0.127300634378,0.151767845687
151,15,0.111124397941,0.141607036745
152,15,0.142902157596,0.182454308561
153,15,0.138513947704,0.185400589181
154,15,0.185887459417,0.253108239396
155,15,0.180546717956,0.250433230563
156,15,0.115642083621,0.146399645647
157,15,0.235672470846,0.285834557762
158,15,0.141910084717,0.200139880206
159,15,0.114115569606,0.14234334049
160,15,0.13472318625,0.168170539636
161,15,0.124636126555,0.164240392584
162,15,0.145563863095,0.177123735482
163,15,0.0994951696169,0.121631327653
164,15,0.104591319415,0.126083441303
165,15,0.0975315791023,0.143838765625
166,15,0.104152586945,0.141961407868
167,15,0.123931682156,0.155393342458
168,15,0.128919574411,0.152513581147
169,15,0.1205035942,0.140082273734
170,15,0.120189574427,0.145718070708
171,15,0.116026788021,0.141723221949
172,15,0.115630771335,0.153149629779
173,15,0.137549775017,0.169023501297
174,15,0.13279242175,0.160386892545
175,15,0.12762386211,0.15941815895
176,15,0.124809988732,0.151316592376
177,15,0.0860388020828,0.105308621594
178,15,0.142902226968,0.177978528953
179,15,0.101566944683,0.126682469429
180,15,0.0862717677653,0.109912082884
181,15,0.102855871565,0.118400485608
182,15,0.132461689128,0.159529616072
183,15,0.10584568128,0.136322953637
184,15,0.11184911495,0.129877736971
185,15,0.0763210675267,0.0937863917218
186,15,0.130840896701,0.151212974719
187,15,0.10591329725,0.127741110671
188,15,0.175972850952,0.206650750811
189,15,0.109152625743,0.133750499348
190,15,0.125850334895,0.156061520617
191,15,0.157425424568,0.202925998854
192,15,0.162007849755,0.206393906582
193,15,0.116609852209,0.135555138783
194,15,0.126274855248,0.154973811707
195,15,0.154254784865,0.180182142795
196,15,0.237358111842,0.295433150821
197,15,0.21339940557,0.271243005818
198,15,0.164611209671,0.279933157592
199,15,0.144499465965,0.19812210596
200,15,0.24955166234,0.335410617416
201,15,0.374085154925,0.453269409539
202,15,0.370779204834,0.444571012659
203,15,0.384161506443,0.432631464881
204,15,0.412383956436,0.46910556134
205,15,0.486380728685,0.640518745491
206,15,0.63725809579,0.807939571684
207,15,0.409282841325,0.517381525327
208,15,0.39727010389,0.494225812926
209,15,0.359367131173,0.440643623258
210,15,0.389571692519,0.486865268434
211,15,0.707040311024,0.863529574547
212,15,0.628884052127,0.703262185934
213,15,0.680309020292,0.872577135325
214,15,0.815831462616,1.183549332
215,15,0.611882906333,0.909571544794
216,15,0.735132075386,0.920731900386
217,15,0.414957378474,0.499781442869
218,15,0.284189135888,0.34548263187
219,15,0.295159576199,0.41921535815
220,15,0.254510426397,0.299137414785
221,15,0.214997535521,0.283523996825
222,15,0.218203789425,0.280619619642
223,15,0.118244494506,0.144963877625
224,15,0.15623499461,0.202385378098
225,15,0.138473434564,0.168043074734
226,15,0.197696827465,0.240156391558
227,15,0.173329804428,0.206122353875
228,15,0.241171112445,0.335727729214
229,15,0.453059577347,0.571993944988
230,15,0.568741704627,0.698753958827
231,15,0.309313142447,0.385698851423
232,15,0.671088924978,0.860378544659
233,15,0.721904803974,0.909524254493
234,15,0.534012152495,0.600685494543
235,15,0.410515111882,0.50753114564
236,15,0.349056547774,0.413004616147
237,15,0.355147173255,0.420545731735
238,15,0.388878315368,0.510672390762
239,15,0.426390533794,0.53608839032
240,15,0.231549437322,0.308560696105
241,15,0.25581798425,0.306151899877
242,15,0.414512046228,0.516844786066
243,15,0.744710077261,0.953554743625
244,15,0.484042047986,0.612572784866
245,15,0.44894168178,0.583799760975
246,15,0.639853166979,0.776255207922
247,15,0.320114772786,0.430030965305
248,15,0.3847316586,0.472805453143
249,15,0.356628427075,0.450117027304
250,15,0.220263996691,0.290474897519
251,15,0.206816246192,0.259552903517
252,15,0.185103142036,0.237513688088
253,15,0.346536994738,0.411126234769
254,15,0.147031587833,0.186045958648
255,15,0.101738382558,0.119892414509
256,15,0.0882970705873,0.117408473742
257,15,0.162819903059,0.20718056651
258,15,0.106682040415,0.13283876821
259,15,0.131585384921,0.166689368944
260,15,0.25041639944,0.31596813308
261,15,0.177331291924,0.234374653837
262,15,0.309640995879,0.365681012017
263,15,0.245375110486,0.300816013387
264,15,0.305027899564,0.420990613879
265,15,0.427631714634,0.530217851528
266,15,0.3094553735,0.379486603685
267,15,0.253899684145,0.336929708847
268,15,0.260420573273,0.318584925589
269,15,0.244081969742,0.297609739306
270,15,0.241534265294,0.29014834955
271,15,0.169285212863,0.202001528809
272,15,0.175693787395,0.225475371548
273,15,0.11185376378,0.138007395421
274,15,0.157327162458,0.194132275725
275,15,0.144333337513,0.186132548834
276,15,0.399260237976,0.481175333621
277,15,0.198692693267,0.253439996981
278,15,0.108870794724,0.14384768017
279,15,0.140049751153,0.175389742701
280,15,0.156911074479,0.203644465747
281,15,0.180341423873,0.241732426429
282,15,0.241917110574,0.269833943734
283,15,0.153096890118,0.192127675145
284,15,0.198974589249,0.233285490246
285,15,0.102106799881,0.124436241009
286,15,0.131611531255,0.170671541612
287,15,0.142695222832,0.170827464509
288,15,0.192325319129,0.243621625128
289,15,0.143061850746,0.183251895524
290,15,0.274703264142,0.32933379466
291,15,0.152594490666,0.201078731095
292,15,0.119510828864,0.144984510347
293,15,0.123694379588,0.150492014352
294,15,0.10334848287,0.140321486057
295,15,0.127346604316,0.171418076401
296,15,0.125486139397,0.149716695323
297,15,0.136963837694,0.171804740898
298,15,0.138806625167,0.175143975051
299,15,0.129729246152,0.166237509063
300,15,0.156253416444,0.198443052871
301,15,0.18087128082,0.219135293376
302,15,0.114823053825,0.152302273207
303,15,0.09602607444,0.121814447561
304,15,0.116046181418,0.144067294702
305,15,0.118105354551,0.162608918457
306,15,0.123865805926,0.156992994411
307,15,0.101964324865,0.135563943422
308,15,0.0961254266582,0.114444872971
309,15,0.238678868717,0.293722334009
310,15,0.15144068846,0.189158914102
311,15,0.264456350769,0.329773976537
312,15,0.37755199189,0.499481525178
313,15,0.775598693286,0.954067600064
314,15,0.279601435682,0.354797786173
315,15,0.172954220495,0.212758396356
316,15,0.170400361693,0.237363298042
317,15,0.299954473737,0.375698225977
318,15,0.19439015401,0.240182745172
319,15,0.272872352286,0.342535310936
320,15,0.140611923056,0.175907710224
321,15,0.114956780198,0.142766021399
322,15,0.126918223012,0.174333746759
323,15,0.156040880286,0.207607843807
324,15,0.12919796442,0.176003854848
325,15,0.216466637327,0.271292958182
326,15,0.217372767096,0.282072852297
327,15,0.476231070236,0.594825024606
328,15,0.304698138989,0.381019563419
329,15,0.207967963934,0.283658059436
330,15,0.141278546265,0.170974107435
331,15,0.165323456693,0.220072512286
332,15,0.267131441752,0.330250755877
333,15,0.384947279691,0.45727673953
334,15,0.440146696443,0.551406335414
335,15,0.531000901135,0.610243315794
