cycle,count,mae,rmse
50,25,0.129961346219,0.154301860567
51,25,0.141500679821,0.175227903339
52,25,0.105017695873,0.135329685098
53,25,0.121903275546,0.14909497028
54,25,0.0886345958725,0.106165576967
55,25,0.106354954238,0.131029776069
56,25,0.0870410794444,0.113973546446
57,25,0.105104262422,0.134197569408
58,25,0.189108025729,0.225507220964
59,25,0.145967153957,0.179213149424
60,25,0.122726837357,0.146286548131
61,25,0.12113442282,0.150202853791
62,25,0.142276035231,0.176580252498
63,25,0.154383756277,0.192640340553
64,25,0.258981537235,0.306494692099
65,25,0.202804708291,0.239591220644
66,25,0.288495169402,0.384125693381
67,25,0.385553668219,0.457624618724
68,25,0.130460397406,0.16415233074
69,25,0.206546119008,0.248978076911
70,25,0.31155914622,0.380954922006
71,25,0.297759997297,0.354815686987
72,25,0.322470227008,0.408889391334
73,25,0.512715772756,0.645869546628
74,25,0.18253389226,0.223784730471
75,25,0.119127866867,0.150033442522
76,25,0.153031355776,0.199522084273
77,25,0.155326018602,0.20602409209
78,25,0.127764086598,0.160183127511
79,25,0.0910453828043,0.108592631417
80,25,0.125962592545,0.152214754456
81,25,0.116378675922,0.139245026402
82,25,0.111737749143,0.143483691878
83,25,0.20408208877,0.247946195672
84,25,0.17527253359,0.22551495785
85,25,0.104249132592,0.122925547182
86,25,0.113493184597,0.139218167342
87,25,0.147692933954,0.188183894342
88,25,0.190371684502,0.249473044586
89,25,0.102361177226,0.130043590285
90,25,0.196105776723,0.247162152856
91,25,0.127110348729,0.15063416078
92,25,0.1347949599,0.158549634079
93,25,0.138203606002,0.167183128222
94,25,0.169436496331,0.208858033719
95,25,0.1177111874,0.147609661523
96,25,0.251821923554,0.310867437379
97,25,0.100481953347,0.126315649924
98,25,0.137578016939,0.166848093622
99,25,0.115010064202,0.136303393666
100,25,0.175213120106,0.213640304828
101,25,0.125598989275,0.150661847686
102,25,0.140712937658,0.183503185926
103,25,0.115444824298,0.139655138563
104,25,0.159452289534,0.200734975866
105,25,0.152070562455,0.184563232144
106,25,0.154089495003,0.199073306541
107,25,0.0984247080706,0.128235109908
108,25,0.18692866618,0.224244386348
109,25,0.17692448359,0.211875778863
110,25,0.155154981905,0.225338084547
111,25,0.160470796563,0.196344275844
112,25,0.176248667895,0.212746590401
113,25,0.132246774941,0.160574503479
114,25,0.135997171873,0.179991269634
115,25,0.107029698484,0.137456249309
116,25,0.158464495283,0.195545083516
117,25,0.213069126583,0.262520347542
118,25,0.261101697517,0.337553324616
119,25,0.294445717952,0.368043065204
120,25,0.757402051484,0.953322634905
121,25,0.548307961106,0.687337349247
122,25,0.697256048082,0.862177813929
123,25,0.602825967112,0.79898554137
124,25,0.461865283195,0.562243161197
125,25,0.476454221602,0.606016948282
126,25,0.415142280266,0.571689405388
127,25,0.453115718803,0.674906321989
128,25,0.176450448914,0.21648335756
129,25,0.191906230087,0.267220238484
130,25,0.122064104739,0.152425813273
131,25,0.144602380278,0.1893178416
132,25,0.272258031514,0.349896486413
133,25,0.354969669288,0.436511664311
134,25,0.331363911862,0.39963108123
135,25,0.383244937508,0.446602526938
136,25,0.267693680631,0.313199984563
137,25,0.228782914181,0.273906804319
138,25,0.204317469071,0.274051339979
139,25,0.199752099005,0.228223910951
140,25,0.132545220834,0.165272794078
141,25,0.121066003938,0.157437132092
142,25,0.138053008831,0.177997755096
143,25,0.178560795548,0.244033346168
144,25,0.113645500287,0.141038151733
145,25,0.12000256307,0.158102670232
146,25,0.138561989835,0.173663999781
147,25,0.109124123441,0.132393440062
148,25,0.127961240789,0.155543390008
149,25,0.117989240549,0.146716778126
150,25,0.1300793501,0.158441458468
151,25,0.109634035735,0.134482109951
152,25,0.110418072665,0.138448152535
153,25,0.153951374776,0.206660115812
154,25,0.149653733558,0.244151588869
155,25,0.188658712378,0.258483904468
156,25,0.127476331039,0.154772296622
157,25,0.210134808137,0.257842547625
158,25,0.222798298355,0.283768352073
159,25,0.131799408114,0.164886685886
160,25,0.133053834734,0.163951380975
161,25,0.126442921536,0.162468343245
162,25,0.155224113395,0.182199462518
163,25,0.089244056647,0.109193946367
164,25,0.144282788087,0.186175011408
165,25,0.1461047529,0.187278001969
166,25,0.0821309193047,0.118092755885
167,25,0.144355928136,0.173676455478
168,25,0.108680253809,0.135337740106
169,25,0.119382367974,0.138644659344
170,25,0.143413734005,0.179953743669
171,25,0.138841652221,0.168447797412
172,25,0.121384779492,0.156469921601
173,25,0.118544229486,0.146095815601
174,25,0.153606466402,0.186760211899
175,25,0.14495158499,0.184508752786
176,25,0.136076404567,0.167231104077
177,25,0.10973333896,0.137360335593
178,25,0.0913651977013,0.113179096458
179,25,0.096250844724,0.117374668321
180,25,0.130470413315,0.163993627486
181,25,0.119636499646,0.144278607979
182,25,0.0777684111392,0.100185122011
183,25,0.0998820023194,0.122169163517
184,25,0.0915323097325,0.113606820818
185,25,0.122066501207,0.149636098931
186,25,0.0963077063559,0.118505699393
187,25,0.109203676816,0.141275367859
188,25,0.159408247681,0.182663352324
189,25,0.114363552376,0.142979253521
190,25,0.161002900197,0.192874374714
191,25,0.174830308511,0.202287313626
192,25,0.168462736038,0.204263643382
193,25,0.0974045433918,0.131909255736
194,25,0.165466396028,0.187308117301
195,25,0.113211196775,0.132589419009
196,25,0.152741192408,0.194460849148
197,25,0.236902384776,0.28918142009
198,25,0.159101722352,0.206974452888
199,25,0.148472836716,0.195253983818
200,25,0.218706099633,0.296933709311
201,25,0.293645187193,0.358907914614
202,25,0.357655024366,0.428051233081
203,25,0.406233036061,0.513725456928
204,25,0.369512886954,0.452284585518
205,25,0.431009233893,0.503052736388
206,25,0.486479238282,0.615094573219
207,25,0.574678363832,0.767659564109
208,25,0.423031158317,0.553026913769
209,25,0.309690811482,0.39156114757
210,25,0.395283882208,0.501413852995
211,25,0.904682890853,1.15663008202
212,25,0.434236923897,0.501837384321
213,25,0.663048230532,0.855601962774
214,25,0.696796230345,1.06365053194
215,25,0.675829657782,0.974168221002
216,25,0.726350013605,0.862079204252
217,25,0.460321440438,0.611426631859
218,25,0.30482598511,0.375719678133
219,25,0.233255835891,0.304206627869
220,25,0.292572438753,0.372146156356
221,25,0.217076648157,0.305045866496
222,25,0.212695663035,0.279482746953
223,25,0.131859518082,0.169944307039
224,25,0.165470034568,0.214660031719
225,25,0.127734140629,0.166725740091
226,25,0.186695214412,0.229861031172
227,25,0.160880277518,0.201000068288
228,25,0.301827640769,0.389890156062
229,25,0.517155165291,0.67833841261
230,25,0.530166973491,0.639886258946
231,25,0.344471601178,0.427548854477
232,25,0.720842146176,0.859756084613
233,25,0.514432205896,0.632299258714
234,25,0.745671001854,0.951082903986
235,25,0.459257752091,0.552146984311
236,25,0.348653103374,0.427791511045
237,25,0.410516053005,0.518610221828
238,25,0.313943759217,0.403488088745
239,25,0.298886811556,0.371696411754
240,25,0.250719009419,0.309274270166
241,25,0.254195329289,0.313317863891
242,25,0.31463744134,0.388401706599
243,25,0.496991189061,0.60380838865
244,25,0.678980241157,0.913640354512
245,25,0.719444601237,0.89019249425
246,25,0.494178292753,0.577433444491
247,25,0.35931374755,0.480168674448
248,25,0.442999770371,0.558132551406
249,25,0.253305186832,0.304499211559
250,25,0.273319936338,0.33255043102
251,25,0.261689259332,0.317591275794
252,25,0.182208322281,0.23169646535
253,25,0.253268827087,0.300640359348
254,25,0.134982283822,0.176549429525
255,25,0.124522104393,0.155372063407
256,25,0.107940656122,0.144233674841
257,25,0.144874025049,0.181159570909
258,25,0.139656514914,0.17586128921
259,25,0.10691086339,0.138035109305
260,25,0.214826651643,0.252194860977
261,25,0.185756170905,0.24770093447
262,25,0.229556254739,0.295903097195
263,25,0.187816126871,0.239148141982
264,25,0.328284774131,0.419720813366
265,25,0.306690628654,0.397498115388
266,25,0.264603738543,0.327535229291
267,25,0.23377060043,0.295572939051
268,25,0.267833080925,0.344323263247
269,25,0.244787396863,0.313341415379
270,25,0.179513973352,0.227183223299
271,25,0.206093717259,0.24796881358
272,25,0.134948218301,0.161866526186
273,25,0.0985536010326,0.123126602123
274,25,0.130716305787,0.1697652563
275,25,0.134464777793,0.167701326373
276,25,0.321263645586,0.389661578043
277,25,0.129635868132,0.190053829017
278,25,0.102710292671,0.136076277387
279,25,0.126352726951,0.165764183965
280,25,0.154261037555,0.211957524055
281,25,0.186929164031,0.259687953578
282,25,0.189734380193,0.215199633898
283,25,0.182705696338,0.23048005403
284,25,0.185707649437,0.215150030157
285,25,0.114805045421,0.148416650851
286,25,0.114759671609,0.149984596037
287,25,0.135039001037,0.181080837487
288,25,0.138106153056,0.189007349495
289,25,0.142026792391,0.195214446078
290,25,0.164225694596,0.216025813573
291,25,0.133171439374,0.164613205184
292,25,0.11267779066,0.136766302164
293,25,0.0974750061483,0.125332892556
294,25,0.0995484324696,0.143995145517
295,25,0.1212781707,0.157740801821
296,25,0.114594404256,0.150873165363
297,25,0.151586780023,0.185538180749
298,25,0.140262346501,0.175318741547
299,25,0.102689837437,0.146266842843
300,25,0.147213489192,0.197608121215
301,25,0.154827076986,0.19458577351
302,25,0.108778195229,0.135082111795
303,25,0.129276786002,0.161891869844
304,25,0.107256395612,0.13688422885
305,25,0.112503980868,0.144382345695
306,25,0.123685503646,0.161738894057
307,25,0.116053178836,0.15748413462
308,25,0.106588575778,0.128321314026
309,25,0.221268372397,0.282384061894
310,25,0.189717371804,0.232963584706
311,25,0.283102719159,0.350110790558
312,25,0.29393844117,0.371809221796
313,25,0.492563900514,0.637729597425
314,25,0.281757695163,0.336261474241
315,25,0.205801764454,0.243159668465
316,25,0.203758456614,0.261066085253
317,25,0.241463404451,0.322289466232
318,25,0.153227428007,0.195118740108
319,25,0.250101929241,0.323110185072
320,25,0.142076172992,0.182550665661
321,25,0.142340209208,0.173330063779
322,25,0.108745225273,0.145740450738
323,25,0.186269739061,0.238095531292
324,25,0.139261388176,0.178870256017
325,25,0.177626591018,0.222018780109
326,25,0.190113010391,0.240317264374
327,25,0.374112587014,0.475650456041
328,25,0.246332949781,0.319122882661
329,25,0.174601609737,0.217213012356
330,25,0.140795301358,0.168906818199
331,25,0.156229355378,0.202298283264
332,25,0.293975480377,0.343336101047
333,25,0.340428321005,0.399079127438
334,25,0.447494481581,0.549207642191
335,25,0.53740830177,0.661114435481
