cycle,count,mae,rmse
50,15,0.115365765689,0.142632128239
51,15,0.13032879766,0.161719315849
52,15,0.0931199765601,0.118825767008
53,15,0.148023769747,0.180232413326
54,15,0.0882618503886,0.111128521105
55,15,0.100199659635,0.131035832357
56,15,0.107922157958,0.131087387947
57,15,0.0991063383571,0.124186795631
58,15,0.18563980363,0.23069831286
59,15,0.175778906732,0.206001705844
60,15,0.137809081069,0.165336400259
61,15,0.0990565391251,0.126628149783
62,15,0.121085375309,0.148132352619
63,15,0.167826699711,0.2123906022
64,15,0.220691903576,0.273690849485
65,15,0.24571566828,0.304060178191
66,15,0.226785045239,0.278773233167
67,15,0.554988367505,0.683992469393
68,15,0.119088138493,0.149937426181
69,15,0.206884398965,0.257642570235
70,15,0.275145386048,0.398637414633
71,15,0.185143077152,0.219993347497
72,15,0.21275183381,0.262976901875
73,15,0.386610403095,0.495899370689
74,15,0.130395904067,0.162678379598
75,15,0.12940387551,0.158925837241
76,15,0.106010933664,0.131480131402
77,15,0.162991405619,0.216776190448
78,15,0.132016402693,0.162330243176
79,15,0.0869222599109,0.107021887962
80,15,0.104635870448,0.124515045347
81,15,0.0908956672153,0.107637496456
82,15,0.16888263449,0.209933955512
83,15,0.209334007411,0.256251404889
84,15,0.121108051005,0.150931172324
85,15,0.115430735628,0.145063283946
86,15,0.124694489878,0.146040090305
87,15,0.128637648965,0.160783455103
88,15,0.186516316802,0.232326403104
89,15,0.0964291342381,0.128733985099
90,15,0.219107265868,0.278335415125
91,15,0.119177768959,0.154256651692
92,15,0.134746204254,0.160402447253
93,15,0.146625965215,0.184324788852
94,15,0.104038529109,0.13094499384
95,15,0.108509918673,0.134629638512
96,15,0.234833461626,0.292749790612
97,15,0.09444325725,0.116173765027
98,15,0.119987912791,0.153160961168
99,15,0.127928724593,0.157444424155
100,15,0.171383807612,0.201378557713
101,15,0.101292704741,0.128982744012
102,15,0.110870508352,0.139052168762
103,15,0.0836823182741,0.111556698343
104,15,0.107556379912,0.12943251299
105,15,0.126936134888,0.154877637208
106,15,0.196278922898,0.235554384788
107,15,0.139189537468,0.183932352329
108,15,0.126600663121,0.154268660819
109,15,0.134381768929,0.1680466403
110,15,0.21336270314,0.280808739348
111,15,0.137693730781,0.183095481809
112,15,0.131792023001,0.156344133349
113,15,0.179591955337,0.208867253123
114,15,0.185448690094,0.256048958046
115,15,0.132954378157,0.180468381373
116,15,0.170914799701,0.212608910483
117,15,0.212345069194,0.277333388536
118,15,0.163916440525,0.202765957095
119,15,0.310952757706,0.405171779572
120,15,0.880583888422,1.12499526008
121,15,0.537269716414,0.668799538901
122,15,0.737992196432,0.944667083777
123,15,0.54275663797,0.67386959817
124,15,0.445244588962,0.583355456184
125,15,0.553912948085,0.704205986776
126,15,0.462278314131,0.61105905803
127,15,0.392715018796,0.567978913863
128,15,0.189169248158,0.227079390286
129,15,0.185290934434,0.254153607964
130,15,0.104989737079,0.136631176142
131,15,0.127941886681,0.175248510915
132,15,0.253835054763,0.340456603628
133,15,0.327985799219,0.430116274347
134,15,0.385476133296,0.494946168889
135,15,0.351961413885,0.404490403642
136,15,0.248129229843,0.300162688186
137,15,0.291408504626,0.350518820188
138,15,0.183953237393,0.260870136791
139,15,0.22092620582,0.265783512646
140,15,0.109061181716,0.13745803353
141,15,0.128326372291,0.154698114429
142,15,0.143326366303,0.180721403542
143,15,0.149644358912,0.222783428575
144,15,0.17692961355,0.215798656884
145,15,0.104649224429,0.129883127421
146,15,0.165053533834,0.207891576665
147,15,0.114551297661,0.143874883312
148,15,0.116696593209,0.147417613526
149,15,0.137074254505,0.163584644892
150,15,0.112577148646,0.13584212553
151,15,0.121313922963,0.157676291942
152,15,0.132757066007,0.160032594578
153,15,0.186748948781,0.244776276216
154,15,0.186438269804,0.283652218755
155,15,0.203963166519,0.280546510117
156,15,0.181014360257,0.224374329509
157,15,0.205162924779,0.251912176374
158,15,0.255258740637,0.306903033136
159,15,0.180972637343,0.219338227236
160,15,0.123533803983,0.151609319883
161,15,0.128536158643,0.156757347029
162,15,0.160035306412,0.192003184158
163,15,0.133975117336,0.161415810583
164,15,0.107859087414,0.136877298172
165,15,0.165497427256,0.205229325001
166,15,0.102705835091,0.134466055059
167,15,0.187181469044,0.232016628828
168,15,0.122185367898,0.151933102932
169,15,0.102916927236,0.126414389373
170,15,0.103877784227,0.128197100803
171,15,0.195982813204,0.225251959999
172,15,0.158118895197,0.199949232841
173,15,0.173146678643,0.217645139113
174,15,0.200026862687,0.264280412319
175,15,0.149374716784,0.193852524758
176,15,0.154303304218,0.196486160507
177,15,0.0972236591454,0.115548682839
178,15,0.0978398021133,0.120304581045
179,15,0.085594502256,0.10383744777
180,15,0.0919333782567,0.118291399407
181,15,0.0732191354431,0.0936017329878
182,15,0.0950139978775,0.12000138272
183,15,0.0949724895205,0.116529835199
184,15,0.094241976728,0.113641467065
185,15,0.0837704968926,0.100570630012
186,15,0.111284556971,0.135915943773
187,15,0.114434450411,0.150177792938
188,15,0.116456860755,0.157193344314
189,15,0.144274282536,0.170246643662
190,15,0.113813941755,0.160510251923
191,15,0.102907248411,0.136762730438
192,15,0.129579174462,0.164274378524
193,15,0.148321056522,0.165554676111
194,15,0.120231563537,0.154787849921
195,15,0.0959728429359,0.114831927625
196,15,0.203259411934,0.261628958545
197,15,0.252232826592,0.328071148621
198,15,0.216998557315,0.315778073723
199,15,0.150767366209,0.20050362053
200,15,0.293592046847,0.354570468965
201,15,0.561228171781,0.69592451835
202,15,0.383116973609,0.463460889361
203,15,0.312050589437,0.395890575401
204,15,0.368395793001,0.501942340088
205,15,0.480281429986,0.577007138281
206,15,0.577521135395,0.736262450674
207,15,0.403516683825,0.499491707202
208,15,0.434470308005,0.542808690186
209,15,0.467567156289,0.583383149075
210,15,0.474351242645,0.579796836329
211,15,0.875038588143,1.12063303182
212,15,0.544240069042,0.66192551743
213,15,0.642232496667,0.831457386107
214,15,0.757343352818,1.06294601554
215,15,0.693806343248,0.848338737247
216,15,0.673256643388,0.808145819434
217,15,0.479514967489,0.556192732555
218,15,0.278583606319,0.354203457777
219,15,0.23912417945,0.319968469563
220,15,0.189732323428,0.244311481651
221,15,0.247761697508,0.339062133065
222,15,0.203436472315,0.270143982522
223,15,0.140352268671,0.181508351838
224,15,0.118639167641,0.15507528807
225,15,0.167406207328,0.207027285782
226,15,0.121214765594,0.150173314436
227,15,0.183036930477,0.234505042625
228,15,0.284156944181,0.356810115221
229,15,0.704854126429,0.892734808312
230,15,0.56433802042,0.700083678824
231,15,0.575986920415,0.711499486631
232,15,0.855258426312,1.06906857226
233,15,0.830059474872,1.0221923504
234,15,0.490263043944,0.642675932418
235,15,0.540477808879,0.63737056425
236,15,0.430630376633,0.498039928479
237,15,0.306716217441,0.379347797491
238,15,0.333929974729,0.422763426221
239,15,0.309142780828,0.407475312657
240,15,0.299350955442,0.36507884348
241,15,0.21653498742,0.280956981637
242,15,0.425633159158,0.510633922318
243,15,0.552490323912,0.67367828972
244,15,0.844060030311,1.12900834062
245,15,0.538394352491,0.670295071536
246,15,0.340725909201,0.42910459258
247,15,0.352493020523,0.434917759533
248,15,0.316825039031,0.405365202623
249,15,0.237919323408,0.287095888941
250,15,0.25101166076,0.319391316382
251,15,0.246263328625,0.29355742677
252,15,0.162922664557,0.206529524515
253,15,0.254208554611,0.295048488399
254,15,0.146252152265,0.1752941942
255,15,0.10510630787,0.129494398221
256,15,0.103518690935,0.136451722778
257,15,0.141633950681,0.188733869752
258,15,0.124160706757,0.151827650885
259,15,0.135608942195,0.164785892711
260,15,0.199174227253,0.239930139772
261,15,0.180371700084,0.221795563565
262,15,0.202453737867,0.258149429575
263,15,0.199804772695,0.248467876051
264,15,0.307271358866,0.387393751142
265,15,0.454266996616,0.542488153667
266,15,0.364022122607,0.462960127151
267,15,0.275522969101,0.352759271541
268,15,0.255961030814,0.32388240908
269,15,0.235178952451,0.305117741503
270,15,0.23102740604,0.287727241476
271,15,0.157989282128,0.186468558182
272,15,0.126936971848,0.161061856583
273,15,0.112300908993,0.136187644054
274,15,0.116290828929,0.154067749078
275,15,0.16130345145,0.201613961266
276,15,0.246910174691,0.325194362364
277,15,0.168933851811,0.205072200969
278,15,0.111450171395,0.149805777861
279,15,0.163358660176,0.224809093529
280,15,0.140196069763,0.189492485611
281,15,0.184870620965,0.261533359174
282,15,0.224945155566,0.252233066987
283,15,0.163226156682,0.205442676773
284,15,0.150580949813,0.178532530345
285,15,0.10922434943,0.134329070654
286,15,0.147827407253,0.189080531956
287,15,0.0988812723402,0.127155129624
288,15,0.149445259053,0.206136607302
289,15,0.134149341619,0.175122082162
290,15,0.160811507877,0.205777314946
291,15,0.195264954153,0.23476618595
292,15,0.111529500124,0.139843059981
293,15,0.113578009032,0.133639128024
294,15,0.12277709863,0.165205273309
295,15,0.123578076073,0.16249716446
296,15,0.105659099586,0.128096408658
297,15,0.117796947669,0.140147003734
298,15,0.1429999488,0.185673987342
299,15,0.124501485793,0.161909619411
300,15,0.138162712319,0.180242738492
301,15,0.12202222858,0.149151950768
302,15,0.112261043827,0.140222714918
303,15,0.10429802851,0.137364377317
304,15,0.104645281077,0.12758726347
305,15,0.120863723705,0.139071989392
306,15,0.0854131583485,0.115547279718
307,15,0.119879677774,0.143992073267
308,15,0.121049691789,0.144139175212
309,15,0.241780938958,0.309419140779
310,15,0.171289948381,0.218713810274
311,15,0.260636279845,0.316309541391
312,15,0.428672653261,0.539213653214
313,15,0.533026431012,0.703531088092
314,15,0.321181780405,0.397100841044
315,15,0.215480698642,0.271775272059
316,15,0.211846700198,0.289727512738
317,15,0.271119665701,0.347758810307
318,15,0.19520433167,0.23931088187
319,15,0.215318467679,0.299947712983
320,15,0.163084304081,0.210926234146
321,15,0.113779776292,0.141795983781
322,15,0.139549748768,0.185562997811
323,15,0.222183796834,0.282607187476
324,15,0.146091951266,0.199464424587
325,15,0.148621724678,0.195227203849
326,15,0.165987061272,0.209590238354
327,15,0.358286030092,0.454306079939
328,15,0.25374097797,0.326517056823
329,15,0.171345805373,0.213069107889
330,15,0.175635666627,0.21935589687
331,15,0.177286141009,0.226656293406
332,15,0.312297918898,0.369016250258
333,15,0.291787323004,0.363947203409
334,15,0.365510532952,0.486621254523
335,15,0.429655392167,0.531622078235
