cycle,count,mae,rmse
50,25,0.100390457838,0.122688190756
51,25,0.10876149776,0.130665907331
52,25,0.107240947098,0.135529100662
53,25,0.111109520382,0.142458774234
54,25,0.0946892718416,0.116208008819
55,25,0.147348903261,0.182443244213
56,25,0.11444206342,0.138742789021
57,25,0.122309717825,0.154267274484
58,25,0.22159234515,0.260671708451
59,25,0.141296645832,0.174045462606
60,25,0.0974697361893,0.12030699353
61,25,0.174475934939,0.209991194085
62,25,0.145045676624,0.181251154326
63,25,0.159929572099,0.209096118852
64,25,0.182461916284,0.228203454575
65,25,0.191527587223,0.220865994978
66,25,0.274751281999,0.336936566614
67,25,0.42942314036,0.498982798265
68,25,0.164900390772,0.205643325458
69,25,0.241580194535,0.305406697497
70,25,0.395861923468,0.482727724831
71,25,0.151594669831,0.187657703009
72,25,0.178910588964,0.22300676598
73,25,0.372899774953,0.504730814214
74,25,0.14661798071,0.186522218314
75,25,0.111636396881,0.141878728461
76,25,0.157422741573,0.207816097035
77,25,0.147310091869,0.203702950911
78,25,0.167615021638,0.203844854667
79,25,0.115813743148,0.14356138953
80,25,0.122423801881,0.152487485215
81,25,0.130439196485,0.161330970155
82,25,0.138837291514,0.175251263512
83,25,0.156825838569,0.19420333228
84,25,0.183863582912,0.220645361624
85,25,0.109283743501,0.134558311882
86,25,0.138829730533,0.158817789378
87,25,0.135019241675,0.168862359181
88,25,0.195117517351,0.241288922706
89,25,0.124178413574,0.151613688974
90,25,0.202022043199,0.254899607503
91,25,0.133306459298,0.16699404251
92,25,0.140683254032,0.169745089392
93,25,0.167865019018,0.215271157324
94,25,0.130476412558,0.158405142069
95,25,0.145393051075,0.173421730768
96,25,0.205503692242,0.273917719036
97,25,0.107699196664,0.133414820678
98,25,0.17343913625,0.220727377618
99,25,0.111025997311,0.133507540677
100,25,0.128775059162,0.161556101114
101,25,0.15346848345,0.192487576098
102,25,0.137529920437,0.163398652602
103,25,0.10888881442,0.139633987164
104,25,0.132489656264,0.167621073048
105,25,0.139904132456,0.174997596919
106,25,0.19767196742,0.236502388975
107,25,0.144676507182,0.182562493912
108,25,0.157605313479,0.197744402887
109,25,0.144589939109,0.179636896131
110,25,0.144910987753,0.22355263101
111,25,0.139031061237,0.170419170867
112,25,0.110821209021,0.147761466467
113,25,0.171350152666,0.213399068899
114,25,0.17887359632,0.23888687988
115,25,0.151561168498,0.18671921276
116,25,0.230141719798,0.292135508721
117,25,0.181284873335,0.224662423762
118,25,0.253501253143,0.32009644216
119,25,0.305463284396,0.38985692502
120,25,0.709587978855,0.929534821169
121,25,0.526187226123,0.635769900534
122,25,0.773050846841,1.00891881633
123,25,0.513235179507,0.633522770643
124,25,0.593584237719,0.743458330552
125,25,0.588282005134,0.685630012972
126,25,0.520382010539,0.674240007701
127,25,0.509346052793,0.656483807337
128,25,0.220534324776,0.26664355874
129,25,0.190030427274,0.248008557901
130,25,0.149378152022,0.178411881319
131,25,0.132564200321,0.183609205156
132,25,0.262845978616,0.331277775026
133,25,0.362643999405,0.434607360169
134,25,0.371008996657,0.488654314288
135,25,0.465833758463,0.556644148221
136,25,0.239454045999,0.279349036211
137,25,0.240041452318,0.296777222868
138,25,0.213943593044,0.289730057104
139,25,0.173047909912,0.223817812463
140,25,0.103303143881,0.124669243124
141,25,0.0930818134048,0.122491768348
142,25,0.12288394919,0.151517217273
143,25,0.145189545979,0.206699068015
144,25,0.127287584864,0.15585882443
145,25,0.119435886844,0.155397704704
146,25,0.131008143369,0.162124073129
147,25,0.104267502926,0.13183902927
148,25,0.109189963385,0.133488509727
149,25,0.0931927891365,0.117097123638
150,25,0.121309531333,0.149004568042
151,25,0.114842164325,0.142834244518
152,25,0.115140807271,0.139223727587
153,25,0.184844853065,0.250535300737
154,25,0.153929507891,0.244562170309
155,25,0.186024641227,0.258512953206
156,25,0.142331181889,0.179196604223
157,25,0.236521546587,0.280689030085
158,25,0.170019960295,0.207810026248
159,25,0.146516998211,0.178467077063
160,25,0.127849074888,0.163722780581
161,25,0.137961238012,0.177527311861
162,25,0.149400780266,0.19121141951
163,25,0.134094289758,0.170453604729
164,25,0.137408850946,0.166156092464
165,25,0.135306042477,0.175054979001
166,25,0.105824096536,0.144904870025
167,25,0.140481281855,0.162994280246
168,25,0.0950688213287,0.120896923098
169,25,0.103895303975,0.127013938106
170,25,0.137196564503,0.172166847269
171,25,0.11547524935,0.137151744134
172,25,0.166725842395,0.208399973426
173,25,0.126005824612,0.152586476952
174,25,0.140193815846,0.170574588127
175,25,0.127252997496,0.1587856828
176,25,0.120893373307,0.149466428605
177,25,0.106332254172,0.127243193815
178,25,0.0618541141439,0.078119916617
179,25,0.085598584788,0.105882710299
180,25,0.129641538707,0.163771344558
181,25,0.0901945306036,0.108993344522
182,25,0.0983009867676,0.122686545534
183,25,0.0954755211486,0.112781509616
184,25,0.103173985788,0.126505836242
185,25,0.0817799621117,0.0983729664847
186,25,0.118316975639,0.14271306296
187,25,0.105105632203,0.126669491528
188,25,0.129083809548,0.15220941989
189,25,0.115233661927,0.143248651961
190,25,0.132668533342,0.156894317671
191,25,0.187735243208,0.235817123988
192,25,0.200676387403,0.23553710992
193,25,0.11643510233,0.141744979109
194,25,0.130950745134,0.154774210488
195,25,0.0884014852118,0.107579782093
196,25,0.171781377586,0.205918333511
197,25,0.239414583681,0.315585489287
198,25,0.213114148223,0.253203014046
199,25,0.186538288236,0.2508850104
200,25,0.211963311481,0.281407671844
201,25,0.328531935972,0.385711316604
202,25,0.42564800732,0.502593718519
203,25,0.309290326095,0.382784434932
204,25,0.449163867076,0.538151531534
205,25,0.398440357619,0.463149619796
206,25,0.528003459495,0.677483435962
207,25,0.46307661497,0.576212891542
208,25,0.564000268152,0.678004174556
209,25,0.416546782142,0.493711271967
210,25,0.516442188282,0.667964101673
211,25,1.02233345633,1.34038137524
212,25,0.606507099551,0.723765324475
213,25,0.656464142331,0.853471587833
214,25,1.30633583555,1.91461609865
215,25,0.682534213856,0.898584176039
216,25,0.55175727222,0.685692660216
217,25,0.384495241804,0.473858856906
218,25,0.285592364269,0.349997077383
219,25,0.303290948286,0.391022561926
220,25,0.198999412945,0.261679365645
221,25,0.201847632776,0.29314332613
222,25,0.201496182801,0.258586836604
223,25,0.117555976461,0.154658738385
224,25,0.112973077221,0.158439231828
225,25,0.146442812922,0.175216501378
226,25,0.164912921223,0.199768208466
227,25,0.177962827305,0.226636137452
228,25,0.284567548584,0.367889414061
229,25,0.531028415287,0.725549744221
230,25,0.57947053622,0.67226348241
231,25,0.435648091969,0.511412635765
232,25,0.565159707192,0.769997030156
233,25,0.594535400893,0.750833595635
234,25,0.441812531025,0.553689843419
235,25,0.450952578869,0.529342098594
236,25,0.342876755071,0.426458051528
237,25,0.430005993833,0.520210445631
238,25,0.264122492139,0.353120253211
239,25,0.363841318312,0.465708712414
240,25,0.237961769175,0.299064982859
241,25,0.275551252981,0.335845424428
242,25,0.397149756633,0.485123553825
243,25,0.436478436207,0.530192503625
244,25,0.686536216957,0.866022714917
245,25,0.565838740391,0.720915152334
246,25,0.487597421559,0.614341608178
247,25,0.374172975988,0.46966259268
248,25,0.31445481902,0.411797337502
249,25,0.316180293429,0.380937637635
250,25,0.247800603245,0.30558584927
251,25,0.231022066253,0.275372785565
252,25,0.170178294936,0.221925747535
253,25,0.253399804685,0.290402563066
254,25,0.133937885445,0.17006645724
255,25,0.110863221081,0.136646929333
256,25,0.110232185484,0.137703515075
257,25,0.14913605967,0.180212927074
258,25,0.113435051075,0.143207178826
259,25,0.135662225094,0.172719573271
260,25,0.157169937167,0.192032518441
261,25,0.203126744698,0.256027394573
262,25,0.237462556833,0.296663232521
263,25,0.195826713636,0.241858538708
264,25,0.286769372735,0.402845863799
265,25,0.389764088789,0.509019242787
266,25,0.259741927402,0.321070301785
267,25,0.284294212228,0.350058272316
268,25,0.313960575932,0.367723664714
269,25,0.233442986052,0.28760901809
270,25,0.215466088357,0.262400736991
271,25,0.1522895361,0.18308050915
272,25,0.155957027151,0.181300771736
273,25,0.135193268971,0.169923988614
274,25,0.13068188639,0.163074309123
275,25,0.156241067137,0.202408118606
276,25,0.40449791714,0.508441834078
277,25,0.19514975155,0.240811841904
278,25,0.0936695910924,0.128773278119
279,25,0.133789564313,0.167154619765
280,25,0.15354138071,0.201481797928
281,25,0.178270637418,0.227359437046
282,25,0.241703114632,0.27408616691
283,25,0.201331198177,0.236976963049
284,25,0.161153734988,0.189381749896
285,25,0.0970029890035,0.128246927185
286,25,0.120185363876,0.156503384674
287,25,0.144644347135,0.184073096046
288,25,0.141567206963,0.17800634964
289,25,0.150493272697,0.192853887456
290,25,0.177066017615,0.223618412806
291,25,0.130664159239,0.155216058221
292,25,0.0809314544973,0.0988958897338
293,25,0.124200437084,0.147247964407
294,25,0.0771030881323,0.115834249548
295,25,0.121037984881,0.155563637986
296,25,0.0874088551955,0.108850825697
297,25,0.137219146976,0.163339025187
298,25,0.128529315013,0.160656345842
299,25,0.121305262319,0.171055184042
300,25,0.134131274079,0.182066221926
301,25,0.148117202823,0.181873736338
302,25,0.106439640059,0.135883541415
303,25,0.12474591436,0.155377700722
304,25,0.111035741024,0.143564020132
305,25,0.113736955817,0.156609330635
306,25,0.128297930518,0.155678293066
307,25,0.1107206907,0.144818072035
308,25,0.105696124534,0.125182171067
309,25,0.251065711876,0.336028741091
310,25,0.217446151844,0.269131154857
311,25,0.269927282354,0.331418518917
312,25,0.357468446079,0.446150357887
313,25,0.493030133531,0.668112055292
314,25,0.264164816373,0.342793570457
315,25,0.187461226686,0.23572752089
316,25,0.219929000513,0.287846179636
317,25,0.246586758996,0.318360443176
318,25,0.169211222672,0.219141195154
319,25,0.217524456733,0.285230986173
320,25,0.16224792928,0.207364806443
321,25,0.110620899289,0.143513250072
322,25,0.0975563081153,0.132387176217
323,25,0.167476483107,0.2270358571
324,25,0.148485506309,0.190663349936
325,25,0.154687276521,0.20146239919
326,25,0.17077811013,0.22121176035
327,25,0.421439278559,0.524516406057
328,25,0.279099609206,0.349878202966
329,25,0.150224414642,0.205678634278
330,25,0.166626913833,0.202817597059
331,25,0.152313572516,0.194103648204
332,25,0.306148398024,0.365371756732
333,25,0.284318457793,0.360251489135
334,25,0.333538709386,0.44320141828
335,25,0.519015160642,0.609466191728
