cycle,count,mae,rmse
50,15,0.113620303453,0.13611344901
51,15,0.131584390436,0.156419821307
52,15,0.197998585731,0.237530856839
53,15,0.126844302571,0.157962323035
54,15,0.12720178724,0.154613034967
55,15,0.129384952253,0.159789152627
56,15,0.0984684426123,0.123554950172
57,15,0.13825750052,0.174544144595
58,15,0.215040416611,0.245750284771
59,15,0.161694253743,0.202645855487
60,15,0.159081310184,0.190587052355
61,15,0.155597876531,0.193510623766
62,15,0.138528558,0.167320074187
63,15,0.17997921323,0.22284710493
64,15,0.304969377316,0.363885407231
65,15,0.198370205382,0.233648741848
66,15,0.284545495977,0.366630646476
67,15,0.550516872361,0.651691721642
68,15,0.158390952465,0.191832283072
69,15,0.27953346787,0.334087139145
70,15,0.391268219115,0.501697273029
71,15,0.302859842243,0.371186964411
72,15,0.227806085082,0.321845105773
73,15,0.541743770904,0.714931827346
74,15,0.108402411711,0.13252957721
75,15,0.116723260684,0.145661767404
76,15,0.114993730453,0.150675840076
77,15,0.153430543097,0.20324611049
78,15,0.122346376793,0.15971729603
79,15,0.179702654002,0.232768830425
80,15,0.13488218266,0.162200134463
81,15,0.132306429205,0.16757024451
82,15,0.189824236247,0.225977257286
83,15,0.228652534556,0.277215605197
84,15,0.229508198262,0.274465887459
85,15,0.120127624069,0.140973820949
86,15,0.170761067862,0.199328394532
87,15,0.141801714771,0.17396239336
88,15,0.191034831243,0.229773344521
89,15,0.162994766492,0.192164367102
90,15,0.215056729337,0.271805459626
91,15,0.12612482336,0.16714639708
92,15,0.130948903344,0.163800590509
93,15,0.155263173093,0.200526253932
94,15,0.145645148083,0.180364744716
95,15,0.186371038897,0.231262048889
96,15,0.306459663071,0.379682638341
97,15,0.107511779119,0.135347587767
98,15,0.16664304735,0.21157089429
99,15,0.185149441434,0.223135605098
100,15,0.153062296388,0.194044755894
101,15,0.183452798931,0.224035607909
102,15,0.152371141208,0.186186704542
103,15,0.111816680052,0.147127110688
104,15,0.127842939253,0.155150573702
105,15,0.182991212158,0.224945693938
106,15,0.21236268521,0.255281390353
107,15,0.173096285277,0.208419043327
108,15,0.19632234302,0.234148171176
109,15,0.119798297735,0.1478443316
110,15,0.219082425532,0.284574399333
111,15,0.12292597313,0.159075981359
112,15,0.26229111799,0.29657276517
113,15,0.159052502049,0.206516253169
114,15,0.140801176186,0.186810673801
115,15,0.113914585676,0.147006274083
116,15,0.249084721919,0.333526384065
117,15,0.174520645992,0.216145989948
118,15,0.160853784047,0.200719714426
119,15,0.275739103785,0.376101335873
120,15,0.873546668369,1.11546491749
121,15,0.64335142292,0.813481562333
122,15,0.857584447678,1.05217092758
123,15,0.647595064497,0.86014757211
124,15,0.455016999216,0.558533427364
125,15,0.57637408612,0.704379152167
126,15,0.453900337324,0.636543860324
127,15,0.550073400001,0.791446278031
128,15,0.183908096815,0.237064009594
129,15,0.209402759028,0.265590584616
130,15,0.121535927396,0.151054857944
131,15,0.217838586778,0.283990036958
132,15,0.260696445093,0.331404600375
133,15,0.341662761774,0.420375237256
134,15,0.519714584266,0.607102735084
135,15,0.333468638323,0.406323775164
136,15,0.350043177771,0.422316243089
137,15,0.272655922646,0.341655505839
138,15,0.213065035917,0.288286265213
139,15,0.184349187549,0.215482530315
140,15,0.109022385783,0.134284086134
141,15,0.112784418299,0.144415991892
142,15,0.166511074771,0.209185193079
143,15,0.161069551044,0.225768368415
144,15,0.132857431698,0.160268845679
145,15,0.1105947431,0.137045301766
146,15,0.187073351293,0.227224667238
147,15,0.128036157681,0.156332141755
148,15,0.197899969277,0.242009077763
149,15,0.120563618768,0.153868954875
150,15,0.105951204594,0.137089130945
151,15,0.167878560804,0.215845138634
152,15,0.181340374623,0.216632405127
153,15,0.166627416193,0.21327066751
154,15,0.169843543096,0.266480048875
155,15,0.193624304416,0.271389928898
156,15,0.170127849085,0.2170546248
157,15,0.239251858237,0.283715040256
158,15,0.16571096578,0.204873789626
159,15,0.12089975896,0.15332358957
160,15,0.140198594036,0.181181955603
161,15,0.205003193916,0.247834256044
162,15,0.123491109469,0.153719189334
163,15,0.163141141269,0.186022968058
164,15,0.152706498516,0.190331545594
165,15,0.144096271823,0.195201497901
166,15,0.132611898603,0.173351752745
167,15,0.167189917519,0.202549919562
168,15,0.120463471972,0.151349580331
169,15,0.12212120974,0.140967599034
170,15,0.141640396887,0.171762111576
171,15,0.136148738486,0.162673639355
172,15,0.207956801876,0.245706656839
173,15,0.252373351413,0.32353081089
174,15,0.167328291822,0.20571007573
175,15,0.13838805997,0.175790501264
176,15,0.138822429542,0.17099503909
177,15,0.107079289705,0.127119959809
178,15,0.0971810380685,0.121041379243
179,15,0.112739185878,0.135342208469
180,15,0.168382727017,0.197935316757
181,15,0.144612444994,0.184332210178
182,15,0.115882444634,0.141548668429
183,15,0.121433849881,0.149788078023
184,15,0.121402292193,0.14663909439
185,15,0.0981321179312,0.121909359765
186,15,0.142106908985,0.166866130552
187,15,0.116505235431,0.143746370013
188,15,0.105215156699,0.132241059548
189,15,0.120507613626,0.145332630364
190,15,0.146631426049,0.181495171219
191,15,0.305295397149,0.374485021599
192,15,0.180908938155,0.234116617533
193,15,0.095693154131,0.127585784186
194,15,0.110369023433,0.139077789434
195,15,0.138553034017,0.16158585834
196,15,0.20977281606,0.26763237983
197,15,0.255592944236,0.331344207252
198,15,0.246750855307,0.306025804821
199,15,0.154224892259,0.225818740013
200,15,0.235104694841,0.303726151388
201,15,0.343887302149,0.417659480185
202,15,0.539398939079,0.651676473299
203,15,0.607749825874,0.737660092193
204,15,0.496378786251,0.622893245717
205,15,0.472596871693,0.573409940417
206,15,0.603296759721,0.700533694322
207,15,0.35171588018,0.415733213857
208,15,0.51763533346,0.622038840813
209,15,0.322788050351,0.398686440052
210,15,0.708694019877,0.890887289999
211,15,1.12895511706,1.36598460093
212,15,0.539182108409,0.652337508258
213,15,0.768312602171,0.93993777771
214,15,0.940187884955,1.32088332286
215,15,0.666500542437,0.931398024261
216,15,0.562007591149,0.700731681898
217,15,0.397021530691,0.493530026764
218,15,0.340997535625,0.418709908642
219,15,0.263494406041,0.337095437299
220,15,0.238834581745,0.308701312882
221,15,0.283497903573,0.350592779819
222,15,0.179626528303,0.22693213997
223,15,0.145416630442,0.181505213667
224,15,0.134880644416,0.185396199752
225,15,0.145010715943,0.173895532441
226,15,0.217492735127,0.279419255394
227,15,0.222630960075,0.296533250501
228,15,0.350749482154,0.44943792249
229,15,0.646480142385,0.805716982674
230,15,0.645663111057,0.799771974614
231,15,0.621278036124,0.746008273351
232,15,0.574038745101,0.702841720925
233,15,0.71380718607,0.873924333336
234,15,0.851368485675,0.999362454932
235,15,0.833297858376,1.03994211256
236,15,0.591217167639,0.778759031007
237,15,0.423709295091,0.523601460133
238,15,0.300616896319,0.371148570738
239,15,0.814818209506,0.943162098846
240,15,0.232594017443,0.279074045153
241,15,0.231501062764,0.300035052499
242,15,0.368289446504,0.453383982136
243,15,0.455373278309,0.563093771158
244,15,0.66618152275,0.914214177409
245,15,0.922785869895,1.16733373728
246,15,0.472681441553,0.587536041305
247,15,0.532002567948,0.663743914633
248,15,0.47566507599,0.586657399943
249,15,0.393766631149,0.489366384855
250,15,0.290353812694,0.363611972397
251,15,0.366228508123,0.419227566595
252,15,0.255284026159,0.305143220618
253,15,0.29401945386,0.362655221601
254,15,0.147231491835,0.195885778228
255,15,0.137611307378,0.160995651926
256,15,0.104694168924,0.132032214329
257,15,0.14680987822,0.174544537095
258,15,0.119379610529,0.153440286799
259,15,0.108119484487,0.140489990439
260,15,0.226850975592,0.267487246314
261,15,0.205560826554,0.245299881652
262,15,0.22656059222,0.283849166241
263,15,0.249556811113,0.30736053037
264,15,0.355633666967,0.459700312599
265,15,0.422970140471,0.550294630114
266,15,0.330097946386,0.413059995107
267,15,0.271643587566,0.365243935863
268,15,0.342159729731,0.391690731303
269,15,0.206930462401,0.26110187095
270,15,0.256951318305,0.347734560898
271,15,0.194441918648,0.232404449333
272,15,0.188144799078,0.226921248174
273,15,0.129341019237,0.169829949671
274,15,0.193963635078,0.246284880922
275,15,0.200011763744,0.248394679029
276,15,0.417337809661,0.501696663808
277,15,0.174318632097,0.210427567551
278,15,0.107294116243,0.130648263168
279,15,0.133347124961,0.176301787752
280,15,0.172910027434,0.230769325792
281,15,0.174330897596,0.232434149982
282,15,0.230342187319,0.276906164635
283,15,0.231915840566,0.283070325575
284,15,0.163802316702,0.204887204727
285,15,0.115736635603,0.15854490534
286,15,0.185698089544,0.218635343819
287,15,0.133750280112,0.176291390642
288,15,0.165136528222,0.234912154696
289,15,0.215062260019,0.256169021919
290,15,0.196702452408,0.243797905077
291,15,0.173252045192,0.204504348596
292,15,0.119156331613,0.150831539312
293,15,0.111488893683,0.138959276218
294,15,0.144841780589,0.188043089224
295,15,0.133721451465,0.179352983032
296,15,0.100623217984,0.127604919247
297,15,0.143017881095,0.181325380923
298,15,0.184796453351,0.255753136837
299,15,0.123113568118,0.163251245178
300,15,0.145451064635,0.199277933742
301,15,0.13525048293,0.164726165119
302,15,0.138690259618,0.167635729187
303,15,0.130680540216,0.163389510634
304,15,0.130948620349,0.169803862685
305,15,0.123050959352,0.16803052336
306,15,0.105022014442,0.140031852568
307,15,0.137142478017,0.192259260568
308,15,0.128561859202,0.153943006388
309,15,0.23612526614,0.311939008423
310,15,0.155302760928,0.197954898325
311,15,0.311419081836,0.375224418434
312,15,0.341312458508,0.44191169437
313,15,0.586901663849,0.762914979649
314,15,0.309485650071,0.398357590596
315,15,0.267284395763,0.322670143852
316,15,0.3329380265,0.422148884333
317,15,0.234183996674,0.306549964551
318,15,0.203200015469,0.247709926716
319,15,0.248370919398,0.31917365104
320,15,0.173764421904,0.226723176308
321,15,0.142276096008,0.190649397534
322,15,0.107490383552,0.144139996967
323,15,0.174296179598,0.232084222396
324,15,0.14866397279,0.195435095673
325,15,0.175731291243,0.224843489391
326,15,0.16786634222,0.218291743244
327,15,0.42991039468,0.545253213385
328,15,0.296078201137,0.374562933186
329,15,0.15122738583,0.207037988395
330,15,0.171829377831,0.211029344855
331,15,0.143201804327,0.173600324351
332,15,0.318577079193,0.375460889394
333,15,0.392150428631,0.474465834432
334,15,0.582672519896,0.715550203588
335,15,0.840320886552,1.04888691691
