cycle,count,mae,rmse
50,25,0.125159228749,0.151131702072
51,25,0.12607030701,0.149356222203
52,25,0.0937596523298,0.118316193676
53,25,0.116907056256,0.140485035246
54,25,0.114389533178,0.137683545215
55,25,0.0913657389474,0.112722109586
56,25,0.119600606186,0.146888739297
57,25,0.105762584697,0.13555616576
58,25,0.171422550728,0.218268372163
59,25,0.158998441895,0.199967820391
60,25,0.119952361809,0.153249571992
61,25,0.17618567756,0.224065534624
62,25,0.189899896604,0.223076700609
63,25,0.158568534137,0.201731696614
64,25,0.216954897207,0.27166485932
65,25,0.19029125632,0.234018404382
66,25,0.250283811932,0.312854508006
67,25,0.492988593781,0.609825177045
68,25,0.155898546728,0.187680895338
69,25,0.21640298893,0.258672812925
70,25,0.363940409319,0.444550891461
71,25,0.172315376054,0.213184594672
72,25,0.15301172063,0.18743050843
73,25,0.358876837396,0.430469840334
74,25,0.117527780398,0.149191958155
75,25,0.100853491148,0.127995003821
76,25,0.150199745944,0.197552171378
77,25,0.180735852683,0.236346886569
78,25,0.114518769431,0.142261088048
79,25,0.100919970133,0.127935972757
80,25,0.132943752968,0.157269274673
81,25,0.0922709219596,0.112076643334
82,25,0.182677839882,0.22135713242
83,25,0.151375626325,0.191370760373
84,25,0.133099949596,0.159201123566
85,25,0.153350763472,0.182907354073
86,25,0.13119173936,0.156711935079
87,25,0.121351610518,0.15079171106
88,25,0.209586783117,0.26191613598
89,25,0.145134253678,0.174051316509
90,25,0.243370544348,0.310632953385
91,25,0.118620485293,0.155204693833
92,25,0.1304353413,0.161360129019
93,25,0.18057956978,0.207077965224
94,25,0.127739609768,0.149718271364
95,25,0.127780298127,0.162007249011
96,25,0.332606470325,0.41455560147
97,25,0.112211223686,0.134980549847
98,25,0.11252725426,0.137388663705
99,25,0.143210825878,0.18040961614
100,25,0.162193932996,0.202366557495
101,25,0.171052117978,0.211892009493
102,25,0.154901698108,0.183858997094
103,25,0.111363544122,0.138832190562
104,25,0.194432707282,0.228748766148
105,25,0.187093618801,0.225030264248
106,25,0.117739704689,0.146563163548
107,25,0.126279330017,0.15822007088
108,25,0.153734367877,0.187989353549
109,25,0.128320637128,0.165454098337
110,25,0.164038758939,0.222574500657
111,25,0.136092384153,0.171328639366
112,25,0.14524169347,0.177167434667
113,25,0.131090880046,0.15690337705
114,25,0.128903428676,0.167384482389
115,25,0.134505698639,0.167878275975
116,25,0.172856620422,0.218186430538
117,25,0.122723985074,0.149494796185
118,25,0.226850429633,0.298543259297
119,25,0.301751152244,0.386733901173
120,25,0.65397310038,0.852679297134
121,25,0.658986833525,0.820705728295
122,25,0.717848615974,0.939952167705
123,25,0.536843304856,0.675384427303
124,25,0.527088637118,0.636292758133
125,25,0.467053000446,0.590052640144
126,25,0.714842127315,0.884273685667
127,25,0.440501687432,0.616787869067
128,25,0.15257258156,0.193242045526
129,25,0.177374399751,0.2477988937
130,25,0.105276607921,0.141549066901
131,25,0.173610039449,0.225573869995
132,25,0.34254809339,0.418186357844
133,25,0.333066525036,0.400107279404
134,25,0.472484794491,0.597904857978
135,25,0.321019293976,0.379438098365
136,25,0.227548494644,0.265709436574
137,25,0.260158954565,0.31410568631
138,25,0.21720456274,0.291195524508
139,25,0.154659182891,0.186293290737
140,25,0.115917555355,0.148682256069
141,25,0.0974049275654,0.131224751998
142,25,0.121629879522,0.150898051395
143,25,0.139439637841,0.204279544219
144,25,0.147392813009,0.178910255233
145,25,0.107045525593,0.137088000366
146,25,0.120882688104,0.15302438421
147,25,0.0963758212177,0.117440194614
148,25,0.0858184224753,0.107768323139
149,25,0.0984637923225,0.125178495965
150,25,0.0949297155602,0.120352269964
151,25,0.151252149405,0.188256875936
152,25,0.108100521031,0.140775828043
153,25,0.230307079968,0.298916191719
154,25,0.217880964944,0.321629581942
155,25,0.172481597637,0.25245608674
156,25,0.119919703734,0.153658782872
157,25,0.189932571143,0.241062556545
158,25,0.184534039515,0.226856672222
159,25,0.149799301142,0.182354217466
160,25,0.107259405164,0.135903285851
161,25,0.116254474055,0.147816179
162,25,0.125235408264,0.154606413163
163,25,0.129361632312,0.159682795681
164,25,0.108014730963,0.135438589645
165,25,0.0989781588174,0.139816503299
166,25,0.080238888353,0.118333551161
167,25,0.1598036309,0.190516152395
168,25,0.102979997525,0.135132413447
169,25,0.134776399596,0.172862750447
170,25,0.14297009779,0.182744764804
171,25,0.127440649023,0.148593721869
172,25,0.124374691406,0.165692368492
173,25,0.167569201443,0.202535373888
174,25,0.109591153424,0.137883579861
175,25,0.159223566972,0.198943899547
176,25,0.107921442137,0.129909140061
177,25,0.120614593164,0.151620063284
178,25,0.0695275440795,0.0884635680226
179,25,0.0859677114377,0.105634076844
180,25,0.0869845095477,0.116115551217
181,25,0.0883829575035,0.10589006178
182,25,0.0988865133035,0.118724740893
183,25,0.105735356468,0.130008028373
184,25,0.0880748036701,0.103993835773
185,25,0.0930756988976,0.122453404158
186,25,0.105467147027,0.126920662594
187,25,0.112473839119,0.145517927711
188,25,0.113920240143,0.140202024344
189,25,0.114039293493,0.141155311284
190,25,0.12869725594,0.166835980617
191,25,0.174439607186,0.219944277519
192,25,0.132678848791,0.177592656282
193,25,0.149210271987,0.172154366215
194,25,0.131119665139,0.165827925341
195,25,0.134764293553,0.15580157911
196,25,0.179136070895,0.226807406409
197,25,0.234558947619,0.305922158869
198,25,0.172119804026,0.252082747988
199,25,0.148071667814,0.194813090096
200,25,0.235951486523,0.295536221585
201,25,0.271093494286,0.319976819931
202,25,0.562294834194,0.679802770183
203,25,0.358942245975,0.434530243998
204,25,0.394246181163,0.445465287491
205,25,0.559588522733,0.645539889875
206,25,0.556349706843,0.674661578419
207,25,0.533582981812,0.637935993538
208,25,0.44738223575,0.535795276168
209,25,0.334147795061,0.427583010388
210,25,0.422869229685,0.525178556732
211,25,0.631643045561,0.789241219763
212,25,0.40551596156,0.482008093343
213,25,0.536486634855,0.683003807287
214,25,0.758490083831,1.02905811319
215,25,0.732524178961,0.973778194128
216,25,0.567729640671,0.696767189444
217,25,0.416086941049,0.501614514397
218,25,0.263773876149,0.330076228316
219,25,0.214107905264,0.287217371674
220,25,0.228261247151,0.290626224902
221,25,0.251741860633,0.339005923645
222,25,0.187483219636,0.238703554294
223,25,0.106204070439,0.132851420106
224,25,0.126367271125,0.177597980626
225,25,0.130256823743,0.154712727102
226,25,0.187907287095,0.246786239587
227,25,0.163137628814,0.206516336902
228,25,0.360087178437,0.432802084258
229,25,0.486795536335,0.638545591679
230,25,0.453670040163,0.550525676927
231,25,0.593390311037,0.754100565328
232,25,0.670924171794,0.808019226603
233,25,0.662478068296,0.809961073242
234,25,0.484397156671,0.663590788966
235,25,0.600896025471,0.68542765639
236,25,0.375367441661,0.439301527444
237,25,0.362694566068,0.464761585715
238,25,0.356946969414,0.465330482534
239,25,0.357869822166,0.464437367909
240,25,0.234070877469,0.277288641178
241,25,0.246426074027,0.299103301641
242,25,0.332700139109,0.417591443741
243,25,0.464648377794,0.602408422021
244,25,0.639670693938,0.82451387432
245,25,0.780870798261,0.939275008439
246,25,0.423283400648,0.520165938871
247,25,0.567260732668,0.689984136259
248,25,0.35870496929,0.430433400676
249,25,0.236988071362,0.297346893809
250,25,0.252744014058,0.311542167496
251,25,0.197106123699,0.24859201492
252,25,0.18978258395,0.23634566799
253,25,0.225889761446,0.288124471671
254,25,0.142315085962,0.183597967239
255,25,0.115894761081,0.140284092643
256,25,0.0935378891592,0.133386241493
257,25,0.152768613827,0.193043152354
258,25,0.113178400337,0.145376751588
259,25,0.141511250431,0.169849896009
260,25,0.204988808038,0.243308493678
261,25,0.194349103944,0.242661959774
262,25,0.2208566673,0.269860633426
263,25,0.236287824004,0.308025194422
264,25,0.314535050223,0.418619568729
265,25,0.400878636365,0.503770595629
266,25,0.28593345194,0.359223732575
267,25,0.264166482464,0.346189731938
268,25,0.273472787372,0.333079698233
269,25,0.207546252012,0.278279447148
270,25,0.196565932637,0.258508939877
271,25,0.187137718553,0.224997093824
272,25,0.176543969192,0.221921865637
273,25,0.0962196626855,0.126847856691
274,25,0.157532830841,0.190789907474
275,25,0.159714467679,0.204320713737
276,25,0.410206955979,0.471825786536
277,25,0.179944713621,0.217357482015
278,25,0.133390569994,0.183345785382
279,25,0.145159425995,0.202553416608
280,25,0.165964893338,0.219875624804
281,25,0.181707836964,0.243175795988
282,25,0.230612920198,0.273152762295
283,25,0.183218044886,0.219343212564
284,25,0.148006262268,0.179342428345
285,25,0.0967079992424,0.122563832613
286,25,0.150721961523,0.195626041175
287,25,0.142328070983,0.19130817955
288,25,0.142960973471,0.185768573322
289,25,0.157372502534,0.211064322832
290,25,0.145274255043,0.198501454251
291,25,0.180017574772,0.209439163579
292,25,0.0988001578118,0.124740325574
293,25,0.115639894623,0.138187766594
294,25,0.106535196066,0.146576037119
295,25,0.119415154184,0.160015254519
296,25,0.100068867689,0.131652192064
297,25,0.132526001046,0.176682800368
298,25,0.14751227438,0.183507082552
299,25,0.14679400483,0.191986398362
300,25,0.161457616923,0.2090031457
301,25,0.147256428386,0.177092973056
302,25,0.129598111446,0.160976072575
303,25,0.143023696594,0.170571420364
304,25,0.128701279189,0.171406827303
305,25,0.124869451178,0.159864980759
306,25,0.111542759964,0.143138153465
307,25,0.12535385393,0.169619034126
308,25,0.114171978498,0.137311315625
309,25,0.213153730689,0.27619512768
310,25,0.160658961743,0.203220650621
311,25,0.239979720834,0.297226577302
312,25,0.312454644298,0.395585766705
313,25,0.531193899976,0.719912080705
314,25,0.301299115519,0.394741478664
315,25,0.194137282784,0.23847442074
316,25,0.190749231724,0.259309059753
317,25,0.241794554184,0.313243347951
318,25,0.186355444564,0.225901159972
319,25,0.217758479972,0.272400555926
320,25,0.160757442629,0.210674399721
321,25,0.0996844619696,0.126574457718
322,25,0.145245262153,0.191337092039
323,25,0.235762459042,0.29383425958
324,25,0.137582556632,0.17774255098
325,25,0.146353189778,0.191173081866
326,25,0.252259622977,0.32238063732
327,25,0.382276985432,0.500717829787
328,25,0.250432471111,0.319487284767
329,25,0.129187608329,0.187695329471
330,25,0.151822281358,0.189926006254
331,25,0.158485777391,0.204817937929
332,25,0.333940791893,0.393516682302
333,25,0.388156096089,0.458815273007
334,25,0.509434020274,0.626496010524
335,25,0.563065891959,0.699550655173
