cycle,count,mae,rmse
50,15,0.112220167434,0.130381507244
51,15,0.15254128784,0.190851218003
52,15,0.142020962689,0.166537315131
53,15,0.154455429544,0.187180981463
54,15,0.0716413715175,0.0902176679042
55,15,0.129719967358,0.156330592042
56,15,0.117673229221,0.152809735075
57,15,0.110260351877,0.141962523438
58,15,0.173485312333,0.220603029797
59,15,0.196157130456,0.241373702001
60,15,0.112816435118,0.136015219683
61,15,0.100080348132,0.125385176077
62,15,0.193405753917,0.232881956287
63,15,0.146747658639,0.182464403017
64,15,0.244056512849,0.295905324025
65,15,0.242493825309,0.275492632132
66,15,0.277349967214,0.357554125333
67,15,0.335921117352,0.424088100831
68,15,0.152904584375,0.190603986176
69,15,0.167531611721,0.219211236397
70,15,0.295883257012,0.366690757979
71,15,0.164919303457,0.207391534968
72,15,0.132575849156,0.160323224192
73,15,0.287001232609,0.379936314663
74,15,0.108774669595,0.136510606872
75,15,0.137246462038,0.168702958699
76,15,0.122578440116,0.149050595809
77,15,0.183876737156,0.239891423172
78,15,0.145923101395,0.184224129166
79,15,0.184452673102,0.222344805414
80,15,0.106713704114,0.130963531622
81,15,0.160890020617,0.209550859648
82,15,0.133800238846,0.165250132712
83,15,0.216392160783,0.25187243093
84,15,0.112141835213,0.138534994446
85,15,0.11690437478,0.143374871232
86,15,0.121769542991,0.147033357484
87,15,0.107088865096,0.132628655713
88,15,0.214729083075,0.244391079531
89,15,0.144439266794,0.17837410761
90,15,0.218551197277,0.267864228109
91,15,0.126605805396,0.154470478363
92,15,0.144537373892,0.174728231094
93,15,0.192829854917,0.239995562532
94,15,0.123880555801,0.152115976071
95,15,0.108327796151,0.141675930978
96,15,0.308620900558,0.366630570919
97,15,0.0916894757989,0.112070329518
98,15,0.104881563583,0.132820255473
99,15,0.0950109644863,0.117454747206
100,15,0.109223400971,0.133224088229
101,15,0.162666328438,0.205652788191
102,15,0.143084451288,0.169745324404
103,15,0.0951642959305,0.11994608492
104,15,0.128877097795,0.166590313744
105,15,0.114877414129,0.144148682963
106,15,0.123795103322,0.152991198587
107,15,0.105091830302,0.123678404205
108,15,0.169775380292,0.20017083604
109,15,0.120206054667,0.159172827902
110,15,0.163751943379,0.23711787423
111,15,0.170865341417,0.202759423621
112,15,0.12907482127,0.157780478399
113,15,0.169614495811,0.224704250599
114,15,0.175103733626,0.24768066506
115,15,0.128607940817,0.163099986147
116,15,0.176078501376,0.209812198423
117,15,0.18681622027,0.223642885996
118,15,0.21485171976,0.253149428054
119,15,0.370768262592,0.452849525182
120,15,0.82307507598,1.1148455491
121,15,0.550502906597,0.706721128399
122,15,0.61022236066,0.783851286053
123,15,0.728009766176,0.840246766859
124,15,0.440118797377,0.559585214332
125,15,0.569281359363,0.746334845615
126,15,0.422441436278,0.581551419769
127,15,0.42678431599,0.647439425596
128,15,0.182601758899,0.228305352941
129,15,0.200351945681,0.259813161018
130,15,0.0916647618555,0.117833469184
131,15,0.160539150419,0.213832389855
132,15,0.261216535552,0.32491166897
133,15,0.364238006418,0.437519756798
134,15,0.437905830282,0.557054045035
135,15,0.353613569087,0.460029068545
136,15,0.261930168808,0.31184683634
137,15,0.238958174001,0.280377034907
138,15,0.206200718251,0.252932472991
139,15,0.142548012304,0.178114216973
140,15,0.137887998419,0.174059771628
141,15,0.124308353053,0.159692672579
142,15,0.146251039281,0.17851393002
143,15,0.146967428669,0.202069853607
144,15,0.139597899287,0.173304450296
145,15,0.125803676373,0.153002105089
146,15,0.12484629314,0.156103691814
147,15,0.13704627045,0.158812458091
148,15,0.109922781068,0.13570184694
149,15,0.0971704206247,0.118540602286
150,15,0.135729098776,0.164146670883
151,15,0.122549951563,0.154643821264
152,15,0.11940530262,0.146693661057
153,15,0.172655556141,0.222665400749
154,15,0.166761210717,0.25722825118
155,15,0.183962473162,0.259033594338
156,15,0.0998895461619,0.125331018194
157,15,0.181101976991,0.230695806128
158,15,0.16815961384,0.218434323501
159,15,0.151127572011,0.188633020533
160,15,0.132693336939,0.165551396536
161,15,0.0930461746738,0.124420046526
162,15,0.163774659511,0.189316445152
163,15,0.113113157721,0.138398277657
164,15,0.129722827572,0.159808743898
165,15,0.0959283097906,0.143358754465
166,15,0.0995278862239,0.132672952557
167,15,0.171559171892,0.213720488856
168,15,0.10796759479,0.134934675741
169,15,0.136831602534,0.163120533545
170,15,0.128495805035,0.161211584673
171,15,0.0917060292378,0.111151019761
172,15,0.133836359245,0.17991974746
173,15,0.120986095866,0.162058898967
174,15,0.120081034817,0.14129469974
175,15,0.168276235722,0.207855234123
176,15,0.136948105314,0.165232768934
177,15,0.093581876912,0.117650316152
178,15,0.123686962232,0.15016801976
179,15,0.0887319910973,0.106260146819
180,15,0.0916282193791,0.110870250539
181,15,0.0972525064003,0.114681106445
182,15,0.0886338894735,0.110871117353
183,15,0.109147288658,0.130380873321
184,15,0.095567084078,0.111892055901
185,15,0.100515645284,0.124374597259
186,15,0.155454984048,0.183558638503
187,15,0.132621119431,0.154678376616
188,15,0.134796567219,0.156977392594
189,15,0.113104257788,0.156325998337
190,15,0.111466669859,0.149427322609
191,15,0.129659491205,0.172121188344
192,15,0.123902581587,0.160257072162
193,15,0.116740464682,0.144045498366
194,15,0.120584949062,0.143996587582
195,15,0.109303133148,0.136447682469
196,15,0.177310215288,0.221511870233
197,15,0.201717426507,0.26236571927
198,15,0.239107596907,0.322819423135
199,15,0.13453987751,0.201498653378
200,15,0.167283538631,0.222986430583
201,15,0.457034259671,0.561859720105
202,15,0.384514597954,0.448260111745
203,15,0.2972403817,0.366950338477
204,15,0.49645030004,0.60478529737
205,15,0.366763283853,0.438556944449
206,15,0.428232565048,0.559696389591
207,15,0.354913595238,0.441113543403
208,15,0.529584870214,0.677318568576
209,15,0.29912260814,0.370471664079
210,15,0.567226034313,0.688172957953
211,15,1.10150964353,1.35905527144
212,15,0.391469753685,0.466242624491
213,15,0.639042478012,0.822898975945
214,15,0.75174535777,0.933214419771
215,15,0.656958544913,0.814084499792
216,15,0.575456477742,0.704591375554
217,15,0.414018856959,0.501222153917
218,15,0.314158627445,0.411068034595
219,15,0.247801244997,0.34318409773
220,15,0.20007305907,0.259703951136
221,15,0.201949357152,0.265717877862
222,15,0.210026003478,0.271243981918
223,15,0.125240704315,0.158735679467
224,15,0.115876394898,0.159337344782
225,15,0.143801274352,0.174492388404
226,15,0.172315019167,0.208076428126
227,15,0.183988159008,0.233222986908
228,15,0.305588125556,0.372521569135
229,15,0.555487447846,0.758286354719
230,15,0.687900516837,0.835610778694
231,15,0.376382975631,0.470508465124
232,15,0.758338128817,0.984173579882
233,15,0.648850021266,0.851702023453
234,15,0.596949717289,0.746241756424
235,15,0.654004376867,0.774866259602
236,15,0.372639319916,0.472274639979
237,15,0.241471810335,0.306591556012
238,15,0.420693473724,0.550205636157
239,15,0.3365547244,0.449323213873
240,15,0.270630624,0.328316289671
241,15,0.254992627637,0.308911857503
242,15,0.551051196242,0.691767125165
243,15,0.612246137591,0.773929355243
244,15,0.506342055683,0.674902904517
245,15,0.8177103336,1.03081173466
246,15,0.420317794353,0.540692806433
247,15,0.36885851846,0.482869527551
248,15,0.363491994657,0.441248328238
249,15,0.267342749283,0.334881525456
250,15,0.254597094418,0.331335686548
251,15,0.217719118247,0.267454664573
252,15,0.198843332444,0.244100885488
253,15,0.230678019799,0.301597270225
254,15,0.158642445126,0.197632387219
255,15,0.140105747075,0.161304720001
256,15,0.10077651281,0.132437541262
257,15,0.167619278728,0.211667600706
258,15,0.108432582684,0.13675900454
259,15,0.138942490061,0.171258920291
260,15,0.190225005094,0.2317490001
261,15,0.187146399285,0.246577618596
262,15,0.220611193869,0.276238039037
263,15,0.201421272954,0.26003629912
264,15,0.324082640954,0.404352982047
265,15,0.454632929868,0.556217169892
266,15,0.277120959939,0.345924327837
267,15,0.339580044121,0.416308409199
268,15,0.23410009998,0.304475248358
269,15,0.216842108994,0.266402418137
270,15,0.188998486208,0.236090397166
271,15,0.216386672427,0.253468359539
272,15,0.158890244463,0.198829642901
273,15,0.120329336733,0.151142355589
274,15,0.115890449103,0.153622063359
275,15,0.2147526892,0.272589585083
276,15,0.309209661752,0.373174881527
277,15,0.162993211052,0.206664661279
278,15,0.118713819448,0.163417593397
279,15,0.122894148647,0.166985068219
280,15,0.262672255105,0.35910358892
281,15,0.232672825501,0.304430136664
282,15,0.234798837202,0.263532127574
283,15,0.180408046139,0.228846588835
284,15,0.162356841383,0.193507267287
285,15,0.127696802994,0.167221125415
286,15,0.10211075561,0.127903413369
287,15,0.130959706285,0.169367889215
288,15,0.166631992339,0.208031314279
289,15,0.13554045581,0.174807103935
290,15,0.201255826231,0.228436782344
291,15,0.280040643719,0.330517182029
292,15,0.0998460081983,0.123358536032
293,15,0.156442287255,0.17878400707
294,15,0.0825549284821,0.130166984471
295,15,0.165236757296,0.213185745373
296,15,0.12035966224,0.140500675126
297,15,0.148212406327,0.173753794353
298,15,0.141872981597,0.182469230248
299,15,0.124950911162,0.166345820185
300,15,0.0909085240027,0.126265287884
301,15,0.158897229546,0.203029395973
302,15,0.108417648912,0.141960062333
303,15,0.111944481705,0.13931472851
304,15,0.154109240977,0.201686939263
305,15,0.150991761127,0.214595367939
306,15,0.122433292652,0.161445235724
307,15,0.118510132902,0.160950935461
308,15,0.11858186445,0.143130412377
309,15,0.253397209904,0.324097486517
310,15,0.150371537298,0.197687717168
311,15,0.263686528102,0.316226148698
312,15,0.33937033368,0.423420334987
313,15,0.532849610305,0.685733048243
314,15,0.311040389554,0.418787719148
315,15,0.256787145275,0.313473729072
316,15,0.235735157197,0.302739687658
317,15,0.226291651838,0.291141226969
318,15,0.186601099812,0.229169332334
319,15,0.260625835158,0.326446680625
320,15,0.171062056434,0.219185928804
321,15,0.153985636946,0.184017126487
322,15,0.107403946252,0.131585223163
323,15,0.145960962863,0.186680147722
324,15,0.151586940679,0.189952922169
325,15,0.144224018593,0.185869960267
326,15,0.196644088305,0.241611478532
327,15,0.396176493911,0.490312780265
328,15,0.321339998972,0.403896147019
329,15,0.152340329612,0.191476332784
330,15,0.151979087662,0.19189060926
331,15,0.1460656275,0.188465046857
332,15,0.307991461217,0.383003309507
333,15,0.477885330843,0.594304156893
334,15,0.345671589785,0.458258446689
335,15,0.453247214765,0.537961830836
