cycle,count,mae,rmse
50,15,0.124562625961,0.15253262673
51,15,0.157846944669,0.200177026446
52,15,0.129465889096,0.160547775165
53,15,0.110912906423,0.137745724405
54,15,0.08770616951,0.109328571174
55,15,0.100800159134,0.124056521477
56,15,0.112681184378,0.140597856962
57,15,0.117448466548,0.14901488051
58,15,0.146292202697,0.180301728981
59,15,0.129575573644,0.150840436714
60,15,0.146112918249,0.174044269879
61,15,0.118284334625,0.149311831967
62,15,0.171600917841,0.200411165228
63,15,0.182491319826,0.220508183283
64,15,0.290700059389,0.353637044263
65,15,0.161326567535,0.204103367821
66,15,0.266340562782,0.324184174585
67,15,0.464108516898,0.540617023885
68,15,0.140007486619,0.1702402213
69,15,0.201641573067,0.236217803128
70,15,0.256568550868,0.336368835246
71,15,0.195958772932,0.240220264465
72,15,0.18249910059,0.220347534047
73,15,0.383600054013,0.475320426892
74,15,0.106687650485,0.125977001219
75,15,0.105063242715,0.133850702079
76,15,0.147561152427,0.194740874317
77,15,0.179377808706,0.230685340274
78,15,0.145375387532,0.18284561075
79,15,0.129008809502,0.16484462672
80,15,0.0968448685998,0.117700949067
81,15,0.112765741378,0.138805335658
82,15,0.127535251282,0.158795331528
83,15,0.152509744385,0.190459988332
84,15,0.12501103902,0.150913457547
85,15,0.117586434162,0.138901541893
86,15,0.100174489007,0.129188375342
87,15,0.122407885896,0.148465746396
88,15,0.239841724247,0.283104340122
89,15,0.137422891142,0.169311013505
90,15,0.185637193538,0.235753681194
91,15,0.129365808081,0.167695851925
92,15,0.121577823739,0.149118677538
93,15,0.174619436648,0.210069918497
94,15,0.105668755095,0.127207885426
95,15,0.108580265105,0.137522811497
96,15,0.22627007572,0.289693868825
97,15,0.151368481995,0.17780704101
98,15,0.132250711073,0.161054914057
99,15,0.103302567244,0.125120534516
100,15,0.150713099708,0.186932093218
101,15,0.141507870303,0.172076088846
102,15,0.183577619298,0.217467094727
103,15,0.106263098458,0.132850288138
104,15,0.131550243905,0.163497997732
105,15,0.131794941128,0.161759691718
106,15,0.179082221178,0.22104391071
107,15,0.136748810603,0.164027921101
108,15,0.191402371805,0.226609462837
109,15,0.132834949723,0.16938460515
110,15,0.195516438856,0.25772473226
111,15,0.13118769059,0.171037236904
112,15,0.121284372926,0.148792052203
113,15,0.199027651651,0.249340374217
114,15,0.134897620455,0.175262440387
115,15,0.120800105405,0.142637952543
116,15,0.151157557745,0.199257313898
117,15,0.187374260401,0.220747029766
118,15,0.210412923405,0.257106312957
119,15,0.228552501544,0.278088904263
120,15,0.674075572382,0.839629875202
121,15,0.589468101393,0.739275894608
122,15,0.826096794508,1.05300859444
123,15,0.510768373335,0.638860222952
124,15,0.408460664851,0.510142513094
125,15,0.681478138064,0.820354353003
126,15,0.515798848152,0.641597031264
127,15,0.462592820826,0.672947697996
128,15,0.201868510266,0.2434042753
129,15,0.197373852179,0.251081874657
130,15,0.111304167639,0.144197294361
131,15,0.143024524947,0.19354493971
132,15,0.262725572951,0.349675023358
133,15,0.296589472298,0.361370290278
134,15,0.652281347141,0.77803965781
135,15,0.328100621006,0.406707151797
136,15,0.241308718957,0.280762265236
137,15,0.319326749888,0.406739548534
138,15,0.198159844113,0.262618661461
139,15,0.15899941368,0.192441826788
140,15,0.0829976211241,0.107352544682
141,15,0.12899048268,0.168844908886
142,15,0.128784769117,0.17125341857
143,15,0.147297445514,0.197512974731
144,15,0.0989831907036,0.132110525449
145,15,0.124081460419,0.16089733544
146,15,0.0853085031908,0.108426863778
147,15,0.13260715472,0.159642255197
148,15,0.116007596408,0.141684841513
149,15,0.0816801053489,0.102792289286
150,15,0.0833902218493,0.102795113444
151,15,0.0919292233148,0.114586728202
152,15,0.109697165292,0.133617137078
153,15,0.172721122141,0.228607112354
154,15,0.202649755035,0.285102665485
155,15,0.21228214366,0.285563471724
156,15,0.110749536325,0.134426658132
157,15,0.184871879631,0.229106123466
158,15,0.2676443215,0.342073584585
159,15,0.134053327778,0.164797834612
160,15,0.144352591146,0.181485111293
161,15,0.118514409231,0.146419453843
162,15,0.195781929605,0.240669894648
163,15,0.149643824793,0.185211607965
164,15,0.164738605061,0.195571249318
165,15,0.126021181557,0.165905178482
166,15,0.10918955226,0.150637677897
167,15,0.0951823873787,0.117967648632
168,15,0.143492303961,0.181923519972
169,15,0.141583062765,0.167413538471
170,15,0.148155630919,0.184932753982
171,15,0.115751945284,0.134813862478
172,15,0.149967249647,0.18977156403
173,15,0.168077071373,0.196664699213
174,15,0.14277926912,0.18225138731
175,15,0.121150794408,0.146708874363
176,15,0.120505930179,0.144250237428
177,15,0.124822522378,0.146792206337
178,15,0.0968910900764,0.12273735886
179,15,0.088536649082,0.106626769983
180,15,0.0890313098487,0.114482058309
181,15,0.0879361193146,0.113277208272
182,15,0.118304310684,0.151539347925
183,15,0.129156144756,0.161276273969
184,15,0.0962198989404,0.114962100672
185,15,0.0739019096825,0.0909699181514
186,15,0.0958225882408,0.11806579418
187,15,0.154591426049,0.189362038484
188,15,0.130913595191,0.152901129321
189,15,0.142590548003,0.173950532135
190,15,0.136315129815,0.171659151444
191,15,0.122204213843,0.18021530463
192,15,0.219851319901,0.261741629777
193,15,0.132363294518,0.168481762842
194,15,0.124610056334,0.148922463569
195,15,0.0756616331424,0.0971132235896
196,15,0.135667133026,0.195536289997
197,15,0.297082487487,0.378310791485
198,15,0.276992026354,0.368048690144
199,15,0.12419651853,0.171766631954
200,15,0.224086405283,0.272128795876
201,15,0.290801440587,0.371666761506
202,15,0.367091590755,0.431621143698
203,15,0.430221144363,0.526167264998
204,15,0.549980077839,0.69966942692
205,15,0.301393229908,0.394064066621
206,15,0.575492643857,0.770748312769
207,15,0.419858981972,0.505468770835
208,15,0.511552164495,0.712577053185
209,15,0.402964722897,0.526324537431
210,15,0.445264365217,0.591082445524
211,15,0.92736599672,1.18265577261
212,15,0.531791739715,0.650781016074
213,15,0.683133878041,0.855933104349
214,15,0.64236754038,0.825304671182
215,15,0.608273788385,0.862943533029
216,15,0.670172346818,0.844552184875
217,15,0.409688997146,0.498302886892
218,15,0.291367233423,0.374286376062
219,15,0.221864599661,0.273017872247
220,15,0.241019717807,0.317966863216
221,15,0.268288625233,0.347803060833
222,15,0.184146254118,0.235098186937
223,15,0.138372905268,0.171539864077
224,15,0.137922113401,0.186432514722
225,15,0.137860578999,0.171093269934
226,15,0.173970213706,0.215540753101
227,15,0.139499840338,0.179973440947
228,15,0.283746377249,0.361116767728
229,15,0.522030638307,0.715605549311
230,15,0.961218150711,1.23867235957
231,15,0.432093214342,0.543232647089
232,15,0.691049151996,0.886475086608
233,15,0.802572501231,0.989276120901
234,15,0.67082767438,0.776828028832
235,15,0.488636529255,0.57549000594
236,15,0.379753504802,0.43835871794
237,15,0.345979219567,0.42818651831
238,15,0.269529006805,0.378380850947
239,15,0.250561830962,0.345559708363
240,15,0.24480973045,0.306096077926
241,15,0.231301739047,0.296144204468
242,15,0.364976816077,0.461211346657
243,15,0.575004221118,0.686182423582
244,15,0.635244650804,0.908490694209
245,15,0.419254129033,0.528770779935
246,15,0.721154292161,0.895660942751
247,15,0.314858268112,0.414340830683
248,15,0.384653260558,0.478554905253
249,15,0.339213512289,0.408692074298
250,15,0.274989388726,0.344870962116
251,15,0.212429513718,0.25602011058
252,15,0.209514602659,0.280478779989
253,15,0.260369306522,0.318543996643
254,15,0.180429155942,0.237301161696
255,15,0.100090347679,0.125907756784
256,15,0.117267152988,0.151043225215
257,15,0.16283379461,0.193238910068
258,15,0.134145717332,0.167684564201
259,15,0.126657229261,0.15523273211
260,15,0.182105214313,0.232280677591
261,15,0.212007368887,0.272948146643
262,15,0.216896832042,0.270907549354
263,15,0.245056482976,0.29597953673
264,15,0.246768375852,0.357941804961
265,15,0.390392802522,0.480699637805
266,15,0.343828822596,0.4196584168
267,15,0.307731339547,0.392742244767
268,15,0.301010769915,0.369763482082
269,15,0.20255835208,0.245529306112
270,15,0.203735743407,0.239706284292
271,15,0.168594609272,0.20307385983
272,15,0.145457399244,0.175182712651
273,15,0.0853415038976,0.115999409941
274,15,0.163122168967,0.204586607948
275,15,0.163771101617,0.206065953472
276,15,0.399042868581,0.469089676297
277,15,0.149510797216,0.187075379952
278,15,0.0977122110095,0.129125455906
279,15,0.128317272002,0.161842557336
280,15,0.144611053627,0.197623871047
281,15,0.216290177475,0.288482284551
282,15,0.220983545143,0.259763488891
283,15,0.174529613452,0.20667082847
284,15,0.23839830819,0.320305167668
285,15,0.120575365037,0.150363642736
286,15,0.150251618402,0.191335876031
287,15,0.14683900682,0.188307784072
288,15,0.201400055825,0.261328116599
289,15,0.13383376786,0.175539035383
290,15,0.196740214975,0.242732156553
291,15,0.212418546585,0.260506537294
292,15,0.108133663679,0.128879185256
293,15,0.0907846961455,0.111198971478
294,15,0.124960394431,0.163369844839
295,15,0.114450746406,0.152369326321
296,15,0.106643019349,0.128018217788
297,15,0.108417293889,0.131486323108
298,15,0.138523918116,0.174690300652
299,15,0.10258332033,0.134007213354
300,15,0.125143014222,0.16037976303
301,15,0.153489134086,0.180211589215
302,15,0.1016849092,0.1318274725
303,15,0.0961595429735,0.121884817767
304,15,0.12059221957,0.158052654393
305,15,0.150814172629,0.1769504659
306,15,0.140829922695,0.186658187318
307,15,0.110817014658,0.138686425158
308,15,0.126017419681,0.158834044096
309,15,0.26802778545,0.323323432569
310,15,0.134443491392,0.168259848972
311,15,0.210428058305,0.265863402164
312,15,0.346061617455,0.450280674661
313,15,0.700806916733,0.918321989194
314,15,0.273867341061,0.343222593364
315,15,0.244441518723,0.297236980637
316,15,0.251136881014,0.333012078764
317,15,0.196195903575,0.262027491575
318,15,0.196628855706,0.243371603756
319,15,0.236797227869,0.292740237086
320,15,0.223523099146,0.272466195828
321,15,0.136485288553,0.171404248665
322,15,0.191151605882,0.246462537829
323,15,0.137665289326,0.177844440447
324,15,0.111432362644,0.150345005285
325,15,0.13589015123,0.172318278014
326,15,0.194634236547,0.2388021769
327,15,0.507439596809,0.616249096968
328,15,0.24079784486,0.326593626753
329,15,0.151348617437,0.192985153661
330,15,0.179782727354,0.21755718644
331,15,0.142433143813,0.18078447879
332,15,0.371356002502,0.493734285328
333,15,0.327630731916,0.404882253467
334,15,0.581224898663,0.775392261899
335,15,0.462913138809,0.540683417726
