cycle,count,mae,rmse
50,20,0.107902052106,0.128540453296
51,20,0.12890221027,0.157308015839
52,20,0.145463403085,0.171351310986
53,20,0.131089699763,0.160164131751
54,20,0.106825560727,0.132564430029
55,20,0.155046034592,0.184442775319
56,20,0.0873946276988,0.114547326181
57,20,0.118928267862,0.150763444777
58,20,0.185192085721,0.233203861714
59,20,0.160499573472,0.207459451771
60,20,0.162431938799,0.195412545181
61,20,0.162566431598,0.200428123034
62,20,0.133109832452,0.167968046969
63,20,0.171882493564,0.211762817757
64,20,0.200569222715,0.250189094015
65,20,0.192631479019,0.238885494983
66,20,0.305552102669,0.397582609388
67,20,0.659425051781,0.771204004703
68,20,0.196611842632,0.225561565315
69,20,0.306436234375,0.40476822365
70,20,0.444366525241,0.545422164082
71,20,0.23047814335,0.269786318559
72,20,0.145819377745,0.174489198237
73,20,0.360027257964,0.467312493315
74,20,0.117645056394,0.141387764536
75,20,0.0960696598737,0.118432684732
76,20,0.136318504776,0.165165180658
77,20,0.156499316865,0.210898592283
78,20,0.124949568139,0.15540359282
79,20,0.0958159033373,0.12534157281
80,20,0.089651075383,0.108877254873
81,20,0.13013625349,0.166971705109
82,20,0.161059688433,0.206077620668
83,20,0.207357082777,0.247948314457
84,20,0.130448536976,0.160283895659
85,20,0.0935185077236,0.11118882825
86,20,0.143154712841,0.170072729395
87,20,0.136057917595,0.166747864202
88,20,0.213439338632,0.268382664835
89,20,0.130334731739,0.160855114231
90,20,0.181968277627,0.247831595714
91,20,0.106199861952,0.131080659608
92,20,0.132828609703,0.166643253764
93,20,0.130077424466,0.169594539159
94,20,0.159064825269,0.218280180643
95,20,0.129796645239,0.153659912617
96,20,0.238035555223,0.303300259474
97,20,0.126404799747,0.153233694433
98,20,0.148322905618,0.178431462654
99,20,0.135217742743,0.159528654126
100,20,0.207485087013,0.258993749835
101,20,0.165874911261,0.205838802864
102,20,0.13432091644,0.161720667916
103,20,0.0912529751413,0.117666236824
104,20,0.112189701261,0.141184033298
105,20,0.121900610042,0.147253106128
106,20,0.140290960583,0.178707451779
107,20,0.0927654204462,0.119362319526
108,20,0.146930276419,0.17895930803
109,20,0.117961472269,0.156398361655
110,20,0.196122027381,0.257757561099
111,20,0.164337709406,0.194216040145
112,20,0.153330975512,0.201232952017
113,20,0.193459869101,0.225611722971
114,20,0.186516597039,0.253218402795
115,20,0.155988492238,0.196267322497
116,20,0.151061316925,0.199628602158
117,20,0.188961780605,0.233623598639
118,20,0.270659601626,0.367639202415
119,20,0.248885978348,0.307917798292
120,20,0.712503279079,0.899592058183
121,20,0.570797358073,0.721618504847
122,20,0.937448016403,1.13030577755
123,20,0.516333278609,0.65381536681
124,20,0.514299496102,0.688498523149
125,20,0.627261609475,0.83993257937
126,20,0.486856091404,0.662068771512
127,20,0.376759736979,0.555724149835
128,20,0.183746819609,0.228700599594
129,20,0.160930546502,0.224390506572
130,20,0.126892245778,0.157514738454
131,20,0.18797165055,0.249529579707
132,20,0.325174894721,0.39843930888
133,20,0.388248833901,0.470417202989
134,20,0.419917360803,0.546283442691
135,20,0.458025248703,0.549930705609
136,20,0.228696470435,0.277963226956
137,20,0.253170123989,0.298936315307
138,20,0.18374704302,0.247218444138
139,20,0.168575281425,0.203858181727
140,20,0.108278467904,0.132384319314
141,20,0.106664187701,0.131759665514
142,20,0.160250462014,0.202441690665
143,20,0.161512542657,0.202737316255
144,20,0.089592782848,0.121088286161
145,20,0.112636296292,0.141255462132
146,20,0.113323284154,0.137397841819
147,20,0.168958231674,0.200384856745
148,20,0.136128476672,0.166427590715
149,20,0.0821845546588,0.101904231132
150,20,0.0808827921043,0.104567766022
151,20,0.101838474982,0.120792486732
152,20,0.153511472782,0.188244499402
153,20,0.241039303551,0.316457620725
154,20,0.173067212964,0.254759936085
155,20,0.186165612426,0.261327076796
156,20,0.129207274365,0.161091417501
157,20,0.209748643434,0.260314941086
158,20,0.158361389441,0.212457994633
159,20,0.146265892097,0.183152069005
160,20,0.142874197558,0.17534357457
161,20,0.112538192084,0.147031472941
162,20,0.111043448911,0.137702235431
163,20,0.127680763688,0.150957773825
164,20,0.170860557123,0.222556199983
165,20,0.111164279349,0.154046919383
166,20,0.1534486821,0.196459680596
167,20,0.127257234798,0.15433971
168,20,0.0887155602235,0.114461602753
169,20,0.10480397144,0.128168630524
170,20,0.134656949142,0.165951334715
171,20,0.129760293854,0.162074183081
172,20,0.16195692802,0.197505572734
173,20,0.173216388522,0.214026868979
174,20,0.177037450008,0.225001366608
175,20,0.143683544144,0.180427630913
176,20,0.113430585757,0.14043540474
177,20,0.103040490067,0.12692724022
178,20,0.120729438432,0.15323095795
179,20,0.120338170027,0.149714993648
180,20,0.10012887275,0.127962022894
181,20,0.0909078106195,0.110950082426
182,20,0.120961705649,0.14164755905
183,20,0.113806661043,0.140186398993
184,20,0.0982240032718,0.121634391526
185,20,0.112434872521,0.136589366489
186,20,0.117064488427,0.142241400605
187,20,0.114022710922,0.141341153151
188,20,0.129335390551,0.150732583385
189,20,0.108854907702,0.133784092506
190,20,0.173754609437,0.201916446572
191,20,0.183790371634,0.220863424789
192,20,0.141755275118,0.175056817774
193,20,0.127059080488,0.156346615019
194,20,0.121321261579,0.150847617515
195,20,0.0724453643764,0.0910612817261
196,20,0.142037079314,0.210163789922
197,20,0.189378530562,0.267339048761
198,20,0.281319150442,0.33622886041
199,20,0.138199393128,0.208950568036
200,20,0.177167526868,0.230770702633
201,20,0.259738998253,0.317218492514
202,20,0.363002833764,0.449644100837
203,20,0.447987443232,0.516038300754
204,20,0.440007818249,0.523564532634
205,20,0.472622317248,0.592288649926
206,20,0.650180408924,0.836812759604
207,20,0.459060796466,0.5379923143
208,20,0.509279264765,0.621187331461
209,20,0.473546289082,0.543535768765
210,20,0.426598076086,0.571897284486
211,20,1.23582061361,1.47115800467
212,20,0.479857852282,0.577962109088
213,20,0.739952773729,0.943182121646
214,20,0.692144112101,1.0079421151
215,20,0.650470713695,0.91462667443
216,20,0.602123561876,0.764054527264
217,20,0.363965552251,0.466004796723
218,20,0.290190173719,0.337264410224
219,20,0.26001093469,0.347089188959
220,20,0.231169259214,0.291484318673
221,20,0.249618101737,0.348434442243
222,20,0.187901087373,0.246839367972
223,20,0.155487407081,0.185290857608
224,20,0.132127270991,0.180683145035
225,20,0.14611317198,0.181084363883
226,20,0.174395436311,0.212380047373
227,20,0.193411252941,0.237220808888
228,20,0.341487118005,0.416427142182
229,20,0.625725189291,0.76316090895
230,20,0.601501615689,0.74911764067
231,20,0.447852039515,0.546312132347
232,20,0.91226701656,1.1160654751
233,20,0.902860079743,1.12271097594
234,20,0.495714608713,0.623984242329
235,20,0.587832048024,0.699979661197
236,20,0.41352093016,0.499158312438
237,20,0.341869923009,0.415425725507
238,20,0.35116260992,0.449243705941
239,20,0.277363946234,0.378681891038
240,20,0.313961838341,0.381614487618
241,20,0.323425768291,0.387503830481
242,20,0.402425146849,0.528539751522
243,20,0.457078735217,0.602480608526
244,20,1.02485808979,1.28302617334
245,20,0.715097806843,0.867927374722
246,20,0.40178370059,0.489074348014
247,20,0.46514653887,0.571270460808
248,20,0.581192048494,0.70527972052
249,20,0.280052660957,0.352302032692
250,20,0.229240969482,0.286540231691
251,20,0.312216936032,0.366865319367
252,20,0.155688460302,0.201535197119
253,20,0.241832706755,0.293459216827
254,20,0.144114506456,0.181852481932
255,20,0.108023072563,0.12986002692
256,20,0.127604812497,0.159907441204
257,20,0.148515366822,0.17984533488
258,20,0.165424139761,0.206526607706
259,20,0.127288909092,0.155988603152
260,20,0.24268274311,0.298244635399
261,20,0.253800454357,0.3095389679
262,20,0.206125268312,0.260018399839
263,20,0.208093959838,0.264884173782
264,20,0.364941855274,0.495269848884
265,20,0.370894160787,0.475339307433
266,20,0.315903883506,0.37182313198
267,20,0.312842000043,0.400448994373
268,20,0.245922228654,0.299552309835
269,20,0.208663245995,0.27671682282
270,20,0.283214085029,0.348813413301
271,20,0.158924677195,0.187438095617
272,20,0.162025447476,0.207145342992
273,20,0.131631214795,0.163672897945
274,20,0.146590257319,0.178788807314
275,20,0.169424743,0.209723195578
276,20,0.364602608448,0.440156966388
277,20,0.214539664829,0.278361539503
278,20,0.131855145446,0.171976881275
279,20,0.152297620159,0.222096268109
280,20,0.158338680182,0.207302866046
281,20,0.183223782194,0.253132165256
282,20,0.209544871834,0.238845060001
283,20,0.171175360467,0.208825212658
284,20,0.168108277967,0.202410893509
285,20,0.116122743024,0.145016494699
286,20,0.122241386505,0.150648736197
287,20,0.112192116185,0.141916744461
288,20,0.147135552436,0.199934540397
289,20,0.137566864766,0.172782115993
290,20,0.153476198071,0.188630641602
291,20,0.172438246505,0.199472280324
292,20,0.123533304243,0.147299564011
293,20,0.120186761541,0.143854016845
294,20,0.0759293046725,0.11919682895
295,20,0.134606829512,0.165461717996
296,20,0.100830672624,0.131080237687
297,20,0.129133853029,0.154108404064
298,20,0.173838882022,0.201051099701
299,20,0.11867213777,0.153058448041
300,20,0.138436146385,0.186951801632
301,20,0.135673462102,0.161979600798
302,20,0.123054548047,0.154762036076
303,20,0.138913922261,0.17346454298
304,20,0.113304743937,0.149862703137
305,20,0.128860996571,0.179944534054
306,20,0.121398114772,0.15557049451
307,20,0.120285192145,0.168043182158
308,20,0.142586944484,0.171882918038
309,20,0.215341194606,0.284626632391
310,20,0.174383664853,0.219936044107
311,20,0.234515931608,0.29219284892
312,20,0.345830462794,0.437573489724
313,20,0.512277404992,0.646791190145
314,20,0.30474066304,0.398671381651
315,20,0.16451612926,0.204961962148
316,20,0.21820247385,0.292377942057
317,20,0.251163266782,0.343396523569
318,20,0.174924585314,0.22091067934
319,20,0.285989922969,0.356159644874
320,20,0.20670751094,0.258896299496
321,20,0.136483378915,0.170392723004
322,20,0.148127391533,0.195171106506
323,20,0.247471431703,0.31773617038
324,20,0.164422905469,0.202459249258
325,20,0.145966339961,0.188914945621
326,20,0.193998446351,0.249520800562
327,20,0.461087227019,0.566721272502
328,20,0.223401554235,0.316456287513
329,20,0.185477586696,0.228136060167
330,20,0.17606449907,0.215575916978
331,20,0.148550479255,0.187328435115
332,20,0.31231076617,0.368263762203
333,20,0.452443422098,0.532349343895
334,20,0.50098814152,0.609339014761
335,20,0.544843148242,0.659310035329
