cycle,count,mae,rmse
50,20,0.10494560308,0.134578485492
51,20,0.134921922767,0.168605306431
52,20,0.135032798882,0.174120461078
53,20,0.137366087609,0.162418241664
54,20,0.108689117283,0.13344415073
55,20,0.101925976149,0.125486704704
56,20,0.105115568715,0.12941046709
57,20,0.118338036773,0.14675177116
58,20,0.231465904973,0.271416521623
59,20,0.167865838326,0.213311705397
60,20,0.130076580431,0.154378913709
61,20,0.131207418695,0.162338302824
62,20,0.192069509479,0.251303262255
63,20,0.193647850804,0.242771296768
64,20,0.23200004374,0.299710262254
65,20,0.292805873981,0.33584233401
66,20,0.220886109557,0.271859893841
67,20,0.490622563902,0.594738737207
68,20,0.180270785497,0.223193928067
69,20,0.234793048256,0.28712730625
70,20,0.370647218155,0.472402384984
71,20,0.192563150373,0.234637143738
72,20,0.180303548412,0.22035581459
73,20,0.524017822926,0.678011699906
74,20,0.125325903755,0.149274462508
75,20,0.1513534292,0.174723618946
76,20,0.134501887879,0.169841154908
77,20,0.186205354812,0.244202991569
78,20,0.173883287321,0.218318083992
79,20,0.0950412739253,0.121300533989
80,20,0.0985531807847,0.12088530541
81,20,0.130578690399,0.163597321267
82,20,0.167281336879,0.212578884602
83,20,0.1948456624,0.238942304927
84,20,0.166545967128,0.195091449827
85,20,0.0898092390887,0.115612330019
86,20,0.151732681096,0.188293317483
87,20,0.117265198452,0.145347060733
88,20,0.196421542993,0.238341602663
89,20,0.167644323682,0.205871811796
90,20,0.243883094178,0.299718284273
91,20,0.0922543930692,0.11737226859
92,20,0.11752581174,0.147484921169
93,20,0.212034379647,0.267070060353
94,20,0.102653449094,0.124408438428
95,20,0.134986042074,0.160275842845
96,20,0.258553049822,0.306444649205
97,20,0.142620221024,0.170126164734
98,20,0.10325587749,0.12854000067
99,20,0.140674334207,0.180581456825
100,20,0.178177216327,0.217825316347
101,20,0.133764842251,0.166456839588
102,20,0.127826008862,0.152549510163
103,20,0.0987991827691,0.130579865964
104,20,0.177547033108,0.225534895331
105,20,0.180254069299,0.230792866743
106,20,0.170412872488,0.204668078078
107,20,0.103417478439,0.12974425236
108,20,0.210306110632,0.251543100563
109,20,0.105073662218,0.13523698255
110,20,0.143257098425,0.222026450575
111,20,0.166911292501,0.20151868142
112,20,0.120818172594,0.15517612501
113,20,0.157511807963,0.202262464434
114,20,0.16648861325,0.196026304663
115,20,0.113173361947,0.144858619606
116,20,0.170277536904,0.202811628827
117,20,0.222472739797,0.271486258158
118,20,0.195378113591,0.25276646599
119,20,0.296733017316,0.368871864566
120,20,0.669795712815,0.869563011981
121,20,0.637531364966,0.812419666072
122,20,0.88139072696,1.08517642747
123,20,0.605470329908,0.748918696387
124,20,0.430911564421,0.521885040614
125,20,0.57970644431,0.715728342608
126,20,0.598913155197,0.80340016802
127,20,0.51103840018,0.65179953641
128,20,0.17253138481,0.211924230258
129,20,0.177739139362,0.247258574306
130,20,0.0930396493925,0.124394051299
131,20,0.148287224727,0.190673543344
132,20,0.343406201497,0.399402961962
133,20,0.488944124901,0.609072278874
134,20,0.373761939557,0.453026255293
135,20,0.481483903396,0.564747278796
136,20,0.269665253677,0.31698290842
137,20,0.271688706979,0.320714772302
138,20,0.191625178937,0.257903469665
139,20,0.156606196449,0.193440057339
140,20,0.0997596650023,0.134519387893
141,20,0.0945084569321,0.124783899974
142,20,0.119111605558,0.153506716739
143,20,0.164521343532,0.225234219364
144,20,0.11495239543,0.145932184057
145,20,0.0883233112268,0.114986423636
146,20,0.174251993813,0.215010338004
147,20,0.091033301066,0.111143089438
148,20,0.111782951304,0.13977330776
149,20,0.0966336954353,0.113745026763
150,20,0.111200745093,0.132132584111
151,20,0.13724795608,0.177455327846
152,20,0.132064972652,0.162720421753
153,20,0.142486990818,0.187852713974
154,20,0.225265033548,0.30991385612
155,20,0.181451315636,0.269956478127
156,20,0.0945190548397,0.119710436604
157,20,0.19487989292,0.241611818938
158,20,0.186208312106,0.234704664247
159,20,0.155288292241,0.194336255636
160,20,0.118797426163,0.15101849822
161,20,0.164782851855,0.209429376768
162,20,0.128043829595,0.161218415196
163,20,0.147597342641,0.18694252129
164,20,0.171698902262,0.217170551439
165,20,0.131461494729,0.168058102058
166,20,0.126172343559,0.160775008805
167,20,0.12868943123,0.153942776084
168,20,0.15596120037,0.197390350094
169,20,0.111507700961,0.140205342268
170,20,0.184285599966,0.221089716701
171,20,0.144754377825,0.174451414219
172,20,0.177710927408,0.215618119348
173,20,0.209769131652,0.245552945152
174,20,0.125351414885,0.158626417565
175,20,0.150993111734,0.184124477208
176,20,0.132340420732,0.160359814618
177,20,0.100511316697,0.125919974349
178,20,0.0810908252235,0.102872032058
179,20,0.107369697067,0.126843367564
180,20,0.0784684996557,0.100075712095
181,20,0.116824138093,0.149532487901
182,20,0.122382210439,0.1469829192
183,20,0.120647401792,0.144332078776
184,20,0.0732500842599,0.086041027022
185,20,0.0850088365726,0.106685129606
186,20,0.136904299936,0.1610693706
187,20,0.130919816427,0.152041631889
188,20,0.10084706169,0.128843166465
189,20,0.174350857865,0.197856074639
190,20,0.143771735116,0.179011629413
191,20,0.215337713955,0.249081318678
192,20,0.15987739385,0.206579121525
193,20,0.090954873404,0.126127224594
194,20,0.124253269929,0.151902200638
195,20,0.0779934904313,0.0969865536334
196,20,0.206582291567,0.2651121207
197,20,0.187120908243,0.263928407466
198,20,0.164049540909,0.247344725128
199,20,0.182121298163,0.21552968267
200,20,0.185915358353,0.233093839677
201,20,0.382026673014,0.475765428961
202,20,0.395962658008,0.489228445666
203,20,0.392329171808,0.452068032146
204,20,0.354932687155,0.412193113583
205,20,0.316824222549,0.3865367704
206,20,0.462141620851,0.591616931365
207,20,0.386277624479,0.492693262508
208,20,0.423145984823,0.509687986727
209,20,0.250244768625,0.326648692994
210,20,0.560942295662,0.742591061343
211,20,1.00559240122,1.24999194644
212,20,0.576643200894,0.67486434219
213,20,0.587098056283,0.791772901969
214,20,1.34034047504,1.80013209827
215,20,0.721959023164,0.955548425697
216,20,0.678325246975,0.896502114142
217,20,0.338555432869,0.428564051938
218,20,0.329039428571,0.388348250493
219,20,0.237502279949,0.321138542851
220,20,0.191209246223,0.247579516688
221,20,0.200339427551,0.282410349589
222,20,0.198262993935,0.260032725729
223,20,0.145434474829,0.17339455703
224,20,0.140693710305,0.185618863186
225,20,0.117979191442,0.146377406679
226,20,0.157398574167,0.19743085749
227,20,0.19374191638,0.239255704831
228,20,0.334771278766,0.435943894886
229,20,0.536755292396,0.740427973376
230,20,0.583044453249,0.751405140972
231,20,0.497260627025,0.602688926242
232,20,0.647660429518,0.866288916527
233,20,0.632025143405,0.763353760011
234,20,0.539076541979,0.679744996167
235,20,0.627848008208,0.794521033354
236,20,0.353011134962,0.4314248411
237,20,0.403206435173,0.497470846473
238,20,0.364362102325,0.457356532852
239,20,0.290543263778,0.371623165277
240,20,0.231800816295,0.278206489073
241,20,0.30729145837,0.369663300769
242,20,0.278713508515,0.349782036179
243,20,0.461542280335,0.581343511209
244,20,0.693904449879,0.890016412588
245,20,0.750830065135,0.967267239056
246,20,0.414281765601,0.503966797012
247,20,0.363854500244,0.476551198486
248,20,0.356441460705,0.431719694451
249,20,0.299192526565,0.364789578996
250,20,0.292989462168,0.363089046489
251,20,0.30149555791,0.346900394287
252,20,0.153130207613,0.199208228772
253,20,0.2814248001,0.338141041372
254,20,0.172879279463,0.231386860109
255,20,0.118527975324,0.138955221992
256,20,0.114867969915,0.143313295195
257,20,0.175831421978,0.20511402387
258,20,0.108226308077,0.136067019013
259,20,0.148197209958,0.182422603863
260,20,0.153661140313,0.192158314632
261,20,0.149792260754,0.198895142518
262,20,0.22002219579,0.280381867571
263,20,0.204706777857,0.26574653874
264,20,0.269460824372,0.376262461265
265,20,0.378321020505,0.497624059339
266,20,0.282448399519,0.355393788052
267,20,0.306288824124,0.396728618811
268,20,0.265841654948,0.322043469173
269,20,0.20358325939,0.261346261566
270,20,0.256883843255,0.319036438493
271,20,0.167795245566,0.207840609137
272,20,0.168047901642,0.205790097344
273,20,0.112597940131,0.140234958132
274,20,0.153207408964,0.186373604948
275,20,0.148050240702,0.189739704241
276,20,0.30430398811,0.384889983921
277,20,0.185819366346,0.231009305014
278,20,0.093788397872,0.120878611184
279,20,0.13526613509,0.179452209013
280,20,0.177438130523,0.220144146814
281,20,0.242274075183,0.321380519517
282,20,0.202366928157,0.229141716001
283,20,0.184861428339,0.223017639883
284,20,0.127247706529,0.152789654713
285,20,0.119955599697,0.152790636737
286,20,0.131395547024,0.16642519466
287,20,0.108018133628,0.135434561526
288,20,0.132336898289,0.167665105435
289,20,0.167446788553,0.22462910212
290,20,0.131144239777,0.183061860346
291,20,0.149440585447,0.169449925036
292,20,0.130904844374,0.154367709137
293,20,0.150585538509,0.179898447628
294,20,0.09686053817,0.144720703918
295,20,0.155979151992,0.206625378726
296,20,0.129977175412,0.17821862446
297,20,0.132165716139,0.1628311751
298,20,0.15442157841,0.193834339519
299,20,0.113751158112,0.148880220475
300,20,0.140094610567,0.185754935013
301,20,0.153804272226,0.185204991267
302,20,0.110257357197,0.142273365606
303,20,0.130732790428,0.167811055977
304,20,0.0901152250756,0.114722583125
305,20,0.0971504940204,0.12841591605
306,20,0.150170825587,0.197077895216
307,20,0.0977415764232,0.126919702892
308,20,0.109876885812,0.135276383629
309,20,0.235903226373,0.310119386848
310,20,0.176265180569,0.214760043436
311,20,0.313511267917,0.374454290708
312,20,0.353016647763,0.459233843053
313,20,0.566518201409,0.70882323724
314,20,0.326816226792,0.395635924655
315,20,0.220265380568,0.27246623161
316,20,0.233633737108,0.302077931012
317,20,0.257615883159,0.316291415539
318,20,0.207197841873,0.252362068467
319,20,0.281244885402,0.361651176416
320,20,0.133267600839,0.168779163516
321,20,0.0916908009368,0.122168623106
322,20,0.12401408831,0.163443012975
323,20,0.142894572411,0.186159135704
324,20,0.140847802534,0.189678574907
325,20,0.140815743735,0.187198292972
326,20,0.16566602236,0.21180977682
327,20,0.364724125691,0.456141158206
328,20,0.415080962095,0.573860665655
329,20,0.162836486798,0.22158536519
330,20,0.176335469091,0.230252981554
331,20,0.130817711541,0.164503286399
332,20,0.358204654422,0.45014489883
333,20,0.438108212298,0.491362465828
334,20,0.395753722166,0.511915001644
335,20,0.634724591454,0.746791894427
