cycle,count,mae,rmse
5,8,0.0571366181915,0.0722579699687
6,8,0.119543581762,0.145584179958
7,8,0.127163988069,0.154540137717
8,8,0.218444096788,0.302839275858
9,8,0.262335434618,0.339530228517
10,8,0.210098867372,0.312720471919
11,8,0.453268844147,0.549010406248
12,8,0.302451890718,0.393943647907
13,8,0.210131056309,0.270914035443
14,8,0.207556405615,0.270602111162
15,8,0.202825939243,0.25342887104
16,8,0.202291628522,0.272057806424
17,8,0.274646950019,0.33220657643
18,8,0.121938021443,0.155392741847
19,8,0.209955896093,0.275366116301
20,8,0.25163032303,0.333667316384
21,8,0.557597396123,0.692496348827
22,8,0.209371623817,0.268785479774
23,8,0.261733061287,0.335191512911
24,8,0.125375129644,0.17783229686
25,8,0.353075653707,0.444425495674
26,8,0.295437883563,0.394702044643
27,8,0.229728254069,0.304997530961
28,8,0.121096804579,0.151128510397
29,8,0.353073819029,0.429933883664
30,8,0.430156561119,0.570337273656
31,8,0.209385532182,0.258291209441
32,8,0.127843842795,0.174529220525
33,8,0.15282060843,0.205624974941
34,8,0.221232381143,0.30792660773
35,8,0.547169972761,0.728818029709
36,8,0.499924118451,0.641658081121
37,8,0.256755281667,0.325520547438
38,8,0.297292048117,0.371761960336
39,8,0.416844795339,0.599304275308
40,8,0.30884290031,0.387185142939
41,8,0.511504550591,0.740630654107
42,8,0.155318474897,0.214369699284
43,8,0.181156223006,0.226192601135
44,8,0.330891692525,0.450514118719
45,8,0.238807114616,0.315460799454
46,8,0.158856224519,0.212404335893
47,8,0.178384093829,0.227857136915
48,8,0.11663237804,0.152739864946
49,8,0.188363166996,0.229569718877
50,8,0.355485322854,0.460925697598
51,8,0.283838158053,0.385728097125
52,8,0.312659990973,0.411776641946
53,8,0.295878653032,0.419955367192
54,8,0.14343621352,0.199989191955
55,8,0.55670503924,0.766667198346
56,8,0.267312884639,0.349820977144
57,8,0.274206094216,0.365789316052
58,8,0.491622752394,0.627312526615
59,8,0.487281218607,0.597677657757
60,8,0.158119163973,0.197785467935
61,8,0.247214164647,0.36913179668
62,8,0.421530501634,0.607261459291
63,8,0.380398956626,0.471119808193
64,8,0.235926581072,0.286797556734
65,8,0.719714569929,1.05324486802
66,8,0.323437502876,0.433097373101
67,8,0.702960322515,0.85377852007
68,8,0.140068850853,0.191899224667
69,8,0.698224167125,0.985714008072
70,8,0.637643187125,0.966408775887
71,8,0.353742025159,0.461703883489
72,8,0.214649572846,0.276545623474
73,8,0.536570950032,0.703987056727
74,8,0.211388067647,0.276460521199
75,8,0.0977376114311,0.131882141316
76,8,0.129124941412,0.158278057945
77,8,0.167389679899,0.202788230927
78,8,0.12102479428,0.156548927269
79,8,0.132052209705,0.17174578554
80,8,0.240247039003,0.322482796761
81,8,0.132750717741,0.179629822498
82,8,0.166989575082,0.21321272682
83,8,0.162520602143,0.212007728876
84,8,0.219238555826,0.2954328027
85,8,0.299872248184,0.385480407169
86,8,0.433193598643,0.607777451062
87,8,0.15575464775,0.217254025553
88,8,0.395442596489,0.564868429891
89,8,0.392602774834,0.523874530213
90,8,0.379178939899,0.501355043463
91,8,0.16800257322,0.24346833015
92,8,0.247275910127,0.299494229018
93,8,0.504746911486,0.640519684091
94,8,0.148156632915,0.197042870121
95,8,0.282494103503,0.387502353982
96,8,0.55766284013,0.663830533952
97,8,0.278137629929,0.3783503693
98,8,0.232894603929,0.29973659407
99,8,0.182119735316,0.220354990345
100,8,0.282248356122,0.411124100583
101,8,0.156162340002,0.209110808506
102,8,0.247724384192,0.324217921955
103,8,0.188232554519,0.245632007378
104,8,0.390684395221,0.635485018468
105,8,0.223018638554,0.266009385772
106,8,0.437815385076,0.56026939028
107,8,0.371088890696,0.507091585732
108,8,0.188104530932,0.237462686928
109,8,0.36587512858,0.508058542222
110,8,0.241782615249,0.337950815814
111,8,0.17923556296,0.227717974697
112,8,0.45249184589,0.655154438108
113,8,0.19330915116,0.265145189348
114,8,0.386986736995,0.575158255674
115,8,0.164742848684,0.224848507489
116,8,0.992779225064,1.34694564616
117,8,0.28318070464,0.359221899841
118,8,0.547235298023,0.721221612455
119,8,0.468091374434,0.568292430292
120,8,1.03855238001,1.38069163027
121,8,1.13662996665,1.446750397
122,8,0.744117196776,0.934602109307
123,8,0.867286475437,1.09566509812
124,8,0.572254477707,0.713231741616
125,8,0.507825781857,0.631419600768
126,8,0.41413861372,0.537544591882
127,8,0.798212483433,1.08263344939
128,8,0.170762133621,0.206859141469
129,8,0.167719513452,0.241883598059
130,8,0.168083038506,0.207200965325
131,8,0.270931303006,0.328828942969
132,8,0.861439053874,1.11622061132
133,8,0.788664032702,0.97348879527
134,8,0.444757004473,0.542664339516
135,8,0.594046109366,0.796279099723
136,8,0.359502733748,0.446814802345
137,8,0.362172678906,0.489100352395
138,8,0.212260511001,0.302637241083
139,8,0.249761903586,0.340284681664
140,8,0.123279771316,0.164208965714
141,8,0.18974871604,0.256790919441
142,8,0.154529913983,0.197501380347
143,8,0.488929291132,0.65840338937
144,8,0.163032146159,0.211061271329
145,8,0.297507531873,0.369735471588
146,8,0.0991669583588,0.119938688463
147,8,0.101936817785,0.131697243859
148,8,0.175761371601,0.220203885029
149,8,0.151716067335,0.173649749529
150,8,0.0982202867714,0.126097887312
151,8,0.171652309911,0.222846651784
152,8,0.111033218405,0.144738332182
153,8,0.193783460798,0.242604795912
154,8,0.218401004117,0.309024960839
155,8,0.372909795822,0.503619154363
156,8,0.150525087355,0.192646772003
157,8,0.264154715704,0.339538768595
158,8,0.249580960859,0.317252457121
159,8,0.119654130091,0.15056071504
160,8,0.198923484903,0.256018155023
161,8,0.119657659003,0.154596554957
162,8,0.224879697265,0.312999441163
163,8,0.0936918897541,0.118228343907
164,8,0.206559864261,0.288046317772
165,8,0.0947892191764,0.136938000396
166,8,0.0945218496362,0.132424585026
167,8,0.0809582888583,0.105832474209
168,8,0.167712132333,0.239075666987
169,8,0.174843372801,0.213590619762
170,8,0.17845460617,0.233563279256
171,8,0.1604471951,0.201870096387
172,8,0.436769857665,0.601505202919
173,8,0.271593309134,0.359508197125
174,8,0.102283307592,0.125115511284
175,8,0.169952789689,0.216554544968
176,8,0.155682364774,0.19795341588
177,8,0.103191057723,0.130511674596
178,8,0.322039761408,0.428216623979
179,8,0.134343134787,0.19170974757
180,8,0.20370441948,0.276596240639
181,8,0.081749890632,0.102429395005
182,8,0.0769410425368,0.0996300369336
183,8,0.107060051265,0.132082931866
184,8,0.0879871094409,0.111195735506
185,8,0.161481213314,0.206557740188
186,8,0.128696008736,0.160281261718
187,8,0.138416165323,0.175546961557
188,8,0.10181276537,0.127871804004
189,8,0.249465588368,0.316201073999
190,8,0.161142165061,0.202362296671
191,8,0.127527495791,0.162185296636
192,8,0.151561085186,0.222132708818
193,8,0.124534487208,0.145279007479
194,8,0.167499495873,0.221718288263
195,8,0.0797494001571,0.103862276714
196,8,0.18664549676,0.279441753452
197,8,0.253957531048,0.342888379636
198,8,0.214325821896,0.336676380317
199,8,0.218684854745,0.296162379111
200,8,0.283489303747,0.400909407323
201,8,0.339853602674,0.396579103717
202,8,0.900509252026,1.20482322901
203,8,1.32926034744,1.75366817697
204,8,1.26410335006,1.74250323658
205,8,1.60200867623,2.08238885714
206,8,1.186416486,1.51424580963
207,8,1.00981000907,1.33677465937
208,8,1.77275233117,2.35493224382
209,8,0.435137056611,0.572684175511
210,8,0.674673964597,0.961275649971
211,8,1.19814709287,1.52450792824
212,8,1.57180233204,2.21452774521
213,8,0.803295909511,1.11216385217
214,8,0.775963428122,1.04399718333
215,8,1.68012810059,2.16640934779
216,8,0.673396878202,0.903432569569
217,8,0.469702416928,0.610081814632
218,8,0.344573369727,0.453746761314
219,8,0.275233232729,0.388969860568
220,8,0.364986843768,0.471114212641
221,8,0.282868942989,0.370436478844
222,8,0.503601083567,0.685539163864
223,8,0.162346779595,0.217012021525
224,8,0.139076442888,0.189740455761
225,8,0.167921669856,0.199016224729
226,8,0.16122199014,0.200241027957
227,8,0.16492992984,0.215640669468
228,8,0.293715047095,0.409835528406
229,8,0.611907408055,0.785835729832
230,8,1.35364565639,1.88391340938
231,8,0.813275796928,1.08997024503
232,8,0.721743713704,0.892316115432
233,8,1.12821784344,1.36795672437
234,8,0.777918249584,0.947791059712
235,8,0.742008002973,1.00211764652
236,8,0.603363368468,0.856706153953
237,8,0.400706793748,0.510916014058
238,8,0.50062931435,0.676650224325
239,8,0.677264264266,1.070558026
240,8,0.321922398222,0.411826091116
241,8,0.922341669826,1.20875480221
242,8,0.455005985869,0.670874742401
243,8,0.701413049593,0.925352315121
244,8,0.777755045196,1.06238048923
245,8,1.41875620263,2.05968353286
246,8,0.697032130394,0.855496364114
247,8,0.84605191061,1.13341835324
248,8,0.40032604897,0.540921038074
249,8,0.646672785014,0.975113407831
250,8,0.300437925668,0.398127664134
251,8,0.380749011555,0.52791926282
252,8,0.338323592228,0.489568889344
253,8,0.421468654168,0.541428280888
254,8,0.189036986638,0.268029674427
255,8,0.140579993411,0.168060712898
256,8,0.149091283057,0.187558784038
257,8,0.282705130754,0.373079945152
258,8,0.129326716084,0.168732725539
259,8,0.0946823531881,0.129361972206
260,8,0.165562519445,0.211141613581
261,8,0.3616963718,0.469982532854
262,8,0.425036246339,0.605265757759
263,8,0.238595895778,0.300489455102
264,8,0.37496936513,0.484283796001
265,8,0.493329404561,0.662194347857
266,8,0.515489154338,0.672338062193
267,8,0.968783895647,1.46304531048
268,8,0.439537815317,0.576310065424
269,8,0.382645574492,0.47961052857
270,8,0.385266348439,0.52763256563
271,8,0.200465786269,0.287954240916
272,8,0.390529615764,0.555278386477
273,8,0.148680914952,0.182870180861
274,8,0.143490886291,0.176304193141
275,8,0.16200597673,0.202090550957
276,8,0.389667278792,0.499765075546
277,8,0.174655587942,0.229767895049
278,8,0.119934785034,0.161108267484
279,8,0.10917066293,0.138122247368
280,8,0.167551895095,0.220178812821
281,8,0.16959591275,0.229877438442
282,8,0.234785675393,0.321497123809
283,8,0.180531934048,0.222769216692
284,8,0.140405443504,0.16907028845
285,8,0.127604780648,0.16519203319
286,8,0.151817870942,0.191527361696
287,8,0.134412396158,0.183103040216
288,8,0.223389249348,0.268936328627
289,8,0.25464608421,0.333572185359
290,8,0.2076340305,0.251404333198
291,8,0.251276449924,0.310389124312
292,8,0.111775166725,0.135486017203
293,8,0.128821110922,0.172247154532
294,8,0.101214158068,0.142779755631
295,8,0.149859712588,0.197651158217
296,8,0.18185639844,0.231179889496
297,8,0.141218421208,0.185554074088
298,8,0.183856765772,0.236915513386
299,8,0.134491847473,0.176432690031
300,8,0.148997857831,0.194541551318
301,8,0.148729727679,0.183685011559
302,8,0.477661949269,0.611647033919
303,8,0.121463983664,0.152230843132
304,8,0.0928251213278,0.120114912831
305,8,0.145751384403,0.186787728236
306,8,0.121911507891,0.157126622299
307,8,0.10513185689,0.131448523095
308,8,0.106028325285,0.136767494595
309,8,0.243603647358,0.320868291382
310,8,0.164218582297,0.19888089105
311,8,0.332115754051,0.43017611898
312,8,0.587180332416,0.787770608258
313,8,0.576659252922,0.714535928636
314,8,0.457697342614,0.61138494523
315,8,0.243274571522,0.302024444686
316,8,0.495377959892,0.655413405806
317,8,0.268313844663,0.335271110145
318,8,0.217721946449,0.261548955489
319,8,0.272751816738,0.356846398451
320,8,0.243995241326,0.383640109313
321,8,0.118331149206,0.177741293668
322,8,0.122349497962,0.167074299845
323,8,0.155238276558,0.188827558719
324,8,0.164015653116,0.215971301763
325,8,0.22606327809,0.306047526432
326,8,0.285168834155,0.418332313311
327,8,0.901318703692,1.1795264787
328,8,0.397063009696,0.530662282094
329,8,0.205499851899,0.255298234271
330,8,0.186877181117,0.228055341248
331,8,0.15435793694,0.203046147408
332,8,0.334354177956,0.427986230001
333,8,0.489288129746,0.620892273149
334,8,0.903051061098,1.20415699966
335,8,0.685987215403,0.939978752305
