cycle,count,mae,rmse
50,5,1.27652800089,1.6735960234
51,5,1.45795845912,1.80120761388
52,5,5.06013742041,6.06476098171
53,5,3.32382805348,4.65745311536
54,5,1.08672002882,1.91063187256
55,5,0.833446194445,1.48331821023
56,5,1.32785203615,1.55853267428
57,5,2.60466718516,3.61562827281
58,5,3.64741329438,4.54328727468
59,5,2.26599274244,2.72671284056
60,5,2.75367735807,3.25653579411
61,5,0.922079720328,1.27455856479
62,5,0.731225774978,0.988939923962
63,5,1.6093015863,2.06547391041
64,5,1.29998400198,1.64101808382
65,5,0.895640302013,1.07379916747
66,5,1.45086461735,1.8655196143
67,5,5.02095963534,6.24178675598
68,5,0.984277512284,1.19232016214
69,5,1.1275240326,1.34654997652
70,5,1.36995183148,1.65646163182
71,5,0.997043806842,1.20240122893
72,5,0.67654651859,0.822972278247
73,5,0.911377376095,1.13521106955
74,5,2.251923998,2.76990582806
75,5,1.05379219816,1.38156065528
76,5,0.96187758873,1.1369399418
77,5,1.82014468424,2.46718118912
78,5,1.22580267643,1.49518142917
79,5,1.79395929773,2.12945281297
80,5,1.89337127276,2.20309130194
81,5,1.45913381916,1.81458250664
82,5,0.877631842381,1.01900465794
83,5,0.797441989415,1.15199161347
84,5,0.694693931892,0.890846716173
85,5,0.812491890032,1.09117700711
86,5,1.05196441433,1.26005960607
87,5,1.05487012579,1.30841151226
88,5,1.44812141693,1.98395844233
89,5,1.01262837703,1.27634359835
90,5,0.909725150796,1.24885971036
91,5,0.640520816097,0.826508506401
92,5,1.22078199007,1.52129003804
93,5,2.15897198661,2.68773172151
94,5,0.933039097989,1.21436555743
95,5,1.74232000959,2.10958149041
96,5,1.1378465293,1.50974246726
97,5,0.615576403262,0.8136182955
98,5,0.736709031726,0.893504897292
99,5,0.604856195469,0.709094168474
100,5,1.49182559838,1.70658314106
101,5,1.69222027493,1.8678479358
102,5,0.785429370155,0.942693761017
103,5,1.02879655824,1.19484915296
104,5,0.997089078848,1.32935472819
105,5,0.586882052457,0.71908790206
106,5,1.17016955279,1.4968103415
107,5,1.41722244031,1.72731306887
108,5,1.94030332426,2.28810345585
109,5,0.873205399533,1.00868072342
110,5,1.03917427853,1.37656790677
111,5,1.57695451104,1.8446119893
112,5,1.06440737367,1.29283024678
113,5,1.29966334399,1.63936269963
114,5,1.26623414107,1.5332717006
115,5,1.0465087096,1.32700733543
116,5,0.717473229758,0.921434696449
117,5,0.90962822044,1.14462710197
118,5,0.992290731402,1.27902657758
119,5,1.04093343047,1.28218950918
120,5,2.73622522258,3.28727001851
121,5,2.03872802569,2.4379912053
122,5,3.42050753394,4.2080106164
123,5,4.3744470152,5.11202288445
124,5,2.45028208479,3.07385663709
125,5,2.66390746597,3.2534825694
126,5,1.36750105873,1.79133187545
127,5,2.44338463805,3.11640545969
128,5,1.14827849591,1.40673687173
129,5,1.33403117028,1.70319735002
130,5,1.12183164316,1.41529793263
131,5,3.00185283881,3.63452956981
132,5,1.5618905115,2.15854789131
133,5,1.37626200974,1.69850236028
134,5,2.66313285249,3.16583934512
135,5,3.20925798639,4.26960744375
136,5,1.42270786072,1.76372440926
137,5,2.11822267988,3.06728937034
138,5,0.903818107065,1.17863952209
139,5,1.35593578261,1.60097219462
140,5,0.951036447036,1.18744913518
141,5,0.608962265728,0.718889745392
142,5,0.899152886797,1.18364987898
143,5,0.890138146225,1.34120127467
144,5,0.545073272154,0.697460776824
145,5,1.37251612297,1.64711845319
146,5,0.878183477026,1.11647051054
147,5,0.743119142525,0.970263922833
148,5,0.689032918596,0.90166921204
149,5,1.05262383324,1.40604132075
150,5,1.58529694918,1.87306097518
151,5,0.770050757459,0.948698433435
152,5,0.512775314899,0.693710997688
153,5,1.37034529536,1.8600950034
154,5,0.832767685135,1.04605737281
155,5,1.53704692282,1.88871335297
156,5,1.29338899969,1.68818789031
157,5,1.74485966371,2.0750838165
158,5,0.932195558012,1.24981699479
159,5,0.828224023376,1.03955740812
160,5,0.683242326278,0.839318125262
161,5,1.79879180845,2.62831442152
162,5,0.837798004838,1.05056307945
163,5,0.681230053963,0.852479439035
164,5,0.956964042338,1.15344390434
165,5,0.7495790032,0.975040467947
166,5,1.12552725138,1.35059291553
167,5,0.842713332709,1.22860589998
168,5,1.12071360328,1.47206653768
169,5,1.15096462017,1.51681905334
170,5,0.757769489636,0.934113737687
171,5,0.976797082581,1.22075006366
172,5,0.549984942888,0.698626074158
173,5,1.08004666302,1.29487246199
174,5,0.754517507111,0.92546762705
175,5,0.531841684455,0.676948448393
176,5,0.537437964479,0.669969343251
177,5,1.50498965626,1.79458245493
178,5,0.546531792722,0.680814249134
179,5,0.645683187825,0.776010833504
180,5,0.790967604101,0.976231239777
181,5,0.300012494352,0.387326522232
182,5,0.885478868152,1.0848918157
183,5,1.16289200841,1.50249574237
184,5,1.00159389211,1.23757422265
185,5,0.560048610791,0.701384468555
186,5,0.686121140091,0.833783243579
187,5,0.712734442255,0.876400178671
188,5,0.938355425836,1.18531481747
189,5,1.16412081854,1.34929074851
190,5,0.590719493357,0.788512018576
191,5,1.04333784352,1.20312351968
192,5,0.644524095007,0.780392554211
193,5,1.19037849211,1.52864811944
194,5,0.617354446443,0.746297661831
195,5,1.17724484385,1.40656004725
196,5,0.991933654557,1.12304538534
197,5,1.421229167,1.68876818313
198,5,0.735477311089,0.91505347782
199,5,0.729881584279,0.988595497694
200,5,1.06850935443,1.314368802
201,5,0.95715865918,1.168232454
202,5,1.42828046226,1.66843557019
203,5,1.26605983118,1.54180260078
204,5,1.78242101889,2.41690954995
205,5,2.13513345,2.67118419069
206,5,2.08145782806,2.71196717902
207,5,2.09449799186,2.52181128733
208,5,1.78704552136,2.12211325829
209,5,1.50832956906,1.81681874433
210,5,2.05019589908,2.71129622426
211,5,6.63991420074,8.34184703663
212,5,2.35681621669,2.91122881373
213,5,2.36200128658,2.77375139006
214,5,3.05932012019,3.90797449107
215,5,4.16796268458,4.85286329801
216,5,2.29164794687,2.83147765963
217,5,3.2053561198,4.03666957801
218,5,2.41008340905,3.0559030514
219,5,1.0720266291,1.40494693404
220,5,2.39891365043,2.71594624625
221,5,1.73864021086,2.20094721198
222,5,1.32675422056,1.57010936445
223,5,1.66957081276,2.07059489466
224,5,0.750352692539,0.955787250615
225,5,0.804440689753,1.00712720168
226,5,0.848342560889,1.04920463965
227,5,1.21625259802,1.5610012177
228,5,1.42880168595,1.81478193725
229,5,1.60467126429,1.93279375676
230,5,1.2042024194,1.55640843176
231,5,1.03336167037,1.29998438785
232,5,2.45731696453,3.03709400981
233,5,2.13537925794,2.72282609763
234,5,1.27366756386,1.56777975569
235,5,1.12941388933,1.41547657695
236,5,0.973707814662,1.137181672
237,5,0.716283183463,0.906010016075
238,5,1.06616542391,1.37353603252
239,5,0.859748788905,1.06113293585
240,5,1.28821281697,1.63180085746
241,5,1.26757363019,1.53641086022
242,5,1.25434842683,1.54169577665
243,5,2.54110382507,3.02662440061
244,5,3.27129522205,3.95005979188
245,5,2.6469563208,3.14698670679
246,5,0.925433842467,1.19219830011
247,5,1.49437682132,1.92231478184
248,5,1.69378012637,2.13388149935
249,5,1.42148325323,1.73960769088
250,5,3.56097374495,4.08118692994
251,5,2.24516714475,2.54619145443
252,5,1.47281999391,2.03712140462
253,5,3.23419950425,3.96962493385
254,5,2.15658037607,2.65523726971
255,5,0.927469486323,1.28713726637
256,5,0.942106557543,1.28804269131
257,5,2.54639983214,3.31106002702
258,5,1.1378234045,1.67473809978
259,5,1.06506885767,1.33326984088
260,5,0.727916783507,0.925294457401
261,5,0.866865843311,1.12130856784
262,5,1.80659886509,2.1773479891
263,5,1.23076666393,1.6181872393
264,5,1.6462924455,2.04435203539
265,5,1.981878023,2.26365481877
266,5,1.38717425622,1.81093204873
267,5,2.34605388123,2.94509883003
268,5,2.53677323831,2.95555717317
269,5,2.01814179514,2.37483126937
270,5,0.994752244662,1.27139520111
271,5,2.27217923805,2.84864250734
272,5,1.90578860847,2.36239526257
273,5,1.04683857936,1.43829219356
274,5,0.785996490021,1.08846432797
275,5,1.12034664861,1.3599951349
276,5,1.78241648604,2.21762775518
277,5,2.51806438833,3.05988931961
278,5,1.39348495658,1.70735542235
279,5,0.87342853333,1.18227873512
280,5,0.638179296841,0.874416578927
281,5,3.80837556247,4.48753610293
282,5,1.8952116659,2.39311338839
283,5,1.29701902523,1.62303380945
284,5,2.19497934396,2.74090222086
285,5,1.2366913304,1.46029587867
286,5,0.836712501327,1.06183416391
287,5,1.15272477273,1.41387584522
288,5,1.69349930625,2.10139575062
289,5,1.18667744832,1.60284081652
290,5,1.12053527656,1.35146438358
291,5,1.24870825064,1.51407639009
292,5,1.52068415872,1.99309452128
293,5,1.11239653993,1.30319301857
294,5,0.983347876341,1.19337497575
295,5,1.42953762382,1.74786363409
296,5,1.23236553578,1.50814043141
297,5,1.25283176338,1.48779591623
298,5,0.924251159478,1.14944285814
299,5,1.11266669046,1.40070052997
300,5,0.68879205061,0.814440680744
301,5,0.637600161422,0.805544520195
302,5,1.18217052249,1.43859131546
303,5,0.567693899086,0.652122175368
304,5,1.04667656233,1.33533544963
305,5,0.928522900397,1.14318810947
306,5,0.565967105608,0.705644259244
307,5,1.58914453454,1.99309790234
308,5,0.861146851407,1.04032366228
309,5,1.30389756647,1.62363995536
310,5,1.97756495157,2.308679002
311,5,1.21093309673,1.5838845129
312,5,1.44382814025,1.82416986978
313,5,2.85653780753,3.88858660548
314,5,1.9649953128,2.48761307824
315,5,0.864859442591,1.08912539241
316,5,1.68376003129,1.99758778535
317,5,1.33393638294,1.63607290906
318,5,0.899540184549,1.15993726917
319,5,1.40187413662,1.73530750383
320,5,2.00990380007,2.42363832154
321,5,0.8208575026,1.02961420477
322,5,1.14643316363,1.37525901742
323,5,1.99129708849,2.48506972611
324,5,0.881660187949,1.16998144069
325,5,1.55064019061,2.04001762692
326,5,1.85676837603,2.55339086309
327,5,0.947934550316,1.15678586715
328,5,1.79030190998,2.53607787651
329,5,0.803258752826,0.941581524303
330,5,1.12957470784,1.44831463305
331,5,1.69525670365,1.96135864618
332,5,1.5805492214,1.93558233198
333,5,0.850076021779,1.06011641048
334,5,1.0250217648,1.25653697353
335,5,1.69152353818,2.06149693046
