cycle,count,mae,rmse
50,5,1.60263233706,2.04105320613
51,5,1.43937180156,1.82432004849
52,5,1.71682136449,2.4755177647
53,5,1.80701482988,2.3778327657
54,5,1.10440170252,1.8317642151
55,5,0.754065162827,1.46649027871
56,5,1.2452145023,1.52738362475
57,5,1.96123287526,2.4419128662
58,5,3.05485906566,4.07115393169
59,5,2.22039214974,2.82908168602
60,5,1.52399462728,1.90941505589
61,5,0.878870098519,1.27016013061
62,5,1.05042954957,1.22654262455
63,5,2.02355840967,2.46447431989
64,5,1.18195719924,1.4050389569
65,5,0.799124734232,0.982863213551
66,5,1.57182884317,1.93400575024
67,5,3.80659307136,4.39755423062
68,5,1.34092510229,1.64264914495
69,5,0.537427293809,0.727596417042
70,5,1.44346487856,1.79015474539
71,5,0.653809159663,0.828201705301
72,5,0.708301977904,0.963338135222
73,5,1.26825457811,1.55409902376
74,5,1.22123714386,1.54048682454
75,5,0.915376912889,1.21913279879
76,5,1.75293872347,2.46481648848
77,5,1.56395806958,1.99098257817
78,5,3.25310578664,4.07666616332
79,5,1.01543116995,1.28969059391
80,5,2.06810916075,2.5280922163
81,5,1.52595399583,1.92282892397
82,5,1.89724282192,2.28879877525
83,5,1.42556438694,2.09468827127
84,5,0.536564273537,0.741964948415
85,5,0.489794982202,0.682677826005
86,5,0.640771376983,0.807069876823
87,5,0.906005151335,1.11022665775
88,5,2.30007704057,2.68248603705
89,5,1.02986820654,1.31026883439
90,5,1.02871840059,1.3206877747
91,5,0.813270105921,0.979694512701
92,5,1.09634356891,1.53769926813
93,5,1.42684160167,1.89056315448
94,5,0.940504461605,1.20175085312
95,5,1.67819997865,2.09321980974
96,5,1.69363956753,2.12234092518
97,5,0.553754460019,0.639192827945
98,5,0.549726437227,0.694538569032
99,5,0.575135497973,0.708080150021
100,5,0.503678601959,0.639247762857
101,5,1.01408494075,1.24881559057
102,5,0.979916905443,1.15242767314
103,5,0.871569347801,1.05963009452
104,5,0.523468672319,0.633582794063
105,5,0.8391381367,1.00795181789
106,5,0.737846158462,0.896972975334
107,5,0.409534685228,0.508341738637
108,5,1.49322094865,1.78964204903
109,5,0.844459245814,0.977703758935
110,5,0.63128379454,0.833989821557
111,5,1.40468310361,1.68617466541
112,5,0.648835182141,0.781147173853
113,5,0.879981792105,1.21688061435
114,5,0.761593531269,1.13546030965
115,5,1.14830690029,1.68555026735
116,5,0.564021836385,0.692098804737
117,5,0.801378860523,0.975847980335
118,5,0.898218014441,1.085239986
119,5,1.22134264224,1.48741738743
120,5,2.76309089611,3.41511366412
121,5,2.50834987654,3.14058111834
122,5,3.12263880937,3.70766855015
123,5,2.63401806595,3.2211794578
124,5,2.26246413982,2.92848508819
125,5,2.38002177413,3.0713890435
126,5,1.7701438231,2.160874819
127,5,2.1813900457,2.64143681753
128,5,0.979501458693,1.24205422065
129,5,0.992169715409,1.28457909802
130,5,0.903702840206,1.15499077907
131,5,1.5244312145,1.82089162949
132,5,1.67907834719,2.27035601333
133,5,1.32082322373,1.57481259569
134,5,2.70703148789,3.62069180593
135,5,1.42903026351,1.8519228676
136,5,1.97980672141,2.3534368158
137,5,2.12484443434,2.67412890683
138,5,1.57065296782,1.86117163196
139,5,1.31327004037,1.56649565906
140,5,0.660777664345,0.818024220121
141,5,0.848927943965,1.14129736663
142,5,0.609322658724,0.758319829603
143,5,0.874939796686,1.16699280783
144,5,0.718773618405,0.878516070228
145,5,1.50977590816,1.88545066535
146,5,0.882170522882,1.10225111069
147,5,1.05627357891,1.41242911984
148,5,0.566261225433,0.676237240558
149,5,0.656751619951,0.82411286552
150,5,0.643533916689,0.75453838526
151,5,1.33221488708,1.55803867677
152,5,1.28819222581,1.58653524272
153,5,1.94481512584,2.4845201978
154,5,0.921558947513,1.23323921214
155,5,1.28355351197,1.60370755194
156,5,0.925006029008,1.23929890578
157,5,1.30592631847,1.53842089488
158,5,1.20642999845,1.50087173495
159,5,0.655458725564,0.862106278007
160,5,0.854421193335,1.10817404182
161,5,0.962807362804,1.16824243705
162,5,0.704134149288,0.871159133308
163,5,0.788966336139,1.08215409301
164,5,0.59135375184,0.773545294878
165,5,1.37249628978,1.81540471068
166,5,1.18410902802,1.44733520456
167,5,1.23899085424,1.50843864255
168,5,1.23144811798,1.73039937247
169,5,1.9698100526,2.24106508212
170,5,1.24387290679,1.46946647422
171,5,0.526652367255,0.710481295395
172,5,1.02285843433,1.21991860863
173,5,0.84504218605,1.01103425609
174,5,0.467150963287,0.590740672087
175,5,0.436541879467,0.578471715972
176,5,0.575657074108,0.701044198402
177,5,0.428466864829,0.554833884802
178,5,0.991962931131,1.1812447121
179,5,0.517837634364,0.633085352506
180,5,0.333783972962,0.44329935874
181,5,2.98076701431,3.56997582162
182,5,1.12885148114,1.30645145916
183,5,0.664439209447,0.776713493531
184,5,0.652671132247,0.808966193067
185,5,0.891371303308,1.08059604903
186,5,0.93388660619,1.15563008547
187,5,1.79527976703,2.40122930981
188,5,0.691592176353,0.921610912651
189,5,0.686505237078,0.841512782395
190,5,0.935341865023,1.1822667543
191,5,2.12122449739,2.57017506319
192,5,0.833160576395,1.0080704953
193,5,0.794218781705,0.991759723422
194,5,0.405609829569,0.523176337029
195,5,1.17876307433,1.82788042921
196,5,0.6470041785,0.850199451698
197,5,0.998747474547,1.26888929994
198,5,0.859044122692,1.14516266461
199,5,0.830668362,1.14794951682
200,5,1.03482062991,1.28620028654
201,5,1.40338268976,1.68044738621
202,5,1.34914861183,1.69504052887
203,5,2.00616367432,2.66091872717
204,5,2.2378358179,2.70646802426
205,5,1.45846232719,1.76584232938
206,5,2.83266984134,3.50615535262
207,5,1.71171902075,2.14472439477
208,5,1.21048009628,1.49591942788
209,5,1.84907570995,2.24865550181
210,5,2.83775379988,3.36934871713
211,5,4.69497646664,5.39302267253
212,5,3.1921927989,4.09625411772
213,5,4.41533566676,5.18132572544
214,5,3.98686304208,5.09696966446
215,5,2.73197415164,3.83966771489
216,5,2.17598569904,2.63895942451
217,5,2.29998960764,2.8399782529
218,5,2.31868191994,2.93081466177
219,5,1.14640229373,1.52401960665
220,5,1.1834784794,1.46305379253
221,5,1.30511657205,1.74733762176
222,5,2.11926186101,2.59543983772
223,5,1.82383491134,2.08695585444
224,5,1.0785063229,1.36820361922
225,5,1.12024379949,1.31991393207
226,5,0.929179560389,1.19692861566
227,5,1.53340758338,1.88930147206
228,5,2.28724218548,2.92731078364
229,5,2.50522179235,2.88040922178
230,5,1.90181814511,2.2934974577
231,5,2.09179940436,2.80902484127
232,5,2.11155091143,2.62259980878
233,5,2.83159705695,3.50127443437
234,5,1.92946355967,2.33884204864
235,5,2.08781173177,2.42765549763
236,5,1.22682870799,1.53517888324
237,5,0.928457670357,1.14402407552
238,5,0.954922937504,1.09894076127
239,5,0.98009867109,1.21057143903
240,5,1.14289803567,1.44988089785
241,5,1.98446981998,2.35708511379
242,5,1.83919584233,2.15121962842
243,5,3.21126081534,3.68394504579
244,5,1.98565448404,2.39040808765
245,5,1.53316979425,2.01684249583
246,5,1.34380674844,1.63022985376
247,5,2.44088154117,3.04054098418
248,5,2.03026440642,2.48380516801
249,5,1.83181309299,2.17883108308
250,5,1.41010486426,1.76224022669
251,5,1.74881256886,2.05474684643
252,5,1.30806966748,1.68322608797
253,5,3.72272036632,4.37622240738
254,5,1.91649072077,2.67488276879
255,5,1.60036483513,1.92026420805
256,5,1.34588705132,1.87623500867
257,5,3.11577999186,3.8869335744
258,5,1.28348339748,1.53391180981
259,5,1.06651506169,1.35983989162
260,5,0.849658611548,1.09068205738
261,5,0.910741575675,1.10461566507
262,5,1.28408458719,1.52348699206
263,5,1.61807216361,2.04635437613
264,5,1.74241858286,2.15424943822
265,5,1.63354699553,1.98460411447
266,5,1.71322849241,2.03856665095
267,5,1.26276709944,1.5170878266
268,5,1.44674201425,1.81187661666
269,5,1.87128486972,2.27278481649
270,5,1.77509747127,2.19059207036
271,5,1.30013009812,1.63021478754
272,5,1.83297297207,2.43281672536
273,5,1.37905879499,1.70450009989
274,5,1.27537284583,1.61686919107
275,5,0.92809699277,1.13247337151
276,5,2.34205847754,2.82984182151
277,5,0.763127178086,0.987026994775
278,5,0.826126766873,1.03163245218
279,5,0.719273641327,0.912584222904
280,5,1.59769151448,1.81863215851
281,5,1.00624193174,1.25437972701
282,5,1.50352972978,1.76785665778
283,5,0.970022863801,1.17360607003
284,5,1.33522274728,1.59933263938
285,5,1.17347824279,1.50282352195
286,5,1.01871503318,1.31670439313
287,5,0.998434363067,1.17086639978
288,5,2.16349284866,2.57024729301
289,5,1.51141283485,1.97422440047
290,5,1.83992363224,2.2698310288
291,5,1.10085802343,1.34038864662
292,5,0.926787046425,1.12594363893
293,5,0.818483719408,0.983592306569
294,5,0.966164696329,1.18706652456
295,5,1.78445291249,2.16251906144
296,5,1.66305682637,2.03070974716
297,5,1.55706680038,1.96606168629
298,5,1.60321033106,1.93600321772
299,5,0.853481448524,1.03805290484
300,5,0.698970258826,0.906619609288
301,5,0.862105207018,1.05688998756
302,5,0.835414089334,0.998655563098
303,5,0.83818242921,1.11054687269
304,5,1.00476293355,1.21583721024
305,5,1.91197356557,2.26792423513
306,5,0.671138203903,0.818592123502
307,5,2.07296780436,2.46517581346
308,5,1.02720918589,1.26161556959
309,5,1.87414810744,2.24546243445
310,5,2.24442937015,2.74151765148
311,5,1.29611623854,1.69921587483
312,5,1.48751418788,1.89377466778
313,5,2.01453223403,2.50645206504
314,5,1.75382243059,2.08294352829
315,5,2.89211663631,3.58458934144
316,5,2.83329289231,3.62105849363
317,5,1.62079718458,1.99584281249
318,5,1.81924915451,2.15443001849
319,5,2.25810784715,2.74369546369
320,5,1.17852683179,1.41373125089
321,5,1.8282099105,2.12140496598
322,5,1.42335295667,1.63192821159
323,5,1.17389435204,1.38090919114
324,5,0.67519897916,0.823477681919
325,5,2.0206916065,2.4866431149
326,5,0.756996483331,0.937425426305
327,5,1.584979819,1.91655300225
328,5,1.72568650065,2.0429625763
329,5,1.19682034342,1.44267127688
330,5,0.954334841328,1.22061809291
331,5,1.19992664578,1.45127002419
332,5,1.46436646741,1.76248972032
333,5,1.35875101615,1.88326570547
334,5,0.839759425457,0.989635520138
335,5,1.50535611295,1.82426700971
