cycle,count,mae,rmse
5,9,0.178105515227,0.211739697878
6,9,0.147009075928,0.191974926084
7,9,0.131680791694,0.168072402485
8,9,0.13036388115,0.175156373726
9,9,0.219922316088,0.274566211723
10,9,0.211444490706,0.263616568658
11,9,0.294541137506,0.351537496389
12,9,0.29983659461,0.3522127117
13,9,0.208405820857,0.248223184705
14,9,0.193660943508,0.237274841917
15,9,0.1200995206,0.139176103057
16,9,0.186720148925,0.223234098214
17,9,0.224197045226,0.272424858092
18,9,0.182686638481,0.218987661575
19,9,0.228965537703,0.258548891034
20,9,0.125592026017,0.163400649769
21,9,0.140423211484,0.1825373332
22,9,0.207342370934,0.251902266316
23,9,0.113927774949,0.144167190776
24,9,0.143471866916,0.166901064563
25,9,0.158583578037,0.200718567101
26,9,0.269193060191,0.339567873776
27,9,0.2026791491,0.247624552849
28,9,0.15230968988,0.199527985499
29,9,0.212113203602,0.253404365979
30,9,0.12093600948,0.145717623421
31,9,0.106873543881,0.134030954748
32,9,0.135780484286,0.162736602518
33,9,0.177794392592,0.22701477832
34,9,0.269816713458,0.317925869756
35,9,0.372903483728,0.426902443298
36,9,0.281609225465,0.420448588668
37,9,0.256570187935,0.388884843568
38,9,0.273876599026,0.332985769476
39,9,0.261341377999,0.369988264999
40,9,0.318850749977,0.391169027754
41,9,0.417447264804,0.473189778938
42,9,0.134226863282,0.172111585998
43,9,0.145443125336,0.180821079821
44,9,0.156985465973,0.19755857209
45,9,0.235892884606,0.308905559657
46,9,0.174925661554,0.236478305017
47,9,0.177401189755,0.230760681567
48,9,0.176133637711,0.208764882925
49,9,0.126705230555,0.161214419681
50,9,0.156183733651,0.186694634291
51,9,0.134067770894,0.160840354424
52,9,0.102376634106,0.123912204268
53,9,0.169321809698,0.219692839745
54,9,0.174081118225,0.215324803198
55,9,0.111970316849,0.146886808374
56,9,0.149513432,0.193293076718
57,9,0.136235546532,0.190844679298
58,9,0.244777901749,0.307192051783
59,9,0.210057056706,0.264712715301
60,9,0.160407927744,0.222788389085
61,9,0.12165580771,0.149971385816
62,9,0.161073822721,0.195527154854
63,9,0.180334943236,0.250494982896
64,9,0.292712051901,0.372735737086
65,9,0.205714909902,0.267347444905
66,9,0.369414536528,0.458738910449
67,9,0.686334634453,0.788781642662
68,9,0.122335230201,0.152520772541
69,9,0.154100681436,0.185895763301
70,9,0.338946099714,0.425939235217
71,9,0.23741081118,0.277946183587
72,9,0.188860796242,0.242709578311
73,9,0.313920909765,0.412305997267
74,9,0.108673664924,0.140601199141
75,9,0.16996478617,0.205352133267
76,9,0.121719754572,0.144309690292
77,9,0.135948021915,0.195856386553
78,9,0.123296900449,0.156464667794
79,9,0.109168002433,0.136031325024
80,9,0.147497091555,0.17559871321
81,9,0.110208284291,0.141493922479
82,9,0.14753293951,0.182913577709
83,9,0.166983036001,0.209728639564
84,9,0.136672625006,0.164477470698
85,9,0.127509526974,0.159784450511
86,9,0.114140869119,0.138461829967
87,9,0.150091276165,0.186589152304
88,9,0.27131300762,0.302673040044
89,9,0.159526278359,0.197413359286
90,9,0.274993182214,0.355712218192
91,9,0.153409790981,0.209699685768
92,9,0.203695126942,0.242078530997
93,9,0.211416168538,0.275084429218
94,9,0.17331158058,0.20788683165
95,9,0.254314505926,0.305182412847
96,9,0.3924388873,0.451424410222
97,9,0.108243522997,0.138059155218
98,9,0.172330799543,0.20057371217
99,9,0.10259050837,0.133086031317
100,9,0.130430936076,0.162398600405
101,9,0.135365117121,0.158623312243
102,9,0.174096366872,0.202266985793
103,9,0.230586720885,0.276645931165
104,9,0.19336550551,0.225680328237
105,9,0.147575803145,0.184839619741
106,9,0.286752740467,0.312567680929
107,9,0.184884340123,0.219443675668
108,9,0.142834296388,0.181722745388
109,9,0.239435898331,0.297063663425
110,9,0.342353380868,0.416886378374
111,9,0.219863321173,0.260663962799
112,9,0.187963578225,0.235529006162
113,9,0.224540670301,0.304717442567
114,9,0.212053253066,0.278736627061
115,9,0.181783712156,0.221408264589
116,9,0.195340199368,0.236541782831
117,9,0.150003450009,0.190254790233
118,9,0.208468219351,0.257681052783
119,9,0.280935153538,0.336296152343
120,9,0.641069954089,0.805642717418
121,9,0.601933428474,0.704779175314
122,9,0.642409274314,0.812554074709
123,9,0.61153334284,0.707310673684
124,9,0.455510880088,0.544098304831
125,9,0.530363159896,0.604879388614
126,9,0.492071493716,0.662089532888
127,9,0.468829352081,0.633990832133
128,9,0.204886413548,0.252616910846
129,9,0.172548373672,0.242267009127
130,9,0.145381569507,0.17711373498
131,9,0.165695522359,0.209303247064
132,9,0.300756012029,0.371603579005
133,9,0.572859947842,0.670405492535
134,9,0.469506528255,0.565197409049
135,9,0.487934652041,0.560553574961
136,9,0.335207782392,0.419628315695
137,9,0.343811958691,0.403203307293
138,9,0.205003138058,0.287828371155
139,9,0.181053064661,0.222343766688
140,9,0.125383756336,0.15415893217
141,9,0.140690974099,0.176040254725
142,9,0.155937709687,0.186112552738
143,9,0.15915191068,0.223434880768
144,9,0.160480332239,0.196653504722
145,9,0.12192530658,0.152865570964
146,9,0.150695669988,0.17798532309
147,9,0.120832035536,0.160182997101
148,9,0.122353261399,0.156427013775
149,9,0.13522378126,0.163150670613
150,9,0.124163814603,0.156445434998
151,9,0.113973464362,0.144706827002
152,9,0.131052201059,0.162375690577
153,9,0.155115460192,0.205547291141
154,9,0.165942757793,0.258422875204
155,9,0.202917198195,0.273106984012
156,9,0.112432791707,0.141260769634
157,9,0.252303348669,0.295709983653
158,9,0.25803084585,0.294993482759
159,9,0.119829619903,0.162538504209
160,9,0.16070296668,0.205460256181
161,9,0.168979948167,0.200654082326
162,9,0.151088385591,0.184932010599
163,9,0.164652324623,0.20135752896
164,9,0.184869360096,0.233481940599
165,9,0.197315903643,0.239413788802
166,9,0.182471004778,0.225719475327
167,9,0.180176875221,0.225960495588
168,9,0.152012584953,0.182989442387
169,9,0.126989679765,0.170438909787
170,9,0.215001033458,0.260972584753
171,9,0.138748225592,0.172482269654
172,9,0.152806254182,0.185353835825
173,9,0.151500871258,0.179987825216
174,9,0.147545578089,0.171419994525
175,9,0.138738172755,0.171597036361
176,9,0.151567303152,0.19490336127
177,9,0.129915584768,0.163112558357
178,9,0.111491882282,0.139958486907
179,9,0.132356025374,0.166536211495
180,9,0.127914932007,0.155155083296
181,9,0.123551689348,0.152102303127
182,9,0.120052810964,0.144854281455
183,9,0.132599924233,0.166722327586
184,9,0.128539899946,0.163886650459
185,9,0.112938702545,0.142368726102
186,9,0.131359238356,0.166887064651
187,9,0.119842353176,0.155328564697
188,9,0.178890238664,0.213062797288
189,9,0.118844339586,0.155064716621
190,9,0.162373048575,0.207388524338
191,9,0.171769980097,0.231082298528
192,9,0.148272767662,0.192293806705
193,9,0.166916702551,0.205978093507
194,9,0.143168817842,0.177814186522
195,9,0.116315586974,0.140914305084
196,9,0.173740661969,0.238140818201
197,9,0.239403568052,0.313060943452
198,9,0.183388557858,0.303746870205
199,9,0.154884984594,0.23716339992
200,9,0.258554191273,0.32957543503
201,9,0.410850981341,0.49721514279
202,9,0.586525205303,0.676085839578
203,9,0.538745248628,0.635523683198
204,9,0.47027684777,0.574249131446
205,9,0.709791978084,0.827014542028
206,9,0.676062554545,0.859434906159
207,9,0.548349279118,0.663721629029
208,9,0.858902878132,1.056923911
209,9,0.510960579905,0.653708868428
210,9,0.655092012753,0.766311841368
211,9,0.906245802556,1.08891157523
212,9,0.461264182925,0.543022444473
213,9,0.544344012874,0.66224052995
214,9,0.80841653518,0.984048142652
215,9,0.648918856874,0.805153510276
216,9,0.572202911343,0.717464881195
217,9,0.369259724709,0.440578977602
218,9,0.265999066772,0.333541937541
219,9,0.241108378317,0.328225008562
220,9,0.208952272656,0.28275919222
221,9,0.279492635033,0.350894985006
222,9,0.223924382859,0.289573185395
223,9,0.177067367553,0.235937656927
224,9,0.182102356674,0.23131114797
225,9,0.154841312713,0.196520554909
226,9,0.196947604343,0.250675449423
227,9,0.203965226299,0.258343246278
228,9,0.283512555582,0.382445577634
229,9,0.520418286993,0.657597690521
230,9,0.594276345984,0.68921247288
231,9,0.518007010938,0.629566526776
232,9,0.87773360019,1.09069579021
233,9,0.783266530491,0.966429212824
234,9,0.711066090634,0.822009462856
235,9,0.689290268864,0.80963128322
236,9,0.521145118962,0.616093170837
237,9,0.51696617076,0.637439480447
238,9,0.4829371858,0.582330494501
239,9,0.484780300912,0.601606361776
240,9,0.359898172865,0.456489258036
241,9,0.368550155973,0.460527817992
242,9,0.538688104459,0.665056408548
243,9,0.628499230568,0.753257672517
244,9,0.868283653546,1.05217679016
245,9,0.918087218067,1.05241972512
246,9,0.767043615218,0.899331068841
247,9,0.614582016325,0.756174722289
248,9,0.562450083381,0.670834781196
249,9,0.522772400057,0.602312402751
250,9,0.453267595688,0.565021906127
251,9,0.432830608618,0.512181457217
252,9,0.313150046,0.412880923935
253,9,0.31181524035,0.356557942257
254,9,0.174965707353,0.227742547634
255,9,0.109121492481,0.134872564928
256,9,0.129882397485,0.171561633622
257,9,0.229068594793,0.264438606544
258,9,0.129535372197,0.169925137674
259,9,0.118008055772,0.144592754181
260,9,0.202041867021,0.234044447735
261,9,0.194429610698,0.258537029514
262,9,0.229144145602,0.296554527305
263,9,0.216769701794,0.268374145345
264,9,0.451995032314,0.576376654473
265,9,0.330063512048,0.417973700605
266,9,0.340976475228,0.431503474509
267,9,0.316705605616,0.403696343928
268,9,0.285327761455,0.367975555226
269,9,0.278853108552,0.338535834174
270,9,0.255694998265,0.316475302034
271,9,0.237085630346,0.298469507036
272,9,0.198836438284,0.24627980277
273,9,0.174185519138,0.208752915568
274,9,0.188633698244,0.230055802005
275,9,0.144612748294,0.178258320371
276,9,0.282339488354,0.362735166907
277,9,0.17312002541,0.210713816553
278,9,0.148515389747,0.18921265856
279,9,0.153148781033,0.19807326729
280,9,0.183526417379,0.239439469622
281,9,0.18445703561,0.237735177116
282,9,0.17988240393,0.229185841035
283,9,0.152608849677,0.209158703952
284,9,0.166439171924,0.20378378939
285,9,0.15592656373,0.200179281056
286,9,0.187655741708,0.222638371314
287,9,0.183810805673,0.233196610972
288,9,0.157406821445,0.203329018781
289,9,0.170890828166,0.210166179112
290,9,0.14505226918,0.189979387644
291,9,0.137088316599,0.173040578
292,9,0.137144264289,0.173534936104
293,9,0.143600394689,0.183572967191
294,9,0.143465191322,0.18773590148
295,9,0.196171617385,0.245728602281
296,9,0.151632734738,0.183218365651
297,9,0.133090721326,0.171111316219
298,9,0.141636232827,0.179012927362
299,9,0.20817956286,0.246869863953
300,9,0.148045002145,0.187628112228
301,9,0.113972756884,0.146740473868
302,9,0.129315797872,0.1718569862
303,9,0.152771004021,0.183030773571
304,9,0.145098515846,0.178691854915
305,9,0.142293620386,0.175017710727
306,9,0.118466082884,0.142409231492
307,9,0.149265879469,0.182357450469
308,9,0.153851761181,0.19453012595
309,9,0.225006041573,0.285897856934
310,9,0.233077370289,0.301884566932
311,9,0.2937136981,0.362391905662
312,9,0.330795058011,0.421487720486
313,9,0.586972496302,0.728432297451
314,9,0.262393606657,0.329299972651
315,9,0.258314601209,0.312040374905
316,9,0.250070369346,0.316668992411
317,9,0.280560415074,0.371826132387
318,9,0.228432873428,0.280017298354
319,9,0.306076891141,0.379850164545
320,9,0.209159745863,0.250821133745
321,9,0.166632821851,0.206383683058
322,9,0.13044644227,0.154590321838
323,9,0.136254297817,0.169308825623
324,9,0.135707623799,0.172106224245
325,9,0.132834060716,0.172267381703
326,9,0.176140539347,0.217441128622
327,9,0.420895327868,0.503825557568
328,9,0.223169056772,0.291597260162
329,9,0.164064344225,0.210064401665
330,9,0.150956863189,0.199686733596
331,9,0.13456892272,0.16281696695
332,9,0.342213863297,0.400524375435
333,9,0.4486911988,0.505984602117
334,9,0.585046885448,0.758322550775
335,9,0.61916628086,0.754761918811
