cycle,count,mae,rmse
50,15,0.097459639284,0.121169954125
51,15,0.122485293603,0.149734328047
52,15,0.178459357917,0.219567332802
53,15,0.124446178923,0.153566407907
54,15,0.109512621671,0.134677440438
55,15,0.142895492999,0.193712155907
56,15,0.109780178483,0.135457486305
57,15,0.165880791052,0.203981816642
58,15,0.243396707815,0.301348591669
59,15,0.172527367194,0.204169623058
60,15,0.116071158831,0.145613052286
61,15,0.177451650712,0.225495400372
62,15,0.206192575419,0.245254006323
63,15,0.166853852999,0.212049785952
64,15,0.237687132776,0.29206906772
65,15,0.164675829952,0.20584976863
66,15,0.329007153135,0.4409275751
67,15,0.378976109453,0.461751366758
68,15,0.217459602561,0.262878395055
69,15,0.333953718779,0.374363048913
70,15,0.333692514274,0.445099219161
71,15,0.276067231981,0.337212283492
72,15,0.228821525036,0.279666927781
73,15,0.404487008768,0.552331130987
74,15,0.159417489856,0.197129225378
75,15,0.106193754784,0.12669842915
76,15,0.174551845913,0.22087811443
77,15,0.179523512513,0.235776971344
78,15,0.130994141122,0.162772584041
79,15,0.106868191281,0.135291043044
80,15,0.113179982904,0.136849982621
81,15,0.163149422571,0.2028199274
82,15,0.149516698844,0.193364641081
83,15,0.267905069974,0.310438902768
84,15,0.136530853988,0.169313862607
85,15,0.152800157909,0.185837147436
86,15,0.159684281449,0.196078441401
87,15,0.127562487361,0.161254784022
88,15,0.250115939893,0.323950543657
89,15,0.136397738326,0.169359491278
90,15,0.195211179699,0.249197359541
91,15,0.171078483156,0.209269268687
92,15,0.143860924018,0.177281780793
93,15,0.203890419532,0.26896021005
94,15,0.100644298943,0.120138777005
95,15,0.147126789612,0.182620128031
96,15,0.289822785273,0.364302505364
97,15,0.11957832552,0.147395714808
98,15,0.145201996732,0.174858658163
99,15,0.202976577085,0.251559385745
100,15,0.227305449735,0.271483716457
101,15,0.132086053257,0.163458645167
102,15,0.206569712961,0.247452330944
103,15,0.131806987871,0.165282060368
104,15,0.126147938204,0.164493880299
105,15,0.170518908597,0.21345293231
106,15,0.277182143109,0.313186779772
107,15,0.207452190479,0.247739146024
108,15,0.185091626337,0.226164457516
109,15,0.180233528643,0.227540106576
110,15,0.180300388286,0.240341509349
111,15,0.172234833011,0.228412451128
112,15,0.166433955272,0.20217059196
113,15,0.146780442473,0.189149155754
114,15,0.157306134373,0.207566787596
115,15,0.111345785833,0.136825957418
116,15,0.353435680473,0.433598890592
117,15,0.213848593056,0.273619270289
118,15,0.265916672249,0.309603106321
119,15,0.321508058618,0.417053993559
120,15,0.85558076153,1.13580895979
121,15,0.639607374592,0.773843223664
122,15,0.805262822812,0.983755480092
123,15,0.539423119604,0.635143110464
124,15,0.549760366815,0.7336803913
125,15,0.508424692998,0.597225461612
126,15,0.466456646795,0.590917159868
127,15,0.473763317484,0.629166334892
128,15,0.156856450655,0.198636016839
129,15,0.196046146374,0.25527910973
130,15,0.113975874562,0.139327272838
131,15,0.132377784737,0.182734927671
132,15,0.283580699327,0.361122974658
133,15,0.374585311729,0.442094073789
134,15,0.548878537329,0.651606451905
135,15,0.369282937998,0.432067868981
136,15,0.309811496932,0.361230207699
137,15,0.234755252537,0.282157171204
138,15,0.242325989582,0.308795353812
139,15,0.18224307658,0.234581292529
140,15,0.11503034576,0.141402052049
141,15,0.142826024809,0.19155897493
142,15,0.151827159955,0.189018656253
143,15,0.173250206357,0.226631008853
144,15,0.141583249236,0.175439906898
145,15,0.109239716924,0.135885076256
146,15,0.108119117288,0.134311944614
147,15,0.219133854779,0.265611629431
148,15,0.12785215392,0.152672113438
149,15,0.122435644168,0.15268874782
150,15,0.210996352153,0.262000593541
151,15,0.145962462913,0.179355743983
152,15,0.126431720993,0.155984861286
153,15,0.178331730824,0.226065744304
154,15,0.174553855065,0.270411660906
155,15,0.225411050877,0.30489357841
156,15,0.112583842727,0.145157939046
157,15,0.210086315929,0.24613234484
158,15,0.151939223963,0.195430375473
159,15,0.110728356035,0.135801041816
160,15,0.144359763192,0.181163455404
161,15,0.0949077245676,0.12756903742
162,15,0.123838847022,0.14947098452
163,15,0.183351864347,0.236895710719
164,15,0.139681016811,0.186345924146
165,15,0.152589940566,0.192853292405
166,15,0.109903469925,0.144324003657
167,15,0.147153455772,0.175288845578
168,15,0.121015068089,0.14683577316
169,15,0.117450142249,0.143271040529
170,15,0.140482140764,0.17505138534
171,15,0.205510305564,0.251111342692
172,15,0.215583223448,0.257873703449
173,15,0.199046919329,0.233494425599
174,15,0.125800698666,0.154623695431
175,15,0.110318307894,0.141465193409
176,15,0.0820396629533,0.103120253806
177,15,0.0704707117731,0.0902394514299
178,15,0.118001297096,0.14662254643
179,15,0.127517971158,0.144175303058
180,15,0.114173913953,0.143947817655
181,15,0.101170370413,0.129699142937
182,15,0.0913112336908,0.112115463369
183,15,0.116643594631,0.140082378452
184,15,0.0968013047849,0.119619370916
185,15,0.10677315907,0.133294861122
186,15,0.136329361101,0.160050394118
187,15,0.151910393591,0.19071057592
188,15,0.15108114367,0.17773723671
189,15,0.160207573278,0.180997558277
190,15,0.128740459751,0.175884129721
191,15,0.145598134914,0.177966758844
192,15,0.152123014838,0.175905112206
193,15,0.137554486221,0.175863930202
194,15,0.107530591243,0.131355471332
195,15,0.0959303077505,0.113019968942
196,15,0.174048044648,0.244347852431
197,15,0.313341333709,0.377209853447
198,15,0.281125420647,0.344202464773
199,15,0.165524748067,0.233521130003
200,15,0.238512328157,0.308466360792
201,15,0.349402250429,0.411616366875
202,15,0.435649750016,0.519496967011
203,15,0.430107745313,0.546034138784
204,15,0.464902474877,0.613594152748
205,15,0.403851599435,0.478889317734
206,15,0.66006937639,0.801568213761
207,15,0.532992742469,0.642100022234
208,15,0.733790426206,0.877564740077
209,15,0.321730958471,0.38814241385
210,15,0.442592575078,0.53015781417
211,15,0.998396575329,1.23596904646
212,15,0.52276953223,0.667254999051
213,15,0.598444300229,0.691938745399
214,15,0.713471450354,0.989519395049
215,15,0.791901607902,1.06438964063
216,15,0.88161430396,1.10590958636
217,15,0.512022080666,0.617913574381
218,15,0.332602776037,0.41009844288
219,15,0.203308503634,0.273136034238
220,15,0.291566764251,0.386377629429
221,15,0.24670204455,0.329384827522
222,15,0.188380089965,0.24468674182
223,15,0.119494764349,0.144630986039
224,15,0.15042491668,0.202298764282
225,15,0.143769438308,0.176637073037
226,15,0.171564800295,0.216764122928
227,15,0.248974600826,0.325588453977
228,15,0.410014863146,0.494271190865
229,15,0.742399220498,0.921111062863
230,15,0.619920718611,0.77849617619
231,15,0.299556299258,0.380860263706
232,15,1.01493334392,1.23425394476
233,15,1.08281261502,1.32737612496
234,15,0.73758990641,0.925038974897
235,15,0.502271747025,0.62118938667
236,15,0.530609963666,0.62718182535
237,15,0.348930792186,0.437512818322
238,15,0.441253117304,0.535827179728
239,15,0.293269990949,0.369571738175
240,15,0.260938213028,0.350105847174
241,15,0.43485998311,0.558105973206
242,15,0.675464240196,0.883820602835
243,15,0.754857263503,0.961690980563
244,15,1.10724020058,1.30571483932
245,15,0.574403316933,0.690957077204
246,15,0.607771471985,0.726866062569
247,15,0.372737568708,0.47581517605
248,15,0.365428961274,0.475865813189
249,15,0.48466317088,0.582683368194
250,15,0.293957367205,0.370303960821
251,15,0.233547349286,0.287732642515
252,15,0.177244365385,0.216133710075
253,15,0.303636221699,0.341815213261
254,15,0.175235154832,0.2238858803
255,15,0.0969095950793,0.121840370172
256,15,0.127917972294,0.163066914323
257,15,0.149670795888,0.18556826143
258,15,0.129554593906,0.169496437089
259,15,0.211633539187,0.259709204624
260,15,0.208845712741,0.244424290122
261,15,0.170872331671,0.22082632447
262,15,0.245751300845,0.296800554646
263,15,0.248060358588,0.32220864852
264,15,0.338145734212,0.482069190453
265,15,0.427688009692,0.512899634088
266,15,0.336162531341,0.410584603415
267,15,0.320738575147,0.391303720158
268,15,0.262860017003,0.317959662552
269,15,0.271103711745,0.346791019273
270,15,0.225996842447,0.275749821573
271,15,0.196439831436,0.228299845932
272,15,0.199731759855,0.247723233767
273,15,0.088466719108,0.107350517465
274,15,0.182579237141,0.226295998962
275,15,0.146207271838,0.191501619885
276,15,0.485588321797,0.598264094828
277,15,0.209414138285,0.269405075399
278,15,0.143627991805,0.190443696588
279,15,0.149020761966,0.199832704111
280,15,0.147204875997,0.185985138023
281,15,0.219409704437,0.277946382228
282,15,0.225386062427,0.256702016122
283,15,0.205287269792,0.238709615507
284,15,0.165040087705,0.194218285998
285,15,0.132328729539,0.169855813968
286,15,0.117873414137,0.149665988206
287,15,0.170784234774,0.207651111846
288,15,0.165983685296,0.233067029758
289,15,0.143652914961,0.191299138556
290,15,0.151859608304,0.198735553069
291,15,0.163675890465,0.208119598354
292,15,0.0994341540204,0.118213208968
293,15,0.115026124729,0.141009173002
294,15,0.113798746133,0.156794311211
295,15,0.159548998449,0.199766792918
296,15,0.128582484171,0.154641040787
297,15,0.127893996142,0.151795722198
298,15,0.173108386271,0.219680690899
299,15,0.141878516624,0.176577864582
300,15,0.139229382698,0.183364846074
301,15,0.127713539919,0.161876225418
302,15,0.118314417469,0.155020114627
303,15,0.157786248438,0.188896673898
304,15,0.162811433195,0.195385449475
305,15,0.131383913847,0.17837993376
306,15,0.143139592594,0.166925024214
307,15,0.183577320287,0.245055214529
308,15,0.137404594131,0.167946249685
309,15,0.21190017332,0.273014038431
310,15,0.155328496393,0.196131023474
311,15,0.225236333654,0.282521884325
312,15,0.415733468038,0.493212790737
313,15,0.522592261638,0.70126723534
314,15,0.301509750963,0.410654514677
315,15,0.230879768302,0.284580168528
316,15,0.194614159249,0.259014250604
317,15,0.228164693506,0.305450227
318,15,0.17116479865,0.211750132451
319,15,0.265497712159,0.346597968466
320,15,0.161288258728,0.205501024901
321,15,0.135259391028,0.174219877788
322,15,0.124792148602,0.163353704145
323,15,0.198849172563,0.255375158994
324,15,0.177736902312,0.23306624435
325,15,0.177939803856,0.22283569827
326,15,0.188145107198,0.242130731394
327,15,0.447894646133,0.564234253309
328,15,0.290045287448,0.378496337827
329,15,0.181748850292,0.244442903777
330,15,0.188356833235,0.228994429719
331,15,0.248342298552,0.314162284872
332,15,0.310361545844,0.386859124734
333,15,0.517396685933,0.608661016772
334,15,0.800279500404,0.959342248782
335,15,0.617589932057,0.750800868002
