cycle,count,mae,rmse
50,15,0.100186527145,0.123521902613
51,15,0.0924640801212,0.115879792336
52,15,0.10100490318,0.12308427857
53,15,0.103259934326,0.127212481706
54,15,0.0930260872189,0.111712030344
55,15,0.124395396818,0.167612806468
56,15,0.113854051443,0.14400193131
57,15,0.104044125905,0.13363067279
58,15,0.141595555843,0.177333268385
59,15,0.286587488388,0.33936492516
60,15,0.104162060601,0.132684068943
61,15,0.236353160864,0.280318082665
62,15,0.13556925739,0.165587389155
63,15,0.208284899222,0.253770254761
64,15,0.216807573111,0.265805824859
65,15,0.164658120172,0.201181829548
66,15,0.249667245803,0.322549005036
67,15,0.575947320446,0.675192868684
68,15,0.178132870839,0.227434602497
69,15,0.224999306998,0.275418692742
70,15,0.309857053941,0.400306778843
71,15,0.297203402881,0.368179054753
72,15,0.163119359951,0.204939417008
73,15,0.444283158077,0.592820311344
74,15,0.147050670729,0.182283152754
75,15,0.0923573633187,0.113940491738
76,15,0.144826673198,0.186794060843
77,15,0.148298581216,0.202126459287
78,15,0.140885709572,0.176795314087
79,15,0.108825344138,0.136931876802
80,15,0.171560680189,0.210446303601
81,15,0.0964105835372,0.119741851346
82,15,0.168926444353,0.21642613663
83,15,0.21437921837,0.247343026059
84,15,0.171720760457,0.215293600195
85,15,0.104936966792,0.12736887012
86,15,0.179856113114,0.215692017608
87,15,0.135390024026,0.174839275705
88,15,0.204466424142,0.239950676075
89,15,0.113992566837,0.144264116882
90,15,0.212349602079,0.282819293691
91,15,0.116023831806,0.147228614055
92,15,0.138526011323,0.164786988735
93,15,0.185626940955,0.225929583393
94,15,0.130221346249,0.160812299312
95,15,0.112606248321,0.145514359925
96,15,0.287712620759,0.37260449275
97,15,0.12860298603,0.157745345376
98,15,0.1007003286,0.126032614797
99,15,0.0896339196977,0.113934732585
100,15,0.188304250847,0.232662091312
101,15,0.134624729333,0.163173060579
102,15,0.148767758818,0.187535172174
103,15,0.112247457485,0.14422232862
104,15,0.13285008546,0.165318601844
105,15,0.14613766966,0.183699942886
106,15,0.181094877874,0.230247040335
107,15,0.164841991454,0.198616971821
108,15,0.169856247822,0.205695510468
109,15,0.126194012381,0.163928764905
110,15,0.194007124227,0.262342602563
111,15,0.186505280044,0.22478163229
112,15,0.14005763219,0.164454576942
113,15,0.134309732812,0.172933701277
114,15,0.241865638996,0.293011651895
115,15,0.118053118424,0.146035980198
116,15,0.180135764612,0.227411507051
117,15,0.190134832913,0.226189607944
118,15,0.264865525799,0.327275189576
119,15,0.305821136889,0.424034120439
120,15,0.699503043139,0.88967776688
121,15,0.672868054877,0.861842426962
122,15,0.803583412661,1.02577353238
123,15,0.508790087856,0.692652027168
124,15,0.471265215341,0.606469472099
125,15,0.657164501686,0.825422381207
126,15,0.518004300627,0.688309487071
127,15,0.860243492034,1.07362180794
128,15,0.235626199709,0.291182931258
129,15,0.188205334805,0.257672722417
130,15,0.131154980383,0.16645942485
131,15,0.168067685625,0.231770188987
132,15,0.396341104729,0.457517821165
133,15,0.433298687838,0.519545237176
134,15,0.356729150032,0.425840628776
135,15,0.380353572206,0.442651580419
136,15,0.237975635797,0.282394175132
137,15,0.257380270645,0.337316767216
138,15,0.182453255775,0.251905488842
139,15,0.155330718943,0.196699508189
140,15,0.138782264196,0.17760291313
141,15,0.112138280352,0.133953277218
142,15,0.126522591682,0.166899028943
143,15,0.144841239709,0.196382285984
144,15,0.106242511064,0.136331254417
145,15,0.140913719812,0.169099566668
146,15,0.115176044705,0.148591833792
147,15,0.124454594115,0.151887126149
148,15,0.116270555288,0.138321374983
149,15,0.0971220114143,0.118549782742
150,15,0.149152973684,0.185976988247
151,15,0.0946239045763,0.118793475862
152,15,0.0993894960979,0.125572747
153,15,0.171631108418,0.224169275932
154,15,0.220767512458,0.29995350702
155,15,0.194784049163,0.274317668102
156,15,0.118434475843,0.149511649446
157,15,0.190223378505,0.235591170716
158,15,0.177313664569,0.224116915845
159,15,0.15914333003,0.189399613747
160,15,0.130045021114,0.159600435773
161,15,0.116908629916,0.144084614
162,15,0.139263000067,0.171526252953
163,15,0.136667658906,0.177046139165
164,15,0.118349377724,0.14239977772
165,15,0.112245435468,0.14880500856
166,15,0.0963447811424,0.133678523461
167,15,0.142004108195,0.169039199845
168,15,0.13020061959,0.152871591781
169,15,0.140858455884,0.181272347138
170,15,0.164918850622,0.205932198861
171,15,0.165858303036,0.198706030014
172,15,0.186182028247,0.232616080576
173,15,0.213103054189,0.250285778115
174,15,0.175658634277,0.211225267203
175,15,0.105351330726,0.123439849439
176,15,0.116390300034,0.140133685228
177,15,0.13405608157,0.170449755946
178,15,0.111973216865,0.139199521788
179,15,0.113292003835,0.139075190717
180,15,0.0950612718853,0.118077323645
181,15,0.110105703388,0.137514213299
182,15,0.11334719258,0.139958639211
183,15,0.099946802525,0.121664558043
184,15,0.120148801777,0.146169911771
185,15,0.124630344294,0.15314375426
186,15,0.101364860991,0.120610469198
187,15,0.0964775727295,0.12187679045
188,15,0.108540711354,0.130131275067
189,15,0.111311472223,0.137949280714
190,15,0.246545663157,0.285984993184
191,15,0.252495071247,0.297167302661
192,15,0.126255051529,0.169809745209
193,15,0.146411961772,0.183307605318
194,15,0.0969268900662,0.123668049836
195,15,0.125220932343,0.142331374087
196,15,0.138295789565,0.17172751172
197,15,0.253476143681,0.29003643619
198,15,0.221286614257,0.275246596435
199,15,0.160977759167,0.205871581532
200,15,0.2282703519,0.295000155728
201,15,0.309145710007,0.363051728944
202,15,0.458102449356,0.553421445062
203,15,0.496947793165,0.57463751932
204,15,0.408681924738,0.521420720588
205,15,0.437990822392,0.525554651841
206,15,0.418632152712,0.52387317306
207,15,0.434321351854,0.529411415651
208,15,0.651151680223,0.768774928
209,15,0.307850136944,0.388477942693
210,15,0.637099782176,0.762436324911
211,15,1.1505385199,1.45524397564
212,15,0.429528392389,0.491303499873
213,15,0.603593073725,0.7465686415
214,15,0.964188949761,1.30169748568
215,15,0.745240355491,1.03040247676
216,15,0.628877665551,0.768967221298
217,15,0.446805862445,0.536653037987
218,15,0.300344040285,0.379736271267
219,15,0.244221040077,0.312288162436
220,15,0.197945803576,0.259732328133
221,15,0.277095107556,0.374785026376
222,15,0.225273045774,0.279559079035
223,15,0.120825481083,0.153616592794
224,15,0.136391157213,0.182083917185
225,15,0.195796792324,0.252269746016
226,15,0.169169679329,0.206925892048
227,15,0.156570989007,0.189357250989
228,15,0.309157209876,0.386611463171
229,15,0.423286891194,0.550460427961
230,15,0.673492130834,0.862961571721
231,15,0.638678707716,0.811065110836
232,15,1.1049241155,1.42005474288
233,15,0.736936748278,0.891161415385
234,15,0.600386761005,0.759923875744
235,15,0.387919472268,0.458263178153
236,15,0.355606285763,0.454930392268
237,15,0.386028244964,0.492699139071
238,15,0.254802525434,0.321316152079
239,15,0.279545803808,0.356912989991
240,15,0.230456878587,0.282852813956
241,15,0.285619264523,0.348432658235
242,15,0.470701245535,0.56480977211
243,15,0.492721412335,0.64552947542
244,15,0.675353887268,0.89083678511
245,15,0.818062286746,1.12604321479
246,15,0.808299163535,0.99981538554
247,15,0.367245446609,0.456801738568
248,15,0.440861288407,0.559568793827
249,15,0.234252727549,0.298295885927
250,15,0.291886273444,0.369510386321
251,15,0.239116852059,0.287566057623
252,15,0.140979908549,0.174955540567
253,15,0.248192629291,0.291864000753
254,15,0.150486054486,0.186440804408
255,15,0.108464172402,0.135003636156
256,15,0.10613793743,0.134786482345
257,15,0.182416606693,0.210919294657
258,15,0.114046361323,0.142925469612
259,15,0.12847276128,0.161771657264
260,15,0.166342361255,0.203022292966
261,15,0.213493242363,0.282552607554
262,15,0.216472958228,0.280502128358
263,15,0.228994357268,0.284250706532
264,15,0.322077466718,0.443394747676
265,15,0.339865174576,0.440528093803
266,15,0.245342263085,0.318649299002
267,15,0.263942615787,0.31960144449
268,15,0.249313292365,0.31624558579
269,15,0.255867473539,0.315163977031
270,15,0.180323419922,0.222589354342
271,15,0.16214315005,0.192869138125
272,15,0.154375307241,0.195013264507
273,15,0.137178874921,0.158894682041
274,15,0.153974486133,0.200697172113
275,15,0.142177149506,0.1837532358
276,15,0.310981800819,0.419888750654
277,15,0.153797083872,0.20148506211
278,15,0.174855192561,0.207922456154
279,15,0.123614059614,0.157582781257
280,15,0.151992681804,0.196887894116
281,15,0.224310916977,0.289192191207
282,15,0.224174515649,0.262725785257
283,15,0.159573089972,0.198062292688
284,15,0.166450685933,0.199449156989
285,15,0.115015730421,0.161331380698
286,15,0.13564282952,0.177965668791
287,15,0.14431561186,0.188672051447
288,15,0.150022816527,0.207030965545
289,15,0.177166030795,0.226272331436
290,15,0.185597798387,0.235648674132
291,15,0.124995555734,0.160048863345
292,15,0.0960844317729,0.116031823469
293,15,0.0989225365754,0.118360464808
294,15,0.0862309599006,0.131435679478
295,15,0.127291200586,0.172623630099
296,15,0.121493281658,0.151676908501
297,15,0.190908619774,0.238069379365
298,15,0.178107510929,0.236535775445
299,15,0.152533740565,0.191256561574
300,15,0.137004944842,0.191912336674
301,15,0.194977471705,0.225386826147
302,15,0.104907117954,0.140295711781
303,15,0.092441702653,0.124616136968
304,15,0.0910681111763,0.116667901675
305,15,0.146950161907,0.201331758813
306,15,0.134153047302,0.171291293512
307,15,0.137119172903,0.176623884703
308,15,0.101276879956,0.125821236319
309,15,0.264226218196,0.326453826931
310,15,0.201763335917,0.259861586804
311,15,0.225716360611,0.283457995923
312,15,0.468648249588,0.620888110071
313,15,0.508262487227,0.678776081284
314,15,0.267038776679,0.324067764396
315,15,0.189018922824,0.232419528762
316,15,0.198990329354,0.264250256023
317,15,0.318747580349,0.404634239552
318,15,0.202272934053,0.252420837202
319,15,0.208656221382,0.261946922261
320,15,0.148398033167,0.194320723397
321,15,0.0980662232586,0.128870431837
322,15,0.122411139334,0.165383221947
323,15,0.167105732436,0.223595788512
324,15,0.149865577349,0.19319091101
325,15,0.179891199245,0.225035654899
326,15,0.173457388773,0.223705114603
327,15,0.416521896965,0.538828758765
328,15,0.29160975701,0.353977800384
329,15,0.249748625959,0.293180078583
330,15,0.18775146175,0.240917379279
331,15,0.149193133296,0.186652439342
332,15,0.331141673399,0.400533087594
333,15,0.372255531991,0.464176862179
334,15,0.395232704939,0.503826303623
335,15,0.693664751557,0.815431920351
