cycle,count,mae,rmse
50,5,0.167672905408,0.198232656747
51,5,0.14090706267,0.174639168464
52,5,0.094896650212,0.112641524868
53,5,0.116133484015,0.149223433432
54,5,0.100466825916,0.124985698337
55,5,0.104906617813,0.134099397241
56,5,0.165320681309,0.190092064475
57,5,0.147413642637,0.175928279071
58,5,0.183853596903,0.241704695795
59,5,0.16656014687,0.203859093963
60,5,0.152604316369,0.181923898337
61,5,0.155672863092,0.199662630204
62,5,0.158689422586,0.194341129306
63,5,0.169516557773,0.212592048576
64,5,0.243435723315,0.306484403596
65,5,0.132640455451,0.163264672931
66,5,0.342616517305,0.476182316252
67,5,0.627939209071,0.711549523382
68,5,0.182069331128,0.222714415626
69,5,0.223654800228,0.287532981881
70,5,0.313348712185,0.408768556772
71,5,0.22265604625,0.277807971623
72,5,0.233509655068,0.279630293553
73,5,0.364288016011,0.424812543742
74,5,0.144464046731,0.175384696114
75,5,0.0934001074456,0.119446944256
76,5,0.113475078053,0.139792249038
77,5,0.299744901249,0.360418773571
78,5,0.170924142297,0.204087089731
79,5,0.141814647408,0.180561830769
80,5,0.113636328686,0.138757184229
81,5,0.149925123822,0.183568114396
82,5,0.18537487602,0.220989170158
83,5,0.25469926997,0.320345390136
84,5,0.152180622176,0.184655213517
85,5,0.0957452507735,0.121162330296
86,5,0.132075419104,0.166087736511
87,5,0.12817695803,0.160445132793
88,5,0.271678344376,0.311590646627
89,5,0.104973274201,0.135632112092
90,5,0.302098082093,0.368354536383
91,5,0.108847080364,0.149909217367
92,5,0.192015256725,0.23206626179
93,5,0.126668373671,0.152942581015
94,5,0.104584216052,0.130865702721
95,5,0.191380420691,0.233529716159
96,5,0.277699930572,0.333649137077
97,5,0.0853960052127,0.10588527953
98,5,0.16480180616,0.193209374847
99,5,0.103338672351,0.125733443853
100,5,0.143747393223,0.175111372678
101,5,0.130693828972,0.164244607601
102,5,0.167899574117,0.20611110118
103,5,0.138601657832,0.174135152771
104,5,0.168719654884,0.205620469289
105,5,0.130992695235,0.15744919903
106,5,0.22329941759,0.263176883369
107,5,0.104549363478,0.124335688737
108,5,0.151308866907,0.193070662275
109,5,0.350391143992,0.414095932309
110,5,0.278101430773,0.346081553787
111,5,0.158260443589,0.202010101681
112,5,0.27004062284,0.33391766912
113,5,0.195032574163,0.256871394762
114,5,0.156961519659,0.219059183099
115,5,0.144867758396,0.18426862682
116,5,0.133761144539,0.162663688931
117,5,0.195658510751,0.229760961126
118,5,0.24108417195,0.285844917361
119,5,0.315948300279,0.441368069607
120,5,0.6735766777,0.862099971121
121,5,0.628668350249,0.736908115011
122,5,0.730577793185,0.956133794314
123,5,0.537029205852,0.630136842193
124,5,0.425498984813,0.522169741152
125,5,0.626994981531,0.785562402189
126,5,0.365913580311,0.530579656719
127,5,0.597487920594,0.757503166935
128,5,0.168649806158,0.207560212613
129,5,0.226259986934,0.300001973296
130,5,0.110583888308,0.141927725406
131,5,0.172557351149,0.21485885157
132,5,0.282707979274,0.360731523309
133,5,0.537648906584,0.646936699224
134,5,0.356538200064,0.431383602514
135,5,0.499985275188,0.576675430885
136,5,0.371648719822,0.45896700772
137,5,0.273950990921,0.330309188318
138,5,0.221403385675,0.307527750273
139,5,0.241679195761,0.282624705701
140,5,0.285739168421,0.313590960973
141,5,0.131479641262,0.166801770608
142,5,0.122876936022,0.156982576588
143,5,0.257111912833,0.326963803321
144,5,0.0885364733396,0.11930314732
145,5,0.0931079509334,0.117651035607
146,5,0.0887696496185,0.110703715932
147,5,0.222585523437,0.270697518428
148,5,0.112251713117,0.141235381255
149,5,0.105367297199,0.142663540861
150,5,0.0921670834973,0.112091033872
151,5,0.196991308905,0.233263553074
152,5,0.1350824577,0.178545797649
153,5,0.21412743066,0.252458681788
154,5,0.204801709407,0.307210914129
155,5,0.290955705461,0.369131200437
156,5,0.111474485295,0.14071472165
157,5,0.282307575309,0.344910505373
158,5,0.154785019233,0.209680112562
159,5,0.15858584818,0.189773325814
160,5,0.132247313574,0.166396787479
161,5,0.257287832853,0.286740545498
162,5,0.116681440165,0.149862474198
163,5,0.136103663942,0.162719425824
164,5,0.165621085444,0.20951149502
165,5,0.140236807042,0.174505604112
166,5,0.125231547294,0.159197142706
167,5,0.203374585023,0.245014550613
168,5,0.131530110334,0.164313206961
169,5,0.0999970487855,0.129226160475
170,5,0.150983433189,0.182823555276
171,5,0.144028608605,0.171861704218
172,5,0.213472609023,0.253430387573
173,5,0.231795004112,0.274199150513
174,5,0.218350401447,0.276996597963
175,5,0.149149248035,0.188219658243
176,5,0.185245909835,0.223602115808
177,5,0.130260370815,0.157655541836
178,5,0.119566050287,0.152504150856
179,5,0.103457126174,0.121077125852
180,5,0.0786794782161,0.0958091127045
181,5,0.0749185451132,0.0938629310445
182,5,0.148566441846,0.188655394828
183,5,0.136152885536,0.169212728006
184,5,0.0824447904281,0.098778115799
185,5,0.0713205672832,0.0885646041361
186,5,0.0995770987002,0.124891697838
187,5,0.0870254264276,0.113040928002
188,5,0.19524844929,0.22348303459
189,5,0.147717015669,0.170659508451
190,5,0.242197748253,0.296373898828
191,5,0.25790215706,0.283840076312
192,5,0.127334327677,0.15864073018
193,5,0.254822336544,0.287084526252
194,5,0.132047282223,0.168191000138
195,5,0.159943620041,0.182993229521
196,5,0.151935474549,0.204948244482
197,5,0.174536518589,0.225100334154
198,5,0.201245803582,0.302170618423
199,5,0.1398973903,0.197825384008
200,5,0.219941436743,0.287012249866
201,5,0.424324444578,0.514818183617
202,5,0.524417297081,0.636311382171
203,5,0.508069069128,0.603497079795
204,5,0.563864254228,0.717889540603
205,5,0.463221922132,0.57015832284
206,5,0.821736422831,1.01666132716
207,5,0.635300991759,0.829366038443
208,5,0.539453221616,0.660457032025
209,5,0.546960828566,0.625009674295
210,5,0.680453374803,0.812218963146
211,5,0.98761744939,1.206655186
212,5,0.636093351987,0.761194683564
213,5,0.597909689362,0.76500760506
214,5,0.972355180533,1.26200485379
215,5,0.777991110667,1.05446698779
216,5,0.606318096668,0.741115690244
217,5,0.46310183865,0.56626672155
218,5,0.290612459268,0.338010003277
219,5,0.224055861209,0.280511889773
220,5,0.222284656249,0.285389519303
221,5,0.249947012461,0.348422186794
222,5,0.297861429244,0.371756937724
223,5,0.139224059078,0.182769535702
224,5,0.237781150377,0.284142252947
225,5,0.232016678525,0.283608324682
226,5,0.181082921445,0.215217270676
227,5,0.22466625613,0.274053969645
228,5,0.310250134383,0.396759646506
229,5,0.606237902207,0.764042683085
230,5,0.669908320974,0.812460361205
231,5,0.507737509328,0.603943240701
232,5,0.757414941657,0.903182671598
233,5,1.22990545315,1.5785995206
234,5,0.89275583905,1.04660101485
235,5,0.874924224125,1.00950776297
236,5,0.739583789424,0.887729532374
237,5,0.446326753397,0.516024615849
238,5,0.304371489412,0.41236738399
239,5,0.690227070009,0.803609039764
240,5,0.410570858569,0.513400654738
241,5,0.407835844416,0.475354393898
242,5,0.389929389266,0.488602513633
243,5,0.621753675237,0.770512494662
244,5,0.924147070983,1.09263212806
245,5,1.11730136524,1.37784514321
246,5,0.668869698083,0.800804299738
247,5,0.679776667548,0.830042020556
248,5,0.533211975218,0.654852826766
249,5,0.570561410909,0.645219432091
250,5,0.509523515609,0.615005935702
251,5,0.39822766249,0.474278195749
252,5,0.285655658632,0.343462610471
253,5,0.235187018959,0.277146734722
254,5,0.172322014009,0.213336706002
255,5,0.230653310955,0.268940114144
256,5,0.117353368549,0.1480134719
257,5,0.132932532593,0.184110488117
258,5,0.122786595537,0.152668119022
259,5,0.184343059817,0.221418178543
260,5,0.191771268651,0.23595468953
261,5,0.212753199653,0.265828318228
262,5,0.209451303344,0.261427482524
263,5,0.205692863601,0.2791462448
264,5,0.295146562696,0.421360743814
265,5,0.398854849001,0.514809168125
266,5,0.354210925905,0.430721313393
267,5,0.285393341,0.365082636873
268,5,0.382248879775,0.497794922076
269,5,0.215908659164,0.288022397835
270,5,0.215070761654,0.256390925165
271,5,0.202571533177,0.247513465207
272,5,0.14370996045,0.183114971528
273,5,0.0795153689873,0.100784995252
274,5,0.221481118946,0.257427921869
275,5,0.139180262582,0.18308103459
276,5,0.323382137048,0.399805811287
277,5,0.221174837019,0.262922644277
278,5,0.132807028816,0.183256723041
279,5,0.13302626356,0.164515318207
280,5,0.188577095657,0.239488182777
281,5,0.295634286269,0.377101419471
282,5,0.314366278562,0.348343342366
283,5,0.257880745687,0.292068903656
284,5,0.234051740457,0.276634916779
285,5,0.173485513194,0.219821696368
286,5,0.181073349013,0.224607459087
287,5,0.145694738939,0.184049722454
288,5,0.171525167092,0.210393491606
289,5,0.183758349077,0.234366598329
290,5,0.201389653365,0.248504234775
291,5,0.126898714439,0.158701380548
292,5,0.129489289298,0.156293402142
293,5,0.131091381188,0.169178113309
294,5,0.10881294664,0.152079827724
295,5,0.189737089933,0.232315500409
296,5,0.124640399035,0.15713405326
297,5,0.206654247516,0.240411782181
298,5,0.186059536741,0.250378469532
299,5,0.129451697025,0.16440524159
300,5,0.173200558389,0.22706708972
301,5,0.161781484209,0.198308565104
302,5,0.1534277565,0.180966124041
303,5,0.136350436208,0.17183908345
304,5,0.148765004251,0.18990634467
305,5,0.131911246888,0.180676772484
306,5,0.155572959568,0.219421057489
307,5,0.160938325938,0.212650141789
308,5,0.26830642893,0.357641544269
309,5,0.310963946275,0.391062472116
310,5,0.301591359209,0.376427405409
311,5,0.24120349478,0.309833765276
312,5,0.353546918428,0.429512536794
313,5,0.534162895551,0.646866568656
314,5,0.423740154918,0.534043704811
315,5,0.228914948917,0.300181041169
316,5,0.208679335225,0.28319992921
317,5,0.295990658586,0.369990017255
318,5,0.267575222166,0.319317626667
319,5,0.281149761046,0.355885404404
320,5,0.245366141662,0.300602169682
321,5,0.195535697409,0.258311131944
322,5,0.12164067834,0.16953941889
323,5,0.201653520556,0.250525426492
324,5,0.17053248391,0.222690669537
325,5,0.208214690206,0.259764127479
326,5,0.195890982591,0.260796732711
327,5,0.437618231127,0.548901723642
328,5,0.285563411066,0.341064685214
329,5,0.244874239376,0.292207671087
330,5,0.143951378418,0.170657028153
331,5,0.222626354908,0.255942441485
332,5,0.480277339853,0.591212948131
333,5,0.643956529467,0.775980822436
334,5,0.754829234418,0.975186391897
335,5,0.84923097853,0.985764963806
