cycle,count,mae,rmse
50,10,0.0998643593412,0.123615117393
51,10,0.194360084754,0.231815425291
52,10,0.124938093086,0.157489391182
53,10,0.152436401786,0.184239477352
54,10,0.0915078897277,0.112134639309
55,10,0.101826225357,0.123990827927
56,10,0.105647974158,0.14050918625
57,10,0.12116984969,0.1512864046
58,10,0.227457022678,0.265483380579
59,10,0.194467557933,0.23243709327
60,10,0.128834108205,0.153566851378
61,10,0.11880979869,0.146271855892
62,10,0.12481613931,0.156857161703
63,10,0.17687535778,0.21318162938
64,10,0.254811536933,0.302525369027
65,10,0.149349674956,0.188275188491
66,10,0.310031540964,0.415571310853
67,10,0.844968234086,0.955540761695
68,10,0.196284458817,0.231205810408
69,10,0.195380364295,0.264955489311
70,10,0.336157724289,0.432778486979
71,10,0.255904163464,0.304967052539
72,10,0.136501710786,0.170095740833
73,10,0.332816858182,0.442014308973
74,10,0.123302706411,0.146492661155
75,10,0.0952750641821,0.120772921364
76,10,0.160647273579,0.206452204048
77,10,0.218422374575,0.287023424731
78,10,0.11853276432,0.144780101491
79,10,0.101383891535,0.1238449013
80,10,0.111798649133,0.139127801438
81,10,0.107847135851,0.132281355006
82,10,0.229379957501,0.291752605857
83,10,0.195973014324,0.229644009816
84,10,0.14046046848,0.166910648419
85,10,0.12322036311,0.147523465228
86,10,0.177839243761,0.216431659183
87,10,0.127788598392,0.168571284475
88,10,0.187890750002,0.23970627558
89,10,0.157081681613,0.188399341296
90,10,0.290089734873,0.360455844225
91,10,0.147301571298,0.178159753966
92,10,0.164555394147,0.196587041579
93,10,0.177343814783,0.219233365198
94,10,0.147527152559,0.184670670538
95,10,0.132499737668,0.162051629283
96,10,0.291896851232,0.356019702437
97,10,0.143741792909,0.172679005212
98,10,0.118744690645,0.148332363742
99,10,0.206282811554,0.242746111672
100,10,0.119352384206,0.150993450651
101,10,0.220870337201,0.259989660535
102,10,0.13932708563,0.162973795467
103,10,0.204627925519,0.246213527594
104,10,0.108372404631,0.13218080079
105,10,0.127552547724,0.154702481838
106,10,0.176832905892,0.211363303422
107,10,0.131012500115,0.156643287495
108,10,0.129656878169,0.162033486185
109,10,0.151689812166,0.198339856085
110,10,0.193736274207,0.266661122147
111,10,0.159481947967,0.193741493152
112,10,0.151082015533,0.185537058779
113,10,0.171633532815,0.212613315057
114,10,0.170362287322,0.241607190887
115,10,0.205705661388,0.246657068957
116,10,0.323635038017,0.386766071928
117,10,0.248260784475,0.307769885137
118,10,0.281925323994,0.346665832733
119,10,0.318103997319,0.411475326897
120,10,0.779889129796,1.01574528631
121,10,0.601772065744,0.709814034331
122,10,0.888477345114,1.09512765767
123,10,0.562721201372,0.670145759281
124,10,0.558369740482,0.701301279354
125,10,0.514992119648,0.641539569373
126,10,0.637745750804,0.773049917811
127,10,0.700301601713,0.882945669703
128,10,0.212139006029,0.25730143651
129,10,0.221162217571,0.299921936276
130,10,0.210146799045,0.258787640859
131,10,0.174766865203,0.223013300804
132,10,0.306560822877,0.396997807229
133,10,0.567304973633,0.694685339706
134,10,0.347272251703,0.452111416539
135,10,0.428701883485,0.519059545965
136,10,0.365412244353,0.42504257995
137,10,0.273624050904,0.332204330069
138,10,0.250682156637,0.355005788751
139,10,0.186866505002,0.216463677027
140,10,0.147383574337,0.187015464589
141,10,0.111941023567,0.142692701646
142,10,0.14276523683,0.183013226252
143,10,0.151515940963,0.206685883414
144,10,0.143870080265,0.179206350474
145,10,0.107254338694,0.133918594466
146,10,0.154432020121,0.194478570423
147,10,0.162204672775,0.188332020211
148,10,0.121018120153,0.152108982546
149,10,0.123745959219,0.156845990439
150,10,0.188519605438,0.228541239454
151,10,0.166547455388,0.221620729867
152,10,0.111633901234,0.136975389698
153,10,0.170472413836,0.222925312317
154,10,0.194932229041,0.281270652596
155,10,0.24147512925,0.321526127448
156,10,0.138888349847,0.177495852817
157,10,0.217499726581,0.257345734807
158,10,0.172880514046,0.241483222087
159,10,0.100449778647,0.130833504578
160,10,0.180523288672,0.226780187266
161,10,0.133479098885,0.173230233519
162,10,0.156270359923,0.187998083359
163,10,0.119124674303,0.146366731982
164,10,0.0930677296775,0.119800556685
165,10,0.125031070386,0.168417495506
166,10,0.123844992598,0.160476326794
167,10,0.141012562492,0.169962839746
168,10,0.109416202272,0.142039066043
169,10,0.0964693654947,0.121500774868
170,10,0.14032819782,0.176399244918
171,10,0.14592444573,0.169208444357
172,10,0.118507688898,0.162605528725
173,10,0.149501912169,0.176675374124
174,10,0.0899788186609,0.111231323264
175,10,0.163116156102,0.199066862927
176,10,0.12226644998,0.150253012021
177,10,0.151623484041,0.17848034019
178,10,0.120215027179,0.156384103425
179,10,0.133039107899,0.156019297471
180,10,0.105736796656,0.134845256329
181,10,0.0904846208635,0.107154305819
182,10,0.117589396958,0.152717883568
183,10,0.0991102324135,0.11537922677
184,10,0.122050070614,0.144838777308
185,10,0.125198284322,0.156172194678
186,10,0.111240361308,0.136731292617
187,10,0.137046709173,0.167748307253
188,10,0.102951915317,0.129645187942
189,10,0.159781798425,0.191159197689
190,10,0.209643208206,0.22944315674
191,10,0.164989501269,0.214561704792
192,10,0.205096856917,0.236772426124
193,10,0.131917859497,0.166061618652
194,10,0.170880170316,0.203750152504
195,10,0.160703283976,0.18801046521
196,10,0.14959303974,0.218888154907
197,10,0.176426573692,0.245094503036
198,10,0.18693276284,0.257581791477
199,10,0.129949967569,0.162408484719
200,10,0.22364485237,0.290681148079
201,10,0.369628222513,0.497494361957
202,10,0.790366496889,1.01865970401
203,10,0.414477233862,0.497385301798
204,10,0.410035348317,0.557355810618
205,10,0.630092687926,0.727061285395
206,10,0.481149484663,0.624076780068
207,10,0.5151271563,0.66529442052
208,10,0.801062666726,0.996031731044
209,10,0.332143718054,0.430877131364
210,10,0.678516780115,0.861098099902
211,10,1.00130713355,1.13211710228
212,10,0.503262916371,0.614165889215
213,10,0.692766345775,0.841813065135
214,10,0.989922009874,1.29884117096
215,10,0.891836498165,1.09532521237
216,10,0.820751589564,1.05612271905
217,10,0.443706248781,0.536663404492
218,10,0.294276187661,0.367230788235
219,10,0.315607341991,0.385478699741
220,10,0.220181808218,0.273979266449
221,10,0.264738748607,0.317901427475
222,10,0.203812905088,0.24794134239
223,10,0.199394469484,0.261329290893
224,10,0.115496691021,0.16911715469
225,10,0.180645017583,0.222650997323
226,10,0.156170027232,0.19906516385
227,10,0.163201982911,0.197876082846
228,10,0.343375003924,0.429592340305
229,10,0.449768974603,0.634088005902
230,10,0.735865095738,0.919273311385
231,10,0.386896198105,0.50242747678
232,10,0.673818110593,0.831803896688
233,10,0.919623700226,1.10996259538
234,10,0.92601939384,1.07849668485
235,10,0.567116691438,0.718665853491
236,10,0.325371012607,0.4259457713
237,10,0.295640347997,0.361843620522
238,10,0.369121715162,0.501519747409
239,10,0.514573947749,0.605770888505
240,10,0.303819167091,0.37584791259
241,10,0.288418299596,0.357824334193
242,10,0.620226248813,0.754695829669
243,10,0.622134340083,0.817698330486
244,10,0.660361107539,0.931232139817
245,10,0.626304622138,0.816624787333
246,10,0.478943856159,0.589843267539
247,10,0.479474162372,0.59042778296
248,10,0.441482873959,0.569865077991
249,10,0.398537547949,0.457430525565
250,10,0.351054255408,0.444760597315
251,10,0.34469940351,0.417611010833
252,10,0.19821728581,0.267995943304
253,10,0.309447218783,0.361160937173
254,10,0.175493676376,0.213361952834
255,10,0.150329277728,0.19011634946
256,10,0.0981636637373,0.128895004374
257,10,0.165265834883,0.209042942418
258,10,0.165282425615,0.200257075034
259,10,0.143741242559,0.176369426313
260,10,0.170809002703,0.205720016405
261,10,0.150763247271,0.195832748077
262,10,0.241428137449,0.302323127905
263,10,0.248170725237,0.303832191431
264,10,0.372854610654,0.436764565398
265,10,0.399095564913,0.494018584876
266,10,0.429233142496,0.543863586289
267,10,0.27589203396,0.354653748091
268,10,0.218045546479,0.280170957693
269,10,0.255191940474,0.32273065884
270,10,0.223042462628,0.267499948733
271,10,0.157285911246,0.197072812668
272,10,0.160905004963,0.203501172883
273,10,0.1863504506,0.22919008733
274,10,0.152877023671,0.192180930678
275,10,0.263263550542,0.323085691556
276,10,0.356014150012,0.449363600231
277,10,0.220556414107,0.294835219504
278,10,0.168746777666,0.221226265607
279,10,0.163824829991,0.232282794401
280,10,0.174952548585,0.231793116777
281,10,0.184573039016,0.251657607693
282,10,0.192546628587,0.22298109828
283,10,0.165406691498,0.212101708237
284,10,0.181834631086,0.220110183608
285,10,0.156993626298,0.199878919835
286,10,0.126622707225,0.159378578345
287,10,0.144769706495,0.190789279075
288,10,0.176205673203,0.225439530958
289,10,0.14978595188,0.207955210097
290,10,0.238236428639,0.316520777732
291,10,0.152490416517,0.187195017232
292,10,0.105741522205,0.12687980659
293,10,0.0932480673797,0.118202109054
294,10,0.111699795615,0.152849240787
295,10,0.168855503659,0.217740465308
296,10,0.128500344297,0.156975225096
297,10,0.130661015848,0.157188912628
298,10,0.14690557693,0.189077652121
299,10,0.148659701458,0.192621360262
300,10,0.156031186599,0.193928035025
301,10,0.148101654789,0.175840309276
302,10,0.108757572432,0.144727552771
303,10,0.100557596705,0.131160640021
304,10,0.121961749362,0.158235985122
305,10,0.112892766125,0.147740959523
306,10,0.128270402743,0.168517125572
307,10,0.175412141626,0.234619399811
308,10,0.11038731111,0.135680964234
309,10,0.259435172007,0.334005260855
310,10,0.162757492678,0.201750660664
311,10,0.23143845657,0.286224681452
312,10,0.353024896794,0.499929835594
313,10,0.549827879613,0.730288161257
314,10,0.274863317679,0.370430571235
315,10,0.317744568646,0.416212370657
316,10,0.297249605706,0.388105250182
317,10,0.403668591525,0.498642010999
318,10,0.178456708745,0.216130044388
319,10,0.280983783634,0.345136144386
320,10,0.1727216815,0.22052367109
321,10,0.230614510642,0.270574249277
322,10,0.150408722599,0.206730348062
323,10,0.158615318625,0.192827566564
324,10,0.161590155584,0.216153013235
325,10,0.195172890781,0.258226410748
326,10,0.22518203147,0.29705435634
327,10,0.37327351356,0.47539609307
328,10,0.337122231961,0.451338443173
329,10,0.194270566396,0.274212540343
330,10,0.167390765511,0.210065011889
331,10,0.157659313288,0.210950196715
332,10,0.352038172291,0.428600682915
333,10,0.437409037357,0.492066908668
334,10,0.60338795412,0.726627567224
335,10,0.835268293808,0.961837188926
