cycle,count,mae,rmse
50,10,0.159929255067,0.189991057225
51,10,0.118756973953,0.140956509705
52,10,0.0956927236508,0.118188900405
53,10,0.131271089473,0.16168675265
54,10,0.096788169731,0.113906604244
55,10,0.120006834935,0.1453095228
56,10,0.0868520474081,0.114470251118
57,10,0.0924951849465,0.120977197786
58,10,0.162683881039,0.202237029112
59,10,0.171998371452,0.202371691952
60,10,0.19827191129,0.227599098799
61,10,0.105297457283,0.130803952207
62,10,0.104938758759,0.129751179278
63,10,0.190415646544,0.233174808648
64,10,0.236134755935,0.293091464479
65,10,0.187155664556,0.224756523208
66,10,0.350550988496,0.477213974395
67,10,0.356749593349,0.443248996119
68,10,0.169151531438,0.202389632236
69,10,0.212471827425,0.273124901366
70,10,0.356010523607,0.460029960462
71,10,0.234004412836,0.309562313757
72,10,0.226059537994,0.263769180698
73,10,0.391216057259,0.511677310118
74,10,0.150596120767,0.180362403501
75,10,0.0874668219003,0.103095320716
76,10,0.128831221362,0.165558052693
77,10,0.162843480563,0.215680949048
78,10,0.126979138782,0.161103701519
79,10,0.133073229736,0.166741787054
80,10,0.194324004394,0.220635181775
81,10,0.103792326282,0.12658046243
82,10,0.165727531553,0.21065104386
83,10,0.185403110512,0.222815754735
84,10,0.225481298502,0.274697512809
85,10,0.0927064738493,0.110232041713
86,10,0.160484203739,0.189394744867
87,10,0.152011522029,0.188110986045
88,10,0.167431537566,0.202635195349
89,10,0.172449617336,0.20438945682
90,10,0.18852158324,0.237756820736
91,10,0.150275161402,0.184871334451
92,10,0.207210677059,0.240571086748
93,10,0.165430488812,0.212681900145
94,10,0.106039770388,0.131713615408
95,10,0.152612395767,0.198665122652
96,10,0.412094657523,0.497595491745
97,10,0.0917200891302,0.117296566853
98,10,0.161255611692,0.193238191016
99,10,0.183178493737,0.228581501153
100,10,0.149395073327,0.185872314301
101,10,0.113216290069,0.134101410927
102,10,0.150070239213,0.184304572634
103,10,0.0971503050514,0.12452995096
104,10,0.19487322464,0.226532388668
105,10,0.145032785163,0.175331569264
106,10,0.162558399612,0.201662512098
107,10,0.0990181233221,0.121839795428
108,10,0.18973160377,0.24496966491
109,10,0.175862044961,0.216093789222
110,10,0.208936929563,0.279183886623
111,10,0.200138600446,0.248830690213
112,10,0.187434952412,0.228343881847
113,10,0.190143514762,0.24844292242
114,10,0.142012747658,0.19477105842
115,10,0.11978901083,0.156712944005
116,10,0.249141672808,0.31152898612
117,10,0.172977204948,0.234823732371
118,10,0.222048881008,0.302476994349
119,10,0.377272335282,0.512596305428
120,10,0.84740806023,1.12625303563
121,10,0.621929574902,0.758031645454
122,10,0.648976385403,0.795848970405
123,10,0.580367167165,0.658707692171
124,10,0.531226262715,0.66618174072
125,10,0.610879143373,0.746467891399
126,10,0.436885288102,0.599854904865
127,10,0.595654129995,0.743885827316
128,10,0.190575762108,0.24282104015
129,10,0.199850730112,0.275634296592
130,10,0.120346735914,0.153184240879
131,10,0.222395921403,0.271648438483
132,10,0.303297076133,0.365707888348
133,10,0.350293483558,0.430263455602
134,10,0.381261989629,0.482476554078
135,10,0.468206276934,0.546947875539
136,10,0.320259801613,0.389875950234
137,10,0.28574859549,0.363729161365
138,10,0.217116844844,0.290924099812
139,10,0.212078291371,0.257953894382
140,10,0.121440938298,0.150752536048
141,10,0.136873984761,0.183656888122
142,10,0.161347376615,0.194248041723
143,10,0.157321636467,0.213922922407
144,10,0.104902243487,0.134277247908
145,10,0.0952910319306,0.123079894023
146,10,0.183011676361,0.218464996185
147,10,0.210228444582,0.26650723728
148,10,0.141588214033,0.179442673333
149,10,0.144329575669,0.185202243445
150,10,0.121263431796,0.150897764068
151,10,0.125941342967,0.153667541544
152,10,0.130892053339,0.167255203794
153,10,0.151822129133,0.203311360798
154,10,0.16442283617,0.241882841547
155,10,0.201188457744,0.283050866479
156,10,0.227097680752,0.303313537689
157,10,0.210716277761,0.267289218425
158,10,0.166616732644,0.203251448259
159,10,0.136139608835,0.16956595808
160,10,0.135669317038,0.17264189546
161,10,0.124199780656,0.164756987084
162,10,0.138008990679,0.164510007843
163,10,0.227963466344,0.285676314262
164,10,0.116490743561,0.148434285811
165,10,0.107068036506,0.147834462471
166,10,0.155535247148,0.194450223287
167,10,0.116503514455,0.143721119361
168,10,0.253155539082,0.277055047804
169,10,0.104883402257,0.144692764316
170,10,0.136392987565,0.166585364444
171,10,0.153231374494,0.187831121747
172,10,0.164706960037,0.210413477686
173,10,0.254718489503,0.33721886424
174,10,0.159639968008,0.213874309722
175,10,0.163366464391,0.193547784964
176,10,0.157433639823,0.198207634594
177,10,0.146325959129,0.175990765039
178,10,0.123585229308,0.161332903811
179,10,0.105751802873,0.132204584872
180,10,0.0728512482952,0.0884060903766
181,10,0.116766039579,0.133618469071
182,10,0.0998349503725,0.123905697416
183,10,0.117880737195,0.139451700377
184,10,0.126659328467,0.152425782774
185,10,0.089916123471,0.108249332702
186,10,0.112341687895,0.142446922843
187,10,0.138623008466,0.161980453889
188,10,0.192246338982,0.241727455278
189,10,0.128772580234,0.158713764034
190,10,0.160447378773,0.202270198456
191,10,0.192659802066,0.253896253051
192,10,0.142174858377,0.176430130665
193,10,0.130800696179,0.151817241989
194,10,0.118816512639,0.149109809092
195,10,0.112050542459,0.139869416655
196,10,0.212927066419,0.247443222919
197,10,0.27020926195,0.329178724255
198,10,0.152934176291,0.266499002334
199,10,0.130789504743,0.170720686268
200,10,0.270365281486,0.338771632713
201,10,0.48743473791,0.587100028741
202,10,0.342764800253,0.412912188456
203,10,0.470968661528,0.567318397763
204,10,0.536977257078,0.629478595437
205,10,0.601317687149,0.756546382914
206,10,0.489771292373,0.618132258038
207,10,0.52345733152,0.644395793643
208,10,0.628278845596,0.792370205923
209,10,0.522382368653,0.657616119083
210,10,0.512272243408,0.671165387245
211,10,1.20202120874,1.54617974176
212,10,0.553350995815,0.654380886834
213,10,0.63035117837,0.819131903795
214,10,0.905368030341,1.41265739391
215,10,0.742545623575,0.956688687482
216,10,0.629214511274,0.784437268774
217,10,0.845013935837,1.12341304839
218,10,0.389394590635,0.463499257097
219,10,0.308638300605,0.421946430436
220,10,0.21177390559,0.260428735037
221,10,0.318556323887,0.392101422924
222,10,0.231088514428,0.278393538238
223,10,0.194163884728,0.249122890734
224,10,0.244042726361,0.292716798862
225,10,0.173904877381,0.204801776382
226,10,0.221818312333,0.282076816227
227,10,0.18029276271,0.229685536226
228,10,0.358414708501,0.438404508122
229,10,0.519411347657,0.688891128299
230,10,0.64614689037,0.795079965415
231,10,0.511100707485,0.600264271145
232,10,1.28407439505,1.60123578133
233,10,0.671101169015,0.85436313214
234,10,0.45017514339,0.578854728709
235,10,0.905613877383,1.05447636151
236,10,0.383854718522,0.480371501635
237,10,0.269132600293,0.352883187254
238,10,0.327781312859,0.401110035619
239,10,0.317514375195,0.402006617605
240,10,0.281246360404,0.35262991448
241,10,0.339063439131,0.435291538846
242,10,0.340336302731,0.430125479971
243,10,0.526132886834,0.71456792165
244,10,0.977107028825,1.33909602798
245,10,0.871294799672,1.09945652209
246,10,0.898062225425,1.17852401635
247,10,0.42315728517,0.553647491418
248,10,0.533670272737,0.710304375755
249,10,0.264465901126,0.33196437841
250,10,0.330131063202,0.403248104925
251,10,0.351427943519,0.443891699114
252,10,0.222291642588,0.273959535803
253,10,0.254468140343,0.30724212828
254,10,0.162428254179,0.207014255921
255,10,0.128488364577,0.151427292636
256,10,0.13940001794,0.175358758518
257,10,0.212759816353,0.25400631091
258,10,0.150054219942,0.186849218219
259,10,0.186276793325,0.217655920002
260,10,0.19769145398,0.254410405498
261,10,0.177259448786,0.217132102576
262,10,0.245709786115,0.295708751587
263,10,0.26339529529,0.321324339902
264,10,0.330178340757,0.434719685666
265,10,0.456360418954,0.581195826757
266,10,0.243458678879,0.314482731408
267,10,0.347460206311,0.458898400438
268,10,0.35279940394,0.439119550666
269,10,0.223718568141,0.295066179039
270,10,0.274058819084,0.341579041543
271,10,0.269641249783,0.337261840766
272,10,0.211275779208,0.266272415349
273,10,0.257666410714,0.323674629551
274,10,0.141357986978,0.182555016406
275,10,0.187121857632,0.230875346062
276,10,0.324153663637,0.385754804767
277,10,0.156110561028,0.192306774988
278,10,0.11852520239,0.164936939012
279,10,0.157865768922,0.215919997879
280,10,0.186023244365,0.246803657789
281,10,0.234775290277,0.327969615594
282,10,0.238894337238,0.284914388601
283,10,0.22890161427,0.266456097528
284,10,0.261470552234,0.302343383792
285,10,0.170686353167,0.2161946406
286,10,0.22726073825,0.284733483234
287,10,0.125779464097,0.172533585993
288,10,0.141003973564,0.189548770372
289,10,0.304028965714,0.421143996787
290,10,0.205904668209,0.244788942447
291,10,0.155240929998,0.180698403479
292,10,0.182833903463,0.214417661582
293,10,0.179530128239,0.213511327306
294,10,0.099572350515,0.133269312921
295,10,0.209436261704,0.263282741594
296,10,0.0816874785567,0.105332776328
297,10,0.141485588008,0.176570291741
298,10,0.141250946125,0.178118764023
299,10,0.134290227093,0.16677781952
300,10,0.178816408125,0.217506261578
301,10,0.13441329953,0.167100009827
302,10,0.124094305371,0.162077207944
303,10,0.106616956784,0.132492360442
304,10,0.128098021336,0.16765803467
305,10,0.182558797076,0.253680741566
306,10,0.107946508582,0.147005321805
307,10,0.1225762499,0.154925722435
308,10,0.171173489068,0.20145344646
309,10,0.221692316461,0.274728282725
310,10,0.217188421199,0.267999654965
311,10,0.301720268504,0.379111886392
312,10,0.336395166553,0.428840418883
313,10,0.600388491926,0.776714588512
314,10,0.365293475281,0.474449012248
315,10,0.2283413023,0.298245415627
316,10,0.207452322702,0.267140145857
317,10,0.273198628197,0.356242955513
318,10,0.286204533002,0.350848316225
319,10,0.266774310862,0.344678133819
320,10,0.174703910424,0.222813433008
321,10,0.108245049608,0.14527475096
322,10,0.107371589091,0.1406553843
323,10,0.27951314646,0.369522178419
324,10,0.276013465118,0.340430917413
325,10,0.173539296747,0.219431479769
326,10,0.179861351153,0.230758180543
327,10,0.614280052204,0.814016984217
328,10,0.264530704563,0.340690980055
329,10,0.389342447153,0.480763950071
330,10,0.210906301031,0.261988762217
331,10,0.163381881611,0.210817591455
332,10,0.624798411974,0.809124662809
333,10,0.468394718587,0.547363540826
334,10,0.552345288886,0.64929577437
335,10,0.59479210516,0.810711251196
