cycle,count,mae,rmse
50,15,0.118187138603,0.146225978458
51,15,0.123978908622,0.149112596011
52,15,0.114125883218,0.147233640044
53,15,0.121469613246,0.14545850931
54,15,0.121094219646,0.143156374732
55,15,0.135503425368,0.167160587426
56,15,0.129848604591,0.153185186133
57,15,0.157928952373,0.182843271135
58,15,0.220551983019,0.264203082309
59,15,0.178911745008,0.221479660266
60,15,0.117940897968,0.152341548123
61,15,0.118009489196,0.147131594638
62,15,0.135142364805,0.162086907259
63,15,0.17338879212,0.220562233957
64,15,0.277015346088,0.329576459634
65,15,0.220455771806,0.271906100263
66,15,0.305594283239,0.404409720853
67,15,0.635390430888,0.745382620541
68,15,0.115944886032,0.145486566242
69,15,0.346758458803,0.440964683611
70,15,0.484635191543,0.594062264827
71,15,0.141305777492,0.184492427556
72,15,0.167530742566,0.201398271607
73,15,0.529795568009,0.740266355748
74,15,0.110305434999,0.130709916402
75,15,0.0991021056508,0.120152659842
76,15,0.134614919272,0.174701917143
77,15,0.185960700623,0.242968482872
78,15,0.14139862764,0.178488226573
79,15,0.167801992554,0.199961844881
80,15,0.0949265436656,0.11608943991
81,15,0.131089046372,0.165232476485
82,15,0.172097833383,0.217630858586
83,15,0.336501152833,0.414204703153
84,15,0.152264739081,0.194820004231
85,15,0.0883866967226,0.11063770469
86,15,0.140205399805,0.171030122468
87,15,0.127180824223,0.162090192523
88,15,0.18771860285,0.24855606068
89,15,0.22565517364,0.274973802078
90,15,0.2012055819,0.250434867993
91,15,0.106047354922,0.13660067395
92,15,0.18503160905,0.226141167838
93,15,0.230228557624,0.267726023647
94,15,0.105111720828,0.125749336425
95,15,0.119601460139,0.162621196331
96,15,0.267959668752,0.340197261165
97,15,0.112508369455,0.135424328226
98,15,0.0986769976408,0.12771398035
99,15,0.148233919687,0.192250201532
100,15,0.127046129228,0.163024542746
101,15,0.120347900509,0.15513123652
102,15,0.121153371091,0.147860517126
103,15,0.0911327859583,0.117938138157
104,15,0.141926421855,0.178958284401
105,15,0.154965387422,0.193007424125
106,15,0.135584503373,0.167646293324
107,15,0.125962585588,0.151747099047
108,15,0.191433851226,0.244521753548
109,15,0.188478058349,0.241472292025
110,15,0.212335357443,0.279369399283
111,15,0.158088332958,0.190184381566
112,15,0.142677090899,0.179983576009
113,15,0.179574816349,0.216468624354
114,15,0.195203139399,0.233010416215
115,15,0.126986617652,0.158377988709
116,15,0.182372157508,0.236018995552
117,15,0.193691654222,0.258355637557
118,15,0.222682025119,0.271709808997
119,15,0.305946823577,0.403572234122
120,15,0.647123883644,0.842480203367
121,15,0.702190307036,0.812327146545
122,15,0.8417111506,1.07500625149
123,15,0.625557960464,0.759974381642
124,15,0.495066147055,0.603877560661
125,15,0.548384748705,0.669400768716
126,15,0.583947880592,0.768792607588
127,15,0.499048703678,0.654333039147
128,15,0.204134904833,0.247327100529
129,15,0.213407754606,0.286321096042
130,15,0.129231286707,0.164709736862
131,15,0.164931288893,0.221588171113
132,15,0.300545005761,0.380751377078
133,15,0.445348665373,0.557743457788
134,15,0.340392412281,0.411440205294
135,15,0.440131538743,0.523010970056
136,15,0.224321370444,0.26636785208
137,15,0.266712788867,0.336924045204
138,15,0.199705782048,0.278990164505
139,15,0.17540030438,0.215694681762
140,15,0.146046248494,0.172508218676
141,15,0.105969794976,0.141925865416
142,15,0.145691085514,0.178611549033
143,15,0.169716225153,0.236326442907
144,15,0.153615154892,0.197316964222
145,15,0.160144706066,0.201425081002
146,15,0.127230784027,0.156006393707
147,15,0.120106013859,0.15498664174
148,15,0.193058964699,0.235504335395
149,15,0.116435857927,0.153445104808
150,15,0.132045369127,0.163548145582
151,15,0.120408177585,0.152573314913
152,15,0.112049669802,0.137191407088
153,15,0.163144882165,0.211973525067
154,15,0.200317188954,0.293847624206
155,15,0.300955048038,0.398600543761
156,15,0.121722435809,0.155334380896
157,15,0.205411563526,0.248207244958
158,15,0.184707326178,0.251750076875
159,15,0.143846332758,0.179125820767
160,15,0.119069785858,0.146493330105
161,15,0.126429682624,0.163210802371
162,15,0.136059599617,0.166972344902
163,15,0.138969552411,0.168544225674
164,15,0.150168036328,0.192197362487
165,15,0.148800892712,0.19305660064
166,15,0.113127594396,0.159061345388
167,15,0.152549693767,0.186442081231
168,15,0.153790822461,0.184754996897
169,15,0.139992958586,0.179965793702
170,15,0.170132587004,0.216079687333
171,15,0.135824738765,0.159480054382
172,15,0.235694058248,0.277375256036
173,15,0.153817178186,0.197819262758
174,15,0.134165455084,0.166858118833
175,15,0.10273692996,0.124745786504
176,15,0.13729241888,0.177130959545
177,15,0.145975368688,0.168523272988
178,15,0.0796078171228,0.101049742719
179,15,0.109340490067,0.144699874305
180,15,0.0868910593609,0.107589900179
181,15,0.101693734986,0.120277353836
182,15,0.0991546383149,0.124150178758
183,15,0.112332429143,0.134697270766
184,15,0.111348128834,0.140886676044
185,15,0.113314753298,0.148743807782
186,15,0.121833842262,0.161858083691
187,15,0.113000112293,0.137967668947
188,15,0.155859695646,0.198217160487
189,15,0.110220025135,0.137093372375
190,15,0.151626518758,0.185005473096
191,15,0.179151049906,0.22224680628
192,15,0.121546737789,0.164446659527
193,15,0.120088861107,0.158876238197
194,15,0.218724035502,0.271900924699
195,15,0.116946814581,0.146716493463
196,15,0.148467119127,0.193881382343
197,15,0.236471180476,0.283847865948
198,15,0.204088120666,0.282351972645
199,15,0.17262884253,0.226247252307
200,15,0.284736721717,0.34859289636
201,15,0.296360981315,0.373331391412
202,15,0.467977692394,0.523462734076
203,15,0.392775897607,0.487163880629
204,15,0.550420101065,0.675367020314
205,15,0.531409851603,0.614483223839
206,15,0.647147443026,0.752780673316
207,15,0.371449455974,0.461553384169
208,15,0.611464966767,0.742072815789
209,15,0.70154354277,0.906789687491
210,15,0.459278561204,0.567019173722
211,15,0.85318719326,1.08646582674
212,15,0.400088449545,0.503810100056
213,15,0.672216094113,0.87561914841
214,15,0.661612528417,1.06883115903
215,15,0.695325509265,0.976029757024
216,15,0.549270359311,0.698772470257
217,15,0.377691773108,0.468514754481
218,15,0.370276426229,0.456396320883
219,15,0.243425364233,0.306478670436
220,15,0.233925429937,0.304436228372
221,15,0.258215249875,0.326269200165
222,15,0.210345673902,0.264159349424
223,15,0.178010084046,0.215366105672
224,15,0.173284214828,0.223187408863
225,15,0.145015649234,0.1830448717
226,15,0.21747085636,0.257591233053
227,15,0.185179245289,0.234245176537
228,15,0.318013191955,0.401628673696
229,15,1.22835438709,1.49527356492
230,15,0.631125625723,0.781464657044
231,15,0.400173364681,0.513117169901
232,15,0.720910767476,0.865093879953
233,15,0.798555690444,1.07901212632
234,15,0.782102275973,1.0225798237
235,15,0.528233483498,0.692092285815
236,15,0.621624179939,0.749077113668
237,15,0.523727131419,0.662194754299
238,15,0.282715963596,0.358136373429
239,15,0.432258392354,0.515908235062
240,15,0.298681615748,0.356352548483
241,15,0.262938723774,0.323151185318
242,15,0.57772471698,0.749814172954
243,15,0.70952728858,0.912433228603
244,15,0.960331571396,1.21639215913
245,15,0.512338878215,0.683054478909
246,15,0.473295899208,0.635525775503
247,15,0.492929752447,0.597317721611
248,15,0.37576307052,0.470949389164
249,15,0.334357338511,0.400259132481
250,15,0.26222231818,0.333168980522
251,15,0.261906107299,0.34276182517
252,15,0.196943622732,0.244461392117
253,15,0.248510143096,0.315705470356
254,15,0.247885410445,0.310701909115
255,15,0.185606961247,0.240017123684
256,15,0.118835340908,0.147257302266
257,15,0.16191731242,0.19765901123
258,15,0.123992305377,0.149577488993
259,15,0.179886592184,0.220605227888
260,15,0.194123072949,0.245643631623
261,15,0.192650629694,0.244335230335
262,15,0.197331312325,0.245236877375
263,15,0.231086621246,0.279644793858
264,15,0.277274110036,0.367858214141
265,15,0.34233170376,0.449494890401
266,15,0.278917132356,0.351119178447
267,15,0.295671736259,0.385999432157
268,15,0.302413926579,0.381638608806
269,15,0.330857629252,0.404150886683
270,15,0.220378155201,0.297401637346
271,15,0.154724467172,0.187608470748
272,15,0.151517751331,0.186320081692
273,15,0.103659218822,0.134151678657
274,15,0.135556660466,0.172305283112
275,15,0.234204474042,0.311513182268
276,15,0.449422506896,0.556102508618
277,15,0.174854338643,0.222440979777
278,15,0.115835631108,0.159560473294
279,15,0.168206500548,0.221508526149
280,15,0.157853757257,0.202161338857
281,15,0.217466580272,0.284037259868
282,15,0.192958881662,0.229945476317
283,15,0.160702199,0.200533294568
284,15,0.176845264111,0.208374538627
285,15,0.114503864973,0.135632768972
286,15,0.17748420338,0.216992886644
287,15,0.135815690203,0.178781563327
288,15,0.132003155918,0.182034429974
289,15,0.164461628191,0.228414862765
290,15,0.221089164883,0.266957644408
291,15,0.16178969046,0.19137594154
292,15,0.12194794301,0.144742268889
293,15,0.126128367856,0.146107891063
294,15,0.0904809312037,0.134295059475
295,15,0.171785669296,0.219969508399
296,15,0.112788938447,0.137530732713
297,15,0.152502790101,0.196580954855
298,15,0.166747317407,0.195824260065
299,15,0.158363940834,0.194123008136
300,15,0.106816406421,0.137871958436
301,15,0.200939647183,0.228288250619
302,15,0.146735727567,0.18437364347
303,15,0.0926283111004,0.116961281823
304,15,0.122403988748,0.158541204022
305,15,0.202527015824,0.285675204831
306,15,0.168828471837,0.214660895033
307,15,0.126940029733,0.157302583373
308,15,0.116229626024,0.141746804028
309,15,0.216313074731,0.281458531434
310,15,0.180218950379,0.22632144196
311,15,0.243769006464,0.289295300275
312,15,0.317459725205,0.402276714485
313,15,0.617901792843,0.817551785034
314,15,0.292052384918,0.352896444772
315,15,0.19085800651,0.23718616955
316,15,0.24506484367,0.31107700908
317,15,0.246451436722,0.312683404815
318,15,0.192068068355,0.240544764266
319,15,0.241225389754,0.288734300108
320,15,0.199562243459,0.250286082943
321,15,0.107749084124,0.144964045983
322,15,0.138618305776,0.197882050867
323,15,0.196045058629,0.243002801345
324,15,0.165508497355,0.228342455573
325,15,0.252229118927,0.31282396054
326,15,0.167381990634,0.218504753984
327,15,0.427374019283,0.512586381822
328,15,0.320726093169,0.416309118721
329,15,0.178409030724,0.232121675691
330,15,0.1600068686,0.185819263178
331,15,0.242665084015,0.293081871285
332,15,0.435956908713,0.573083892703
333,15,0.322237299967,0.376351538604
334,15,0.652616788651,0.794164558734
335,15,0.532576145236,0.700349075378
