cycle,count,mae,rmse
50,5,0.10653512425,0.128965336233
51,5,0.119259769796,0.143552801356
52,5,0.1216158544,0.153095245067
53,5,0.123331831384,0.154088252007
54,5,0.0706389653845,0.0911558430661
55,5,0.194256631193,0.219016506297
56,5,0.124574988869,0.151513274234
57,5,0.127202612045,0.155499673069
58,5,0.199737267543,0.234480604451
59,5,0.167679754531,0.201900045656
60,5,0.206570757123,0.236368386418
61,5,0.161913374948,0.201406604062
62,5,0.3592191676,0.382121315021
63,5,0.236669572178,0.280799908926
64,5,0.242279231887,0.307100993441
65,5,0.215114354414,0.263497227933
66,5,0.342176950368,0.476444589193
67,5,0.459148119258,0.548391695321
68,5,0.130371960859,0.164237187571
69,5,0.167314808489,0.212963430377
70,5,0.269274172721,0.373217452685
71,5,0.19906519337,0.264565142745
72,5,0.129716779469,0.161121285722
73,5,0.384480783639,0.463505060619
74,5,0.128057129359,0.154422130828
75,5,0.102259420951,0.122084917377
76,5,0.282695118541,0.330642793369
77,5,0.224702562276,0.28437608812
78,5,0.257737019931,0.29125196807
79,5,0.11286660291,0.139358479632
80,5,0.13931144289,0.164277712288
81,5,0.127679516342,0.154791961884
82,5,0.218340904948,0.264301328274
83,5,0.172644354616,0.214542253219
84,5,0.122421430432,0.146572146713
85,5,0.112923233769,0.142922220998
86,5,0.187326613783,0.212395729406
87,5,0.136719388386,0.169073230664
88,5,0.248252800236,0.281909517872
89,5,0.192413275885,0.226795090561
90,5,0.249521215758,0.309526386651
91,5,0.131981138376,0.16325430109
92,5,0.12079730646,0.152564407297
93,5,0.174510925027,0.209315555001
94,5,0.120581778401,0.148863435238
95,5,0.155040852559,0.199905560932
96,5,0.392914932709,0.451601650025
97,5,0.0981301063204,0.125636253244
98,5,0.111235434027,0.140976531302
99,5,0.119120930837,0.145455630569
100,5,0.143742059022,0.181353544938
101,5,0.12531432581,0.154011837963
102,5,0.155607685933,0.187097368392
103,5,0.122133863141,0.154414292623
104,5,0.113109256355,0.13688092423
105,5,0.183425104954,0.214624804834
106,5,0.0998466930755,0.123999120222
107,5,0.122241157042,0.149121584593
108,5,0.125573820416,0.174244991699
109,5,0.166070554101,0.209821020763
110,5,0.184444256993,0.282480052964
111,5,0.173033355312,0.215083474785
112,5,0.165124063477,0.209795147969
113,5,0.16894438636,0.202903646624
114,5,0.144371801365,0.190252105541
115,5,0.136581825214,0.173536529004
116,5,0.250327041804,0.316042090255
117,5,0.180833822231,0.224134384942
118,5,0.178597225078,0.221297570638
119,5,0.282066941169,0.377898731998
120,5,0.827472905459,1.09301648729
121,5,0.584213376748,0.738067244859
122,5,0.742415255906,0.897959194274
123,5,0.554925900428,0.708101625691
124,5,0.614066271682,0.727877067534
125,5,0.497932644578,0.665738136576
126,5,0.431536785225,0.607288307168
127,5,0.577017781224,0.785519737978
128,5,0.167240586549,0.206931826541
129,5,0.253942743353,0.338842789801
130,5,0.120280834791,0.153217375242
131,5,0.170874929807,0.207133130379
132,5,0.309790363976,0.380918719918
133,5,0.44788678189,0.5724881686
134,5,0.388487724127,0.460149689166
135,5,0.581077865098,0.658279795151
136,5,0.366407925928,0.45083061405
137,5,0.333047554505,0.382407209837
138,5,0.190957498339,0.264977725757
139,5,0.163309412966,0.224283624393
140,5,0.0902971424985,0.112680492226
141,5,0.121695496686,0.149324385827
142,5,0.10667506604,0.134366369285
143,5,0.168797686399,0.231963597815
144,5,0.160035993394,0.19348693781
145,5,0.100986152783,0.129038509618
146,5,0.0855885479315,0.10530703166
147,5,0.196843585569,0.24185411639
148,5,0.122007234919,0.151723129558
149,5,0.102028316068,0.123940079554
150,5,0.0933701450006,0.120648969165
151,5,0.13393963935,0.162040840252
152,5,0.120448110369,0.149136142638
153,5,0.196804046923,0.234805571726
154,5,0.199958481506,0.293831690746
155,5,0.202135387615,0.292243814539
156,5,0.101652514672,0.127777100972
157,5,0.314598531972,0.37105476704
158,5,0.152787658413,0.218229370246
159,5,0.107482130631,0.133253487432
160,5,0.145297928572,0.174739973719
161,5,0.0944689117339,0.123498752468
162,5,0.153415295377,0.183199104369
163,5,0.177265609601,0.209382111583
164,5,0.181923493201,0.224758489893
165,5,0.17322819128,0.215378909291
166,5,0.145328475368,0.179639808745
167,5,0.159279532157,0.196155824553
168,5,0.0996030465304,0.129622284208
169,5,0.101696028413,0.132926123045
170,5,0.0969587280196,0.115892044903
171,5,0.271466957276,0.313871110269
172,5,0.141202460138,0.194274407352
173,5,0.176079950605,0.209762299727
174,5,0.119696168384,0.149235748776
175,5,0.221721768935,0.28699994593
176,5,0.20332880132,0.225210881423
177,5,0.160196424049,0.194524210495
178,5,0.152347344705,0.17640474287
179,5,0.0911986659541,0.116989745758
180,5,0.0783476681792,0.0952984243686
181,5,0.11997402522,0.142566779424
182,5,0.0812832893296,0.103147881201
183,5,0.131669340333,0.152610192124
184,5,0.0849978592915,0.109298583658
185,5,0.186030850375,0.207690253628
186,5,0.112630989105,0.133334021239
187,5,0.142780113924,0.169336180542
188,5,0.0901986781547,0.113493235348
189,5,0.131742884813,0.155782991632
190,5,0.187530337132,0.221156409502
191,5,0.319326816486,0.358667783674
192,5,0.305884400444,0.333305854663
193,5,0.127794422642,0.152592803019
194,5,0.0814776120242,0.10456338594
195,5,0.089451255739,0.112379257415
196,5,0.197003825892,0.240952211193
197,5,0.272353546978,0.330300359576
198,5,0.180311009766,0.265491691772
199,5,0.198845920311,0.252181310054
200,5,0.262145110745,0.330111495774
201,5,0.564879582785,0.710693672156
202,5,0.579533298101,0.663461400408
203,5,0.716366231289,0.816342030429
204,5,0.518291612257,0.71412684929
205,5,0.707711652672,0.83318078633
206,5,0.742595437491,0.861867995275
207,5,0.891821719806,1.01698795776
208,5,0.698173719294,0.829301663974
209,5,0.541847946088,0.666981772508
210,5,0.511024813429,0.619070900206
211,5,0.757538547686,0.930522934886
212,5,0.454429162617,0.544929607232
213,5,0.699889068865,0.911227123506
214,5,0.676336405529,0.989745155578
215,5,0.742017618851,0.899446347944
216,5,0.693011530531,0.826282098967
217,5,0.411568546438,0.51596500045
218,5,0.353167024919,0.422056002454
219,5,0.250239623778,0.347180777728
220,5,0.210176895622,0.274224603903
221,5,0.232563974703,0.324054584541
222,5,0.193134429628,0.240465884487
223,5,0.168337864362,0.208892667164
224,5,0.123327867163,0.169200742986
225,5,0.170387467503,0.215329800409
226,5,0.223666835309,0.276489483981
227,5,0.150078802538,0.196410259457
228,5,0.383375323962,0.456073192513
229,5,0.475832069164,0.604122901283
230,5,0.95603790886,1.08788726933
231,5,0.673651500818,0.822175468909
232,5,1.24415959654,1.42937837338
233,5,0.676274780642,0.907465495891
234,5,0.869691795115,1.02340986274
235,5,1.03609701203,1.27564168011
236,5,0.520480551877,0.637848080314
237,5,0.49880735317,0.615435475393
238,5,0.593012866778,0.748275617598
239,5,0.419582389075,0.493600070837
240,5,0.379166192346,0.431659294007
241,5,0.427402964513,0.530854946511
242,5,0.400108506769,0.479169679242
243,5,0.637958156135,0.825332696956
244,5,0.782249941937,0.912368688555
245,5,1.24491974587,1.56663478162
246,5,0.596246901391,0.726906049365
247,5,0.453122080905,0.550416470033
248,5,0.490482948886,0.571262850923
249,5,0.438148446626,0.570862505645
250,5,0.302330560641,0.380626386395
251,5,0.31577956557,0.399254827621
252,5,0.280750344501,0.364394420958
253,5,0.309896095822,0.362447719465
254,5,0.166030679948,0.217889887324
255,5,0.121808147011,0.169692823168
256,5,0.107019946932,0.138097364698
257,5,0.182733795943,0.232628680237
258,5,0.116466792102,0.145575245748
259,5,0.18086799516,0.224101423864
260,5,0.135825132804,0.167838812952
261,5,0.169400013871,0.214886847461
262,5,0.232967521479,0.291248131599
263,5,0.232623524115,0.306619273964
264,5,0.437691046132,0.566768523181
265,5,0.402966656767,0.482198411857
266,5,0.526887923589,0.647860424385
267,5,0.380494253663,0.475374310043
268,5,0.30027697057,0.37819868075
269,5,0.289591323581,0.363923158275
270,5,0.212509544044,0.249837089879
271,5,0.157143157487,0.193486854461
272,5,0.153418230999,0.184235480526
273,5,0.203713441451,0.258321328222
274,5,0.202129313971,0.24806183457
275,5,0.203634904094,0.258643310023
276,5,0.337430105947,0.435936794457
277,5,0.294855244076,0.368428029345
278,5,0.164342527987,0.204889929237
279,5,0.142598961822,0.177383269416
280,5,0.195515149014,0.251306579252
281,5,0.192577241639,0.246302211197
282,5,0.279873589702,0.323180812719
283,5,0.326929621076,0.375420138886
284,5,0.174118137271,0.205827415178
285,5,0.136510650765,0.161862328557
286,5,0.150820273699,0.181331806549
287,5,0.19747214677,0.268003013788
288,5,0.0980102030231,0.126604962126
289,5,0.177768698969,0.242320429681
290,5,0.163358595796,0.226983515722
291,5,0.222026347738,0.268551826419
292,5,0.10620213554,0.136934936689
293,5,0.123679973895,0.153064579608
294,5,0.149681066843,0.196855353113
295,5,0.148490356468,0.194510508701
296,5,0.150413039915,0.177728823213
297,5,0.203335229818,0.237091932908
298,5,0.26708962968,0.308144486152
299,5,0.241397812242,0.302698247088
300,5,0.197817932512,0.263894471301
301,5,0.170949407242,0.217018930489
302,5,0.157666808759,0.198034854783
303,5,0.0895176119812,0.112907214777
304,5,0.145786647604,0.176861872116
305,5,0.175875525748,0.236657006475
306,5,0.0929115005522,0.125261956328
307,5,0.133080317232,0.172040349485
308,5,0.197287599774,0.229562105034
309,5,0.299668494994,0.379453188909
310,5,0.140570452287,0.165513062857
311,5,0.453652126311,0.532019607558
312,5,0.376497413863,0.461125569222
313,5,0.736055616965,0.9038889948
314,5,0.381344422677,0.485957799969
315,5,0.300308055586,0.384030036801
316,5,0.351504752614,0.448560790347
317,5,0.335795718457,0.4172500146
318,5,0.214965149113,0.283039762098
319,5,0.279849174804,0.360125404357
320,5,0.172535684297,0.219287380205
321,5,0.170276942745,0.228134432679
322,5,0.123233633791,0.150080448402
323,5,0.128850992498,0.162107290175
324,5,0.135930125052,0.171124230077
325,5,0.207223793129,0.263068183219
326,5,0.182189251199,0.223041452253
327,5,0.451665284818,0.545392727785
328,5,0.2526239787,0.319531883312
329,5,0.152085255829,0.221037252197
330,5,0.148254570887,0.175751753512
331,5,0.256894818502,0.31865868344
332,5,0.290650728703,0.354540389227
333,5,0.554430885273,0.639236325539
334,5,0.468285942947,0.561604087629
335,5,0.858475316586,1.01747091168
