cycle,count,mae,rmse
5,5,0.201668393265,0.243462135868
6,5,0.187109784524,0.232083495992
7,5,0.192090599746,0.233321900359
8,5,0.141396417777,0.184262870992
9,5,0.200869770665,0.255507589775
10,5,0.240110926594,0.313522662889
11,5,0.338890616609,0.400817171285
12,5,0.353342759947,0.410207518281
13,5,0.187598473077,0.225462771216
14,5,0.27160096859,0.320271660573
15,5,0.295629152976,0.341985130128
16,5,0.192906821704,0.231791975801
17,5,0.325802890705,0.376907706216
18,5,0.169439683032,0.218617512569
19,5,0.181030746967,0.241540158789
20,5,0.150432624799,0.190918322826
21,5,0.159509417327,0.205139632777
22,5,0.308457690557,0.359718794139
23,5,0.239834106769,0.28058963541
24,5,0.190134495423,0.226568498287
25,5,0.175227532407,0.217575277005
26,5,0.290820065683,0.352732496342
27,5,0.169751211636,0.216253410493
28,5,0.190762693055,0.237558758704
29,5,0.17534960077,0.22774014475
30,5,0.162007447595,0.198377074821
31,5,0.194297491505,0.22761608966
32,5,0.244107860877,0.289202313871
33,5,0.304139773852,0.351744981162
34,5,0.363661941307,0.407569373366
35,5,0.354400751254,0.426169181072
36,5,0.365559997896,0.457556725324
37,5,0.320005578891,0.417246817906
38,5,0.264021711618,0.35692644406
39,5,0.524764620053,0.581300772705
40,5,0.379088062983,0.457204491692
41,5,0.399555672793,0.474496154577
42,5,0.170456782349,0.216829745614
43,5,0.145927662808,0.191804629604
44,5,0.243465138459,0.28541526684
45,5,0.238512982841,0.302690354899
46,5,0.188660123063,0.251031484451
47,5,0.162799895584,0.19752486908
48,5,0.162011494837,0.210250953606
49,5,0.156125856801,0.210092680385
50,5,0.145127967369,0.181770797645
51,5,0.173208140724,0.204197980604
52,5,0.206639309132,0.251599822451
53,5,0.203392007957,0.258017179989
54,5,0.150028206414,0.181717548754
55,5,0.135223056819,0.180658368303
56,5,0.163998809872,0.220706285864
57,5,0.190889203344,0.230868130784
58,5,0.259361413093,0.33671401632
59,5,0.242038269583,0.320083570691
60,5,0.188252397127,0.243812104475
61,5,0.177478542137,0.21092511085
62,5,0.181957222718,0.231911227686
63,5,0.238229076338,0.310640300845
64,5,0.322960543468,0.419792093679
65,5,0.183720848697,0.238043267496
66,5,0.376065860593,0.480212946539
67,5,0.690755058126,0.812811916188
68,5,0.156549864016,0.200697155679
69,5,0.205560072434,0.243654257677
70,5,0.278140896213,0.368595312289
71,5,0.188692343237,0.244399181476
72,5,0.154087337883,0.193271396302
73,5,0.364293677712,0.504994621546
74,5,0.248078477012,0.286792948717
75,5,0.153883751367,0.195864454835
76,5,0.355286536594,0.392950735134
77,5,0.168669990418,0.222939320377
78,5,0.172843876835,0.222670726498
79,5,0.118370810864,0.144728999843
80,5,0.114120027831,0.143034194829
81,5,0.152956484783,0.192113696867
82,5,0.158823554311,0.193428012967
83,5,0.299944741316,0.340462111118
84,5,0.168553488619,0.213859029034
85,5,0.123337011102,0.153947284218
86,5,0.381261578568,0.408355550201
87,5,0.151628005691,0.199639775727
88,5,0.358315856921,0.471126572594
89,5,0.178066117785,0.218297191235
90,5,0.367700458971,0.454405990717
91,5,0.324775883444,0.3880112463
92,5,0.187920618019,0.247944568203
93,5,0.245866637847,0.34752145822
94,5,0.210943749485,0.259077429892
95,5,0.322484423545,0.389816592073
96,5,0.38176917091,0.444487901605
97,5,0.228538498984,0.281986086282
98,5,0.135196083373,0.166566179517
99,5,0.332523129632,0.370875741021
100,5,0.128343957435,0.163204644905
101,5,0.151282606261,0.182180553173
102,5,0.191448903165,0.226258648136
103,5,0.376560620405,0.446163249068
104,5,0.169610938121,0.210020236843
105,5,0.145263842942,0.182851414346
106,5,0.130029787962,0.161166309654
107,5,0.256502998506,0.301938231496
108,5,0.384735945901,0.42351686493
109,5,0.331845417559,0.428083903565
110,5,0.277778416362,0.354605697259
111,5,0.295638686134,0.370083209312
112,5,0.383534505785,0.446995855288
113,5,0.241574928713,0.31808892779
114,5,0.334501429458,0.430266877071
115,5,0.20598783546,0.277220620776
116,5,0.208129246258,0.252053182044
117,5,0.20706908694,0.250967215876
118,5,0.253001570967,0.295702396168
119,5,0.320887704616,0.367807330993
120,5,0.714770440966,0.859327625508
121,5,0.535496001609,0.640266679729
122,5,0.699891745111,0.854120010522
123,5,0.494235677275,0.58730876031
124,5,0.447921011733,0.545988862821
125,5,0.561350932718,0.665087037076
126,5,0.470190973038,0.635137293643
127,5,0.624956555116,0.78361246575
128,5,0.191759101228,0.238626761469
129,5,0.155658117331,0.231026822737
130,5,0.16419619135,0.202923237763
131,5,0.186804868892,0.24408121426
132,5,0.335375778718,0.438014648894
133,5,0.512475216778,0.633368213991
134,5,0.61865257033,0.801640731305
135,5,0.548848138808,0.725415439676
136,5,0.428740823245,0.502298275626
137,5,0.325945048522,0.477044058065
138,5,0.328040986035,0.41352241464
139,5,0.250545855825,0.29386533203
140,5,0.189504133548,0.220811330982
141,5,0.170142349249,0.218466324226
142,5,0.197715677173,0.253191663391
143,5,0.22226548893,0.296619464215
144,5,0.133891233725,0.18998928383
145,5,0.202973292922,0.262769253136
146,5,0.12860991373,0.16553186001
147,5,0.136281684972,0.167305861527
148,5,0.109759035571,0.133718797596
149,5,0.153342277512,0.191774484663
150,5,0.104252868748,0.138148892569
151,5,0.114573426811,0.146126433208
152,5,0.175049055638,0.220457702221
153,5,0.18154842048,0.242130494509
154,5,0.210158670853,0.300233905483
155,5,0.263316821609,0.339078930772
156,5,0.133287336096,0.168635238787
157,5,0.29022306091,0.35484076899
158,5,0.174637858187,0.25007331105
159,5,0.128957423387,0.168416607968
160,5,0.181292288729,0.238055755148
161,5,0.216700544112,0.25050504009
162,5,0.142345118077,0.171053193738
163,5,0.302192320324,0.333388025101
164,5,0.214003160487,0.253901250719
165,5,0.110875612983,0.164102918789
166,5,0.131559271016,0.184388214289
167,5,0.129862750251,0.166986626301
168,5,0.137543288805,0.185751457636
169,5,0.129705354722,0.162364456179
170,5,0.137741632272,0.171059336589
171,5,0.17273731337,0.200142312444
172,5,0.151135890922,0.184053594933
173,5,0.158719312029,0.190295557914
174,5,0.120766055886,0.146896576756
175,5,0.170231586562,0.20342553875
176,5,0.124943018434,0.151586894323
177,5,0.111363219672,0.134073258641
178,5,0.126626972363,0.155112614432
179,5,0.109929664814,0.135367432712
180,5,0.0972405849872,0.121889936289
181,5,0.115269118516,0.144069022462
182,5,0.158500684907,0.203741192225
183,5,0.121561679339,0.151129818169
184,5,0.217047348907,0.239564082592
185,5,0.187088024954,0.215388788187
186,5,0.136454491498,0.17040047287
187,5,0.131746014983,0.196426369965
188,5,0.113454184385,0.14241800305
189,5,0.1351701292,0.197965816145
190,5,0.202559426271,0.250180655928
191,5,0.168225176457,0.228618450698
192,5,0.240027082726,0.28048282993
193,5,0.139070370599,0.223623834332
194,5,0.160402328955,0.200830026836
195,5,0.139952054983,0.1675894622
196,5,0.169287142611,0.2663682541
197,5,0.331138305395,0.478134573698
198,5,0.204351017545,0.35664781263
199,5,0.236741163116,0.296362666596
200,5,0.332143637945,0.43198814315
201,5,0.501923371139,0.642907406489
202,5,0.600521230649,0.755395439504
203,5,0.59229640313,0.688345949696
204,5,0.500736846727,0.660617585266
205,5,0.678580449153,0.863084925913
206,5,0.767706018813,0.971940736823
207,5,0.586360759071,0.756763542821
208,5,0.697791454798,0.797851995296
209,5,0.631574930453,0.756597498567
210,5,0.694153012192,0.820197526545
211,5,0.954917934033,1.14538926516
212,5,0.55224451288,0.621680960193
213,5,0.551552972184,0.685837131109
214,5,0.627119038433,0.893900168684
215,5,0.610792970381,0.789576979904
216,5,0.499601755387,0.616161384527
217,5,0.390682976251,0.484860649313
218,5,0.277309576515,0.351050277673
219,5,0.249470467527,0.334066528216
220,5,0.20409591467,0.262057575247
221,5,0.219949453524,0.300204511113
222,5,0.23998389555,0.31453746062
223,5,0.141244274805,0.1746936896
224,5,0.141770700573,0.197397314473
225,5,0.121636600294,0.153665198264
226,5,0.193046992817,0.243105907185
227,5,0.192618813735,0.247493877518
228,5,0.327433499958,0.401062886866
229,5,0.648571468012,0.770526921882
230,5,0.729203527961,0.859939415928
231,5,0.595792116178,0.69424652291
232,5,1.04257977644,1.16638230033
233,5,0.931316338553,1.16540749624
234,5,0.8452073655,1.02471725223
235,5,0.78965445139,0.946767310329
236,5,0.656731462662,0.826118348649
237,5,0.575545535234,0.671504861013
238,5,0.469999243396,0.60726766698
239,5,0.572776744684,0.768534937285
240,5,0.413266893978,0.486818989166
241,5,0.425860627998,0.52446685667
242,5,0.755157513197,0.863737214149
243,5,0.822032421853,0.963134525776
244,5,1.31037127059,1.49961825863
245,5,1.01359716434,1.12700946339
246,5,0.820960160942,0.939133976403
247,5,0.705393433682,0.872105394096
248,5,0.666061027828,0.799470192001
249,5,0.553493493492,0.672064059511
250,5,0.434210883338,0.524373003757
251,5,0.486119283324,0.577241855666
252,5,0.355987815351,0.413961110145
253,5,0.375046390424,0.427379235934
254,5,0.270154258441,0.308664198801
255,5,0.159099082382,0.206997269971
256,5,0.14889540516,0.184221290997
257,5,0.262588201233,0.320109939697
258,5,0.149966604713,0.205155308511
259,5,0.14944973442,0.184976257942
260,5,0.156199512244,0.202455050971
261,5,0.270772211525,0.330088978984
262,5,0.251515563648,0.303298826729
263,5,0.185508375756,0.222324236919
264,5,0.308265673948,0.389287291802
265,5,0.327180622005,0.414873840365
266,5,0.453312490492,0.549693948693
267,5,0.337588432567,0.400397341848
268,5,0.24310400394,0.31255041887
269,5,0.210587447719,0.264148549193
270,5,0.284202319238,0.36594918917
271,5,0.174084640593,0.216680703593
272,5,0.16342181992,0.203545502879
273,5,0.115244632556,0.151601031848
274,5,0.139566987829,0.184070581882
275,5,0.170793528405,0.220757420412
276,5,0.411365818529,0.473152447605
277,5,0.177036799375,0.234008326929
278,5,0.0998223245777,0.127300769421
279,5,0.11215547781,0.145383072812
280,5,0.333464824766,0.36882786183
281,5,0.172069513024,0.223848693862
282,5,0.291431050838,0.3210444088
283,5,0.150723591473,0.208585606065
284,5,0.194023170408,0.227219841864
285,5,0.174404213213,0.210838426782
286,5,0.124299218261,0.15046719621
287,5,0.145542569306,0.18468561697
288,5,0.315808376352,0.352509103184
289,5,0.174549861924,0.220398630036
290,5,0.282698948591,0.346916493188
291,5,0.196986575557,0.235056002087
292,5,0.133434920318,0.171537212418
293,5,0.120270433532,0.159705449116
294,5,0.207458921766,0.248524451133
295,5,0.159001879182,0.219392650302
296,5,0.129040571479,0.154503483822
297,5,0.124584737802,0.159838197229
298,5,0.141492783685,0.181403448401
299,5,0.12631340489,0.172919998764
300,5,0.160157291432,0.202899915964
301,5,0.14308313298,0.188969710057
302,5,0.121752691659,0.157124023203
303,5,0.207818817417,0.245816749141
304,5,0.11667353232,0.139517253963
305,5,0.144213867177,0.185867287594
306,5,0.116991303403,0.15274657767
307,5,0.128577199051,0.164770251103
308,5,0.125964105815,0.149950821279
309,5,0.235512925821,0.301284089124
310,5,0.188673366777,0.236544497793
311,5,0.230102271941,0.287048140132
312,5,0.312120223517,0.389474394537
313,5,0.451826986614,0.570667408391
314,5,0.269485021503,0.32581446529
315,5,0.245474590049,0.304261501052
316,5,0.227405360021,0.287125610326
317,5,0.273185305315,0.354975872852
318,5,0.177826698405,0.221373869498
319,5,0.267499652122,0.318605599809
320,5,0.269524675605,0.318686371302
321,5,0.135004421278,0.18481806164
322,5,0.128642558513,0.171926466433
323,5,0.205722914057,0.250721481562
324,5,0.13062105614,0.166090891164
325,5,0.166646946347,0.209659462351
326,5,0.162685714344,0.221243047869
327,5,0.417504222792,0.535523637851
328,5,0.25465654128,0.339239327089
329,5,0.147566962998,0.205196800206
330,5,0.201349590274,0.249169688553
331,5,0.143324758682,0.190778510513
332,5,0.320738139168,0.400251143764
333,5,0.481049599219,0.540404627235
334,5,0.644703848776,0.750628299436
335,5,0.676612597451,0.783779958103
