cycle,count,mae,rmse
5,4,0.15564439604,0.208644566054
6,4,0.126842088782,0.169869981111
7,4,0.123669906438,0.170958794011
8,4,0.119877546863,0.168431002812
9,4,0.217767611782,0.270130027773
10,4,0.196366884265,0.270735594682
11,4,0.318634011615,0.39242143806
12,4,0.278718315467,0.348043327401
13,4,0.20636665318,0.259535269057
14,4,0.20477801684,0.273041766451
15,4,0.140654231826,0.170630217045
16,4,0.132679035477,0.165022907613
17,4,0.206190279621,0.263253044289
18,4,0.187481327292,0.230010106212
19,4,0.151940374099,0.19744294667
20,4,0.142160501859,0.191222541795
21,4,0.162946588933,0.200167824934
22,4,0.151405403254,0.19196977488
23,4,0.194635761458,0.228492650998
24,4,0.144301958063,0.184776920267
25,4,0.207480362068,0.252616519933
26,4,0.350026576967,0.402456441418
27,4,0.21230222238,0.264067738756
28,4,0.156682101187,0.211309033997
29,4,0.173635476543,0.222461420298
30,4,0.141764435878,0.180750294703
31,4,0.179514680861,0.214041072538
32,4,0.11608169274,0.162946947055
33,4,0.145458211959,0.199831425846
34,4,0.223936197745,0.280604624735
35,4,0.351499818192,0.409421604912
36,4,0.29849401764,0.396677571342
37,4,0.24041421946,0.348557478504
38,4,0.272338387908,0.375025502654
39,4,0.267035055668,0.369332364261
40,4,0.33450841067,0.404345840781
41,4,0.359108106354,0.443558658842
42,4,0.24326428875,0.291290340093
43,4,0.134396776166,0.183003056081
44,4,0.183478167968,0.234633250297
45,4,0.182821753052,0.222341303376
46,4,0.167342779961,0.220405923626
47,4,0.171412435736,0.204677161967
48,4,0.14144605783,0.182062639189
49,4,0.128652799296,0.168993761169
50,4,0.145849441696,0.17400238274
51,4,0.133890541902,0.16866024414
52,4,0.117765502049,0.147893881901
53,4,0.176706735567,0.231329501929
54,4,0.108937197734,0.133457406231
55,4,0.130913015473,0.168421818622
56,4,0.166104150685,0.224561621816
57,4,0.178620467565,0.217621083637
58,4,0.243480967659,0.307943096194
59,4,0.21089135409,0.272213613815
60,4,0.171515271514,0.218294214399
61,4,0.146919995922,0.178612626111
62,4,0.18923236592,0.238531324635
63,4,0.172360665723,0.229461840488
64,4,0.270360888616,0.345744702096
65,4,0.196585025362,0.250074335885
66,4,0.337624461992,0.45527326982
67,4,0.649897034268,0.751855846664
68,4,0.134369186901,0.174562466668
69,4,0.149592164045,0.192449574315
70,4,0.267052443013,0.37351039614
71,4,0.166215802514,0.200955179979
72,4,0.141314815159,0.174691724266
73,4,0.337267383332,0.425331848588
74,4,0.112224473692,0.14418960984
75,4,0.128435221717,0.163807403478
76,4,0.144842891738,0.180976482087
77,4,0.15128338952,0.20970655302
78,4,0.121861663714,0.14843995968
79,4,0.0885094409852,0.113673476963
80,4,0.102537909928,0.128337168627
81,4,0.131708031753,0.168341161952
82,4,0.157685890589,0.187647222005
83,4,0.161237975206,0.216011808357
84,4,0.144547319102,0.183565217968
85,4,0.123605970239,0.155162735685
86,4,0.151438453625,0.187659722264
87,4,0.13331422798,0.174810206695
88,4,0.266988428619,0.308017294475
89,4,0.164626377308,0.207170841603
90,4,0.30291003953,0.385817063393
91,4,0.128425616763,0.16764733459
92,4,0.175739384264,0.224172937245
93,4,0.262072606995,0.291398104908
94,4,0.126680797498,0.158361399056
95,4,0.200002083323,0.261692398916
96,4,0.385687847726,0.441867512595
97,4,0.0927845916736,0.123050396838
98,4,0.111819475926,0.140646926388
99,4,0.152322474203,0.187903081281
100,4,0.114449551283,0.145768958184
101,4,0.186545952199,0.224990386392
102,4,0.183186966909,0.236110340119
103,4,0.180251567752,0.231045964935
104,4,0.149342812224,0.190511683525
105,4,0.156765787622,0.18582306542
106,4,0.115310756516,0.15232662452
107,4,0.13702640579,0.173923702869
108,4,0.207818749459,0.254828184584
109,4,0.246973584533,0.305520627829
110,4,0.261930194338,0.334159157529
111,4,0.242310580614,0.302068778751
112,4,0.202862851439,0.256725952742
113,4,0.227030711773,0.312407369201
114,4,0.222463474755,0.328408072663
115,4,0.179132873151,0.21767421388
116,4,0.1448289625,0.184652939262
117,4,0.141662554862,0.182136333884
118,4,0.171837439214,0.217762710031
119,4,0.308020508063,0.35377410829
120,4,0.60638783169,0.791204186191
121,4,0.490105075442,0.611113705894
122,4,0.61725630292,0.840698978315
123,4,0.516370759442,0.588034743789
124,4,0.433991826696,0.557837492662
125,4,0.505538762747,0.594586500581
126,4,0.695833199986,0.807279388015
127,4,0.502120757221,0.601961051742
128,4,0.219438806474,0.267916357364
129,4,0.173941501549,0.256574412827
130,4,0.14960581899,0.193866220782
131,4,0.175998894197,0.228700611473
132,4,0.295870576924,0.376020616854
133,4,0.467935314296,0.565679534391
134,4,0.543659310005,0.65555401129
135,4,0.449792396717,0.565298600898
136,4,0.36347376303,0.455682727116
137,4,0.277765833399,0.346669729252
138,4,0.225976172518,0.296523929698
139,4,0.199582830337,0.251785180665
140,4,0.12757725242,0.162654437213
141,4,0.161913343357,0.206200439106
142,4,0.137958448708,0.187829126788
143,4,0.260821941636,0.321860394505
144,4,0.129245933286,0.162471419316
145,4,0.126452863832,0.170002298488
146,4,0.115386391185,0.149508697206
147,4,0.105523052242,0.137220400084
148,4,0.111524722793,0.14213348942
149,4,0.101112302061,0.136111010467
150,4,0.120122434364,0.15637262129
151,4,0.143532445419,0.177432027751
152,4,0.148730697488,0.178266913396
153,4,0.171110825954,0.214988158265
154,4,0.213587003551,0.282266371328
155,4,0.205325596235,0.290679519351
156,4,0.157568711926,0.196381967195
157,4,0.251711432281,0.298556567981
158,4,0.183654403577,0.242714448227
159,4,0.135139880772,0.172649471861
160,4,0.158882966045,0.196122918085
161,4,0.15345597102,0.208426325296
162,4,0.172085266651,0.208526731753
163,4,0.140033424921,0.173305619805
164,4,0.147693081825,0.192914154082
165,4,0.172097335641,0.224479633653
166,4,0.15495566354,0.194123044696
167,4,0.168856589468,0.223255050652
168,4,0.171570280213,0.202754496682
169,4,0.15443396804,0.185740808094
170,4,0.143173869982,0.177354564489
171,4,0.133948563487,0.174067861473
172,4,0.14041571301,0.196755448
173,4,0.166443869266,0.209044689887
174,4,0.165358870017,0.208514526858
175,4,0.138520267833,0.1825056119
176,4,0.144961002877,0.178401052352
177,4,0.141699600201,0.176439780601
178,4,0.130654155734,0.169804970991
179,4,0.149750047969,0.185808603013
180,4,0.120452823027,0.152533256803
181,4,0.131826066252,0.168072073349
182,4,0.131991105359,0.162379234321
183,4,0.121617515276,0.151015073337
184,4,0.112937046626,0.151945237934
185,4,0.116599970479,0.154588374048
186,4,0.124008792711,0.15625448311
187,4,0.142967123025,0.184319847276
188,4,0.145435934999,0.194668449122
189,4,0.165926963737,0.205152220437
190,4,0.155667741523,0.202889145938
191,4,0.172441234317,0.21869947903
192,4,0.15115375248,0.192228968545
193,4,0.151612795743,0.18292567052
194,4,0.140334857711,0.173782283102
195,4,0.124379500211,0.164664513704
196,4,0.197229633989,0.232943396784
197,4,0.233003357463,0.31817741838
198,4,0.205796978512,0.28773296455
199,4,0.190017985039,0.255129950341
200,4,0.247640662367,0.322773051758
201,4,0.433749673951,0.53536659581
202,4,0.551533329348,0.703328200744
203,4,0.529161871908,0.624253760829
204,4,0.482218807037,0.592074171213
205,4,0.595189990118,0.699120712751
206,4,0.613403406803,0.769141141361
207,4,0.539075913791,0.702810724718
208,4,0.685242005311,0.881928145162
209,4,0.502943049251,0.632144243957
210,4,0.611663728555,0.73269120208
211,4,0.790457405467,0.981780196315
212,4,0.524125378892,0.687352966182
213,4,0.51909974276,0.648218599892
214,4,0.667908934244,0.908497289773
215,4,0.575453818142,0.698052816087
216,4,0.465207684684,0.595007886155
217,4,0.421482995496,0.475688309174
218,4,0.287212223403,0.367814104918
219,4,0.266694264616,0.356199587509
220,4,0.230673013478,0.299302503341
221,4,0.258984407236,0.330575253066
222,4,0.235985680156,0.289546367695
223,4,0.206021165507,0.259225083417
224,4,0.210999130748,0.263626209947
225,4,0.194012321055,0.25651998911
226,4,0.175978352604,0.227907861744
227,4,0.223649851962,0.271722348296
228,4,0.292069885551,0.380268003398
229,4,0.608491726495,0.724848613903
230,4,0.573802647065,0.672557613123
231,4,0.547808561554,0.637201878717
232,4,0.918486234117,1.01871311674
233,4,0.807843279054,0.966440547824
234,4,0.781995550594,0.901945993784
235,4,0.668890985528,0.780430558528
236,4,0.537321455199,0.619840720937
237,4,0.537991372545,0.678959128255
238,4,0.445542715989,0.527155628806
239,4,0.503118783767,0.675189780888
240,4,0.376703712892,0.429312056037
241,4,0.374913283709,0.438749964084
242,4,0.609684089487,0.714842642943
243,4,0.681612232019,0.832389986171
244,4,0.950280354338,1.13397472404
245,4,0.954236751309,1.23488175625
246,4,0.683845650924,0.810842161661
247,4,0.682013543687,0.79229099854
248,4,0.55134614828,0.690741702333
249,4,0.488732386805,0.595351003997
250,4,0.378399298129,0.451963437027
251,4,0.43637792964,0.532883580841
252,4,0.264436539247,0.341724296632
253,4,0.370295603058,0.450226235496
254,4,0.164842304868,0.221362111648
255,4,0.188659483371,0.230977591302
256,4,0.117105201764,0.151903149366
257,4,0.193888639198,0.263282710756
258,4,0.141708983842,0.180653363001
259,4,0.148892786403,0.187883385963
260,4,0.185692253219,0.244901034853
261,4,0.214299701972,0.271311301776
262,4,0.240651508517,0.306889873663
263,4,0.195908069607,0.254528131834
264,4,0.315724747972,0.418952727359
265,4,0.349780401398,0.422309111136
266,4,0.359548017052,0.441131849703
267,4,0.34996002696,0.413133091707
268,4,0.29717599923,0.364742819386
269,4,0.29652425622,0.35122026704
270,4,0.294487625407,0.356837681389
271,4,0.273321144084,0.328020983275
272,4,0.209069005606,0.25769278219
273,4,0.18896584863,0.231881416469
274,4,0.191931220667,0.245933199653
275,4,0.215876621593,0.271506923543
276,4,0.387562853793,0.486344574076
277,4,0.188534264272,0.243913443644
278,4,0.184836663219,0.226781512973
279,4,0.174586124315,0.232203811868
280,4,0.246117364644,0.302105933552
281,4,0.213913365287,0.282392749054
282,4,0.206325034778,0.249586337695
283,4,0.188206094821,0.238101976543
284,4,0.192418321927,0.238684245755
285,4,0.194805654288,0.240006739317
286,4,0.18163612583,0.214901095818
287,4,0.208748418783,0.257504367777
288,4,0.16422772323,0.216888535863
289,4,0.229650268658,0.283908454372
290,4,0.168884216546,0.224012491446
291,4,0.175421058154,0.209038270374
292,4,0.147823580389,0.174769030703
293,4,0.179283388432,0.217894636102
294,4,0.181214392581,0.22151582534
295,4,0.198275793444,0.240314308884
296,4,0.157576574909,0.193350404621
297,4,0.147693224043,0.179171637962
298,4,0.183302807019,0.226824319822
299,4,0.185014740673,0.234781479405
300,4,0.222120714999,0.267007033909
301,4,0.156809449698,0.194050783576
302,4,0.15621008949,0.182922569308
303,4,0.19704495889,0.241594186205
304,4,0.168816431194,0.210609638519
305,4,0.141448549898,0.173410269511
306,4,0.148718387811,0.172934137369
307,4,0.175580216518,0.204625945432
308,4,0.178879609893,0.211170997348
309,4,0.257790195432,0.31666029814
310,4,0.202886637444,0.243254382972
311,4,0.260580453515,0.302557135995
312,4,0.29049191996,0.36838325422
313,4,0.488216774275,0.622094948297
314,4,0.256403839284,0.324245054901
315,4,0.223353811778,0.272453535668
316,4,0.258667430664,0.324632607461
317,4,0.23318876426,0.303064407341
318,4,0.21512422169,0.259881806171
319,4,0.262518346265,0.335612119508
320,4,0.183853613455,0.230890222438
321,4,0.141096747243,0.178854907274
322,4,0.166764812445,0.208412768296
323,4,0.157565154039,0.202241134696
324,4,0.153054490157,0.191815566519
325,4,0.173866251548,0.211873822545
326,4,0.193356276246,0.24734493069
327,4,0.408722783996,0.490872025612
328,4,0.235900341756,0.326863217221
329,4,0.183404964599,0.226638379484
330,4,0.159841828977,0.203775881097
331,4,0.142626811993,0.187554740366
332,4,0.290181182394,0.344733654999
333,4,0.445558641623,0.542339943134
334,4,0.591675947476,0.7538575714
335,4,0.751217044632,0.88786442868
