cycle,count,mae,rmse
50,25,0.115824079298,0.142342269957
51,25,0.108339640257,0.133741000765
52,25,0.132850938634,0.159480857462
53,25,0.134976522007,0.166209552816
54,25,0.0943262422456,0.114524360634
55,25,0.171937426905,0.220707781057
56,25,0.146398448354,0.176004863841
57,25,0.106997144741,0.138680436536
58,25,0.140738280716,0.176763993321
59,25,0.161392885259,0.191396929879
60,25,0.138878818345,0.173838411661
61,25,0.163770667298,0.202126893996
62,25,0.15774524402,0.195239808014
63,25,0.147857042675,0.204659459452
64,25,0.226083158875,0.273749552745
65,25,0.179579542548,0.21881452061
66,25,0.306832886701,0.378948424582
67,25,0.523564147204,0.667455260525
68,25,0.18330498226,0.230300583827
69,25,0.295125383393,0.384573065516
70,25,0.272527643699,0.355421721844
71,25,0.236088262795,0.290141854602
72,25,0.285883617236,0.3409902793
73,25,0.390589724381,0.495420907438
74,25,0.211739396724,0.27340690475
75,25,0.105675612143,0.135173025611
76,25,0.209323225144,0.26639323897
77,25,0.186216428346,0.236167443922
78,25,0.157450458504,0.201562793323
79,25,0.146318121388,0.178838775771
80,25,0.1428171706,0.176372841038
81,25,0.142048848799,0.17666322705
82,25,0.186867805745,0.230911358247
83,25,0.289763634832,0.325921311957
84,25,0.233859084458,0.278280275191
85,25,0.102996666054,0.1243013146
86,25,0.167103336208,0.196264051479
87,25,0.157771172154,0.203511654009
88,25,0.198914319744,0.256379219944
89,25,0.124620142693,0.156707547123
90,25,0.208142351803,0.263046720555
91,25,0.135741337395,0.162457277132
92,25,0.126244969421,0.162642766277
93,25,0.18876303943,0.23481864621
94,25,0.122899148054,0.14497326088
95,25,0.128122679159,0.153310861477
96,25,0.241174435801,0.311625321691
97,25,0.191969242447,0.222559548553
98,25,0.177545448343,0.215646111251
99,25,0.130721965455,0.157596646838
100,25,0.186928124595,0.233014014499
101,25,0.136631698396,0.161285134352
102,25,0.135944327332,0.165385982745
103,25,0.118343104333,0.14067489662
104,25,0.146366592273,0.181108809029
105,25,0.231433350876,0.29185811956
106,25,0.135604868605,0.161204030553
107,25,0.126468399454,0.149952430851
108,25,0.143193264212,0.183835008167
109,25,0.142708792055,0.178260518865
110,25,0.187744105548,0.251901705345
111,25,0.149997200347,0.188248754233
112,25,0.142318951621,0.176511578593
113,25,0.147308535498,0.187734687605
114,25,0.171453323634,0.207144402414
115,25,0.123051920792,0.155017132261
116,25,0.30837809539,0.359234676795
117,25,0.228362185725,0.280275947061
118,25,0.196833299686,0.23482073092
119,25,0.275070516852,0.341176451294
120,25,0.756819934663,0.963332636746
121,25,0.554583910185,0.672490076617
122,25,0.796868601778,0.95871278253
123,25,0.657106189831,0.7524973972
124,25,0.520804098277,0.645100582753
125,25,0.652354837904,0.75749685381
126,25,0.458890788593,0.643927773516
127,25,0.64259066881,0.805265198544
128,25,0.190578980556,0.235356945796
129,25,0.213750187294,0.283907272468
130,25,0.117360450327,0.150854532324
131,25,0.181612785733,0.238036120966
132,25,0.355356447048,0.459466189292
133,25,0.365699839139,0.442944967469
134,25,0.354570507927,0.433817087645
135,25,0.359056021349,0.416099703241
136,25,0.318218176004,0.380260758448
137,25,0.262007179813,0.310805369195
138,25,0.195820350518,0.269516266763
139,25,0.147165783077,0.177485830648
140,25,0.127375097908,0.16339262464
141,25,0.115484180236,0.147102631572
142,25,0.130758284877,0.163384806918
143,25,0.14517432694,0.201269808259
144,25,0.100189181231,0.141498511483
145,25,0.119366970956,0.151675824165
146,25,0.155823865419,0.211012083873
147,25,0.16125596237,0.188383313244
148,25,0.14477071806,0.176355934315
149,25,0.14164975695,0.17819515519
150,25,0.171623976581,0.217574607697
151,25,0.120639741627,0.161284377265
152,25,0.11550257406,0.142543059259
153,25,0.194781773853,0.246599463925
154,25,0.164225546476,0.256136292928
155,25,0.213588156586,0.288554070792
156,25,0.139552804002,0.175232070579
157,25,0.188557979307,0.228388370751
158,25,0.193145796655,0.246574890425
159,25,0.111293083352,0.139437803486
160,25,0.133118388874,0.173408418367
161,25,0.138559789836,0.175946301294
162,25,0.136029403736,0.173081865935
163,25,0.186959474762,0.233049777336
164,25,0.144626874334,0.177070680573
165,25,0.123732272685,0.162169629744
166,25,0.14155028525,0.179669584301
167,25,0.144077654207,0.177602902459
168,25,0.125190818782,0.156777012841
169,25,0.127445838117,0.156052329007
170,25,0.114570780527,0.140426794499
171,25,0.239960948569,0.287350033424
172,25,0.231140753033,0.302058551678
173,25,0.209030933339,0.253598073252
174,25,0.136729011422,0.170409405416
175,25,0.118782188215,0.147068440165
176,25,0.140333419649,0.171965204256
177,25,0.1329028678,0.168759247497
178,25,0.0837833225471,0.103627202595
179,25,0.0955067716097,0.120837708272
180,25,0.0992835639309,0.120397697453
181,25,0.118982297857,0.150563000926
182,25,0.141580326806,0.180074476311
183,25,0.124656003315,0.158358559054
184,25,0.106858640598,0.136897339247
185,25,0.109033066892,0.140297715134
186,25,0.141355963566,0.167480626755
187,25,0.105709646378,0.136256636116
188,25,0.140510632272,0.170944266623
189,25,0.119333833272,0.150109579813
190,25,0.184365344906,0.220552755334
191,25,0.133286038069,0.176486743065
192,25,0.122982718365,0.160852022709
193,25,0.181967970183,0.209657307507
194,25,0.108085734232,0.133590333138
195,25,0.0915915080514,0.112795636589
196,25,0.232645566282,0.278796509608
197,25,0.224269213438,0.298594180433
198,25,0.171826946693,0.248635292429
199,25,0.131948120712,0.186228207494
200,25,0.186415000602,0.235018128464
201,25,0.336529850696,0.417137500976
202,25,0.563514758531,0.716899630449
203,25,0.420568316167,0.515383419462
204,25,0.473854093931,0.593847874253
205,25,0.510265279283,0.614996123896
206,25,0.800923635509,0.946783729853
207,25,0.372525023375,0.46358480691
208,25,0.593600225745,0.698874457342
209,25,0.422939677264,0.532454802997
210,25,0.459921070606,0.564762036357
211,25,0.724326809158,0.943572036441
212,25,0.461287468511,0.565228088295
213,25,0.741016709444,0.942392571568
214,25,0.651845298271,0.988843893075
215,25,0.63888186268,0.81139814985
216,25,0.594410336963,0.782441361263
217,25,0.464300023881,0.561685443457
218,25,0.309979598595,0.377139782704
219,25,0.249146184735,0.345337475785
220,25,0.174163871891,0.238823843236
221,25,0.25269263656,0.324090671881
222,25,0.212084618782,0.268912076052
223,25,0.12589109828,0.161905055755
224,25,0.127133644092,0.16869163578
225,25,0.128904559043,0.155027163903
226,25,0.155395866283,0.189100422468
227,25,0.190062230163,0.244605131455
228,25,0.322774930667,0.402351772604
229,25,0.775138726093,0.96723159468
230,25,0.493551892664,0.57741219638
231,25,0.426024644221,0.519698934517
232,25,0.888370268427,1.08159962059
233,25,0.873656320412,1.08811998546
234,25,0.610012625732,0.756918269151
235,25,0.65149235908,0.839877064705
236,25,0.476353593965,0.577675508648
237,25,0.39634012592,0.507896644597
238,25,0.34391473937,0.435035796191
239,25,0.328172801201,0.461927969814
240,25,0.25585919386,0.327184770992
241,25,0.253342536253,0.300562933209
242,25,0.537635727756,0.6815695775
243,25,0.568691917474,0.696366199989
244,25,0.985397450611,1.2967984352
245,25,0.672114297989,0.874893715179
246,25,0.630316446146,0.765365683875
247,25,0.52170758454,0.640110912967
248,25,0.376628408329,0.456542530687
249,25,0.288234181712,0.361999762526
250,25,0.242132742355,0.328645360353
251,25,0.250007160146,0.304802867923
252,25,0.176902389431,0.228321097004
253,25,0.26962412553,0.324177402693
254,25,0.148783788201,0.186539540077
255,25,0.114405548771,0.144286828877
256,25,0.11856337198,0.150844933982
257,25,0.14255030846,0.181511072371
258,25,0.134910290294,0.165120435588
259,25,0.172588777014,0.218456120523
260,25,0.237264880878,0.28625714196
261,25,0.203995726851,0.266383510787
262,25,0.213281241365,0.267753523987
263,25,0.204549079708,0.269102311277
264,25,0.319844836989,0.439033624923
265,25,0.391743058027,0.475919045975
266,25,0.32969291624,0.396398441729
267,25,0.326999526646,0.419282860583
268,25,0.263665185886,0.317247535482
269,25,0.230172624032,0.296136344344
270,25,0.198908783617,0.236856646931
271,25,0.170095344224,0.198133462636
272,25,0.119448266763,0.145459019686
273,25,0.132273143286,0.16907035963
274,25,0.149795102994,0.188727183458
275,25,0.183388816591,0.225887714383
276,25,0.324423569048,0.399018136909
277,25,0.196404275921,0.241625185673
278,25,0.134841737291,0.174613440912
279,25,0.115307956615,0.158924269772
280,25,0.179410655879,0.248172260982
281,25,0.161564767177,0.243468411184
282,25,0.210605747323,0.24181598014
283,25,0.14010319707,0.18011532632
284,25,0.161313108637,0.189554168057
285,25,0.112608005319,0.151861663527
286,25,0.142283680759,0.180842911927
287,25,0.12630432049,0.172247209645
288,25,0.160224588165,0.211336609108
289,25,0.188578537497,0.24662269911
290,25,0.126422565404,0.174717554599
291,25,0.20374369781,0.241097809573
292,25,0.0771586608786,0.0958342268166
293,25,0.102753398544,0.126499403461
294,25,0.108494001305,0.15187628409
295,25,0.136458441875,0.189256526976
296,25,0.0971472661683,0.123965796062
297,25,0.137352349502,0.174634204885
298,25,0.150067052391,0.194794674413
299,25,0.120312196098,0.162719120498
300,25,0.12508130098,0.172779045254
301,25,0.176906929694,0.227849194861
302,25,0.124945557422,0.159421980505
303,25,0.148476285716,0.189294246095
304,25,0.149529213636,0.195139606684
305,25,0.114339292303,0.148793445155
306,25,0.136371298055,0.185950076818
307,25,0.13681378283,0.180998809425
308,25,0.117282342324,0.143420302951
309,25,0.225268113799,0.287179690164
310,25,0.215955199805,0.27354956066
311,25,0.28563354498,0.342397732285
312,25,0.334274208804,0.428818456322
313,25,0.503489559251,0.653835578292
314,25,0.262091852612,0.321327799572
315,25,0.187176290563,0.236962977332
316,25,0.213671913957,0.269721531648
317,25,0.233749901596,0.307832349819
318,25,0.185289623612,0.232280788245
319,25,0.222345307012,0.280821265537
320,25,0.17018669845,0.201884127988
321,25,0.1140040933,0.147561546212
322,25,0.131150336249,0.18300925611
323,25,0.182200116766,0.251773190414
324,25,0.14130682302,0.182258744699
325,25,0.154855242453,0.19391618752
326,25,0.188239419771,0.245226749974
327,25,0.413468451056,0.505497579148
328,25,0.282046611337,0.348492395178
329,25,0.177206407134,0.238498108217
330,25,0.147861724868,0.172888012556
331,25,0.160777525717,0.204794573258
332,25,0.352315427723,0.41938205275
333,25,0.362118027307,0.423255362262
334,25,0.432677505843,0.532553355468
335,25,0.827573619125,0.967659764651
