cycle,count,mae,rmse
50,15,0.117396208895,0.146166907589
51,15,0.12173225648,0.147939709022
52,15,0.183041165683,0.225213815983
53,15,0.1301541861,0.162599642313
54,15,0.129683139169,0.157421782273
55,15,0.101213321563,0.126155518029
56,15,0.13131609446,0.1579876589
57,15,0.12039139379,0.153406030769
58,15,0.195400680502,0.236607040516
59,15,0.165183898591,0.215892370889
60,15,0.139795126741,0.170031056384
61,15,0.175021169954,0.223689595318
62,15,0.227411224947,0.273382310632
63,15,0.160318570718,0.199519537249
64,15,0.235545764947,0.288980975805
65,15,0.248127466729,0.299394634151
66,15,0.285352740381,0.363885869099
67,15,0.470539776492,0.559642575685
68,15,0.189606164934,0.22794290117
69,15,0.341496754715,0.409161829404
70,15,0.34026089965,0.441717404879
71,15,0.281490361327,0.320168508333
72,15,0.227226223604,0.277029239728
73,15,0.242941261041,0.325715770797
74,15,0.157536850763,0.193810346001
75,15,0.115961903448,0.140181644931
76,15,0.162730878939,0.223392928116
77,15,0.150182291382,0.202691230911
78,15,0.13731552102,0.175259921319
79,15,0.136232965547,0.177046815963
80,15,0.17385336333,0.217034059971
81,15,0.13878733833,0.174711032764
82,15,0.127977969917,0.161988059907
83,15,0.226608263583,0.268681783826
84,15,0.194828182832,0.242780628904
85,15,0.189632738364,0.229521269085
86,15,0.173377481586,0.205695283047
87,15,0.126319660569,0.153129759606
88,15,0.192961595013,0.233681490349
89,15,0.156809413543,0.184572945593
90,15,0.225987274224,0.279404267447
91,15,0.16761910425,0.201225704793
92,15,0.130333085929,0.15727786082
93,15,0.185636948502,0.213944840132
94,15,0.105277021604,0.125376483341
95,15,0.12853555243,0.158225272182
96,15,0.38024948478,0.452811821011
97,15,0.152656647612,0.184162405801
98,15,0.110624997868,0.136848170109
99,15,0.205522670439,0.239526945605
100,15,0.141264214878,0.177014658435
101,15,0.179889694349,0.225557229725
102,15,0.140009230956,0.161466825454
103,15,0.11257813521,0.145946781873
104,15,0.205155648701,0.252111010001
105,15,0.200943413279,0.242960272575
106,15,0.176982698308,0.216309572033
107,15,0.198059995749,0.231030710852
108,15,0.127789503228,0.161702339655
109,15,0.125560166409,0.163242498073
110,15,0.187933992774,0.260677080236
111,15,0.135367666109,0.170896141903
112,15,0.155296476138,0.202284702384
113,15,0.162777027492,0.205860261959
114,15,0.193847795792,0.241280756977
115,15,0.12709014939,0.160561862949
116,15,0.262578695877,0.3192909078
117,15,0.162750565323,0.202061024421
118,15,0.299144943601,0.361457467645
119,15,0.304780710176,0.362668818586
120,15,0.735409861467,1.00726000225
121,15,0.653160831833,0.787529217819
122,15,0.777314152023,0.968294842527
123,15,0.713117366607,0.81071083475
124,15,0.470006554111,0.613870437523
125,15,0.548354130977,0.674382035913
126,15,0.510759958132,0.690773438098
127,15,0.521353311419,0.712555192973
128,15,0.194075585509,0.236114277302
129,15,0.17857739919,0.235220859197
130,15,0.101648497262,0.13559820334
131,15,0.243675949064,0.315516453596
132,15,0.322068554613,0.392384284179
133,15,0.384182933324,0.450424093921
134,15,0.35908254182,0.462262245656
135,15,0.43498836775,0.544411086791
136,15,0.279700061682,0.344935277317
137,15,0.260631426868,0.295707915784
138,15,0.237045708181,0.307180237986
139,15,0.166697843123,0.211923885305
140,15,0.12450251966,0.147125751783
141,15,0.151300542849,0.182508845491
142,15,0.176296787123,0.220399804553
143,15,0.187418591821,0.252064718034
144,15,0.114540065238,0.145133506812
145,15,0.151333981787,0.183801428406
146,15,0.15104013847,0.182050550911
147,15,0.152260483335,0.178928327379
148,15,0.17816015792,0.215263299487
149,15,0.133180477543,0.165708075559
150,15,0.157201054931,0.182179631379
151,15,0.183414406471,0.225619645961
152,15,0.147583304325,0.196175023153
153,15,0.243344228704,0.318207480018
154,15,0.163667940051,0.249319202816
155,15,0.194418349709,0.266482041071
156,15,0.122063838446,0.149705807975
157,15,0.183228622338,0.227628309435
158,15,0.189677094745,0.231872240706
159,15,0.154906489297,0.182828383292
160,15,0.116660552347,0.150941486343
161,15,0.153333168163,0.194884949876
162,15,0.14181137171,0.172458596134
163,15,0.148388519266,0.175519937067
164,15,0.114286753717,0.15156311525
165,15,0.166633042775,0.206399341353
166,15,0.149978197463,0.185054153595
167,15,0.111824757945,0.136745819935
168,15,0.116749165019,0.145508353972
169,15,0.122038524418,0.151957903237
170,15,0.141161142253,0.173713353675
171,15,0.156348561729,0.202272901664
172,15,0.203195723252,0.243444735602
173,15,0.144891261819,0.169035050346
174,15,0.203486906977,0.250326030108
175,15,0.198678792235,0.236416353711
176,15,0.13686786765,0.16078053285
177,15,0.143144638877,0.172486215229
178,15,0.111369006416,0.140816087707
179,15,0.1418846164,0.165886629029
180,15,0.166584170934,0.210671471604
181,15,0.106626948039,0.138720595373
182,15,0.115231095923,0.146246928954
183,15,0.174660223892,0.206909990287
184,15,0.0945107351663,0.115388707592
185,15,0.104216948007,0.135347697612
186,15,0.116626009784,0.143534668964
187,15,0.111760616721,0.139713563889
188,15,0.177361481517,0.202300766768
189,15,0.148662050616,0.177127936455
190,15,0.221964487011,0.248535348558
191,15,0.198320764954,0.233543144994
192,15,0.132068121443,0.167563049242
193,15,0.158063627957,0.185462687847
194,15,0.218544451839,0.243330052572
195,15,0.0865818874977,0.108261907361
196,15,0.186346935886,0.233852990463
197,15,0.212828225777,0.285654314384
198,15,0.319010253225,0.395165356581
199,15,0.16555633086,0.220050773967
200,15,0.27665702191,0.346077885219
201,15,0.484983503654,0.619784999901
202,15,0.36378389957,0.448056078042
203,15,0.375545577116,0.447694819274
204,15,0.492505348074,0.705979295173
205,15,0.481231048179,0.607635027988
206,15,0.557868865332,0.666472599434
207,15,0.51528461552,0.649948173817
208,15,0.687220510694,0.804117133563
209,15,0.37907678434,0.454123100753
210,15,0.954186158855,1.18357540207
211,15,0.869736781163,1.18472447257
212,15,0.460073343095,0.588605050249
213,15,0.642437635486,0.775076485256
214,15,0.705694223754,0.97635003834
215,15,0.936730321868,1.3025396621
216,15,0.654655953652,0.803428505309
217,15,0.461494741869,0.55174601123
218,15,0.353939291675,0.434630524382
219,15,0.220004743754,0.302211415177
220,15,0.220373774025,0.280046339296
221,15,0.208712363637,0.301433427704
222,15,0.221936648267,0.282566733225
223,15,0.156772410143,0.205957001047
224,15,0.16540116194,0.210268480535
225,15,0.137547131487,0.167855229821
226,15,0.181487662128,0.22238591923
227,15,0.172571946528,0.22886916795
228,15,0.366662375726,0.461774305394
229,15,0.705884232711,0.9174970382
230,15,0.807834474659,0.922531892327
231,15,0.507391413016,0.634164937079
232,15,0.751362848235,0.861857887563
233,15,1.06490905891,1.26473620045
234,15,0.594743442838,0.710789975041
235,15,0.666044223168,0.78519187227
236,15,0.476443973907,0.556204152517
237,15,0.46247291461,0.534793448011
238,15,0.515500470646,0.712763804822
239,15,0.259615372469,0.351408683786
240,15,0.241700119007,0.292260351335
241,15,0.284238696321,0.342570549687
242,15,0.630860935119,0.813982011572
243,15,0.756295290982,0.868164499104
244,15,1.00853897474,1.19878431684
245,15,0.838440638153,0.998341089997
246,15,0.405770167383,0.498053664694
247,15,0.639942391225,0.80430249111
248,15,0.304307752865,0.379202851074
249,15,0.323767236983,0.397422840519
250,15,0.264840118526,0.359444199389
251,15,0.31289810351,0.37431891684
252,15,0.193433069556,0.250177499881
253,15,0.367751883851,0.442512188399
254,15,0.148003721286,0.191804873376
255,15,0.125237349827,0.156999965121
256,15,0.163370590039,0.198062665174
257,15,0.160752676675,0.216071009318
258,15,0.127159857632,0.159338311975
259,15,0.172293482714,0.198176518133
260,15,0.25958714334,0.31336208539
261,15,0.258081633666,0.333672856138
262,15,0.300071792718,0.373057708136
263,15,0.281111136468,0.355181348668
264,15,0.405952614215,0.516724123306
265,15,0.370825132219,0.512987192704
266,15,0.417701663018,0.517380560984
267,15,0.34903081746,0.4378138133
268,15,0.244658441889,0.312579288451
269,15,0.273701099885,0.34208882705
270,15,0.27407557484,0.343524019066
271,15,0.163756453745,0.199666086755
272,15,0.178525995177,0.220564340219
273,15,0.112080941431,0.138801884195
274,15,0.151019451644,0.195296219722
275,15,0.142580321957,0.184131225395
276,15,0.314670832829,0.400576244041
277,15,0.182053394777,0.238338873607
278,15,0.171873262345,0.230732574518
279,15,0.20908023103,0.266190532876
280,15,0.18521608133,0.249687111511
281,15,0.200458158863,0.259454637923
282,15,0.188026623521,0.224239075301
283,15,0.173229458467,0.208264813234
284,15,0.181967226078,0.212426765016
285,15,0.14520745145,0.180781983683
286,15,0.132688021705,0.17321351871
287,15,0.116520769861,0.152718845528
288,15,0.137212299679,0.185663257007
289,15,0.163748245132,0.195534419422
290,15,0.170356017067,0.224416203735
291,15,0.200403844387,0.242169888129
292,15,0.134782000845,0.159788244079
293,15,0.153233184773,0.176616969787
294,15,0.177438883024,0.214771308795
295,15,0.12298671405,0.16582484705
296,15,0.115072252881,0.133317943407
297,15,0.125143916544,0.15074025592
298,15,0.1723328265,0.223462384729
299,15,0.127552508786,0.163744025621
300,15,0.14891382976,0.193972176516
301,15,0.167360472195,0.210623241963
302,15,0.140117672783,0.168725308006
303,15,0.113084047446,0.140147517766
304,15,0.122107633895,0.154996037708
305,15,0.134148456258,0.190113966484
306,15,0.152787200487,0.185504380689
307,15,0.138238721782,0.189669669264
308,15,0.129870868747,0.157513409129
309,15,0.275972096128,0.335364317369
310,15,0.159927295015,0.201094680779
311,15,0.228890368697,0.284308344512
312,15,0.353131152256,0.449253408248
313,15,0.525224803045,0.661950737487
314,15,0.313575285272,0.368949479288
315,15,0.196625125501,0.23603661561
316,15,0.30694810852,0.368433029935
317,15,0.223273590211,0.287978032174
318,15,0.193633540698,0.240786068363
319,15,0.224937717167,0.285582482781
320,15,0.239418248777,0.29920332994
321,15,0.129431613385,0.164097920014
322,15,0.129000341053,0.170702672184
323,15,0.15402661093,0.194403270635
324,15,0.154494827438,0.20565011495
325,15,0.189025750962,0.235190662556
326,15,0.194614691094,0.260651755681
327,15,0.470929309176,0.601447618311
328,15,0.376949436264,0.46264698559
329,15,0.175107719645,0.237738279037
330,15,0.166363439802,0.203085878617
331,15,0.185707564693,0.238642404845
332,15,0.363073327011,0.425292265384
333,15,0.433005977658,0.523444042633
334,15,0.621871256878,0.715192370057
335,15,0.678755022169,0.813040376303
