cycle,count,mae,rmse
50,5,0.148908834784,0.180559863398
51,5,0.140625329698,0.170479099729
52,5,0.107744592242,0.128366707074
53,5,0.151861415435,0.180410680441
54,5,0.0846703284828,0.107212261843
55,5,0.152381803779,0.177909794357
56,5,0.0942745593426,0.126372054663
57,5,0.152064492157,0.181514206063
58,5,0.184174930596,0.234068223871
59,5,0.214855490834,0.242704300362
60,5,0.174768344242,0.204177633845
61,5,0.189523887458,0.229379661607
62,5,0.20769783497,0.24723390664
63,5,0.353813817506,0.39736033726
64,5,0.36898478573,0.44264073268
65,5,0.247587923855,0.281323089124
66,5,0.471958306221,0.58496742883
67,5,0.669960868713,0.801734158877
68,5,0.173230104258,0.217379594478
69,5,0.193075847742,0.239200996117
70,5,0.492503761279,0.630821424076
71,5,0.197933565513,0.236211799319
72,5,0.178206639856,0.221554201996
73,5,0.339038597257,0.471279313462
74,5,0.0902974121149,0.113984062259
75,5,0.100817840192,0.12834312132
76,5,0.170071788689,0.215261785623
77,5,0.224957410043,0.2837570672
78,5,0.136959977186,0.174256237562
79,5,0.131158209645,0.164767272478
80,5,0.214877591558,0.243673917479
81,5,0.180566108334,0.205177861945
82,5,0.253349023871,0.285342462034
83,5,0.234978190678,0.278981705536
84,5,0.235422963933,0.269865329769
85,5,0.134567963159,0.167237944948
86,5,0.140743116509,0.176189585585
87,5,0.144900180497,0.193146101129
88,5,0.408534268335,0.459748054924
89,5,0.106077736799,0.132618376411
90,5,0.243697564769,0.317045666972
91,5,0.0976215578927,0.126243705977
92,5,0.196743627254,0.248120719097
93,5,0.238764848979,0.268905292394
94,5,0.161904367793,0.194474610429
95,5,0.112531038404,0.144911825928
96,5,0.268761638125,0.34075272774
97,5,0.145515544482,0.176663204165
98,5,0.151934148924,0.186996271498
99,5,0.108885790485,0.132691877025
100,5,0.104151826284,0.131397659988
101,5,0.185312713519,0.244118248803
102,5,0.118817232796,0.149760399706
103,5,0.179442665898,0.212226397418
104,5,0.144165969161,0.172641712263
105,5,0.224827628538,0.258571254034
106,5,0.18557441705,0.226459630484
107,5,0.200619770983,0.231319397065
108,5,0.139767234997,0.179441362054
109,5,0.203026337674,0.254611736855
110,5,0.192277811415,0.255749530717
111,5,0.155166709877,0.197684266161
112,5,0.141044717995,0.170285863722
113,5,0.23775007529,0.299091136045
114,5,0.191853475048,0.25102988467
115,5,0.125415830947,0.147324115285
116,5,0.224396827403,0.25918506371
117,5,0.308291097385,0.360189606142
118,5,0.166042930625,0.204777716951
119,5,0.295600955788,0.383531067556
120,5,0.651756835695,0.820311057735
121,5,0.674699743892,0.798377183631
122,5,0.62699121042,0.812892616063
123,5,0.566567198248,0.635788422756
124,5,0.509717514698,0.652319109254
125,5,0.551901456184,0.673285039372
126,5,0.549676219357,0.729946469937
127,5,0.558738116029,0.707589744787
128,5,0.226977964604,0.281553716057
129,5,0.184979237257,0.260619262527
130,5,0.132803539475,0.16161169725
131,5,0.170158312195,0.221478378252
132,5,0.339398016374,0.462290065491
133,5,0.420162894558,0.504067673611
134,5,0.492047223269,0.597652921604
135,5,0.391084923832,0.501207746365
136,5,0.322232421801,0.392090927229
137,5,0.277345974172,0.386123256689
138,5,0.204978774412,0.279588652777
139,5,0.181930502363,0.22771525634
140,5,0.18265954405,0.210520565625
141,5,0.202027060882,0.234029115027
142,5,0.158714241363,0.20752253233
143,5,0.263637196851,0.346533345929
144,5,0.189830924592,0.23649298333
145,5,0.123846907889,0.157241069357
146,5,0.18994901205,0.210889485348
147,5,0.105497950348,0.131683082866
148,5,0.1898237774,0.224480746536
149,5,0.131789130751,0.156884881812
150,5,0.125363405698,0.158717404063
151,5,0.143242842733,0.178226209647
152,5,0.140707482911,0.177262057789
153,5,0.150808540066,0.19547887996
154,5,0.20507196623,0.297132229607
155,5,0.279651620374,0.342576577677
156,5,0.122043278965,0.154727689105
157,5,0.252990594928,0.315692457811
158,5,0.205073253124,0.252190088122
159,5,0.159487958553,0.198769390252
160,5,0.135986394921,0.163953916945
161,5,0.112809368754,0.147209130339
162,5,0.176113707421,0.206621076657
163,5,0.141954181245,0.171485636905
164,5,0.130588152913,0.160540870975
165,5,0.16235212451,0.198794203581
166,5,0.0873061247877,0.122707737619
167,5,0.166737466015,0.207931952979
168,5,0.117429389441,0.144449506631
169,5,0.178154659793,0.214652646033
170,5,0.104276759053,0.128057903357
171,5,0.107054381561,0.128144148904
172,5,0.241983620569,0.299226045945
173,5,0.224011666125,0.286252162818
174,5,0.185255492467,0.220186644746
175,5,0.115789374714,0.141492990099
176,5,0.171314201466,0.209660468099
177,5,0.133811857675,0.162785603461
178,5,0.112952466677,0.136068629353
179,5,0.127623569624,0.152820344012
180,5,0.11708900399,0.139573919144
181,5,0.114043680338,0.140623316199
182,5,0.0838057158728,0.110536328288
183,5,0.136842915651,0.168104230474
184,5,0.108220828653,0.134180292365
185,5,0.130163224383,0.151758559111
186,5,0.0726060310593,0.0927163952041
187,5,0.179723068641,0.215183122957
188,5,0.182131408055,0.217247956719
189,5,0.149856858992,0.181663674133
190,5,0.227909769137,0.268245978468
191,5,0.197315681916,0.225343272259
192,5,0.195871738395,0.220997254349
193,5,0.291346622736,0.342260282729
194,5,0.130418167976,0.158205141044
195,5,0.109645291162,0.135660687533
196,5,0.160138116704,0.208391684306
197,5,0.201724229563,0.294465113617
198,5,0.245368184547,0.318914496453
199,5,0.182471189011,0.226154574667
200,5,0.228748742487,0.296852423216
201,5,0.387530203657,0.480072960941
202,5,0.457320216418,0.542981777295
203,5,0.523982734095,0.597585037783
204,5,0.560538613914,0.739206643084
205,5,0.699541347909,0.800493476707
206,5,0.73129694741,0.919803649896
207,5,0.530131236909,0.634658306571
208,5,0.706579399231,0.88752697595
209,5,0.434994029482,0.550500967587
210,5,0.578231529688,0.70064938658
211,5,1.19671031066,1.40842874775
212,5,0.453913312069,0.532127149246
213,5,0.555313667016,0.696821549
214,5,0.691171454469,0.97466025055
215,5,0.654466731197,0.939971859232
216,5,0.494722303516,0.634659846935
217,5,0.449691912658,0.545438460644
218,5,0.313194245407,0.390817502118
219,5,0.27418340386,0.38821178359
220,5,0.25488303391,0.329560263882
221,5,0.31384108118,0.403605884285
222,5,0.220056501553,0.292056673584
223,5,0.195102041621,0.234636636343
224,5,0.116617324128,0.153471834532
225,5,0.196226917564,0.244666320171
226,5,0.186523202773,0.241445096794
227,5,0.2209832085,0.269057329682
228,5,0.368647439741,0.44883174994
229,5,0.506914572042,0.67482216781
230,5,0.88142366014,1.04462102028
231,5,0.619277600874,0.705558453747
232,5,0.874128057278,1.07361137405
233,5,0.837701729522,1.06542917956
234,5,0.734856343785,0.94572571348
235,5,0.86677928927,0.977677067977
236,5,0.470920251869,0.570076291409
237,5,0.514792748842,0.596289408919
238,5,0.486122453985,0.589079390756
239,5,0.704186104853,0.815650785573
240,5,0.267961280993,0.344004528269
241,5,0.417069990352,0.524654331197
242,5,0.466256479377,0.601007985676
243,5,0.675935428035,0.837967271126
244,5,1.06427717444,1.30644845873
245,5,0.976039766057,1.17094115157
246,5,1.23714150099,1.46381462264
247,5,0.839865261262,0.974737001373
248,5,0.72804195711,0.861653296893
249,5,0.389643231044,0.484570889528
250,5,0.360703173784,0.446509256195
251,5,0.405538663489,0.468751415506
252,5,0.283039507631,0.348045834803
253,5,0.249371852579,0.293482385365
254,5,0.145715952891,0.185526147322
255,5,0.188701188497,0.239735288897
256,5,0.205814586565,0.270301437765
257,5,0.265554721098,0.305750146373
258,5,0.153791952143,0.185504159011
259,5,0.15553929738,0.19476065804
260,5,0.178552200795,0.235491183087
261,5,0.286956276024,0.360379347422
262,5,0.233139650417,0.300640085375
263,5,0.257423454926,0.342136641403
264,5,0.325735672462,0.398708757449
265,5,0.385420191299,0.468523128936
266,5,0.533453717638,0.661941944274
267,5,0.40340446459,0.53619853234
268,5,0.268106217374,0.344058719483
269,5,0.253900340959,0.325341733737
270,5,0.289811393713,0.372175278457
271,5,0.240153577836,0.281071181482
272,5,0.182928247036,0.220642542738
273,5,0.134408468238,0.174355691153
274,5,0.169452049734,0.215238111986
275,5,0.263296918519,0.314952605779
276,5,0.415981180912,0.499951621972
277,5,0.125168784086,0.180718007706
278,5,0.165782876022,0.201556110112
279,5,0.162741749547,0.204642238704
280,5,0.162229588692,0.209968560228
281,5,0.222085762839,0.282512670342
282,5,0.191017498826,0.239520108961
283,5,0.266229796676,0.31653952221
284,5,0.273576261438,0.318384972465
285,5,0.234706839723,0.262350789353
286,5,0.260357983052,0.31383216057
287,5,0.239137551175,0.338331632313
288,5,0.174253916393,0.238808761041
289,5,0.185983440624,0.230905425672
290,5,0.146709218983,0.194447966357
291,5,0.259784998972,0.303648348075
292,5,0.103551445161,0.127307470253
293,5,0.15772564376,0.183234132211
294,5,0.140842404411,0.18931099821
295,5,0.203774917531,0.23697384353
296,5,0.133965010312,0.165882298364
297,5,0.180406237846,0.22286053296
298,5,0.186950570676,0.239371821946
299,5,0.123162385183,0.164524791815
300,5,0.16276520554,0.214665288971
301,5,0.185309088066,0.232518179257
302,5,0.140195055163,0.180767741091
303,5,0.111824558506,0.136848550477
304,5,0.102934122959,0.132097754114
305,5,0.126749683894,0.149253241232
306,5,0.116672576833,0.157958652809
307,5,0.202894196398,0.245002797926
308,5,0.147491044709,0.180431374466
309,5,0.233101023015,0.296165061406
310,5,0.166618743327,0.204767462224
311,5,0.251587595059,0.318676377801
312,5,0.469230565881,0.577697947814
313,5,0.530476758102,0.682884793872
314,5,0.325496796881,0.424807543495
315,5,0.181484204976,0.224675912786
316,5,0.280376411032,0.370271347462
317,5,0.292133911779,0.389590161022
318,5,0.238917732048,0.305021937404
319,5,0.355900645536,0.450705607246
320,5,0.242171912877,0.30605392613
321,5,0.109008114934,0.141617123837
322,5,0.215255030986,0.258699596564
323,5,0.205969802405,0.239979520388
324,5,0.163910080555,0.197320056131
325,5,0.126599889473,0.170396067859
326,5,0.209254246122,0.253485993877
327,5,0.679157167913,0.840774042864
328,5,0.588952422596,0.686397442712
329,5,0.16992993572,0.223643289357
330,5,0.201157419656,0.258289429894
331,5,0.179458133105,0.222535607548
332,5,0.431853882836,0.506422407564
333,5,0.659521844003,0.806774929868
334,5,1.02685817,1.17653472379
335,5,0.602799207883,0.679667319264
