cycle,count,mae,rmse
50,10,0.116991254985,0.137906424013
51,10,0.12874254868,0.152226736538
52,10,0.0896481450421,0.116522219756
53,10,0.183530665141,0.214700025638
54,10,0.0770552448246,0.0929362276616
55,10,0.102603673474,0.127978334267
56,10,0.101519381857,0.127464626084
57,10,0.148485351314,0.178714049675
58,10,0.261827950242,0.295250332685
59,10,0.211981691317,0.257315185667
60,10,0.135403788781,0.169211197905
61,10,0.137600923956,0.172977959375
62,10,0.135369664292,0.165445440752
63,10,0.174319986723,0.221802628531
64,10,0.218396846012,0.266303957216
65,10,0.230979132898,0.274646908918
66,10,0.378313339351,0.524943584644
67,10,0.506305300344,0.580257426814
68,10,0.248358816642,0.289070800751
69,10,0.22158150227,0.296090576704
70,10,0.361506566444,0.496196876113
71,10,0.315901647242,0.399691023435
72,10,0.185185539317,0.232170413326
73,10,0.433391882798,0.58956180682
74,10,0.18250799181,0.234097441295
75,10,0.10855418494,0.13678096329
76,10,0.173449263522,0.227605640499
77,10,0.230984161649,0.30355764491
78,10,0.142316936798,0.176178749037
79,10,0.214902117775,0.239273570105
80,10,0.107483018768,0.133323463727
81,10,0.13892928134,0.170627246207
82,10,0.162619572554,0.198537570588
83,10,0.236696213392,0.272878490998
84,10,0.238251780668,0.301769275326
85,10,0.100138164328,0.118337941811
86,10,0.107733195122,0.128358872493
87,10,0.134239004042,0.167553394405
88,10,0.254928654874,0.310547350684
89,10,0.149870885195,0.179531088736
90,10,0.246107169031,0.325616701433
91,10,0.134560230943,0.176625888697
92,10,0.158790008577,0.192392992399
93,10,0.145186997141,0.187692330901
94,10,0.150465175814,0.18309343013
95,10,0.115356994097,0.14247504749
96,10,0.361103210858,0.417434508279
97,10,0.108196555682,0.132500020224
98,10,0.130179760517,0.158331875957
99,10,0.111485624435,0.135605337133
100,10,0.240995938729,0.294404974877
101,10,0.137833007282,0.17489787417
102,10,0.139276328516,0.167209830899
103,10,0.0999886690662,0.122651478581
104,10,0.188645728531,0.230681205554
105,10,0.158855528162,0.205699007409
106,10,0.14949360325,0.189643030281
107,10,0.13093566175,0.162467411957
108,10,0.212271395195,0.249532821503
109,10,0.145070079597,0.183730075346
110,10,0.216610337636,0.292984098687
111,10,0.159947940639,0.201260443852
112,10,0.149911023787,0.18094208401
113,10,0.122801922465,0.156501810055
114,10,0.232993944588,0.288019338547
115,10,0.125165511056,0.156602657132
116,10,0.208051566346,0.261045689495
117,10,0.219927533458,0.26608403621
118,10,0.284933837247,0.35539098925
119,10,0.305732736546,0.385320087443
120,10,0.739754359044,0.967883809649
121,10,0.541480574543,0.648093314084
122,10,0.804309832001,1.05034894333
123,10,0.576976709854,0.728048181783
124,10,0.492760259172,0.614078626974
125,10,0.46090765614,0.574878676069
126,10,0.411613130088,0.567881383307
127,10,0.584930072528,0.739648816226
128,10,0.218998128138,0.270248731694
129,10,0.162512918569,0.225200100744
130,10,0.204873061691,0.250944271585
131,10,0.147121933922,0.198107315929
132,10,0.354472356846,0.442660401986
133,10,0.425424922558,0.508682638902
134,10,0.359937746877,0.437113028068
135,10,0.416899853904,0.494032652172
136,10,0.305876778011,0.357474303465
137,10,0.287511513587,0.345468568454
138,10,0.219049124102,0.300583330758
139,10,0.173126205887,0.23898333556
140,10,0.124985521802,0.150428038933
141,10,0.165340208754,0.209121749149
142,10,0.185224922125,0.213095489649
143,10,0.190066772003,0.256172280487
144,10,0.179688822543,0.214907533363
145,10,0.105519958992,0.130693892191
146,10,0.192171327442,0.236162377772
147,10,0.194857215845,0.224393062768
148,10,0.146611968626,0.172116380654
149,10,0.080600798333,0.106289179761
150,10,0.178656179652,0.218092632125
151,10,0.186088216006,0.228093552695
152,10,0.131702702915,0.162839524067
153,10,0.183915728789,0.244291916462
154,10,0.290013627901,0.391389326968
155,10,0.215993576368,0.293733830994
156,10,0.131246148487,0.155086571971
157,10,0.233285470154,0.285058903201
158,10,0.208999986076,0.252775712964
159,10,0.200671897579,0.249721944186
160,10,0.153139152022,0.192234831799
161,10,0.168988378512,0.217817048263
162,10,0.174504741756,0.211120576873
163,10,0.199895646793,0.24982828113
164,10,0.158110664991,0.194532257347
165,10,0.185575291999,0.230006082283
166,10,0.102489923641,0.139457069709
167,10,0.136485841829,0.173538875764
168,10,0.173368732575,0.199492434224
169,10,0.121508316659,0.156491582521
170,10,0.0854276869809,0.107551898307
171,10,0.250009261841,0.300175571543
172,10,0.134041206461,0.172360913163
173,10,0.219466810513,0.254474285637
174,10,0.148870451707,0.178845081003
175,10,0.134557851748,0.156258143113
176,10,0.134577508856,0.16177859092
177,10,0.101588165806,0.122189005779
178,10,0.105735218478,0.129010970468
179,10,0.144144547597,0.180138071835
180,10,0.131850859112,0.160936064254
181,10,0.0986539643978,0.120720771312
182,10,0.120079383642,0.154124152026
183,10,0.118970787493,0.143693798523
184,10,0.0791984673201,0.0989417341132
185,10,0.0951671972672,0.122326011899
186,10,0.146120127067,0.173169601015
187,10,0.140527560449,0.177973253572
188,10,0.125153726822,0.159926136145
189,10,0.0924277360084,0.133648960665
190,10,0.173416519616,0.227795303366
191,10,0.192177739013,0.238599064005
192,10,0.17081405679,0.208124103017
193,10,0.199512751102,0.248668284226
194,10,0.170455627924,0.208158236995
195,10,0.155425771772,0.178717191062
196,10,0.18667510721,0.227949908855
197,10,0.346294210936,0.433381988395
198,10,0.295171324414,0.381101810116
199,10,0.168992565029,0.239198488756
200,10,0.39510666219,0.452432998449
201,10,0.314777787554,0.384760803855
202,10,0.527552938195,0.653116371777
203,10,0.689778907164,0.8039596223
204,10,0.420346312424,0.581961423547
205,10,0.639595001265,0.787988403474
206,10,0.702084207321,0.830525015677
207,10,0.452031747671,0.559055212962
208,10,0.596377844864,0.706549967218
209,10,0.562546180897,0.706079280511
210,10,0.445673514506,0.547505781127
211,10,0.973049697823,1.21724912741
212,10,0.512120655107,0.621843432671
213,10,0.583343553866,0.742007203092
214,10,0.961454054808,1.24200340627
215,10,0.710224394146,0.97287756621
216,10,0.593958267612,0.738719010394
217,10,0.481014657461,0.596419194208
218,10,0.414573491315,0.50212694738
219,10,0.2255802405,0.295608473653
220,10,0.22738578558,0.286387756051
221,10,0.286929275992,0.39346254684
222,10,0.200995846779,0.257395803145
223,10,0.136035563705,0.174935016524
224,10,0.12578074041,0.168785009609
225,10,0.15907807717,0.194839499473
226,10,0.15285058155,0.184514773883
227,10,0.164671209162,0.202908931204
228,10,0.52670994834,0.633347629439
229,10,1.08633069862,1.26013189593
230,10,0.578737370158,0.722383648145
231,10,0.408283580667,0.528377524715
232,10,1.2092834893,1.34401578963
233,10,1.09630540198,1.44272074072
234,10,0.904726024517,1.07459288461
235,10,0.848606978923,0.976233572336
236,10,0.469555512963,0.602563243592
237,10,0.469616224035,0.584191117283
238,10,0.407120711023,0.569975373172
239,10,0.351351019175,0.421768805167
240,10,0.300039569649,0.35864539858
241,10,0.252936568941,0.325929425971
242,10,0.439150336338,0.529353118699
243,10,0.702201700078,0.844547830701
244,10,1.07643302899,1.2581345692
245,10,0.666379521649,0.845283991969
246,10,0.702464445841,0.856752445829
247,10,0.397699839476,0.510750453615
248,10,0.591010859966,0.705401463646
249,10,0.542112301883,0.626781111288
250,10,0.334840582214,0.416126161646
251,10,0.262194035841,0.315035183397
252,10,0.212005407996,0.269600106307
253,10,0.316107160467,0.391301215945
254,10,0.163542555949,0.20378457649
255,10,0.197818123199,0.237342398511
256,10,0.117458778716,0.143643406724
257,10,0.160512895711,0.199878126719
258,10,0.174546461296,0.212700674913
259,10,0.210516637994,0.248981591784
260,10,0.18267263592,0.222350427809
261,10,0.236504727282,0.305353090882
262,10,0.265339116458,0.336743260206
263,10,0.238317174704,0.294409881222
264,10,0.314290407374,0.391419390946
265,10,0.399557282532,0.49958636403
266,10,0.494462500838,0.581997298258
267,10,0.347206696783,0.474581196071
268,10,0.249172333922,0.323512165327
269,10,0.337128998189,0.445022639259
270,10,0.334289143427,0.412293109235
271,10,0.213769844251,0.265210066203
272,10,0.180187664781,0.221714261648
273,10,0.115418136236,0.14562165317
274,10,0.151691866289,0.199709675376
275,10,0.115207354861,0.159036452557
276,10,0.242392186209,0.32247779709
277,10,0.169311046354,0.205158515484
278,10,0.161529200572,0.206762714496
279,10,0.114064650257,0.146972126931
280,10,0.16014702861,0.202104385417
281,10,0.169935839355,0.219142751434
282,10,0.258318378084,0.2965478546
283,10,0.166911363472,0.208668245398
284,10,0.134222631801,0.159210976427
285,10,0.116148094257,0.144319222266
286,10,0.12270795167,0.150657915954
287,10,0.170444961598,0.214717207878
288,10,0.136709379714,0.166812516911
289,10,0.168685797043,0.206384990506
290,10,0.17868794418,0.219601611957
291,10,0.156649796555,0.196461488473
292,10,0.0929645023588,0.116845338725
293,10,0.101344225987,0.127802515311
294,10,0.0921020008706,0.139834262364
295,10,0.175862545647,0.224217926662
296,10,0.10453934392,0.127762531353
297,10,0.175252685902,0.226930345828
298,10,0.179908441402,0.236061651682
299,10,0.160186239665,0.185987093755
300,10,0.115465291879,0.151234082662
301,10,0.162714817561,0.202680296879
302,10,0.132137175371,0.154627183341
303,10,0.14853984643,0.183193321446
304,10,0.103913779715,0.124677239888
305,10,0.100287387797,0.128351251533
306,10,0.173997385347,0.217627240086
307,10,0.158100287952,0.200668643887
308,10,0.165773539049,0.190230570089
309,10,0.327240504723,0.42145383032
310,10,0.186364298959,0.231463060253
311,10,0.24343632524,0.304779651257
312,10,0.493768440282,0.597860146059
313,10,0.583074835426,0.762321060697
314,10,0.439901257523,0.563228527372
315,10,0.232694513078,0.298205358432
316,10,0.295571186818,0.366914742882
317,10,0.215647580568,0.270122168898
318,10,0.315216219541,0.373922379402
319,10,0.279848729944,0.351367117708
320,10,0.212175522614,0.26260378269
321,10,0.130475531497,0.168311704845
322,10,0.18322022163,0.243363471521
323,10,0.210175063518,0.256187208547
324,10,0.162507169916,0.208742051424
325,10,0.188561789006,0.233402066279
326,10,0.237735140327,0.282083121879
327,10,0.521930652062,0.630429910632
328,10,0.283365711772,0.333486916715
329,10,0.16515424427,0.216292214144
330,10,0.220582148418,0.261991522596
331,10,0.136104381008,0.15908368705
332,10,0.222089359613,0.266793886647
333,10,0.424872110407,0.484414277819
334,10,0.756552349058,0.900299512582
335,10,0.824733719472,0.9907206883
