cycle,count,mae,rmse
5,15,0.15760562777,0.187743032887
6,15,0.172538752962,0.218086006466
7,15,0.105097605503,0.138086386915
8,15,0.11397673856,0.143725313205
9,15,0.202816857664,0.251641273079
10,15,0.226452362839,0.294551724191
11,15,0.343754122832,0.410442257873
12,15,0.310998988739,0.366392663737
13,15,0.219406561285,0.263258040347
14,15,0.154951856437,0.200895523958
15,15,0.193301648129,0.229384071061
16,15,0.170929126723,0.210071801071
17,15,0.223148821434,0.268063663005
18,15,0.19003688088,0.226109167395
19,15,0.210945605202,0.243537481504
20,15,0.172204020731,0.209429157876
21,15,0.252345967658,0.287080374691
22,15,0.185815467013,0.222865646722
23,15,0.21260639437,0.237144375756
24,15,0.13719997413,0.165787286688
25,15,0.246867483574,0.28445409463
26,15,0.281044018114,0.34318884674
27,15,0.189736933572,0.230276712791
28,15,0.132737053798,0.17085351543
29,15,0.174995098753,0.207041623045
30,15,0.130914048327,0.157218816392
31,15,0.113919511387,0.140304773713
32,15,0.15433948965,0.1872450065
33,15,0.202180848181,0.243620917706
34,15,0.256491751588,0.294528305784
35,15,0.270440730098,0.386892766731
36,15,0.329826365101,0.410434200828
37,15,0.288516927638,0.390280744854
38,15,0.254509522332,0.3267631094
39,15,0.268081994484,0.360768244962
40,15,0.337842878648,0.417203621923
41,15,0.354817786569,0.448032581573
42,15,0.158730218773,0.197733714727
43,15,0.152286237923,0.202638658512
44,15,0.191592911158,0.251455366263
45,15,0.184673455682,0.23797185972
46,15,0.169671172162,0.213429903574
47,15,0.144756470637,0.194242570123
48,15,0.107109371165,0.141538445643
49,15,0.117975966117,0.156653293621
50,15,0.114200838229,0.151852432597
51,15,0.125132951889,0.155904837113
52,15,0.101227871442,0.127850540824
53,15,0.164446692413,0.200646695813
54,15,0.122570808944,0.158136210488
55,15,0.102591269835,0.133186078234
56,15,0.153599346507,0.195895790731
57,15,0.176540030006,0.209337581736
58,15,0.190971138727,0.239084185529
59,15,0.208274769041,0.293932338327
60,15,0.168287802679,0.215499465572
61,15,0.140324262882,0.171577725157
62,15,0.168426123515,0.213750094794
63,15,0.272079451388,0.339350596171
64,15,0.225154225958,0.279998008522
65,15,0.248564629078,0.314455073692
66,15,0.380516822363,0.466856814836
67,15,0.722348014017,0.89122926833
68,15,0.132628911639,0.171431846019
69,15,0.144503024209,0.189174430663
70,15,0.319736421806,0.419115889565
71,15,0.185280691192,0.244267035987
72,15,0.279906641315,0.313223682634
73,15,0.302376523036,0.40346471091
74,15,0.128457042274,0.158896345805
75,15,0.0924074507214,0.117099686201
76,15,0.112905359023,0.134092727107
77,15,0.144526709216,0.202599013093
78,15,0.112360053132,0.141687271743
79,15,0.0934172830925,0.120486640922
80,15,0.0920740035307,0.113499638787
81,15,0.0939941065998,0.12215354724
82,15,0.175916580778,0.207458466638
83,15,0.205888718343,0.241679159775
84,15,0.158760127941,0.185309439212
85,15,0.100289596594,0.1365174635
86,15,0.0901403579065,0.115036249983
87,15,0.135691999956,0.169417997285
88,15,0.258651728051,0.315866553938
89,15,0.173429835891,0.218200817135
90,15,0.227760213665,0.297558798204
91,15,0.136610496815,0.192829378487
92,15,0.162429581405,0.214222671661
93,15,0.238385886339,0.27108177143
94,15,0.11669941003,0.148217490005
95,15,0.189039855666,0.24736195878
96,15,0.344446647703,0.395612681765
97,15,0.118104296107,0.158166677212
98,15,0.102289577697,0.124761774831
99,15,0.119799862851,0.155944080656
100,15,0.188951614328,0.234195078443
101,15,0.11688559272,0.143006869266
102,15,0.143794202008,0.17100756494
103,15,0.20085830567,0.249906629235
104,15,0.165244628985,0.199217623596
105,15,0.146674938562,0.17321487483
106,15,0.191309105661,0.231839834098
107,15,0.119021021499,0.151132272807
108,15,0.173223642967,0.200592744788
109,15,0.300606806317,0.372545158401
110,15,0.407735119041,0.482873300023
111,15,0.216229370425,0.261099466222
112,15,0.229170117142,0.285593487611
113,15,0.210126353152,0.299719248307
114,15,0.227419000596,0.295001682873
115,15,0.137575705964,0.17173096665
116,15,0.257703429654,0.30107860488
117,15,0.129327708665,0.166567227325
118,15,0.169005601762,0.212241412054
119,15,0.24693856656,0.322126526478
120,15,0.681633803565,0.869629480055
121,15,0.516543204784,0.615333097701
122,15,0.634530635473,0.821802647591
123,15,0.478618920567,0.562926662144
124,15,0.436942026639,0.533101903419
125,15,0.506101228388,0.627318809204
126,15,0.437536182991,0.547952284917
127,15,0.49285325957,0.587788779711
128,15,0.179716193325,0.224397911099
129,15,0.152993501768,0.229715362914
130,15,0.12556555756,0.152563832448
131,15,0.151852802024,0.205211357093
132,15,0.31115811466,0.401327549194
133,15,0.549228391552,0.642681866892
134,15,0.458953748979,0.5669542041
135,15,0.508620156396,0.58163213625
136,15,0.381125272405,0.448692782125
137,15,0.353233287995,0.407202475874
138,15,0.215619609024,0.28944495775
139,15,0.201673881072,0.267652002483
140,15,0.10614752631,0.144014260085
141,15,0.123615772331,0.163670537453
142,15,0.129107844965,0.154796456257
143,15,0.185141778277,0.267124341764
144,15,0.109739176481,0.153556402506
145,15,0.10238277488,0.132958666521
146,15,0.0941376762897,0.123306248658
147,15,0.13688995636,0.159194421257
148,15,0.0904562576111,0.115302663339
149,15,0.111311885915,0.138723191235
150,15,0.0801043833283,0.113141690707
151,15,0.10023949166,0.129954243556
152,15,0.149454896541,0.182074331723
153,15,0.147260808301,0.199898593346
154,15,0.166249890018,0.263260801196
155,15,0.185810155844,0.255032545029
156,15,0.155014645672,0.193367071533
157,15,0.263714206948,0.315013901219
158,15,0.159057085239,0.222449214737
159,15,0.0882942981058,0.120742578004
160,15,0.147599076381,0.183191183662
161,15,0.106686514451,0.138232056545
162,15,0.13461391253,0.170232381608
163,15,0.121727941477,0.144683005729
164,15,0.110205962315,0.130501483867
165,15,0.131342149875,0.173075038746
166,15,0.0851904046074,0.123329819361
167,15,0.127428642448,0.158281867921
168,15,0.127545313534,0.157488847954
169,15,0.105537777458,0.132138493187
170,15,0.100947946131,0.116505548276
171,15,0.102044145666,0.121996760562
172,15,0.136729699277,0.173195382572
173,15,0.160808858209,0.202311277042
174,15,0.149194063582,0.188814148722
175,15,0.114588469439,0.139444878989
176,15,0.129533939584,0.16235940891
177,15,0.0896135428589,0.112658042057
178,15,0.0876920535985,0.109046377412
179,15,0.0903914420838,0.120283765284
180,15,0.117062541568,0.138560962554
181,15,0.0838601635096,0.11922176873
182,15,0.129048191232,0.164175915334
183,15,0.0958873182594,0.126287297067
184,15,0.111251840681,0.13577669467
185,15,0.102062559661,0.125654593972
186,15,0.104536129139,0.137912308259
187,15,0.12719295957,0.173406786207
188,15,0.24780384832,0.271541300839
189,15,0.150379732328,0.184017732261
190,15,0.153855334698,0.206789707009
191,15,0.19691026976,0.230145577218
192,15,0.15646924865,0.203679532608
193,15,0.145351569439,0.190447475365
194,15,0.114772000567,0.157064485111
195,15,0.122018017517,0.153772641785
196,15,0.160328847031,0.255285333777
197,15,0.233528020596,0.367488272744
198,15,0.224002507002,0.341374549129
199,15,0.174126993414,0.272222033095
200,15,0.253028111856,0.336729601398
201,15,0.40054064636,0.486065634686
202,15,0.590262193475,0.674882991758
203,15,0.550693899891,0.725129079409
204,15,0.514549521144,0.632793607702
205,15,0.596451639477,0.693497260364
206,15,0.705433582715,0.825728034218
207,15,0.621822039296,0.800595663313
208,15,0.813076721624,0.972052544794
209,15,0.562489235787,0.68467472658
210,15,0.626573665912,0.801272747984
211,15,1.01526633314,1.16879807023
212,15,0.50108820745,0.601951869781
213,15,0.600337569563,0.755124951146
214,15,0.695427851415,0.914166297063
215,15,0.610628321365,0.861470786469
216,15,0.470473736281,0.605776654098
217,15,0.378811011574,0.433715700386
218,15,0.247225315727,0.324726053684
219,15,0.198904113142,0.271374516703
220,15,0.191615407171,0.260499964469
221,15,0.231627298185,0.307190231628
222,15,0.197307332308,0.267671640709
223,15,0.140624536534,0.168700222539
224,15,0.142782284499,0.189762383187
225,15,0.119740853124,0.148932234308
226,15,0.15880638982,0.198340850061
227,15,0.173368864083,0.218304578114
228,15,0.297647998524,0.390544805987
229,15,0.55994779571,0.700740384247
230,15,0.664133307628,0.758853373123
231,15,0.578220549635,0.673646732508
232,15,0.890620585417,1.00797167425
233,15,0.818788376042,0.982377064802
234,15,0.749859985383,0.887769488133
235,15,0.773753961784,0.87753203258
236,15,0.52502443909,0.614259930015
237,15,0.562199679968,0.650396458266
238,15,0.455884801836,0.600487294285
239,15,0.528847633517,0.689022639893
240,15,0.363152558699,0.433949312697
241,15,0.354971368598,0.42405355628
242,15,0.655865180219,0.778641339583
243,15,0.753861434621,0.88639270986
244,15,0.988773487298,1.17616204338
245,15,0.985409161538,1.1730092125
246,15,0.689263124222,0.790161408484
247,15,0.66150603895,0.774167055835
248,15,0.59349192489,0.717371460867
249,15,0.519550280873,0.639411906206
250,15,0.400327973837,0.495543121245
251,15,0.436641762282,0.51341830309
252,15,0.322194138352,0.419066108751
253,15,0.385475527897,0.483768798225
254,15,0.193900155693,0.263006995929
255,15,0.169396797438,0.202370220172
256,15,0.0978056368818,0.121023803256
257,15,0.232643508616,0.275006674895
258,15,0.118214878887,0.164222299815
259,15,0.103407258835,0.126431552668
260,15,0.203605017051,0.248697878465
261,15,0.180740181958,0.217503086438
262,15,0.279208272457,0.324464348843
263,15,0.199658523893,0.26377523614
264,15,0.304576769376,0.405539272351
265,15,0.350662359129,0.456316534247
266,15,0.273711178225,0.33851462925
267,15,0.300640011873,0.382059163266
268,15,0.233873994633,0.290768656695
269,15,0.216060846501,0.280489442699
270,15,0.211103074438,0.275807011895
271,15,0.194839931645,0.238245186659
272,15,0.16146220626,0.200429129244
273,15,0.164961782285,0.19387433175
274,15,0.134486145463,0.171465254151
275,15,0.154137583423,0.19495686016
276,15,0.323811286377,0.422296065183
277,15,0.15063875685,0.199111045619
278,15,0.119891846552,0.152288554808
279,15,0.14355782806,0.187892658524
280,15,0.19150798132,0.251398093451
281,15,0.167916288561,0.220079339251
282,15,0.247309963923,0.279823973273
283,15,0.162769874024,0.195378547991
284,15,0.136704394241,0.168272420794
285,15,0.111040398016,0.136610788475
286,15,0.13356393148,0.169615437146
287,15,0.126664316528,0.157319949866
288,15,0.157808397632,0.206138627863
289,15,0.163421396726,0.203695815748
290,15,0.175462000435,0.225886147609
291,15,0.144364140956,0.191878279756
292,15,0.109727904924,0.142398706191
293,15,0.108026806187,0.144050606209
294,15,0.131501273042,0.168970851275
296,15,0.095819176272,0.119628198381
297,15,0.15118791131,0.17800775928
298,15,0.14548901834,0.185204979013
299,15,0.105561450893,0.14058426637
300,15,0.135122405835,0.164004420451
301,15,0.136594438575,0.166976450574
302,15,0.121765976471,0.147422421528
303,15,0.137744207945,0.17599701512
304,15,0.122028619503,0.142450055844
305,15,0.131385000269,0.168642843387
306,15,0.111448890702,0.144596288745
307,15,0.144685417678,0.190364320159
308,15,0.13212299753,0.159578319872
309,15,0.216385138072,0.278727523333
310,15,0.231842413445,0.293276315405
311,15,0.234058042222,0.294506357476
312,15,0.327930143716,0.400482271837
313,15,0.444903286921,0.558495839242
314,15,0.251245644362,0.317952277761
315,15,0.203355583511,0.260680603901
316,15,0.282526266427,0.368601738899
317,15,0.241703622007,0.304821149929
318,15,0.220166979139,0.270298613127
319,15,0.247514039646,0.323671976795
320,15,0.184370089891,0.232107593248
321,15,0.131100192182,0.154093392607
322,15,0.170854391915,0.213394453949
323,15,0.155004363242,0.197056954604
324,15,0.132388132385,0.171429103774
325,15,0.155999818464,0.199846391024
326,15,0.183230246966,0.230944798463
327,15,0.433496208727,0.51908320981
328,15,0.233128841732,0.300641795558
329,15,0.148233874329,0.190702001901
330,15,0.163235698399,0.201488907686
331,15,0.153397301284,0.194480810348
332,15,0.303023989156,0.366268418196
333,15,0.46320427456,0.544518124764
334,15,0.714584213631,0.818456025976
335,15,0.638370856559,0.758341468327
