cycle,count,mae,rmse
50,20,0.103002468908,0.127040249455
51,20,0.115289873796,0.137341281099
52,20,0.119069377201,0.153591952774
53,20,0.113759163582,0.139232176354
54,20,0.0979890049801,0.118265029353
55,20,0.11470432382,0.144298845413
56,20,0.0907351541487,0.116311882961
57,20,0.134944999138,0.162289675881
58,20,0.243175245704,0.292589530142
59,20,0.160651359792,0.185503269616
60,20,0.130701737895,0.158662498131
61,20,0.191997165256,0.234538733353
62,20,0.177756968215,0.216081467315
63,20,0.193804868192,0.249535294497
64,20,0.283574050071,0.327547507714
65,20,0.216306381082,0.251935130188
66,20,0.296342393726,0.389650030124
67,20,0.456424064247,0.562316014264
68,20,0.183548430076,0.218767210203
69,20,0.378312486124,0.482932042218
70,20,0.231070351833,0.305429572636
71,20,0.277703428434,0.330895591287
72,20,0.19216442092,0.242301188189
73,20,0.54223871035,0.66406260201
74,20,0.139358253426,0.163772807099
75,20,0.138261119761,0.160298093835
76,20,0.147449082818,0.187745296369
77,20,0.20413884085,0.259968922488
78,20,0.131293780261,0.159600392866
79,20,0.116410911701,0.145236107539
80,20,0.137776029513,0.171777362128
81,20,0.107856215098,0.131073763494
82,20,0.186547230541,0.235432415385
83,20,0.140058617623,0.177973524203
84,20,0.169330969222,0.200422470321
85,20,0.153511365391,0.177430010848
86,20,0.16895737984,0.203075150493
87,20,0.160261057476,0.205785925334
88,20,0.236483250609,0.305552297225
89,20,0.108958536184,0.135430838574
90,20,0.252180263647,0.30853142919
91,20,0.153521415604,0.182499013759
92,20,0.172069216543,0.217123049411
93,20,0.176761501431,0.223495967579
94,20,0.116090447899,0.145987103227
95,20,0.118982766718,0.147546109805
96,20,0.300881511968,0.357239852919
97,20,0.0890965174383,0.11463373082
98,20,0.137411130106,0.175753167553
99,20,0.12812118938,0.166487928175
100,20,0.22750741801,0.282428197288
101,20,0.2118035837,0.244923241214
102,20,0.180522669354,0.218635158233
103,20,0.116771112138,0.154366725077
104,20,0.135821521273,0.169238584806
105,20,0.191238013962,0.243535001973
106,20,0.165085048574,0.207743700955
107,20,0.168060756449,0.197252893719
108,20,0.23237745246,0.268437221107
109,20,0.163017385864,0.195189931753
110,20,0.168961651061,0.228383608646
111,20,0.141939364887,0.182902464805
112,20,0.170075908961,0.222442879226
113,20,0.134921352624,0.166241168104
114,20,0.170396060797,0.215809881384
115,20,0.132667136695,0.171576435625
116,20,0.229141098737,0.286529048121
117,20,0.136399134329,0.166206787373
118,20,0.252486558723,0.306401842752
119,20,0.32955388102,0.431857613978
120,20,0.662115566368,0.845421240664
121,20,0.568046606267,0.71633899424
122,20,0.778143436088,0.919015914191
123,20,0.590163470789,0.751379367844
124,20,0.462348520977,0.607960512827
125,20,0.550299742091,0.725898772553
126,20,0.467172960835,0.579286893908
127,20,0.453367364119,0.621291250461
128,20,0.161358274919,0.198402130412
129,20,0.166222736312,0.234195927906
130,20,0.146801152672,0.190874888235
131,20,0.205704777051,0.24509904633
132,20,0.270804557625,0.346208241483
133,20,0.395188383147,0.495208553258
134,20,0.380791081456,0.470367878137
135,20,0.41134580354,0.481399063518
136,20,0.272215061665,0.332979559907
137,20,0.318848099084,0.407315067052
138,20,0.199656174643,0.266043019063
139,20,0.148826474632,0.185109825319
140,20,0.132095353308,0.167651932965
141,20,0.102495861247,0.135399841485
142,20,0.14223606448,0.177850262073
143,20,0.14990534966,0.212717973102
144,20,0.0988855798488,0.133270577715
145,20,0.133896976729,0.17350352893
146,20,0.167154251325,0.214768196882
147,20,0.132941426326,0.158396747598
148,20,0.114475045441,0.148199082159
149,20,0.125212309724,0.149852670854
150,20,0.137004362778,0.175298945646
151,20,0.128079082678,0.163879878617
152,20,0.164582273236,0.199907590093
153,20,0.157634703716,0.205745795458
154,20,0.218015135854,0.297251220673
155,20,0.180886496003,0.258453706285
156,20,0.147469980412,0.181339668289
157,20,0.224040123182,0.268419951957
158,20,0.20634038521,0.24856989068
159,20,0.178222909982,0.215977797334
160,20,0.160364897202,0.204807966425
161,20,0.123350606693,0.15867556274
162,20,0.116832644435,0.148965858726
163,20,0.149578347949,0.180572412059
164,20,0.105978643742,0.133510214978
165,20,0.114385325803,0.149803693133
166,20,0.134087737134,0.175048573833
167,20,0.149903405924,0.180670853922
168,20,0.112806211884,0.142406070834
169,20,0.12436484946,0.152372191032
170,20,0.0852043500612,0.105882122682
171,20,0.144118209288,0.171756382986
172,20,0.23600662443,0.279983884608
173,20,0.17865385596,0.212651630883
174,20,0.191130705039,0.237088687777
175,20,0.20159615497,0.2546296599
176,20,0.0863062989171,0.105131539599
177,20,0.124533413351,0.150217856972
178,20,0.139008877726,0.161125653746
179,20,0.110042796887,0.138511156239
180,20,0.117943747654,0.149420525743
181,20,0.117470131115,0.145497549653
182,20,0.107229682492,0.132772440825
183,20,0.125874396852,0.15968114342
184,20,0.0936166853478,0.111363399053
185,20,0.105892521912,0.134550123828
186,20,0.11062111266,0.134785991505
187,20,0.0874309551627,0.114638073661
188,20,0.125091353125,0.151510564544
189,20,0.12905028311,0.161652021006
190,20,0.165286383388,0.197619326956
191,20,0.246178760724,0.281240029543
192,20,0.2216132183,0.267968850952
193,20,0.104537396359,0.134759720398
194,20,0.135651045586,0.160502403318
195,20,0.0916005705679,0.110222264409
196,20,0.264035477744,0.31095147183
197,20,0.292564825197,0.364341162264
198,20,0.197480799547,0.308804042404
199,20,0.158320807697,0.221090317186
200,20,0.275443207883,0.335615279589
201,20,0.281180355857,0.344299981363
202,20,0.434833771477,0.52662198383
203,20,0.454232492111,0.561599188037
204,20,0.339932745904,0.430945739637
205,20,0.499123147603,0.587554861003
206,20,0.522423645505,0.611078193046
207,20,0.5556097308,0.72989728376
208,20,0.757625014945,0.885884058019
209,20,0.438558849087,0.513796256348
210,20,0.509617849217,0.619522427552
211,20,0.940267528611,1.18061210706
212,20,0.500121110643,0.559815050605
213,20,0.610404679397,0.721522612543
214,20,0.747183635854,1.14614993402
215,20,0.673580687384,0.896518886613
216,20,0.520671925161,0.661051514188
217,20,0.365841279338,0.452246578415
218,20,0.278644685091,0.345090384924
219,20,0.25130061173,0.321175010542
220,20,0.216461118353,0.278559430281
221,20,0.244780780969,0.329784623574
222,20,0.204933033227,0.265782268449
223,20,0.115313914574,0.14529111742
224,20,0.142928655492,0.18931251538
225,20,0.122997139926,0.146396594487
226,20,0.224996302303,0.274770981442
227,20,0.260984410841,0.32421707592
228,20,0.383327221393,0.477973405043
229,20,0.430884425477,0.565941612503
230,20,0.906494157061,1.07911272806
231,20,0.569492499722,0.690683266256
232,20,0.975307369121,1.19462990803
233,20,1.02669398393,1.21493274649
234,20,0.622671761764,0.785132809111
235,20,0.682582928348,0.822752399292
236,20,0.447131842646,0.554354983643
237,20,0.403089594714,0.486519757878
238,20,0.35400282464,0.465184233824
239,20,0.387251990876,0.474503755694
240,20,0.388075162161,0.501691699147
241,20,0.312141195243,0.372736532843
242,20,0.330132101786,0.418121481076
243,20,0.583709901097,0.751583443799
244,20,0.818556056046,1.05527431291
245,20,0.600933207443,0.743083306009
246,20,0.561861362349,0.654597879991
247,20,0.443962574577,0.534533550914
248,20,0.392463049234,0.486075407778
249,20,0.299468965961,0.376088355181
250,20,0.28545372055,0.345810484707
251,20,0.214347854666,0.274111855526
252,20,0.181353455869,0.232333028688
253,20,0.298396036072,0.356953445153
254,20,0.151882074581,0.195913375125
255,20,0.190719313261,0.227411796523
256,20,0.10755019863,0.138771250594
257,20,0.153732345363,0.177466487948
258,20,0.166297230735,0.195479219496
259,20,0.145489952807,0.177646858337
260,20,0.146960518324,0.189476911845
261,20,0.190830761822,0.237102900804
262,20,0.282258027906,0.350221783673
263,20,0.22727346449,0.26804830027
264,20,0.313728127393,0.421136956662
265,20,0.35979619736,0.487573134914
266,20,0.276236950764,0.348222811249
267,20,0.28123871166,0.358068413795
268,20,0.278027796987,0.352581772894
269,20,0.204370675556,0.27021357622
270,20,0.221742401518,0.266179262998
271,20,0.19797108985,0.240361156868
272,20,0.120475747139,0.146347960713
273,20,0.145990142939,0.184573352445
274,20,0.177783382496,0.222901249198
275,20,0.159099853439,0.208342800635
276,20,0.312151001063,0.393447976677
277,20,0.174062962063,0.222171349544
278,20,0.136088248456,0.174521498098
279,20,0.152614282674,0.214080592184
280,20,0.20638507368,0.264004126879
281,20,0.188964375132,0.251539700318
282,20,0.230381039227,0.264242547094
283,20,0.160863415549,0.19912002286
284,20,0.15501845938,0.183972621772
285,20,0.135772043223,0.169559061969
286,20,0.115298309833,0.148365546389
287,20,0.134718223859,0.173241468832
288,20,0.120214827584,0.162526635843
289,20,0.146603942565,0.190915533598
290,20,0.151980610504,0.20357134885
291,20,0.128248073829,0.154791848954
292,20,0.106459327245,0.12678005467
293,20,0.150005059069,0.177191187885
294,20,0.108391330509,0.147459418042
295,20,0.128820942894,0.163583331121
296,20,0.119889033104,0.144917268069
297,20,0.127979913242,0.16249067999
298,20,0.183742411524,0.215779691159
299,20,0.228951346269,0.304693252885
300,20,0.120304284374,0.15646423213
301,20,0.149936130716,0.195510964132
302,20,0.153844559551,0.187523770316
303,20,0.118313488218,0.144490799438
304,20,0.109380263378,0.137537046313
305,20,0.115566388027,0.153374054643
306,20,0.144481573607,0.193906935259
307,20,0.138808829143,0.16990869972
308,20,0.105782770841,0.12558477159
309,20,0.211577830505,0.280648474249
310,20,0.177527002741,0.224387776632
311,20,0.254329025961,0.305445213669
312,20,0.341751331309,0.425864173769
313,20,0.458290001301,0.603199795814
314,20,0.261057643041,0.3313116004
315,20,0.241886145405,0.303491054999
316,20,0.228870628597,0.304024933417
317,20,0.229513452017,0.295426835963
318,20,0.175099379501,0.224547796146
319,20,0.214066052815,0.278556382508
320,20,0.175719077241,0.222761394038
321,20,0.134977254807,0.174014769947
322,20,0.128151988633,0.159505063676
323,20,0.141829616628,0.177970990847
324,20,0.172147805309,0.230504611013
325,20,0.15145626768,0.209209383479
326,20,0.170082554902,0.210145141355
327,20,0.488640898391,0.606636697098
328,20,0.345712295642,0.402199734944
329,20,0.17936336509,0.240385507671
330,20,0.16667928909,0.202725620482
331,20,0.136510915738,0.172123519135
332,20,0.299624893896,0.356059442195
333,20,0.36857614316,0.423593979182
334,20,0.527813167617,0.631521170968
335,20,0.576006997741,0.671649994039
