cycle,count,mae,rmse
50,15,0.161322316509,0.196321518527
51,15,0.146963982599,0.180583887186
52,15,0.100528741581,0.125032439547
53,15,0.138388559622,0.167817439991
54,15,0.08494776714,0.104268899716
55,15,0.178012729686,0.221760730168
56,15,0.153017736748,0.183479113995
57,15,0.121332993352,0.155574973164
58,15,0.175718206131,0.217747257499
59,15,0.208306781224,0.233291563616
60,15,0.104330847528,0.122658215216
61,15,0.118933938622,0.149448367863
62,15,0.149995837317,0.183376224367
63,15,0.170091025992,0.216802475317
64,15,0.32103612188,0.396040715716
65,15,0.20066123102,0.261870863886
66,15,0.323553090428,0.39452729302
67,15,0.516359065408,0.599803881641
68,15,0.20856610705,0.255203729233
69,15,0.246769506993,0.299780059507
70,15,0.41216017164,0.526351954262
71,15,0.195428191767,0.239933657066
72,15,0.198854089657,0.266824721416
73,15,0.482349895672,0.617274968822
74,15,0.12724591937,0.157068000982
75,15,0.140275279214,0.170954301637
76,15,0.191580662407,0.24465117559
77,15,0.189924414932,0.250725776448
78,15,0.205910757382,0.255139997638
79,15,0.123072913929,0.145391210568
80,15,0.173110994182,0.211418458531
81,15,0.108402593218,0.136583833636
82,15,0.153182350782,0.191968534344
83,15,0.231506015229,0.299943658379
84,15,0.161256968053,0.213301855475
85,15,0.19260195422,0.237690213562
86,15,0.194039299727,0.240636971269
87,15,0.143496995489,0.174631526039
88,15,0.229861651302,0.260604214533
89,15,0.161892819849,0.198075549411
90,15,0.217584117178,0.270754717598
91,15,0.15667622733,0.184491365925
92,15,0.143651221944,0.185925680976
93,15,0.119194892092,0.142555475725
94,15,0.111544809613,0.132329960485
95,15,0.144001729523,0.179742532424
96,15,0.292877585445,0.386830003206
97,15,0.169814198907,0.212943753501
98,15,0.189534667832,0.233334620803
99,15,0.15792810131,0.201757174998
100,15,0.201463504721,0.241990854264
101,15,0.18146349109,0.22185431282
102,15,0.200918370535,0.241811010036
103,15,0.126351532629,0.159626439938
104,15,0.187889787543,0.239259504574
105,15,0.277083105055,0.324090906703
106,15,0.209722229821,0.258283375841
107,15,0.0962967746604,0.120160183817
108,15,0.126461464815,0.163266102115
109,15,0.141690291596,0.18213121348
110,15,0.197952461818,0.271047567666
111,15,0.157392506095,0.198522005215
112,15,0.143947853359,0.176419705821
113,15,0.185679494543,0.234756275503
114,15,0.156844883528,0.216383671974
115,15,0.121801881262,0.157916519318
116,15,0.221235235385,0.266724615135
117,15,0.256445472036,0.306304892621
118,15,0.186948409108,0.242275282793
119,15,0.297082350076,0.371910873314
120,15,0.723964247093,0.933570754954
121,15,0.504834128296,0.628628030185
122,15,0.992650889113,1.2256836001
123,15,0.526115639484,0.631715701477
124,15,0.465511339017,0.583034247092
125,15,0.667955349323,0.802480775235
126,15,0.429625993333,0.572705223358
127,15,0.58732040575,0.773631624833
128,15,0.201975641722,0.24849322869
129,15,0.22575383001,0.296045361457
130,15,0.117708830021,0.148179240639
131,15,0.146344550832,0.195077077046
132,15,0.334094528443,0.40509149232
133,15,0.508793809614,0.619764362144
134,15,0.372648350903,0.443526222489
135,15,0.335970799235,0.396154828262
136,15,0.272796997376,0.323491477658
137,15,0.270201607331,0.315085218787
138,15,0.288891654622,0.36411217021
139,15,0.164192971642,0.197899198356
140,15,0.156257493805,0.191573587659
141,15,0.107305814917,0.149007304963
142,15,0.158217995651,0.184356662531
143,15,0.155456652589,0.211001125223
144,15,0.115132693724,0.15362490286
145,15,0.155515290274,0.191475695835
146,15,0.165678288195,0.201477565036
147,15,0.130223702251,0.154448017523
148,15,0.128430997093,0.154049299504
149,15,0.162603604833,0.199562012328
150,15,0.143505889969,0.170894561657
151,15,0.180879864635,0.224034032016
152,15,0.123682609818,0.151831449292
153,15,0.169124947909,0.211839981125
154,15,0.176218520907,0.274576587067
155,15,0.246514878505,0.327095942816
156,15,0.115899610958,0.149327683827
157,15,0.190693985958,0.228856488995
158,15,0.160059240763,0.211838977221
159,15,0.1585501667,0.197826385942
160,15,0.11613612359,0.155699193009
161,15,0.155187003203,0.194322809739
162,15,0.136291455446,0.168993475767
163,15,0.19411117199,0.237530027508
164,15,0.175869417203,0.219805291892
165,15,0.135030154779,0.173144294529
166,15,0.142332707237,0.184111670138
167,15,0.149555745684,0.186027665518
168,15,0.147383281914,0.178868318406
169,15,0.167157300769,0.204124878256
170,15,0.168553013615,0.20794103835
171,15,0.166254498186,0.204334452432
172,15,0.170177122856,0.205830537908
173,15,0.129340441959,0.172963867757
174,15,0.160293970678,0.190208319287
175,15,0.149317705607,0.186146407483
176,15,0.100598130091,0.125349410958
177,15,0.130963392116,0.157585819947
178,15,0.113527761813,0.142972340696
179,15,0.0943085566692,0.116817819258
180,15,0.10552898221,0.131767412013
181,15,0.137488983213,0.166496913183
182,15,0.131609509076,0.155650381097
183,15,0.0804929621304,0.0961786833378
184,15,0.0974110244538,0.116829752715
185,15,0.0761831078812,0.0923291348707
186,15,0.0962661557478,0.11794594473
187,15,0.183609677503,0.219421380234
188,15,0.138314847024,0.158017627196
189,15,0.108066053063,0.133704195836
190,15,0.153042885175,0.2000924958
191,15,0.2566442382,0.311077146927
192,15,0.134792939842,0.166957658966
193,15,0.107379660589,0.147288544237
194,15,0.11486985731,0.142503956093
195,15,0.116530049623,0.141678035428
196,15,0.175336075399,0.215748933632
197,15,0.191649421163,0.279127147027
198,15,0.164700524171,0.264163672053
199,15,0.17950575154,0.234699627845
200,15,0.189208026835,0.252327848747
201,15,0.372290579397,0.448034547891
202,15,0.556500306457,0.683799178022
203,15,0.642400563471,0.779577289957
204,15,0.511326289751,0.662980314399
205,15,0.510194336633,0.603793756203
206,15,0.877706674373,1.07311800279
207,15,0.590821344907,0.716844227355
208,15,0.582732008573,0.7287557159
209,15,0.381305749917,0.468050236171
210,15,0.574815934419,0.720964409285
211,15,0.856976299113,1.05665342495
212,15,0.405004179245,0.54432221651
213,15,0.667915555706,0.789836912773
214,15,0.630771048207,0.89294596513
215,15,0.646034873877,0.918486720779
216,15,0.584327012498,0.743968830886
217,15,0.331970566302,0.453469225084
218,15,0.326076092911,0.407331453796
219,15,0.257339229323,0.347292943448
220,15,0.228598113018,0.296351151282
221,15,0.199265174217,0.279150122237
222,15,0.169559146408,0.23213223967
223,15,0.134460670341,0.164067471345
224,15,0.11930911528,0.165320890255
225,15,0.181278823679,0.234536706329
226,15,0.194641182206,0.264771584841
227,15,0.141709499645,0.182018578909
228,15,0.438566251662,0.577719105305
229,15,0.829787735952,0.98829471475
230,15,0.553417453716,0.675647926096
231,15,0.4418449106,0.56220805492
232,15,1.06509417252,1.25833650419
233,15,1.07174998958,1.29946040277
234,15,0.610139877805,0.734178802285
235,15,0.604605422177,0.737772329404
236,15,0.449028879676,0.527287884432
237,15,0.323678876275,0.393878409818
238,15,0.420581954859,0.537948358189
239,15,0.242675251327,0.343306576561
240,15,0.284533088101,0.335898054063
241,15,0.269246164064,0.333190940346
242,15,0.468998359403,0.563665095808
243,15,0.47290060025,0.578349947492
244,15,0.969354215417,1.20056381615
245,15,0.745189929755,0.939625410017
246,15,0.569289441271,0.685107680813
247,15,0.490439043205,0.614969938989
248,15,0.425554044355,0.530734835206
249,15,0.247291838745,0.334258454341
250,15,0.273965412314,0.353793842495
251,15,0.280898743807,0.341647880103
252,15,0.215536228713,0.281563248058
253,15,0.237887075854,0.305735710931
254,15,0.151682793878,0.183970186892
255,15,0.14323372193,0.174947554441
256,15,0.125691413521,0.165019806384
257,15,0.143933582509,0.178492465368
258,15,0.183063289827,0.232781772017
259,15,0.202336252424,0.252851994067
260,15,0.173011782612,0.220532808905
261,15,0.170371309462,0.220850072872
262,15,0.310392720303,0.370427809867
263,15,0.211175106656,0.259638645635
264,15,0.372350286533,0.478285383865
265,15,0.425929664897,0.519449979731
266,15,0.299253483536,0.373135379903
267,15,0.264358739847,0.336295293357
268,15,0.308124732331,0.377180264756
269,15,0.209838533871,0.255520734065
270,15,0.248766987365,0.320752754169
271,15,0.168703359201,0.200429249648
272,15,0.139771260656,0.173667956807
273,15,0.1569527946,0.192216340672
274,15,0.202163055371,0.260489292444
275,15,0.14559551268,0.184864131179
276,15,0.313956780976,0.384292233848
277,15,0.14104565856,0.198085787673
278,15,0.0925817968579,0.115927938271
279,15,0.130531461717,0.164588082276
280,15,0.174927853984,0.245139818502
281,15,0.222222445899,0.318101714008
282,15,0.204441531055,0.231699648593
283,15,0.200877417953,0.246224740637
284,15,0.147642364663,0.172394343862
285,15,0.123793468563,0.158862199768
286,15,0.111456757873,0.141968633836
287,15,0.119649286085,0.15255716359
288,15,0.139408770135,0.194859766859
289,15,0.175140839709,0.234051715225
290,15,0.237994348584,0.288063841305
291,15,0.134431783375,0.166970179941
292,15,0.11577748329,0.143402511238
293,15,0.0928860795262,0.11996484464
294,15,0.129088207547,0.180947342316
295,15,0.198237237823,0.250339996013
296,15,0.103055027811,0.125414018223
297,15,0.118746786993,0.151053587867
298,15,0.143872221214,0.178882336728
299,15,0.153711744001,0.198786127916
300,15,0.114088376313,0.144182350596
301,15,0.169552492456,0.209330853616
302,15,0.119734422499,0.153713326035
303,15,0.113400060602,0.144443901578
304,15,0.136527736141,0.173846825117
305,15,0.11855956555,0.171144292706
306,15,0.116704233008,0.147942149217
307,15,0.165863213617,0.21886383144
308,15,0.125426082595,0.150984737454
309,15,0.222925579447,0.287116892307
310,15,0.172770344012,0.222442444464
311,15,0.228614793657,0.271311965535
312,15,0.332736347362,0.418079012737
313,15,0.835531613545,1.03765949393
314,15,0.256980410895,0.330674968646
315,15,0.236971546517,0.296529058375
316,15,0.214315940484,0.282126656258
317,15,0.217965399294,0.285007440438
318,15,0.262361095564,0.30943274331
319,15,0.262372144837,0.330971482384
320,15,0.185549527062,0.23712399337
321,15,0.149796136392,0.198164595747
322,15,0.107806355828,0.146257080218
323,15,0.199533648483,0.26870996438
324,15,0.140950514444,0.19809510759
325,15,0.175709144325,0.222262193565
326,15,0.233015250741,0.297777924625
327,15,0.358076378658,0.440861711513
328,15,0.403531997637,0.574185353832
329,15,0.137675640552,0.182886185532
330,15,0.170848788374,0.215147214512
331,15,0.190288293228,0.244795345508
332,15,0.32916712526,0.419981369519
333,15,0.338813633109,0.413552626136
334,15,0.414657741788,0.506842763532
335,15,0.832499168693,1.04915849649
