cycle,count,mae,rmse
50,15,0.125622015524,0.14899915694
51,15,0.156832021777,0.193055288405
52,15,0.141564007267,0.170214944274
53,15,0.120831415771,0.145441975491
54,15,0.088356250507,0.108531255943
55,15,0.117411580909,0.140617706851
56,15,0.0944590385129,0.119664660762
57,15,0.150300720164,0.18364416613
58,15,0.211639131502,0.249277828475
59,15,0.188320105844,0.227487077277
60,15,0.123836421271,0.157962525064
61,15,0.189861414782,0.240624439367
62,15,0.212290578302,0.249240287805
63,15,0.134331614671,0.17332386781
64,15,0.271594297173,0.335182179269
65,15,0.284810108056,0.336506831867
66,15,0.25291243529,0.326003806914
67,15,0.582353778324,0.698943551479
68,15,0.200807686813,0.239820051977
69,15,0.202878685534,0.262159282421
70,15,0.473893827237,0.551939718179
71,15,0.246662034499,0.290891957839
72,15,0.296896294022,0.381251248942
73,15,0.306761524321,0.376226885325
74,15,0.192506040376,0.23272704527
75,15,0.164526153795,0.190932515336
76,15,0.116790130428,0.147528245662
77,15,0.154242229695,0.20745785494
78,15,0.14973984127,0.18415693083
79,15,0.14581642645,0.17222282051
80,15,0.102084416739,0.125392777545
81,15,0.0986824892019,0.118127808682
82,15,0.126610704492,0.161325092181
83,15,0.338219456426,0.409546941969
84,15,0.163109397345,0.18812515652
85,15,0.156620318736,0.193141659861
86,15,0.164189285421,0.196950991312
87,15,0.149178836215,0.181918939228
88,15,0.218492309539,0.25468636555
89,15,0.101914263906,0.129653199333
90,15,0.200743377497,0.248837304706
91,15,0.141448501864,0.163970420674
92,15,0.161792545203,0.189632741855
93,15,0.177138654541,0.218707215711
94,15,0.133527484711,0.16350871778
95,15,0.110080161819,0.139400227053
96,15,0.357504429295,0.429096371939
97,15,0.123201142618,0.156337864986
98,15,0.179516419469,0.232970895993
99,15,0.126345541784,0.152054759643
100,15,0.124261290333,0.153960533918
101,15,0.154596539692,0.184878521116
102,15,0.151618716756,0.173639960702
103,15,0.128962198595,0.173620038732
104,15,0.271122029177,0.323753168091
105,15,0.254684573674,0.303036949396
106,15,0.16898230346,0.203010289598
107,15,0.154722333408,0.184651868367
108,15,0.230116319076,0.269668154891
109,15,0.153807867198,0.205265765109
110,15,0.14618298939,0.22132767406
111,15,0.150740181468,0.185999074953
112,15,0.196282187256,0.224489821135
113,15,0.166178131173,0.21176702371
114,15,0.167864633761,0.216459135442
115,15,0.10936067703,0.135804495201
116,15,0.312971627824,0.383957127327
117,15,0.323051980648,0.374806960059
118,15,0.215212742099,0.271336510796
119,15,0.275127430015,0.345644598931
120,15,0.817808322437,0.999440717387
121,15,0.580808336212,0.771354145403
122,15,0.886829416302,1.08169417198
123,15,0.598903777592,0.663016318389
124,15,0.455733533621,0.560825222179
125,15,0.661013436423,0.840268673377
126,15,0.769152348472,0.950545524712
127,15,0.404271479138,0.535503777105
128,15,0.195604115123,0.237263552368
129,15,0.205852614349,0.274517101316
130,15,0.136825991075,0.173388046016
131,15,0.15869071292,0.206558068865
132,15,0.330358161031,0.423282186819
133,15,0.616541373294,0.808433860911
134,15,0.474054083278,0.580837970799
135,15,0.305124331048,0.369163676459
136,15,0.191014219984,0.234619807642
137,15,0.239484893891,0.320313806856
138,15,0.216852909564,0.287636645184
139,15,0.150510901074,0.19452861296
140,15,0.115469913269,0.145403423371
141,15,0.169072355444,0.219835022696
142,15,0.185115473176,0.24945094282
143,15,0.192764242501,0.239330456276
144,15,0.139873113697,0.158752374044
145,15,0.149446152838,0.18161585835
146,15,0.111441384602,0.137897295156
147,15,0.124442428202,0.152981134142
148,15,0.164578322664,0.201873480501
149,15,0.148540168227,0.186730556229
150,15,0.174095822067,0.203845831067
151,15,0.133707422552,0.165975017208
152,15,0.139078264136,0.17771554604
153,15,0.187186914828,0.239549952685
154,15,0.224950588878,0.323873849414
155,15,0.216610278273,0.28452843892
156,15,0.104945301098,0.138709778461
157,15,0.216627702801,0.261079758034
158,15,0.163738289874,0.221126318235
159,15,0.119228527999,0.148059484845
160,15,0.137584339361,0.172992899752
161,15,0.106513831729,0.140312213155
162,15,0.195119297383,0.236666304352
163,15,0.146988255699,0.181815408866
164,15,0.14261933005,0.173571478814
165,15,0.105689836248,0.151069706823
166,15,0.143124277761,0.18080043102
167,15,0.138288652136,0.170070236059
168,15,0.162639357683,0.200541806554
169,15,0.0868957748663,0.112958295425
170,15,0.146936787107,0.181418404071
171,15,0.164999114268,0.205135838873
172,15,0.202020687484,0.24361847823
173,15,0.276511355469,0.328018886202
174,15,0.190699258664,0.224427820041
175,15,0.153699389379,0.19147133009
176,15,0.189608336877,0.236666728536
177,15,0.134037849631,0.158882415929
178,15,0.101586510204,0.127950206839
179,15,0.164367148769,0.215398443834
180,15,0.162254196519,0.205615847581
181,15,0.128544116447,0.154472419154
182,15,0.0764102952802,0.0939004478545
183,15,0.115124476703,0.143794400039
184,15,0.0757102902416,0.0882568351499
185,15,0.0968334795605,0.12481241319
186,15,0.0935157269514,0.11538248172
187,15,0.197672089448,0.220121017955
188,15,0.128783587101,0.156352557572
189,15,0.139551411918,0.167456439542
190,15,0.185241128613,0.226727568238
191,15,0.224944080369,0.258119241945
192,15,0.129166173114,0.168793264013
193,15,0.107451989491,0.152029332498
194,15,0.114479199107,0.142707548374
195,15,0.0896160887677,0.109356485638
196,15,0.165511871965,0.209707844298
197,15,0.182985330998,0.239428544235
198,15,0.155586843187,0.229100394567
199,15,0.303373062333,0.366994452209
200,15,0.247454451078,0.323245681639
201,15,0.462653031144,0.567683634278
202,15,0.477398329054,0.562598639726
203,15,0.395681329317,0.476966680314
204,15,0.561000304104,0.655851037589
205,15,0.582591252107,0.684656940992
206,15,0.498850694536,0.615611598461
207,15,0.366682583097,0.472100726399
208,15,0.397042607859,0.49721915431
209,15,0.376598537348,0.466282430686
210,15,0.480176339204,0.605325122672
211,15,0.901833220266,1.13126043498
212,15,0.476543626765,0.565591149205
213,15,0.700304778945,0.877589212157
214,15,0.873983974471,1.20169395832
215,15,0.744141904166,0.975270800245
216,15,0.659832028728,0.823487271887
217,15,0.375644222424,0.463170643082
218,15,0.284137782518,0.348320753173
219,15,0.268315231359,0.362733223381
220,15,0.24287249041,0.309615546685
221,15,0.212072019486,0.302062868485
222,15,0.213346756457,0.267373337353
223,15,0.139993059885,0.17609395434
224,15,0.144129780588,0.190822321999
225,15,0.156761637296,0.192571733149
226,15,0.172990850256,0.217213421162
227,15,0.206895100703,0.256495481987
228,15,0.313980543929,0.406661941109
229,15,0.654254442789,0.81727353586
230,15,0.606865831073,0.721289642691
231,15,0.557293080845,0.655576758103
232,15,0.718325532397,0.866268874307
233,15,0.961069539358,1.24051175744
234,15,0.680778349703,0.819003869972
235,15,0.540953722373,0.650421167312
236,15,0.419357640896,0.505002529622
237,15,0.556208356757,0.677414992327
238,15,0.303070201569,0.392350158071
239,15,0.443789314138,0.520554842183
240,15,0.233887878686,0.292254734073
241,15,0.280869564636,0.349331150818
242,15,0.441035940703,0.545706363462
243,15,0.400026180944,0.538947958606
244,15,1.05330929852,1.32213477589
245,15,0.697675873618,0.831802975607
246,15,0.555590529358,0.640054660407
247,15,0.436935994003,0.540911092532
248,15,0.355722998063,0.4619404356
249,15,0.424239044834,0.543137954739
250,15,0.255364427469,0.326850363461
251,15,0.330024062935,0.431042425515
252,15,0.188850834472,0.233866561273
253,15,0.226279149244,0.273429860484
254,15,0.152085872038,0.186574422174
255,15,0.156768488186,0.18904883578
256,15,0.115218991054,0.144693981105
257,15,0.163323870173,0.189455887338
258,15,0.160535041166,0.191827492862
259,15,0.114178475547,0.147362472585
260,15,0.216761862304,0.268695691587
261,15,0.204567609594,0.262989160387
262,15,0.256010834871,0.315888519618
263,15,0.230526153331,0.280460435503
264,15,0.333003695748,0.451311689752
265,15,0.428854402702,0.503949030662
266,15,0.314190524309,0.374324314717
267,15,0.312747869943,0.409328054381
268,15,0.24265902843,0.310521019606
269,15,0.197010383981,0.256284341197
270,15,0.236080205774,0.287610071492
271,15,0.172819357447,0.204314074767
272,15,0.174107549488,0.223386223641
273,15,0.130429993178,0.159148511766
274,15,0.150920084336,0.193076241076
275,15,0.160250728152,0.202083267407
276,15,0.329115956466,0.395538664454
277,15,0.134976663048,0.18080769778
278,15,0.142815618591,0.170641536377
279,15,0.127557978547,0.1719445315
280,15,0.168859516601,0.208684420614
281,15,0.203714206202,0.261564185542
282,15,0.281586902809,0.325906466521
283,15,0.23137969516,0.264075893369
284,15,0.17542505975,0.202682333241
285,15,0.140353845018,0.172443424471
286,15,0.130346704942,0.161928041178
287,15,0.127058776646,0.165098780605
288,15,0.147597083654,0.198815873497
289,15,0.193529713564,0.249803830591
290,15,0.19343787059,0.239701943829
291,15,0.17244770441,0.205305977003
292,15,0.102205530294,0.125807650766
293,15,0.111466092419,0.142270114661
294,15,0.114418326817,0.156527867751
295,15,0.15459517277,0.206508316764
296,15,0.0967598648745,0.123254795823
297,15,0.153066744075,0.187236987034
298,15,0.166519922491,0.206688647084
299,15,0.120841598902,0.170576110354
300,15,0.147726990496,0.202084848483
301,15,0.160658309927,0.209395120797
302,15,0.137596676842,0.173116408648
303,15,0.166399590448,0.219524678148
304,15,0.178258788449,0.222739539779
305,15,0.112185028009,0.147841460765
306,15,0.197028258416,0.268159208366
307,15,0.120032652012,0.16423777176
308,15,0.140365492029,0.171567535308
309,15,0.257157014609,0.34229254124
310,15,0.154573773957,0.199914457298
311,15,0.261382383082,0.320668972717
312,15,0.374361429467,0.495014267987
313,15,0.542305540287,0.713013985101
314,15,0.289362574213,0.379531348068
315,15,0.193653178858,0.239452926459
316,15,0.206326525821,0.279668145968
317,15,0.252359574005,0.326363733714
318,15,0.192115528725,0.234815847823
319,15,0.29591005457,0.379168665594
320,15,0.188037216497,0.238503536398
321,15,0.129997332447,0.168286871208
322,15,0.133233877389,0.170324575417
323,15,0.178519222726,0.234426196102
324,15,0.127871095945,0.159523333099
325,15,0.158167920278,0.209674386555
326,15,0.239419006466,0.288342266391
327,15,0.420534501821,0.508945541478
328,15,0.251334448231,0.335030518068
329,15,0.183240141306,0.224502849672
330,15,0.199794211969,0.240978729943
331,15,0.215162546807,0.259648333591
332,15,0.339180048652,0.402720242289
333,15,0.408791942292,0.46047660491
334,15,0.708652580111,0.877581733732
335,15,0.725715619537,0.844063022532
