cycle,count,mae,rmse
50,10,0.104141154466,0.131228268374
51,10,0.115687161955,0.140552859447
52,10,0.11641485249,0.14258943352
53,10,0.134835261875,0.166947104114
54,10,0.0750559262713,0.0947203787926
55,10,0.0899397263129,0.116425068738
56,10,0.117656312308,0.144449560733
57,10,0.0996835085566,0.128360469529
58,10,0.185897986211,0.221393918919
59,10,0.219328918517,0.248412049283
60,10,0.0935288962511,0.114248993507
61,10,0.138119179139,0.171527048034
62,10,0.178552139924,0.218191180567
63,10,0.166377446656,0.206181415622
64,10,0.263913360526,0.334954399333
65,10,0.214242152648,0.253465886953
66,10,0.249507996756,0.332059940586
67,10,0.478810348253,0.554428900995
68,10,0.142612781548,0.175088554315
69,10,0.300676666797,0.360553321847
70,10,0.351702910733,0.437070678532
71,10,0.174394841984,0.211751782151
72,10,0.252130038311,0.320865142183
73,10,0.344494696076,0.423209370831
74,10,0.133678851878,0.158658507866
75,10,0.21746213671,0.243646653495
76,10,0.164603693016,0.215126037245
77,10,0.154217186227,0.207173791112
78,10,0.150743279752,0.188759895544
79,10,0.114817498698,0.140235954376
80,10,0.132378739316,0.163183251657
81,10,0.180491779547,0.224761621921
82,10,0.1195760838,0.150442345439
83,10,0.141128848742,0.167498334072
84,10,0.167320571128,0.211873989453
85,10,0.0909141668786,0.114377278795
86,10,0.100815730683,0.11955984519
87,10,0.130621572884,0.157853544718
88,10,0.234311549743,0.276218412569
89,10,0.115048951106,0.149641028592
90,10,0.202062805564,0.260028296196
91,10,0.132452499643,0.176162016042
92,10,0.130673874855,0.155613803213
93,10,0.165487717434,0.202447982536
94,10,0.131056563476,0.170622497831
95,10,0.119959099019,0.148090023696
96,10,0.359169430717,0.413354359757
97,10,0.104374385572,0.127323584419
98,10,0.176639800994,0.21313255327
99,10,0.130534825555,0.157312072778
100,10,0.157314939067,0.196885517694
101,10,0.138833764287,0.174374493983
102,10,0.154961133716,0.191122658562
103,10,0.117811375769,0.150546655397
104,10,0.106831105261,0.132446082016
105,10,0.14989502734,0.189590305465
106,10,0.20967029597,0.250676487113
107,10,0.18643523138,0.220815007818
108,10,0.154759337136,0.198195258521
109,10,0.15150572091,0.197447170711
110,10,0.255846295602,0.32121630696
111,10,0.184936360474,0.238489636962
112,10,0.145498070664,0.18982808605
113,10,0.149908732567,0.194807435125
114,10,0.167118175419,0.204793158747
115,10,0.147945152792,0.182729928717
116,10,0.23244851188,0.290362060497
117,10,0.170769571059,0.208922836554
118,10,0.239388742102,0.312124353338
119,10,0.338008487,0.44573756872
120,10,0.73037247479,0.883448939297
121,10,0.602818790986,0.711158154739
122,10,0.737954350332,0.892344624448
123,10,0.54742456991,0.630801582533
124,10,0.540509019918,0.692143526675
125,10,0.467187104665,0.583391075461
126,10,0.58028748041,0.704268889404
127,10,0.428625580711,0.641404442441
128,10,0.198145633867,0.24536149111
129,10,0.165557104249,0.244033223084
130,10,0.199904411692,0.240274170032
131,10,0.138788022945,0.186876605882
132,10,0.307627228168,0.373897628063
133,10,0.298070215524,0.359140640385
134,10,0.486765338351,0.585306934164
135,10,0.313062502695,0.379348558644
136,10,0.259172125746,0.320424620881
137,10,0.231806952902,0.282003732403
138,10,0.213432339812,0.291190811981
139,10,0.163281488814,0.192875388882
140,10,0.099407626153,0.130932569176
141,10,0.114546080407,0.156185550803
142,10,0.159196342469,0.199542908068
143,10,0.197279560147,0.267053473901
144,10,0.131249804183,0.166183475771
145,10,0.132250398394,0.171185868884
146,10,0.124956655153,0.15336621164
147,10,0.164744222283,0.203416667128
148,10,0.128153840572,0.155591786401
149,10,0.104015541634,0.125942043957
150,10,0.127601709835,0.153901242787
151,10,0.213391691022,0.261863530793
152,10,0.152783371454,0.186976916225
153,10,0.170135305685,0.214070413455
154,10,0.176733020359,0.264652006913
155,10,0.230373168374,0.29536745036
156,10,0.157562532545,0.19832969968
157,10,0.230416867008,0.271391129351
158,10,0.234085963992,0.297253853696
159,10,0.127668502536,0.156835150163
160,10,0.121416626858,0.151714656484
161,10,0.112789795201,0.149986366481
162,10,0.180228778041,0.214856478101
163,10,0.175159447868,0.217254181053
164,10,0.107853219472,0.135486206771
165,10,0.10202965068,0.144162482801
166,10,0.10665402366,0.146561153274
167,10,0.12533332726,0.154237996002
168,10,0.10982800795,0.141718649258
169,10,0.107446398927,0.130068766837
170,10,0.0810918484877,0.10004163722
171,10,0.209214486597,0.263757185309
172,10,0.174157908077,0.222673546206
173,10,0.146001504771,0.188301762361
174,10,0.220760033275,0.281596368996
175,10,0.151581646546,0.182277105393
176,10,0.0997853142788,0.122385680503
177,10,0.0969848337643,0.12186997319
178,10,0.137186693823,0.174351284111
179,10,0.116770569637,0.144356957948
180,10,0.13722301813,0.180289159305
181,10,0.0676484727267,0.0887569624641
182,10,0.152409846321,0.184267867822
183,10,0.102574658758,0.124458992098
184,10,0.112292280963,0.142968842413
185,10,0.142782518846,0.195575772035
186,10,0.122484257318,0.143740796197
187,10,0.112456226427,0.141753328095
188,10,0.130285740008,0.152428582748
189,10,0.102221961212,0.142771901033
190,10,0.109472000928,0.136210646485
191,10,0.18374030368,0.228484900154
192,10,0.117420908963,0.149412092641
193,10,0.164940756556,0.190456400932
194,10,0.19188683397,0.216034964547
195,10,0.0984467702558,0.11804869082
196,10,0.179239353683,0.231962580004
197,10,0.234716108668,0.314674348707
198,10,0.187169907263,0.337824021855
199,10,0.232149790117,0.28470800856
200,10,0.291037475419,0.359453985617
201,10,0.313743162252,0.38818211841
202,10,0.310544311751,0.37369554041
203,10,0.49671574586,0.600283233228
204,10,0.282089411654,0.374058926405
205,10,0.573282409544,0.760110395316
206,10,0.530534327537,0.641367546855
207,10,0.480356231213,0.566277001128
208,10,0.504880224386,0.670929837707
209,10,0.395005513526,0.495227622318
210,10,0.589173472244,0.739407867288
211,10,0.788097767127,0.994251309239
212,10,0.498628764483,0.63674841994
213,10,0.737556930393,0.929802181645
214,10,0.86249404451,1.10285470077
215,10,0.677481279606,0.943447725541
216,10,0.571221701537,0.713409095216
217,10,0.487926599057,0.596319645487
218,10,0.288807172462,0.392354128683
219,10,0.2907114843,0.343646048053
220,10,0.211845563072,0.2671793288
221,10,0.215920718457,0.308914781459
222,10,0.209672826332,0.27554279366
223,10,0.134838184487,0.172556459224
224,10,0.16796834418,0.218142010875
225,10,0.163800824579,0.200673898787
226,10,0.223800337294,0.280547801148
227,10,0.198565135761,0.244759910865
228,10,0.373045170388,0.441482913753
229,10,0.811746553145,0.996112986695
230,10,0.771914133848,0.929724370882
231,10,0.37195889795,0.490091591066
232,10,0.594384261196,0.748307108882
233,10,0.848437199684,1.13495367704
234,10,0.653592479709,0.832551370128
235,10,0.616441559472,0.732787915875
236,10,0.38890326906,0.467964200687
237,10,0.529149381072,0.654091997706
238,10,0.278674382615,0.371811981041
239,10,0.282141443651,0.389603474456
240,10,0.28082665203,0.340589315533
241,10,0.267436379142,0.326656679556
242,10,0.382329984072,0.507284418128
243,10,0.620778211967,0.819305631898
244,10,0.861280274439,1.06809572546
245,10,0.944130003469,1.15941222016
246,10,0.431529402925,0.544115266219
247,10,0.516367821759,0.706650693298
248,10,0.447159021586,0.545457806967
249,10,0.33869809207,0.407283812337
250,10,0.220211628078,0.293799977008
251,10,0.332847485807,0.399596250005
252,10,0.202856613837,0.253288316187
253,10,0.277312289217,0.348419216391
254,10,0.171315978272,0.213038320049
255,10,0.122597668642,0.15848841315
256,10,0.126285442797,0.151326637425
257,10,0.170519929442,0.214032295013
258,10,0.139841092411,0.180372377823
259,10,0.167444524269,0.210888029721
260,10,0.185509121741,0.222997850987
261,10,0.197858474678,0.246815704807
262,10,0.204604557233,0.263054420066
263,10,0.273523960435,0.343214588851
264,10,0.381141898968,0.501364755745
265,10,0.38465994941,0.491552475339
266,10,0.317351617111,0.388076746084
267,10,0.250489937102,0.3239115788
268,10,0.265700134424,0.340800819685
269,10,0.217154903373,0.278049205162
270,10,0.243248246405,0.302282145137
271,10,0.145249779443,0.183155010766
272,10,0.228541942066,0.284413374063
273,10,0.125907828714,0.155383917191
274,10,0.151237023027,0.190233366984
275,10,0.185218988366,0.230568627715
276,10,0.312418886182,0.396561617533
277,10,0.168726445142,0.225816135865
278,10,0.13184988344,0.171868352218
279,10,0.0832551924596,0.108134266571
280,10,0.284428467361,0.331238709812
281,10,0.214136284546,0.291315905433
282,10,0.182802790528,0.23184664594
283,10,0.255408979765,0.298705642873
284,10,0.16783373322,0.200538807037
285,10,0.157964875122,0.201421255837
286,10,0.179372135103,0.218234591267
287,10,0.173022718879,0.228487033252
288,10,0.149708133161,0.200631167127
289,10,0.19069677954,0.233027274822
290,10,0.211378848643,0.265078383442
291,10,0.17724422262,0.228371342539
292,10,0.119167792419,0.150763485889
293,10,0.114123436837,0.140619379593
294,10,0.112306682743,0.155771806342
295,10,0.126149440012,0.167447336901
296,10,0.157709219083,0.207877370823
297,10,0.150417303421,0.191171898793
298,10,0.15921267852,0.200191603422
299,10,0.131400134279,0.173774485587
300,10,0.126988858887,0.165944873451
301,10,0.176804571807,0.220661593874
302,10,0.147983183193,0.179191689977
303,10,0.109137538148,0.136054637119
304,10,0.0937054449023,0.116086417106
305,10,0.183218687821,0.230288987456
306,10,0.180675247285,0.22948064062
307,10,0.111493838407,0.140056958118
308,10,0.13131632181,0.164163442195
309,10,0.23412702559,0.307139619175
310,10,0.131745116856,0.165139805989
311,10,0.350922551711,0.41611524544
312,10,0.441989119219,0.574992237325
313,10,0.533650306739,0.656525652141
314,10,0.318535092514,0.372613104332
315,10,0.196321886348,0.247524627597
316,10,0.357993597224,0.443477011745
317,10,0.249595161794,0.314461117311
318,10,0.20075858195,0.254115167544
319,10,0.281792161526,0.366495241277
320,10,0.213576704386,0.268382028415
321,10,0.103363582226,0.136989706159
322,10,0.180740113614,0.224504015332
323,10,0.176086018968,0.244976996393
324,10,0.128961501711,0.180042853958
325,10,0.133499248976,0.169747864407
326,10,0.174392251182,0.213185788802
327,10,0.498950511381,0.662635393381
328,10,0.254132049379,0.309197805616
329,10,0.15955667099,0.217977912848
330,10,0.20136963343,0.255200138915
331,10,0.129873115911,0.165836801679
332,10,0.372520040211,0.435043651181
333,10,0.376858625192,0.45704713546
334,10,0.580695368908,0.710565925306
335,10,0.697440567517,0.868934895082
