cycle,count,mae,rmse
50,15,0.147078889967,0.179708820219
51,15,0.141912997539,0.172749981325
52,15,0.179223242166,0.213766946702
53,15,0.152769457218,0.185350784655
54,15,0.113255905424,0.133521527409
55,15,0.133604578084,0.172459214226
56,15,0.110801242757,0.135760380062
57,15,0.100395897919,0.128636914531
58,15,0.168820670819,0.214029278058
59,15,0.207389565225,0.24202953394
60,15,0.0974932392734,0.117373656594
61,15,0.190997505866,0.232235578998
62,15,0.164868745661,0.204346575862
63,15,0.151126826484,0.191416681622
64,15,0.248052104724,0.306200933965
65,15,0.259743638913,0.304383716579
66,15,0.24400934999,0.30412767673
67,15,0.44723545283,0.55443029274
68,15,0.175232423322,0.218190123114
69,15,0.32816871208,0.38710173353
70,15,0.367938358628,0.445326972692
71,15,0.253960902453,0.302802973969
72,15,0.231332923079,0.296113030084
73,15,0.346033166391,0.44435582745
74,15,0.173833329192,0.219958864385
75,15,0.165367236294,0.216953566385
76,15,0.189388472285,0.247466768961
77,15,0.234599836071,0.313272681921
78,15,0.133810084072,0.166986826636
79,15,0.134421798865,0.173841331569
80,15,0.0881805405442,0.105515810029
81,15,0.134014647871,0.169363523013
82,15,0.154901139592,0.194962855776
83,15,0.233819612624,0.291132985968
84,15,0.262087916086,0.311641115383
85,15,0.150034243582,0.174608309055
86,15,0.102101721063,0.128515068701
87,15,0.133787887519,0.159269905307
88,15,0.229469283761,0.277282722222
89,15,0.127987412565,0.15583632273
90,15,0.202276981424,0.263816970483
91,15,0.146360833261,0.168886642957
92,15,0.135162400595,0.169013025624
93,15,0.156834142872,0.204156298608
94,15,0.117217793447,0.148533533098
95,15,0.13525812764,0.16637374667
96,15,0.318550930553,0.395694657677
97,15,0.100706880197,0.124917360916
98,15,0.163595751056,0.203308243896
99,15,0.149724056865,0.196510184541
100,15,0.229262541622,0.271584302127
101,15,0.21020150736,0.253883413052
102,15,0.137306005302,0.160827019963
103,15,0.130210630825,0.163230519511
104,15,0.197661989838,0.237456409376
105,15,0.229474421134,0.264725495244
106,15,0.270414858578,0.306263919382
107,15,0.205066848362,0.251796661345
108,15,0.200703321851,0.240215638314
109,15,0.131315127893,0.166530731121
110,15,0.223350298369,0.3075083201
111,15,0.1720579552,0.220889866182
112,15,0.151475831401,0.197937664972
113,15,0.16282745089,0.200256215166
114,15,0.164007248144,0.215275424648
115,15,0.11839065554,0.144674212794
116,15,0.233398053391,0.28805061673
117,15,0.2122381479,0.258251271261
118,15,0.289023046257,0.371197187158
119,15,0.36572724622,0.472794894937
120,15,0.741575384972,0.977184525157
121,15,0.618678275418,0.797363154143
122,15,0.742269331351,0.907516205325
123,15,0.542979901238,0.618703121974
124,15,0.571487890181,0.706610738473
125,15,0.616478819667,0.745664710373
126,15,0.433935340701,0.533566198935
127,15,0.596546301788,0.739099402609
128,15,0.254011854277,0.309841427148
129,15,0.223848011398,0.28306900121
130,15,0.121024626324,0.154366535363
131,15,0.160579966182,0.206957478098
132,15,0.340835149286,0.427259381969
133,15,0.357127631845,0.417503714832
134,15,0.340568382259,0.428567169572
135,15,0.302741468857,0.408999496775
136,15,0.231547236516,0.2817265394
137,15,0.244623401137,0.301578514241
138,15,0.233769132158,0.283291838712
139,15,0.150055985186,0.184849408509
140,15,0.18634159973,0.224415312197
141,15,0.115258598389,0.147662400115
142,15,0.122849626941,0.152334452605
143,15,0.165874541464,0.23403818079
144,15,0.111375586376,0.141417830656
145,15,0.169948029669,0.209326103174
146,15,0.10482687972,0.130036504164
147,15,0.0891348094626,0.10775640547
148,15,0.2001153924,0.24222317673
149,15,0.180530893457,0.214436526008
150,15,0.1720503743,0.227584865559
151,15,0.173616240056,0.217614062837
152,15,0.112945694521,0.139909657958
153,15,0.159981159583,0.203565957068
154,15,0.18285360043,0.272292762583
155,15,0.205063247129,0.278825358391
156,15,0.15522915159,0.193361744431
157,15,0.257070658145,0.312474087891
158,15,0.213131635992,0.273076331756
159,15,0.15176588216,0.187674354562
160,15,0.131158829747,0.173482310334
161,15,0.136510061583,0.175149416921
162,15,0.163061898285,0.199517553209
163,15,0.125588524753,0.145171242667
164,15,0.144908702986,0.174430651309
165,15,0.134077135297,0.179365598945
166,15,0.162850232041,0.196904399737
167,15,0.172079108027,0.212812320809
168,15,0.136015527191,0.16047833621
169,15,0.0922738858821,0.111999336878
170,15,0.196427356964,0.246907318598
171,15,0.216434102643,0.263758931115
172,15,0.196058936568,0.249353306972
173,15,0.146330326716,0.173001043855
174,15,0.243929737658,0.316437836018
175,15,0.121135291195,0.148531201452
176,15,0.154573251629,0.188694642246
177,15,0.145402577728,0.176941844533
178,15,0.142843175967,0.175164436133
179,15,0.122354641845,0.146482823011
180,15,0.100220613514,0.129804856956
181,15,0.103656371824,0.123431635807
182,15,0.104895013069,0.13041521618
183,15,0.106440596709,0.129500095967
184,15,0.0958000851331,0.115487583864
185,15,0.0943687770884,0.115156810078
186,15,0.108424258185,0.133545970346
187,15,0.168750879759,0.198848701699
188,15,0.13037219225,0.15812067562
189,15,0.11491556343,0.150087737089
190,15,0.221951309537,0.265490725398
191,15,0.177738768506,0.212645337622
192,15,0.156154394737,0.193713546113
193,15,0.108176442403,0.13774922573
194,15,0.123890889047,0.149490670832
195,15,0.126946203647,0.144177889166
196,15,0.283536360231,0.343595602975
197,15,0.289954893612,0.372125470514
198,15,0.219393629889,0.314975967404
199,15,0.182167086156,0.217910293939
200,15,0.295703034022,0.365881072971
201,15,0.375890470978,0.436561463925
202,15,0.315787115625,0.38584205955
203,15,0.417490245053,0.540287012895
204,15,0.269415774558,0.358260182838
205,15,0.310820970784,0.384004423307
206,15,0.508337650759,0.620700280605
207,15,0.529715421849,0.648840533646
208,15,0.457380969153,0.602078961959
209,15,0.416832134549,0.518846317312
210,15,0.327838878756,0.429888042912
211,15,1.01953236269,1.23536128707
212,15,0.502587529279,0.65533247582
213,15,0.76037756957,0.984848288044
214,15,1.19195133795,1.47979936525
215,15,0.937390610619,1.22601970772
216,15,0.961751029266,1.11919147022
217,15,0.445729073399,0.543663892381
218,15,0.296887317385,0.373310630121
219,15,0.257308211359,0.351923437619
220,15,0.213085374907,0.27389569447
221,15,0.257554031459,0.352545401894
222,15,0.208990634777,0.270180809588
223,15,0.17155842361,0.218393314869
224,15,0.157570041289,0.2049568409
225,15,0.124606391908,0.158027961378
226,15,0.19786480814,0.244663119303
227,15,0.239507537376,0.289416575748
228,15,0.313934883088,0.403123481723
229,15,0.528548024013,0.680883038277
230,15,0.607406251571,0.721896875284
231,15,0.44492630362,0.55857688769
232,15,1.18866362702,1.44186552619
233,15,0.906772789245,1.13618280045
234,15,0.696863390822,0.816391313615
235,15,0.410796292646,0.496567825177
236,15,0.562386775334,0.697845588927
237,15,0.320281642183,0.389695012756
238,15,0.283784603027,0.37522850565
239,15,0.296317931534,0.396975695864
240,15,0.235066307506,0.291875982691
241,15,0.236767437648,0.294038959243
242,15,0.323074154521,0.425368928585
243,15,0.538901503901,0.690218782547
244,15,0.892635377953,1.08841270783
245,15,0.983624675196,1.27095450084
246,15,0.531783916036,0.663850596245
247,15,0.447269310034,0.55930602206
248,15,0.283645106579,0.34256319963
249,15,0.348867179882,0.431436490065
250,15,0.301716360791,0.391543257655
251,15,0.338449558525,0.412593577065
252,15,0.196650389544,0.249462188989
253,15,0.245681601642,0.302120070819
254,15,0.137305056644,0.170404079812
255,15,0.146786862182,0.174756357888
256,15,0.093622323018,0.118526169346
257,15,0.148067289135,0.184137475085
258,15,0.12063150712,0.151180192954
259,15,0.142764195017,0.18131388233
260,15,0.25044857642,0.312746893295
261,15,0.218751000504,0.286280580188
262,15,0.240392969479,0.305549158491
263,15,0.239442714759,0.298867524529
264,15,0.375153524932,0.518941723701
265,15,0.415157981224,0.521334813164
266,15,0.305067444577,0.386804824123
267,15,0.299075649263,0.388442609036
268,15,0.311299464798,0.375090153019
269,15,0.245726270517,0.312273637114
270,15,0.242055481431,0.305247325083
271,15,0.146646216571,0.176353665892
272,15,0.128054009508,0.160085914639
273,15,0.111371857453,0.14079533437
274,15,0.139666179316,0.177719956269
275,15,0.192553762713,0.248466320854
276,15,0.33475464978,0.407956889934
277,15,0.171534368581,0.225114211112
278,15,0.120160308953,0.161354288016
279,15,0.168873186138,0.24977213293
280,15,0.172890970668,0.239931121064
281,15,0.247754851975,0.330381320316
282,15,0.224828071166,0.256274035981
283,15,0.164243427553,0.203675582596
284,15,0.16113824417,0.19050273593
285,15,0.1242434269,0.162210443772
286,15,0.123475311225,0.163670560936
287,15,0.147923248015,0.196549668375
288,15,0.148896244015,0.203758341551
289,15,0.176956225976,0.232254405392
290,15,0.186509701645,0.235695283556
291,15,0.19835127276,0.237827037446
292,15,0.107357776498,0.135355748652
293,15,0.116112969846,0.139472167471
294,15,0.106223592398,0.15035491676
295,15,0.147317761919,0.211178821337
296,15,0.109297403121,0.136382923233
297,15,0.132326142615,0.165893493999
298,15,0.145782791377,0.195837170871
299,15,0.156284202767,0.200831712766
300,15,0.168845537502,0.229526084518
301,15,0.163768673303,0.200550388169
302,15,0.106711681845,0.135309437576
303,15,0.131930521075,0.171187713037
304,15,0.141950102098,0.185277040094
305,15,0.154171609264,0.209049550541
306,15,0.102945825568,0.132556891742
307,15,0.114943166495,0.151676886723
308,15,0.127881067043,0.150871332485
309,15,0.202130468445,0.264468904328
310,15,0.198617499082,0.24163744156
311,15,0.289978620432,0.351923953625
312,15,0.341414909517,0.415781872093
313,15,0.613430609001,0.773597423897
314,15,0.308086542812,0.375006881164
315,15,0.264085924855,0.320195111506
316,15,0.262766542924,0.340645541439
317,15,0.246009073685,0.325305744865
318,15,0.155620544252,0.197386263456
319,15,0.229631580475,0.287631297358
320,15,0.158575050225,0.20653951815
321,15,0.0831654528394,0.110311842991
322,15,0.149442749435,0.201074108923
323,15,0.224638480178,0.271266934003
324,15,0.122254432226,0.161620219047
325,15,0.15301495849,0.198141849731
326,15,0.215654865823,0.264158269205
327,15,0.462830719023,0.594675699667
328,15,0.281258218978,0.344744091861
329,15,0.162325163807,0.204098828819
330,15,0.137842565059,0.169330387592
331,15,0.178242294837,0.229344554341
332,15,0.30868148094,0.366008878684
333,15,0.39381227271,0.45590799198
334,15,0.698144783546,0.83704550729
335,15,0.389897355397,0.469247821307
