cycle,count,mae,rmse
50,15,0.123704871253,0.148531647508
51,15,0.168952264639,0.210728135689
52,15,0.108690451553,0.137162366395
53,15,0.160328532545,0.203869410739
54,15,0.114014128401,0.153808310417
55,15,0.122438422924,0.148666456659
56,15,0.126784456473,0.154855224026
57,15,0.105247936977,0.131990382608
58,15,0.186449431787,0.229363167455
59,15,0.199343910957,0.242055319818
60,15,0.101668879405,0.12437826831
61,15,0.190412256684,0.241074888696
62,15,0.212743061627,0.269508383535
63,15,0.21840343051,0.279229758636
64,15,0.261547233475,0.313497617315
65,15,0.282631226932,0.351716056649
66,15,0.290821064311,0.381296651149
67,15,0.366636168639,0.429310576993
68,15,0.177997757274,0.215191494307
69,15,0.323312356811,0.394578904974
70,15,0.656769141641,0.760802350968
71,15,0.335237567268,0.399532910924
72,15,0.18276010006,0.222081955872
73,15,0.371801870848,0.453285743466
74,15,0.149939427015,0.185616441658
75,15,0.152827039419,0.194544520877
76,15,0.171446339316,0.215848470785
77,15,0.197110369303,0.267388721341
78,15,0.144945973061,0.180806915945
79,15,0.159183901743,0.185030757491
80,15,0.125689960563,0.156472476497
81,15,0.148854986474,0.182745813813
82,15,0.155700188928,0.190196763345
83,15,0.261939489239,0.315084282301
84,15,0.167525236676,0.199733443618
85,15,0.149384020214,0.181549395993
86,15,0.169605742552,0.205967596229
87,15,0.156008209096,0.199191241481
88,15,0.200643732757,0.251240877854
89,15,0.176992794251,0.215838011898
90,15,0.200842463273,0.24318639268
91,15,0.153659537136,0.18543601636
92,15,0.153917851146,0.185576649348
93,15,0.150720010587,0.185692812645
94,15,0.157501372349,0.183316654449
95,15,0.110996549158,0.140645646122
96,15,0.278744466321,0.357538166088
97,15,0.16076409889,0.198809836449
98,15,0.162231920855,0.190533098322
99,15,0.158905575493,0.193849175585
100,15,0.156788563408,0.190470561943
101,15,0.119191273634,0.143950280925
102,15,0.131225180022,0.156568002925
103,15,0.125907748238,0.155525778091
104,15,0.185116877333,0.215192418339
105,15,0.258819380239,0.306643190855
106,15,0.205726830793,0.251617602245
107,15,0.134797150093,0.167767158989
108,15,0.282287054514,0.329955067968
109,15,0.123130599778,0.159688555637
110,15,0.229311558621,0.302377979722
111,15,0.157898158732,0.192112334373
112,15,0.155352931103,0.206085534827
113,15,0.151572157506,0.194277645501
114,15,0.184003877537,0.231088771108
115,15,0.116635076584,0.145427408723
116,15,0.221672823732,0.284639670048
117,15,0.226917423452,0.274232498873
118,15,0.282354822923,0.346490364411
119,15,0.296888190217,0.383059515375
120,15,0.758605594256,0.954131678293
121,15,0.574371661269,0.71588476712
122,15,0.714502261313,0.920069227233
123,15,0.580716376272,0.692986990976
124,15,0.360790140357,0.458965575567
125,15,0.570309000223,0.711041082136
126,15,0.762130176128,0.921639413679
127,15,0.456547308996,0.615920725591
128,15,0.163851609526,0.206763172531
129,15,0.280619193219,0.33913780024
130,15,0.172426413704,0.219244372502
131,15,0.195398486762,0.259353892996
132,15,0.392278164374,0.486633879704
133,15,0.455699216342,0.590025680865
134,15,0.313069484149,0.38345543835
135,15,0.444824154809,0.537504639954
136,15,0.267219907934,0.32648863622
137,15,0.282855548428,0.363777575218
138,15,0.260393232019,0.338905819874
139,15,0.177205059973,0.225293425695
140,15,0.105708290107,0.137040155693
141,15,0.103217199139,0.134758676097
142,15,0.123832619501,0.148933047649
143,15,0.17398902561,0.217146654146
144,15,0.165666930995,0.204269654425
145,15,0.138026476469,0.174056590198
146,15,0.166305807645,0.232646903172
147,15,0.102912056821,0.133303479164
148,15,0.216458506648,0.261175429617
149,15,0.124961206024,0.143472428399
150,15,0.188495661066,0.235199402297
151,15,0.200018311978,0.243210463137
152,15,0.125447739332,0.156847715991
153,15,0.162911501282,0.213842445313
154,15,0.189398537067,0.264656060989
155,15,0.210107079288,0.289893426932
156,15,0.185029943949,0.232034030593
157,15,0.179336254334,0.217397409683
158,15,0.147928094809,0.209803440448
159,15,0.119272402062,0.157449117838
160,15,0.118309882142,0.151040517706
161,15,0.135315305335,0.175611436838
162,15,0.130126813386,0.161265460806
163,15,0.153334742182,0.190333269132
164,15,0.167330051292,0.203812492775
165,15,0.139383725909,0.179865443029
166,15,0.158237572137,0.195131405561
167,15,0.13798304675,0.171470123146
168,15,0.156870255047,0.187416472734
169,15,0.116492839429,0.153189537519
170,15,0.118408460397,0.151405740741
171,15,0.160442310808,0.185112744794
172,15,0.168696941058,0.202187300034
173,15,0.195090506561,0.233639883566
174,15,0.210558773918,0.26094987524
175,15,0.131514674427,0.15917857269
176,15,0.148454783644,0.183268664642
177,15,0.149826022197,0.181958740755
178,15,0.16120373636,0.186039201284
179,15,0.154876060943,0.184832233292
180,15,0.116033249943,0.144990395924
181,15,0.0763214453554,0.0936985295322
182,15,0.128650077073,0.156234701481
183,15,0.118592515949,0.142678828537
184,15,0.0946699189978,0.121267103109
185,15,0.102965261945,0.124606265233
186,15,0.100130571299,0.1226782054
187,15,0.110931741206,0.139709253481
188,15,0.122715662471,0.149499808952
189,15,0.0853467975493,0.111866328266
190,15,0.176616602491,0.209993807567
191,15,0.14948542404,0.181559641131
192,15,0.137850803189,0.193235848137
193,15,0.151891188551,0.174483040313
194,15,0.134063634494,0.170916353181
195,15,0.088012965706,0.108048200126
196,15,0.213909531721,0.256083601386
197,15,0.218984033142,0.303186710494
198,15,0.289635441285,0.351798418697
199,15,0.190549046613,0.228955993841
200,15,0.193701979846,0.24953450662
201,15,0.331786187844,0.403645623557
202,15,0.439308266552,0.55065037343
203,15,0.629616125056,0.807851001295
204,15,0.282345577829,0.376705378832
205,15,0.521138578818,0.609585509007
206,15,0.586211320715,0.758700094869
207,15,0.468082444089,0.574725580877
208,15,0.547126081938,0.643567352115
209,15,0.412506902638,0.494820263903
210,15,0.430323420209,0.565820353818
211,15,0.717650298919,0.869451920089
212,15,0.429656446737,0.514368955244
213,15,0.732895938048,0.954807199908
214,15,0.810097990047,1.11723205647
215,15,0.774234343666,1.06829876972
216,15,0.60096939595,0.720578807587
217,15,0.414879865467,0.568813860254
218,15,0.299886959368,0.379398265835
219,15,0.295207301209,0.40827481933
220,15,0.238940362449,0.300158986359
221,15,0.262119302945,0.359171158955
222,15,0.243319694858,0.292076844283
223,15,0.217315558545,0.258949967769
224,15,0.159028951085,0.223670428538
225,15,0.197327427428,0.254195522628
226,15,0.162178363681,0.192360446578
227,15,0.205304369102,0.267857077263
228,15,0.36630561168,0.463712531249
229,15,0.874314500564,1.09072121265
230,15,0.586562437095,0.723940956476
231,15,0.437561725623,0.52687911345
232,15,0.86048054748,1.05020224291
233,15,0.869812367551,1.07543009723
234,15,0.76746898604,0.970317202866
235,15,0.485718521651,0.574382909244
236,15,0.657821361489,0.749526873918
237,15,0.458560723028,0.563855622609
238,15,0.353282354453,0.47443104984
239,15,0.258115302076,0.354823952766
240,15,0.260058707309,0.322850521856
241,15,0.258068596698,0.304744702561
242,15,0.324961569029,0.402675966592
243,15,0.576159801847,0.71826095733
244,15,0.752234280792,0.973438856461
245,15,0.973296940562,1.15247963558
246,15,0.47020480245,0.564494060146
247,15,0.549283869402,0.692295539356
248,15,0.402838002081,0.508746211459
249,15,0.446273871827,0.533463764862
250,15,0.25423965298,0.323605605149
251,15,0.32618862318,0.387146771728
252,15,0.142628768479,0.188061827666
253,15,0.291138483988,0.335281053517
254,15,0.139919325517,0.176133422986
255,15,0.132209524739,0.158661904867
256,15,0.118852287839,0.146503129706
257,15,0.210348310405,0.25367698644
258,15,0.163941661013,0.203543051456
259,15,0.183529343028,0.225354665744
260,15,0.17569018508,0.210671529213
261,15,0.175544634006,0.231585320228
262,15,0.249022794382,0.319171199091
263,15,0.195397303643,0.23975291082
264,15,0.346204461705,0.456493841542
265,15,0.441778119163,0.538339680218
266,15,0.367966521631,0.448659796381
267,15,0.292160827971,0.344336563699
268,15,0.251980031222,0.307674119958
269,15,0.212271080671,0.276923795401
270,15,0.22313250109,0.278496363363
271,15,0.211417572737,0.255418601517
272,15,0.164574622944,0.198563253529
273,15,0.157809046529,0.199113769515
274,15,0.148333919368,0.188979121183
275,15,0.175554207038,0.215016988188
276,15,0.356220171034,0.449974886519
277,15,0.172917914185,0.218224513651
278,15,0.147113906353,0.191081741719
279,15,0.133741618327,0.168549736714
280,15,0.148129788226,0.201289237207
281,15,0.191695996511,0.262580846333
282,15,0.215165099204,0.256440759288
283,15,0.152733845245,0.196416445888
284,15,0.181786782294,0.223031925983
285,15,0.146604337631,0.188774803232
286,15,0.145418417447,0.185631872716
287,15,0.123143055852,0.155439104431
288,15,0.169311143972,0.214777351184
289,15,0.146025976435,0.193039888403
290,15,0.132260873957,0.192023664609
291,15,0.14846138178,0.172840185396
292,15,0.106748824795,0.139950717505
293,15,0.0977558903388,0.125370366476
294,15,0.110453923772,0.153389070663
295,15,0.175939658001,0.2163634643
296,15,0.111487681734,0.142121422895
297,15,0.114949049984,0.138146083891
298,15,0.14543202689,0.188300297799
299,15,0.128249753496,0.165070544546
300,15,0.152523565007,0.204468869958
301,15,0.181270597424,0.217786352347
302,15,0.141823626652,0.168016584553
303,15,0.111138719672,0.136721799374
304,15,0.137445671084,0.174212401356
305,15,0.155293917937,0.22077628944
306,15,0.111038949103,0.134156627101
307,15,0.179613743135,0.243131835948
308,15,0.135093915493,0.161141851503
309,15,0.179218669203,0.254764151081
310,15,0.202825380842,0.253086007076
311,15,0.234859767607,0.290344725457
312,15,0.329424601673,0.46068389377
313,15,0.491369980039,0.640989672815
314,15,0.303323265489,0.39677729584
315,15,0.19182720925,0.239203416141
316,15,0.237224082198,0.316375188023
317,15,0.256253395584,0.326017863966
318,15,0.254692973927,0.299340387375
319,15,0.253777217843,0.322282907442
320,15,0.165121301886,0.211973764407
321,15,0.136687301266,0.170449135429
322,15,0.163367811078,0.201300203103
323,15,0.171410773623,0.224341736964
324,15,0.145501754458,0.197106123385
325,15,0.145434276435,0.189446688498
326,15,0.193771776035,0.241086967518
327,15,0.419910990252,0.516644048212
328,15,0.345398976312,0.425713338785
329,15,0.158963235003,0.209219819777
330,15,0.180974394589,0.228064906446
331,15,0.208550308571,0.275295603519
332,15,0.373770924641,0.435358876923
333,15,0.419295330203,0.502375738394
334,15,0.519332799041,0.641710668026
335,15,0.691635384091,0.853632633106
