cycle,count,mae,rmse
50,15,0.121599745964,0.14202842584
51,15,0.130330184403,0.155544359129
52,15,0.0889949244895,0.112408989707
53,15,0.133131114746,0.16280206595
54,15,0.079694673097,0.0976352100751
55,15,0.124142326321,0.156974623401
56,15,0.115362203308,0.141112686113
57,15,0.11684538057,0.144327865868
58,15,0.181112961402,0.225149198173
59,15,0.167034080093,0.205330176002
60,15,0.168465794101,0.204850965616
61,15,0.183549774483,0.225693325079
62,15,0.215845133389,0.255931356899
63,15,0.185054968447,0.228340341296
64,15,0.218532536658,0.268653861102
65,15,0.22283070234,0.279814467556
66,15,0.265463905871,0.339612873036
67,15,0.501187062922,0.581056809475
68,15,0.147940638043,0.181413631702
69,15,0.208174068354,0.260205014491
70,15,0.239141929443,0.304594212408
71,15,0.376761332725,0.476041782349
72,15,0.142859208923,0.180640114699
73,15,0.444837029197,0.614743781461
74,15,0.129401476409,0.168436268952
75,15,0.15782974977,0.188186167487
76,15,0.138753318263,0.175918717928
77,15,0.168767622479,0.241489021125
78,15,0.15295893098,0.188480554054
79,15,0.141326323024,0.170751766197
80,15,0.0891827723178,0.111634154102
81,15,0.130936982873,0.16019590085
82,15,0.201577347231,0.264703883319
83,15,0.303067826949,0.346480075024
84,15,0.151683020239,0.183153287778
85,15,0.126400845759,0.154650246432
86,15,0.176031360139,0.212144452283
87,15,0.196835975333,0.231599823837
88,15,0.199208014382,0.234724672207
89,15,0.122474863126,0.15081837135
90,15,0.273533821225,0.348949088358
91,15,0.125205385579,0.151080210956
92,15,0.1334402012,0.161669612717
93,15,0.167988307121,0.20945335746
94,15,0.139797260568,0.173604478711
95,15,0.115786679437,0.145381340118
96,15,0.232984784589,0.296537715666
97,15,0.118593378016,0.142651276116
98,15,0.119125709613,0.144941346325
99,15,0.111030756393,0.136248509779
100,15,0.116577524526,0.143744942102
101,15,0.115997706229,0.136721516758
102,15,0.131550842256,0.161032467976
103,15,0.11857323721,0.143370097255
104,15,0.143548647662,0.170299579983
105,15,0.207017982524,0.245964371101
106,15,0.109470659748,0.142175367319
107,15,0.135703740905,0.164413877745
108,15,0.169896943954,0.213248136542
109,15,0.149058211607,0.185608893679
110,15,0.181994708811,0.257082141973
111,15,0.156443165376,0.193384276827
112,15,0.130208029214,0.168484064931
113,15,0.116397228397,0.151205491867
114,15,0.142565417871,0.181522350486
115,15,0.137120648988,0.180837879167
116,15,0.131057917152,0.159360852888
117,15,0.218772029176,0.290905695904
118,15,0.201648012272,0.253370428811
119,15,0.273551620672,0.360142707645
120,15,0.801298138067,0.988846736432
121,15,0.595071061517,0.698324700795
122,15,0.746898916085,0.968643353859
123,15,0.579053882663,0.721248549226
124,15,0.433615713977,0.518424133405
125,15,0.605476878136,0.756471196561
126,15,0.464899057034,0.630058022686
127,15,0.401397885272,0.573949729482
128,15,0.221590204281,0.295763161504
129,15,0.160216966715,0.242018192087
130,15,0.113325471317,0.148279989307
131,15,0.159110508182,0.20667148654
132,15,0.373762918769,0.436705776153
133,15,0.444780100125,0.530772494232
134,15,0.383127608502,0.47758203078
135,15,0.505883337672,0.659776551634
136,15,0.226975012369,0.270784328603
137,15,0.191168629265,0.244291573967
138,15,0.167152454973,0.240001830931
139,15,0.156230256316,0.202992845568
140,15,0.123280157266,0.156840020074
141,15,0.111009963871,0.144494395856
142,15,0.135738484388,0.177090363842
143,15,0.185827987474,0.245964978594
144,15,0.129987527806,0.167200902688
145,15,0.125749879781,0.164789014596
146,15,0.125731221298,0.1548755555
147,15,0.13848654999,0.1587322116
148,15,0.16195493178,0.196176660159
149,15,0.0989938566025,0.125930933779
150,15,0.14299289292,0.179961070145
151,15,0.10675194396,0.131963899652
152,15,0.0978577105272,0.120700472536
153,15,0.149926578185,0.19436838486
154,15,0.149901892148,0.243650650802
155,15,0.207245649984,0.281941189679
156,15,0.189835761878,0.228998000236
157,15,0.175798389418,0.217870799433
158,15,0.153538115919,0.192145478614
159,15,0.160722301683,0.186967126136
160,15,0.156227713245,0.190618567701
161,15,0.128258295731,0.16512965203
162,15,0.148722401854,0.186278241172
163,15,0.112928836779,0.135616913007
164,15,0.103291223297,0.134627638132
165,15,0.17965742227,0.230066108558
166,15,0.154464882911,0.193380136067
167,15,0.141186368427,0.170908542509
168,15,0.135929687534,0.160520634804
169,15,0.16431711176,0.199674645652
170,15,0.11215382751,0.14619490909
171,15,0.120253045117,0.160834115604
172,15,0.198517700228,0.238599595001
173,15,0.165610331544,0.201776665796
174,15,0.14705653983,0.183050653207
175,15,0.107195006301,0.132284880093
176,15,0.120156651449,0.154574093236
177,15,0.103363935366,0.130995297902
178,15,0.128756329769,0.160243250216
179,15,0.1092766248,0.133050615097
180,15,0.109582216607,0.142576602178
181,15,0.100578207806,0.123229894471
182,15,0.0802698330903,0.0985022151563
183,15,0.106039863401,0.123591365024
184,15,0.105119884506,0.13189668351
185,15,0.108594970474,0.142380104096
186,15,0.141531180715,0.171739149642
187,15,0.136771448161,0.171133061515
188,15,0.105173783105,0.133555915015
189,15,0.128777743569,0.156114400979
190,15,0.135091869008,0.168517467845
191,15,0.184336951727,0.223344541321
192,15,0.164192550623,0.197358705062
193,15,0.109745272625,0.139037279911
194,15,0.145434479302,0.179822607113
195,15,0.109242880085,0.126361390851
196,15,0.159688092529,0.22520484417
197,15,0.212996555702,0.291333298865
198,15,0.219843633467,0.317210118445
199,15,0.180839902975,0.229005612691
200,15,0.250255813788,0.315217075114
201,15,0.366872093818,0.461001657729
202,15,0.381783089149,0.450808235331
203,15,0.474078239128,0.589597417556
204,15,0.405857780818,0.485875457455
205,15,0.428849635136,0.490498579145
206,15,0.443209163482,0.558666361518
207,15,0.422156863145,0.537513566459
208,15,0.596564345133,0.720234610709
209,15,0.518321107177,0.650489249368
210,15,0.408935706001,0.542250822502
211,15,0.999657218389,1.23226547568
212,15,0.424302424888,0.510659113015
213,15,0.573126267466,0.710535557874
214,15,1.03700088812,1.26761630236
215,15,0.767315444862,1.01885198403
216,15,0.778640575792,0.979473812812
217,15,0.398675742316,0.480365789246
218,15,0.300675968868,0.376565731065
219,15,0.455003650433,0.57759188409
220,15,0.2310058453,0.292192807974
221,15,0.236575537931,0.320104948683
222,15,0.210608668444,0.265377323897
223,15,0.193335227726,0.237499181301
224,15,0.141908742183,0.193488683258
225,15,0.117687072316,0.143015194676
226,15,0.206576496361,0.258321212502
227,15,0.136162964525,0.177123057092
228,15,0.256336309254,0.331248514293
229,15,0.671676760491,0.834150623431
230,15,0.597442585436,0.761972220659
231,15,0.439564766708,0.570010626274
232,15,1.04886200434,1.23384565059
233,15,0.773469295779,0.970283941703
234,15,0.872931055711,1.11073218774
235,15,0.569290269221,0.728051857931
236,15,0.301881163728,0.376275518043
237,15,0.475763477865,0.569321259744
238,15,0.31839185858,0.44331034104
239,15,0.411437575712,0.533227268071
240,15,0.310880705739,0.417821326156
241,15,0.248806229029,0.303003591609
242,15,0.340324693259,0.422482895203
243,15,0.689540550635,0.886402989264
244,15,1.07223949951,1.3112904349
245,15,0.712420502946,0.889206030456
246,15,0.720975332363,0.891901915701
247,15,0.425197590592,0.577153676918
248,15,0.465296198261,0.569298786192
249,15,0.295811879895,0.375991900649
250,15,0.360901166338,0.465433634865
251,15,0.247251514337,0.314030164218
252,15,0.183687583349,0.226989162661
253,15,0.249109340506,0.302680754313
254,15,0.161547713409,0.195924982871
255,15,0.164052281716,0.194170091894
256,15,0.0974838263856,0.128452651391
257,15,0.153256615342,0.188741498694
258,15,0.162173446332,0.186613939155
259,15,0.172169435228,0.209889408955
260,15,0.193709752207,0.237742649133
261,15,0.159255663346,0.209176223336
262,15,0.229061219709,0.29819955614
263,15,0.189613720717,0.241219986054
264,15,0.344873069779,0.429923859369
265,15,0.39598254247,0.494477025129
266,15,0.334020831906,0.408784113917
267,15,0.288980821941,0.366734930043
268,15,0.290707906454,0.351751332709
269,15,0.209879395718,0.264790788086
270,15,0.196417280145,0.238408753613
271,15,0.205032896881,0.2545802794
272,15,0.157309439452,0.191743521824
273,15,0.118749243353,0.146811114509
274,15,0.126051413784,0.158312174717
275,15,0.143097285861,0.182613655365
276,15,0.424616623807,0.524265631605
277,15,0.197429901082,0.248053611003
278,15,0.12350825746,0.16577688724
279,15,0.158757337811,0.223676740281
280,15,0.143802147598,0.201245428022
281,15,0.257427982699,0.332609707822
282,15,0.203759587625,0.245382784768
283,15,0.16116766143,0.202998901692
284,15,0.186347247497,0.213649607145
285,15,0.127059028514,0.15297761017
286,15,0.166095829885,0.198917034343
287,15,0.137001724291,0.166744839489
288,15,0.151349780471,0.191587253551
289,15,0.176690205667,0.230813296286
290,15,0.158636507815,0.206810584604
291,15,0.129778477974,0.157724839173
292,15,0.141797872972,0.169788996538
293,15,0.0966118750694,0.123604593337
294,15,0.131877430808,0.176510339255
295,15,0.117301123375,0.16331250356
296,15,0.0862708486055,0.111654121717
297,15,0.132950934558,0.154943433633
298,15,0.257825504068,0.314295925947
299,15,0.13017313251,0.163290398924
300,15,0.155253559766,0.193947772429
301,15,0.155545995517,0.195411486421
302,15,0.146168679151,0.177683144254
303,15,0.146040692244,0.169334391743
304,15,0.091371422265,0.118035632155
305,15,0.113207844745,0.151563089985
306,15,0.102110993834,0.121047953132
307,15,0.111707786292,0.138424362012
308,15,0.161004996856,0.210069216854
309,15,0.251293257378,0.323330294638
310,15,0.154723105558,0.199271610205
311,15,0.224761407671,0.276658472403
312,15,0.391300180916,0.483030051737
313,15,0.493685045075,0.644319010822
314,15,0.259962996811,0.333368121782
315,15,0.240464267277,0.299951554323
316,15,0.211206688916,0.275861387372
317,15,0.207298379672,0.269864869015
318,15,0.213857697424,0.260473031708
319,15,0.241753384677,0.317103578049
320,15,0.16806902182,0.219280602067
321,15,0.126038871834,0.161820526336
322,15,0.124206429613,0.156317450862
323,15,0.176990026036,0.220150249112
324,15,0.141928079309,0.170740268965
325,15,0.173209462259,0.226788594823
326,15,0.196457611645,0.257873729529
327,15,0.385759345872,0.488744017805
328,15,0.301228656237,0.407583552085
329,15,0.199413774873,0.255396798024
330,15,0.169481949738,0.210735545036
331,15,0.158763374442,0.207151826898
332,15,0.291538321651,0.362262310073
333,15,0.340304789258,0.404847776403
334,15,0.648742544608,0.807026147702
335,15,0.540593541192,0.673361257022
