cycle,count,mae,rmse
50,5,0.121031761621,0.145888351586
51,5,0.112945048337,0.136503543824
52,5,0.0933363890285,0.118870369061
53,5,0.110170912022,0.13888598088
54,5,0.110128944667,0.132075457857
55,5,0.253316201268,0.278058900264
56,5,0.0861582866653,0.114178488096
57,5,0.147542511138,0.174021079578
58,5,0.211200944794,0.261103250057
59,5,0.261562311149,0.292970266369
60,5,0.143221888569,0.170432502801
61,5,0.118811693014,0.144884141232
62,5,0.225855170527,0.275017678619
63,5,0.142225051585,0.187282695179
64,5,0.276355890675,0.338901687988
65,5,0.178726585078,0.230330849631
66,5,0.351682368321,0.489897144108
67,5,0.444995299163,0.523782391863
68,5,0.109498900103,0.142539774011
69,5,0.177775783226,0.207818443781
70,5,0.411092808926,0.485671161828
71,5,0.292952132609,0.361901477749
72,5,0.250946345069,0.300225508257
73,5,0.288306678087,0.415426459285
74,5,0.101850197351,0.126780921037
75,5,0.123991040558,0.149732144176
76,5,0.128608162353,0.156549065037
77,5,0.215784784822,0.270695992588
78,5,0.133265560574,0.160992114393
79,5,0.106475619199,0.131735857481
80,5,0.155468510161,0.187257378917
81,5,0.116186573625,0.142442816013
82,5,0.142551737527,0.18177222904
83,5,0.133437002025,0.175812866685
84,5,0.282704999052,0.326265406438
85,5,0.173676041885,0.208790705246
86,5,0.0879895652983,0.114114089208
87,5,0.122559330389,0.145572759646
88,5,0.219816623792,0.298250404805
89,5,0.124423851357,0.154511855542
90,5,0.230171949222,0.285197356587
91,5,0.151626862915,0.186730779055
92,5,0.153433169842,0.182481903623
93,5,0.192584107864,0.229689738088
94,5,0.112423532265,0.139036899279
95,5,0.134825766808,0.185630925057
96,5,0.27548099124,0.355830593838
97,5,0.0977722448657,0.121079898461
98,5,0.226563092457,0.255254413733
99,5,0.124903855019,0.152686625664
100,5,0.19807181303,0.23302448513
101,5,0.16370161493,0.194043991093
102,5,0.186146395845,0.237356809883
103,5,0.216799414361,0.256131554265
104,5,0.227001759622,0.269542948424
105,5,0.17735310048,0.2156362428
106,5,0.231981874496,0.273962072484
107,5,0.0980475858147,0.125799528207
108,5,0.112235972541,0.151503192805
109,5,0.15520718174,0.192093020296
110,5,0.236857984497,0.307964951961
111,5,0.160343612477,0.20486332131
112,5,0.189505909688,0.23323265204
113,5,0.17723117296,0.225320135992
114,5,0.144935677837,0.189446235117
115,5,0.242207518752,0.27544468945
116,5,0.147234764014,0.18372003796
117,5,0.147334282171,0.192745234703
118,5,0.206830932723,0.2421816126
119,5,0.279869452444,0.368867862934
120,5,0.674046044323,0.871511948993
121,5,0.642063905583,0.837233334728
122,5,0.848023519228,1.03475331594
123,5,0.635972356366,0.724808351444
124,5,0.504948533621,0.658780194304
125,5,0.548389111121,0.664732984697
126,5,0.577334298869,0.736615618245
127,5,0.506657847857,0.658527890854
128,5,0.195557339541,0.243717619187
129,5,0.172619226702,0.241692566892
130,5,0.11416450541,0.153455490777
131,5,0.180431123178,0.239140102006
132,5,0.305727686952,0.373992943533
133,5,0.349373998258,0.424770210727
134,5,0.300125788062,0.379560792583
135,5,0.46093391325,0.602544575725
136,5,0.360455784821,0.438706273842
137,5,0.188111963494,0.242091405844
138,5,0.23900585318,0.310792227763
139,5,0.21961904656,0.265350736141
140,5,0.173372840038,0.220160724336
141,5,0.122714119599,0.152157536359
142,5,0.143177418732,0.187915263369
143,5,0.153886571136,0.212744296443
144,5,0.152570033023,0.194333167013
145,5,0.0931512425731,0.122034415113
146,5,0.149210161189,0.183273363971
147,5,0.118733730412,0.146326120123
148,5,0.122431390248,0.15245786227
149,5,0.114984238291,0.148867079824
150,5,0.15573749391,0.179065428178
151,5,0.127134847244,0.162974921624
152,5,0.124045636513,0.151996356366
153,5,0.16544022251,0.20726294923
154,5,0.176105704907,0.261155978389
155,5,0.19575020466,0.27293395335
156,5,0.124577494558,0.153961703489
157,5,0.286852460972,0.336056893875
158,5,0.158272913074,0.213275295305
159,5,0.119433005147,0.146029259228
160,5,0.143410507401,0.191396984786
161,5,0.18954782783,0.21649390148
162,5,0.154624207015,0.187503605749
163,5,0.215267926819,0.255636408169
164,5,0.130405861798,0.157764633647
165,5,0.185048430737,0.232281743406
166,5,0.114401364631,0.152790268387
167,5,0.156912784925,0.197685083875
168,5,0.107531994923,0.137068148958
169,5,0.138966395773,0.16341838507
170,5,0.164925280922,0.203198485227
171,5,0.27695468648,0.310356185238
172,5,0.155898819377,0.208332960387
173,5,0.161387240009,0.198781869773
174,5,0.11116678206,0.135052466959
175,5,0.25738311446,0.312829216551
176,5,0.157665360156,0.199316198875
177,5,0.0728283325946,0.0900319030916
178,5,0.0929943734184,0.115846470035
179,5,0.080593466596,0.102644265697
180,5,0.090758135532,0.111855484009
181,5,0.0879614474134,0.105009659835
182,5,0.15004590905,0.177389849443
183,5,0.107273229146,0.128040795987
184,5,0.121957504989,0.154462796858
185,5,0.0962550777993,0.119718978402
186,5,0.190625665163,0.217626090116
187,5,0.105727771313,0.132363880904
188,5,0.115235625703,0.138229332302
189,5,0.161191130915,0.18444159114
190,5,0.18395729855,0.213496800582
191,5,0.114702612166,0.181772461026
192,5,0.10456066581,0.154874876247
193,5,0.128743291281,0.151277347135
194,5,0.171811609438,0.20398019789
195,5,0.0949941831814,0.12034811961
196,5,0.191562907918,0.256235902796
197,5,0.206790799241,0.287337281655
198,5,0.231256887338,0.302427480526
199,5,0.295406194559,0.346334472409
200,5,0.192388190642,0.266738388115
201,5,0.312433513739,0.375454258671
202,5,0.661765470885,0.754688132785
203,5,0.551253168511,0.665829666826
204,5,0.491672776551,0.588265568926
205,5,0.878463827273,1.03707873066
206,5,0.677469117101,0.892271292832
207,5,0.383759423696,0.452478087996
208,5,0.552773880698,0.663297158921
209,5,0.65727054939,0.824835773919
210,5,0.796309070049,0.925602116506
211,5,0.863713397184,1.09512782742
212,5,0.546034568315,0.698336264449
213,5,0.618528239263,0.833300687029
214,5,0.652628646527,0.991472997366
215,5,0.873986957111,1.03089841219
216,5,0.554650575946,0.666692312175
217,5,0.478309516812,0.59298937142
218,5,0.30805331706,0.367289058879
219,5,0.243981890694,0.338761074222
220,5,0.311323098295,0.3969614995
221,5,0.285857441036,0.385951766658
222,5,0.231384819308,0.298182715975
223,5,0.141632550359,0.175315343154
224,5,0.163943670857,0.218508449011
225,5,0.266999927927,0.290700113271
226,5,0.258586426007,0.315038105921
227,5,0.244702383944,0.289487654607
228,5,0.434605377111,0.54161358145
229,5,0.6144187337,0.768280970545
230,5,0.815584572282,0.989062691384
231,5,0.567002432689,0.69526815034
232,5,0.883456112134,1.05157147963
233,5,0.678613109254,0.813348268169
234,5,0.754031009123,0.888398273761
235,5,0.841438376694,1.05212867431
236,5,0.410796682891,0.489667936712
237,5,0.472233158235,0.596800848019
238,5,0.400175034582,0.514838649827
239,5,0.659619946692,0.766151518763
240,5,0.339688370794,0.401511722641
241,5,0.381631275718,0.440715571552
242,5,0.478452362243,0.598605726246
243,5,0.491405998227,0.652568909605
244,5,0.812025033119,1.05405841214
245,5,0.588800270817,0.726394935439
246,5,0.825561625381,0.964814526796
247,5,0.627105841707,0.744882831547
248,5,0.477515950524,0.558940395064
249,5,0.41542331018,0.505133564558
250,5,0.377746788471,0.467716274093
251,5,0.337990220944,0.408916459353
252,5,0.199711412419,0.242922901714
253,5,0.385957560236,0.465630581707
254,5,0.181172627444,0.219942513792
255,5,0.146734905602,0.176854436205
256,5,0.153582046137,0.189835358233
257,5,0.164769526988,0.202519429055
258,5,0.153761293985,0.199717722569
259,5,0.238862259719,0.27569843302
260,5,0.278091783938,0.327162582066
261,5,0.213455780983,0.276781938134
262,5,0.191818790033,0.244292598865
263,5,0.208134311991,0.248388188745
264,5,0.377668197266,0.510642897525
265,5,0.416055737013,0.492107742143
266,5,0.356015248021,0.457028699653
267,5,0.424724488724,0.536400160923
268,5,0.402350450443,0.487956767263
269,5,0.207225097835,0.265098043315
270,5,0.228421761082,0.273277130526
271,5,0.262135762153,0.304719592503
272,5,0.189281192861,0.242159000833
273,5,0.131222299556,0.16032019623
274,5,0.163702444024,0.211683362459
275,5,0.18122519987,0.225399044112
276,5,0.34630669825,0.412073309313
277,5,0.307585607545,0.367282975965
278,5,0.119731191168,0.16395901172
279,5,0.140877633671,0.169688451852
280,5,0.134196799347,0.180040609833
281,5,0.161755660878,0.232194982115
282,5,0.265076760572,0.314119644815
283,5,0.245026936272,0.310320350422
284,5,0.224623009121,0.264278204375
285,5,0.205249187395,0.25525663506
286,5,0.139826198083,0.173305791701
287,5,0.102333290316,0.137884817277
288,5,0.170289643296,0.233384025808
289,5,0.183381011085,0.237950320543
290,5,0.210813340954,0.26699682813
291,5,0.218393706043,0.273032235203
292,5,0.0824193463163,0.0999966649683
293,5,0.122029726082,0.152062065116
294,5,0.185046266109,0.220115953458
295,5,0.179907140058,0.24224826032
296,5,0.225470164435,0.257442119072
297,5,0.211415212418,0.259403596231
298,5,0.173400062697,0.242692925391
299,5,0.131796645665,0.176659815899
300,5,0.227169090603,0.270703135568
301,5,0.175900428254,0.209055954504
302,5,0.148110031052,0.180699958543
303,5,0.103552379321,0.127349965656
304,5,0.0984749177999,0.122926257058
305,5,0.229335361141,0.291145295131
306,5,0.309658725106,0.370003637859
307,5,0.199161368003,0.264558834706
308,5,0.150166823196,0.176699801267
309,5,0.360696876118,0.443217986496
310,5,0.138189031103,0.174882508992
311,5,0.26219332249,0.326704727413
312,5,0.336966757049,0.424651138883
313,5,0.533051475694,0.663016976154
314,5,0.294218188548,0.380730476231
315,5,0.275491717406,0.336738554841
316,5,0.241795104259,0.292368078114
317,5,0.183820163121,0.253856068344
318,5,0.209288330864,0.253321971964
319,5,0.254652780512,0.311664485788
320,5,0.136904142605,0.174705166801
321,5,0.107210563153,0.13546337675
322,5,0.230086910224,0.289554268012
323,5,0.271841482926,0.334019366182
324,5,0.185618637812,0.243064475988
325,5,0.132609362443,0.186252980082
326,5,0.224047415248,0.275078416749
327,5,0.415135666779,0.523418463104
328,5,0.243100651541,0.320410530432
329,5,0.190042516213,0.237204289397
330,5,0.169704940372,0.213540234086
331,5,0.161343066383,0.205302852892
332,5,0.451328981414,0.566558869798
333,5,0.452687949993,0.548690531994
334,5,0.573772854786,0.70032233233
335,5,0.670703710676,0.813213542389
