cycle,count,mae,rmse
50,5,0.123980285747,0.148790291166
51,5,0.199791824092,0.228591485479
52,5,0.138505695397,0.176992770909
53,5,0.237501748729,0.265185787655
54,5,0.221242622662,0.242817257452
55,5,0.112548472625,0.142552422589
56,5,0.100513495712,0.128159183419
57,5,0.12684577873,0.161615811213
58,5,0.218236378558,0.258966966075
59,5,0.149071548607,0.201237161118
60,5,0.150964810593,0.186394270683
61,5,0.157624159685,0.188985082429
62,5,0.143161097342,0.169907644615
63,5,0.17488514928,0.217565178839
64,5,0.238720006613,0.299711463971
65,5,0.206085146724,0.249907369248
66,5,0.32259350218,0.439242825519
67,5,0.597903251492,0.697608326681
68,5,0.147441861892,0.181991808098
69,5,0.151279015631,0.183950904679
70,5,0.41605638717,0.552162577012
71,5,0.179591188552,0.223248865318
72,5,0.183202320943,0.225505650185
73,5,0.391616815695,0.496499260311
74,5,0.10856435738,0.13363066433
75,5,0.140845429866,0.172325156348
76,5,0.166014413238,0.20044127441
77,5,0.142249220769,0.194337900733
78,5,0.18225276841,0.220750435123
79,5,0.109380239114,0.135678001191
80,5,0.188013471255,0.223901609031
81,5,0.227304552277,0.25091933877
82,5,0.109494126151,0.132439881163
83,5,0.185488607937,0.231734888331
84,5,0.182483486641,0.216832896774
85,5,0.0947248983579,0.12029226672
86,5,0.143212802236,0.16871265073
87,5,0.131312642267,0.159328404057
88,5,0.190467399419,0.22487922279
89,5,0.218771207187,0.26198188415
90,5,0.299485815524,0.366808795038
91,5,0.216275678535,0.245353022539
92,5,0.197360455847,0.239584706096
93,5,0.174264717154,0.20184463459
94,5,0.117162946949,0.140739714491
95,5,0.127321429899,0.15840448686
96,5,0.291640557161,0.360687176061
97,5,0.133502826377,0.16371868637
98,5,0.0948956907684,0.117543863757
99,5,0.140954405886,0.17294714472
100,5,0.175571153963,0.220019437192
101,5,0.198321064768,0.229353123234
102,5,0.114713703639,0.144586323733
103,5,0.180652465281,0.214549560381
104,5,0.105785954914,0.132604443303
105,5,0.133753019901,0.16609201172
106,5,0.236338573672,0.267243275903
107,5,0.111917023556,0.135388937939
108,5,0.143707155894,0.195045135276
109,5,0.218320111015,0.267334816155
110,5,0.330425881037,0.404825649748
111,5,0.23590406495,0.295729595212
112,5,0.258017548283,0.317441858492
113,5,0.182489393466,0.240671365957
114,5,0.143984984206,0.196110189804
115,5,0.202376239502,0.287595168887
116,5,0.218389731466,0.277257560256
117,5,0.192348908369,0.243464342755
118,5,0.219752976048,0.280761187701
119,5,0.28319714601,0.40378617031
120,5,0.72008251426,0.937971645401
121,5,0.840205422006,1.04403455695
122,5,0.642819218665,0.798016629339
123,5,0.527557232929,0.608435058912
124,5,0.502696996144,0.630175175965
125,5,0.505214978606,0.647963194951
126,5,0.461831660662,0.60718660462
127,5,0.556512370128,0.781873052091
128,5,0.169239202978,0.214057115585
129,5,0.214267882541,0.279721211251
130,5,0.135011996125,0.172218042273
131,5,0.21703331068,0.260452863142
132,5,0.460775336823,0.547325554499
133,5,0.492028618373,0.619802570082
134,5,0.46616664959,0.55677164234
135,5,0.380909981372,0.449893408048
136,5,0.321437188905,0.396226303023
137,5,0.363229314722,0.429663739385
138,5,0.199176998261,0.270352051454
139,5,0.285932468676,0.323428869011
140,5,0.115439106644,0.136228383155
141,5,0.108255863963,0.142514597339
142,5,0.119306946658,0.155692492304
143,5,0.162464367245,0.230614719336
144,5,0.103292846601,0.135544489284
145,5,0.095011686704,0.117932137697
146,5,0.109591728277,0.127852208741
147,5,0.109039827279,0.12958896153
148,5,0.1578009162,0.193492255685
149,5,0.134140412325,0.163884023355
150,5,0.0763709793927,0.10356202071
151,5,0.15362138538,0.184897908107
152,5,0.126891667828,0.152588326625
153,5,0.164672697279,0.216072969956
154,5,0.191436000095,0.282756842768
155,5,0.213350712275,0.29027941021
156,5,0.131618341946,0.172059599257
157,5,0.242155114921,0.293894721513
158,5,0.149863657865,0.194600186604
159,5,0.258392706359,0.295883899871
160,5,0.109948857339,0.140135013874
161,5,0.099047735995,0.128001730395
162,5,0.134709552767,0.160011003831
163,5,0.168660733617,0.2123112518
164,5,0.152665453569,0.198821150306
165,5,0.159590145061,0.204740139341
166,5,0.142330113432,0.178837842026
167,5,0.154645416284,0.199783991794
168,5,0.149226617288,0.171671395584
169,5,0.137166139813,0.17693602186
170,5,0.119586783888,0.146237822373
171,5,0.171584770092,0.210593220876
172,5,0.190115512668,0.219905875579
173,5,0.163817862547,0.193781503965
174,5,0.117221873999,0.144649025673
175,5,0.13124726969,0.161765563273
176,5,0.142469096086,0.184914324964
177,5,0.120178016781,0.145521503577
178,5,0.089947841446,0.10990816891
179,5,0.090210297677,0.112681197657
180,5,0.0767675187406,0.0962581625433
181,5,0.154159434823,0.173364808231
182,5,0.0896297959027,0.11374142137
183,5,0.0878309287607,0.10759815381
184,5,0.0781118653148,0.095746378243
185,5,0.0920617773962,0.115681499195
186,5,0.178346944367,0.205470937681
187,5,0.106485080639,0.133229442153
188,5,0.0932257128966,0.118674911318
189,5,0.120312155977,0.148782394298
190,5,0.121466779208,0.165137118418
191,5,0.128997251684,0.170048480242
192,5,0.238688745421,0.300954041422
193,5,0.118602142151,0.140172575815
194,5,0.121812207627,0.164585427422
195,5,0.157770765466,0.175199943534
196,5,0.13196208313,0.181020617772
197,5,0.276347676381,0.328023494758
198,5,0.168815047738,0.272906057115
199,5,0.164514943974,0.239354756047
200,5,0.270563666852,0.351176601906
201,5,0.350652993441,0.421229988576
202,5,0.514541606589,0.616066969583
203,5,0.436770522174,0.544132018315
204,5,0.471794023156,0.604949006467
205,5,0.561655741242,0.655463566761
206,5,0.656225830986,0.853870059842
207,5,0.59496274802,0.73418814814
208,5,0.615580185757,0.726282559072
209,5,0.342586879606,0.439319333157
210,5,0.518249324586,0.621817270452
211,5,1.04170268378,1.26064941119
212,5,0.458447496298,0.556319817272
213,5,0.565013317469,0.719082391387
214,5,0.724210422866,0.985275545562
215,5,0.63391684209,0.839609117944
216,5,0.606934306008,0.749163074141
217,5,0.419016932522,0.516902114896
218,5,0.300993168235,0.353492930239
219,5,0.275269425261,0.390566559107
220,5,0.307015632669,0.384556850074
221,5,0.23372037304,0.316264807019
222,5,0.210186360038,0.265254202265
223,5,0.212375310429,0.258317853235
224,5,0.188941788091,0.254975190425
225,5,0.139464738945,0.176169491575
226,5,0.248360574727,0.294193873513
227,5,0.252284500842,0.298728744251
228,5,0.476836748029,0.545756658426
229,5,0.47025206952,0.569867374888
230,5,0.763731809048,0.87645360145
231,5,0.635472179705,0.808917987483
232,5,0.968994375308,1.17131541603
233,5,1.19827597482,1.37842806215
234,5,0.620337784628,0.792341263385
235,5,0.610484599372,0.766952341804
236,5,0.582514663259,0.691092464183
237,5,0.713501724225,0.908026297209
238,5,0.419106517345,0.568896548316
239,5,0.565768170479,0.773075180017
240,5,0.272344470765,0.328392708545
241,5,0.236752317787,0.291744560168
242,5,1.04080247856,1.31494220124
243,5,0.647772903763,0.767455788733
244,5,0.746819334383,0.948477284544
245,5,0.839063441327,1.01586797063
246,5,0.877990092067,1.08247025209
247,5,0.379782402934,0.488618797088
248,5,0.421413053978,0.528061709363
249,5,0.655893990573,0.812638317852
250,5,0.389775718861,0.467989853817
251,5,0.348701987779,0.433669860385
252,5,0.239292169164,0.292217906596
253,5,0.355199078899,0.400733152332
254,5,0.398330406988,0.45607869172
255,5,0.134284655464,0.17050444297
256,5,0.163594143586,0.204560524329
257,5,0.152160432956,0.200028606975
258,5,0.160365392188,0.196688855034
259,5,0.138878332191,0.179200009595
260,5,0.228544301637,0.286548695695
261,5,0.299624608799,0.386871795698
262,5,0.229314545271,0.283448780262
263,5,0.243836872799,0.311034219193
264,5,0.362879339371,0.478104744938
265,5,0.410649472167,0.508555508039
266,5,0.246825917898,0.303362211604
267,5,0.322324604275,0.41634609846
268,5,0.250354991522,0.31047311829
269,5,0.233946639344,0.289336951649
270,5,0.254338243433,0.300293471821
271,5,0.208820946977,0.250928193582
272,5,0.220006312326,0.260536102816
273,5,0.117905544897,0.155707650661
274,5,0.143342780742,0.184477519818
275,5,0.228013054468,0.262347124812
276,5,0.324036126078,0.400757902418
277,5,0.175867311204,0.225953361143
278,5,0.185016690099,0.210363445037
279,5,0.160949158119,0.222991450253
280,5,0.240582695064,0.308174833122
281,5,0.189016974542,0.248103797295
282,5,0.223282872208,0.248819389097
283,5,0.314764825795,0.374654883571
284,5,0.172086417125,0.210724538349
285,5,0.157493742272,0.220207465159
286,5,0.145721784436,0.174055483425
287,5,0.22391389741,0.252656946184
288,5,0.140549371168,0.193239991449
289,5,0.139662764276,0.184879144749
290,5,0.201988681116,0.261126898547
291,5,0.176367097232,0.213452860835
292,5,0.167318183502,0.192799663247
293,5,0.0930705989686,0.114324064058
294,5,0.134254729298,0.178333932358
295,5,0.118929204745,0.155410475993
296,5,0.112185855122,0.134799456421
297,5,0.183903046766,0.242903504585
298,5,0.158193189525,0.195815463304
299,5,0.172633881714,0.206095489699
300,5,0.12805798302,0.164178637268
301,5,0.159573342836,0.195872314793
302,5,0.171108705497,0.199549129837
303,5,0.0921585367527,0.121788302523
304,5,0.186345878914,0.223829292515
305,5,0.138277011859,0.173667921316
306,5,0.121334344386,0.153708400928
307,5,0.128030528485,0.154744697972
308,5,0.121004494663,0.150721902049
309,5,0.475510542937,0.564169005426
310,5,0.177375040513,0.220066408167
311,5,0.293486049784,0.34734623228
312,5,0.335795855724,0.420369145625
313,5,0.774772903772,0.923450872576
314,5,0.301098707326,0.351356052338
315,5,0.233985908438,0.301763335413
316,5,0.249382540237,0.323020305728
317,5,0.263472459168,0.323998682917
318,5,0.15705441614,0.198364050178
319,5,0.306345388211,0.37783189835
320,5,0.184130521929,0.226542981384
321,5,0.158445846012,0.224348766189
322,5,0.142280320862,0.201638891669
323,5,0.193130631275,0.228004787991
324,5,0.206314576073,0.243107141749
325,5,0.196091807795,0.246419281495
326,5,0.322987603735,0.412910814452
327,5,0.506194361148,0.641970926431
328,5,0.258306772985,0.325554020494
329,5,0.208692093431,0.270819559959
330,5,0.266988360368,0.315034060424
331,5,0.259706416185,0.327238928091
332,5,0.277273395564,0.327175239774
333,5,0.436673623849,0.524681079402
334,5,0.654321614309,0.763309268263
335,5,0.492848505822,0.580749052846
