cycle,count,mae,rmse
50,5,0.0903892349203,0.11395342915
51,5,0.123813413431,0.14723595366
52,5,0.128059215908,0.160514123794
53,5,0.149418621809,0.186091454535
54,5,0.137646562418,0.157046064801
55,5,0.130292486864,0.158562500482
56,5,0.112477665106,0.13758865972
57,5,0.115454355112,0.144910474871
58,5,0.226806557469,0.262129475456
59,5,0.281907725118,0.314058046581
60,5,0.248177065061,0.279462520937
61,5,0.102496434292,0.130725095489
62,5,0.212224469093,0.259688212907
63,5,0.197575396832,0.239472939378
64,5,0.244281661457,0.303741132245
65,5,0.205212393858,0.255898543764
66,5,0.308241450456,0.39040662802
67,5,0.649504521224,0.763046810138
68,5,0.122337968184,0.152138638084
69,5,0.287631041958,0.350533169289
70,5,0.307477737557,0.433782270751
71,5,0.156181735488,0.190349850868
72,5,0.194505841193,0.233090913378
73,5,0.443184063089,0.594985876216
74,5,0.107578759522,0.138207333581
75,5,0.135603141865,0.164104615402
76,5,0.197900305379,0.246318663709
77,5,0.200768678416,0.257225915972
78,5,0.223661076682,0.28144172431
79,5,0.0963762856037,0.118256910873
80,5,0.159329198895,0.18343909665
81,5,0.162378178232,0.194487794553
82,5,0.24934382898,0.293357438639
83,5,0.148725115478,0.196501974289
84,5,0.201645775627,0.267398154888
85,5,0.092437134634,0.117816162911
86,5,0.116203993225,0.13874815859
87,5,0.19995420527,0.23668474144
88,5,0.227691737482,0.25209965689
89,5,0.289655787356,0.331112305321
90,5,0.3054681505,0.374098186855
91,5,0.127186413161,0.171427653949
92,5,0.25613344388,0.291354905924
93,5,0.256624098685,0.290141341934
94,5,0.125201429136,0.148534001775
95,5,0.154820432382,0.193548088644
96,5,0.333091302053,0.403901638895
97,5,0.147497038734,0.178948618464
98,5,0.098755109486,0.122253482645
99,5,0.209095181858,0.235483066216
100,5,0.113701628916,0.140540969175
101,5,0.125186133073,0.163061920154
102,5,0.167633968458,0.201175401636
103,5,0.150908776122,0.194797330733
104,5,0.134735343001,0.169894240507
105,5,0.160119001038,0.193350546298
106,5,0.290583243895,0.313030766136
107,5,0.121533127877,0.151238937762
108,5,0.177984261821,0.213631115613
109,5,0.174813749505,0.214322932473
110,5,0.183903372268,0.27656519687
111,5,0.196968885945,0.228618940695
112,5,0.135350265798,0.168691792124
113,5,0.211103888732,0.262937581222
114,5,0.185220708334,0.253386079056
115,5,0.136617591174,0.162787765918
116,5,0.157350313129,0.20549046908
117,5,0.251617964359,0.283882272741
118,5,0.241406538542,0.295342334514
119,5,0.305295277647,0.369051509876
120,5,0.900406462898,1.03561090583
121,5,0.559315011446,0.686766817597
122,5,0.697546279203,0.856487407908
123,5,0.593916886222,0.768160523768
124,5,0.419550411598,0.499708083611
125,5,0.603165624935,0.700377638263
126,5,0.574194707402,0.70015415376
127,5,0.582904668711,0.717942599103
128,5,0.161255466836,0.206872901644
129,5,0.173703451851,0.254602095351
130,5,0.179143021965,0.215281061581
131,5,0.248481405133,0.288223643563
132,5,0.313650059953,0.387021487418
133,5,0.520746944671,0.66318148668
134,5,0.586479211701,0.677830532244
135,5,0.402636570448,0.470529662598
136,5,0.372570940016,0.449392462492
137,5,0.259605492617,0.328062327202
138,5,0.221242838077,0.304168921402
139,5,0.175991408643,0.214429884068
140,5,0.10337301739,0.132250190004
141,5,0.152980460399,0.191141044781
142,5,0.12357539394,0.162063560084
143,5,0.224345197717,0.283173051159
144,5,0.10659691129,0.145561246912
145,5,0.16948107147,0.219290688584
146,5,0.12045780131,0.153474730931
147,5,0.144968131234,0.178421907683
148,5,0.230091111623,0.27135831319
149,5,0.191939209078,0.223518004042
150,5,0.230846013441,0.255777489664
151,5,0.20824349843,0.267860451691
152,5,0.103650167725,0.129029736816
153,5,0.163686734315,0.210816697155
154,5,0.192071054988,0.27989353904
155,5,0.253381668187,0.337626696814
156,5,0.126372275934,0.158174234298
157,5,0.270503945746,0.32895876753
158,5,0.327746997243,0.381971353287
159,5,0.303744923616,0.338770852809
160,5,0.130314462551,0.159363971153
161,5,0.12225416214,0.15793309377
162,5,0.171950780354,0.204384376072
163,5,0.192972877967,0.228657827648
164,5,0.11226891954,0.147020103622
165,5,0.231033152907,0.290545684778
166,5,0.178921323426,0.208453093066
167,5,0.141519933748,0.179703143649
168,5,0.0947098459261,0.123669877641
169,5,0.173389645678,0.200286883795
170,5,0.111485679752,0.133739406533
171,5,0.201209740423,0.227136960424
172,5,0.172452174046,0.206078274848
173,5,0.157226681936,0.203979677583
174,5,0.225833516612,0.313113338336
175,5,0.141620967742,0.171704960832
176,5,0.104432343266,0.124208838752
177,5,0.174991880841,0.215324673264
178,5,0.113812329703,0.14425794277
179,5,0.162991747811,0.202843972234
180,5,0.237463375997,0.257395042909
181,5,0.197839216442,0.219432441806
182,5,0.0771156265417,0.0937061864712
183,5,0.124263661547,0.15553244853
184,5,0.226973873409,0.240945218959
185,5,0.13699862647,0.167093657123
186,5,0.190340069947,0.219536873494
187,5,0.130234387115,0.155266770573
188,5,0.117400367075,0.144841619502
189,5,0.208140975996,0.248826618245
190,5,0.258799667309,0.287561495957
191,5,0.226644123965,0.246659538245
192,5,0.37471936083,0.394084184126
193,5,0.195103169729,0.210303318705
194,5,0.128380608795,0.158184154377
195,5,0.257632439039,0.271290966745
196,5,0.166309715387,0.206675305514
197,5,0.276582357509,0.365822386513
198,5,0.190097291828,0.288209916352
199,5,0.10851995261,0.14602825391
200,5,0.28210584654,0.354685946134
201,5,0.463104705236,0.582860439994
202,5,0.540872244408,0.673866725591
203,5,0.572964322734,0.713868601558
204,5,0.606952401635,0.76107083167
205,5,0.549212088123,0.652122877738
206,5,0.687606956217,0.851534454216
207,5,0.591242726864,0.685008224707
208,5,0.532155425803,0.680849449868
209,5,0.382352760213,0.49459477267
210,5,0.579244097922,0.714874431865
211,5,0.986834478147,1.11249565983
212,5,0.593054522703,0.694111417368
213,5,0.517270729683,0.732962303878
214,5,0.687000054721,1.10406563088
215,5,0.889471118016,1.05373566311
216,5,0.79490483961,0.955798695126
217,5,0.502086596135,0.606326324453
218,5,0.266112186939,0.33273185893
219,5,0.241272283586,0.332837677564
220,5,0.261689833206,0.3425858634
221,5,0.236882310642,0.322426740369
222,5,0.297014642796,0.364897297057
223,5,0.210451812317,0.257451487185
224,5,0.161940634655,0.215296563615
225,5,0.11625368595,0.142001752656
226,5,0.204938904433,0.256180069163
227,5,0.297331461282,0.370445345689
228,5,0.428929199775,0.520487081608
229,5,1.27207649437,1.45693823252
230,5,0.444219425164,0.548706272851
231,5,0.587266386606,0.714685402953
232,5,0.998707465964,1.28389825018
233,5,1.14290229058,1.37526121025
234,5,0.702600427889,0.802054381271
235,5,0.679567571624,0.796867929113
236,5,0.692264926566,0.858003997289
237,5,0.389066706028,0.469106515639
238,5,0.536107021783,0.619080557539
239,5,0.450138031323,0.535886517861
240,5,0.236407423031,0.298345432907
241,5,0.515406991008,0.594897214343
242,5,0.614220839813,0.726530774056
243,5,0.634971416579,0.782353969654
244,5,0.763128309558,1.07102998561
245,5,0.815449175174,0.956221923672
246,5,0.853782864436,0.973989062356
247,5,0.437461603277,0.556261062826
248,5,0.542968017479,0.654314287947
249,5,0.505726863834,0.605102449724
250,5,0.453559337354,0.563864812507
251,5,0.315492473458,0.380153574015
252,5,0.2973986488,0.363708206044
253,5,0.415392752685,0.460866199911
254,5,0.239279135678,0.275577788907
255,5,0.145997070947,0.174012675684
256,5,0.116771512235,0.15010587638
257,5,0.205152258182,0.242860041473
258,5,0.122848676405,0.164681012929
259,5,0.289703147975,0.348037351446
260,5,0.193506904151,0.234655882824
261,5,0.287767090114,0.352475416985
262,5,0.260740402792,0.341263830916
263,5,0.258314435716,0.311825914422
264,5,0.494173978469,0.684145287333
265,5,0.433850221189,0.522241871692
266,5,0.311374282498,0.376961412776
267,5,0.314644577557,0.389562348332
268,5,0.35377611589,0.443975040314
269,5,0.398980106312,0.471243603599
270,5,0.266146112482,0.343045733235
271,5,0.229547266898,0.276081551683
272,5,0.243005036329,0.303328026799
273,5,0.143402772931,0.187162622028
274,5,0.232629604144,0.275132954512
275,5,0.284845486079,0.353449669079
276,5,0.394725292463,0.486831320721
277,5,0.186586066354,0.243875584355
278,5,0.22990245171,0.288157277879
279,5,0.139709464143,0.185737160795
280,5,0.199380999985,0.267501320982
281,5,0.213469392199,0.296064130256
282,5,0.264190862957,0.289825196526
283,5,0.216687346916,0.254691091254
284,5,0.220063260516,0.26196092844
285,5,0.205173056685,0.253904229124
286,5,0.167412045803,0.214779278408
287,5,0.219950023157,0.286596272541
288,5,0.183342038564,0.252487881095
289,5,0.161337851461,0.224877372284
290,5,0.179986630539,0.250384546914
291,5,0.173757082862,0.206729129618
292,5,0.146142346566,0.172272954393
293,5,0.11377398231,0.145552527165
294,5,0.246518115555,0.291511003927
295,5,0.217474904419,0.264031701075
296,5,0.1816602575,0.213439284991
297,5,0.157763964489,0.203743803605
298,5,0.165223698301,0.224647318303
299,5,0.298333812388,0.366825939506
300,5,0.148840372153,0.204272875233
301,5,0.188053251585,0.22002704415
302,5,0.124115629636,0.153826212729
303,5,0.0996292873269,0.123710109652
304,5,0.143564917578,0.176450825602
305,5,0.165457296678,0.212893343906
306,5,0.110288657792,0.142741183504
307,5,0.280473184887,0.347902166973
308,5,0.108776092786,0.134194567738
309,5,0.287094233487,0.373572967798
310,5,0.308645183526,0.37670875986
311,5,0.243529824942,0.30461139726
312,5,0.477525744139,0.612672262642
313,5,0.524710874154,0.686539620426
314,5,0.297843178191,0.358857065421
315,5,0.260120847935,0.33163508194
316,5,0.35673208965,0.466855662807
317,5,0.23309166074,0.303269553558
318,5,0.252160063111,0.309068557951
319,5,0.292821097586,0.345228401755
320,5,0.213238594668,0.255475549646
321,5,0.176359557866,0.220374052199
322,5,0.291800994384,0.368488917064
323,5,0.22572331447,0.296020746968
324,5,0.240036918164,0.318972830801
325,5,0.146129927441,0.201868116923
326,5,0.270084224044,0.351558426399
327,5,0.696757859951,0.886965410036
328,5,0.33946494143,0.425121470508
329,5,0.160841286539,0.221920368889
330,5,0.19949581664,0.258063376487
331,5,0.206724026946,0.267930974693
332,5,0.34913457269,0.440178526408
333,5,0.624362092736,0.722636048924
334,5,0.667723496244,0.824655694883
335,5,0.81089251969,1.07426324051
