cycle,count,mae,rmse
50,15,0.120613608825,0.151795493626
51,15,0.134625468126,0.162228047073
52,15,0.114026433001,0.147543245999
53,15,0.155722214163,0.189108443338
54,15,0.101353134488,0.123796523534
55,15,0.108901519134,0.138448923991
56,15,0.0964469411356,0.122913761942
57,15,0.0981809897576,0.126367161147
58,15,0.224042783916,0.274954311402
59,15,0.163530873665,0.201162810958
60,15,0.123791532321,0.153361056588
61,15,0.0994872258342,0.121224494567
62,15,0.202177647699,0.241654309962
63,15,0.154458499824,0.202296457582
64,15,0.256326865924,0.31991893837
65,15,0.168852804292,0.211090013415
66,15,0.314203073361,0.428375540792
67,15,0.331335020943,0.437617140432
68,15,0.162540520479,0.20237376867
69,15,0.198458712848,0.249331547296
70,15,0.265180725479,0.382800455957
71,15,0.163520253073,0.205353584238
72,15,0.178198936937,0.215564665201
73,15,0.379868512796,0.495795072575
74,15,0.19037164619,0.23422214055
75,15,0.105732354809,0.129635722812
76,15,0.127755631535,0.156688604371
77,15,0.144095176902,0.197355627329
78,15,0.131672744366,0.166427289878
79,15,0.122281867268,0.152895727866
80,15,0.129931298648,0.159798543347
81,15,0.128560213803,0.157167555612
82,15,0.133425928506,0.166090932189
83,15,0.182312421647,0.216208476409
84,15,0.172914240058,0.208708835015
85,15,0.128325327349,0.146145241271
86,15,0.117068603266,0.133007976548
87,15,0.138929431564,0.179661835147
88,15,0.278117262299,0.334947990793
89,15,0.110485543913,0.13925747915
90,15,0.232350669099,0.28994949046
91,15,0.177931514204,0.226082239462
92,15,0.124635970047,0.159406502989
93,15,0.157462606135,0.183180015637
94,15,0.154171414451,0.190261702985
95,15,0.123599071329,0.149916326936
96,15,0.290694313143,0.358610095951
97,15,0.136444911674,0.167345298473
98,15,0.140451473374,0.166391541414
99,15,0.107100763093,0.136142516438
100,15,0.12887104227,0.159479992259
101,15,0.136811983169,0.171290637185
102,15,0.115289407201,0.135485118117
103,15,0.104514213475,0.129881472854
104,15,0.141716065481,0.170540890239
105,15,0.147029726486,0.177869305507
106,15,0.101198058585,0.126068772973
107,15,0.142857856316,0.178586799793
108,15,0.123032611744,0.163044903825
109,15,0.132693645843,0.183869054575
110,15,0.165338342973,0.246435536013
111,15,0.175958743334,0.222217149125
112,15,0.166609351413,0.209891833935
113,15,0.172524660603,0.227215464745
114,15,0.181913759636,0.227001808825
115,15,0.119119101406,0.143675598643
116,15,0.135293977652,0.169556956771
117,15,0.127963592493,0.15790032471
118,15,0.149357904081,0.187929616381
119,15,0.345168462159,0.448216814606
120,15,0.87494742239,1.17218374837
121,15,0.528897954225,0.674363685868
122,15,0.635855060487,0.792235667679
123,15,0.570962187337,0.720188325322
124,15,0.52354818288,0.664274310552
125,15,0.474303276314,0.59463199521
126,15,0.528102388691,0.688988496855
127,15,0.528397054867,0.740258804634
128,15,0.197355883913,0.249961785901
129,15,0.187811939022,0.245167375397
130,15,0.180368031395,0.237949731977
131,15,0.188417514649,0.238605247798
132,15,0.278189926264,0.389305372025
133,15,0.361597920922,0.439130130762
134,15,0.472729063116,0.564999239496
135,15,0.423454930818,0.509365380232
136,15,0.304097238303,0.373348947743
137,15,0.249365531648,0.3099120803
138,15,0.291285991625,0.370707098271
139,15,0.174461936398,0.210850023605
140,15,0.124671422883,0.165510212335
141,15,0.141041259259,0.180828681933
142,15,0.193918224,0.248566929888
143,15,0.170127219533,0.23585013539
144,15,0.18540728997,0.221090188306
145,15,0.155388276063,0.188176013876
146,15,0.186653859164,0.238772901116
147,15,0.108738462476,0.133175112348
148,15,0.0946922115808,0.119433281444
149,15,0.0836498532411,0.100364873349
150,15,0.0870429022106,0.116620470364
151,15,0.117483894984,0.144796532118
152,15,0.15289650753,0.193314606076
153,15,0.186222408657,0.244204360258
154,15,0.179788448004,0.266028960137
155,15,0.20229127018,0.277033139668
156,15,0.108940173188,0.137843534348
157,15,0.286620326923,0.334965311301
158,15,0.180385432821,0.230191683435
159,15,0.124108463792,0.151307816079
160,15,0.12752429154,0.160108519003
161,15,0.108425967122,0.139976926003
162,15,0.116551585108,0.14593205333
163,15,0.131195706019,0.156733383453
164,15,0.111874396186,0.136199028415
165,15,0.197238168332,0.2434037778
166,15,0.141363974897,0.172634275506
167,15,0.134968412372,0.169119970139
168,15,0.0914386227612,0.119144169281
169,15,0.15251580963,0.196937532649
170,15,0.084579083843,0.103829105686
171,15,0.151664841182,0.184684475565
172,15,0.13108842567,0.163225679123
173,15,0.164286763743,0.202196901419
174,15,0.190340843285,0.239992058667
175,15,0.116529102426,0.142938027888
176,15,0.110771532279,0.136592408082
177,15,0.0861356396869,0.113367476337
178,15,0.102659780242,0.134142344189
179,15,0.169489705511,0.21675187919
180,15,0.123917379435,0.153088281005
181,15,0.106639471739,0.122654186357
182,15,0.126012428832,0.1536595926
183,15,0.0899354679302,0.11102300682
184,15,0.125638891617,0.146533655444
185,15,0.0876345014922,0.108270318282
186,15,0.171110819205,0.202863996391
187,15,0.112863134783,0.141529298387
188,15,0.13910748413,0.169192788722
189,15,0.127692631699,0.161619595824
190,15,0.113529696181,0.154969577205
191,15,0.198339450771,0.227401913645
192,15,0.20186965381,0.236679425624
193,15,0.138297748177,0.170030464088
194,15,0.130150777086,0.152810623812
195,15,0.0908682707483,0.116506479069
196,15,0.181060618215,0.243695412813
197,15,0.240670192479,0.303631601695
198,15,0.16563456377,0.278704332491
199,15,0.244169219781,0.283030066776
200,15,0.303967092843,0.382547533606
201,15,0.386274871342,0.480649216853
202,15,0.450355077151,0.53949748808
203,15,0.433553021579,0.539249925219
204,15,0.373942107574,0.47483351692
205,15,0.37412562836,0.457137426763
206,15,0.457800932461,0.572410298206
207,15,0.353060930679,0.41793753452
208,15,0.489801986107,0.568006804174
209,15,0.332734195446,0.426561259102
210,15,0.468986629564,0.565452503658
211,15,1.0731154583,1.27165184411
212,15,0.444815890975,0.532661186997
213,15,0.523775043062,0.650819357549
214,15,0.664569130776,0.979202390668
215,15,0.684199299437,0.939440145339
216,15,0.681530442929,0.839058155024
217,15,0.38671782867,0.459403156893
218,15,0.379920177381,0.486643035153
219,15,0.270607639264,0.376705733389
220,15,0.223374383688,0.295477113359
221,15,0.274385200725,0.379027549163
222,15,0.187198816594,0.237307652688
223,15,0.119952861716,0.15178472099
224,15,0.149566010921,0.198805493544
225,15,0.163389519627,0.203740285405
226,15,0.246257764154,0.309119840527
227,15,0.173624108866,0.212419096578
228,15,0.351853759836,0.464111378372
229,15,0.618977460628,0.738266846079
230,15,0.919402147777,1.17262221813
231,15,0.568929837344,0.740410034921
232,15,1.15401078108,1.50425060763
233,15,0.837884879067,1.15762462814
234,15,0.562083546488,0.700935045475
235,15,0.930111090646,1.08141121157
236,15,0.510330794824,0.668268745558
237,15,0.350533450914,0.414933211479
238,15,0.305194337695,0.375326291274
239,15,0.482512266761,0.595606091046
240,15,0.287399871694,0.351270337433
241,15,0.387968699084,0.481392000069
242,15,0.454090527518,0.568290683794
243,15,0.508054349395,0.620831766552
244,15,0.877455627427,1.16764233468
245,15,0.705738140126,0.879640584932
246,15,0.598581625589,0.73744948228
247,15,0.591810345777,0.740163546057
248,15,0.389695419844,0.502159120402
249,15,0.437008878355,0.533100320177
250,15,0.234776813463,0.316806937062
251,15,0.466115024552,0.600705818868
252,15,0.243988788765,0.298811577821
253,15,0.309295414972,0.366735749287
254,15,0.160539982753,0.207336772502
255,15,0.107479174281,0.135344539537
256,15,0.100697899638,0.131719871003
257,15,0.18001705039,0.212802608411
258,15,0.12542618601,0.157330296492
259,15,0.130066386222,0.159350586676
260,15,0.193396125878,0.242829403064
261,15,0.176433157724,0.243490540018
262,15,0.19700650102,0.249301316472
263,15,0.212930681591,0.288218609542
264,15,0.374589470502,0.440980382022
265,15,0.566926962944,0.693117935992
266,15,0.260520147032,0.321019297986
267,15,0.250909017943,0.316239342301
268,15,0.31365094848,0.395618988846
269,15,0.288822757297,0.371405531714
270,15,0.229742700876,0.267801760946
271,15,0.202243633866,0.244819148668
272,15,0.171479363363,0.216734403427
273,15,0.119142580631,0.146677609051
274,15,0.169507457889,0.203015349136
275,15,0.169798887401,0.211970618026
276,15,0.322042396681,0.396540746603
277,15,0.164499845371,0.217822005662
278,15,0.149265234999,0.196520183493
279,15,0.148764445072,0.209229000904
280,15,0.153052631062,0.204925167019
281,15,0.232361813716,0.33915336445
282,15,0.246962155905,0.293188502743
283,15,0.179536619078,0.226915004805
284,15,0.17337092964,0.206392420321
285,15,0.147798644757,0.183238662469
286,15,0.155219909695,0.200207777127
287,15,0.10946392529,0.141563027086
288,15,0.16601850788,0.223143912622
289,15,0.129034890503,0.170764534579
290,15,0.257426408442,0.326660014089
291,15,0.144941495327,0.17213285336
292,15,0.123316705635,0.150886690713
293,15,0.161059317921,0.188976655132
294,15,0.115256879413,0.162801332711
295,15,0.19951040359,0.252791133088
296,15,0.152859097937,0.19492697749
297,15,0.164475361751,0.215891274193
298,15,0.138235351044,0.172442368807
299,15,0.160498424656,0.197076341934
300,15,0.183380604337,0.253186578498
301,15,0.140640414812,0.175416572
302,15,0.131469379888,0.168334551422
303,15,0.107217679419,0.132247222038
304,15,0.166237209218,0.220244570846
305,15,0.0991521690919,0.13778866527
306,15,0.1227328386,0.163509445148
307,15,0.136992622902,0.17787819259
308,15,0.136325660751,0.164862741496
309,15,0.381005573444,0.49852227944
310,15,0.170935509029,0.208380688733
311,15,0.424653723898,0.499535593414
312,15,0.389315701569,0.495252696498
313,15,0.576784348964,0.751711811263
314,15,0.297189910783,0.413878317719
315,15,0.219586947353,0.275339053504
316,15,0.235507804798,0.308134900028
317,15,0.318695153667,0.397761161897
318,15,0.186198095551,0.231926231646
319,15,0.427403549417,0.531596399001
320,15,0.245108560586,0.316090850672
321,15,0.101308287145,0.129467691211
322,15,0.103505706409,0.144929970053
323,15,0.162121209784,0.213391649074
324,15,0.164689019807,0.216591085352
325,15,0.204605582807,0.275966651418
326,15,0.267082060692,0.321909629579
327,15,0.517153913822,0.624973521445
328,15,0.257909952624,0.349921304969
329,15,0.233365365896,0.305264600695
330,15,0.282742637597,0.347861059782
331,15,0.223952438088,0.280332692727
332,15,0.318322072167,0.384575775934
333,15,0.339735111852,0.402555964952
334,15,0.550796127866,0.690273068604
335,15,0.573885771866,0.740641995092
