cycle,count,mae,rmse
50,10,0.136088404888,0.165036938519
51,10,0.116574064679,0.142254674406
52,10,0.126797783924,0.161936262954
53,10,0.123221922524,0.153646255004
54,10,0.0977382989064,0.122411550599
55,10,0.098035273183,0.120202806451
56,10,0.0874730241468,0.113239571857
57,10,0.159281736551,0.188137416349
58,10,0.258906352153,0.313776020179
59,10,0.158146658111,0.208355526407
60,10,0.123282590577,0.155823074245
61,10,0.229755759328,0.269497788047
62,10,0.152703438272,0.187857993964
63,10,0.229960943881,0.282595592674
64,10,0.288562311061,0.335049787372
65,10,0.19841086519,0.233666494511
66,10,0.292819147503,0.377438820433
67,10,0.637511776081,0.732732200594
68,10,0.17235833016,0.209245260799
69,10,0.173674272218,0.208770253964
70,10,0.515387379052,0.627192176319
71,10,0.226180872732,0.297891352289
72,10,0.251176191277,0.28955324076
73,10,0.355036137431,0.469680228485
74,10,0.145727302655,0.182023251996
75,10,0.106615043492,0.129852981447
76,10,0.131409934637,0.16958606223
77,10,0.185202159569,0.256438201997
78,10,0.1311573595,0.162893538427
79,10,0.177602884974,0.201487486153
80,10,0.0903571499576,0.109290871249
81,10,0.097198643369,0.118082715578
82,10,0.109811845302,0.135561368531
83,10,0.232473608028,0.279219264264
84,10,0.122406528682,0.152557399314
85,10,0.116631445713,0.135431518476
86,10,0.197368443238,0.245265668017
87,10,0.180924232413,0.210154762711
88,10,0.205430131718,0.237050072043
89,10,0.108924238639,0.138300006877
90,10,0.220182447099,0.272252691682
91,10,0.152605816608,0.184766987968
92,10,0.176241512041,0.215581241321
93,10,0.185848771714,0.237336206629
94,10,0.116459062527,0.137459425799
95,10,0.121764704461,0.149597360844
96,10,0.32948175594,0.384196758038
97,10,0.175780630885,0.206559270611
98,10,0.122052844048,0.147441073352
99,10,0.11009113421,0.140867501543
100,10,0.195599102687,0.235628647195
101,10,0.101556788627,0.128045094117
102,10,0.115073966843,0.139948051591
103,10,0.100301401671,0.12949834649
104,10,0.132316183679,0.156909996493
105,10,0.12260648576,0.152469718502
106,10,0.255199465229,0.317455162571
107,10,0.200953374888,0.235473806624
108,10,0.222913736885,0.262354776401
109,10,0.14110793644,0.176124371364
110,10,0.159178461485,0.245452754854
111,10,0.174445947284,0.212086909752
112,10,0.161719990187,0.190145963738
113,10,0.178307455686,0.231577380542
114,10,0.16014201024,0.204888635701
115,10,0.147276608395,0.182752576776
116,10,0.206308835426,0.263150425145
117,10,0.148668893172,0.180934020799
118,10,0.202468320598,0.26428709459
119,10,0.272797128356,0.352085639401
120,10,0.809579842041,1.0128426054
121,10,0.698885101173,0.835762484705
122,10,0.808243211199,1.04027666538
123,10,0.628921405312,0.750002004194
124,10,0.563039562247,0.694634769098
125,10,0.706863289857,0.820507752305
126,10,0.533923809588,0.740697266314
127,10,0.467426042384,0.619619048417
128,10,0.168605054398,0.212384729488
129,10,0.253042470483,0.318109465958
130,10,0.14464120678,0.177357797759
131,10,0.127258552427,0.177897578742
132,10,0.261046041072,0.335195571982
133,10,0.39658235092,0.492578085033
134,10,0.384711275598,0.467920115261
135,10,0.478643909084,0.576108330355
136,10,0.262185557875,0.327629693538
137,10,0.263563175218,0.335995725095
138,10,0.214875357185,0.286590856522
139,10,0.15024042607,0.182175085637
140,10,0.13873737396,0.175336890257
141,10,0.10734972291,0.143446711102
142,10,0.137513872786,0.177718747544
143,10,0.192660932971,0.234886261667
144,10,0.12815933574,0.158047047991
145,10,0.111777711197,0.140821284733
146,10,0.135119561888,0.168076605327
147,10,0.16629010974,0.201990925911
148,10,0.147030546797,0.172620300576
149,10,0.127179339798,0.146883641944
150,10,0.145221242889,0.182881972283
151,10,0.161852371614,0.201461507113
152,10,0.113316720969,0.146657468137
153,10,0.174248098843,0.221528709785
154,10,0.218883362409,0.315054620217
155,10,0.20507452972,0.277826686538
156,10,0.213047786475,0.264508124942
157,10,0.259473263828,0.3089195156
158,10,0.213636297814,0.259371101608
159,10,0.121619882176,0.143691162443
160,10,0.128519102141,0.156990059347
161,10,0.140364882508,0.189679868123
162,10,0.128172051794,0.154519246772
163,10,0.132018131001,0.156740950971
164,10,0.125904300047,0.155125343966
165,10,0.206860696054,0.253404916393
166,10,0.169947727148,0.202956655586
167,10,0.121710682793,0.151619615919
168,10,0.132473915496,0.150654340968
169,10,0.141370343902,0.17118019177
170,10,0.116464117988,0.143362496188
171,10,0.168639027267,0.201919143204
172,10,0.186284642524,0.230359602419
173,10,0.238871028121,0.287340401246
174,10,0.108005344891,0.13006481542
175,10,0.173963860301,0.212643072312
176,10,0.189309820997,0.238886436062
177,10,0.227559075125,0.278859364743
178,10,0.132517891238,0.161181422675
179,10,0.139629315588,0.164961893397
180,10,0.103099854828,0.130254854004
181,10,0.127499635663,0.150602140041
182,10,0.122922926983,0.14298018487
183,10,0.154870335594,0.177859884639
184,10,0.121037303261,0.153600930564
185,10,0.0856553776021,0.102979408325
186,10,0.133545765149,0.154103810115
187,10,0.145469642568,0.173454403572
188,10,0.106505207571,0.13579803498
189,10,0.103588242126,0.134959168482
190,10,0.188328175335,0.230469128905
191,10,0.138173515856,0.172909218946
192,10,0.110333445742,0.165435042239
193,10,0.128826356703,0.150136487666
194,10,0.207288686378,0.266189904106
195,10,0.1554080747,0.174505292463
196,10,0.266525662374,0.324444196369
197,10,0.192406910998,0.27711889475
198,10,0.271083696325,0.334153724124
199,10,0.201046208702,0.261229471829
200,10,0.196855203029,0.26163540243
201,10,0.465400270847,0.556509177682
202,10,0.345637266035,0.393628397458
203,10,0.446294100118,0.539581908281
204,10,0.394018102401,0.495251614302
205,10,0.465634800144,0.609617897887
206,10,0.515294192529,0.635955589185
207,10,0.449448868328,0.554288998655
208,10,0.604374495072,0.730024094281
209,10,0.467331609015,0.562394634807
210,10,0.628300186496,0.814995295755
211,10,1.09794316389,1.41784580371
212,10,0.427293164234,0.522018998448
213,10,0.583416602944,0.831953509642
214,10,0.860885287291,1.12110536341
215,10,0.677471190749,0.965528016123
216,10,0.553331884818,0.681313944851
217,10,0.377654608305,0.445730649238
218,10,0.291906883002,0.355615219553
219,10,0.223113298744,0.303429154825
220,10,0.158068143554,0.207128709931
221,10,0.309788419886,0.391829944631
222,10,0.242889261669,0.29619682909
223,10,0.120067396972,0.15144081007
224,10,0.153641994283,0.203980576019
225,10,0.218393914098,0.278179983584
226,10,0.19689121854,0.235149309369
227,10,0.208101653596,0.247332501759
228,10,0.294991544464,0.382523674039
229,10,0.491692980767,0.618473245308
230,10,0.829416073997,1.00346025314
231,10,0.331931962142,0.412774666723
232,10,0.969218607365,1.1918921806
233,10,0.929479981124,1.18774667814
234,10,0.754976887029,0.903641606198
235,10,0.5083382756,0.601892555299
236,10,0.357803899744,0.442168395287
237,10,0.369929241025,0.45043504034
238,10,0.301453228964,0.376866372469
239,10,0.269169683573,0.332317543952
240,10,0.229585316874,0.303485186957
241,10,0.239191496433,0.296826548512
242,10,0.658061167174,0.819345638368
243,10,0.657242919171,0.791852415492
244,10,0.593321563617,0.757115076667
245,10,1.03362012032,1.25185968455
246,10,0.597896664912,0.723882213029
247,10,0.547447377523,0.641178554579
248,10,0.365841927913,0.444231774638
249,10,0.357280415305,0.445294997727
250,10,0.330199293641,0.416633251696
251,10,0.340732488727,0.424960581518
252,10,0.185426695603,0.228528024994
253,10,0.281482532264,0.354708834003
254,10,0.1903148662,0.242877907375
255,10,0.134203295313,0.172056873269
256,10,0.105164979047,0.13151184487
257,10,0.179737591286,0.23100046114
258,10,0.122452754113,0.15413670884
259,10,0.163792044953,0.200359579902
260,10,0.172805306467,0.207032117401
261,10,0.225430930393,0.281816615036
262,10,0.228317678979,0.273553396238
263,10,0.236457388032,0.290035335482
264,10,0.326118403237,0.438359900726
265,10,0.406280649752,0.491673013895
266,10,0.295979089559,0.36741076806
267,10,0.439854288446,0.518964624166
268,10,0.290489913664,0.371454063726
269,10,0.272668194358,0.333702565409
270,10,0.224437422137,0.273311700789
271,10,0.183021356214,0.218492347452
272,10,0.14488558091,0.180893614979
273,10,0.127091567531,0.162295966258
274,10,0.179180560238,0.216110261184
275,10,0.161029271391,0.204251595627
276,10,0.380390553306,0.444473515782
277,10,0.202823515842,0.249456139248
278,10,0.141623260548,0.187852735365
279,10,0.117542647991,0.145791251749
280,10,0.155983091587,0.205714925017
281,10,0.238701882106,0.355270864256
282,10,0.256430387055,0.306862407047
283,10,0.186736290814,0.236511936755
284,10,0.183401188151,0.213695817777
285,10,0.141781105653,0.183392612066
286,10,0.118874180659,0.152793081534
287,10,0.194753805393,0.234428149835
288,10,0.233615964945,0.305694340725
289,10,0.175037483922,0.240349638315
290,10,0.247970838187,0.297230106265
291,10,0.157714776157,0.180785537377
292,10,0.151786188195,0.184720952255
293,10,0.142022992423,0.175325637738
294,10,0.106860163493,0.148173509648
295,10,0.119223581628,0.166468570658
296,10,0.166657071963,0.199642679378
297,10,0.166543691042,0.199262114037
298,10,0.159255254988,0.205013796686
299,10,0.119440223959,0.150810702509
300,10,0.14900787997,0.187755455824
301,10,0.141877191008,0.175414639879
302,10,0.121880807215,0.154188108221
303,10,0.193547959784,0.236445696055
304,10,0.116238724638,0.148980052351
305,10,0.112047953556,0.154333674148
306,10,0.165435579064,0.210363067964
307,10,0.105506280843,0.136782446757
308,10,0.197271731989,0.257768535087
309,10,0.277081047408,0.340376122708
310,10,0.153309802816,0.191025973123
311,10,0.246028694917,0.300632284117
312,10,0.331296302625,0.406217041683
313,10,0.658580991867,0.843549142494
314,10,0.324017924178,0.411851467227
315,10,0.241146910016,0.300052653687
316,10,0.264393822541,0.312972474034
317,10,0.286001913558,0.362004198411
318,10,0.158632198137,0.199259170979
319,10,0.274070545732,0.341905523159
320,10,0.159572374112,0.206130311472
321,10,0.206083544704,0.261130902366
322,10,0.136275684879,0.173062012351
323,10,0.156273984944,0.20121490254
324,10,0.18388244576,0.246095169511
325,10,0.240358715365,0.343657651844
326,10,0.218079848827,0.280046869123
327,10,0.436892279518,0.542553244239
328,10,0.317983611267,0.397299212236
329,10,0.163742193508,0.218564326379
330,10,0.167947771885,0.199027175219
331,10,0.156302296184,0.197500511748
332,10,0.413478424214,0.528651180986
333,10,0.619525927659,0.725460268944
334,10,0.93644148227,1.10084181509
335,10,0.560264043592,0.685042471423
