cycle,count,mae,rmse
50,20,0.130414000536,0.158660952946
51,20,0.139530244769,0.167307636755
52,20,0.116129296567,0.149304529097
53,20,0.109999104801,0.134490439769
54,20,0.102655366406,0.126968528997
55,20,0.0938227162755,0.116877047564
56,20,0.155483783342,0.188742672448
57,20,0.118460052475,0.144056183374
58,20,0.179753630403,0.216378721887
59,20,0.19067430718,0.228097345451
60,20,0.162733405269,0.19778413445
61,20,0.136804930876,0.168709913127
62,20,0.160456206993,0.19538774267
63,20,0.191801945035,0.236832492464
64,20,0.245800158775,0.3096970708
65,20,0.188713090635,0.233364081885
66,20,0.299094937079,0.375022289547
67,20,0.565171386397,0.674187957962
68,20,0.160644377733,0.194726055331
69,20,0.25136662436,0.309606107872
70,20,0.310299272659,0.408105292085
71,20,0.246028377437,0.323064996975
72,20,0.167210764224,0.209383982484
73,20,0.556746707716,0.721860844469
74,20,0.139926482026,0.16709636982
75,20,0.124476120828,0.159577546372
76,20,0.142271367712,0.179933337279
77,20,0.176161993641,0.233484111708
78,20,0.11562051696,0.149555611775
79,20,0.104779540291,0.129796436911
80,20,0.102655059191,0.123956620579
81,20,0.115119926647,0.139704781924
82,20,0.13355453318,0.162828747054
83,20,0.255225634229,0.308310401163
84,20,0.198024571458,0.246902112764
85,20,0.094437865779,0.116621380981
86,20,0.148351975655,0.175353775851
87,20,0.156215294221,0.193555288918
88,20,0.268051769707,0.306792615662
89,20,0.135946609617,0.170804714977
90,20,0.219536133438,0.270874427647
91,20,0.121149441802,0.149537359445
92,20,0.139171496045,0.169059803019
93,20,0.147816249358,0.181705270387
94,20,0.129651666734,0.164324621668
95,20,0.14026293735,0.173406899937
96,20,0.283031362898,0.342834510849
97,20,0.161121909772,0.19383580328
98,20,0.123063749934,0.152299034759
99,20,0.12538557235,0.163033317088
100,20,0.202632170001,0.261231442257
101,20,0.134008309354,0.16122051216
102,20,0.152044133156,0.193164859951
103,20,0.13930106121,0.173794791176
104,20,0.149720297327,0.187938356713
105,20,0.164164947045,0.203521620866
106,20,0.101344825636,0.129675593243
107,20,0.114668069216,0.149441253093
108,20,0.156293811676,0.195454129567
109,20,0.131144278489,0.165330194141
110,20,0.158941580901,0.221663530109
111,20,0.140196333307,0.172447832147
112,20,0.147175760812,0.18264554912
113,20,0.192647532421,0.223839109414
114,20,0.148482631947,0.181974766546
115,20,0.111955632701,0.144012053683
116,20,0.164748237924,0.200652768968
117,20,0.202372443004,0.278356851381
118,20,0.252360457154,0.339297767182
119,20,0.338730543174,0.45154059064
120,20,0.619141540136,0.822689574263
121,20,0.547864940118,0.643943754377
122,20,0.704119132864,0.891510081164
123,20,0.681607477954,0.789458980187
124,20,0.431660985256,0.558297761453
125,20,0.480021190291,0.576817061379
126,20,0.365342197491,0.526619075742
127,20,0.627525017755,0.794984153092
128,20,0.182224405805,0.227650589626
129,20,0.181483832514,0.253174201475
130,20,0.106449512969,0.137061478378
131,20,0.141203746274,0.187308611037
132,20,0.269823171901,0.344186626617
133,20,0.404727956872,0.501152128908
134,20,0.437915103862,0.555421815935
135,20,0.336747805058,0.437277639752
136,20,0.221170522709,0.269481286086
137,20,0.265710674453,0.323485608519
138,20,0.215390434306,0.294410316475
139,20,0.194753098468,0.233753231481
140,20,0.141215493539,0.178239262926
141,20,0.122645342153,0.149810778485
142,20,0.162364652303,0.205730188373
143,20,0.150366629593,0.207677794412
144,20,0.136844974399,0.160119847845
145,20,0.105529440768,0.136396981277
146,20,0.11680209722,0.142058245324
147,20,0.107111855716,0.13488431222
148,20,0.126147935085,0.151644794134
149,20,0.122446163762,0.145066367538
150,20,0.137938362435,0.178325610059
151,20,0.162400944057,0.210243811556
152,20,0.119265638438,0.148386800866
153,20,0.164523523096,0.209569012948
154,20,0.173161129723,0.25852478748
155,20,0.204001259077,0.26752145163
156,20,0.158180493896,0.20532611934
157,20,0.227464374577,0.268665745248
158,20,0.183758177622,0.230065790148
159,20,0.13779487232,0.163227323277
160,20,0.133637442233,0.16215183221
161,20,0.143477064618,0.185845286349
162,20,0.118293605869,0.143560157013
163,20,0.12735012202,0.14735799084
164,20,0.137782414192,0.169995675013
165,20,0.175046207719,0.216008669661
166,20,0.109878884769,0.144398875764
167,20,0.129447742472,0.157838571093
168,20,0.117868865782,0.148490507899
169,20,0.119791423832,0.15658533101
170,20,0.107558277091,0.13269729383
171,20,0.163127061574,0.194186733891
172,20,0.167930554343,0.210271252473
173,20,0.211212643269,0.267270280117
174,20,0.127555508996,0.160223994367
175,20,0.14884740386,0.189645018034
176,20,0.103297305446,0.129455295549
177,20,0.137246832822,0.173362703358
178,20,0.0959227807631,0.123469686276
179,20,0.122823027197,0.152402419988
180,20,0.106310490495,0.13217546667
181,20,0.0932569711435,0.115828339938
182,20,0.0880204192868,0.113585994037
183,20,0.104436973894,0.12500117853
184,20,0.08689210493,0.105960062682
185,20,0.108216012487,0.139619325016
186,20,0.125784458358,0.155190933158
187,20,0.114325631622,0.146405461415
188,20,0.137358298657,0.162916291354
189,20,0.133694913265,0.155376031124
190,20,0.175183784199,0.202841971336
191,20,0.129814343703,0.165589151936
192,20,0.110218094825,0.140387700485
193,20,0.148523831938,0.179509614479
194,20,0.126796761574,0.150800112737
195,20,0.0912037813319,0.113481336283
196,20,0.189328444215,0.248388353057
197,20,0.197812256107,0.262030778584
198,20,0.175910537874,0.249587311719
199,20,0.15759535952,0.207580898854
200,20,0.162185562032,0.208205905177
201,20,0.369843295158,0.435926346273
202,20,0.413465535503,0.498248788343
203,20,0.363257247341,0.42007643711
204,20,0.348048215141,0.399775020075
205,20,0.36580750199,0.448764715656
206,20,0.455631296926,0.553874482954
207,20,0.489652452453,0.580032425751
208,20,0.636493204928,0.772157667792
209,20,0.32578043277,0.39647266627
210,20,0.472360439976,0.554058436671
211,20,0.967542986003,1.19554813463
212,20,0.42392322828,0.508779494278
213,20,0.578481678305,0.714359110182
214,20,0.846892461882,1.16179128478
215,20,0.708260784499,0.948765629041
216,20,0.610926369523,0.775316807557
217,20,0.444677977093,0.517661015317
218,20,0.304582186797,0.375651752545
219,20,0.232122660296,0.29565590018
220,20,0.234667262801,0.287828801421
221,20,0.333451159206,0.449124913691
222,20,0.179946706776,0.231180044541
223,20,0.161888116034,0.210697282909
224,20,0.162241971349,0.209066924876
225,20,0.121302910098,0.151560800696
226,20,0.158742186413,0.195786448833
227,20,0.183069584577,0.227831244528
228,20,0.345335635469,0.42506200748
229,20,0.531896373941,0.660867871727
230,20,0.619675926073,0.826203955454
231,20,0.720147728922,0.858919871814
232,20,1.06733118242,1.27587773698
233,20,0.851000247773,1.06979953184
234,20,0.560681740357,0.720358279039
235,20,0.522937213606,0.612236816809
236,20,0.405757976148,0.51688022666
237,20,0.335322702363,0.418343687079
238,20,0.288949894763,0.36612411006
239,20,0.296568080822,0.411308242231
240,20,0.248423861513,0.30263975735
241,20,0.240862699171,0.298047320626
242,20,0.473996706197,0.591242122803
243,20,0.519070974031,0.665680119606
244,20,0.602982067069,0.724171581253
245,20,0.677977469163,0.837528621544
246,20,0.619801443347,0.81720747207
247,20,0.31326137857,0.403169234295
248,20,0.400341716486,0.491431816865
249,20,0.305154872462,0.379380448197
250,20,0.231262430076,0.284780166625
251,20,0.190645259796,0.236020838869
252,20,0.165219457379,0.21281536709
253,20,0.22417744616,0.284341370513
254,20,0.142459717115,0.179587438695
255,20,0.127547210545,0.158474292942
256,20,0.096113929178,0.13293283329
257,20,0.141082611699,0.171250616886
258,20,0.111529504129,0.141241821605
259,20,0.233722996322,0.281862318981
260,20,0.160688282556,0.203917501262
261,20,0.167384541128,0.217888329234
262,20,0.236439863782,0.297141298093
263,20,0.246947801881,0.307175004914
264,20,0.377733509314,0.487378756736
265,20,0.399365961161,0.493066092689
266,20,0.284272612592,0.365509899278
267,20,0.267265748828,0.332121286007
268,20,0.244690395798,0.321660959548
269,20,0.186191055167,0.254826310426
270,20,0.218905911104,0.266121880536
271,20,0.151617841075,0.180251373099
272,20,0.133345449626,0.166582800044
273,20,0.113002179381,0.142992183646
274,20,0.165894641199,0.209426276722
275,20,0.164802234982,0.20653795936
276,20,0.36444728251,0.433964754112
277,20,0.161174424865,0.203071514175
278,20,0.118428128314,0.152034169052
279,20,0.132858586505,0.177239931773
280,20,0.194626342732,0.235336969107
281,20,0.184164637537,0.26015069404
282,20,0.231995231479,0.262267161538
283,20,0.167985962478,0.210391636144
284,20,0.168742329072,0.201167476089
285,20,0.144181264195,0.178643467546
286,20,0.171240632334,0.224255645596
287,20,0.142620048389,0.187719261704
288,20,0.151230143305,0.203710384658
289,20,0.140924583568,0.183760491685
290,20,0.124089523965,0.186385353547
291,20,0.152465853076,0.180684192218
292,20,0.113730461474,0.138486510461
293,20,0.126564617472,0.153449190994
294,20,0.0826494670369,0.126692712341
295,20,0.135303136346,0.184286677809
296,20,0.142482212705,0.164614339036
297,20,0.15070861315,0.184749322367
298,20,0.14354797198,0.181229832901
299,20,0.152171109317,0.198095167708
300,20,0.172244030125,0.214125497843
301,20,0.171681299784,0.211076120381
302,20,0.121373547839,0.148150051031
303,20,0.143933413236,0.17938572116
304,20,0.0935764494277,0.114948449464
305,20,0.115537793144,0.155124362147
306,20,0.128103331434,0.166224168252
307,20,0.0990401049359,0.130639319171
308,20,0.1251327143,0.150860590135
309,20,0.256249094333,0.331097529043
310,20,0.171046302199,0.213362890558
311,20,0.219181356606,0.267407004084
312,20,0.334319982421,0.440144897925
313,20,0.486249867583,0.5864282484
314,20,0.304670831464,0.407290422834
315,20,0.192314513566,0.238585182007
316,20,0.211754808265,0.269917665576
317,20,0.241557163763,0.307357443666
318,20,0.172912057857,0.216813551233
319,20,0.241455953287,0.31103965636
320,20,0.156242740918,0.202519341115
321,20,0.100821682438,0.134032035602
322,20,0.14170954081,0.18284046998
323,20,0.181908787463,0.239456668883
324,20,0.127254874369,0.172637810815
325,20,0.160450552047,0.215131503525
326,20,0.241719317925,0.314047185263
327,20,0.376670525709,0.463028598306
328,20,0.257188577642,0.323294702411
329,20,0.143626770049,0.194386730945
330,20,0.183915370759,0.232474507708
331,20,0.150277118794,0.197646078071
332,20,0.426215281032,0.499891718483
333,20,0.380504197082,0.454434959052
334,20,0.6355910901,0.768468830543
335,20,0.554676635659,0.681056497224
