cycle,count,mae,rmse
50,15,0.133680922515,0.158196575994
51,15,0.117360825491,0.142863356719
52,15,0.138588465034,0.177718349512
53,15,0.116289861914,0.141544553464
54,15,0.0855853519321,0.105306850708
55,15,0.111983783285,0.135271607747
56,15,0.110569795791,0.134738223448
57,15,0.14721670963,0.172022639326
58,15,0.18571771372,0.218185609018
59,15,0.15365341875,0.181256573684
60,15,0.186640193754,0.215048870959
61,15,0.185122063978,0.237859332874
62,15,0.142862115881,0.170632215314
63,15,0.135755234849,0.166844557114
64,15,0.284154631961,0.343276181805
65,15,0.14191050438,0.181414027072
66,15,0.306411861036,0.368535122636
67,15,0.433601935727,0.511057980831
68,15,0.150246516834,0.18179573431
69,15,0.192059550388,0.232267240217
70,15,0.330546431784,0.409868744435
71,15,0.165018214333,0.202267050626
72,15,0.192675615306,0.229831848693
73,15,0.490193103369,0.58668651504
74,15,0.190108752531,0.230027922063
75,15,0.106348290589,0.128197254497
76,15,0.231856747763,0.284243350105
77,15,0.179169321837,0.234271863632
78,15,0.141777454915,0.17345972146
79,15,0.101038653719,0.134819464117
80,15,0.0853986503614,0.102466178199
81,15,0.10242077196,0.127640249567
82,15,0.123241480808,0.155665362777
83,15,0.245078410704,0.297190153481
84,15,0.133537429105,0.158184910191
85,15,0.140104877285,0.173792002799
86,15,0.143226271911,0.178183106627
87,15,0.127459710886,0.15163579497
88,15,0.226002280632,0.285892246321
89,15,0.12084158336,0.149079452423
90,15,0.210469307308,0.274243308701
91,15,0.155110427535,0.183093494883
92,15,0.122295756408,0.156560159095
93,15,0.164369337444,0.221946873338
94,15,0.1285824749,0.158140368821
95,15,0.133580253027,0.170206110932
96,15,0.32496846056,0.399842947619
97,15,0.110097224724,0.132231771816
98,15,0.142107473016,0.175934388665
99,15,0.141744251397,0.17206036425
100,15,0.198220250013,0.23779427212
101,15,0.140403426417,0.173064240995
102,15,0.115584597278,0.149059220239
103,15,0.10871375801,0.139912807955
104,15,0.144824603075,0.17468427835
105,15,0.144074959616,0.173012554851
106,15,0.142814188338,0.170513222818
107,15,0.171594447974,0.207630169456
108,15,0.135324493014,0.184993098297
109,15,0.152318563433,0.186137006978
110,15,0.208903072692,0.28254719734
111,15,0.151931611937,0.189927061635
112,15,0.143162110743,0.173048350324
113,15,0.164315717403,0.211221179334
114,15,0.171043438139,0.238039188785
115,15,0.140618017197,0.177093478106
116,15,0.18474518343,0.218467219824
117,15,0.244612051502,0.325955800846
118,15,0.252120619407,0.335626022241
119,15,0.297440161431,0.413998634396
120,15,0.699054936359,0.991803455928
121,15,0.566242481883,0.675708735862
122,15,0.734201131629,0.948376303745
123,15,0.581379951771,0.723857696543
124,15,0.486780724423,0.625164487164
125,15,0.644841603973,0.856570815635
126,15,0.347215702818,0.494865908885
127,15,0.586205976184,0.745493505739
128,15,0.228804013066,0.283535927593
129,15,0.176259775709,0.251415130387
130,15,0.208079757899,0.254143580461
131,15,0.193312933668,0.229546400992
132,15,0.328889716551,0.394029902661
133,15,0.589540583096,0.702862207552
134,15,0.426167838421,0.499833031343
135,15,0.439398275403,0.60066995279
136,15,0.258064818591,0.311022858623
137,15,0.328856175292,0.378783677582
138,15,0.194279515205,0.267682418913
139,15,0.213672564186,0.265389931258
140,15,0.185864908991,0.233884669451
141,15,0.106329814029,0.138544941334
142,15,0.18550703708,0.226654397837
143,15,0.200554234512,0.258703909076
144,15,0.124709472589,0.166647941692
145,15,0.100980711997,0.134257293602
146,15,0.137246287171,0.175670516676
147,15,0.173827213316,0.231556968478
148,15,0.121502580093,0.161919491792
149,15,0.102940225083,0.121354783184
150,15,0.179425120723,0.226057958449
151,15,0.13644668935,0.175120425746
152,15,0.119333169419,0.149825159181
153,15,0.19011597279,0.242739300072
154,15,0.183654117876,0.274536303782
155,15,0.229166494632,0.302856881
156,15,0.159711411126,0.200571433333
157,15,0.306087618033,0.371280150246
158,15,0.196690105761,0.235643977629
159,15,0.162162336127,0.201482760012
160,15,0.11908448845,0.150117688715
161,15,0.171255753043,0.216881972858
162,15,0.179672234831,0.216565532273
163,15,0.147817140882,0.180586713324
164,15,0.154385958047,0.183623310759
165,15,0.101702220071,0.151240016173
166,15,0.119102806767,0.157273017913
167,15,0.198522557632,0.257094569262
168,15,0.133161095367,0.163866559915
169,15,0.165220122403,0.211025314025
170,15,0.159308080598,0.192920604776
171,15,0.157885120365,0.18282140748
172,15,0.196551214034,0.243300278715
173,15,0.138235714211,0.168474616533
174,15,0.133508851431,0.163234887532
175,15,0.127291546385,0.16280634318
176,15,0.123202158721,0.158783179701
177,15,0.149606927329,0.186855233272
178,15,0.0966086901937,0.122957326141
179,15,0.0889987476062,0.109798514163
180,15,0.178990791614,0.223379727603
181,15,0.09055048044,0.10521766359
182,15,0.0847467168552,0.111451817341
183,15,0.105466530188,0.133626434094
184,15,0.094165393451,0.115061189778
185,15,0.0907884736229,0.115523377074
186,15,0.106020169104,0.130821361277
187,15,0.149022617126,0.179145558143
188,15,0.138409927386,0.175006932501
189,15,0.146646054115,0.177253009411
190,15,0.104082678449,0.147203020103
191,15,0.172228596284,0.23209592993
192,15,0.116567871984,0.153446191753
193,15,0.207214928266,0.225991452566
194,15,0.131227097785,0.160249042377
195,15,0.122701890247,0.14633915888
196,15,0.361240832315,0.397651877174
197,15,0.263444600215,0.368232700388
198,15,0.166375385212,0.271951440278
199,15,0.234502363629,0.293688440371
200,15,0.199521971066,0.256459899811
201,15,0.350451955564,0.413892759692
202,15,0.57801860589,0.6897196033
203,15,0.564812452536,0.680444760777
204,15,0.449784742036,0.548523250266
205,15,0.616060249946,0.789862850334
206,15,0.662527557746,0.799908876072
207,15,0.436097431353,0.548374867875
208,15,0.530067073161,0.634056190522
209,15,0.367946768476,0.444640998405
210,15,0.845087758741,1.02238875469
211,15,1.35314346173,1.69307724367
212,15,0.605686291944,0.751664485281
213,15,0.670075672508,0.828332092483
214,15,0.734121522911,1.05144018753
215,15,0.767227582242,0.980187371687
216,15,0.568600561773,0.725307847849
217,15,0.414773377629,0.512954022817
218,15,0.354849753659,0.469839166604
219,15,0.262993755973,0.36234128683
220,15,0.251137560024,0.309449552448
221,15,0.36413415215,0.4621064309
222,15,0.282818790056,0.358121187643
223,15,0.15795405327,0.191197846447
224,15,0.200869696574,0.252171632896
225,15,0.157887799216,0.190291137961
226,15,0.195830973496,0.237009301847
227,15,0.215165978442,0.260387040613
228,15,0.374009741624,0.471811815532
229,15,1.29942701763,1.63747769145
230,15,0.643148377242,0.801060904839
231,15,0.357533808215,0.449253523218
232,15,0.601100161277,0.733118745367
233,15,1.52980094244,1.96327651476
234,15,0.811010053308,0.979300411974
235,15,0.600064202039,0.700014831878
236,15,0.395088935935,0.520782382082
237,15,0.353304197699,0.441797476381
238,15,0.375574599798,0.499608792294
239,15,0.412704344323,0.523999658827
240,15,0.306797191381,0.375976646604
241,15,0.406694525397,0.495165980535
242,15,0.410452587409,0.522043803187
243,15,0.941189244774,1.22985455437
244,15,1.08485097752,1.33544552928
245,15,0.777544647697,0.925703374451
246,15,1.09342385477,1.43899802043
247,15,0.418100495383,0.534766541531
248,15,0.369526683324,0.480444430071
249,15,0.363934409096,0.472533265331
250,15,0.385815979957,0.502716047472
251,15,0.30264274753,0.365347886231
252,15,0.193551739647,0.235501709401
253,15,0.324276463128,0.38933124717
254,15,0.189134026901,0.230050871146
255,15,0.135301137906,0.171881164178
256,15,0.142896474197,0.184529013557
257,15,0.168665498842,0.20893319982
258,15,0.119108867605,0.1582157254
259,15,0.13430384161,0.18804613312
260,15,0.222350204377,0.2649132037
261,15,0.18916353274,0.24358509655
262,15,0.232038375219,0.304184628035
263,15,0.218825111692,0.299665095098
264,15,0.346183302549,0.451095298734
265,15,0.420267605579,0.549076042768
266,15,0.290488154209,0.349779618656
267,15,0.275177797987,0.347417333359
268,15,0.337124579509,0.430963156778
269,15,0.261199348702,0.304352320564
270,15,0.218260384848,0.283573399508
271,15,0.204305897497,0.24966068799
272,15,0.218554576867,0.266132816786
273,15,0.171403517178,0.227640600965
274,15,0.125781662707,0.164043933054
275,15,0.1735822102,0.214285177626
276,15,0.315669721757,0.389868907157
277,15,0.156306764437,0.215748406105
278,15,0.125137094107,0.171971458728
279,15,0.164719810543,0.229081033063
280,15,0.219148712988,0.304807254385
281,15,0.166831471499,0.226400353778
282,15,0.275517438884,0.321420525757
283,15,0.211094571134,0.263125861079
284,15,0.238706438518,0.285436442844
285,15,0.135787672883,0.185411374061
286,15,0.165614145284,0.213036593839
287,15,0.123521663643,0.163617903717
288,15,0.219358010557,0.288072235305
289,15,0.167719267816,0.217411450383
290,15,0.216744660076,0.280198200369
291,15,0.140443365812,0.173820575462
292,15,0.194817501727,0.229210453875
293,15,0.171118820621,0.204032288981
294,15,0.160739861427,0.203911853153
295,15,0.127039700093,0.166524956123
296,15,0.134811669054,0.164289730064
297,15,0.156697595144,0.201850252472
298,15,0.153166598517,0.203946347665
299,15,0.183521805015,0.237819577972
300,15,0.176242199498,0.218620764246
301,15,0.135607897166,0.163641936309
302,15,0.173317121046,0.225785150722
303,15,0.131902386972,0.177107695418
304,15,0.178189007397,0.231450862019
305,15,0.125357015715,0.156611591293
306,15,0.123615988293,0.153531624342
307,15,0.195554547863,0.261340996102
308,15,0.144979371281,0.181341521032
309,15,0.248904366667,0.338014662493
310,15,0.184259115401,0.231919106492
311,15,0.42884908817,0.521454153667
312,15,0.527045812687,0.656206068641
313,15,0.569644186889,0.727011488675
314,15,0.271825142881,0.346338820655
315,15,0.229268256585,0.288547861098
316,15,0.308158747516,0.41403000736
317,15,0.224605589582,0.281495084023
318,15,0.185601729339,0.234723561797
319,15,0.296534497189,0.372018525637
320,15,0.335758925342,0.415663997368
321,15,0.112194725631,0.139867035925
322,15,0.122538608253,0.161890317851
323,15,0.173415290034,0.216731882335
324,15,0.163047933229,0.213689500585
325,15,0.197491582065,0.249413955295
326,15,0.245740730296,0.32633292232
327,15,0.404185617539,0.47742338139
328,15,0.232743626729,0.310165623357
329,15,0.156453057534,0.218435955284
330,15,0.180294566225,0.225716545096
331,15,0.236397995926,0.308767483948
332,15,0.420674764911,0.514470056993
333,15,0.404287163406,0.50476854056
334,15,0.572367446442,0.725658964782
335,15,0.780733406623,0.958353415192
