cycle,count,mae,rmse
50,10,0.141567569688,0.170244792436
51,10,0.160212885308,0.190514462404
52,10,0.0922228723507,0.114316779726
53,10,0.11153847493,0.137791331484
54,10,0.126507313772,0.14823767243
55,10,0.126874353093,0.15749776016
56,10,0.0868144254319,0.113335874033
57,10,0.1160398179,0.153356929987
58,10,0.204805341786,0.249252252685
59,10,0.183985708327,0.227535665859
60,10,0.130980574519,0.157212221185
61,10,0.125190763345,0.153825089829
62,10,0.293254219276,0.349916107002
63,10,0.140826518966,0.16872032594
64,10,0.230463885724,0.287634087734
65,10,0.205134911989,0.258168002906
66,10,0.303966032376,0.389266371575
67,10,0.432221540482,0.517305901113
68,10,0.149487399382,0.192391547486
69,10,0.245375658664,0.293908214158
70,10,0.288574387178,0.380226561493
71,10,0.212958922062,0.26479708289
72,10,0.206987650627,0.268406304186
73,10,0.374952460778,0.524965805684
74,10,0.124413924694,0.158728982881
75,10,0.13037421721,0.156288258122
76,10,0.158916933857,0.199229758106
77,10,0.175372472263,0.22902037545
78,10,0.148238753938,0.178088442929
79,10,0.0950938002694,0.120065554267
80,10,0.105671102033,0.126290361359
81,10,0.130531183048,0.15843671846
82,10,0.164463050001,0.202763095419
83,10,0.253493524912,0.293239558666
84,10,0.127666123623,0.159597379352
85,10,0.132753930767,0.164402015193
86,10,0.118338462229,0.145646679762
87,10,0.161463418029,0.19351823539
88,10,0.246487240117,0.339880401314
89,10,0.144729368663,0.177703463959
90,10,0.189239328519,0.239777094367
91,10,0.186206725656,0.22042555866
92,10,0.150423836473,0.190344978321
93,10,0.192614848958,0.224451792844
94,10,0.133086915051,0.158761078737
95,10,0.113855101731,0.144905045812
96,10,0.309528961438,0.36836944415
97,10,0.117298722645,0.147935391616
98,10,0.135889626777,0.169579998065
99,10,0.0981418662463,0.120943377792
100,10,0.190409387336,0.238587007083
101,10,0.126903902427,0.158288582012
102,10,0.307889877303,0.344365586483
103,10,0.113577619925,0.146365743027
104,10,0.154265886091,0.193469167603
105,10,0.205788466712,0.241198328727
106,10,0.137759961998,0.166747476933
107,10,0.152981076395,0.181641468048
108,10,0.174330003122,0.219123319878
109,10,0.175176275431,0.20868378674
110,10,0.201994370227,0.27628095747
111,10,0.125573589327,0.162342764434
112,10,0.136435391139,0.171313976803
113,10,0.193836148911,0.240215530083
114,10,0.243598110153,0.294234106499
115,10,0.121832724616,0.149782178303
116,10,0.222310067086,0.268675511297
117,10,0.173146235008,0.223378601146
118,10,0.194826911846,0.241611649911
119,10,0.275961616314,0.364619347355
120,10,0.682614444819,0.912535217261
121,10,0.543623669737,0.633452814887
122,10,0.720203195712,0.882761130638
123,10,0.519090981956,0.637470914694
124,10,0.46535620762,0.567217892968
125,10,0.560855893323,0.695817567421
126,10,0.561570743924,0.709117851239
127,10,0.547617667832,0.741503649265
128,10,0.1747335612,0.218320166744
129,10,0.240026965312,0.312959008225
130,10,0.134803281903,0.173116375252
131,10,0.135217262642,0.178966460758
132,10,0.280706701405,0.364503934863
133,10,0.384083387087,0.455957999186
134,10,0.342508368656,0.420349307388
135,10,0.410415094535,0.471715018712
136,10,0.255473116181,0.295077085789
137,10,0.261360337345,0.320829989813
138,10,0.202121323611,0.274550743812
139,10,0.181399954787,0.226756297501
140,10,0.114689731424,0.13882506842
141,10,0.135823492986,0.171190986
142,10,0.15627523485,0.196595047426
143,10,0.154586669176,0.223749233569
144,10,0.111422395569,0.135880150992
145,10,0.175120366904,0.219303224153
146,10,0.137356034448,0.176042523934
147,10,0.123779684787,0.155284578024
148,10,0.171855263157,0.205231166687
149,10,0.117238043201,0.152523216339
150,10,0.178429319875,0.220566677292
151,10,0.152328878509,0.191974163095
152,10,0.170020672079,0.204905339287
153,10,0.152270707835,0.201153474207
154,10,0.19420701502,0.280730536762
155,10,0.222106686236,0.29051178382
156,10,0.137603685311,0.169276720798
157,10,0.221215192609,0.263932152726
158,10,0.193947512758,0.235002539592
159,10,0.18134921615,0.217156239447
160,10,0.155706425818,0.213374903455
161,10,0.105453056069,0.137166614079
162,10,0.129530438819,0.162594359642
163,10,0.136987096532,0.161406033112
164,10,0.15667790354,0.195347013733
165,10,0.141527237676,0.180618703743
166,10,0.105823901727,0.149005177708
167,10,0.182030364105,0.228754214432
168,10,0.110722000702,0.139350678992
169,10,0.163623323476,0.193236329111
170,10,0.115819374589,0.141787233646
171,10,0.16873390413,0.19961946989
172,10,0.134076567441,0.175711155265
173,10,0.176541454609,0.222952294853
174,10,0.192468545751,0.253322294093
175,10,0.104917714863,0.125566784192
176,10,0.149306065353,0.17872440325
177,10,0.141694822036,0.175026052531
178,10,0.123032596939,0.151759912108
179,10,0.111782057537,0.136621373787
180,10,0.101553400335,0.123593980123
181,10,0.105503343934,0.124152077502
182,10,0.113471571484,0.136155481197
183,10,0.102066572967,0.11683921894
184,10,0.0950801626343,0.112203416197
185,10,0.105762021186,0.126360667106
186,10,0.110550077622,0.132316020927
187,10,0.179863042168,0.204028648509
188,10,0.169205455965,0.209663849482
189,10,0.119104638124,0.151115921984
190,10,0.115846466242,0.170373486126
191,10,0.191092187643,0.235285098063
192,10,0.15827400744,0.194625314788
193,10,0.129250526486,0.149989823364
194,10,0.13216798174,0.157561523837
195,10,0.108681997217,0.129506224448
196,10,0.152731018071,0.188582247096
197,10,0.169036807016,0.236033904497
198,10,0.152272418425,0.289656994082
199,10,0.160738454192,0.219647181787
200,10,0.215950447107,0.270915574524
201,10,0.490772660826,0.619899400499
202,10,0.493259413738,0.579056526875
203,10,0.411103988702,0.501947214686
204,10,0.4561727232,0.51943216241
205,10,0.399122377599,0.469401938742
206,10,0.575111283483,0.713460357441
207,10,0.610609475205,0.74263558352
208,10,0.777369671656,0.929158650545
209,10,0.398744091493,0.516575305631
210,10,0.442440666104,0.567127048469
211,10,0.848418518666,1.0703302875
212,10,0.70053803453,0.844971086385
213,10,0.648743285129,0.769429519159
214,10,0.663436953703,0.874773500604
215,10,0.575125337986,0.704005747611
216,10,0.622740917899,0.814035686095
217,10,0.498687396281,0.586519576518
218,10,0.350260423106,0.436800855054
219,10,0.238885235389,0.29076310049
220,10,0.247238015962,0.316252612017
221,10,0.295026413494,0.352788031296
222,10,0.190896565145,0.235539441666
223,10,0.18263310578,0.214787246774
224,10,0.144152711495,0.191031617888
225,10,0.21868653939,0.276784749002
226,10,0.149977345582,0.191675831193
227,10,0.199506795572,0.254880727038
228,10,0.282943115703,0.359884748428
229,10,0.490490129792,0.625846330608
230,10,0.705727104638,0.883732779055
231,10,0.358468007036,0.45281566061
232,10,0.602051311296,0.738749020793
233,10,0.938788017814,1.17353596227
234,10,0.693471214097,0.891420565637
235,10,0.505427328286,0.606834133337
236,10,0.449281466143,0.548083220018
237,10,0.393400305041,0.509758925305
238,10,0.254845579469,0.30579686155
239,10,0.258493806948,0.329097545014
240,10,0.38613616777,0.46084449178
241,10,0.342897945827,0.399886716166
242,10,0.356357465062,0.446823952974
243,10,0.558869867693,0.672346383395
244,10,0.812653846868,1.00741320926
245,10,0.542280263957,0.642465760309
246,10,0.627146941157,0.775454875452
247,10,0.753338712173,0.959219616732
248,10,0.349808025021,0.444753431819
249,10,0.423869567194,0.512671767874
250,10,0.249105939146,0.312108372444
251,10,0.354996339348,0.433762928033
252,10,0.256149796346,0.352170123367
253,10,0.409245133133,0.477767383655
254,10,0.143030763045,0.185753470695
255,10,0.140279413932,0.173933055297
256,10,0.109046769318,0.140617300829
257,10,0.14770167256,0.190892846903
258,10,0.107404496351,0.136613353232
259,10,0.204335656656,0.249748388565
260,10,0.147600745949,0.180937985666
261,10,0.175598862324,0.221081364132
262,10,0.211977192704,0.270175921349
263,10,0.256711010084,0.341655103601
264,10,0.394377812627,0.47592035865
265,10,0.442111349212,0.573448561466
266,10,0.32348611687,0.416243331547
267,10,0.356225310499,0.424773672623
268,10,0.28827166236,0.377845842378
269,10,0.242557693215,0.299077969643
270,10,0.196357519883,0.241188536644
271,10,0.154277077562,0.189268648644
272,10,0.139138811633,0.159881288411
273,10,0.184746769853,0.226951816663
274,10,0.155760768926,0.194992856351
275,10,0.120972564804,0.15832978657
276,10,0.573655607116,0.690531659252
277,10,0.151184301864,0.197205314849
278,10,0.132721420446,0.188016407136
279,10,0.180042718174,0.244013047714
280,10,0.25744952886,0.306559317851
281,10,0.208293666516,0.296066645462
282,10,0.278035540942,0.335409266209
283,10,0.301415936705,0.343161586705
284,10,0.135057263388,0.161674664167
285,10,0.149005322316,0.198190122505
286,10,0.124804400428,0.158244787213
287,10,0.125680532333,0.161751397926
288,10,0.097062272896,0.122174554096
289,10,0.204560846998,0.26945843709
290,10,0.177895887258,0.234629478517
291,10,0.172937625932,0.204512360745
292,10,0.119213014476,0.146498456331
293,10,0.107199030551,0.130538971603
294,10,0.113541805939,0.156895256949
295,10,0.139324503545,0.189208188782
296,10,0.111081134051,0.142902093692
297,10,0.185439872309,0.22053669585
298,10,0.256640849799,0.339792658512
299,10,0.105571957469,0.15059513305
300,10,0.140193605495,0.17579374676
301,10,0.160224704814,0.211424715043
302,10,0.117899291727,0.144017426554
303,10,0.123955174484,0.154830025192
304,10,0.117961118181,0.147280960588
305,10,0.121999842046,0.144407541274
306,10,0.162854678288,0.210663049826
307,10,0.177507295233,0.211902599465
308,10,0.173016272994,0.22184368817
309,10,0.256782544258,0.319819402803
310,10,0.280113531402,0.358764963649
311,10,0.344071160486,0.418320939558
312,10,0.395604349086,0.49900900701
313,10,0.626328094281,0.791776321325
314,10,0.313199857026,0.393622017684
315,10,0.202639404891,0.245873519034
316,10,0.246491725512,0.315112439613
317,10,0.225901573648,0.285627570121
318,10,0.177594557896,0.218094438394
319,10,0.402753046363,0.49749393995
320,10,0.155865078688,0.20322543316
321,10,0.109915708631,0.135261630336
322,10,0.173023276113,0.215398984774
323,10,0.134321158742,0.17072300303
324,10,0.148804903678,0.186813081897
325,10,0.134497524667,0.174725905175
326,10,0.167176924159,0.223982810713
327,10,0.303189421119,0.378886743833
328,10,0.244941394109,0.319165441842
329,10,0.155202839826,0.222751697943
330,10,0.206285252614,0.255586426758
331,10,0.209046986555,0.247047792709
332,10,0.289798578283,0.361565401868
333,10,0.304035531718,0.377085821681
334,10,0.514133398498,0.656404217773
335,10,0.453971611295,0.535929424248
