cycle,count,mae,rmse
50,5,0.114522963419,0.138272451937
51,5,0.179159888948,0.210196054568
52,5,0.147260086402,0.171075037611
53,5,0.117381990321,0.1442823172
54,5,0.0714973983318,0.0899473512509
55,5,0.107796963738,0.129848888694
56,5,0.229548544852,0.253998183062
57,5,0.108967084008,0.136762647338
58,5,0.202265616626,0.233504761358
59,5,0.172801242925,0.213764238264
60,5,0.144687775968,0.17272797782
61,5,0.168759314042,0.202854585154
62,5,0.213640380188,0.247323837715
63,5,0.159175108946,0.199777402321
64,5,0.238018366148,0.295347751449
65,5,0.216433536733,0.262728202126
66,5,0.43660031604,0.503459947624
67,5,0.515339038864,0.582520085542
68,5,0.154157894353,0.186196879434
69,5,0.272460785638,0.325126974307
70,5,0.396034446421,0.488346087097
71,5,0.262076371103,0.309272359016
72,5,0.211290142179,0.261405007132
73,5,0.462997940697,0.545528385492
74,5,0.0924775370432,0.119176064543
75,5,0.100462744294,0.121291225026
76,5,0.185863756063,0.226168397556
77,5,0.238841543653,0.305321271656
78,5,0.170477205847,0.209520069916
79,5,0.104756322204,0.133211387135
80,5,0.0935453478622,0.114417856899
81,5,0.148736665181,0.179019022358
82,5,0.192895010751,0.2311097876
83,5,0.199247752804,0.255540647514
84,5,0.142050504343,0.168283830225
85,5,0.096867161719,0.123881323365
86,5,0.195219414978,0.231665082985
87,5,0.132343467131,0.172158309847
88,5,0.257465109113,0.3378381568
89,5,0.11498738949,0.142343447627
90,5,0.202295353831,0.257587101934
91,5,0.155849017121,0.187945388262
92,5,0.137681737426,0.178840242517
93,5,0.229506288038,0.260146241102
94,5,0.122089009889,0.152680035279
95,5,0.189232170773,0.226214298331
96,5,0.267072616306,0.321883276699
97,5,0.112983103357,0.141202552695
98,5,0.111632386164,0.136477178051
99,5,0.106736405427,0.130720305285
100,5,0.207636588502,0.252326318956
101,5,0.147417592078,0.177917540555
102,5,0.334643907458,0.385781071039
103,5,0.182340416757,0.229376862026
104,5,0.11997468162,0.151592879795
105,5,0.119615065836,0.145195723629
106,5,0.137756427882,0.175570132517
107,5,0.220713599725,0.250435513279
108,5,0.296191417656,0.343644561449
109,5,0.198509722562,0.240415310472
110,5,0.187988335953,0.278054118892
111,5,0.151125511157,0.190482714262
112,5,0.151019607758,0.202719860192
113,5,0.156833934984,0.200474889162
114,5,0.177321494819,0.247852299906
115,5,0.170507292424,0.203388503547
116,5,0.168975916846,0.211037885518
117,5,0.212543020031,0.274597401589
118,5,0.237135316757,0.284259524694
119,5,0.414460247386,0.548224538241
120,5,0.681506937835,0.898079721006
121,5,0.581594066511,0.736760210435
122,5,0.781158869713,1.02310760296
123,5,0.561956437618,0.674819879792
124,5,0.489941927082,0.650178857917
125,5,0.601183263164,0.749268816937
126,5,0.415941395244,0.574888565702
127,5,0.560663476414,0.71162786838
128,5,0.195319951254,0.247970735207
129,5,0.182152275625,0.269990956808
130,5,0.155233147141,0.195211262334
131,5,0.190792818212,0.232237813368
132,5,0.486445054656,0.585965358073
133,5,0.492128834453,0.597778467577
134,5,0.471819790376,0.546864922523
135,5,0.421799662369,0.513560109913
136,5,0.371665052462,0.440503636132
137,5,0.274809599614,0.391818951365
138,5,0.208552194594,0.286610956244
139,5,0.137655018618,0.173893882735
140,5,0.0997619880544,0.12533454757
141,5,0.0956717917422,0.126664781353
142,5,0.132640309253,0.178346377837
143,5,0.20163301987,0.260363362604
144,5,0.177539133279,0.224474405964
145,5,0.148999324361,0.181792108654
146,5,0.108571128536,0.131325757665
147,5,0.177683393416,0.208672875962
148,5,0.105045965033,0.134839471217
149,5,0.0935806497688,0.113620116131
150,5,0.190182521986,0.240135243463
151,5,0.144164811158,0.18010653148
152,5,0.152448455837,0.201779479407
153,5,0.19233027195,0.243733363745
154,5,0.18161782883,0.27355062517
155,5,0.201155868527,0.292252087104
156,5,0.158409026101,0.191954006723
157,5,0.275981987602,0.328899976153
158,5,0.221386098561,0.260066177935
159,5,0.114028381958,0.144095611472
160,5,0.149349684176,0.179454702832
161,5,0.354786489684,0.427231892763
162,5,0.166002199428,0.199485578056
163,5,0.16582966572,0.188380513464
164,5,0.153684455847,0.185433516511
165,5,0.115413964987,0.155050970457
166,5,0.15201244412,0.184897799853
167,5,0.160149848122,0.193708685036
168,5,0.149399463374,0.177407365745
169,5,0.202454913951,0.259574687844
170,5,0.103178060577,0.128262616379
171,5,0.185914289045,0.222614408079
172,5,0.154997434854,0.189101161305
173,5,0.197356018802,0.231534363691
174,5,0.159735633898,0.198310753216
175,5,0.177006010175,0.22418169443
176,5,0.125065680273,0.160060394149
177,5,0.181361243141,0.206688915711
178,5,0.132691668362,0.166971832911
179,5,0.0936063500354,0.117497699692
180,5,0.0768500741712,0.0951624777548
181,5,0.163921036088,0.185989149276
182,5,0.176490997361,0.208692278482
183,5,0.0821124623287,0.0977490363123
184,5,0.108082488533,0.128475250339
185,5,0.099051586266,0.119989984156
186,5,0.0791526472303,0.0976018846338
187,5,0.126067258535,0.155762401345
188,5,0.177142640754,0.206700735209
189,5,0.0946604971392,0.127134197358
190,5,0.201982245116,0.251261492687
191,5,0.242622675798,0.281891534178
192,5,0.1542947988,0.185182322809
193,5,0.167670703559,0.184680615449
194,5,0.116096034502,0.1474535863
195,5,0.144937567174,0.168917024363
196,5,0.355785688375,0.401383373057
197,5,0.377863798916,0.435531046712
198,5,0.199455337504,0.271301346402
199,5,0.154846433826,0.196726267473
200,5,0.293226203404,0.379267368844
201,5,0.349982723584,0.422386279542
202,5,0.454619218665,0.549765319976
203,5,0.567590163516,0.657642358807
204,5,0.639421678153,0.725625332676
205,5,0.60874722592,0.721872763198
206,5,0.668353370715,0.817513207624
207,5,0.562993870454,0.649070531966
208,5,0.719006577885,0.854310732931
209,5,0.732912066105,0.870295412307
210,5,0.618192633502,0.783908018371
211,5,0.952566448554,1.13185014374
212,5,0.706066043197,0.813570563229
213,5,0.538416462939,0.691181603581
214,5,0.602415375121,0.853549067584
215,5,0.685487451589,1.00678616171
216,5,0.60220780854,0.725171380234
217,5,0.439036514363,0.530064371753
218,5,0.369954287436,0.493626527681
219,5,0.328493930294,0.388758334406
220,5,0.260720526914,0.338841381875
221,5,0.220914955504,0.286242725945
222,5,0.260908539652,0.322298366066
223,5,0.169020963381,0.203250652541
224,5,0.121420268482,0.162339339345
225,5,0.234220475401,0.297139754678
226,5,0.237958948813,0.295998313305
227,5,0.157420275679,0.199975405116
228,5,0.441854238547,0.550990583345
229,5,0.861899019355,1.04018711075
230,5,0.567115444709,0.713239458195
231,5,0.500438574381,0.573467184209
232,5,0.732023366809,0.987167135989
233,5,0.803085307012,0.996873338188
234,5,1.1891069889,1.46441295932
235,5,0.765565209784,0.954417076362
236,5,0.704960349602,0.822995287876
237,5,0.550013427986,0.671911304103
238,5,0.40965711635,0.491709672931
239,5,0.598745855377,0.756982564859
240,5,0.341665438134,0.45423768151
241,5,0.346977958947,0.426473084997
242,5,0.704311894051,0.893246714793
243,5,0.609944708233,0.737301549937
244,5,0.931408386247,1.27463159428
245,5,0.65835358435,0.791757118269
246,5,0.577556196419,0.755227909347
247,5,0.664724864658,0.786078622464
248,5,0.598060560984,0.716323826394
249,5,0.445554774458,0.527577338914
250,5,0.611393205608,0.737438605988
251,5,0.343900922531,0.434043381528
252,5,0.238336057557,0.301873740027
253,5,0.306613636545,0.376425341765
254,5,0.277501695198,0.351763578685
255,5,0.201392190721,0.237842293036
256,5,0.210698535245,0.267535574744
257,5,0.235878135976,0.278042871952
258,5,0.158960707648,0.198649480304
259,5,0.142244729594,0.179882188059
260,5,0.210261863799,0.25847256128
261,5,0.203097822706,0.259851500197
262,5,0.259992990022,0.329519737795
263,5,0.307676564068,0.418301510086
264,5,0.656622203791,0.832346245749
265,5,0.515421559752,0.655835256812
266,5,0.271347458475,0.335255764715
267,5,0.284794891935,0.357874178605
268,5,0.246128743375,0.295930861622
269,5,0.185674566155,0.238486858712
270,5,0.256342452382,0.321791968394
271,5,0.169654977605,0.19909898123
272,5,0.359436762067,0.394038747389
273,5,0.117483744177,0.14818885775
274,5,0.248164268623,0.300633451073
275,5,0.170786625909,0.215887691142
276,5,0.389443976108,0.470656199667
277,5,0.164855979972,0.225747825589
278,5,0.131617639902,0.176814358696
279,5,0.122760430546,0.166791120818
280,5,0.368914849592,0.451409560973
281,5,0.255430771526,0.359572032726
282,5,0.243601182553,0.281586202802
283,5,0.258670227873,0.309950938759
284,5,0.194300159299,0.225677631947
285,5,0.142854677276,0.186021850741
286,5,0.15236089554,0.191441602768
287,5,0.177574672806,0.242266846706
288,5,0.167268177198,0.208546335312
289,5,0.30561719856,0.371857584518
290,5,0.185682926526,0.242684316517
291,5,0.215627600747,0.254067189876
292,5,0.139306140869,0.167734634372
293,5,0.193299999768,0.228809032227
294,5,0.140742808668,0.18953676603
295,5,0.183611212158,0.231369097798
296,5,0.247108381392,0.300640319665
297,5,0.223414176063,0.270329352713
298,5,0.159575358784,0.194115048114
299,5,0.211981122032,0.24423520438
300,5,0.14979072978,0.197217044799
301,5,0.157920080002,0.19733775308
302,5,0.140984841703,0.188840218287
303,5,0.173091456581,0.214849941066
304,5,0.219746325482,0.265870820273
305,5,0.134786450747,0.18212025658
306,5,0.109448631617,0.135364054277
307,5,0.141682629478,0.175464790764
308,5,0.142060032552,0.176251451652
309,5,0.237239608495,0.310966394343
310,5,0.228920848624,0.268392931994
311,5,0.349563644092,0.417707063267
312,5,0.4479993122,0.553434509813
313,5,0.537740093451,0.710643394414
314,5,0.447409614733,0.555563225644
315,5,0.194011810054,0.235149655964
316,5,0.265263496833,0.324975872695
317,5,0.344463705106,0.400791455336
318,5,0.243306261828,0.293452523129
319,5,0.252952349713,0.353952291822
320,5,0.212541053658,0.272423760933
321,5,0.100971079373,0.122767780904
322,5,0.0938823249782,0.129776152919
323,5,0.389027554873,0.475073734123
324,5,0.283598383418,0.340838233668
325,5,0.216638215061,0.277483065486
326,5,0.194499010037,0.249049585776
327,5,0.507789886291,0.598093162306
328,5,0.287242383793,0.363571913003
329,5,0.17294136017,0.24131841897
330,5,0.169132888789,0.208880002621
331,5,0.183393485988,0.239884590509
332,5,0.35141707598,0.43822384519
333,5,0.589476410809,0.731856218586
334,5,0.550130471787,0.649153099133
335,5,0.601413679831,0.692962656518
