cycle,count,mae,rmse
50,5,0.152373800225,0.180948955827
51,5,0.161341471476,0.188871861014
52,5,0.0956240746138,0.111056346917
53,5,0.126593532628,0.154458213374
54,5,0.108601400581,0.130415766901
55,5,0.10758322236,0.136490848145
56,5,0.162104242101,0.197241422899
57,5,0.124185781096,0.150113861577
58,5,0.227408232639,0.260100909415
59,5,0.15765779944,0.203750481377
60,5,0.176706018535,0.208244695569
61,5,0.186532141688,0.227343267145
62,5,0.237705548943,0.281151448063
63,5,0.182224864081,0.229138451764
64,5,0.278289706428,0.344791608374
65,5,0.213157359259,0.259573015241
66,5,0.299723377977,0.368097574487
67,5,0.548118972415,0.638796609028
68,5,0.156276868649,0.191518578689
69,5,0.180823487772,0.220065609994
70,5,0.341340230891,0.430089557224
71,5,0.234575967716,0.283553567796
72,5,0.215446808135,0.285662087569
73,5,0.350339331306,0.454627466261
74,5,0.139669046289,0.165085246086
75,5,0.108436315456,0.129865936014
76,5,0.216475725128,0.262299105546
77,5,0.133329790246,0.187047240077
78,5,0.253129900893,0.304142391088
79,5,0.230057023894,0.261629681332
80,5,0.0755058795204,0.0942988938678
81,5,0.108646686841,0.132467918412
82,5,0.134870423365,0.17102051768
83,5,0.213747155874,0.273942411475
84,5,0.159171458817,0.214640854276
85,5,0.0937865785515,0.112881691705
86,5,0.216851571371,0.238006339032
87,5,0.19652080983,0.229524324878
88,5,0.300884740619,0.339909351503
89,5,0.191500916898,0.237506119585
90,5,0.246676202497,0.315212591382
91,5,0.106553622207,0.132307652058
92,5,0.138261697732,0.175705042937
93,5,0.232027141511,0.264376421766
94,5,0.107604454695,0.126894247093
95,5,0.254816226451,0.291212681263
96,5,0.245834266522,0.293607196981
97,5,0.116361022802,0.144278766451
98,5,0.121137788719,0.152754453147
99,5,0.156972066518,0.18679905621
100,5,0.240953817278,0.279887944601
101,5,0.104110366659,0.130078758617
102,5,0.189225244203,0.225969970421
103,5,0.162329743181,0.203802428562
104,5,0.152370497547,0.189121277466
105,5,0.194837936881,0.228870582085
106,5,0.14844438994,0.18206956129
107,5,0.114807049715,0.140391610654
108,5,0.178396341517,0.22491306173
109,5,0.139586255335,0.179459300285
110,5,0.246504351286,0.321132744722
111,5,0.204971169872,0.250404139772
112,5,0.151269892633,0.184151810281
113,5,0.23880098413,0.325282942707
114,5,0.196135093708,0.279839455924
115,5,0.161733662374,0.203128303413
116,5,0.165600116644,0.220147516136
117,5,0.2004202117,0.249010956219
118,5,0.232028942587,0.283528873924
119,5,0.461228712868,0.519410760157
120,5,0.674669849126,0.851454324989
121,5,0.635819485727,0.83229968481
122,5,0.712115153012,0.910457957075
123,5,0.552963554454,0.692295636214
124,5,0.414395682399,0.532639742106
125,5,0.586889194233,0.720991260621
126,5,0.473470993111,0.659901809813
127,5,0.573346571034,0.682731659014
128,5,0.212666441983,0.260617617876
129,5,0.217581049535,0.28978337539
130,5,0.138286881197,0.178047841578
131,5,0.207414846726,0.260548629825
132,5,0.30733959972,0.404324454552
133,5,0.361100042276,0.44360012281
134,5,0.481109620948,0.608569827534
135,5,0.582752248431,0.651749079844
136,5,0.333076934806,0.398880977351
137,5,0.289462839494,0.378799752957
138,5,0.193580822604,0.261141411468
139,5,0.210840414053,0.255390183943
140,5,0.108790514052,0.13756838656
141,5,0.132482021138,0.16646570056
142,5,0.163220185519,0.189699490707
143,5,0.149937923225,0.206587031146
144,5,0.127308807407,0.150162985516
145,5,0.138889029348,0.170022454086
146,5,0.12446868386,0.160298467353
147,5,0.140152927157,0.172186098123
148,5,0.137468542456,0.159892360074
149,5,0.177764027439,0.215640156117
150,5,0.0826482400761,0.107724313511
151,5,0.103563549451,0.127882236548
152,5,0.1752039562,0.205570624934
153,5,0.163792962331,0.209850226433
154,5,0.263149754353,0.35946636434
155,5,0.209251123566,0.281665602152
156,5,0.129784557885,0.163972050039
157,5,0.209581382834,0.247931688742
158,5,0.18641187081,0.235498580675
159,5,0.111203997966,0.145118745503
160,5,0.21297436147,0.252271664489
161,5,0.14156412421,0.177317961552
162,5,0.12696244381,0.153519663664
163,5,0.0982450511368,0.122446680325
164,5,0.153028058568,0.183232213523
165,5,0.191809944899,0.230831527222
166,5,0.139388146518,0.188987038751
167,5,0.115489017458,0.146694176263
168,5,0.126250308189,0.15431657037
169,5,0.110939145399,0.146315469139
170,5,0.147447340635,0.195419883717
171,5,0.16900922577,0.203982672585
172,5,0.220001509324,0.284100380557
173,5,0.204224855831,0.248768885941
174,5,0.15529979167,0.189744518679
175,5,0.1943870437,0.252752455105
176,5,0.117306250092,0.148632277141
177,5,0.119006579773,0.145504000398
178,5,0.180036699137,0.214860195632
179,5,0.0901429020053,0.10758515591
180,5,0.0816075638418,0.0977804783748
181,5,0.136024108769,0.162473868447
182,5,0.156821866103,0.183888255385
183,5,0.110113674492,0.130384286999
184,5,0.150808860374,0.174532688404
185,5,0.0869415974948,0.113107943492
186,5,0.142855621425,0.166480200768
187,5,0.172068084525,0.204773584546
188,5,0.127983350717,0.151393230167
189,5,0.164787055364,0.186968963608
190,5,0.253446935398,0.27645575878
191,5,0.389912600403,0.422649638449
192,5,0.138882108575,0.171402029396
193,5,0.180241048996,0.196728341845
194,5,0.139186985969,0.163468782062
195,5,0.111890078073,0.132161280922
196,5,0.18354062275,0.232051806403
197,5,0.23213482095,0.344214036175
198,5,0.285756209654,0.357131411277
199,5,0.162250281536,0.22297380993
200,5,0.219722512084,0.280118401605
201,5,0.452008350195,0.557422645057
202,5,0.559326778529,0.656109877516
203,5,0.493564218044,0.657893279488
204,5,0.409460746025,0.50190139199
205,5,0.517185998916,0.597105039685
206,5,0.720853141918,0.931824235197
207,5,0.562684033395,0.710621939497
208,5,0.855549717773,1.06724554902
209,5,0.518182926752,0.639201515906
210,5,0.699993266881,0.869502681953
211,5,1.04060044039,1.261924791
212,5,0.671591878807,0.796027611995
213,5,0.634481670112,0.818388868492
214,5,0.664235035785,0.91059824765
215,5,0.805631845855,1.18601101228
216,5,0.591915068924,0.747367760262
217,5,0.411174498531,0.479531497907
218,5,0.250067241217,0.309374970257
219,5,0.284549118523,0.355275919126
220,5,0.269711999781,0.353474631999
221,5,0.272879924057,0.361194552085
222,5,0.239913193645,0.306165776339
223,5,0.115842438829,0.143939578127
224,5,0.182079849937,0.229084920995
225,5,0.156800912483,0.191026083799
226,5,0.214642128221,0.266316691294
227,5,0.253270148185,0.346849915533
228,5,0.474581056919,0.589287941736
229,5,0.736803037969,0.887762824573
230,5,0.625065978005,0.783115243139
231,5,0.641996793184,0.762066334299
232,5,0.97562946467,1.22033603864
233,5,1.14972259059,1.38703385901
234,5,0.615245995673,0.804743768537
235,5,0.633976650307,0.7438826595
236,5,0.524885026198,0.675938416703
237,5,0.607041601123,0.698994073928
238,5,0.543289903686,0.677526350443
239,5,0.54820105124,0.67867938429
240,5,0.275080020901,0.331561638275
241,5,0.298524090678,0.374875841182
242,5,0.666112642623,0.786848705082
243,5,0.700326385305,0.851530776937
244,5,0.895245510436,1.15604896724
245,5,0.703905827142,0.872956174655
246,5,0.664592626597,0.832254482657
247,5,0.503939787365,0.625090375688
248,5,0.546963214349,0.662130087442
249,5,0.454262296214,0.528770915467
250,5,0.485583560582,0.603806361181
251,5,0.448123918423,0.51927196131
252,5,0.254982013952,0.325055459457
253,5,0.379450325063,0.419268159475
254,5,0.165599836517,0.216460659199
255,5,0.330451939323,0.3621611453
256,5,0.305107306123,0.345764186146
257,5,0.241431621512,0.281344299515
258,5,0.150616030781,0.187193699853
259,5,0.151055000772,0.188498861622
260,5,0.201942014374,0.26701359527
261,5,0.217284812221,0.279527772136
262,5,0.25514296284,0.318447603611
263,5,0.301613442151,0.39042347348
264,5,0.325440703662,0.453064275833
265,5,0.398036155487,0.505501524569
266,5,0.435630292299,0.513490463068
267,5,0.465077401587,0.589268520059
268,5,0.264185006297,0.329660674254
269,5,0.416425428049,0.50998679563
270,5,0.191693054382,0.238017237487
271,5,0.177788814157,0.220976643463
272,5,0.201364742184,0.247640113156
273,5,0.165579878647,0.216549959572
274,5,0.231220065595,0.284712309427
275,5,0.146426760968,0.187291605489
276,5,0.314093073638,0.401571948754
277,5,0.314197081401,0.385278371133
278,5,0.218975457353,0.266295622439
279,5,0.158538002925,0.194977608982
280,5,0.150147744989,0.191312857419
281,5,0.17175620309,0.223224490598
282,5,0.257628211513,0.318477828815
283,5,0.212475124599,0.260130585935
284,5,0.200188899733,0.240762839469
285,5,0.190981916746,0.217660136819
286,5,0.196197231647,0.251751055185
287,5,0.192696156531,0.22222492327
288,5,0.155067664258,0.205088431188
289,5,0.229528732442,0.267651727741
290,5,0.173306055811,0.218832851313
291,5,0.255102961032,0.29911378209
292,5,0.184223287874,0.226699687995
293,5,0.214063440008,0.24268598161
294,5,0.161392275226,0.202248621116
295,5,0.174053827015,0.228522007206
296,5,0.246189272371,0.286091954597
297,5,0.166176432893,0.208159733753
298,5,0.301759210202,0.37389402142
299,5,0.208239453454,0.260480147265
300,5,0.15142412496,0.204185562179
301,5,0.200489762524,0.241349729334
302,5,0.120605507313,0.15318464523
303,5,0.11288215552,0.138902863682
304,5,0.161235357167,0.213238881589
305,5,0.306454803361,0.399125425499
306,5,0.167950167766,0.220104500705
307,5,0.195056033602,0.252245094576
308,5,0.143109863438,0.176346380218
309,5,0.248706173457,0.315611520304
310,5,0.2673932171,0.32166627648
311,5,0.283869019693,0.345235089604
312,5,0.341033115967,0.42721887917
313,5,0.557224462731,0.730125444044
314,5,0.281542157722,0.367404622003
315,5,0.239840754967,0.291965680761
316,5,0.255467389118,0.346153011505
317,5,0.25088483058,0.318923643114
318,5,0.208088273849,0.251150646683
319,5,0.282288784556,0.348342790397
320,5,0.193818519988,0.240754953072
321,5,0.253771774527,0.314823066621
322,5,0.19645889551,0.235205485747
323,5,0.273475848219,0.361621966033
324,5,0.209682202454,0.273264254453
325,5,0.167363619004,0.220992751744
326,5,0.203671533069,0.249605084553
327,5,0.669891121717,0.790766624719
328,5,0.239071313558,0.296935961566
329,5,0.142870734807,0.200813828702
330,5,0.233891383913,0.286555119818
331,5,0.184840777454,0.244198549657
332,5,0.315285228066,0.384838817279
333,5,0.467323308611,0.553790460776
334,5,0.746634312876,0.940349741464
335,5,0.825493803256,0.976337918923
