cycle,count,mae,rmse
50,10,0.0910489787638,0.113098919562
51,10,0.138964793988,0.175614937049
52,10,0.116006686178,0.14386508776
53,10,0.144510793442,0.170419541728
54,10,0.0879505972111,0.10777814333
55,10,0.160899745231,0.187385062311
56,10,0.163186765506,0.190920510178
57,10,0.107825352722,0.137804239364
58,10,0.220296139693,0.268828133536
59,10,0.162115181559,0.191852781111
60,10,0.134101217868,0.159254596723
61,10,0.165711241552,0.199797759227
62,10,0.182970261455,0.222911934584
63,10,0.159814074694,0.204978048613
64,10,0.208646985684,0.247576147795
65,10,0.153030594593,0.192864861183
66,10,0.252901118348,0.328981938908
67,10,0.622521051319,0.775834549113
68,10,0.122557790456,0.157922327351
69,10,0.279656651115,0.342605277896
70,10,0.223456002273,0.289995419603
71,10,0.246393451793,0.3257167024
72,10,0.178832602278,0.216491966044
73,10,0.462174968058,0.566365140051
74,10,0.108269902644,0.133682734345
75,10,0.132689897297,0.16591927992
76,10,0.172939082073,0.218741783808
77,10,0.140483293013,0.190099700614
78,10,0.147371039456,0.18247901158
79,10,0.142204376091,0.176010829542
80,10,0.141476063645,0.171190094815
81,10,0.109400869481,0.135536508235
82,10,0.204506162281,0.247526951299
83,10,0.182062502308,0.228821420055
84,10,0.217411438259,0.270917904214
85,10,0.101841358539,0.131014786873
86,10,0.125190552324,0.150167986945
87,10,0.17776866321,0.206976669492
88,10,0.213883363339,0.280513002329
89,10,0.154333200472,0.193630546409
90,10,0.227963253166,0.299737760719
91,10,0.10860394052,0.14145187863
92,10,0.162589361185,0.189271585084
93,10,0.165436539648,0.196302638276
94,10,0.111334854076,0.131168879546
95,10,0.165944186727,0.207507468818
96,10,0.284511022827,0.353798088154
97,10,0.120188335175,0.145733626272
98,10,0.127503535292,0.157880897251
99,10,0.148878942614,0.17852248785
100,10,0.171424364508,0.20940338797
101,10,0.133617744947,0.159417639867
102,10,0.154475096709,0.196038552849
103,10,0.100732104659,0.123856404615
104,10,0.103084001126,0.134906356145
105,10,0.188813369124,0.228668395581
106,10,0.143914372848,0.170873458754
107,10,0.103582580462,0.130678495435
108,10,0.153898956964,0.193658263565
109,10,0.164357710078,0.198100247524
110,10,0.176782364517,0.256199745745
111,10,0.138670198699,0.171026141636
112,10,0.136277278219,0.160673015071
113,10,0.213936127571,0.25174707432
114,10,0.17150729058,0.222694216298
115,10,0.123211270631,0.150816226788
116,10,0.128827189507,0.160356002302
117,10,0.312618719356,0.371323465082
118,10,0.163793742944,0.20663887309
119,10,0.288323522957,0.347828590137
120,10,0.658371038148,0.875352232738
121,10,0.629040698793,0.806105476068
122,10,0.752922502208,0.928060445695
123,10,0.592717849437,0.761798163428
124,10,0.443273914786,0.543798342686
125,10,0.611447767832,0.770290683689
126,10,0.362327703807,0.499573095788
127,10,0.426829777764,0.600602787664
128,10,0.209414240273,0.264921540136
129,10,0.196536501499,0.245762109854
130,10,0.103028284816,0.130368229686
131,10,0.192450403944,0.237528794442
132,10,0.301503688441,0.370970538349
133,10,0.395458714933,0.512021827309
134,10,0.342729129303,0.422510453631
135,10,0.592448922199,0.692747729889
136,10,0.303527796553,0.367768899742
137,10,0.260986833583,0.306153555598
138,10,0.25183809758,0.326948702764
139,10,0.189827830468,0.225426553863
140,10,0.117376597862,0.150460328779
141,10,0.144822928702,0.177779918061
142,10,0.148201655541,0.181157724782
143,10,0.150465053435,0.211747105389
144,10,0.150055158037,0.176376003881
145,10,0.136115928391,0.161827044959
146,10,0.131937373882,0.160949895002
147,10,0.134960966119,0.164073897036
148,10,0.217937116526,0.265731604704
149,10,0.102556972033,0.133246651515
150,10,0.0864858901737,0.111403506288
151,10,0.133811699607,0.172251577877
152,10,0.110724317195,0.146532255211
153,10,0.180696344928,0.232733829684
154,10,0.195267516982,0.290563867178
155,10,0.189914248643,0.269735655146
156,10,0.216460311991,0.270918277147
157,10,0.188172219597,0.236378487646
158,10,0.178015898828,0.23058104598
159,10,0.152083386579,0.176914442508
160,10,0.149758503848,0.184226315417
161,10,0.173459686511,0.201557186221
162,10,0.110344281021,0.138200321156
163,10,0.153724100045,0.185817794635
164,10,0.207363626292,0.266968385277
165,10,0.11417097038,0.157376208095
166,10,0.155929295755,0.193751360714
167,10,0.141511066051,0.166545713301
168,10,0.131758508891,0.164707449548
169,10,0.110099395679,0.140037082447
170,10,0.114503942206,0.139287189938
171,10,0.171951378212,0.204382491457
172,10,0.142276499592,0.177445303865
173,10,0.154167452751,0.194767251807
174,10,0.226626576022,0.286637091035
175,10,0.157623013234,0.190757152799
176,10,0.0885343944513,0.10641475376
177,10,0.0854407629001,0.105465982612
178,10,0.0594338610798,0.0762993594274
179,10,0.061738344134,0.0808717813252
180,10,0.110560860416,0.137283113088
181,10,0.123796162082,0.155204387553
182,10,0.1652182091,0.186234218581
183,10,0.113155735775,0.134738555574
184,10,0.143441188573,0.1656706215
185,10,0.165585921875,0.214593507413
186,10,0.0942037189553,0.114957616001
187,10,0.0821586947472,0.107803095509
188,10,0.166242990398,0.201045951117
189,10,0.121328672456,0.146619075365
190,10,0.18006148206,0.203379106651
191,10,0.160809582188,0.196269065983
192,10,0.141927640188,0.191581834247
193,10,0.111097881012,0.142652023792
194,10,0.147107645411,0.181388002957
195,10,0.118582029034,0.136821234913
196,10,0.150684365703,0.2146504639
197,10,0.236704015935,0.323590771871
198,10,0.450847836027,0.531359131152
199,10,0.181905537295,0.232451189639
200,10,0.235036886549,0.300749764991
201,10,0.276576701608,0.345578005844
202,10,0.601429398345,0.700020099886
203,10,0.530811738774,0.61575091848
204,10,0.333203066578,0.465518185965
205,10,0.449357082175,0.532492039974
206,10,0.537761397054,0.658725350544
207,10,0.554487623076,0.683206407747
208,10,0.490988959406,0.598984586804
209,10,0.450141682416,0.574576786322
210,10,0.365698356171,0.490452559166
211,10,1.02216700569,1.29899523435
212,10,0.471373079597,0.602683386003
213,10,0.720192597981,0.964510456203
214,10,0.63912806864,0.992124981848
215,10,0.884580813447,1.18981480539
216,10,0.655613308468,0.821099326001
217,10,0.399868002942,0.522497536636
218,10,0.278898459858,0.344763436153
219,10,0.312657018683,0.40417845499
220,10,0.239054810796,0.297493472799
221,10,0.241690276288,0.316605118611
222,10,0.190658452095,0.245017769851
223,10,0.192950266067,0.23609009664
224,10,0.192097714948,0.239968561901
225,10,0.125683251335,0.152786564144
226,10,0.140367014939,0.170422484335
227,10,0.157300182929,0.198870035904
228,10,0.407273740948,0.540020297415
229,10,0.935496136123,1.14850830692
230,10,0.61224139806,0.735476803357
231,10,0.50781167814,0.642456258567
232,10,0.675673192919,0.862127776253
233,10,0.751172339542,1.03590634589
234,10,0.558034893797,0.720360957174
235,10,0.76707096046,0.973866469802
236,10,0.42115657979,0.527763835915
237,10,0.310697539881,0.395629562726
238,10,0.513084702081,0.630381119445
239,10,0.327114009221,0.421822701268
240,10,0.267516269528,0.326425666817
241,10,0.273535069235,0.328367895845
242,10,0.420488348991,0.499002496944
243,10,0.50117970775,0.668343832637
244,10,0.636155569039,0.850176538469
245,10,0.803661535168,0.990491488566
246,10,1.08011715432,1.25490054708
247,10,0.925843885401,1.06977816452
248,10,0.513127778351,0.666580839434
249,10,0.279711735191,0.35556700458
250,10,0.2668266681,0.323418094962
251,10,0.2628151439,0.327389789754
252,10,0.218245802717,0.287695058575
253,10,0.299142257711,0.364993341689
254,10,0.184046754613,0.240857576675
255,10,0.126531393926,0.151056347334
256,10,0.13162536561,0.165892431779
257,10,0.203756850291,0.251618658491
258,10,0.125101857936,0.15396575924
259,10,0.134607598801,0.170743867157
260,10,0.256141415537,0.309431251729
261,10,0.185471266934,0.239649782465
262,10,0.270085088938,0.332543946272
263,10,0.191685002887,0.256577062001
264,10,0.322330456815,0.455139140687
265,10,0.340748611585,0.422778366905
266,10,0.357790848066,0.43952024995
267,10,0.246915592894,0.330840770924
268,10,0.296897631703,0.379451111324
269,10,0.315270810641,0.404406617368
270,10,0.198365953947,0.252959510037
271,10,0.155724503539,0.187111607764
272,10,0.238379691447,0.303164988078
273,10,0.121726900755,0.153608913182
274,10,0.193464435824,0.227356951258
275,10,0.177350820457,0.22379784555
276,10,0.397179338339,0.511156731035
277,10,0.212926089143,0.254828980631
278,10,0.185893534213,0.239883073682
279,10,0.148134479037,0.188177663671
280,10,0.205549145403,0.261763874315
281,10,0.191012649028,0.268098001435
282,10,0.174455883207,0.224345053594
283,10,0.304050185376,0.355497955533
284,10,0.184217523091,0.238133971905
285,10,0.170468763141,0.202421302951
286,10,0.137263221963,0.177595953243
287,10,0.129904037424,0.16968604052
288,10,0.129024056828,0.180968530297
289,10,0.171171930529,0.221610964625
290,10,0.261701437569,0.345875855304
291,10,0.182426974327,0.215421838607
292,10,0.159692212027,0.182703002829
293,10,0.151746539793,0.175000424248
294,10,0.127322638011,0.172303337785
295,10,0.148136135029,0.193285290685
296,10,0.165817263708,0.200164311699
297,10,0.159321160732,0.189971502678
298,10,0.139159110298,0.173834163686
299,10,0.113568475162,0.146999064287
300,10,0.166413893503,0.227978731649
301,10,0.170372769635,0.210709030103
302,10,0.16803747561,0.207194123125
303,10,0.145549524089,0.186097554645
304,10,0.0844714626928,0.114063748316
305,10,0.156935325953,0.218574322398
306,10,0.107756499979,0.132719329338
307,10,0.135630521364,0.16936507407
308,10,0.136987662892,0.169997038867
309,10,0.230678007021,0.297394194283
310,10,0.163505119633,0.19851506896
311,10,0.235557903277,0.287357732022
312,10,0.336877804756,0.429957915708
313,10,0.54014720871,0.670157272333
314,10,0.393128381994,0.504608541579
315,10,0.253984335197,0.29526902246
316,10,0.236071101914,0.303674562243
317,10,0.305588014041,0.391473045634
318,10,0.23133529662,0.283071602226
319,10,0.228632266661,0.290471911706
320,10,0.239599781946,0.283287755596
321,10,0.125818022003,0.163469251651
322,10,0.098739865846,0.142451442452
323,10,0.180450005807,0.241192050863
324,10,0.168566996771,0.226682740176
325,10,0.177909442375,0.234273185518
326,10,0.29032317891,0.393204353771
327,10,0.461682226981,0.572886056996
328,10,0.297181808799,0.3657857356
329,10,0.195568323469,0.235601406402
330,10,0.167045067613,0.212719063399
331,10,0.168910646155,0.216624100319
332,10,0.281211744871,0.337531596523
333,10,0.432104078475,0.500576266334
334,10,0.401227438492,0.513891542618
335,10,0.639601943746,0.791944839363
