cycle,count,mae,rmse
50,5,0.0963203980979,0.118464754595
51,5,0.121690009667,0.151853862436
52,5,0.123297245082,0.14565237044
53,5,0.120238348044,0.146962974042
54,5,0.075706549765,0.0975615328347
55,5,0.182361123802,0.220560491801
56,5,0.224903479018,0.247015748066
57,5,0.143588041807,0.171690816214
58,5,0.237462076777,0.283697831562
59,5,0.254611611541,0.28332560113
60,5,0.118544452074,0.146207119409
61,5,0.113790087071,0.142186957516
62,5,0.144821975854,0.173245134482
63,5,0.165217673715,0.207062114478
64,5,0.310371569974,0.380565111238
65,5,0.207036003715,0.253342680592
66,5,0.32765202863,0.415167160506
67,5,0.613519713857,0.686720931824
68,5,0.194419505172,0.239975114805
69,5,0.156247080901,0.204746334454
70,5,0.335647849422,0.467521998843
71,5,0.333569207011,0.382795989319
72,5,0.165699720086,0.212612392822
73,5,0.405887528325,0.558300430023
74,5,0.0921666694466,0.115046152756
75,5,0.117341702036,0.139615644485
76,5,0.166572074684,0.20958028626
77,5,0.182516684146,0.236337435896
78,5,0.214275114877,0.256161645535
79,5,0.136806880495,0.163109555636
80,5,0.0887836112996,0.111228965733
81,5,0.0975102695962,0.122232100541
82,5,0.123895524119,0.159271937783
83,5,0.176639676341,0.234028765137
84,5,0.18441552538,0.220537805878
85,5,0.127702147647,0.15206940786
86,5,0.152434212915,0.189998322914
87,5,0.250535039289,0.287678603086
88,5,0.194922569253,0.248720329263
89,5,0.110814528676,0.138148309798
90,5,0.225902566192,0.278859333385
91,5,0.101328872007,0.138546666622
92,5,0.241407041109,0.277549176845
93,5,0.158594906128,0.188414596175
94,5,0.109574063994,0.12924605088
95,5,0.133112745218,0.169095925453
96,5,0.355406556029,0.459434960706
97,5,0.132329011564,0.166967661928
98,5,0.138066975969,0.169347748411
99,5,0.101592104295,0.122795815234
100,5,0.114615992237,0.14361656676
101,5,0.109166720218,0.133964323855
102,5,0.154392469196,0.181522693071
103,5,0.108002183885,0.133711433465
104,5,0.113145613305,0.137092113745
105,5,0.109879403139,0.133490165089
106,5,0.110105315537,0.137257567713
107,5,0.183832760732,0.220892202955
108,5,0.12740487007,0.158075830357
109,5,0.232315309235,0.262292361129
110,5,0.160563746484,0.250361992419
111,5,0.275934367542,0.336852890241
112,5,0.198253548489,0.252036131708
113,5,0.171495382317,0.220546158504
114,5,0.171043415112,0.202013787363
115,5,0.148563993661,0.181223362607
116,5,0.142611180601,0.180151913244
117,5,0.204558770219,0.253248364722
118,5,0.219593013646,0.289720918842
119,5,0.3160802622,0.357576045577
120,5,0.88214598336,1.05208096291
121,5,0.580641635245,0.688948059432
122,5,0.671704999576,0.850022049949
123,5,0.501602412146,0.629116144828
124,5,0.531008199992,0.704763682735
125,5,0.56546407643,0.69249548491
126,5,0.421094715616,0.584706954673
127,5,0.454371501687,0.625069973565
128,5,0.222611966158,0.296073301176
129,5,0.157559824684,0.232050177905
130,5,0.210018046098,0.246816748189
131,5,0.143889911212,0.198137842947
132,5,0.379785502403,0.458667097353
133,5,0.28870498088,0.363234587788
134,5,0.585053097805,0.753020321209
135,5,0.494877698487,0.626055151067
136,5,0.369601573161,0.440954762575
137,5,0.314896873982,0.364188710812
138,5,0.442602075893,0.511611696509
139,5,0.192202337375,0.221748471108
140,5,0.108969232558,0.159680411489
141,5,0.175363431555,0.214314271586
142,5,0.176735086767,0.231578554561
143,5,0.211509730211,0.283339572455
144,5,0.138364277314,0.175253035282
145,5,0.0934141681644,0.122506668444
146,5,0.150061047555,0.175215459436
147,5,0.157695203817,0.184542412588
148,5,0.105843078672,0.128508306215
149,5,0.143690054636,0.175860324605
150,5,0.147285237603,0.178692776925
151,5,0.184797929477,0.217170405006
152,5,0.119324725412,0.146984388169
153,5,0.201196012413,0.250879248126
154,5,0.190803932487,0.280325257596
155,5,0.203576956886,0.283184560175
156,5,0.158647294978,0.195793038375
157,5,0.270225637382,0.320678174315
158,5,0.181138770729,0.227010741185
159,5,0.194731968405,0.225900639181
160,5,0.152553408023,0.186477332103
161,5,0.113141462912,0.146571722451
162,5,0.135280114909,0.171971578022
163,5,0.146068901452,0.17812867739
164,5,0.114592742313,0.14636525305
165,5,0.124307026175,0.170829517793
166,5,0.211546361636,0.253764217077
167,5,0.17033514833,0.20525361076
168,5,0.0899779141832,0.119310632634
169,5,0.221968432639,0.245298455179
170,5,0.13996385099,0.16995026111
171,5,0.138786819883,0.16597339125
172,5,0.135372459374,0.166617125753
173,5,0.301169463446,0.374032522506
174,5,0.247932484356,0.290298824046
175,5,0.141162986066,0.184139303001
176,5,0.124145057645,0.147727307676
177,5,0.0810090029719,0.0976945179237
178,5,0.197042624849,0.233767751038
179,5,0.0773289387021,0.0962570687719
180,5,0.093761600541,0.115056520579
181,5,0.0827885237631,0.0968740867026
182,5,0.176105689054,0.204814153555
183,5,0.124088303874,0.148318063878
184,5,0.0833043779285,0.100782907545
185,5,0.083008770425,0.100786218162
186,5,0.104884425169,0.130189971074
187,5,0.189848394335,0.234900865556
188,5,0.0876652511449,0.118868955854
189,5,0.204620413446,0.235150817292
190,5,0.133915664478,0.171275012226
191,5,0.194742220071,0.221569814149
192,5,0.190877224619,0.219667741434
193,5,0.103379982222,0.131181719099
194,5,0.189319381074,0.242404193529
195,5,0.0828087085016,0.103262451791
196,5,0.165620913888,0.2173770866
197,5,0.209382525626,0.264156085259
198,5,0.202965044956,0.295608177603
199,5,0.150236379376,0.213330634474
200,5,0.321908992689,0.397863883696
201,5,0.393779399372,0.484369864806
202,5,0.450829292563,0.533418115222
203,5,0.521534711109,0.680495567336
204,5,0.479014956301,0.596101313681
205,5,0.337997446975,0.401310329318
206,5,0.531182039688,0.66242153786
207,5,0.645204651125,0.735401863086
208,5,0.728132325069,0.88613631739
209,5,0.481213207261,0.614632986736
210,5,0.716545574778,0.839210505275
211,5,0.785580367164,1.01099423893
212,5,0.494613302639,0.582979043897
213,5,0.57136418093,0.698979036747
214,5,0.847234266188,1.04789654711
215,5,0.693724904174,0.868626126331
216,5,0.577058378797,0.722691659172
217,5,0.407268689483,0.498386213935
218,5,0.317938625457,0.381613730885
219,5,0.351894527682,0.40801546511
220,5,0.213504820272,0.262073625644
221,5,0.284066750703,0.370224115644
222,5,0.237613853839,0.294318489412
223,5,0.25372598706,0.291004079456
224,5,0.180337874218,0.234186623451
225,5,0.140126201655,0.17540942635
226,5,0.191615548513,0.242717086741
227,5,0.258862866069,0.316080298007
228,5,0.327043011056,0.409425987299
229,5,0.709220927782,0.859543306519
230,5,0.451370163989,0.545008868619
231,5,0.473288629501,0.612447751258
232,5,0.760015906578,0.927588410049
233,5,0.981480719835,1.17100218593
234,5,0.869741530975,1.07849569678
235,5,0.71868102109,0.874406896403
236,5,0.554462301643,0.656914892047
237,5,0.631802930819,0.746707528262
238,5,0.364068113504,0.481708094559
239,5,0.516724967764,0.603176135589
240,5,0.396293668274,0.47996165892
241,5,0.387710289807,0.457600458041
242,5,0.34636956464,0.44195307888
243,5,0.739207939307,0.890549857481
244,5,0.576299147049,0.708243409016
245,5,0.854109951874,1.00446626022
246,5,0.936842939617,1.08728397399
247,5,0.660656216848,0.82305498341
248,5,0.78533413061,0.963858694582
249,5,0.429273494474,0.501406070927
250,5,0.437919880186,0.531816215597
251,5,0.517818737346,0.651981168156
252,5,0.259526866947,0.337697117815
253,5,0.264601923101,0.313131259102
254,5,0.170016203585,0.224140024327
255,5,0.136996240196,0.170897098973
256,5,0.12422838497,0.155500749772
257,5,0.182393685787,0.250889316682
258,5,0.139065515868,0.185311857548
259,5,0.143625679818,0.180437315819
260,5,0.218386557042,0.252828985826
261,5,0.181723743053,0.23363293476
262,5,0.312182380018,0.368587014547
263,5,0.231392100589,0.283752983663
264,5,0.509981354036,0.66487106664
265,5,0.463488650876,0.606510052353
266,5,0.360687516546,0.435770925089
267,5,0.382044120127,0.47378519459
268,5,0.340657708968,0.414830381989
269,5,0.247606511829,0.309933218486
270,5,0.24217937737,0.290700908755
271,5,0.304123918958,0.35611316301
272,5,0.189616916176,0.237204301202
273,5,0.175401115829,0.227964470985
274,5,0.146871998633,0.19006392047
275,5,0.272343119245,0.342293956619
276,5,0.286837011321,0.343192556651
277,5,0.143018537,0.214161697969
278,5,0.153491712453,0.190909699196
279,5,0.186086625295,0.244379536392
280,5,0.214678941318,0.284520445447
281,5,0.258161279807,0.336527036079
282,5,0.184265332207,0.223153371647
283,5,0.219404551205,0.257687663267
284,5,0.181618757383,0.211782630587
285,5,0.152514702852,0.198683137363
286,5,0.161408420616,0.206579076073
287,5,0.21585672799,0.287618583976
288,5,0.177875261423,0.241873885258
289,5,0.287835546196,0.334896745156
290,5,0.213334228976,0.257642219731
291,5,0.162017515077,0.207142713651
292,5,0.189574481716,0.23091812137
293,5,0.134013265626,0.162029947423
294,5,0.166316441542,0.213865157521
295,5,0.128240748125,0.171981966207
296,5,0.138636253816,0.161908095605
297,5,0.176084203783,0.213430312937
298,5,0.168095994942,0.207958990667
299,5,0.172020069739,0.214284539368
300,5,0.257832215893,0.30329126777
301,5,0.175937997773,0.217549901322
302,5,0.199558568465,0.237414357541
303,5,0.123014205455,0.155264715891
304,5,0.238837759372,0.275826791108
305,5,0.149937945518,0.216058194775
306,5,0.214987966252,0.28272613171
307,5,0.129078214108,0.177868850696
308,5,0.153813939032,0.191307430295
309,5,0.288394084698,0.363169348005
310,5,0.298777212408,0.365991413369
311,5,0.302798247833,0.375403305791
312,5,0.580751516855,0.6947726781
313,5,0.52000466621,0.671303432447
314,5,0.314533885642,0.411308029975
315,5,0.210572695201,0.260484006274
316,5,0.23001788914,0.278623096306
317,5,0.316049060467,0.386727800229
318,5,0.29198725578,0.348604843878
319,5,0.248253456658,0.308410312453
320,5,0.231174119848,0.291445502013
321,5,0.162929868285,0.214324989171
322,5,0.151522921076,0.196479277085
323,5,0.314994890395,0.375682119312
324,5,0.100672011708,0.13642484098
325,5,0.308183898611,0.387574189938
326,5,0.320801613312,0.41062731304
327,5,0.481540151189,0.616734790356
328,5,0.290845060485,0.38455939939
329,5,0.153882431762,0.196917281891
330,5,0.147185345826,0.173820180563
331,5,0.178163001634,0.240365694162
332,5,0.336053029336,0.386425400425
333,5,0.568295001903,0.6448315188
334,5,0.455801018846,0.579297176657
335,5,0.642134790415,0.751869417493
