cycle,count,mae,rmse
50,5,0.0994462735036,0.126370114591
51,5,0.117539785321,0.143238285717
52,5,0.0989593371375,0.129207191284
53,5,0.112735247969,0.140232270291
54,5,0.0820583612317,0.103108862468
55,5,0.104129456273,0.129522858421
56,5,0.0990240812468,0.133335927678
57,5,0.142700622885,0.180753328396
58,5,0.166554690837,0.210643085551
59,5,0.167167457731,0.198690518203
60,5,0.248054273768,0.275835836257
61,5,0.177147764616,0.206893454013
62,5,0.183023984906,0.222500932059
63,5,0.219416848091,0.265646134704
64,5,0.31410819649,0.374439652956
65,5,0.151058488692,0.198600754131
66,5,0.362190570465,0.5067963644
67,5,0.578075488292,0.703439329471
68,5,0.168721163385,0.205897812938
69,5,0.370190857088,0.440200154256
70,5,0.262133736927,0.384027814501
71,5,0.186410200583,0.231334546217
72,5,0.130432305897,0.161402815813
73,5,0.349715936604,0.495732497588
74,5,0.103092600438,0.134161684313
75,5,0.123318413663,0.149101018331
76,5,0.19171021456,0.239772719258
77,5,0.141601746356,0.193654559212
78,5,0.14927353821,0.184645144396
79,5,0.129226428795,0.1539212463
80,5,0.121209092214,0.145944011786
81,5,0.176403061175,0.222943498822
82,5,0.213319130858,0.26773019227
83,5,0.191219293168,0.252044079765
84,5,0.4396961386,0.488923125407
85,5,0.119458017233,0.151723867496
86,5,0.123130132928,0.145985147176
87,5,0.115508105439,0.147475772964
88,5,0.236038729985,0.278192246621
89,5,0.165791459168,0.196268025623
90,5,0.267007924802,0.329952540675
91,5,0.129225048377,0.178390318781
92,5,0.155064582407,0.19340732685
93,5,0.249656611496,0.282696447076
94,5,0.130923242539,0.163344535393
95,5,0.122280643091,0.15151627152
96,5,0.251782777471,0.325316127781
97,5,0.117918458008,0.149104570652
98,5,0.185855079191,0.218177807094
99,5,0.17943009177,0.208873526259
100,5,0.218125741918,0.267826863355
101,5,0.2294568609,0.257368431753
102,5,0.128204718072,0.160513741737
103,5,0.201619547971,0.235928446779
104,5,0.114919139577,0.147470806736
105,5,0.210824238346,0.254635054534
106,5,0.184073398378,0.220741017388
107,5,0.195615492958,0.230813478944
108,5,0.134018079048,0.181287449341
109,5,0.155403860645,0.207956470691
110,5,0.239858441517,0.303664651848
111,5,0.182392388895,0.222505860454
112,5,0.16878424061,0.202779754058
113,5,0.205154356183,0.257848689838
114,5,0.230792399619,0.27087823634
115,5,0.18763674722,0.21904812392
116,5,0.178758490726,0.216245490456
117,5,0.190888163639,0.240252640586
118,5,0.255774428639,0.319092911918
119,5,0.318181066494,0.383932072436
120,5,0.810921712328,0.974717539841
121,5,0.600316646684,0.736105464928
122,5,0.635282130394,0.888883642449
123,5,0.640587055204,0.815911393958
124,5,0.422882272181,0.531254175439
125,5,0.527590176026,0.69875861015
126,5,0.429215444756,0.581580488017
127,5,0.580954932042,0.799093627411
128,5,0.188093402042,0.23006225064
129,5,0.235173590729,0.308819706484
130,5,0.110939882307,0.151778783231
131,5,0.158074371123,0.20070513412
132,5,0.407049094099,0.503939900272
133,5,0.466070700039,0.579416439413
134,5,0.39644598611,0.526409297442
135,5,0.5290018756,0.614672529776
136,5,0.286444107322,0.328272464015
137,5,0.391711693548,0.471260491264
138,5,0.275228392464,0.345129557028
139,5,0.208190166747,0.244133182874
140,5,0.153369816117,0.194278547884
141,5,0.101379441308,0.133616871451
142,5,0.137675291756,0.178793352884
143,5,0.180357743105,0.23940463292
144,5,0.178908677182,0.2102211748
145,5,0.117703262036,0.149093766195
146,5,0.148982120189,0.18448335634
147,5,0.121677399793,0.147829657706
148,5,0.159011786827,0.193443132068
149,5,0.0904197095573,0.114196013397
150,5,0.157673351255,0.186351619701
151,5,0.108319922755,0.133887635326
152,5,0.104396239424,0.133254758898
153,5,0.323169486227,0.391302784088
154,5,0.300815946862,0.39329212041
155,5,0.220944302823,0.299988069142
156,5,0.12801540283,0.153356261309
157,5,0.346112487379,0.416245974
158,5,0.195371594192,0.248445849514
159,5,0.109807399619,0.137059525913
160,5,0.18022481015,0.21922158203
161,5,0.234398751769,0.268001382322
162,5,0.15347024561,0.182819488066
163,5,0.173153193668,0.216499219375
164,5,0.104610008461,0.134908395835
165,5,0.109309359738,0.149098499395
166,5,0.104225611175,0.143112382431
167,5,0.15816785193,0.192409225196
168,5,0.284919690868,0.330596590568
169,5,0.118289882766,0.155241404298
170,5,0.264102455538,0.313111121596
171,5,0.196776524953,0.235570058893
172,5,0.132339049938,0.170747479137
173,5,0.114554451368,0.154743474017
174,5,0.122070270113,0.146167443888
175,5,0.126287929468,0.152647038113
176,5,0.0874617307566,0.107785355941
177,5,0.164439697465,0.196735852536
178,5,0.0894493576535,0.110468132343
179,5,0.22651876373,0.251156296471
180,5,0.0964914775494,0.116059256464
181,5,0.142255292526,0.165265338155
182,5,0.104506462621,0.12594829639
183,5,0.110295626698,0.132073420472
184,5,0.102370144794,0.120593165519
185,5,0.089534497184,0.117922432363
186,5,0.224874258399,0.249665202365
187,5,0.15112767933,0.181931633715
188,5,0.0892449182752,0.113545949781
189,5,0.152586326483,0.178120271153
190,5,0.146477844703,0.175674035448
191,5,0.265089758023,0.303508493043
192,5,0.169795654103,0.209124601584
193,5,0.112122249378,0.140682959434
194,5,0.14262129221,0.169354286514
195,5,0.139255624156,0.165033498052
196,5,0.259309497335,0.30098044498
197,5,0.225960629904,0.325155401709
198,5,0.179116002958,0.300103752638
199,5,0.15392087074,0.20848549926
200,5,0.249464766982,0.307415232823
201,5,0.34770566356,0.409273530904
202,5,0.370577750797,0.431231279897
203,5,0.497587127976,0.623799320839
204,5,0.380808384088,0.45413178386
205,5,0.577121038974,0.676583800594
206,5,0.743733855145,0.909802498663
207,5,0.745114515839,0.869811029041
208,5,0.760514227802,0.922209403099
209,5,0.372097499021,0.46600585703
210,5,0.602857966584,0.707283376168
211,5,0.749853967865,0.995720369019
212,5,0.662822005173,0.781563416177
213,5,0.744289390428,0.902926063861
214,5,0.870340217249,1.28134103842
215,5,0.811721262733,1.0896315091
216,5,0.584949971919,0.726791477184
217,5,0.446361474581,0.5507923079
218,5,0.306567520718,0.385952661286
219,5,0.258030254284,0.340267298695
220,5,0.193151084037,0.24227091575
221,5,0.262205082532,0.35601431932
222,5,0.229608774468,0.291525506473
223,5,0.18745218606,0.235386937434
224,5,0.121026641158,0.161332292789
225,5,0.155583736434,0.191018847205
226,5,0.193253294414,0.238139161601
227,5,0.235541655125,0.284105419645
228,5,0.357851773932,0.430864062092
229,5,0.645482587694,0.792130318712
230,5,0.479386908689,0.616899927607
231,5,0.393799829131,0.486340023082
232,5,0.764310489679,0.969711305706
233,5,0.915436758999,1.08912208744
234,5,0.880749887689,1.06248997705
235,5,0.747509998478,0.865592926431
236,5,0.550836285057,0.696194957626
237,5,0.52983801288,0.660656862714
238,5,0.269122220915,0.333794514042
239,5,0.477890125509,0.582484976207
240,5,0.319714955336,0.378001802073
241,5,0.320730573443,0.384290824608
242,5,0.81269287781,0.935479810522
243,5,0.643332851555,0.752211115088
244,5,0.906172717756,1.01193036695
245,5,0.739352127999,0.899648664023
246,5,0.61275754765,0.737194819142
247,5,0.427287672726,0.526957325259
248,5,0.75288976789,0.90218318028
249,5,0.617045146765,0.781202833567
250,5,0.397066211936,0.492351823242
251,5,0.350027273847,0.438366453606
252,5,0.271097594567,0.356117953782
253,5,0.427087256786,0.519554159281
254,5,0.171632031905,0.219264465042
255,5,0.130666877792,0.159378120216
256,5,0.100179907596,0.132077083927
257,5,0.179024624378,0.204359452683
258,5,0.171855160181,0.214538500287
259,5,0.296776802932,0.340047826203
260,5,0.232460025291,0.278857581831
261,5,0.293544923791,0.344221902959
262,5,0.233407266298,0.301396955596
263,5,0.19088319773,0.235693031588
264,5,0.469274735328,0.568707936491
265,5,0.357307507904,0.457341829814
266,5,0.347347009446,0.427307446553
267,5,0.424130365069,0.545960827768
268,5,0.357128264988,0.442850591694
269,5,0.212244095928,0.259370584473
270,5,0.237869968361,0.300986334711
271,5,0.156746578259,0.186941683672
272,5,0.13866494082,0.161890185019
273,5,0.132332357424,0.166857789272
274,5,0.149550807064,0.191723334896
275,5,0.147603133531,0.181698593617
276,5,0.489759589782,0.580329220999
277,5,0.131434782796,0.186346463271
278,5,0.11186848901,0.148806265737
279,5,0.143914020819,0.173258027209
280,5,0.253117546479,0.304527996472
281,5,0.214584139129,0.309793429708
282,5,0.221882977496,0.269913439431
283,5,0.183631646453,0.223103296654
284,5,0.182900677225,0.214477007593
285,5,0.2240136565,0.26483698567
286,5,0.168759812439,0.210255971004
287,5,0.15946004311,0.200330488605
288,5,0.161988961126,0.230810951381
289,5,0.265210032854,0.353632427714
290,5,0.329847104395,0.375654232337
291,5,0.251050335965,0.284703863509
292,5,0.113625046796,0.138685320375
293,5,0.139665609972,0.168897356249
294,5,0.106371834327,0.159179429784
295,5,0.119635963407,0.157952916967
296,5,0.142144673371,0.169095248835
297,5,0.187381469969,0.23561326054
298,5,0.149366198452,0.185451198859
299,5,0.10189759006,0.144277353707
300,5,0.207760076762,0.30090026133
301,5,0.153168499368,0.191905747573
302,5,0.1844563614,0.217381709513
303,5,0.281748547294,0.32793189165
304,5,0.157705444936,0.190677085204
305,5,0.140579638622,0.190780850325
306,5,0.186685126247,0.227785188731
307,5,0.137728217171,0.186024717335
308,5,0.132994992347,0.15975575193
309,5,0.261143855546,0.325724538888
310,5,0.170338338156,0.219599048231
311,5,0.342899923712,0.424487427129
312,5,0.339406689614,0.411348472038
313,5,0.50797661086,0.643689124111
314,5,0.378693780882,0.479618807839
315,5,0.298334351131,0.378151584539
316,5,0.353967188661,0.437369022863
317,5,0.321359426447,0.407018077128
318,5,0.249731472139,0.311415589573
319,5,0.34610098621,0.431784346193
320,5,0.257958317466,0.332846986301
321,5,0.15616495812,0.2037346296
322,5,0.18863079872,0.243975983934
323,5,0.229690538503,0.269870492416
324,5,0.177224895646,0.245901774838
325,5,0.178216732962,0.221864954348
326,5,0.198686342034,0.251097443926
327,5,0.317125610416,0.406464164595
328,5,0.382866113862,0.47917603011
329,5,0.163759191404,0.219964692456
330,5,0.185817015454,0.219420909938
331,5,0.12813546384,0.162975810824
332,5,0.3216984205,0.382796436452
333,5,0.432775505789,0.546420145606
334,5,0.51689470503,0.675033279733
335,5,0.729514536226,0.895910826205
