cycle,count,mae,rmse
50,15,0.0943522765118,0.117528281165
51,15,0.0994113928724,0.119510803284
52,15,0.0882911826635,0.104599095516
53,15,0.115432955707,0.146680744577
54,15,0.096247534933,0.116305787526
55,15,0.104830797921,0.131255701408
56,15,0.132904021606,0.158569861189
57,15,0.125249986664,0.155299058836
58,15,0.178260553568,0.219992903433
59,15,0.132657749049,0.182104060379
60,15,0.100556117992,0.120273944991
61,15,0.171495217287,0.215659394924
62,15,0.129709861234,0.155773739911
63,15,0.12832379465,0.172645857352
64,15,0.217834094185,0.267659286843
65,15,0.211003367054,0.27812372275
66,15,0.313869074843,0.372452703345
67,15,0.601167749978,0.711770130153
68,15,0.168852967805,0.206526072355
69,15,0.2512926974,0.34060116056
70,15,0.448210697942,0.556204082917
71,15,0.133337429456,0.170311311659
72,15,0.158902508495,0.19916609846
73,15,0.358114890081,0.439944897191
74,15,0.138551747075,0.167929484043
75,15,0.0867973115027,0.105338033872
76,15,0.157970644121,0.210098527289
77,15,0.151528201515,0.201111611501
78,15,0.10047934301,0.128583560934
79,15,0.107334994025,0.131121369587
80,15,0.131668405134,0.162404857478
81,15,0.154593730695,0.182368488589
82,15,0.137192774066,0.171796580716
83,15,0.145617852911,0.180649979093
84,15,0.171660292118,0.229545612898
85,15,0.108083351341,0.134433834548
86,15,0.081841834629,0.102906003721
87,15,0.136871078561,0.166905848393
88,15,0.233689268411,0.28685588266
89,15,0.124872050148,0.154237015595
90,15,0.172006335614,0.224333063602
91,15,0.117286572882,0.141450978998
92,15,0.129239892864,0.157785829724
93,15,0.114181211913,0.145605069577
94,15,0.108491018821,0.132163253295
95,15,0.1283725661,0.160686919458
96,15,0.240470425691,0.295787759726
97,15,0.09906663074,0.12061828994
98,15,0.0864556487509,0.105657614093
99,15,0.105860112828,0.131408933726
100,15,0.137287633349,0.170812198304
101,15,0.129681459111,0.161385319345
102,15,0.190602651166,0.220592108633
103,15,0.127353963956,0.168933447659
104,15,0.110864747864,0.138578656207
105,15,0.107111236725,0.137846916378
106,15,0.126908602623,0.161887169307
107,15,0.122945531907,0.15914734151
108,15,0.182252705972,0.2274201124
109,15,0.148828990157,0.177486132854
110,15,0.18071298046,0.2623049552
111,15,0.170682868222,0.215327603129
112,15,0.154430187729,0.206399561868
113,15,0.142120678593,0.185673052462
114,15,0.184350213563,0.227406090032
115,15,0.114710379971,0.139592731394
116,15,0.217496061892,0.263740401059
117,15,0.163789287639,0.205967913597
118,15,0.183874464404,0.229217890946
119,15,0.25647639321,0.303227908055
120,15,0.769947927517,1.1005611949
121,15,0.597831738549,0.765581075145
122,15,0.602790302411,0.821095603668
123,15,0.523891867193,0.602706502269
124,15,0.441673383898,0.548952964489
125,15,0.625159523931,0.800132850901
126,15,0.555406263127,0.768815994083
127,15,0.480588095316,0.689356924618
128,15,0.181914408017,0.220137503186
129,15,0.173272727802,0.236886596942
130,15,0.115742886599,0.145730425763
131,15,0.165134756352,0.210942182615
132,15,0.303895829437,0.361495732364
133,15,0.355453075397,0.449197389496
134,15,0.308629288245,0.402938249698
135,15,0.495770119881,0.59614476548
136,15,0.305006377203,0.355850533096
137,15,0.203552598626,0.253041101463
138,15,0.246253437929,0.330808670402
139,15,0.169394603112,0.199211975361
140,15,0.130413905766,0.177036172131
141,15,0.142182477269,0.176034924639
142,15,0.124005828176,0.152000151046
143,15,0.186401770881,0.239920944389
144,15,0.104565833305,0.122276480417
145,15,0.13046726196,0.164311311426
146,15,0.0869445571988,0.10379562824
147,15,0.102806078164,0.133696816692
148,15,0.094222520916,0.118765185177
149,15,0.110633058398,0.132597982909
150,15,0.0825480434685,0.104859585166
151,15,0.114833786158,0.139898691426
152,15,0.143280569216,0.188508544809
153,15,0.174913630288,0.223801844439
154,15,0.189647822573,0.269948891687
155,15,0.238255737136,0.322829903888
156,15,0.0916211578894,0.124635985843
157,15,0.164022366831,0.210089943577
158,15,0.181015869129,0.227754031135
159,15,0.138518273234,0.167675806876
160,15,0.113699574122,0.140579044009
161,15,0.12821168677,0.160917754622
162,15,0.164625760708,0.199457181617
163,15,0.121993007557,0.149607816487
164,15,0.174744992347,0.221431832961
165,15,0.127231435036,0.165578061523
166,15,0.144808816466,0.179544884283
167,15,0.138439452512,0.16840036621
168,15,0.0993640891337,0.125961126163
169,15,0.0995024322311,0.12021652882
170,15,0.104222079434,0.122564714199
171,15,0.172669583198,0.208850450584
172,15,0.238299081774,0.303769471093
173,15,0.232703520579,0.290533987711
174,15,0.125551605624,0.150286729286
175,15,0.162227122023,0.20821991094
176,15,0.0967389535608,0.114043539945
177,15,0.154430629254,0.19099469708
178,15,0.0742928887995,0.0907747179956
179,15,0.124017970689,0.156657134174
180,15,0.077723161772,0.0939160899632
181,15,0.129721134248,0.158655159155
182,15,0.104809941151,0.127576049832
183,15,0.100247280891,0.119203372512
184,15,0.133389082866,0.156936222461
185,15,0.114575433276,0.145560033743
186,15,0.0874639353587,0.111463258313
187,15,0.0890917351515,0.120157625435
188,15,0.118645315646,0.139144506985
189,15,0.123720455531,0.147940019441
190,15,0.140013879907,0.172893418517
191,15,0.164467998769,0.198967608906
192,15,0.107639010774,0.152275219816
193,15,0.19588548143,0.219764012984
194,15,0.161549549051,0.206244628517
195,15,0.104981902809,0.130758365458
196,15,0.164811864423,0.235233997637
197,15,0.248221610354,0.316990544467
198,15,0.280853973824,0.325550281892
199,15,0.172457430651,0.216784129577
200,15,0.30219272228,0.372362623984
201,15,0.245998576464,0.317172604832
202,15,0.511261769822,0.673718063873
203,15,0.369705563387,0.450105543284
204,15,0.394035678642,0.478858366971
205,15,0.3682006726,0.44781769373
206,15,0.597378666258,0.786278010109
207,15,0.3903517674,0.473459446209
208,15,0.678067025632,0.847412999371
209,15,0.439008246928,0.582419202584
210,15,0.566759483377,0.688866983969
211,15,1.06544703299,1.2885440895
212,15,0.385251558156,0.4708469133
213,15,0.681780756324,0.866139665367
214,15,0.859515737676,1.24737224987
215,15,0.634587763483,0.919171929438
216,15,0.553091418842,0.686208108743
217,15,0.393707078472,0.469606317617
218,15,0.237764634668,0.312240382956
219,15,0.252363694171,0.323337025892
220,15,0.196398762035,0.279821414709
221,15,0.246830474486,0.333470813894
222,15,0.199125825804,0.247331924429
223,15,0.120410591612,0.145214734774
224,15,0.166255285426,0.2196569396
225,15,0.217649369876,0.263757205469
226,15,0.169063389133,0.20818623219
227,15,0.163684063358,0.207405394395
228,15,0.282439809294,0.346048536892
229,15,0.667528933139,0.850362320198
230,15,0.587564938001,0.769858682326
231,15,0.375302607792,0.470288007785
232,15,0.85081151893,0.964550753107
233,15,0.838200658558,1.04427461218
234,15,0.580644814254,0.70285961714
235,15,0.522753983102,0.656381135871
236,15,0.460510894347,0.5737883446
237,15,0.29405524411,0.362918195647
238,15,0.278100511422,0.362946753731
239,15,0.314755940927,0.385765109033
240,15,0.244185763533,0.294301249424
241,15,0.219814155318,0.272425893745
242,15,0.404540109827,0.523206958752
243,15,0.457504880837,0.590512434543
244,15,0.562068759578,0.693256458441
245,15,0.586935716309,0.705175698665
246,15,0.593622993454,0.702573141824
247,15,0.470284411787,0.547875169649
248,15,0.338601023648,0.432758502497
249,15,0.396149803741,0.480556593971
250,15,0.2257064299,0.279607773588
251,15,0.252347153362,0.330091225172
252,15,0.177302128415,0.22803941536
253,15,0.266135063559,0.303729931964
254,15,0.200639944718,0.241656063161
255,15,0.116885814487,0.13906588587
256,15,0.101164690606,0.132752802217
257,15,0.157614547758,0.192287715522
258,15,0.114511694764,0.143984657053
259,15,0.150762852547,0.183522825181
260,15,0.21195196306,0.258039336489
261,15,0.220227542189,0.273103859542
262,15,0.252508969452,0.309330276788
263,15,0.16239655302,0.23140655798
264,15,0.232440324423,0.323495502508
265,15,0.338120475079,0.426209245641
266,15,0.298269491863,0.37778354395
267,15,0.314312843934,0.391656173139
268,15,0.300862321342,0.395029240658
269,15,0.25518599718,0.345619524573
270,15,0.168304913028,0.216658158971
271,15,0.196536611185,0.236356728651
272,15,0.126765446487,0.166497450124
273,15,0.152800814688,0.179644343083
274,15,0.139845851836,0.172764724787
275,15,0.152500785141,0.189278910082
276,15,0.405201140501,0.476903597125
277,15,0.212659022502,0.27398261207
278,15,0.103852038984,0.132922976684
279,15,0.135943117994,0.186924451936
280,15,0.185874850377,0.243241382521
281,15,0.192361698257,0.265390804487
282,15,0.160636912725,0.201505682874
283,15,0.160846763829,0.200327829765
284,15,0.186921225527,0.211860507209
285,15,0.198337844304,0.253043870287
286,15,0.154287723442,0.19719354781
287,15,0.112064578848,0.143919577541
288,15,0.131952408968,0.17794999954
289,15,0.151033589344,0.203816351467
290,15,0.160190348853,0.217683919116
291,15,0.141739900957,0.166274183552
292,15,0.118748854941,0.149759600834
293,15,0.104487562937,0.127727809414
294,15,0.108952858339,0.139054725487
295,15,0.176048915286,0.222956432638
296,15,0.102403510231,0.127393333287
297,15,0.158293826041,0.198264350547
298,15,0.169602870331,0.229444752464
299,15,0.117948720512,0.14955823001
300,15,0.14600626508,0.200569233793
301,15,0.165792256162,0.205130239455
302,15,0.10134480711,0.132422840478
303,15,0.123249860435,0.155314422021
304,15,0.145679857151,0.194069925988
305,15,0.125487230117,0.162088025321
306,15,0.104082147746,0.128084934403
307,15,0.1349498682,0.174822162691
308,15,0.17103359399,0.214336988855
309,15,0.239987641076,0.296206558863
310,15,0.246652725436,0.311538851871
311,15,0.365682080714,0.447861689669
312,15,0.296859408573,0.373816526789
313,15,0.565432988092,0.660329109523
314,15,0.305142459178,0.401623115057
315,15,0.210238134848,0.265304691254
316,15,0.188246388938,0.256122867584
317,15,0.21125836232,0.277272367342
318,15,0.227348155398,0.267322602663
319,15,0.252630919829,0.313061769009
320,15,0.179990101003,0.221731208062
321,15,0.151895235182,0.194497240675
322,15,0.0863385018408,0.117285496322
323,15,0.150020125638,0.192392050894
324,15,0.165532850654,0.221890455006
325,15,0.26702762798,0.336834593699
326,15,0.164344909821,0.213398346984
327,15,0.439316080718,0.540024232701
328,15,0.217763846069,0.264745210694
329,15,0.148256619052,0.204845952333
330,15,0.16239060324,0.193330890427
331,15,0.159589504744,0.204410619468
332,15,0.281041212134,0.333709151656
333,15,0.462306924916,0.549977284811
334,15,0.508558415084,0.620179991173
335,15,0.411627995265,0.499276481587
