cycle,count,mae,rmse
50,20,0.102804795111,0.125321476811
51,20,0.117625675636,0.148234709379
52,20,0.107928241798,0.129601417616
53,20,0.106217227029,0.133013898272
54,20,0.0869848084424,0.107909262974
55,20,0.0986535459778,0.122323119156
56,20,0.118430013785,0.14564281457
57,20,0.107336448961,0.13440806739
58,20,0.197594501222,0.230496532541
59,20,0.161191563976,0.198856570685
60,20,0.111548133727,0.139754972543
61,20,0.174330264471,0.217199050438
62,20,0.131163079487,0.16145954609
63,20,0.141383274112,0.179812635356
64,20,0.213754428281,0.263472099387
65,20,0.181428676758,0.210822630873
66,20,0.32327632835,0.403665612491
67,20,0.545212685055,0.668772138895
68,20,0.150955638806,0.187773193308
69,20,0.180903337749,0.214282486555
70,20,0.58068946134,0.702400567073
71,20,0.291885794869,0.344785213062
72,20,0.199602150406,0.248623022061
73,20,0.455644435232,0.551957745024
74,20,0.156952731019,0.18755062357
75,20,0.108539404835,0.13541657225
76,20,0.168293894619,0.225540326437
77,20,0.172096998842,0.234738269013
78,20,0.163486153254,0.197264095387
79,20,0.108391312463,0.13420932431
80,20,0.12576412862,0.158004234645
81,20,0.0985014511968,0.120765904808
82,20,0.193084173918,0.23837997024
83,20,0.333466476483,0.393348325813
84,20,0.152613187482,0.19647007885
85,20,0.139938969453,0.169250668503
86,20,0.140257886933,0.168439506776
87,20,0.142491523786,0.177089917895
88,20,0.183933968632,0.230389459477
89,20,0.134978315235,0.163493054484
90,20,0.198412020637,0.260965807522
91,20,0.112589152756,0.134567333454
92,20,0.11867849223,0.144266376249
93,20,0.141024772802,0.172491012732
94,20,0.123802248689,0.145532773376
95,20,0.120706114174,0.151375907528
96,20,0.284043550179,0.35669981503
97,20,0.127204318725,0.153260527798
98,20,0.171157613412,0.199614618126
99,20,0.1454072478,0.181929691357
100,20,0.143579215077,0.172064677968
101,20,0.182225221035,0.227599242203
102,20,0.201840355702,0.246904964594
103,20,0.154504243024,0.186976339377
104,20,0.126475944514,0.15079201595
105,20,0.27657289941,0.322393688871
106,20,0.129691536726,0.162495399731
107,20,0.186710182421,0.225604289624
108,20,0.195728074948,0.246208567187
109,20,0.144211009837,0.180324519422
110,20,0.171291174377,0.235066365207
111,20,0.177835261515,0.231338746643
112,20,0.144940963891,0.183095995166
113,20,0.114006842678,0.147886394061
114,20,0.167066240791,0.215672472829
115,20,0.108668728749,0.135193573413
116,20,0.166644693077,0.205207307904
117,20,0.22733767145,0.279374584551
118,20,0.201578214248,0.250065729117
119,20,0.294541919051,0.369387871689
120,20,0.687234447873,0.828570678749
121,20,0.611018673128,0.760890332878
122,20,1.0038239678,1.29873637758
123,20,0.522029857739,0.629564664532
124,20,0.431376815942,0.535363305583
125,20,0.554027522747,0.697090703023
126,20,0.493704827388,0.646792066922
127,20,0.476026305304,0.670759549734
128,20,0.175327758183,0.217253313142
129,20,0.181929553228,0.253924807607
130,20,0.115863802985,0.158357322067
131,20,0.140479758049,0.190850052006
132,20,0.30853341871,0.370525856756
133,20,0.317577471433,0.394625067077
134,20,0.340682035969,0.436132437611
135,20,0.407107288241,0.488584889017
136,20,0.241130680089,0.284174817815
137,20,0.367550317484,0.43023136239
138,20,0.204277850052,0.261557081139
139,20,0.14146674021,0.171715850645
140,20,0.139538498388,0.172290466817
141,20,0.100498153449,0.132499285154
142,20,0.11481289561,0.143048813614
143,20,0.167088440374,0.217666238687
144,20,0.108401238381,0.132399312931
145,20,0.118959741674,0.144441921192
146,20,0.133205281671,0.167933811738
147,20,0.123077090505,0.153967377657
148,20,0.142036466253,0.166456159805
149,20,0.1264536174,0.153230848489
150,20,0.237920261417,0.307258012849
151,20,0.158601161124,0.198620041785
152,20,0.108571666741,0.133767931786
153,20,0.16314301114,0.199423329764
154,20,0.21865317075,0.298114354281
155,20,0.2375819664,0.310978374746
156,20,0.145042218251,0.176845323421
157,20,0.192608946324,0.238903438305
158,20,0.191589707829,0.243420667609
159,20,0.146544587417,0.176805677265
160,20,0.142579226667,0.177165234069
161,20,0.125896441904,0.157674442341
162,20,0.13817849006,0.169675003678
163,20,0.157121234201,0.189926905283
164,20,0.10560150873,0.130480365512
165,20,0.120364269429,0.161090441037
166,20,0.107962342299,0.141191023561
167,20,0.163890662139,0.192897649874
168,20,0.138274363217,0.163015044385
169,20,0.105363475708,0.131351402986
170,20,0.155689591021,0.189246433477
171,20,0.194874601965,0.234364891712
172,20,0.195745619596,0.233351964702
173,20,0.113414196702,0.148159638449
174,20,0.152159717518,0.184427582892
175,20,0.145831150068,0.185974785451
176,20,0.092114119415,0.113238437009
177,20,0.112760194394,0.135537893423
178,20,0.090148124735,0.112967965277
179,20,0.114239556653,0.141193076464
180,20,0.103655574623,0.12720409446
181,20,0.126990091309,0.148868564492
182,20,0.127643497909,0.160451689166
183,20,0.106273520507,0.126566302712
184,20,0.0815383249334,0.102003645225
185,20,0.0980711906188,0.11874080442
186,20,0.0918712865226,0.115321081427
187,20,0.0997802926565,0.125782259436
188,20,0.123531935092,0.152974575335
189,20,0.118291431634,0.146772280698
190,20,0.100148989051,0.128985193632
191,20,0.137723180822,0.183637762241
192,20,0.128281897809,0.162957218886
193,20,0.142876703799,0.177711141468
194,20,0.127564138701,0.165719285766
195,20,0.0711754899051,0.0904554530428
196,20,0.135593971459,0.170740962732
197,20,0.258005129132,0.319037168131
198,20,0.223877017347,0.28938064233
199,20,0.245852786256,0.291552914786
200,20,0.221404549992,0.275012561242
201,20,0.356829434788,0.414885480249
202,20,0.412729021957,0.484249541957
203,20,0.411110315834,0.49155970495
204,20,0.319605704015,0.461101638985
205,20,0.574623059129,0.713070234817
206,20,0.499692774133,0.613134000536
207,20,0.357792640357,0.450769227169
208,20,0.413461160478,0.510783700913
209,20,0.371054549212,0.464811730331
210,20,0.505149758337,0.629236816102
211,20,0.961149734888,1.2927113198
212,20,0.374382848243,0.448817709671
213,20,0.591676817427,0.727883481122
214,20,0.785179129251,1.10205840694
215,20,0.659215684817,0.84912114193
216,20,0.496989984585,0.629027782004
217,20,0.395400380215,0.476753275507
218,20,0.275395979519,0.337895024573
219,20,0.241570815955,0.316994882669
220,20,0.287775015634,0.36525293474
221,20,0.277741612441,0.369513964045
222,20,0.209626515806,0.266517698211
223,20,0.134261822986,0.173467001903
224,20,0.158367070282,0.198181086994
225,20,0.118506000576,0.14470987478
226,20,0.1908478739,0.237117377901
227,20,0.157828448101,0.199702320002
228,20,0.347134622689,0.484204239939
229,20,0.82816108162,0.99118992616
230,20,0.558874001904,0.687046877652
231,20,0.463461421782,0.534279486959
232,20,1.05488063308,1.26043731832
233,20,0.911994035129,1.18746878812
234,20,0.638164273949,0.787955116508
235,20,0.682564043155,0.873659418159
236,20,0.336733377,0.434708046919
237,20,0.361131091615,0.43541082294
238,20,0.230349019566,0.306187545569
239,20,0.396373313503,0.540564017434
240,20,0.292748457505,0.357146756215
241,20,0.332971368812,0.401657126261
242,20,0.336105872506,0.410582503838
243,20,0.5297863369,0.650646444539
244,20,0.530580159147,0.637700181037
245,20,0.780924875197,0.964399371384
246,20,0.701240404268,0.921715097347
247,20,0.404009998538,0.486659068146
248,20,0.335332344993,0.423169133085
249,20,0.28852528165,0.342154479997
250,20,0.251786645594,0.312642539964
251,20,0.215472930819,0.267810849522
252,20,0.163781876914,0.207367990104
253,20,0.277957723204,0.324492531362
254,20,0.156154723533,0.197226574794
255,20,0.12460637499,0.151121750191
256,20,0.10307206411,0.13011696795
257,20,0.13865125749,0.179593053731
258,20,0.110017617303,0.141150776264
259,20,0.161122707278,0.201781049676
260,20,0.207163693365,0.260353238805
261,20,0.204262463534,0.260646881995
262,20,0.171265760437,0.217969666761
263,20,0.207388659007,0.249785477507
264,20,0.376870008062,0.485017959948
265,20,0.366324233409,0.458126994097
266,20,0.332568216002,0.400200712585
267,20,0.278203434168,0.347766579138
268,20,0.226598408941,0.291235992661
269,20,0.225428062048,0.293074601213
270,20,0.179223766494,0.23502931484
271,20,0.20684123069,0.243604837738
272,20,0.171115992568,0.205410232376
273,20,0.107085850251,0.135499889359
274,20,0.121608317884,0.164300091926
275,20,0.171529048211,0.204730512882
276,20,0.380399943051,0.446466038364
277,20,0.203194456815,0.255791455601
278,20,0.136318347276,0.182503577448
279,20,0.134839520243,0.182276619126
280,20,0.214690892711,0.274019172287
281,20,0.163411287129,0.217096310896
282,20,0.23181758502,0.258961714762
283,20,0.17331156226,0.230987841587
284,20,0.178895265092,0.212936270712
285,20,0.140390084757,0.177512655438
286,20,0.111766901345,0.137937563551
287,20,0.106721718138,0.138388414787
288,20,0.128570579892,0.172907033989
289,20,0.14157729498,0.187057882871
290,20,0.1880360002,0.232129655655
291,20,0.181864943536,0.21246131765
292,20,0.115280399868,0.139402922915
293,20,0.12286606142,0.145595407145
294,20,0.0901373800692,0.127872297058
295,20,0.119866291066,0.16195009125
296,20,0.0886518786794,0.10882597553
297,20,0.121482318474,0.144188728039
298,20,0.182862946781,0.232860523618
299,20,0.108260151363,0.151360114138
300,20,0.139895711477,0.179268368506
301,20,0.142015652625,0.180373331654
302,20,0.138359201697,0.167667033837
303,20,0.143527426971,0.192606593773
304,20,0.0928956300131,0.118199108888
305,20,0.156840104084,0.205664201889
306,20,0.109075763737,0.140850214531
307,20,0.116644645929,0.146265452166
308,20,0.151474010476,0.180130755657
309,20,0.274387842082,0.345100858389
310,20,0.147466967774,0.191234092941
311,20,0.246944387947,0.30752737307
312,20,0.33368733386,0.446118945765
313,20,0.751842544201,0.945065677754
314,20,0.304473050275,0.373907510387
315,20,0.223157543373,0.280695233543
316,20,0.278561676458,0.350817492994
317,20,0.223879963259,0.287948149524
318,20,0.155939075277,0.195870463117
319,20,0.187428272268,0.240723241241
320,20,0.15936817241,0.201977443076
321,20,0.135965387994,0.177972447995
322,20,0.100057017709,0.138720736583
323,20,0.175730670228,0.23500964738
324,20,0.143112530198,0.181133679175
325,20,0.159383508867,0.198704930724
326,20,0.172485906126,0.226829661745
327,20,0.380456272668,0.52114065014
328,20,0.265556410266,0.356600929426
329,20,0.190943365026,0.241203347168
330,20,0.153650956124,0.185598525924
331,20,0.144220851006,0.18347824276
332,20,0.311146223946,0.386709637025
333,20,0.352480543875,0.397526662363
334,20,0.395995751297,0.520406653502
335,20,0.50998528241,0.600087113051
