cycle,count,mae,rmse
50,15,0.0959273987058,0.123034531588
51,15,0.0986554054126,0.122537070248
52,15,0.103981387795,0.126248106035
53,15,0.130320297186,0.161728380659
54,15,0.0877543911123,0.106287541582
55,15,0.119758734951,0.144515361046
56,15,0.0921417444296,0.119701406843
57,15,0.124797898587,0.162176439641
58,15,0.19220728712,0.238464967475
59,15,0.127583533406,0.164629104594
60,15,0.166368166155,0.215462087683
61,15,0.174998164856,0.211210094879
62,15,0.141243603056,0.169759724489
63,15,0.148962652639,0.181650456253
64,15,0.237981291175,0.293123526502
65,15,0.182488401208,0.216124228202
66,15,0.341436885199,0.44189828413
67,15,0.871152406207,1.06270034903
68,15,0.119211699606,0.151157121052
69,15,0.210985735486,0.248106587438
70,15,0.359369490473,0.469203637338
71,15,0.186927365022,0.227385885236
72,15,0.202095327991,0.245317306655
73,15,0.414090999665,0.503295246841
74,15,0.140252202363,0.168911988803
75,15,0.145884374122,0.182259208371
76,15,0.160276414955,0.207701440085
77,15,0.166440104779,0.231041828228
78,15,0.145760261413,0.175591389204
79,15,0.117760933392,0.140250006263
80,15,0.116234158377,0.138914747914
81,15,0.148398679065,0.179911055393
82,15,0.181937148467,0.222317415666
83,15,0.193681184255,0.234060194274
84,15,0.173436455861,0.211705573113
85,15,0.129618530544,0.160564044192
86,15,0.106339172568,0.135833902399
87,15,0.179379678637,0.218315149618
88,15,0.195094429887,0.253880322296
89,15,0.173398542526,0.207136180085
90,15,0.239869508712,0.286797049842
91,15,0.101927817133,0.133185784521
92,15,0.128247475454,0.158366089894
93,15,0.194691847763,0.233671618624
94,15,0.124070140529,0.156424627154
95,15,0.145443122043,0.179886698524
96,15,0.260168968448,0.332829565657
97,15,0.101767855854,0.121737555444
98,15,0.159562437595,0.196760455042
99,15,0.155018680338,0.193624930736
100,15,0.154400764545,0.195318321196
101,15,0.117232270669,0.136001599733
102,15,0.151768879932,0.18200499461
103,15,0.178148858908,0.226058565825
104,15,0.143493271286,0.179160629662
105,15,0.263754457997,0.327891978973
106,15,0.235397234625,0.301476510467
107,15,0.115719812111,0.149552807902
108,15,0.121074738772,0.164400761902
109,15,0.137717861138,0.176465739519
110,15,0.23808256139,0.296661842609
111,15,0.154504269721,0.18273653255
112,15,0.153854121861,0.196486526567
113,15,0.171789737251,0.203211838447
114,15,0.169524609673,0.238888655782
115,15,0.108406294977,0.133834991562
116,15,0.209740934901,0.253567765195
117,15,0.168733799287,0.204536921275
118,15,0.184489201921,0.230847188696
119,15,0.258762690416,0.329532649649
120,15,0.674698704966,0.875657468569
121,15,0.523975306847,0.692675831926
122,15,0.820348264966,1.02764131573
123,15,0.530335780831,0.643347369939
124,15,0.496143193259,0.586260001868
125,15,0.678781401689,0.917868572904
126,15,0.625322022364,0.778857076596
127,15,0.595111054833,0.747260705147
128,15,0.162056456282,0.214266225393
129,15,0.204509974823,0.27029726942
130,15,0.174220813443,0.210451086223
131,15,0.177618892149,0.231761633387
132,15,0.274676866189,0.351265996927
133,15,0.314908589347,0.376095290483
134,15,0.337730346423,0.429937964028
135,15,0.448133437806,0.540076783194
136,15,0.222249604764,0.268182416092
137,15,0.285756341167,0.339649859983
138,15,0.179421842318,0.24803944014
139,15,0.157314949379,0.200179559779
140,15,0.15988900615,0.202706255728
141,15,0.118931998892,0.154086979602
142,15,0.133329689381,0.167572261211
143,15,0.156899186772,0.225871364621
144,15,0.17839817158,0.221078604991
145,15,0.120405191984,0.156341114015
146,15,0.156468041562,0.190930414741
147,15,0.163489016437,0.189123945704
148,15,0.163827695589,0.200417050513
149,15,0.167956190395,0.202267009304
150,15,0.115764896115,0.136898935842
151,15,0.100508092358,0.126798981743
152,15,0.124434128653,0.167775656774
153,15,0.192293058037,0.25255051864
154,15,0.226008851658,0.301236156915
155,15,0.191544472533,0.271311936209
156,15,0.133980217626,0.167749485088
157,15,0.173804703311,0.219844690146
158,15,0.154718049062,0.213154617773
159,15,0.130204121466,0.158792977377
160,15,0.109718612163,0.138954297428
161,15,0.106486960771,0.144145014489
162,15,0.175845998315,0.204982057928
163,15,0.166641897993,0.205973618595
164,15,0.114695005345,0.143755165586
165,15,0.153414800162,0.200645591827
166,15,0.150577166825,0.185656355161
167,15,0.109984257811,0.142949627976
168,15,0.115313979531,0.141814375754
169,15,0.125404368785,0.152215336779
170,15,0.0926637212995,0.115348446285
171,15,0.147139993349,0.178265327157
172,15,0.199818618156,0.243671770514
173,15,0.116576183657,0.161628617862
174,15,0.158923763594,0.195107904799
175,15,0.143484680897,0.173309853001
176,15,0.181990542062,0.226016634849
177,15,0.108775573949,0.128474889044
178,15,0.125363956025,0.158453872492
179,15,0.120023844523,0.142383574867
180,15,0.162309875188,0.193668469059
181,15,0.0847012201727,0.104167498908
182,15,0.132333385258,0.153345126321
183,15,0.137226674758,0.171622288263
184,15,0.0980500523265,0.122933077092
185,15,0.102855182689,0.132211018415
186,15,0.127350422423,0.15077540723
187,15,0.248542889588,0.282491195834
188,15,0.117284275059,0.14157859275
189,15,0.126700075391,0.162494077261
190,15,0.147462625194,0.191496884376
191,15,0.30522854876,0.348440950617
192,15,0.150017809219,0.204256381257
193,15,0.121647947972,0.148048773045
194,15,0.149951306501,0.178354251438
195,15,0.0959946137672,0.1171525273
196,15,0.333211746846,0.391213201735
197,15,0.193974378281,0.260714345081
198,15,0.208021587429,0.320277368272
199,15,0.164936207257,0.21503421412
200,15,0.214352160968,0.273086451807
201,15,0.411388990304,0.505450574092
202,15,0.51146432669,0.6342769198
203,15,0.345293766768,0.456320700085
204,15,0.375377921237,0.467059550356
205,15,0.414947636144,0.504752875548
206,15,0.445893984479,0.553115120344
207,15,0.426994691119,0.548777251381
208,15,0.476290907324,0.582787456298
209,15,0.366837343028,0.469128734221
210,15,0.559140615667,0.699867064419
211,15,0.859730843439,1.09557884518
212,15,0.455881422013,0.512186668513
213,15,0.804282861706,0.984843451923
214,15,0.734099099636,0.946556481338
215,15,0.624685693677,0.830110307082
216,15,0.597723012604,0.757334204366
217,15,0.391048453328,0.488027552106
218,15,0.278503682338,0.340227419858
219,15,0.270896493019,0.338197980311
220,15,0.181115346191,0.228514032538
221,15,0.198583792689,0.282343027307
222,15,0.179010935501,0.232312500723
223,15,0.135486366954,0.164102909304
224,15,0.168264063968,0.221242817763
225,15,0.16143705428,0.190980732317
226,15,0.161975556827,0.209184438495
227,15,0.198695201739,0.258113731044
228,15,0.266985688238,0.338159234304
229,15,0.461845337114,0.580349277871
230,15,0.548921761194,0.666275456228
231,15,0.566499673054,0.673060554298
232,15,0.859616632496,1.08368460855
233,15,0.885471496579,1.03687336973
234,15,0.49956757753,0.659633179537
235,15,0.656048356407,0.820652013953
236,15,0.433591969433,0.518394785842
237,15,0.39494092469,0.475981846423
238,15,0.435598541642,0.534773737481
239,15,0.368984508031,0.486735131071
240,15,0.264285993012,0.316705257216
241,15,0.253210729897,0.3064607705
242,15,0.303828877579,0.370470287981
243,15,0.652717088107,0.782784834584
244,15,1.00490523787,1.2530094981
245,15,0.628427807047,0.806842003452
246,15,0.504445427503,0.608519035971
247,15,0.50640061985,0.629100450746
248,15,0.342202085089,0.418481640275
249,15,0.316619805469,0.399913462071
250,15,0.28726201773,0.355768169125
251,15,0.204014607204,0.246311675694
252,15,0.17257285183,0.216344074567
253,15,0.231716909243,0.289100078655
254,15,0.170038806096,0.204468060231
255,15,0.0999436867922,0.123971775157
256,15,0.11430065879,0.159303386298
257,15,0.17104297314,0.219130474003
258,15,0.17398535965,0.22009279545
259,15,0.118902988052,0.150265579743
260,15,0.194461090268,0.244797255374
261,15,0.21482187624,0.285993741615
262,15,0.194219781401,0.241163907402
263,15,0.202623675651,0.255161945542
264,15,0.347096324767,0.456614140204
265,15,0.4107648119,0.521495717683
266,15,0.257755065053,0.315419331504
267,15,0.284502925046,0.369788617781
268,15,0.302160815645,0.382224858227
269,15,0.218285361922,0.272773820615
270,15,0.230041276018,0.279094804064
271,15,0.1948150615,0.240081224853
272,15,0.164452492127,0.205086031962
273,15,0.170810942416,0.220178507257
274,15,0.143033863348,0.176341511035
275,15,0.151821995394,0.194347999947
276,15,0.307038605025,0.385434360495
277,15,0.235347874669,0.327058682727
278,15,0.0901327560566,0.110588584165
279,15,0.161820309198,0.242310108549
280,15,0.16898767735,0.211472465113
281,15,0.136513213168,0.183725450002
282,15,0.182833762423,0.230026819699
283,15,0.156262178637,0.19810724711
284,15,0.158741539822,0.188121505085
285,15,0.119021924951,0.143281454089
286,15,0.139624776565,0.172875622054
287,15,0.132685612923,0.160868953092
288,15,0.139525384494,0.185339342584
289,15,0.115735750572,0.150728977726
290,15,0.180538945068,0.227358169657
291,15,0.134907539871,0.164237922536
292,15,0.110775053997,0.140134237336
293,15,0.0968498239206,0.12611674668
294,15,0.1342511074,0.172691623595
295,15,0.123984289312,0.165661359883
296,15,0.102803728188,0.134773855298
297,15,0.123502418241,0.152260291665
298,15,0.131042534287,0.174883664046
299,15,0.135552561571,0.170039158999
300,15,0.127352632976,0.16157601578
301,15,0.187342618374,0.223568956157
302,15,0.158109994588,0.187295783855
303,15,0.122901607846,0.152736182193
304,15,0.124927676739,0.162453017564
305,15,0.126859575101,0.165537414915
306,15,0.0969199276947,0.142727481275
307,15,0.108315259809,0.144529135918
308,15,0.182561704975,0.224466887623
309,15,0.226908114979,0.29468707135
310,15,0.225567904799,0.277403369667
311,15,0.263975830156,0.321908748819
312,15,0.337572416561,0.442072654007
313,15,0.589831866404,0.729924295476
314,15,0.262068233834,0.334741737133
315,15,0.222055294331,0.289718691292
316,15,0.256643574608,0.325568624242
317,15,0.27418331063,0.350802969484
318,15,0.170063409255,0.207312216113
319,15,0.269782013047,0.341560240307
320,15,0.171973188678,0.229915620499
321,15,0.116494819056,0.152902487027
322,15,0.131396078179,0.172430391214
323,15,0.187500821919,0.241013812103
324,15,0.125300869012,0.158628766026
325,15,0.14187318125,0.174613608325
326,15,0.23563508575,0.280073679713
327,15,0.367957870218,0.439616305261
328,15,0.419121312977,0.577353038425
329,15,0.144379777655,0.209415157793
330,15,0.167056718238,0.208224736841
331,15,0.149146098475,0.176872314
332,15,0.329156521975,0.430641213414
333,15,0.3909575422,0.465739728058
334,15,0.497984289977,0.6643075208
335,15,0.668963032008,0.789152355811
