cycle,count,mae,rmse
50,10,0.12732961732,0.15548587033
51,10,0.121639830712,0.151186898644
52,10,0.19088603288,0.233379422705
53,10,0.112387836167,0.137777667637
54,10,0.107585416331,0.126893007475
55,10,0.118171545715,0.139894929198
56,10,0.142578671944,0.171378958236
57,10,0.108200575231,0.134719249325
58,10,0.184824908946,0.221271061509
59,10,0.150712211136,0.182616587041
60,10,0.122608042178,0.149897241681
61,10,0.155565491378,0.191812719112
62,10,0.201915431524,0.236784186462
63,10,0.152889186417,0.192297926279
64,10,0.229929378013,0.275799573264
65,10,0.192042671576,0.220718681525
66,10,0.259277048041,0.33758815284
67,10,0.770591294027,0.877722344716
68,10,0.11653056564,0.149049198448
69,10,0.226396887267,0.306685635671
70,10,0.48244643946,0.672443380614
71,10,0.239277473187,0.293088589071
72,10,0.252360581581,0.309527121714
73,10,0.362445003895,0.508155452029
74,10,0.161314723874,0.188278735005
75,10,0.0930461633271,0.110640665294
76,10,0.184102547956,0.229719533987
77,10,0.192847783094,0.250637386838
78,10,0.14204195677,0.179943523638
79,10,0.0861354245219,0.114766706202
80,10,0.125229753153,0.151075861531
81,10,0.130340668889,0.162732454436
82,10,0.122481686895,0.149954126095
83,10,0.293635772636,0.347863189437
84,10,0.214647481282,0.254907141969
85,10,0.224356126648,0.26113817291
86,10,0.158573707589,0.19682347775
87,10,0.161061109146,0.19936139227
88,10,0.227996995042,0.277801021037
89,10,0.103773047437,0.134773004875
90,10,0.283529497724,0.351858711929
91,10,0.107271811592,0.139904166177
92,10,0.194669138368,0.241189234123
93,10,0.171052011608,0.203575641249
94,10,0.111447933409,0.137840520602
95,10,0.147039307455,0.175952755668
96,10,0.277728000677,0.334456136787
97,10,0.0893746331765,0.112044602421
98,10,0.0932577394999,0.11467006806
99,10,0.133458997535,0.167231968405
100,10,0.151374901965,0.185107072222
101,10,0.156875733713,0.192389111811
102,10,0.142525414256,0.173579378099
103,10,0.0921433071598,0.116039337988
104,10,0.137641072212,0.172765353684
105,10,0.231321119559,0.287611717802
106,10,0.148947621072,0.182560682214
107,10,0.111665313698,0.141994400248
108,10,0.115395057495,0.164049736332
109,10,0.170098890397,0.209403059918
110,10,0.174260458065,0.252984126026
111,10,0.214747498135,0.266902828847
112,10,0.105433954085,0.134579826778
113,10,0.140590429697,0.175636668419
114,10,0.166493241762,0.225008226472
115,10,0.147915953527,0.181206305427
116,10,0.182045009554,0.227116915589
117,10,0.296763078498,0.394764090901
118,10,0.193739908878,0.242363415467
119,10,0.298945082943,0.416470775441
120,10,0.960795325054,1.25899416662
121,10,0.647959172688,0.844490641606
122,10,0.681737624074,0.818142798906
123,10,0.53985905021,0.717079282587
124,10,0.477599842207,0.614204356774
125,10,0.585286034528,0.69796688811
126,10,0.443565420724,0.592131146633
127,10,0.433770224215,0.638584857979
128,10,0.171838897564,0.209651368564
129,10,0.195267650297,0.26965466818
130,10,0.0995393987455,0.126105032671
131,10,0.174250270464,0.217551396622
132,10,0.244607457221,0.314137229705
133,10,0.507731409293,0.608937868662
134,10,0.492701386888,0.591500515193
135,10,0.39526461965,0.459126801945
136,10,0.266183442544,0.315414854188
137,10,0.234467223363,0.324474250695
138,10,0.245719430543,0.311321003566
139,10,0.197985658783,0.230285306585
140,10,0.11016283907,0.141879030679
141,10,0.126985893558,0.167978491574
142,10,0.115391142068,0.143452034304
143,10,0.203146743567,0.255208251699
144,10,0.114805459542,0.135832148374
145,10,0.118270987174,0.17245310029
146,10,0.202130400861,0.245391209102
147,10,0.230694487805,0.305136468828
148,10,0.131039286525,0.157557533353
149,10,0.102576442708,0.12830957105
150,10,0.126350514862,0.162452954071
151,10,0.133794341657,0.162273677088
152,10,0.11103705351,0.142627494392
153,10,0.192643900474,0.239549713132
154,10,0.27090777731,0.375870922827
155,10,0.242084038641,0.324966910926
156,10,0.140026295956,0.168922467857
157,10,0.264606220555,0.314778742775
158,10,0.312633296272,0.358049439401
159,10,0.0954287338164,0.122721410892
160,10,0.152943427074,0.192013582767
161,10,0.14862587657,0.192233798379
162,10,0.124476657762,0.152354825988
163,10,0.134034198651,0.165378764852
164,10,0.173117138713,0.211694673315
165,10,0.176437030831,0.208048257453
166,10,0.144037914488,0.179709683481
167,10,0.146113136511,0.190173172657
168,10,0.114426499922,0.142075549724
169,10,0.124459477131,0.158631238382
170,10,0.17845835692,0.223214880824
171,10,0.137774161235,0.17155146243
172,10,0.19625788939,0.250816344988
173,10,0.184711982175,0.219799602964
174,10,0.0989058738564,0.120706689851
175,10,0.200331480035,0.243341212872
176,10,0.12111904277,0.155303582356
177,10,0.15620477912,0.192676761769
178,10,0.114282286593,0.146819169228
179,10,0.142508463611,0.170037465412
180,10,0.137288247628,0.164255433746
181,10,0.116788163657,0.148199980457
182,10,0.151589697964,0.173143389899
183,10,0.143064923248,0.173209121461
184,10,0.139414272772,0.176238231655
185,10,0.0770753864268,0.106303837947
186,10,0.11683273268,0.141479199179
187,10,0.100039819649,0.124801833977
188,10,0.121555887267,0.162139576596
189,10,0.13552426196,0.167483486925
190,10,0.133057602222,0.183201249248
191,10,0.228248352233,0.284113235435
192,10,0.156778325489,0.192809477016
193,10,0.152828128551,0.195459238891
194,10,0.166121779316,0.192787490719
195,10,0.121904681114,0.139095522206
196,10,0.144292960509,0.213929954932
197,10,0.242331833507,0.325179889544
198,10,0.335673831583,0.419768424325
199,10,0.309436819375,0.348986700551
200,10,0.32816523013,0.406384750678
201,10,0.399589417353,0.498741775435
202,10,0.446828809314,0.536764793693
203,10,0.41838131619,0.501065659631
204,10,0.353334730264,0.484438910798
205,10,0.60079950562,0.725557626943
206,10,0.778555115095,0.992931391004
207,10,0.554639401892,0.690399190269
208,10,0.525859927679,0.662727279075
209,10,0.413297429816,0.5213077894
210,10,0.445195753856,0.582876513991
211,10,1.10231749445,1.40364573647
212,10,0.499155197568,0.613669920008
213,10,0.673682756891,0.858930986959
214,10,0.782286036098,1.20099900705
215,10,0.759560103204,1.09045570176
216,10,1.00659757621,1.25643864542
217,10,0.487927146651,0.597703709757
218,10,0.311574617781,0.379827408333
219,10,0.33366942354,0.435426720513
220,10,0.162978274375,0.215799593299
221,10,0.289710480097,0.364156859027
222,10,0.203015893126,0.251706131689
223,10,0.20946809351,0.25267699674
224,10,0.123343083033,0.173564799971
225,10,0.138360712821,0.167970876413
226,10,0.184805538582,0.228867694905
227,10,0.249772991928,0.317612163784
228,10,0.368910210409,0.508736321218
229,10,0.619195393114,0.78737532372
230,10,0.691544852082,0.876332273888
231,10,0.370234364647,0.49851964873
232,10,1.0223310532,1.182344963
233,10,0.980902005385,1.19321491405
234,10,0.92355442762,1.1759824774
235,10,0.751611552714,0.941629248559
236,10,0.393268580715,0.471366549648
237,10,0.385241910398,0.456078561106
238,10,0.399669828289,0.493823489024
239,10,0.528187289652,0.634053374526
240,10,0.338022562088,0.398983661274
241,10,0.239513230706,0.300504604335
242,10,0.434538639608,0.53476755202
243,10,0.694338888036,0.894318694069
244,10,1.03582865298,1.3630807554
245,10,0.707720649218,0.877731721708
246,10,0.81276740498,0.966140912938
247,10,0.640722320395,0.82517492034
248,10,0.429098027153,0.509647098645
249,10,0.256036855045,0.334275068434
250,10,0.268827495693,0.357222558028
251,10,0.300743648833,0.352599892476
252,10,0.230086726037,0.283254247819
253,10,0.291498674355,0.353407803796
254,10,0.158950293771,0.207184497842
255,10,0.134134020132,0.175153354454
256,10,0.133041791334,0.177038547537
257,10,0.190387142663,0.237888503176
258,10,0.169734394069,0.210958776401
259,10,0.135231734993,0.170166497623
260,10,0.333295229002,0.418224165051
261,10,0.300740837224,0.378556095627
262,10,0.206858556137,0.259190055798
263,10,0.204049035543,0.249302370211
264,10,0.383605898634,0.480770227364
265,10,0.420191238397,0.547932757576
266,10,0.281819058592,0.348807124108
267,10,0.250274697113,0.327437361172
268,10,0.331458023207,0.409085524649
269,10,0.208827311405,0.278156394169
270,10,0.219289812684,0.272529453614
271,10,0.253211300913,0.3184594307
272,10,0.130011242516,0.15579369609
273,10,0.20945059754,0.257348743372
274,10,0.1779791152,0.212421900298
275,10,0.197158615146,0.251145578088
276,10,0.385635475892,0.475559086474
277,10,0.240817834351,0.319615702067
278,10,0.139091089191,0.179175395411
279,10,0.135154738628,0.168921858872
280,10,0.161321418034,0.214968269002
281,10,0.190760119668,0.264119350757
282,10,0.236994408351,0.29743827469
283,10,0.16539319218,0.209646173622
284,10,0.190529662594,0.227272535143
285,10,0.139748834279,0.175317585286
286,10,0.177481554575,0.214989736326
287,10,0.127546424972,0.156170775304
288,10,0.139754801148,0.177602190685
289,10,0.147270493039,0.190973445042
290,10,0.196544634333,0.248878259692
291,10,0.126168356742,0.157925762253
292,10,0.103809563002,0.126853526973
293,10,0.152729111577,0.178989710091
294,10,0.136741141109,0.180717016558
295,10,0.157129651606,0.204532676211
296,10,0.133234097162,0.175967655674
297,10,0.141896484457,0.171862225027
298,10,0.214724710909,0.261799717041
299,10,0.129651269244,0.166460413955
300,10,0.131167399676,0.166010003792
301,10,0.136232670528,0.17206767797
302,10,0.150079623996,0.190369181139
303,10,0.19747782957,0.257057426902
304,10,0.123699555339,0.1555049097
305,10,0.149577037774,0.213785845487
306,10,0.1168145672,0.1568437119
307,10,0.11273875875,0.142585316082
308,10,0.22558025604,0.256964035958
309,10,0.230413774539,0.309425047145
310,10,0.167418097859,0.21009435373
311,10,0.456174144143,0.554413148374
312,10,0.405184473898,0.490959748955
313,10,0.628479484612,0.772832800136
314,10,0.432575532333,0.51675598819
315,10,0.314562965259,0.398859976811
316,10,0.245870750233,0.315167910942
317,10,0.273628491395,0.346261682664
318,10,0.252260148827,0.305382332884
319,10,0.362108041092,0.474974549496
320,10,0.177389864153,0.230305430878
321,10,0.156948135721,0.196142866155
322,10,0.141113148797,0.1873876445
323,10,0.306525947556,0.368187256669
324,10,0.251551416749,0.345744193458
325,10,0.26207138838,0.352106896365
326,10,0.203508559558,0.241317115366
327,10,0.470974647853,0.572699860546
328,10,0.260597448848,0.323057843576
329,10,0.172647604485,0.242877809644
330,10,0.156909408746,0.192222886439
331,10,0.143962009611,0.184931329413
332,10,0.334277526311,0.419547754214
333,10,0.570865136644,0.710106209236
334,10,0.535614129167,0.703605578556
335,10,0.543253735423,0.644048503516
