cycle,count,mae,rmse
50,10,0.116528578771,0.141748196571
51,10,0.140165582835,0.173322599815
52,10,0.139677063612,0.172499261131
53,10,0.127782303662,0.154772150196
54,10,0.0919862633702,0.111933014854
55,10,0.14899462736,0.179179359783
56,10,0.0892520966617,0.118084242162
57,10,0.120786497213,0.153980355629
58,10,0.183908869342,0.229478233241
59,10,0.172637364708,0.20764984165
60,10,0.197781385302,0.230214368243
61,10,0.124050216031,0.157367124594
62,10,0.197552760577,0.240163434657
63,10,0.182505321125,0.229791713777
64,10,0.286772909044,0.354315038191
65,10,0.166864754322,0.20997038745
66,10,0.478576748007,0.572024490969
67,10,0.589643598586,0.706620604371
68,10,0.172039765786,0.208391090344
69,10,0.300234372907,0.374426365604
70,10,0.398359622583,0.527696202957
71,10,0.14815005807,0.183313914034
72,10,0.21113386337,0.2490080206
73,10,0.309158568021,0.406780783046
74,10,0.134219260789,0.164661194455
75,10,0.0870733390229,0.103516333582
76,10,0.113666078346,0.141327143863
77,10,0.223384545162,0.283227696189
78,10,0.14099063364,0.17987731164
79,10,0.142438407036,0.169544160749
80,10,0.084901549356,0.10250157235
81,10,0.111437405174,0.140707168965
82,10,0.10880921468,0.138986266722
83,10,0.269854325566,0.330494206152
84,10,0.148992105756,0.194593571739
85,10,0.149557136335,0.175100214573
86,10,0.109944245118,0.138052426327
87,10,0.15503240788,0.194060042036
88,10,0.181761173652,0.2161596877
89,10,0.159008506763,0.197153756059
90,10,0.247942196958,0.312350823278
91,10,0.145351494352,0.184589897723
92,10,0.147941947518,0.179305030055
93,10,0.160442492682,0.190374272677
94,10,0.115595686431,0.146960411727
95,10,0.105762269913,0.129272935535
96,10,0.216808346107,0.28214623696
97,10,0.102607147267,0.125775648693
98,10,0.14284659487,0.17735832357
99,10,0.122455679198,0.155440215666
100,10,0.194644972456,0.243919034629
101,10,0.146907764188,0.185484284425
102,10,0.133219180287,0.162325976724
103,10,0.130768323694,0.168253119785
104,10,0.181919981298,0.216567201988
105,10,0.137825630721,0.170495273229
106,10,0.185452031853,0.229903023549
107,10,0.116033256492,0.140624802308
108,10,0.160088468607,0.190928472581
109,10,0.128245874942,0.166687106518
110,10,0.184267735701,0.257764036704
111,10,0.14455301086,0.18109188507
112,10,0.135557099066,0.171038962064
113,10,0.145353196262,0.183053025367
114,10,0.174985140882,0.214071900895
115,10,0.127988402249,0.157385729384
116,10,0.190365709086,0.236551486984
117,10,0.154940483213,0.190060759959
118,10,0.231292048203,0.284868707118
119,10,0.273708083219,0.350012072729
120,10,0.704345485837,0.93936965484
121,10,0.610464646459,0.790761344513
122,10,0.684902707876,0.824495328294
123,10,0.527426821612,0.619602790888
124,10,0.492752589363,0.607681928682
125,10,0.60470327023,0.743845362401
126,10,0.529869805683,0.683700107838
127,10,0.539605409922,0.699023800541
128,10,0.218754343008,0.276833278937
129,10,0.154144107102,0.223468869011
130,10,0.141480120854,0.176645834381
131,10,0.139507800421,0.184114883017
132,10,0.305961773734,0.379361721383
133,10,0.456960285028,0.588894894591
134,10,0.301792547551,0.372669444987
135,10,0.375048704268,0.427905278388
136,10,0.211080953679,0.245725078885
137,10,0.238231037156,0.299592210915
138,10,0.302951392497,0.371813592126
139,10,0.150748567163,0.176469421305
140,10,0.123745010864,0.146767892331
141,10,0.135635826143,0.172844603334
142,10,0.110326821382,0.145144185408
143,10,0.166455313289,0.230537483416
144,10,0.116241844948,0.14757965379
145,10,0.139550212922,0.162452258543
146,10,0.172450156605,0.212050598521
147,10,0.119003166535,0.143223366658
148,10,0.0983158402417,0.123447881153
149,10,0.0993405554703,0.124424161829
150,10,0.119810836624,0.148701980995
151,10,0.218299287929,0.250727097902
152,10,0.110770772289,0.138114956345
153,10,0.168077736711,0.210495615049
154,10,0.15709795324,0.244591743799
155,10,0.195846210844,0.259944430951
156,10,0.15952877725,0.20220222025
157,10,0.167532510307,0.209783615158
158,10,0.159280087993,0.206328505763
159,10,0.179952827964,0.233014789108
160,10,0.141445351694,0.171290149566
161,10,0.138918366832,0.17368367924
162,10,0.156442909431,0.189894255284
163,10,0.147480782732,0.1758439541
164,10,0.155609191162,0.188848435611
165,10,0.140676213611,0.181719619274
166,10,0.118302731769,0.159768153329
167,10,0.147979192586,0.183714229606
168,10,0.130737593229,0.163373181466
169,10,0.109323166075,0.142002048316
170,10,0.118627753383,0.144305917291
171,10,0.243895239415,0.282064397912
172,10,0.242922291341,0.30026111779
173,10,0.164815841135,0.194608351828
174,10,0.133934287094,0.166371586548
175,10,0.232983931073,0.287591757782
176,10,0.120357793111,0.143669015827
177,10,0.131280691839,0.157454552628
178,10,0.12791480313,0.163878639036
179,10,0.0771628143503,0.0940422843687
180,10,0.136762490393,0.171138487164
181,10,0.139188441224,0.169274571602
182,10,0.12946405927,0.159641517188
183,10,0.141355976299,0.173478255673
184,10,0.126829722408,0.158361162982
185,10,0.149641230203,0.182975991089
186,10,0.115547267629,0.144150900247
187,10,0.112528722097,0.14257860563
188,10,0.154863696351,0.182058454499
189,10,0.180487731389,0.211441706351
190,10,0.151593825708,0.187510397946
191,10,0.142308455395,0.18543386295
192,10,0.231428595749,0.264805338645
193,10,0.131619485111,0.150821297261
194,10,0.161905672488,0.185503279518
195,10,0.114003350506,0.139026695885
196,10,0.215774918952,0.263954140888
197,10,0.197571336186,0.257811266593
198,10,0.178883442881,0.242513887631
199,10,0.235406560255,0.274245371932
200,10,0.25021900905,0.30540951673
201,10,0.34684438995,0.421706821611
202,10,0.690191561355,0.824602183812
203,10,0.602773268736,0.706355973111
204,10,0.350117273756,0.481062453827
205,10,0.624243686244,0.735896550823
206,10,0.645979821372,0.811814665527
207,10,0.462067340569,0.532237812479
208,10,0.817512101277,0.974660481122
209,10,0.438562293422,0.554239452094
210,10,0.374221311063,0.466168842935
211,10,0.914873732803,1.1716670533
212,10,0.471223873531,0.569789896506
213,10,0.647390148053,0.785544936167
214,10,0.692293144397,0.897959820317
215,10,0.841463473989,1.10973533426
216,10,0.593279973856,0.746699876264
217,10,0.484219251152,0.577648877249
218,10,0.273067928332,0.313071273476
219,10,0.244208325979,0.324359973339
220,10,0.245164322042,0.327457659434
221,10,0.264977161422,0.347687167417
222,10,0.265756323758,0.325902882688
223,10,0.121404499382,0.149362285246
224,10,0.171735650699,0.224714575362
225,10,0.141103701996,0.166109593357
226,10,0.16128121101,0.194854530908
227,10,0.161558221512,0.208166441287
228,10,0.491936134628,0.635975847877
229,10,0.502091510161,0.584046929202
230,10,0.580041502161,0.68652186482
231,10,0.424095334726,0.512659215619
232,10,0.91706603,1.19472701075
233,10,0.948243366415,1.20531337844
234,10,0.915245157344,1.0602750957
235,10,0.493826063596,0.614238506636
236,10,0.458230452472,0.54038298622
237,10,0.524621127545,0.663916196784
238,10,0.414176309056,0.587929841716
239,10,0.38738397938,0.47719313536
240,10,0.257828870655,0.324831129809
241,10,0.311019539725,0.376809578389
242,10,0.429211486417,0.529981985093
243,10,0.653333371563,0.834377271948
244,10,0.767964144272,0.927312409898
245,10,0.994633780699,1.20441376386
246,10,0.545488377827,0.663819093626
247,10,0.4678762199,0.575683980582
248,10,0.493314898142,0.622478082828
249,10,0.263749040227,0.344762564659
250,10,0.319803499196,0.393601591992
251,10,0.228432798871,0.284494379377
252,10,0.293674602964,0.3417912474
253,10,0.262696756291,0.306471236913
254,10,0.170950343135,0.22143914311
255,10,0.151336628361,0.179154717086
256,10,0.139311556561,0.177400317032
257,10,0.17518803423,0.212274675358
258,10,0.121942761417,0.150197193422
259,10,0.14735902691,0.180755117327
260,10,0.237611923888,0.30472418905
261,10,0.19540233099,0.248272387832
262,10,0.25454413621,0.332157176906
263,10,0.190682634543,0.258218913816
264,10,0.449556002443,0.545112352881
265,10,0.414178488325,0.537244402067
266,10,0.308373082802,0.383867731459
267,10,0.26851739833,0.346014158507
268,10,0.231538430667,0.287095041311
269,10,0.295031576431,0.367798856011
270,10,0.259992343994,0.318831647603
271,10,0.166497746921,0.195016268433
272,10,0.130012786995,0.150939859346
273,10,0.117188675934,0.151889898316
274,10,0.155615247562,0.187959846768
275,10,0.143636378052,0.180431072266
276,10,0.395852551272,0.479474748823
277,10,0.241840817864,0.274108887875
278,10,0.166939344317,0.230614285291
279,10,0.132541599284,0.183828136563
280,10,0.15978233036,0.208683864514
281,10,0.183819528703,0.254813960698
282,10,0.197699861193,0.229587478012
283,10,0.148676908128,0.191677050516
284,10,0.193806902348,0.228868897852
285,10,0.1655026132,0.217575366999
286,10,0.16161443966,0.196676268328
287,10,0.17450303143,0.22828998218
288,10,0.156511797571,0.204469103381
289,10,0.214151014724,0.272103698501
290,10,0.130953405099,0.190448981839
291,10,0.162976067369,0.189508509042
292,10,0.117044347138,0.139681608229
293,10,0.118379252132,0.143783614626
294,10,0.100311585268,0.144291496124
295,10,0.119276660708,0.1597242292
296,10,0.119843167867,0.147718367716
297,10,0.256108516816,0.295153818837
298,10,0.193016009582,0.247721675557
299,10,0.137856258092,0.187141385421
300,10,0.136968585764,0.171496934621
301,10,0.224056075048,0.268149595469
302,10,0.125383728365,0.155012864416
303,10,0.1321351464,0.163248248625
304,10,0.125382055176,0.154797967886
305,10,0.135179244354,0.175794598283
306,10,0.177791299975,0.23921274151
307,10,0.149338685222,0.199795513541
308,10,0.149289347943,0.18013743041
309,10,0.204366697275,0.268779362998
310,10,0.325317036879,0.414900250449
311,10,0.267931474002,0.330150607666
312,10,0.343472267835,0.420100590261
313,10,0.763598589239,0.922202288254
314,10,0.280681254922,0.363790933334
315,10,0.260974846815,0.316804069822
316,10,0.218992088272,0.299385084469
317,10,0.276076104482,0.351400749083
318,10,0.226104645119,0.28008741927
319,10,0.262425607741,0.328504831237
320,10,0.129308663292,0.174748550092
321,10,0.199304114247,0.250995159721
322,10,0.135781501659,0.179098786867
323,10,0.231935037401,0.317838694385
324,10,0.145479032687,0.195555965395
325,10,0.181627105048,0.239964125082
326,10,0.249784510072,0.313343564593
327,10,0.663160482669,0.798428719083
328,10,0.245740398721,0.312183596301
329,10,0.256668336616,0.31865580698
330,10,0.163063491644,0.205570095898
331,10,0.18190403241,0.235324272394
332,10,0.428690092639,0.556898691547
333,10,0.433132728223,0.53103097896
334,10,0.369494508679,0.476063516206
335,10,0.593355935051,0.759556479124
