cycle,count,mae,rmse
50,15,0.15638951641,0.189222769023
51,15,0.135900648775,0.165338641634
52,15,0.137004838597,0.164525354976
53,15,0.141558492707,0.178017373792
54,15,0.116006691763,0.138439076629
55,15,0.114272966023,0.139638677648
56,15,0.14163007299,0.16611673575
57,15,0.114574922744,0.141088681859
58,15,0.17311047373,0.204340568975
59,15,0.185483636546,0.229925551492
60,15,0.138926357768,0.166752095643
61,15,0.148052667227,0.176969867706
62,15,0.200911471712,0.245762699335
63,15,0.163696930348,0.203943425789
64,15,0.216542338216,0.26602437735
65,15,0.211571057807,0.256042482073
66,15,0.39013500936,0.459347247361
67,15,0.585171605643,0.685424520731
68,15,0.194993291121,0.240998467735
69,15,0.30601327522,0.359426084223
70,15,0.442908979424,0.554131437538
71,15,0.191727793466,0.233256969285
72,15,0.320112262431,0.404391158908
73,15,0.492081634287,0.607491196515
74,15,0.162576779129,0.196098526058
75,15,0.0926106751611,0.109097235379
76,15,0.147079225011,0.186868058525
77,15,0.190962110265,0.257293034351
78,15,0.139630189287,0.174798777954
79,15,0.127539795902,0.158082415205
80,15,0.156653836668,0.177766953013
81,15,0.108879195601,0.138122621146
82,15,0.185617328471,0.233705535131
83,15,0.247140712322,0.279991052809
84,15,0.125290973517,0.151803689717
85,15,0.165484353667,0.202228945921
86,15,0.138253265102,0.166202479885
87,15,0.111139823614,0.139845991023
88,15,0.216529292935,0.267499415439
89,15,0.197108492766,0.232598612096
90,15,0.197182656586,0.24661342032
91,15,0.114886073323,0.140946610055
92,15,0.143714839438,0.174415062258
93,15,0.160642235462,0.197787644769
94,15,0.11664485512,0.149655793087
95,15,0.165539616348,0.204028768555
96,15,0.246151219984,0.312457078526
97,15,0.137576908423,0.167837192077
98,15,0.137256491344,0.172478621583
99,15,0.207798381101,0.249452696745
100,15,0.148676248487,0.186833636979
101,15,0.262085174312,0.313529152549
102,15,0.146194564557,0.171803506951
103,15,0.123694207351,0.153376645828
104,15,0.135368490037,0.16081953671
105,15,0.172577094921,0.210791442381
106,15,0.113690887406,0.144925685621
107,15,0.18319658323,0.216122544585
108,15,0.158991952494,0.20157059454
109,15,0.160946790038,0.208179043407
110,15,0.194371972343,0.260757084764
111,15,0.177775363622,0.217194706359
112,15,0.14154640266,0.174610651238
113,15,0.20676076132,0.281793981577
114,15,0.197530458558,0.242392500366
115,15,0.113824435827,0.145526160902
116,15,0.16760772359,0.201499743783
117,15,0.159174981889,0.204839053433
118,15,0.203944111008,0.253192041462
119,15,0.291073655945,0.351346890182
120,15,0.762237972058,0.934390298702
121,15,0.550149953552,0.665005449381
122,15,0.639135828275,0.811505403242
123,15,0.549786696614,0.67637605636
124,15,0.416753543075,0.529040690723
125,15,0.542808839863,0.684895564831
126,15,0.474540482757,0.59194879633
127,15,0.495754128544,0.727518780829
128,15,0.197784109226,0.249565273457
129,15,0.153583617354,0.238161797706
130,15,0.132601970856,0.163219222974
131,15,0.180928711569,0.223849972931
132,15,0.302829313326,0.375026415904
133,15,0.284711439211,0.356433542979
134,15,0.346074860643,0.457934531453
135,15,0.423759055119,0.528296214459
136,15,0.27891843399,0.358154912671
137,15,0.238412250737,0.306305978644
138,15,0.217627690815,0.299753695155
139,15,0.22340424392,0.276575730203
140,15,0.191453141791,0.23599937224
141,15,0.116911431284,0.143035152228
142,15,0.115497211619,0.146145615611
143,15,0.184935130793,0.242776602752
144,15,0.121772252975,0.151630068782
145,15,0.109224788183,0.138087039357
146,15,0.0816893940895,0.102495832237
147,15,0.146704154551,0.171282215637
148,15,0.0831693501601,0.103480578948
149,15,0.156437484455,0.191029497064
150,15,0.123727723007,0.153958323691
151,15,0.0892183124921,0.109956665112
152,15,0.128456811259,0.16130871633
153,15,0.168698921132,0.218319448926
154,15,0.237570579301,0.309156652147
155,15,0.21859160118,0.282830691596
156,15,0.168506705598,0.200252618283
157,15,0.176082160456,0.215108068922
158,15,0.187922352856,0.236804622819
159,15,0.140519361514,0.174549990965
160,15,0.122799342749,0.157184855707
161,15,0.105987256956,0.138543911051
162,15,0.140352019003,0.173081940095
163,15,0.13704232858,0.16609715675
164,15,0.104170283599,0.134129226153
165,15,0.1438665681,0.186290702651
166,15,0.0887903460445,0.125429328146
167,15,0.20387071501,0.24460961144
168,15,0.139274247448,0.163899110269
169,15,0.103375311977,0.128557839241
170,15,0.170309875357,0.21444990467
171,15,0.211884129327,0.269788023306
172,15,0.119352099898,0.160554593145
173,15,0.208903881887,0.264898204764
174,15,0.148797992796,0.188427017434
175,15,0.103760520083,0.137673402633
176,15,0.124206621101,0.157595031385
177,15,0.148739834325,0.173070840589
178,15,0.109530085564,0.132115196136
179,15,0.101130214634,0.118870527037
180,15,0.0790245471449,0.102780118805
181,15,0.113339128449,0.137713294237
182,15,0.128213535419,0.152278362864
183,15,0.118520660997,0.139688672268
184,15,0.0740355444918,0.0919152520658
185,15,0.135123305266,0.158230957339
186,15,0.113402346766,0.147130936248
187,15,0.116171164327,0.144612403989
188,15,0.108247074314,0.133552044164
189,15,0.1193603846,0.146984012662
190,15,0.103286903549,0.137576812708
191,15,0.147811429082,0.17224083694
192,15,0.129148926921,0.168811781732
193,15,0.148248994464,0.170431675204
194,15,0.161098973931,0.183255223913
195,15,0.11837496822,0.154299411161
196,15,0.11622940903,0.171611902337
197,15,0.183125101366,0.255652933574
198,15,0.154115226741,0.28065084028
199,15,0.215130700407,0.263410315298
200,15,0.249293064077,0.308180729028
201,15,0.40974119764,0.521836304275
202,15,0.564909080765,0.68467411375
203,15,0.38346996632,0.452743446364
204,15,0.31279423036,0.374919355807
205,15,0.493172109668,0.559165864762
206,15,0.515502421445,0.657549121138
207,15,0.481554019879,0.588454248705
208,15,0.474468645692,0.598399355099
209,15,0.388660299774,0.50202198864
210,15,0.684081612782,0.902986359657
211,15,0.999124760798,1.25174835698
212,15,0.464021763472,0.533283156422
213,15,0.569191916508,0.706142365525
214,15,0.675435900248,1.05868855312
215,15,0.726957063574,0.963384266122
216,15,0.558960617164,0.695833967115
217,15,0.380103659411,0.468248002453
218,15,0.31663075527,0.390926905739
219,15,0.292329951196,0.364426252425
220,15,0.190810312603,0.239107591137
221,15,0.284910955281,0.367050661625
222,15,0.216154785369,0.269192886851
223,15,0.141243207688,0.173674309074
224,15,0.150714537926,0.198193921036
225,15,0.225512788658,0.254874228057
226,15,0.179038727394,0.217968029945
227,15,0.223322454827,0.288355197441
228,15,0.259182593987,0.339895447659
229,15,0.433278556277,0.52851466487
230,15,0.579823699601,0.724358249032
231,15,0.348805289807,0.428678117495
232,15,0.723609430168,0.896618147425
233,15,0.923129066057,1.12740802638
234,15,0.594381647344,0.752157287342
235,15,0.568868347797,0.6891579388
236,15,0.346087213002,0.451250703683
237,15,0.343231917384,0.416438896711
238,15,0.340412393079,0.418304530286
239,15,0.378255467788,0.519871623212
240,15,0.220120102315,0.27231402799
241,15,0.246889110186,0.306050950864
242,15,0.466542456982,0.564061600844
243,15,0.403134220073,0.494628890526
244,15,0.780998390154,0.974666819839
245,15,0.948189134808,1.24054149586
246,15,0.787835070642,0.927270469579
247,15,0.484331081786,0.604482792176
248,15,0.321693990198,0.419613788551
249,15,0.382742380962,0.45850571494
250,15,0.334598008756,0.414585018539
251,15,0.252814493198,0.317070793709
252,15,0.222942139866,0.287980449964
253,15,0.363683334228,0.426350612118
254,15,0.1509155116,0.190868529227
255,15,0.118374683315,0.150337304129
256,15,0.140648958397,0.17747378304
257,15,0.14014175975,0.172409061555
258,15,0.139746354486,0.176942091581
259,15,0.155316306535,0.193120402414
260,15,0.173973845844,0.200058815018
261,15,0.175862735154,0.232082038317
262,15,0.244012913809,0.309335740179
263,15,0.187286059549,0.251268392985
264,15,0.375930906538,0.477326577539
265,15,0.338094804781,0.449305079019
266,15,0.358649352367,0.45554644155
267,15,0.293417007187,0.375795293856
268,15,0.262675079395,0.350896046356
269,15,0.306359202206,0.373749813733
270,15,0.237525841056,0.292517703908
271,15,0.15183491964,0.18013879671
272,15,0.1685659721,0.210689152902
273,15,0.150999707554,0.19044164763
274,15,0.126809600015,0.153216277297
275,15,0.123920054179,0.179132259854
276,15,0.402390998057,0.488896489924
277,15,0.138661992666,0.179128313632
278,15,0.0962560867234,0.126903107539
279,15,0.157785866637,0.215173824327
280,15,0.179759644033,0.241492850635
281,15,0.208769933106,0.289169370702
282,15,0.174386722471,0.215408169086
283,15,0.167195291868,0.208156617854
284,15,0.162559167435,0.190041078961
285,15,0.113823623201,0.139259761915
286,15,0.147922338883,0.180936547556
287,15,0.106074902111,0.127036371446
288,15,0.178232830834,0.222503557576
289,15,0.167100030397,0.22697282295
290,15,0.225732970144,0.27373365333
291,15,0.138702653465,0.166123965595
292,15,0.0920133945001,0.122042754934
293,15,0.124239996546,0.146426415126
294,15,0.10815407233,0.152320866951
295,15,0.155567605233,0.198856593976
296,15,0.116483976682,0.150858069658
297,15,0.126002452523,0.150399697438
298,15,0.145364007226,0.189176358844
299,15,0.126356510375,0.157670605095
300,15,0.185154118616,0.244055448922
301,15,0.137038424833,0.172915191553
302,15,0.136686688176,0.168847733471
303,15,0.135991899385,0.161903742144
304,15,0.110575858199,0.145781669826
305,15,0.183798331183,0.247828767427
306,15,0.0907916180704,0.117300776074
307,15,0.11708253394,0.149193944509
308,15,0.102087670216,0.127072593478
309,15,0.240892650653,0.318693415341
310,15,0.243777023561,0.299860461432
311,15,0.220663124708,0.275180822255
312,15,0.374456624328,0.469186043935
313,15,0.543665584329,0.722756644605
314,15,0.259331714892,0.331407702367
315,15,0.23507157707,0.298551243768
316,15,0.221550567646,0.286786750139
317,15,0.262066808748,0.343278086732
318,15,0.187668603159,0.234559605118
319,15,0.223348033282,0.29034360214
320,15,0.164383893708,0.207291235048
321,15,0.128892031359,0.162611618947
322,15,0.125533490239,0.163713249525
323,15,0.186813640437,0.25159994505
324,15,0.11271410114,0.144217712633
325,15,0.168486413175,0.217536742954
326,15,0.189389630959,0.24352078518
327,15,0.426811795525,0.517313680665
328,15,0.203765859502,0.272019983473
329,15,0.162727965458,0.209011732255
330,15,0.308364337309,0.366382286513
331,15,0.172915332184,0.225563417071
332,15,0.296373323323,0.373477779078
333,15,0.375825137731,0.440850326841
334,15,0.45053597182,0.633454339327
335,15,0.404231410343,0.501625396975
