cycle,count,mae,rmse
50,5,0.14355580986,0.169721078174
51,5,0.152733510538,0.188278082162
52,5,0.106217351986,0.125149417135
53,5,0.239072916208,0.271499824724
54,5,0.188230046979,0.209381443066
55,5,0.11333653126,0.144986801614
56,5,0.0935315114953,0.128262503903
57,5,0.113139383631,0.136549211221
58,5,0.173250385088,0.215913025079
59,5,0.248801202162,0.277555208508
60,5,0.124645283872,0.154009066626
61,5,0.135080106243,0.166133568654
62,5,0.127058838569,0.147889520379
63,5,0.210809629965,0.249212707544
64,5,0.244124944275,0.309843255901
65,5,0.216943527038,0.264794406083
66,5,0.317059695158,0.428181802923
67,5,0.573412368458,0.648938293878
68,5,0.131734146515,0.166295537675
69,5,0.308798205424,0.354549691445
70,5,0.386410741039,0.562483808055
71,5,0.227033188029,0.291141844401
72,5,0.173896847255,0.220849687508
73,5,0.377640248219,0.453942049358
74,5,0.124356362521,0.1550085214
75,5,0.0919196847753,0.108472394927
76,5,0.138817066487,0.175606737141
77,5,0.159903917374,0.21389041325
78,5,0.229379735213,0.272013320399
79,5,0.106091942219,0.13425646293
80,5,0.221024368019,0.262989976385
81,5,0.17485278763,0.199987262464
82,5,0.163860607384,0.20346450283
83,5,0.218885944854,0.282094201304
84,5,0.183298651807,0.235199247901
85,5,0.156774321908,0.188923537487
86,5,0.10854866088,0.129613147279
87,5,0.106175528887,0.137750395774
88,5,0.223404813417,0.288880783158
89,5,0.235673287892,0.274622751602
90,5,0.21362006692,0.27526824884
91,5,0.108824289908,0.149679712204
92,5,0.156657839859,0.199737847561
93,5,0.202382710394,0.231210968908
94,5,0.169268021566,0.205031904834
95,5,0.181490787374,0.216218022296
96,5,0.308614455507,0.394438219977
97,5,0.115132292903,0.143162340717
98,5,0.130462046543,0.158445885364
99,5,0.115834334792,0.137488494478
100,5,0.201294618256,0.239136957254
101,5,0.10211049232,0.125642996866
102,5,0.139749598414,0.177417557829
103,5,0.163869140632,0.199820882594
104,5,0.245541073397,0.280037225331
105,5,0.211129453301,0.248104382688
106,5,0.176655410074,0.214993272185
107,5,0.108494518821,0.141312923839
108,5,0.198827263491,0.22816290782
109,5,0.236983008532,0.293609269571
110,5,0.272605818736,0.338667009554
111,5,0.216261864651,0.26659405042
112,5,0.172364571484,0.211145952057
113,5,0.374006578704,0.419167676911
114,5,0.148584234485,0.188333310611
115,5,0.162673994912,0.202145717337
116,5,0.21204727166,0.278154570326
117,5,0.263049515631,0.301911617634
118,5,0.198699226363,0.263212536491
119,5,0.36103270899,0.50081584171
120,5,0.664770289645,0.899663824665
121,5,0.59751926531,0.709873043333
122,5,0.75099931983,0.933580547324
123,5,0.578487935601,0.692296597476
124,5,0.423567077509,0.521340558019
125,5,0.472440136435,0.586406723095
126,5,0.552680837477,0.744969224615
127,5,0.43683899006,0.596018966311
128,5,0.173468385929,0.206874929415
129,5,0.157405901597,0.23773398927
130,5,0.204508138739,0.24074298185
131,5,0.206868176168,0.248457788644
132,5,0.320115608335,0.428997881876
133,5,0.46787835531,0.587243974163
134,5,0.533780187241,0.615323543724
135,5,0.637518771233,0.740080272689
136,5,0.335093983568,0.418670165763
137,5,0.416931300333,0.473899445466
138,5,0.238553494735,0.303932929257
139,5,0.158689771004,0.192621891461
140,5,0.149797964749,0.18444299621
141,5,0.136796285846,0.173397435251
142,5,0.198434936605,0.253333294636
143,5,0.174149647865,0.235510315392
144,5,0.122397690816,0.161931565517
145,5,0.12611088609,0.15217998682
146,5,0.244314936749,0.287032154034
147,5,0.155292576803,0.19168319183
148,5,0.160387148603,0.199901087854
149,5,0.115717410712,0.14558549047
150,5,0.167000131645,0.18718181667
151,5,0.169831214903,0.199639002955
152,5,0.103438808378,0.133281591482
153,5,0.22559842337,0.278668153413
154,5,0.183351205193,0.274673802083
155,5,0.195841595037,0.270556182712
156,5,0.33896424929,0.377651334183
157,5,0.233868975492,0.274274035934
158,5,0.182249811507,0.231837577216
159,5,0.106623525981,0.144612096351
160,5,0.139476493229,0.168724975678
161,5,0.114343741544,0.151195552588
162,5,0.127629429011,0.156336676882
163,5,0.207411836858,0.255989895818
164,5,0.168304055013,0.199997696373
165,5,0.124564848089,0.167220249784
166,5,0.150859656107,0.190724140463
167,5,0.21217247211,0.245615641236
168,5,0.153945486104,0.177759328199
169,5,0.150794943514,0.183348491307
170,5,0.126091801727,0.153595198395
171,5,0.157114876903,0.194147278343
172,5,0.154145400582,0.191557615991
173,5,0.141755732706,0.179009169218
174,5,0.172256956359,0.218264853956
175,5,0.184246372788,0.244283259564
176,5,0.154308080398,0.199520006772
177,5,0.130460777454,0.171612227751
178,5,0.11443207799,0.140476506538
179,5,0.0828511614242,0.101850649907
180,5,0.145506307962,0.172753836966
181,5,0.257444833024,0.292139807642
182,5,0.209344090048,0.245175124326
183,5,0.080940703268,0.0929247125464
184,5,0.0938250978755,0.115820481305
185,5,0.226218539714,0.246580573262
186,5,0.224291665172,0.251454529655
187,5,0.130791618644,0.162530043723
188,5,0.13018439111,0.164561807974
189,5,0.187666225406,0.219147402861
190,5,0.232400940158,0.275749688229
191,5,0.108062574302,0.157247143482
192,5,0.113373157296,0.153019684192
193,5,0.16219880091,0.188356875056
194,5,0.103109391378,0.127028717609
195,5,0.0816440298167,0.103639705326
196,5,0.219494406119,0.245347059319
197,5,0.216754852937,0.273968051617
198,5,0.280369325939,0.392910083834
199,5,0.297288155976,0.338565603482
200,5,0.254186915304,0.317154479486
201,5,0.365616437128,0.438896297944
202,5,0.766242894569,0.884662920464
203,5,0.536799624127,0.645086967776
204,5,0.395799312009,0.531168424154
205,5,0.518042240351,0.600645257632
206,5,0.649279613089,0.784778164962
207,5,0.469967651728,0.562409900171
208,5,0.639464174131,0.778148810338
209,5,0.74414764958,0.929697070467
210,5,0.808903755256,0.985209617464
211,5,0.911262227508,1.07311216153
212,5,0.540028006367,0.645421641436
213,5,0.779155849627,1.01272979129
214,5,0.737827585572,1.13414639994
215,5,0.743477899846,1.09311061496
216,5,0.68340533203,0.851013606774
217,5,0.636331176662,0.793021349859
218,5,0.263097242007,0.325052523421
219,5,0.264411274069,0.37472620079
220,5,0.311020760644,0.363771995564
221,5,0.274281141659,0.335622678032
222,5,0.25844585921,0.299685420534
223,5,0.129313131662,0.15948172306
224,5,0.129004791118,0.165958671349
225,5,0.154530184212,0.18781013776
226,5,0.262780466106,0.327124639043
227,5,0.175639452844,0.228400898603
228,5,0.331690956714,0.430961368063
229,5,0.572952260347,0.733855164645
230,5,0.650960432371,0.805693689678
231,5,0.643506481945,0.774606920232
232,5,0.979235117422,1.16412014266
233,5,0.838376544087,1.00726181166
234,5,0.690126769372,0.892889100572
235,5,0.746265271219,0.942771584033
236,5,0.558504531245,0.655514414708
237,5,0.460769089491,0.536463215605
238,5,0.440332577082,0.5209911351
239,5,0.503734621671,0.648734650617
240,5,0.270753341866,0.316935286366
241,5,0.255741524398,0.306777268407
242,5,0.765107907689,0.909776343807
243,5,0.828473489435,1.07266522006
244,5,0.851557047986,1.05974076094
245,5,1.05470146683,1.21598992398
246,5,0.775044567672,0.980237787836
247,5,0.766476863249,0.919271646251
248,5,0.518514369578,0.603534043693
249,5,0.407047597732,0.493805048745
250,5,0.519122883271,0.646857271661
251,5,0.514627255959,0.625189729642
252,5,0.244176548958,0.289033922984
253,5,0.386907173427,0.45180317239
254,5,0.176353805955,0.237194666014
255,5,0.103779443745,0.133983128172
256,5,0.143886253482,0.18662776337
257,5,0.291474488762,0.321939260146
258,5,0.131117387959,0.175111411509
259,5,0.140071532463,0.190341137781
260,5,0.287132050437,0.334844823109
261,5,0.286602319476,0.351012736288
262,5,0.252113611717,0.307252259772
263,5,0.22237244071,0.273783446255
264,5,0.318886687801,0.43638873486
265,5,0.468530500109,0.608956156681
266,5,0.400729750502,0.501175904033
267,5,0.314025818849,0.402986382065
268,5,0.339993748769,0.406850952113
269,5,0.201123088097,0.263880997002
270,5,0.203295859585,0.257173700779
271,5,0.329940465035,0.408290240581
272,5,0.213522524268,0.261898807335
273,5,0.240676419156,0.296989047992
274,5,0.232797631586,0.275039701669
275,5,0.185272201005,0.23538723136
276,5,0.350843213127,0.448920859055
277,5,0.183096859191,0.231736918656
278,5,0.201158376546,0.2677935542
279,5,0.288627745285,0.40754718282
280,5,0.246926618233,0.297347348363
281,5,0.275826718734,0.361964863646
282,5,0.200418241802,0.236525423701
283,5,0.1774315516,0.227222188988
284,5,0.152533003968,0.194199405182
285,5,0.125316072732,0.157437269418
286,5,0.184309633827,0.223035054341
287,5,0.279948575437,0.383348002653
288,5,0.225360053922,0.275299230647
289,5,0.304992108251,0.371427629964
290,5,0.174639706753,0.229060039141
291,5,0.220167851219,0.259977982758
292,5,0.27536071179,0.317845448872
293,5,0.203764968366,0.231365389161
294,5,0.17891806066,0.224919232043
295,5,0.224917835125,0.2854995962
296,5,0.172527666512,0.219168526374
297,5,0.16429900862,0.212195450155
298,5,0.134705218705,0.172953248771
299,5,0.123526254857,0.159296663937
300,5,0.260085587254,0.304326353795
301,5,0.168859075042,0.202311812755
302,5,0.300359891506,0.332576505003
303,5,0.197247693088,0.25215817077
304,5,0.259658392761,0.316852705976
305,5,0.142979027445,0.181023818359
306,5,0.111511708207,0.137247920587
307,5,0.143504873142,0.170747036505
308,5,0.122969847686,0.155030419057
309,5,0.237262906309,0.30247926228
310,5,0.254806009602,0.312689165018
311,5,0.248454240846,0.302162936319
312,5,0.431209296075,0.522170738837
313,5,0.513877972115,0.644274978277
314,5,0.293730937821,0.376564268578
315,5,0.242189415609,0.309505950426
316,5,0.242302825972,0.298912235082
317,5,0.341252993842,0.441169784011
318,5,0.238649360482,0.320079720336
319,5,0.376304997019,0.472076539519
320,5,0.193997838374,0.24800432547
321,5,0.147076318463,0.174876528747
322,5,0.265433855136,0.32453135791
323,5,0.175610582376,0.241317551667
324,5,0.142322381897,0.187389869456
325,5,0.263499403673,0.344130759229
326,5,0.212885620334,0.276361879665
327,5,0.44329652844,0.543005635068
328,5,0.294723253482,0.371223697688
329,5,0.208521846911,0.272618348565
330,5,0.172394125065,0.198985829237
331,5,0.211310985776,0.26442402437
332,5,0.41722692098,0.490122472842
333,5,0.53693919035,0.674799506323
334,5,0.58199137644,0.694956579573
335,5,0.539558163156,0.653426265999
