cycle,count,mae,rmse
50,25,0.106704173358,0.132946690421
51,25,0.113659744431,0.136640239639
52,25,0.139123940254,0.165579711658
53,25,0.119410305947,0.147736852313
54,25,0.0912542235345,0.108976755478
55,25,0.120636348578,0.148854792891
56,25,0.105199623854,0.137127400873
57,25,0.12680598376,0.156257902803
58,25,0.15043806506,0.182344887732
59,25,0.188523809723,0.225978615245
60,25,0.128200865384,0.151874731971
61,25,0.153089790402,0.192183629914
62,25,0.143771720811,0.174216975002
63,25,0.147687499518,0.194518628536
64,25,0.185250514909,0.225894335949
65,25,0.209214904265,0.246127380409
66,25,0.271359281204,0.335719763797
67,25,0.398963867016,0.464435876819
68,25,0.228541764431,0.2742223268
69,25,0.251971101646,0.316710519646
70,25,0.378443961615,0.453643734552
71,25,0.284527705862,0.350555508255
72,25,0.204386038151,0.24412870197
73,25,0.376053594538,0.437432530725
74,25,0.154239296368,0.181063179982
75,25,0.10438521553,0.130016770456
76,25,0.161485768382,0.210231577057
77,25,0.203353751744,0.267311014056
78,25,0.181806415778,0.220678697619
79,25,0.105021043353,0.126545695613
80,25,0.133708229201,0.161701384422
81,25,0.096547104428,0.123306927068
82,25,0.135722054916,0.166325125773
83,25,0.269138775382,0.33062617955
84,25,0.125868451532,0.148236659731
85,25,0.14055021462,0.165716849296
86,25,0.105014053685,0.13085972761
87,25,0.202566427098,0.242587637752
88,25,0.207770990861,0.24988751818
89,25,0.134262627022,0.164498811842
90,25,0.207059388721,0.264177017943
91,25,0.165712836006,0.204257720201
92,25,0.133706899204,0.17030505634
93,25,0.188402911266,0.230630576478
94,25,0.129504504695,0.155128986604
95,25,0.10983450343,0.13463680048
96,25,0.326156481816,0.383353003112
97,25,0.0859017001918,0.106790781711
98,25,0.144185516091,0.173290399957
99,25,0.182326385837,0.222064198472
100,25,0.15399005945,0.184929650581
101,25,0.120046994697,0.146176624218
102,25,0.152767389469,0.177500976617
103,25,0.0924716230856,0.117559390442
104,25,0.186221343719,0.226861465761
105,25,0.155405318631,0.188488863869
106,25,0.1870375138,0.220790095356
107,25,0.13296503102,0.163047869687
108,25,0.156601908914,0.192510792111
109,25,0.112423670804,0.147076440048
110,25,0.157664130167,0.223505930771
111,25,0.169503554342,0.204669498797
112,25,0.183332845712,0.225573456224
113,25,0.122487757958,0.151570323916
114,25,0.154158915186,0.203839686523
115,25,0.113498626983,0.132686645768
116,25,0.137101546326,0.165883878177
117,25,0.135872775183,0.171296627331
118,25,0.174827022164,0.224236383622
119,25,0.309629702696,0.412344900861
120,25,0.83771259767,1.04655608388
121,25,0.603945772561,0.767448363638
122,25,0.888318799529,1.14826323844
123,25,0.523230172663,0.644707110569
124,25,0.401192463489,0.526341010697
125,25,0.681135975744,0.826650050809
126,25,0.507831126847,0.662351990998
127,25,0.593647645574,0.742968058957
128,25,0.186436609969,0.230770772827
129,25,0.219910369038,0.28462537774
130,25,0.121556827112,0.15739198058
131,25,0.139296102147,0.181436817375
132,25,0.253417078495,0.327946563557
133,25,0.355475280477,0.427029821449
134,25,0.367750354843,0.448556181748
135,25,0.356116389061,0.413298346281
136,25,0.280024030231,0.319534766201
137,25,0.30407850091,0.37688273193
138,25,0.210031484297,0.285749843598
139,25,0.193696892116,0.229205830889
140,25,0.139371647657,0.173723216908
141,25,0.115693209071,0.148853718176
142,25,0.146488828916,0.194385898423
143,25,0.146031568171,0.203534309905
144,25,0.110590171436,0.138458760747
145,25,0.113899285204,0.14216814914
146,25,0.106282667374,0.131455593964
147,25,0.182965922195,0.224884056399
148,25,0.11134181736,0.139577730514
149,25,0.099795970796,0.127147783896
150,25,0.092625110394,0.117668623305
151,25,0.153353830439,0.191209987861
152,25,0.120203520686,0.149889960699
153,25,0.162000299055,0.215995903368
154,25,0.167570321559,0.249922929772
155,25,0.194202651517,0.26471258206
156,25,0.114118276214,0.149792401061
157,25,0.197219889742,0.235994987268
158,25,0.245866364359,0.317657607881
159,25,0.113446161285,0.142910456554
160,25,0.13016185214,0.168534321501
161,25,0.10864490616,0.144236659426
162,25,0.143995516567,0.178682233951
163,25,0.104623827663,0.123526119423
164,25,0.109274046928,0.133226363497
165,25,0.116560864472,0.158448155458
166,25,0.130021668986,0.1675304137
167,25,0.157114860231,0.181963265278
168,25,0.123864910135,0.1509882187
169,25,0.119547197755,0.140809910451
170,25,0.114755666487,0.141735688612
171,25,0.175598104671,0.213764439065
172,25,0.146960969448,0.178764049384
173,25,0.206025088239,0.246468076323
174,25,0.170709285325,0.21749673884
175,25,0.193845834948,0.243933307366
176,25,0.124401111354,0.157528232622
177,25,0.122563115403,0.146986857613
178,25,0.0901280159952,0.111883939217
179,25,0.0896834557072,0.108150163435
180,25,0.132231352716,0.16449117025
181,25,0.121327419844,0.153640284888
182,25,0.124921909343,0.149632225151
183,25,0.109760521062,0.131763234197
184,25,0.0884333614063,0.106101281742
185,25,0.101616518125,0.125086537833
186,25,0.0905538023115,0.114339447969
187,25,0.100344360484,0.125908530447
188,25,0.113378605447,0.140402708431
189,25,0.111086922851,0.141057421961
190,25,0.15966454823,0.193137066443
191,25,0.149673866569,0.190764970279
192,25,0.148918860994,0.190440062234
193,25,0.152345684375,0.196351575675
194,25,0.114172446422,0.137188995874
195,25,0.0820889562988,0.100934469288
196,25,0.224433918509,0.264690460657
197,25,0.210253615803,0.256665595751
198,25,0.164869986359,0.259879819904
199,25,0.144028623564,0.205235793589
200,25,0.222525590684,0.289193276593
201,25,0.277476021822,0.331493074696
202,25,0.513451777363,0.599275017625
203,25,0.384404900427,0.450826005306
204,25,0.330192896502,0.426169643866
205,25,0.409677210262,0.478247625886
206,25,0.467132378474,0.570775236636
207,25,0.460645863542,0.576118880319
208,25,0.830116416887,0.996335682312
209,25,0.5640978439,0.70311102457
210,25,0.407591882178,0.503402456086
211,25,1.21895792761,1.46259642597
212,25,0.475994836294,0.600911473653
213,25,0.538129586942,0.69490837071
214,25,0.655455085668,0.883653826436
215,25,0.660591213842,0.876372848367
216,25,0.627586116941,0.841149505877
217,25,0.388553267666,0.495885398992
218,25,0.295437055463,0.352788990203
219,25,0.249599790006,0.319199651735
220,25,0.193807719895,0.253441895435
221,25,0.234777862697,0.304310847143
222,25,0.191069242628,0.241147983266
223,25,0.116620678195,0.140870279428
224,25,0.113533538289,0.162269040918
225,25,0.140552939332,0.173173605166
226,25,0.166123395111,0.198972237397
227,25,0.145707663947,0.190288447942
228,25,0.425248166869,0.487199021498
229,25,0.609923742827,0.824773393321
230,25,0.565441230366,0.681433278312
231,25,0.408939278694,0.494479958241
232,25,0.98745947287,1.1930200023
233,25,0.637436012568,0.732813950504
234,25,0.5927743735,0.70649809991
235,25,0.455260961525,0.540965200684
236,25,0.331150954505,0.415775304269
237,25,0.368938699092,0.44568322675
238,25,0.397756447681,0.48824158738
239,25,0.291248209946,0.394762231799
240,25,0.256822586012,0.32749767738
241,25,0.276780214317,0.346214316906
242,25,0.296658247857,0.376385696062
243,25,0.426449299083,0.519699776942
244,25,0.557757234613,0.750850340532
245,25,0.816029001324,1.0495020581
246,25,0.489751429584,0.59851530099
247,25,0.39461339765,0.497144931846
248,25,0.318114424809,0.392427676445
249,25,0.269152296837,0.347495827783
250,25,0.270717777012,0.334604529252
251,25,0.181175406058,0.235620785628
252,25,0.184960261611,0.239075075414
253,25,0.240911190555,0.281521841541
254,25,0.127172317888,0.162866779702
255,25,0.129074110721,0.156982992859
256,25,0.122060283703,0.154875147946
257,25,0.126288246584,0.157468674153
258,25,0.148282194023,0.188013536471
259,25,0.113258969874,0.149514216948
260,25,0.189095816525,0.232234842046
261,25,0.231570603749,0.289671287322
262,25,0.218689310101,0.277347344742
263,25,0.207752732811,0.26095804037
264,25,0.305821456331,0.428665044918
265,25,0.366057083401,0.465409311005
266,25,0.316492919923,0.38990293338
267,25,0.353090848604,0.450195857995
268,25,0.251844374906,0.314979076754
269,25,0.246640051829,0.322378469227
270,25,0.195791191348,0.245279516477
271,25,0.171056385578,0.20789169337
272,25,0.135751770996,0.165220163139
273,25,0.105591655535,0.131723046243
274,25,0.134370089284,0.163736373053
275,25,0.124242285876,0.157575200985
276,25,0.359134612771,0.447907201937
277,25,0.155088342411,0.197189063856
278,25,0.114377704027,0.158361466987
279,25,0.144045862009,0.198908229046
280,25,0.173584000213,0.224352469349
281,25,0.220241474381,0.294241964857
282,25,0.206686101165,0.250047483931
283,25,0.172440361017,0.205212912981
284,25,0.133348680849,0.157425524752
285,25,0.139882819128,0.170866114742
286,25,0.108875257204,0.139156749406
287,25,0.11962392115,0.145731399017
288,25,0.128652340722,0.164604742092
289,25,0.126873639468,0.16538870025
290,25,0.140292477902,0.183243915637
291,25,0.152840474616,0.178929843619
292,25,0.093689591895,0.123624273716
293,25,0.108124051797,0.134460041552
294,25,0.0743587083165,0.119372306783
295,25,0.1559187772,0.203277708929
296,25,0.0801914248876,0.105927116816
297,25,0.115190214234,0.136429520703
298,25,0.136180725615,0.176752244491
299,25,0.115017157851,0.151385563926
300,25,0.15079517252,0.190131453109
301,25,0.149796729273,0.18037096119
302,25,0.121562455367,0.150137715116
303,25,0.121177476222,0.162054366391
304,25,0.113642407334,0.145128080627
305,25,0.105801784651,0.139723066513
306,25,0.11668820199,0.155074508059
307,25,0.111157051431,0.138502305587
308,25,0.125952297376,0.15021337622
309,25,0.225352998033,0.29848198015
310,25,0.145731074,0.180728727224
311,25,0.210689052858,0.254202364283
312,25,0.348563223083,0.437343222109
313,25,0.480429262233,0.602050156641
314,25,0.313251343722,0.380823265959
315,25,0.175736428098,0.220560279516
316,25,0.173361901696,0.236869384595
317,25,0.183474743457,0.245904987552
318,25,0.18372074743,0.233529503674
319,25,0.234472535058,0.306675074236
320,25,0.141712304459,0.181783381338
321,25,0.106736532466,0.141060197978
322,25,0.0885934734554,0.12043497653
323,25,0.15097923118,0.187517846507
324,25,0.129410702633,0.161945638203
325,25,0.149595783628,0.187474094406
326,25,0.155390434101,0.199941335844
327,25,0.463795538578,0.546058098018
328,25,0.250540648173,0.318288992835
329,25,0.154883108608,0.195525302125
330,25,0.173329980901,0.210480606788
331,25,0.160181941908,0.20420643039
332,25,0.296396325838,0.342635499713
333,25,0.39211630717,0.475480548297
334,25,0.549154727108,0.636689461574
335,25,0.708991066563,0.91913052463
