cycle,count,mae,rmse
50,20,0.131764143545,0.157139396206
51,20,0.150088544045,0.186819609603
52,20,0.104369439392,0.130371960678
53,20,0.143694111773,0.175653885105
54,20,0.0874870434939,0.108703386773
55,20,0.1265889827,0.151389209167
56,20,0.0987355990396,0.122564931088
57,20,0.113068614664,0.142884692383
58,20,0.21225489082,0.257709025374
59,20,0.176723784653,0.212090635075
60,20,0.11921258681,0.14452560134
61,20,0.183790673553,0.231773482508
62,20,0.145054664538,0.177176896665
63,20,0.162892038274,0.201796969416
64,20,0.253954516741,0.311712975613
65,20,0.180558656823,0.214563721421
66,20,0.274459456297,0.348184347591
67,20,0.657090219768,0.780509596259
68,20,0.156862797323,0.193506395597
69,20,0.167043777738,0.204787639422
70,20,0.272773504188,0.36162254689
71,20,0.201607121869,0.241630493189
72,20,0.149758326428,0.181235735944
73,20,0.407168578465,0.49340268202
74,20,0.116455326324,0.138509459
75,20,0.120118843046,0.155436373866
76,20,0.146755238506,0.192234661173
77,20,0.191941678587,0.258068150876
78,20,0.166357694167,0.214002910538
79,20,0.126787678964,0.158712282534
80,20,0.125055307539,0.144564945949
81,20,0.121453393555,0.146544769817
82,20,0.146036810412,0.178052500665
83,20,0.213102002972,0.253690894642
84,20,0.148990033167,0.183504704543
85,20,0.138807738759,0.162951631184
86,20,0.105396022889,0.131128489759
87,20,0.136948542489,0.162579156421
88,20,0.240945696464,0.302101987532
89,20,0.181594436506,0.22141877262
90,20,0.201631888676,0.261158439857
91,20,0.11469954264,0.145734734768
92,20,0.171930215894,0.221617983727
93,20,0.129360447741,0.162841568315
94,20,0.123440840443,0.149470997497
95,20,0.128544422057,0.162321995908
96,20,0.211735241956,0.270146171714
97,20,0.0967697229796,0.119947229201
98,20,0.109001471671,0.131717309589
99,20,0.0984170376004,0.11901880565
100,20,0.194158418389,0.22590824507
101,20,0.112025278263,0.13883604488
102,20,0.169072295057,0.206854241081
103,20,0.101113696738,0.129146616616
104,20,0.124342600631,0.149705177704
105,20,0.288915261243,0.347495668592
106,20,0.312879581781,0.368890027562
107,20,0.107800694183,0.130441014722
108,20,0.130231832729,0.164333339072
109,20,0.122270284337,0.158187054752
110,20,0.142711915779,0.219592125254
111,20,0.144809748845,0.175512116267
112,20,0.151989131397,0.195225723729
113,20,0.170076306638,0.205587471874
114,20,0.178097245673,0.223907063527
115,20,0.109886287177,0.14248355993
116,20,0.207464202801,0.254953312366
117,20,0.158855337221,0.206953559744
118,20,0.180293324106,0.234768835509
119,20,0.31659582953,0.417131108885
120,20,0.825687054496,1.07983730808
121,20,0.566216862285,0.725107386378
122,20,0.746204260348,0.881809829901
123,20,0.565876589707,0.71630818705
124,20,0.584197229725,0.750124723256
125,20,0.499771643567,0.610739625439
126,20,0.505198286836,0.669993735765
127,20,0.397275651134,0.586812976383
128,20,0.211354976472,0.254299351579
129,20,0.146980311025,0.222303955582
130,20,0.140855222683,0.183895987289
131,20,0.150642638348,0.213523024745
132,20,0.27054110824,0.338364158723
133,20,0.306108861659,0.376471317528
134,20,0.296590668366,0.376626540159
135,20,0.342132712712,0.41777492294
136,20,0.239521080502,0.304675268661
137,20,0.273984299283,0.34929280869
138,20,0.198984977062,0.266894857488
139,20,0.178797171031,0.226427885227
140,20,0.143016395926,0.182093062638
141,20,0.129910721458,0.165511960336
142,20,0.146666034639,0.180972929442
143,20,0.17401886628,0.227660304474
144,20,0.126245624541,0.160406523882
145,20,0.146078181482,0.182871987085
146,20,0.102422722796,0.130417395119
147,20,0.124275525499,0.151960279403
148,20,0.165596229503,0.197450846032
149,20,0.114303405806,0.134846449336
150,20,0.122223166906,0.144920562592
151,20,0.111502188203,0.141366563219
152,20,0.0980557594738,0.123541075595
153,20,0.164092550131,0.210946893767
154,20,0.177241085796,0.26290020026
155,20,0.234581521874,0.326966887715
156,20,0.120802135931,0.14956979724
157,20,0.199413821283,0.249436405067
158,20,0.211352537602,0.265736449601
159,20,0.13921947321,0.171958578739
160,20,0.114709690116,0.142945263073
161,20,0.107236878559,0.137481177802
162,20,0.131304904364,0.162629715263
163,20,0.114391436214,0.13832278852
164,20,0.106562452948,0.131441929555
165,20,0.110068157349,0.148940249803
166,20,0.105263403884,0.14327331566
167,20,0.137187432373,0.16896103921
168,20,0.119513671119,0.145768313438
169,20,0.134344206976,0.167697407351
170,20,0.142861905963,0.176337458024
171,20,0.138398353852,0.169036521381
172,20,0.125573776108,0.16385746689
173,20,0.182805442033,0.232305753074
174,20,0.155129251796,0.193624219352
175,20,0.124755159518,0.159008781905
176,20,0.0956984318201,0.119556048432
177,20,0.0792701963719,0.0959203551738
178,20,0.116048232634,0.138727518794
179,20,0.113889914722,0.138981211955
180,20,0.102661921374,0.131135092178
181,20,0.0942084103415,0.113141273175
182,20,0.0950234526762,0.117068156891
183,20,0.100205834,0.115058634393
184,20,0.110543780745,0.128468416902
185,20,0.0957083526015,0.11808391045
186,20,0.0943878712022,0.118302790907
187,20,0.0921026089475,0.12356064615
188,20,0.170238764006,0.203589048729
189,20,0.130651154472,0.152453261922
190,20,0.120213118978,0.146539229412
191,20,0.250378958803,0.28568525517
192,20,0.130454813101,0.165230535753
193,20,0.16173037921,0.187029946677
194,20,0.113034378575,0.13437653643
195,20,0.101337975773,0.12324271705
196,20,0.143638066747,0.196674604357
197,20,0.193498446542,0.271831078749
198,20,0.174192720462,0.246808212293
199,20,0.195693002934,0.246687797449
200,20,0.204523954285,0.252403066422
201,20,0.290340981914,0.351504759819
202,20,0.496490082066,0.56413471338
203,20,0.580398025308,0.703800024548
204,20,0.491351314905,0.564167591997
205,20,0.425596585233,0.527388826375
206,20,0.549704434771,0.665861814246
207,20,0.393165760211,0.47045872148
208,20,0.698726208583,0.8493528131
209,20,0.438790771549,0.537599388274
210,20,0.434275068892,0.540242869028
211,20,0.805359319619,1.07079605071
212,20,0.510333374401,0.571477816562
213,20,0.600036190021,0.741878408398
214,20,0.722638328548,1.06084479932
215,20,0.530869395078,0.74172908436
216,20,0.524620094671,0.663471154466
217,20,0.428464059641,0.525009857259
218,20,0.286721148985,0.351670072706
219,20,0.257638347995,0.349678177889
220,20,0.213473048314,0.287017619121
221,20,0.249668510442,0.328716406103
222,20,0.192127593155,0.24797291559
223,20,0.147380781954,0.181740290192
224,20,0.148322813025,0.19496382945
225,20,0.145866152618,0.173941234463
226,20,0.166915024939,0.20073214303
227,20,0.166525022524,0.214751993971
228,20,0.318209017535,0.391648114365
229,20,0.468756011076,0.596819278695
230,20,0.47317263126,0.5754484612
231,20,0.455813306297,0.558472928024
232,20,1.04944069751,1.35753626716
233,20,0.68229788563,0.813173710648
234,20,0.696386526325,0.857899691237
235,20,0.518886972562,0.640238341629
236,20,0.398607721742,0.484477093197
237,20,0.343589161401,0.414671539541
238,20,0.375725213474,0.486767848756
239,20,0.384331821594,0.452472270851
240,20,0.257568695509,0.328194770511
241,20,0.252147079011,0.31235519903
242,20,0.339030671514,0.440150065029
243,20,0.434085461811,0.5274974183
244,20,0.600897549492,0.738198528234
245,20,0.865863014484,1.15183952267
246,20,0.471162750901,0.564290518751
247,20,0.371700677761,0.466804839627
248,20,0.326647161328,0.403210801751
249,20,0.257499443708,0.339635627432
250,20,0.285010319234,0.350855555042
251,20,0.230286641086,0.283972970496
252,20,0.162226715961,0.209655223902
253,20,0.262415790387,0.31381022273
254,20,0.150946250911,0.189764457336
255,20,0.105710652028,0.131019421414
256,20,0.121334632088,0.146599876714
257,20,0.156323257657,0.192960075557
258,20,0.148529708305,0.185033207355
259,20,0.142745350441,0.171616931186
260,20,0.187460147186,0.230682093764
261,20,0.192026414835,0.235187108877
262,20,0.204756187141,0.251539701354
263,20,0.221904253483,0.289102272022
264,20,0.292480824988,0.381276778916
265,20,0.401944073211,0.520253757449
266,20,0.31878068531,0.385546319873
267,20,0.314213538025,0.391084138894
268,20,0.241168115525,0.311286167647
269,20,0.20010302843,0.258747285637
270,20,0.286582728303,0.362519077388
271,20,0.210529019062,0.250235492742
272,20,0.154053714373,0.191847675229
273,20,0.128545890553,0.162176351618
274,20,0.15185627528,0.181736775364
275,20,0.174493030736,0.222691643825
276,20,0.337259885048,0.43001224451
277,20,0.164508746097,0.215044535871
278,20,0.105555996791,0.145089724578
279,20,0.106043168368,0.146482026584
280,20,0.17373527852,0.221663729656
281,20,0.16075308091,0.231388700886
282,20,0.187574494875,0.217605245592
283,20,0.142884003691,0.182246338623
284,20,0.265329667306,0.300258285106
285,20,0.109633068778,0.129310028168
286,20,0.130773650969,0.169453578742
287,20,0.118370508719,0.155887175696
288,20,0.156058815048,0.190470350911
289,20,0.155304277807,0.193867515444
290,20,0.164975821604,0.224243402406
291,20,0.158886991904,0.185626443233
292,20,0.121761490747,0.145771488005
293,20,0.155537191655,0.181839457156
294,20,0.107473138813,0.156456979612
295,20,0.137903870978,0.177780918842
296,20,0.102682569387,0.129014948878
297,20,0.129551897299,0.148952520339
298,20,0.166808844395,0.224128160876
299,20,0.122414890011,0.173282192319
300,20,0.164976988683,0.225887431297
301,20,0.141483319408,0.171902677584
302,20,0.113727864696,0.142890197879
303,20,0.14200803794,0.175569627914
304,20,0.101479991457,0.134344479197
305,20,0.118484153795,0.161749945155
306,20,0.107189388016,0.140727257924
307,20,0.146341268003,0.179478687807
308,20,0.140998878076,0.167298108071
309,20,0.239000451486,0.314152887899
310,20,0.161565350433,0.208733264774
311,20,0.251525109701,0.315556371009
312,20,0.319589127684,0.394643296277
313,20,0.645297973757,0.78875285158
314,20,0.319647751036,0.412114221498
315,20,0.186148943599,0.226094755997
316,20,0.232227827834,0.307743076144
317,20,0.258645857942,0.337195023577
318,20,0.193286866769,0.246137484578
319,20,0.239532074139,0.302868012652
320,20,0.178876198898,0.227515080278
321,20,0.139376314717,0.167593271419
322,20,0.185373574347,0.250282888057
323,20,0.162710849875,0.207039702244
324,20,0.138435992744,0.18876505947
325,20,0.151627800205,0.192933175221
326,20,0.230243803618,0.284616305778
327,20,0.369874897442,0.474461176329
328,20,0.231234091597,0.300602831524
329,20,0.18339174402,0.232857701585
330,20,0.163739213829,0.202676948709
331,20,0.150908527406,0.193069050893
332,20,0.317643417565,0.38231109783
333,20,0.344098171517,0.427708680298
334,20,0.39358374744,0.505381547519
335,20,0.432423148423,0.551696968887
