cycle,count,mae,rmse
50,15,0.134749706948,0.159111560411
51,15,0.136132508504,0.171015749752
52,15,0.113253711598,0.134547548961
53,15,0.150683555141,0.179746745362
54,15,0.0868447019889,0.108440602369
55,15,0.116323709725,0.145166817541
56,15,0.106853607834,0.139484225129
57,15,0.116867775256,0.149709856223
58,15,0.248237753511,0.286435934824
59,15,0.161212995681,0.201953589762
60,15,0.143484956702,0.172737215194
61,15,0.133275389898,0.166384428087
62,15,0.133716508258,0.160892106725
63,15,0.219245235762,0.252482439624
64,15,0.274208467148,0.342473452122
65,15,0.261800254838,0.336063090379
66,15,0.277007622579,0.347363786439
67,15,0.517014930471,0.667879523816
68,15,0.171195125191,0.205492829558
69,15,0.179028417197,0.224641766557
70,15,0.266262907624,0.348394684984
71,15,0.168082963821,0.205203260125
72,15,0.197909598688,0.240665307124
73,15,0.433873214523,0.61231044558
74,15,0.120089080453,0.146921647296
75,15,0.103434435445,0.12760969551
76,15,0.109831876156,0.13643494425
77,15,0.152421550065,0.204886620992
78,15,0.10724437995,0.138965827913
79,15,0.162627521996,0.195991377607
80,15,0.101450230879,0.124956760599
81,15,0.119711411167,0.148950097303
82,15,0.1664518686,0.208437423018
83,15,0.216108146272,0.292974920783
84,15,0.191090260883,0.247831131706
85,15,0.148331105531,0.183822724801
86,15,0.0947076267925,0.118781212349
87,15,0.133920219505,0.160330027391
88,15,0.216032379177,0.261294601213
89,15,0.111995905122,0.144042643342
90,15,0.238594925323,0.323749781603
91,15,0.169404305126,0.193552717513
92,15,0.150897492335,0.187128002729
93,15,0.171132720836,0.208057944589
94,15,0.121104749099,0.140755387653
95,15,0.151539463105,0.183020011996
96,15,0.418580514562,0.51488753024
97,15,0.119052414135,0.14377355121
98,15,0.103288872198,0.124355190433
99,15,0.139522452489,0.183047253129
100,15,0.197413961619,0.241179313416
101,15,0.0998621674531,0.123974901254
102,15,0.124958856421,0.152564979307
103,15,0.0968557660748,0.119120299076
104,15,0.130097699204,0.160080337622
105,15,0.18976807502,0.239272032296
106,15,0.168040675954,0.204575029439
107,15,0.10974284859,0.133607831299
108,15,0.171135424203,0.208265992324
109,15,0.175923381397,0.221382064462
110,15,0.333474586298,0.399779838275
111,15,0.163948880428,0.208618087578
112,15,0.106456571353,0.14300272995
113,15,0.159637019148,0.213209397646
114,15,0.160532108727,0.202741636441
115,15,0.107339746464,0.132138739823
116,15,0.150637543118,0.184476141033
117,15,0.141541830925,0.185056648877
118,15,0.252020124294,0.321018291983
119,15,0.270954541232,0.359639174702
120,15,0.682649926062,0.902916793464
121,15,0.577637019704,0.733892651867
122,15,0.808730679249,0.976044880066
123,15,0.585394464186,0.703694586249
124,15,0.456356773757,0.558175198966
125,15,0.602061394097,0.735626715603
126,15,0.557087568979,0.688067381213
127,15,0.492219771067,0.705486530522
128,15,0.193210206498,0.243919893899
129,15,0.178279397938,0.243361691459
130,15,0.146191053457,0.186907243444
131,15,0.178091705856,0.248076290453
132,15,0.340556974959,0.411284652858
133,15,0.291406861915,0.36194296566
134,15,0.415197494637,0.550860556122
135,15,0.509928115053,0.615076923283
136,15,0.254582524146,0.285484624801
137,15,0.256213024481,0.317123717976
138,15,0.285227188145,0.377975590131
139,15,0.15376980917,0.186931493179
140,15,0.131209726799,0.162812882456
141,15,0.113042299587,0.141985754882
142,15,0.140747888136,0.180023733423
143,15,0.149612376346,0.208879958066
144,15,0.123943874897,0.158005171885
145,15,0.0829768252577,0.110684780588
146,15,0.139419622336,0.173287625402
147,15,0.0885759093899,0.11382199937
148,15,0.103144334616,0.131317356727
149,15,0.114839804394,0.138165420053
150,15,0.134188239989,0.165701074191
151,15,0.224543333348,0.275090901977
152,15,0.122906930896,0.155258825724
153,15,0.187599713631,0.245427825768
154,15,0.223998260179,0.310814449384
155,15,0.202905696586,0.27897868912
156,15,0.164597352778,0.205046506869
157,15,0.266363241065,0.31195755071
158,15,0.154985171193,0.193757607194
159,15,0.158948458019,0.202363989159
160,15,0.1433409165,0.187033382902
161,15,0.114172931859,0.144333501497
162,15,0.207252233569,0.257415907711
163,15,0.161798056148,0.201703620189
164,15,0.100652983128,0.126565396097
165,15,0.126160480294,0.16928711824
166,15,0.107231913252,0.145645247125
167,15,0.0983727734602,0.118897180574
168,15,0.120356019282,0.16004192944
169,15,0.108534417826,0.1346344981
170,15,0.167008177013,0.20457146531
171,15,0.141179252398,0.171408520681
172,15,0.129322629554,0.167728847178
173,15,0.210683315551,0.252116986612
174,15,0.194106355682,0.256249190602
175,15,0.164093884602,0.196211562204
176,15,0.114895997422,0.136622793975
177,15,0.163904601942,0.203961204063
178,15,0.0937319113507,0.113350778855
179,15,0.120468933689,0.149920765879
180,15,0.125483103747,0.15498902483
181,15,0.103373594385,0.132061746158
182,15,0.114283172369,0.152977047234
183,15,0.100221823549,0.121659551191
184,15,0.0819375113158,0.0997226039087
185,15,0.0856502716697,0.106860977223
186,15,0.123463905186,0.153614024049
187,15,0.180905523887,0.201886067363
188,15,0.143053920091,0.175930204203
189,15,0.143128746386,0.172288247307
190,15,0.119144320871,0.15694739728
191,15,0.158581574186,0.216079141792
192,15,0.161026490683,0.189780315847
193,15,0.157740722612,0.182332922159
194,15,0.119293495824,0.152290009202
195,15,0.0866091543845,0.108751642506
196,15,0.20033614825,0.236386127654
197,15,0.175464893847,0.234778900455
198,15,0.252695680543,0.327267976122
199,15,0.208824308331,0.24949999951
200,15,0.184498133754,0.237430978095
201,15,0.369599150312,0.449590317462
202,15,0.316236238635,0.386472440392
203,15,0.511143025247,0.619940833408
204,15,0.488269802176,0.587332965033
205,15,0.50366900052,0.665288145719
206,15,0.911247781595,1.09850977712
207,15,0.426586801522,0.559231864022
208,15,0.474339887011,0.577515840489
209,15,0.386290512744,0.478196522422
210,15,0.458049041132,0.572535650399
211,15,0.798892004569,0.939143527823
212,15,0.418196185676,0.506993827503
213,15,0.584874707205,0.811534029602
214,15,0.959509032328,1.30714442644
215,15,0.868188964637,1.08963984391
216,15,0.734681178685,0.895945975974
217,15,0.398337015209,0.488595060455
218,15,0.231830721076,0.292954494007
219,15,0.20400014639,0.278531577898
220,15,0.244043415581,0.310590752728
221,15,0.229569514645,0.319946190782
222,15,0.204550503066,0.266561632031
223,15,0.121309621433,0.153519606186
224,15,0.127420127995,0.168781738252
225,15,0.124568035217,0.15326780354
226,15,0.184044972968,0.227441926311
227,15,0.202033132195,0.237510284775
228,15,0.373965188301,0.468269832401
229,15,0.566742939284,0.683211286685
230,15,0.639176472482,0.780999626128
231,15,0.390680713191,0.449349689066
232,15,0.76909205442,0.931808221883
233,15,0.628437057791,0.839601482754
234,15,0.602533362041,0.76068543116
235,15,0.833872872891,0.946874911583
236,15,0.52557521501,0.667144740622
237,15,0.314523496563,0.390024728644
238,15,0.30113280451,0.388927544511
239,15,0.330619862181,0.467471444471
240,15,0.330947225116,0.403706272939
241,15,0.402137855765,0.500301413433
242,15,0.514303236136,0.641502992956
243,15,0.469829490842,0.603205452875
244,15,0.872096757069,1.19550055501
245,15,0.670382778189,0.831370071763
246,15,0.531258914602,0.696820115553
247,15,0.57367408491,0.703144998171
248,15,0.398661988727,0.486472554295
249,15,0.454968539526,0.545026723657
250,15,0.290061674505,0.356652404325
251,15,0.296506787207,0.382972537656
252,15,0.164238972229,0.204290896725
253,15,0.264698251963,0.349222640428
254,15,0.133954018057,0.173728943185
255,15,0.15916242726,0.193915832571
256,15,0.120785003983,0.161457146499
257,15,0.198464139435,0.281885140274
258,15,0.119170744125,0.163875622601
259,15,0.118821786021,0.15379848166
260,15,0.164234430785,0.199676239585
261,15,0.153215146105,0.201712746857
262,15,0.294452664671,0.363863785145
263,15,0.196610365685,0.249842228824
264,15,0.317828230991,0.41216033949
265,15,0.464327182029,0.571166220448
266,15,0.257610421453,0.328730110944
267,15,0.434576886932,0.552717088957
268,15,0.281449659449,0.352735872019
269,15,0.222873808721,0.298888063354
270,15,0.2441212043,0.300443513961
271,15,0.212854076711,0.2419880711
272,15,0.144908950028,0.175320306396
273,15,0.135639199651,0.172313536399
274,15,0.138268894785,0.177631086369
275,15,0.142812326652,0.188417444985
276,15,0.324979910163,0.40295362279
277,15,0.1776633611,0.215699155813
278,15,0.0982439360754,0.128249584768
279,15,0.15151305207,0.201094398531
280,15,0.191490120176,0.253135978846
281,15,0.184977490521,0.247789791338
282,15,0.223053151333,0.249670221288
283,15,0.236639089392,0.276036362438
284,15,0.187697178481,0.217110591766
285,15,0.104813410527,0.143309046478
286,15,0.17230042955,0.22228238045
287,15,0.158724973088,0.214136424444
288,15,0.153669405232,0.213726066144
289,15,0.208597797825,0.257881198465
290,15,0.158431117002,0.209804931306
291,15,0.243719237057,0.297934575635
292,15,0.0987320929883,0.126478846164
293,15,0.157341487803,0.179742853695
294,15,0.122478333077,0.16971532777
295,15,0.138113888955,0.18540050487
296,15,0.125703397087,0.154309251888
297,15,0.127066279603,0.159415571597
298,15,0.210712903381,0.261453810894
299,15,0.112982680779,0.156601691112
300,15,0.128925322438,0.172701255071
301,15,0.190828313335,0.239094861165
302,15,0.147480012926,0.182147378244
303,15,0.0982297477481,0.126306801624
304,15,0.162139698162,0.212656489114
305,15,0.127165508581,0.176276827539
306,15,0.16551537704,0.220041701982
307,15,0.106622537937,0.141801064001
308,15,0.109775528274,0.137171513398
309,15,0.227043266258,0.297267953373
310,15,0.129848126941,0.159748008081
311,15,0.276749526853,0.33472351323
312,15,0.331992292654,0.424769879191
313,15,0.724120683219,0.93435269898
314,15,0.324111582638,0.395869792136
315,15,0.178026247637,0.230041031192
316,15,0.222966881196,0.279422130701
317,15,0.280075645961,0.365862757358
318,15,0.217508612825,0.279153955397
319,15,0.269307919007,0.343606186143
320,15,0.196920140285,0.261770536157
321,15,0.109337026836,0.139738221848
322,15,0.114585138451,0.14685101107
323,15,0.139188501611,0.174398773365
324,15,0.132516733181,0.180579771305
325,15,0.151221680528,0.207568506564
326,15,0.308880314367,0.398165701602
327,15,0.439439877616,0.533912332388
328,15,0.326820049262,0.402049933636
329,15,0.218589541231,0.266910294373
330,15,0.168676699443,0.198272874579
331,15,0.175720949229,0.213521481188
332,15,0.316703412704,0.365627416022
333,15,0.354872808626,0.414847392633
334,15,0.59629079409,0.729351096658
335,15,0.52505976684,0.617982218851
