cycle,count,mae,rmse
50,15,0.0951494738617,0.117288073965
51,15,0.11094260893,0.132525595038
52,15,0.169481571958,0.215075832802
53,15,0.131627492818,0.16149907655
54,15,0.105739772283,0.126931748511
55,15,0.117758328874,0.152600536873
56,15,0.0940638562988,0.121411912844
57,15,0.123380950581,0.148752595207
58,15,0.281797802907,0.312547462826
59,15,0.176638845578,0.206198383183
60,15,0.101909792962,0.128097500956
61,15,0.12545254251,0.155142214607
62,15,0.187390281118,0.224134371836
63,15,0.140677204144,0.178794575259
64,15,0.275416072858,0.32748489676
65,15,0.203897654385,0.256727648952
66,15,0.298581100875,0.386986458497
67,15,0.649863874607,0.765414629556
68,15,0.152761137693,0.191029109438
69,15,0.154512804714,0.188798778907
70,15,0.388201258582,0.533664522433
71,15,0.177137530017,0.220113995148
72,15,0.224021550839,0.272389557889
73,15,0.378186979837,0.467762894937
74,15,0.114009735199,0.144763054503
75,15,0.164634087975,0.194135552168
76,15,0.103698892378,0.131361222748
77,15,0.174462052867,0.230322376479
78,15,0.170516756854,0.207262157709
79,15,0.0996941927851,0.129564534927
80,15,0.113134971265,0.136725248601
81,15,0.111015778258,0.134991690279
82,15,0.194945259467,0.245751008535
83,15,0.146735701185,0.182174747517
84,15,0.210000600878,0.298291804133
85,15,0.132825352139,0.159515103541
86,15,0.128913634006,0.15146309205
87,15,0.116599949853,0.141423238633
88,15,0.224562331739,0.26659800701
89,15,0.162507997061,0.194442065778
90,15,0.219290454338,0.286018627967
91,15,0.133902743861,0.159237289137
92,15,0.147383660821,0.184442661015
93,15,0.122771966145,0.157153672011
94,15,0.144338100197,0.178578312672
95,15,0.127686544222,0.156786764636
96,15,0.272491935419,0.340252849306
97,15,0.116213798305,0.147585087092
98,15,0.132359019213,0.162690113601
99,15,0.148808887469,0.17866112764
100,15,0.129042653695,0.162233356505
101,15,0.13179427119,0.162380061512
102,15,0.162784402024,0.190990236659
103,15,0.118946040155,0.159475530636
104,15,0.128678175259,0.159691391502
105,15,0.178842052208,0.238499631732
106,15,0.118299102152,0.148933747468
107,15,0.118783773466,0.153556279311
108,15,0.118129232491,0.155150856493
109,15,0.128793834177,0.168977461583
110,15,0.167347718105,0.252976985221
111,15,0.167616515101,0.21896258887
112,15,0.161585567992,0.20477927579
113,15,0.145366471966,0.180016467935
114,15,0.148086596898,0.179179768932
115,15,0.134583515138,0.164746527695
116,15,0.206003767276,0.260134571595
117,15,0.220942547006,0.280495101587
118,15,0.214736871958,0.28619153518
119,15,0.260316458732,0.347569140063
120,15,0.853628113537,1.12412038437
121,15,0.469431311128,0.613551399573
122,15,0.703224968376,0.834983972959
123,15,0.622456119053,0.741424904009
124,15,0.491082314628,0.642191397201
125,15,0.696878378613,0.861100832836
126,15,0.676868129281,0.846736367663
127,15,0.415642980611,0.609771629233
128,15,0.199267201918,0.244929092724
129,15,0.213791549343,0.286762753301
130,15,0.102208524483,0.132515605694
131,15,0.153292015898,0.19977205453
132,15,0.308095921304,0.393524478768
133,15,0.399580504688,0.505919678827
134,15,0.451388366558,0.569480692624
135,15,0.388786158721,0.47238983031
136,15,0.270979281411,0.331628669318
137,15,0.248169557045,0.296479086947
138,15,0.289410783008,0.401024152207
139,15,0.14234171306,0.185325575295
140,15,0.0984672579238,0.122883908454
141,15,0.102390209133,0.13753892355
142,15,0.120435316562,0.159687796066
143,15,0.185622803086,0.250178653965
144,15,0.0978815768377,0.134604796621
145,15,0.106538649765,0.137685528153
146,15,0.154153730898,0.194615799544
147,15,0.161676789962,0.18751708583
148,15,0.110567504894,0.13899881472
149,15,0.112290185292,0.145018351628
150,15,0.0759786392314,0.101010770077
151,15,0.153205352996,0.19699549278
152,15,0.124777787621,0.157881740514
153,15,0.231198757608,0.288532855527
154,15,0.178921203727,0.267247127984
155,15,0.193361051384,0.265097786814
156,15,0.129806092854,0.158488737892
157,15,0.175468970871,0.235343283852
158,15,0.178041901711,0.229466395355
159,15,0.133703926754,0.156737687502
160,15,0.17195693723,0.214054272262
161,15,0.100619409661,0.128666952846
162,15,0.136310811705,0.170860566637
163,15,0.156512530872,0.187428851783
164,15,0.116829844914,0.151897994142
165,15,0.097776280733,0.134476371078
166,15,0.121350087178,0.157457654072
167,15,0.123842355809,0.156766351674
168,15,0.115480628842,0.142867284764
169,15,0.108040601011,0.133324781614
170,15,0.130687390532,0.155075894135
171,15,0.15095812527,0.185980998386
172,15,0.115675514366,0.147216622215
173,15,0.140953916841,0.181507303506
174,15,0.13698555499,0.161726080913
175,15,0.142378795808,0.180618582675
176,15,0.133393462718,0.170027442255
177,15,0.0911660123471,0.114384873776
178,15,0.113145276603,0.140169587659
179,15,0.0910972579776,0.107795989655
180,15,0.151201498126,0.198239390263
181,15,0.0841674202158,0.102394391654
182,15,0.0871568482424,0.109491824526
183,15,0.123999919248,0.150708199725
184,15,0.117686712181,0.147248234333
185,15,0.126580148235,0.149012421969
186,15,0.13225391245,0.161190045274
187,15,0.0958093316674,0.120773433972
188,15,0.151241399434,0.188370948425
189,15,0.131576682709,0.175481152559
190,15,0.160083398569,0.201158519498
191,15,0.195169991238,0.221223266896
192,15,0.135144398444,0.188430253565
193,15,0.141561259895,0.170097978956
194,15,0.102910150803,0.126295680271
195,15,0.158453246233,0.182222382164
196,15,0.242956293764,0.295023003391
197,15,0.218375530588,0.292386179811
198,15,0.288325559478,0.389323334202
199,15,0.18771109772,0.244994973736
200,15,0.20949738977,0.257230768973
201,15,0.452448146343,0.575707576037
202,15,0.486405807395,0.602108642594
203,15,0.445798702046,0.51214617176
204,15,0.319939342618,0.372937424789
205,15,0.449557408087,0.564815316813
206,15,0.682866326132,0.878057435835
207,15,0.545482013167,0.672220209472
208,15,0.568745554511,0.671918891029
209,15,0.376662866905,0.472237051389
210,15,0.471822374583,0.561210323184
211,15,1.02900648906,1.26391559022
212,15,0.40002538407,0.474904357575
213,15,0.503711474109,0.6227479311
214,15,0.68639982659,1.07378277179
215,15,1.23170517698,1.59769116253
216,15,0.585655682673,0.733709344565
217,15,0.374450574658,0.454411024783
218,15,0.3252629098,0.428814729434
219,15,0.264664425838,0.369606188084
220,15,0.189798653958,0.240882443061
221,15,0.251411178314,0.346452039508
222,15,0.198897105262,0.250607973031
223,15,0.144025846962,0.174544329606
224,15,0.156244418968,0.211714575896
225,15,0.140251948248,0.172125475441
226,15,0.195373782921,0.247892967461
227,15,0.144122945241,0.184899067984
228,15,0.403704925793,0.502037212543
229,15,0.618318166665,0.826514352338
230,15,0.717742985983,0.887592721299
231,15,0.513434557197,0.615949387762
232,15,0.870012129868,1.10453398795
233,15,0.768267521508,0.963347610666
234,15,0.673112805439,0.817068361274
235,15,0.660507910932,0.797804592794
236,15,0.331736997905,0.405942580854
237,15,0.514820961346,0.60297828535
238,15,0.319617687494,0.444665491792
239,15,0.340751492265,0.452485499121
240,15,0.266577890781,0.328933825223
241,15,0.313440991313,0.390140536411
242,15,0.423695376734,0.553685268915
243,15,0.452893094394,0.567911232162
244,15,0.656011803555,0.894289934243
245,15,0.710689433025,0.903598868172
246,15,0.548956688501,0.709178430094
247,15,0.556182328788,0.694842123882
248,15,0.643761960638,0.788896979288
249,15,0.345372518043,0.437022659284
250,15,0.332689311548,0.408454696989
251,15,0.259416033252,0.338788522384
252,15,0.200709885427,0.254659538187
253,15,0.346201538682,0.421270196487
254,15,0.17350130009,0.21409891604
255,15,0.113277169862,0.14031943219
256,15,0.133312004952,0.174707382412
257,15,0.178903183407,0.221842028908
258,15,0.108595716699,0.152056060509
259,15,0.19736158526,0.237925230146
260,15,0.230285472219,0.30257595118
261,15,0.207083627505,0.262634930225
262,15,0.27880770781,0.348312007109
263,15,0.202305581917,0.257348992406
264,15,0.397472452522,0.474339413427
265,15,0.348496679195,0.47141242202
266,15,0.274716547772,0.338570466784
267,15,0.371357427176,0.460946782107
268,15,0.250282598642,0.334574019379
269,15,0.251831465666,0.313502125294
270,15,0.248977371061,0.312616648897
271,15,0.177891691761,0.213779203007
272,15,0.150999298268,0.187107984111
273,15,0.157028259431,0.202375681058
274,15,0.1698307076,0.208964638588
275,15,0.147783037271,0.193884492613
276,15,0.361270032508,0.465999218229
277,15,0.181410362095,0.229369406881
278,15,0.152629199626,0.188047559602
279,15,0.159786652924,0.229660065589
280,15,0.158858374873,0.208506245292
281,15,0.316552650659,0.397420064017
282,15,0.222403687557,0.258459557903
283,15,0.197941027283,0.248821459475
284,15,0.15786701708,0.185554553424
285,15,0.1335472379,0.167606375625
286,15,0.154714927857,0.188388216435
287,15,0.11132917846,0.142475282676
288,15,0.111882674589,0.1527131896
289,15,0.141091999538,0.173435752646
290,15,0.196237548318,0.268071161914
291,15,0.184370994276,0.21570035711
292,15,0.114343917547,0.141620613386
293,15,0.121466178784,0.150181126416
294,15,0.131516720268,0.177676188225
295,15,0.176256915698,0.238798830216
296,15,0.111181740986,0.132485654808
297,15,0.143314265797,0.17642418243
298,15,0.174304124864,0.21489576248
299,15,0.117536481165,0.160802875618
300,15,0.138170079243,0.187634471065
301,15,0.152489219075,0.19189026071
302,15,0.148451301803,0.180733838213
303,15,0.156249202279,0.205431952864
304,15,0.100002082254,0.123714070102
305,15,0.114236995479,0.155691875777
306,15,0.11485444528,0.139663465351
307,15,0.105111358519,0.135825978457
308,15,0.129332563316,0.163422102062
309,15,0.271605556695,0.326774403775
310,15,0.15883518453,0.190242866929
311,15,0.277053054993,0.349345747357
312,15,0.42062243308,0.519732538839
313,15,0.757834384723,0.973857378926
314,15,0.351250603008,0.46125649033
315,15,0.21524490776,0.266940129834
316,15,0.255057514484,0.325311382119
317,15,0.25997048874,0.33316647789
318,15,0.173846127187,0.212964907498
319,15,0.207210171962,0.262282336705
320,15,0.182273467008,0.230062505219
321,15,0.126513731559,0.171348608043
322,15,0.15999896548,0.199975280995
323,15,0.198601062922,0.269054356208
324,15,0.185207002837,0.23278426493
325,15,0.148604801317,0.193013801728
326,15,0.219005531534,0.290609314723
327,15,0.500254600381,0.612991401628
328,15,0.382796539873,0.480964971038
329,15,0.194687327483,0.238790634229
330,15,0.194875608121,0.239649055422
331,15,0.141820199529,0.183200999217
332,15,0.388421124707,0.457989519205
333,15,0.436140706433,0.492987018075
334,15,0.564564812772,0.733869411802
335,15,0.565902096112,0.657586425693
