cycle,count,mae,rmse
50,5,0.156445379701,0.183707116191
51,5,0.103816387498,0.125609534815
52,5,0.17322395859,0.214079281693
53,5,0.112794056862,0.137852517332
54,5,0.136477537519,0.15573493919
55,5,0.119722651924,0.144490878168
56,5,0.0865114409514,0.115263645671
57,5,0.126297157835,0.155106389664
58,5,0.182152376083,0.240585811416
59,5,0.173225716649,0.215331135839
60,5,0.199013952485,0.228953967392
61,5,0.143026320424,0.172293426906
62,5,0.122189437321,0.148842494146
63,5,0.153172229775,0.196174909212
64,5,0.258229831117,0.313231036185
65,5,0.137406131139,0.170990943634
66,5,0.336887264943,0.464447664522
67,5,0.658238961876,0.757680816994
68,5,0.125104337493,0.161844335768
69,5,0.194986160731,0.235292330738
70,5,0.315086807006,0.454173293081
71,5,0.192635579867,0.240086756988
72,5,0.289686599591,0.367772000367
73,5,0.494137580077,0.678266908405
74,5,0.139249894762,0.163647265248
75,5,0.0894287673103,0.105008137381
76,5,0.163766711109,0.213047744694
77,5,0.152601135538,0.207262521415
78,5,0.172073015428,0.210409563162
79,5,0.160847320808,0.189386213137
80,5,0.0950480419743,0.119416891678
81,5,0.137201268236,0.163240868542
82,5,0.125405284742,0.158143087758
83,5,0.377152841678,0.4754454522
84,5,0.143135431115,0.179419680789
85,5,0.105908367352,0.126221806727
86,5,0.0969890587691,0.120553656763
87,5,0.20289217602,0.232622561104
88,5,0.208227249776,0.247480781757
89,5,0.144559818669,0.17400249364
90,5,0.248082019668,0.319638497458
91,5,0.12646661742,0.16010861057
92,5,0.149092671614,0.184623389415
93,5,0.16175120759,0.191549120841
94,5,0.178986617369,0.212323308401
95,5,0.165580615343,0.202915181696
96,5,0.28323075478,0.356119445744
97,5,0.127199870645,0.159791599139
98,5,0.15225709701,0.187339743268
99,5,0.11774076754,0.150337420008
100,5,0.115464423268,0.146586704689
101,5,0.137011632002,0.168307933292
102,5,0.242643415727,0.283329249576
103,5,0.129533989931,0.168682111439
104,5,0.133615718595,0.165810396858
105,5,0.105795251335,0.130917960272
106,5,0.0953805057335,0.11849260586
107,5,0.168128185615,0.204219773842
108,5,0.182358887241,0.210664342191
109,5,0.203452094114,0.248374465167
110,5,0.247469095816,0.33196487714
111,5,0.193846342325,0.239152193025
112,5,0.168443391272,0.200531887007
113,5,0.203774400765,0.272859508992
114,5,0.160297490038,0.208424702197
115,5,0.262325145977,0.30381172746
116,5,0.199520513836,0.253731079493
117,5,0.187831418164,0.229636953729
118,5,0.359678343162,0.414402398403
119,5,0.308414509517,0.433106278563
120,5,0.792666842437,0.974335312693
121,5,0.575856826329,0.754884893917
122,5,0.710668597659,0.938300986063
123,5,0.557138506705,0.713376541327
124,5,0.519472693572,0.673032999124
125,5,0.485095716821,0.577786249341
126,5,0.390875889675,0.571207559036
127,5,0.443194038262,0.61883366541
128,5,0.231758309771,0.274365834014
129,5,0.261308068617,0.299195489463
130,5,0.124412394091,0.160984887877
131,5,0.216410699836,0.26020457382
132,5,0.438483602481,0.516067246917
133,5,0.501041876646,0.622516602741
134,5,0.534556237855,0.652180852916
135,5,0.65692003402,0.789127827161
136,5,0.344652285191,0.425792305051
137,5,0.558673175945,0.641116868715
138,5,0.251074207647,0.321533740226
139,5,0.181216849562,0.213028651539
140,5,0.121048678936,0.14936520983
141,5,0.119594225039,0.159331833676
142,5,0.187217733,0.233344096329
143,5,0.274863783391,0.322496428205
144,5,0.211163645929,0.235430017543
145,5,0.157238347171,0.18647295751
146,5,0.157326163136,0.187329967287
147,5,0.125048136622,0.153459107909
148,5,0.134265826572,0.165617325984
149,5,0.107213577032,0.131420508345
150,5,0.0959380066684,0.119896462407
151,5,0.085012151774,0.107649490735
152,5,0.127147864728,0.159924769689
153,5,0.218974105367,0.263734555582
154,5,0.278733021168,0.370260168528
155,5,0.226872324119,0.298649785717
156,5,0.135577819422,0.166068734003
157,5,0.262472024707,0.3070659559
158,5,0.167846540934,0.210005868898
159,5,0.162778655361,0.19639969609
160,5,0.157680567951,0.194352247293
161,5,0.13184379839,0.16913227192
162,5,0.247705035969,0.297495485525
163,5,0.167744384121,0.218957637255
164,5,0.263174211384,0.299572241656
165,5,0.144567341618,0.190623562696
166,5,0.179490148044,0.220646825241
167,5,0.173778705485,0.218106721944
168,5,0.122359159706,0.153318958525
169,5,0.103213524133,0.130742675565
170,5,0.145432386077,0.182800182949
171,5,0.177541457852,0.222532924736
172,5,0.157963562979,0.20909288023
173,5,0.143664947748,0.172700597757
174,5,0.113189161374,0.139966636414
175,5,0.211647124127,0.278860235859
176,5,0.194860869145,0.259073724427
177,5,0.167585062314,0.193549585075
178,5,0.181365476008,0.207120016998
179,5,0.114140442277,0.143895923337
180,5,0.143478970004,0.182082277205
181,5,0.0750029700519,0.090850792373
182,5,0.0930080583235,0.116875699497
183,5,0.112374987641,0.133265647686
184,5,0.0843193774982,0.106548804127
185,5,0.14435833298,0.173641692815
186,5,0.0926865278178,0.115011156829
187,5,0.179391528276,0.207795401543
188,5,0.323635468941,0.351834109556
189,5,0.132794335727,0.172851525207
190,5,0.147358492946,0.173745178708
191,5,0.115434750509,0.163070219433
192,5,0.124847193553,0.158360727488
193,5,0.0800870117276,0.126828203057
194,5,0.115355970264,0.142707457007
195,5,0.0910522001681,0.111633733108
196,5,0.142714714099,0.187864118939
197,5,0.245659754578,0.308871959874
198,5,0.190490720562,0.276190633185
199,5,0.171745151947,0.220219195943
200,5,0.268708795963,0.339008349474
201,5,0.432714528068,0.527962980812
202,5,0.487978484582,0.612915193884
203,5,0.454849655274,0.53173433372
204,5,0.479770428448,0.615245118287
205,5,0.658347614259,0.840143939686
206,5,0.763096391554,0.899563082873
207,5,0.539451452287,0.677103031538
208,5,0.869221161193,1.0526297987
209,5,0.629859613922,0.783663993296
210,5,0.781644109721,1.01591642968
211,5,0.888154423021,1.06604400322
212,5,0.536851726264,0.628319830524
213,5,0.579358705159,0.726984146531
214,5,0.717591522802,1.0890392752
215,5,0.92182206931,1.34406072214
216,5,0.696495045521,0.863926091343
217,5,0.523445587379,0.630969475463
218,5,0.329276739651,0.417426066739
219,5,0.303064117951,0.41481484779
220,5,0.27246189335,0.362964433595
221,5,0.252603616326,0.339201071963
222,5,0.246699018537,0.310519730009
223,5,0.15333309264,0.193861131226
224,5,0.173435845026,0.226862497524
225,5,0.246779349476,0.28783791146
226,5,0.210760549633,0.256389372536
227,5,0.202344643182,0.267468696489
228,5,0.514933076706,0.605219039123
229,5,0.609325327437,0.752136396497
230,5,0.601235866899,0.711975850916
231,5,0.513206712232,0.615723751712
232,5,0.699026204803,0.871370250035
233,5,0.64692675973,0.827712905022
234,5,0.662200343802,0.790635751693
235,5,0.549277105514,0.649846276164
236,5,0.670314236336,0.822137087071
237,5,0.46810426985,0.57359626606
238,5,0.31011746281,0.39736625964
239,5,0.350774626675,0.433303298749
240,5,0.334471555125,0.446016072933
241,5,0.511548263826,0.646227049671
242,5,0.464621817178,0.591371271842
243,5,0.470151339262,0.574319706375
244,5,0.948709303169,1.14350372591
245,5,1.23056089131,1.61178335538
246,5,0.871024391357,1.04741900334
247,5,0.471860367693,0.572326080117
248,5,0.669137798905,0.817991580274
249,5,0.52347172252,0.651551872739
250,5,0.41455678005,0.503051442136
251,5,0.367465532491,0.439265012779
252,5,0.208025177807,0.258443225621
253,5,0.444950529327,0.552851101156
254,5,0.189366938461,0.242618551802
255,5,0.14332906937,0.170650868627
256,5,0.156721485939,0.20303579212
257,5,0.162178531072,0.204014663532
258,5,0.168450050656,0.209442923196
259,5,0.166793087259,0.21754570356
260,5,0.159072978552,0.20490825732
261,5,0.214011492142,0.258605675828
262,5,0.271882791418,0.339235279776
263,5,0.204227767443,0.254861960878
264,5,0.482067191016,0.579345907354
265,5,0.413655605353,0.526431840586
266,5,0.357766589416,0.435483801894
267,5,0.327101673883,0.426085657364
268,5,0.280595767494,0.341391093985
269,5,0.275748330381,0.344053439688
270,5,0.227558890809,0.272348084723
271,5,0.343082255448,0.395487408628
272,5,0.221391638359,0.278515846253
273,5,0.0880641895689,0.111307319428
274,5,0.219965969239,0.270757826882
275,5,0.194896209363,0.255502937504
276,5,0.407895264905,0.526474308898
277,5,0.240179254735,0.27018173848
278,5,0.160907757457,0.210770609077
279,5,0.176749754256,0.235575724159
280,5,0.192470876481,0.245971187296
281,5,0.244789483611,0.321968016679
282,5,0.200980547538,0.244360219731
283,5,0.23570632781,0.279635721836
284,5,0.241982774962,0.272652669181
285,5,0.139957579873,0.177001913049
286,5,0.159948505313,0.20966245901
287,5,0.129826002859,0.176678019486
288,5,0.258442725233,0.333691549747
289,5,0.173986141811,0.248188435465
290,5,0.215972341058,0.258714495054
291,5,0.237623339074,0.280452601252
292,5,0.185812542316,0.233691690567
293,5,0.14511139656,0.172359276551
294,5,0.176750242414,0.223350202976
295,5,0.159225177599,0.223911077417
296,5,0.148227188292,0.195294485957
297,5,0.144664323657,0.188136236608
298,5,0.169674974682,0.226857867142
299,5,0.106287572136,0.144302775546
300,5,0.214394766263,0.271928418489
301,5,0.351743221706,0.406816245435
302,5,0.132839942138,0.169106862457
303,5,0.152110400319,0.190387857296
304,5,0.131655789875,0.162794276478
305,5,0.196168391635,0.247090254257
306,5,0.134353354494,0.170856488642
307,5,0.0902760235884,0.116889298269
308,5,0.151851644515,0.188224807231
309,5,0.263498509942,0.323132728073
310,5,0.169632626051,0.206562845345
311,5,0.252397329808,0.303347196027
312,5,0.393796746278,0.491553467845
313,5,0.746671936626,0.922407287771
314,5,0.325739660135,0.393014114858
315,5,0.224641176537,0.275732514709
316,5,0.272353301481,0.327143582778
317,5,0.218391814982,0.289580730455
318,5,0.266019867227,0.336240659982
319,5,0.269621120886,0.339931671432
320,5,0.155409986244,0.208668047959
321,5,0.366020465712,0.426570748863
322,5,0.105000507128,0.141692160756
323,5,0.210833291634,0.288622675746
324,5,0.167201646652,0.213463079426
325,5,0.190599296851,0.256452764979
326,5,0.268999655785,0.340134168963
327,5,0.509478748498,0.659595784312
328,5,0.249035507699,0.327631494278
329,5,0.126422019713,0.193314795184
330,5,0.256713080013,0.30858173022
331,5,0.178565697575,0.22948628124
332,5,0.33348658132,0.397105083629
333,5,0.456597398744,0.561715758098
334,5,0.540487628005,0.656793149346
335,5,0.50182856191,0.605889116989
