cycle,count,mae,rmse
50,5,0.126474122973,0.155830408287
51,5,0.168989281533,0.20188324438
52,5,0.109501857118,0.128998168602
53,5,0.113445274418,0.145448340243
54,5,0.145025962983,0.165356907392
55,5,0.15434242183,0.188656669214
56,5,0.208376098396,0.237458947196
57,5,0.186172286805,0.21228725509
58,5,0.228666179173,0.263662402445
59,5,0.190887042175,0.225234618299
60,5,0.111219284,0.144325727046
61,5,0.250078320492,0.273593080556
62,5,0.162671548925,0.192066276889
63,5,0.188950085317,0.242793236637
64,5,0.269064462475,0.33147701842
65,5,0.18553559496,0.235373284309
66,5,0.349409938646,0.484425554891
67,5,0.482240200903,0.583332126321
68,5,0.202354067573,0.247387430296
69,5,0.334253984908,0.377822741375
70,5,0.329867398092,0.4154941546
71,5,0.152977060001,0.190923794377
72,5,0.137864720175,0.169398298893
73,5,0.322182030707,0.441149338459
74,5,0.129299507769,0.153188070816
75,5,0.0986707105568,0.121877539534
76,5,0.176178566687,0.218827131422
77,5,0.206893516749,0.265355222651
78,5,0.165332590782,0.205591520424
79,5,0.155280294172,0.183931157058
80,5,0.166312923191,0.199349639462
81,5,0.0960820983922,0.116605069298
82,5,0.176091396841,0.216879397597
83,5,0.266229180941,0.32319908734
84,5,0.192168709752,0.23203720885
85,5,0.109932769412,0.13192611338
86,5,0.125282933298,0.147618017394
87,5,0.150429900597,0.193811783766
88,5,0.243666150335,0.285380122309
89,5,0.176383638498,0.215624733784
90,5,0.249387022838,0.316241309881
91,5,0.105644079505,0.146103290271
92,5,0.243615556141,0.284669332639
93,5,0.165183447,0.192630084182
94,5,0.149060785354,0.184528326823
95,5,0.145395927941,0.184119253539
96,5,0.331115027026,0.394598519318
97,5,0.0989948423244,0.122958910203
98,5,0.0908365273206,0.111285580132
99,5,0.156623331487,0.183686860292
100,5,0.21515019393,0.258702438478
101,5,0.105478929328,0.131414100594
102,5,0.145819463554,0.177880355534
103,5,0.117749819197,0.151860233489
104,5,0.11288576189,0.141074944543
105,5,0.10749702909,0.138088559344
106,5,0.122061883397,0.147377124948
107,5,0.142902175619,0.164689611128
108,5,0.157047491818,0.188135888866
109,5,0.188420487537,0.236548366235
110,5,0.201560179921,0.290250297688
111,5,0.23117933446,0.27708747995
112,5,0.191448536823,0.237157048289
113,5,0.180042834361,0.235518477259
114,5,0.184029669707,0.257299900811
115,5,0.148975321534,0.186908168657
116,5,0.147990159146,0.190101877692
117,5,0.210589613104,0.249502671779
118,5,0.181758639784,0.226478927682
119,5,0.300092891783,0.396806166298
120,5,0.636582256184,0.824464304185
121,5,0.660189909476,0.812956017608
122,5,0.642958705197,0.798963683518
123,5,0.560933563592,0.676844802742
124,5,0.459972335115,0.584238011773
125,5,0.52969537733,0.703465360871
126,5,0.428044463623,0.612749914423
127,5,0.522436318945,0.629765045561
128,5,0.18881264147,0.229889791252
129,5,0.191126436268,0.278617122447
130,5,0.109421473679,0.144662303669
131,5,0.18701041391,0.236491863261
132,5,0.366201286174,0.431197310312
133,5,0.496462253736,0.597178199026
134,5,0.533016117173,0.667670341041
135,5,0.523325434112,0.597653886138
136,5,0.309352153538,0.375804705054
137,5,0.235074314549,0.309395405938
138,5,0.250355001244,0.32484512359
139,5,0.277138991119,0.317878201666
140,5,0.109766036699,0.136772309572
141,5,0.166785908749,0.200427852677
142,5,0.1293161691,0.162181219258
143,5,0.175959764698,0.237025884112
144,5,0.219019901951,0.272226402781
145,5,0.155978821587,0.188677934111
146,5,0.0964671947991,0.121931519546
147,5,0.126842880113,0.15746228792
148,5,0.0968915221759,0.120002311398
149,5,0.0957896682771,0.115680249863
150,5,0.124859314754,0.158971173983
151,5,0.140281656697,0.177512423796
152,5,0.162820757271,0.198237081369
153,5,0.204906971213,0.27043810323
154,5,0.205875074506,0.295373110446
155,5,0.287860858424,0.395362059777
156,5,0.140583650723,0.179624387159
157,5,0.230453328111,0.279461541305
158,5,0.167025936667,0.231538918251
159,5,0.139856909744,0.165629604426
160,5,0.257331436811,0.298832194324
161,5,0.108135588882,0.139962104701
162,5,0.113595552255,0.144437545152
163,5,0.149485151442,0.186356201979
164,5,0.133454630046,0.162170443941
165,5,0.112444081214,0.154166733325
166,5,0.158613225228,0.204075233222
167,5,0.160041053078,0.196254352526
168,5,0.168667025544,0.202942656935
169,5,0.185147382864,0.216653182891
170,5,0.122468199251,0.146831044173
171,5,0.187875693678,0.226934790405
172,5,0.149291371684,0.175281805175
173,5,0.1652976897,0.209528542487
174,5,0.15910771168,0.198852199364
175,5,0.166676961027,0.201620875977
176,5,0.119819369438,0.146256622478
177,5,0.107356996893,0.128278878633
178,5,0.113896169591,0.141160089027
179,5,0.0736116548586,0.0927350035331
180,5,0.117179917071,0.147501897802
181,5,0.0838835618341,0.101651788421
182,5,0.112002315892,0.13957262035
183,5,0.174444223568,0.200277202481
184,5,0.0705739423084,0.0834411248128
185,5,0.100561678743,0.119320366561
186,5,0.170723060282,0.197015722208
187,5,0.217504306527,0.236772041012
188,5,0.160849558024,0.188994686219
189,5,0.226887625792,0.244736934776
190,5,0.105386800603,0.155778197513
191,5,0.244643948074,0.28757085598
192,5,0.104478809439,0.145395322506
193,5,0.101044751906,0.138574298248
194,5,0.125073056973,0.156283907164
195,5,0.0850278946108,0.111364711972
196,5,0.177651571447,0.230582778089
197,5,0.168430156802,0.25029611761
198,5,0.241178265948,0.311134130454
199,5,0.137176259378,0.201612737598
200,5,0.218549592111,0.289206799703
201,5,0.608744326387,0.75165952241
202,5,0.640683514641,0.733935410864
203,5,0.516283395863,0.593089540171
204,5,0.524281543469,0.593549907241
205,5,0.402073808475,0.506473662834
206,5,0.775853702925,1.00587724453
207,5,0.557950499147,0.642760930061
208,5,0.525813487607,0.661988598234
209,5,0.443748464043,0.565962911711
210,5,0.706220967893,0.825448710056
211,5,0.820134468797,1.0132203189
212,5,0.554304759728,0.650146879291
213,5,0.954180866922,1.13169265006
214,5,0.674432505307,1.06032501505
215,5,0.560997009598,0.713710791442
216,5,0.543423346644,0.659365227097
217,5,0.384971977973,0.468658746553
218,5,0.290566995048,0.331577377842
219,5,0.370583547709,0.444898560088
220,5,0.233324927662,0.306226492507
221,5,0.322459814738,0.416231965334
222,5,0.259188125291,0.318771978296
223,5,0.203679897334,0.239880606143
224,5,0.139700488703,0.194884860044
225,5,0.179106405111,0.211761152254
226,5,0.334163050994,0.391875313314
227,5,0.124005414506,0.158707145444
228,5,0.363829441236,0.438948936198
229,5,0.759925851349,0.923431347585
230,5,0.72898234674,0.853323577391
231,5,0.70906617601,0.907840892495
232,5,0.98215845181,1.17287921115
233,5,0.844367095724,1.04127656192
234,5,0.927641098654,1.18489471102
235,5,0.645102883885,0.764016259862
236,5,0.467657679591,0.602137004597
237,5,0.501217535315,0.601280125712
238,5,0.464243131872,0.568957685239
239,5,0.34587545454,0.426572672114
240,5,0.264739862265,0.318205999366
241,5,0.356971729123,0.41512519813
242,5,0.544100527155,0.661808583027
243,5,0.758550794901,0.900584597161
244,5,1.12191826076,1.27262963192
245,5,1.09436461994,1.34887767739
246,5,0.810669550658,0.936397725844
247,5,0.630640806797,0.773939823587
248,5,0.556477280919,0.752130938844
249,5,0.457839457923,0.539728335004
250,5,0.405897233213,0.498357294899
251,5,0.369837200693,0.470840065723
252,5,0.238452509061,0.295974570986
253,5,0.301780950383,0.378997473483
254,5,0.221862477011,0.249339585946
255,5,0.126585725801,0.155584328986
256,5,0.181013169599,0.223296921013
257,5,0.285046508355,0.338881910033
258,5,0.13055807922,0.16378508473
259,5,0.117459842822,0.153670752769
260,5,0.23148355467,0.292714107196
261,5,0.254594986106,0.339478806023
262,5,0.19645709581,0.245912429491
263,5,0.264319865827,0.343315986371
264,5,0.352118315833,0.453405658655
265,5,0.605583247283,0.7549201684
266,5,0.315788716072,0.38011302215
267,5,0.403620146462,0.510793456643
268,5,0.311539091915,0.388968433129
269,5,0.256345335239,0.327060115652
270,5,0.362104791645,0.471752850878
271,5,0.181720336534,0.212390600925
272,5,0.196330580727,0.236731174858
273,5,0.156933582349,0.199374632098
274,5,0.14317319545,0.185278694086
275,5,0.167520086099,0.205093185687
276,5,0.513849685958,0.62801130519
277,5,0.283745054661,0.327171765662
278,5,0.109856245616,0.138910118353
279,5,0.220959196028,0.2871945005
280,5,0.240355441492,0.293897815988
281,5,0.1881950188,0.255320760691
282,5,0.34159104239,0.402314554151
283,5,0.178372416359,0.22862258617
284,5,0.162697785414,0.208010307819
285,5,0.148947620048,0.177057749018
286,5,0.223766320164,0.260759401096
287,5,0.165897225255,0.204901274871
288,5,0.216582853428,0.26253339314
289,5,0.335132924134,0.379008664784
290,5,0.311164648033,0.364524798149
291,5,0.175769859983,0.207711338082
292,5,0.239440010379,0.261997026936
293,5,0.116033004233,0.147078120066
294,5,0.242529834025,0.282083841739
295,5,0.141134945734,0.195087914859
296,5,0.112158511133,0.144815244865
297,5,0.166853367938,0.206443618343
298,5,0.237937557775,0.28711049805
299,5,0.206329123773,0.25351301421
300,5,0.219167347659,0.274914158847
301,5,0.163241533921,0.20079742105
302,5,0.279717560039,0.320436491388
303,5,0.0989559607208,0.127639016547
304,5,0.154845722751,0.201175179203
305,5,0.218275885726,0.290703909349
306,5,0.132939208625,0.16928120143
307,5,0.117779039892,0.148667646698
308,5,0.132426381313,0.160206013649
309,5,0.255620501972,0.33603489027
310,5,0.269807372292,0.322668327978
311,5,0.2781085913,0.342715424907
312,5,0.373265800129,0.462548943305
313,5,0.500700500633,0.620757708375
314,5,0.314923089607,0.412833922231
315,5,0.296462168357,0.371682069096
316,5,0.418048762458,0.511803567755
317,5,0.256919254471,0.319797465683
318,5,0.30311847703,0.381639157222
319,5,0.379634758982,0.480794446288
320,5,0.33299502472,0.406419750362
321,5,0.208361124291,0.262258949029
322,5,0.195633643789,0.267963477086
323,5,0.209287950252,0.234270207654
324,5,0.236683853437,0.317865998102
325,5,0.231515972481,0.295177008567
326,5,0.22908856389,0.291805575141
327,5,0.593772111536,0.752214455747
328,5,0.270997216204,0.33719535012
329,5,0.18882166885,0.237023387185
330,5,0.155975843207,0.187513993076
331,5,0.189511508171,0.250800296712
332,5,0.362466900235,0.447684945123
333,5,0.579240977314,0.681325624256
334,5,0.753228818533,0.919111996569
335,5,0.508027962723,0.651915697606
