cycle,count,mae,rmse
50,25,0.118011388864,0.143620872552
51,25,0.124524102297,0.156798711625
52,25,0.131371410985,0.154527798261
53,25,0.146240993777,0.179362836753
54,25,0.101874822726,0.125046442591
55,25,0.129700703047,0.158348674996
56,25,0.090964474663,0.117391009831
57,25,0.114963536937,0.146075938091
58,25,0.166450041765,0.201122572991
59,25,0.191082896225,0.232833750699
60,25,0.112587690024,0.135762264046
61,25,0.165321646392,0.198861959787
62,25,0.188542688581,0.239349668028
63,25,0.156962030778,0.198035927195
64,25,0.260694252847,0.32186022742
65,25,0.18833262596,0.218847955647
66,25,0.284986888252,0.343545028336
67,25,0.576650349782,0.675568614128
68,25,0.167693359159,0.196732911212
69,25,0.238561226514,0.292710537027
70,25,0.333596234811,0.455186709585
71,25,0.210346183262,0.259163751343
72,25,0.252184947002,0.319153875284
73,25,0.348937089242,0.432042491995
74,25,0.149349006275,0.183418935305
75,25,0.102903670838,0.131832724902
76,25,0.173872966284,0.232880411674
77,25,0.147817934682,0.198556201058
78,25,0.154178227176,0.189597015727
79,25,0.136719785775,0.1750959908
80,25,0.0968025911717,0.116775731313
81,25,0.142789327224,0.182040709994
82,25,0.175781055894,0.218996464218
83,25,0.175678203257,0.214213532241
84,25,0.170692581247,0.210821672688
85,25,0.162733361819,0.19525515783
86,25,0.106109712562,0.130267935752
87,25,0.111198356543,0.133902087819
88,25,0.160821187804,0.202636606088
89,25,0.120628790748,0.151564791971
90,25,0.2143421075,0.278392656045
91,25,0.118680026198,0.160935304658
92,25,0.133476757397,0.159251323737
93,25,0.18061416009,0.205153669045
94,25,0.112178108695,0.129005617262
95,25,0.123107565364,0.148959403504
96,25,0.261722379206,0.33822286822
97,25,0.105033144104,0.126552395676
98,25,0.12347246225,0.154247618413
99,25,0.112109032868,0.139513126353
100,25,0.151128198694,0.184179327262
101,25,0.194959446627,0.240995621859
102,25,0.159693597045,0.189276760062
103,25,0.0983762622344,0.126243734093
104,25,0.113776551032,0.144957912514
105,25,0.149084581515,0.189825597137
106,25,0.200924940271,0.245552960898
107,25,0.13781477127,0.175510835852
108,25,0.120636668214,0.147731869046
109,25,0.117890082691,0.15127513841
110,25,0.264726083121,0.339276148205
111,25,0.165401642861,0.19218526728
112,25,0.143783783548,0.189615873112
113,25,0.160724036129,0.191151703911
114,25,0.148744939054,0.190030539417
115,25,0.112493668015,0.14511601709
116,25,0.164374451204,0.196725612327
117,25,0.224268057219,0.270035255993
118,25,0.212654619223,0.255885708242
119,25,0.265328514627,0.32674364908
120,25,0.652517191269,0.910022074434
121,25,0.496353800186,0.652400795604
122,25,0.891154185968,1.07599459013
123,25,0.509428526893,0.620274854913
124,25,0.425414906883,0.529870491198
125,25,0.56251527424,0.690718000982
126,25,0.374094538155,0.484837202512
127,25,0.450167029096,0.613130499449
128,25,0.247563706282,0.296680070142
129,25,0.16581473786,0.23127390728
130,25,0.088529053019,0.122370053686
131,25,0.162221508648,0.200277592478
132,25,0.293808270789,0.358597961522
133,25,0.504229654706,0.634901524753
134,25,0.450367732805,0.534629289443
135,25,0.394360326941,0.462344848507
136,25,0.238400965277,0.2759943134
137,25,0.276304884798,0.320101385356
138,25,0.241943061057,0.323879851765
139,25,0.135338091954,0.170443960102
140,25,0.132586792865,0.162799135474
141,25,0.124817553648,0.153358263821
142,25,0.1360665268,0.170048530981
143,25,0.145734018893,0.211152296252
144,25,0.126298095402,0.161386230533
145,25,0.128479155788,0.162451551281
146,25,0.132938253302,0.160636698933
147,25,0.12793804966,0.155388302358
148,25,0.145043402918,0.177765728639
149,25,0.104287917473,0.132992936808
150,25,0.156648007418,0.19753438708
151,25,0.129497250399,0.156925956145
152,25,0.110068346768,0.13459377791
153,25,0.147187414275,0.202751308567
154,25,0.178705362148,0.266772764317
155,25,0.193348688267,0.268390493246
156,25,0.132417564724,0.168509620522
157,25,0.219911898762,0.265218759177
158,25,0.239595243148,0.316771498129
159,25,0.113893958484,0.136197468401
160,25,0.152511907314,0.190738455344
161,25,0.104370448286,0.14275183425
162,25,0.113520891266,0.141890925544
163,25,0.128005005181,0.151498064915
164,25,0.104059655089,0.129291961993
165,25,0.148417767511,0.189209540361
166,25,0.114056165584,0.152795944565
167,25,0.112888471061,0.132325227595
168,25,0.127607225072,0.157143734838
169,25,0.12083162028,0.147276891579
170,25,0.0984599656569,0.123366952027
171,25,0.132800511911,0.158105996086
172,25,0.232416955151,0.298760063386
173,25,0.145713397021,0.185209104575
174,25,0.186978427297,0.236662713135
175,25,0.129158786424,0.162519144153
176,25,0.136759807342,0.168052676022
177,25,0.118429486717,0.140045658394
178,25,0.100624062465,0.126088634755
179,25,0.0947914442617,0.115391328394
180,25,0.0864255465388,0.104972231667
181,25,0.114844899603,0.134606370891
182,25,0.140258720827,0.17201192555
183,25,0.0948580102012,0.111832923761
184,25,0.108422010668,0.134098360563
185,25,0.113042595011,0.140547577007
186,25,0.155630356464,0.178170187974
187,25,0.117052887034,0.146046712076
188,25,0.0935672611164,0.122069445136
189,25,0.13604771531,0.17323070078
190,25,0.155564151572,0.189578839823
191,25,0.176942875153,0.210160718868
192,25,0.120521323951,0.160466695892
193,25,0.112571588714,0.138132300179
194,25,0.15123191158,0.18678493116
195,25,0.0838548041894,0.102489361709
196,25,0.183535401394,0.233438574002
197,25,0.205709212858,0.291516021744
198,25,0.205646267639,0.264223184467
199,25,0.141294571177,0.195874848071
200,25,0.206821998585,0.271084915407
201,25,0.303835619777,0.37496077549
202,25,0.350530833671,0.413564629977
203,25,0.387725611948,0.471714208902
204,25,0.493176215531,0.587396878766
205,25,0.467424579457,0.547482081376
206,25,0.489692497418,0.598356848539
207,25,0.41439786444,0.505565938858
208,25,0.588868200879,0.754838644047
209,25,0.311350867635,0.397693783665
210,25,0.45893043396,0.59834202526
211,25,0.905966211699,1.13061884199
212,25,0.441481496794,0.501748934019
213,25,0.592310628154,0.724257650032
214,25,0.630370352898,0.920844873818
215,25,0.48935050261,0.674853869212
216,25,0.50100454529,0.611073114586
217,25,0.45148539863,0.553633721977
218,25,0.266758233769,0.31743782486
219,25,0.231590695814,0.295300664818
220,25,0.198321491538,0.257445147095
221,25,0.224053596326,0.30765251548
222,25,0.201670662725,0.25198364093
223,25,0.104547476039,0.132081983809
224,25,0.156805232612,0.205268949702
225,25,0.143228039538,0.175209702054
226,25,0.161663989542,0.194900690148
227,25,0.167444200252,0.213999887589
228,25,0.360205867825,0.415808627413
229,25,0.561308542823,0.739364455641
230,25,0.518992964342,0.588996453366
231,25,0.382545816099,0.493956757542
232,25,0.914827985109,1.16226242735
233,25,0.642057577384,0.838635726629
234,25,0.504255550049,0.628826941465
235,25,0.621415946881,0.800114508964
236,25,0.485852019848,0.564488569341
237,25,0.310169636452,0.368533895903
238,25,0.399004407246,0.487629022163
239,25,0.257281981789,0.350803429378
240,25,0.240081212167,0.294553501486
241,25,0.260313279812,0.31544851626
242,25,0.319557199546,0.397709042838
243,25,0.366700574842,0.468029263629
244,25,0.447731957707,0.639321430745
245,25,0.802537157466,1.00062588477
246,25,0.608884603621,0.768776172745
247,25,0.292463513177,0.38396153875
248,25,0.370091449553,0.439802041522
249,25,0.202493215343,0.255652879471
250,25,0.240736080122,0.320762974769
251,25,0.189696972792,0.237462346971
252,25,0.198008629667,0.246502072575
253,25,0.24251491348,0.317057534114
254,25,0.16106486472,0.204966849227
255,25,0.149072857476,0.177651007346
256,25,0.0876659427275,0.120199784209
257,25,0.182387153745,0.214945103831
258,25,0.122062480717,0.167592597575
259,25,0.156359783614,0.193130705989
260,25,0.143767553699,0.184053437986
261,25,0.214352453904,0.281176006389
262,25,0.21686706396,0.26960515497
263,25,0.195655441639,0.261600925974
264,25,0.317996673397,0.413771473389
265,25,0.383311058522,0.470655532765
266,25,0.27523250325,0.358652382532
267,25,0.258856959327,0.317409518478
268,25,0.249039036886,0.319981291844
269,25,0.26352336033,0.351967668108
270,25,0.198186415897,0.264260715627
271,25,0.182821106964,0.21269515088
272,25,0.134981767467,0.164746599235
273,25,0.105239122451,0.13512877894
274,25,0.142899093842,0.178257713977
275,25,0.133852162358,0.177938048131
276,25,0.342027673381,0.414230181956
277,25,0.183947030726,0.222177387586
278,25,0.116530249172,0.152017205616
279,25,0.122625354542,0.163481908359
280,25,0.170722838548,0.227412128307
281,25,0.180093904596,0.232103731139
282,25,0.189134476319,0.221555244188
283,25,0.177633382962,0.214468908163
284,25,0.166089953098,0.19763275714
285,25,0.124793118083,0.159024980734
286,25,0.143150684761,0.175061101414
287,25,0.139396409452,0.164742172003
288,25,0.14363701445,0.192542153264
289,25,0.144667677194,0.190056663916
290,25,0.144379574624,0.190729739911
291,25,0.181904056709,0.215546703309
292,25,0.114567290659,0.138622577662
293,25,0.120868637036,0.144342511676
294,25,0.106804554209,0.151604913333
295,25,0.126734283884,0.170754626683
296,25,0.103401874704,0.126372978133
297,25,0.127956867112,0.15289355295
298,25,0.126027312014,0.156966660551
299,25,0.108940973375,0.149621204113
300,25,0.150314634427,0.193147687963
301,25,0.154016695713,0.175375205051
302,25,0.144720757114,0.17562866182
303,25,0.0892784236794,0.112801446985
304,25,0.116792331778,0.149503934095
305,25,0.143855103891,0.199871932378
306,25,0.0927753745824,0.118123958359
307,25,0.113528123122,0.154493724554
308,25,0.130572979368,0.157711599085
309,25,0.243430479408,0.317750294403
310,25,0.176224335898,0.227964076623
311,25,0.229998853158,0.28632550182
312,25,0.351885567049,0.451712245206
313,25,0.660549677813,0.813838831388
314,25,0.257930530184,0.320656925906
315,25,0.194475097664,0.242019892567
316,25,0.279046493945,0.356171872925
317,25,0.212546597974,0.285243010166
318,25,0.175711240483,0.231230659876
319,25,0.272677702962,0.341403250373
320,25,0.185325416305,0.242006783553
321,25,0.11299133974,0.144004113103
322,25,0.109107839688,0.141769443233
323,25,0.166822568238,0.214418479476
324,25,0.159088551469,0.19678421434
325,25,0.164378744602,0.203369683186
326,25,0.161700455738,0.199608125332
327,25,0.368938393347,0.484592122644
328,25,0.296994954691,0.394532059994
329,25,0.1474035275,0.187325746363
330,25,0.174642277413,0.221538379441
331,25,0.178745685116,0.227549303048
332,25,0.309054038385,0.374361258232
333,25,0.32234448732,0.368844791613
334,25,0.834306543873,1.01878277165
335,25,0.765002640973,0.956596528848
