cycle,count,mae,rmse
50,15,0.134953943124,0.161586505328
51,15,0.134887627946,0.166501134789
52,15,0.0989904199391,0.1165877432
53,15,0.102334112945,0.128092616212
54,15,0.0722496686635,0.093451927368
55,15,0.101402409286,0.124175963827
56,15,0.102399294904,0.128009261818
57,15,0.125605678343,0.159258721512
58,15,0.186941207026,0.222288197743
59,15,0.165112440889,0.194450344435
60,15,0.106091263505,0.1316962165
61,15,0.185173321896,0.221660304425
62,15,0.136418572744,0.169034271011
63,15,0.180755145041,0.221658693415
64,15,0.262584047744,0.329298134793
65,15,0.143171049797,0.177918212414
66,15,0.346051127544,0.425241745945
67,15,0.677546223819,0.838918623108
68,15,0.146001222144,0.17622172678
69,15,0.226821393463,0.285216796247
70,15,0.263543918807,0.357376519154
71,15,0.23528389603,0.294465720002
72,15,0.197805090975,0.243334348115
73,15,0.353228358955,0.45557293606
74,15,0.119599345747,0.146662913126
75,15,0.131378395131,0.162469028601
76,15,0.158114917881,0.200688912322
77,15,0.181857353128,0.243674443011
78,15,0.194776574701,0.234728983961
79,15,0.0902204276847,0.110678006158
80,15,0.100493685848,0.127339962098
81,15,0.0958559386705,0.11815323866
82,15,0.177797957402,0.221383033617
83,15,0.195586106461,0.26756875023
84,15,0.145036049857,0.177585833121
85,15,0.101631361193,0.120399108226
86,15,0.115274285161,0.141063771353
87,15,0.0980743154123,0.118451196468
88,15,0.185681506865,0.243971425212
89,15,0.112682382066,0.139612055711
90,15,0.199740657704,0.255956539732
91,15,0.112964451659,0.13994882289
92,15,0.129538452754,0.162212246
93,15,0.124892520581,0.154610423564
94,15,0.132824123649,0.157042744866
95,15,0.173762283546,0.210490167248
96,15,0.331328258498,0.388313574599
97,15,0.0957589575457,0.123711404062
98,15,0.137541900813,0.162087159114
99,15,0.135236068044,0.166447573697
100,15,0.138578282035,0.180051326836
101,15,0.1174436379,0.148970059142
102,15,0.148687769933,0.179549569527
103,15,0.111868845813,0.139375442532
104,15,0.132346041246,0.163455932338
105,15,0.18373998562,0.225498159762
106,15,0.186462284395,0.230141797242
107,15,0.130031247836,0.162214381926
108,15,0.126600041603,0.155379044688
109,15,0.132497137247,0.16801388265
110,15,0.166490352228,0.239908874278
111,15,0.157826401948,0.207065908453
112,15,0.136084620634,0.167125469776
113,15,0.168205867292,0.223139626465
114,15,0.160587262928,0.206499638127
115,15,0.132611890392,0.158669255661
116,15,0.237649981735,0.290605619719
117,15,0.208118191411,0.270224381301
118,15,0.241770933732,0.281333890027
119,15,0.272182587319,0.338021423987
120,15,0.678083152013,0.894374300363
121,15,0.627287177866,0.798754242619
122,15,0.665367047659,0.847710341127
123,15,0.578742862706,0.707166549961
124,15,0.586545120242,0.746988089213
125,15,0.490375350251,0.595298710046
126,15,0.374675343423,0.55519890775
127,15,0.493040115807,0.667055758861
128,15,0.174292098391,0.223633897315
129,15,0.21862511194,0.2881124047
130,15,0.10257744948,0.134379710161
131,15,0.154600089251,0.215364337321
132,15,0.356492963403,0.438476414555
133,15,0.399453438716,0.496032822648
134,15,0.383582188764,0.464608211153
135,15,0.380791650455,0.477650911256
136,15,0.283148857411,0.336047859265
137,15,0.226160387605,0.282297057695
138,15,0.266601151771,0.328829931119
139,15,0.19598178756,0.251503944076
140,15,0.0992291007309,0.125239921899
141,15,0.104608905833,0.141485162254
142,15,0.160365462741,0.207367298155
143,15,0.175490234609,0.249512333228
144,15,0.118434906568,0.159796199264
145,15,0.0924908901075,0.113585740642
146,15,0.129021059079,0.15095430609
147,15,0.156077859157,0.193893743999
148,15,0.11817983401,0.14845924017
149,15,0.126392020242,0.158158156692
150,15,0.134228692084,0.172736622812
151,15,0.136553329601,0.184390656708
152,15,0.114269975832,0.1428497936
153,15,0.161280715129,0.217773405799
154,15,0.254402870772,0.331380148546
155,15,0.216062611459,0.291536836913
156,15,0.120915808569,0.152297246267
157,15,0.231683837035,0.275108300907
158,15,0.219663520569,0.259979602598
159,15,0.179584250701,0.215178032763
160,15,0.125574472311,0.157436951799
161,15,0.11496880595,0.151855920715
162,15,0.181909505922,0.220494014565
163,15,0.138720440889,0.16672303792
164,15,0.111466457903,0.140268909377
165,15,0.126806401932,0.168101668623
166,15,0.105634874446,0.141057146792
167,15,0.114005943458,0.138391717367
168,15,0.131380248559,0.162576718589
169,15,0.129056650575,0.168148531683
170,15,0.158174915548,0.196822526813
171,15,0.217908056018,0.252390169719
172,15,0.129418017391,0.16674959207
173,15,0.217420807002,0.276166544591
174,15,0.145228648129,0.172914885009
175,15,0.11979621612,0.155084655403
176,15,0.116391676079,0.141435793726
177,15,0.0893905890147,0.11228188132
178,15,0.0725706261071,0.0891895424693
179,15,0.0835331596113,0.10113981647
180,15,0.093150639575,0.113772532086
181,15,0.0915074872825,0.112212524966
182,15,0.138567466312,0.159707609353
183,15,0.0870468838258,0.103496408892
184,15,0.0800204363204,0.0944226492106
185,15,0.0832040682411,0.105670301103
186,15,0.0869326976188,0.108181460359
187,15,0.175774634771,0.224358414028
188,15,0.117471578448,0.1494433412
189,15,0.168278804046,0.210872776265
190,15,0.152415466583,0.195163667876
191,15,0.146629471598,0.17702342973
192,15,0.137989302813,0.180330461633
193,15,0.241925370029,0.269472278116
194,15,0.127554377825,0.16130856174
195,15,0.100071996589,0.121781819457
196,15,0.158743370285,0.231688363928
197,15,0.177826157574,0.215637087587
198,15,0.181814771596,0.272994010494
199,15,0.16630204272,0.225810605775
200,15,0.216733929439,0.259818322801
201,15,0.302371848047,0.382121683633
202,15,0.412566238885,0.502573238657
203,15,0.352001487693,0.436922404744
204,15,0.432712592187,0.555667174579
205,15,0.366064492158,0.454609306545
206,15,0.585445332555,0.734589123699
207,15,0.386685127263,0.464484754333
208,15,0.455347271834,0.522768026273
209,15,0.34934088987,0.440671003974
210,15,0.441857987756,0.575216333599
211,15,0.906095623913,1.15196804506
212,15,0.551762670761,0.624599997951
213,15,0.51599242087,0.71061210191
214,15,0.788328939637,1.11499406522
215,15,0.878759323507,1.17539284986
216,15,0.575322194326,0.738864686092
217,15,0.479679798814,0.580175822604
218,15,0.212282973323,0.262206883457
219,15,0.267956684857,0.34217176733
220,15,0.214345124384,0.276178531563
221,15,0.283838973306,0.38893228214
222,15,0.202044248378,0.256228907943
223,15,0.117123892591,0.148076051926
224,15,0.148678066765,0.191787787519
225,15,0.145623731537,0.184413688529
226,15,0.154555110406,0.19412819032
227,15,0.191694192783,0.228076654988
228,15,0.372854360598,0.483996616381
229,15,0.611634822603,0.746668950548
230,15,0.526789246604,0.606263976089
231,15,0.38417042082,0.506054776112
232,15,0.556854015503,0.743294488854
233,15,1.11306661786,1.3871427994
234,15,0.553526077904,0.732026193386
235,15,0.622316937086,0.711752183416
236,15,0.383741600828,0.45709908254
237,15,0.361332729506,0.450385153835
238,15,0.278345976929,0.363709283278
239,15,0.401644495804,0.498777039705
240,15,0.270264180935,0.330611903397
241,15,0.252043822745,0.302593926711
242,15,0.401886412969,0.494218760686
243,15,0.505113523475,0.609099477989
244,15,0.773331908232,0.983544653388
245,15,0.64395123774,0.842817211826
246,15,0.455977815867,0.58517646337
247,15,0.359795349594,0.465136727228
248,15,0.332759305907,0.406565549233
249,15,0.289421261869,0.379445766564
250,15,0.256794354138,0.323608745745
251,15,0.330346463968,0.393930068496
252,15,0.196710729191,0.237589422838
253,15,0.30313906799,0.341412384528
254,15,0.163967291772,0.217927372637
255,15,0.185410898399,0.227467458958
256,15,0.104077653594,0.130295600188
257,15,0.148258120473,0.181944106026
258,15,0.113987491691,0.146381817112
259,15,0.131219446026,0.171114380156
260,15,0.16558288506,0.198514964012
261,15,0.162082785644,0.204783738523
262,15,0.26007963929,0.334649364761
263,15,0.210489936068,0.267041037654
264,15,0.359565556811,0.475513192297
265,15,0.443971480614,0.549417120116
266,15,0.267359996572,0.354151982309
267,15,0.430122172725,0.515940352067
268,15,0.237860179418,0.302243511932
269,15,0.255584091861,0.302346872875
270,15,0.233988544539,0.278104255559
271,15,0.162015274395,0.197042768086
272,15,0.128905323926,0.158043786717
273,15,0.10696283598,0.138556225475
274,15,0.145764960601,0.183568097742
275,15,0.17201643587,0.214756794478
276,15,0.410219047426,0.511916940709
277,15,0.147709693501,0.193446612338
278,15,0.122093285729,0.15575472126
279,15,0.140089619762,0.201848340818
280,15,0.176124133205,0.227205483841
281,15,0.244164253867,0.294872005394
282,15,0.188845365714,0.220569773818
283,15,0.171316096276,0.207805729587
284,15,0.149017085078,0.177040243538
285,15,0.126830900681,0.159055405467
286,15,0.141097963759,0.171411364466
287,15,0.122586779043,0.159705160559
288,15,0.136816396054,0.186865616729
289,15,0.154770810484,0.188397130809
290,15,0.162645035564,0.21392540375
291,15,0.133391580498,0.158760706793
292,15,0.121933255502,0.143929640182
293,15,0.139241649591,0.161258546511
294,15,0.146011518,0.194042865303
295,15,0.130848506041,0.176989874337
296,15,0.126586204304,0.156562511602
297,15,0.169172487312,0.205411276988
298,15,0.12078498715,0.152977646131
299,15,0.109811448671,0.139655771597
300,15,0.135221354355,0.175241220918
301,15,0.167464305592,0.20447109813
302,15,0.149712245957,0.172529854386
303,15,0.0895103973557,0.109332075165
304,15,0.144278481803,0.180670677449
305,15,0.141071477806,0.172488232595
306,15,0.0802404637745,0.108006697422
307,15,0.150104107591,0.200581211727
308,15,0.172307390784,0.227048433976
309,15,0.245650900352,0.321312056295
310,15,0.141139706264,0.182996613467
311,15,0.309992000546,0.391381377796
312,15,0.405465450695,0.532565893513
313,15,0.513476369166,0.678071050581
314,15,0.383405090106,0.50244118483
315,15,0.232722930759,0.280403322436
316,15,0.214760524288,0.289660789833
317,15,0.224021150617,0.287912249737
318,15,0.160021657876,0.206663559142
319,15,0.274094544541,0.338618949374
320,15,0.148143816177,0.186983049446
321,15,0.140100379973,0.180862161562
322,15,0.118994167032,0.166867613969
323,15,0.151458146602,0.18656487224
324,15,0.120060049903,0.153245223749
325,15,0.162738567557,0.212015081876
326,15,0.206699333956,0.251863325183
327,15,0.448283891207,0.531403697569
328,15,0.257459916613,0.327775191648
329,15,0.16363482421,0.215190029417
330,15,0.148803449214,0.178724307387
331,15,0.179746645295,0.22683150323
332,15,0.30826544362,0.382530626757
333,15,0.394216823223,0.457755032264
334,15,0.619455420405,0.761520666156
335,15,0.572517336872,0.711014235756
