cycle,count,mae,rmse
50,15,0.0960517289487,0.118432483853
51,15,0.119704374259,0.146133650893
52,15,0.119402880501,0.141641754263
53,15,0.117330888935,0.143155057686
54,15,0.0941322306714,0.111778250216
55,15,0.12073555339,0.152478528474
56,15,0.144628701708,0.170352029565
57,15,0.110275477791,0.139230495823
58,15,0.197449722745,0.234126984422
59,15,0.16818519831,0.197356799332
60,15,0.106208192143,0.134121186318
61,15,0.146801545305,0.180160087503
62,15,0.152287060397,0.182830548757
63,15,0.173821087441,0.217732469782
64,15,0.196658434639,0.238629246652
65,15,0.223675399929,0.27278518856
66,15,0.275528184044,0.360761057048
67,15,0.561195228823,0.689042651843
68,15,0.132084610401,0.164748824831
69,15,0.33627047955,0.426960956304
70,15,0.339497420361,0.497003098994
71,15,0.320042673756,0.381825068796
72,15,0.189600818373,0.232950170635
73,15,0.332280717,0.405779225556
74,15,0.102669618257,0.126276450412
75,15,0.113069491633,0.136080328794
76,15,0.119836141809,0.146517054489
77,15,0.144648290625,0.195414124278
78,15,0.196334597652,0.238467476495
79,15,0.165018058261,0.200654900236
80,15,0.102769182796,0.129833862811
81,15,0.123028154313,0.161222237123
82,15,0.16080161371,0.193484156619
83,15,0.119383516127,0.146601486523
84,15,0.145003866396,0.167541639934
85,15,0.148642018442,0.172691593693
86,15,0.144251149276,0.166217784427
87,15,0.124024360744,0.161351337475
88,15,0.241375010191,0.291497172226
89,15,0.144594647372,0.174174817455
90,15,0.252781400323,0.31420859543
91,15,0.114249491398,0.149129415556
92,15,0.137584362152,0.166404520556
93,15,0.152592773303,0.198137840542
94,15,0.128514931593,0.158997497033
95,15,0.117444020442,0.148062563804
96,15,0.398265384187,0.476845308191
97,15,0.124978473493,0.152840141276
98,15,0.137887250017,0.160872259056
99,15,0.130017552197,0.155153120878
100,15,0.2199043821,0.267420753913
101,15,0.121221793919,0.149611332999
102,15,0.178282737015,0.214357367424
103,15,0.113200973699,0.138296548852
104,15,0.219349143944,0.265532399981
105,15,0.156679909888,0.186711654916
106,15,0.158692590545,0.19627657544
107,15,0.13033328261,0.158322091581
108,15,0.120132247464,0.162789106464
109,15,0.12902356481,0.164759977426
110,15,0.202320274088,0.284970419263
111,15,0.164166767876,0.210382478545
112,15,0.117343041003,0.146345487486
113,15,0.163690840547,0.207939231294
114,15,0.216389705472,0.259603967139
115,15,0.132797940363,0.156791561513
116,15,0.165391221155,0.206416521561
117,15,0.218599366062,0.264288829479
118,15,0.210883691625,0.253890696525
119,15,0.290780072816,0.375322318924
120,15,0.758101752263,1.00247750678
121,15,0.541147934021,0.692352607393
122,15,0.723638618973,0.888275479277
123,15,0.532358674875,0.672669933883
124,15,0.456574290762,0.56460316109
125,15,0.630833869854,0.810564378157
126,15,0.426326767799,0.559270195356
127,15,0.475342428083,0.623402789717
128,15,0.221794398734,0.26568614842
129,15,0.179686091122,0.252967324679
130,15,0.141822997461,0.171846236436
131,15,0.199848024716,0.251261450408
132,15,0.260550988516,0.325297951991
133,15,0.435017064379,0.563869251955
134,15,0.331212919336,0.427438668164
135,15,0.432654405874,0.540580915578
136,15,0.239944661733,0.281402011406
137,15,0.211280578875,0.267656939166
138,15,0.200404197343,0.272185727959
139,15,0.158192911645,0.195819489297
140,15,0.138355663741,0.179258686376
141,15,0.132732570514,0.173680757919
142,15,0.187912847122,0.225217787978
143,15,0.159517693521,0.218910376857
144,15,0.11857806986,0.147729111365
145,15,0.154756791008,0.191368781164
146,15,0.171974560473,0.222545655352
147,15,0.101408958725,0.125259127364
148,15,0.134038645373,0.155414221099
149,15,0.136881279607,0.168928313433
150,15,0.108340831948,0.132806934344
151,15,0.127809310281,0.16323729393
152,15,0.0975531107031,0.12408107326
153,15,0.158198660168,0.19848090839
154,15,0.203845593067,0.294333295854
155,15,0.20942535416,0.272591428313
156,15,0.11441169167,0.140709812431
157,15,0.223018545875,0.268293297755
158,15,0.172215759909,0.217895773131
159,15,0.120175566782,0.146702600823
160,15,0.144445514731,0.18873620256
161,15,0.116166525305,0.147386036348
162,15,0.132101078063,0.159142389497
163,15,0.122458160998,0.150524340972
164,15,0.192684772765,0.248554000393
165,15,0.14524922879,0.186877348139
166,15,0.115126751857,0.158412719746
167,15,0.176800775718,0.219529997428
168,15,0.098052395709,0.129593064215
169,15,0.0846098030718,0.110954103873
170,15,0.119871703765,0.143927577544
171,15,0.0912810177972,0.108515697307
172,15,0.126241490209,0.158781078948
173,15,0.158928227155,0.2006058952
174,15,0.110592837359,0.129902703799
175,15,0.128335612262,0.155228215095
176,15,0.0993079504331,0.122381684895
177,15,0.10425384267,0.124456494338
178,15,0.0988510604483,0.123076860874
179,15,0.145016994422,0.181563607368
180,15,0.097459274075,0.123274075411
181,15,0.0861148084802,0.10633283263
182,15,0.112154297638,0.133884532319
183,15,0.0911587296892,0.107646141401
184,15,0.0956823354072,0.117574743111
185,15,0.171533143146,0.211535880206
186,15,0.10003583211,0.124708734116
187,15,0.109734928507,0.137525878238
188,15,0.158559051275,0.186199142246
189,15,0.134606280216,0.168785261322
190,15,0.21452465983,0.268180084201
191,15,0.246444390239,0.280422179194
192,15,0.140084017159,0.178679356597
193,15,0.0995644990954,0.129636612616
194,15,0.0896299389724,0.113802995599
195,15,0.101384538565,0.128267199232
196,15,0.171446207282,0.215897757201
197,15,0.316183432744,0.425956885563
198,15,0.289429449598,0.344391775073
199,15,0.132901734677,0.193863561738
200,15,0.224403990727,0.278993191804
201,15,0.328880980986,0.434861444114
202,15,0.362908704928,0.421405868226
203,15,0.479219614396,0.566286714848
204,15,0.257116189641,0.347427791405
205,15,0.60178197644,0.70536565751
206,15,0.699646778529,0.862696311876
207,15,0.582580588707,0.709813890926
208,15,0.588429789827,0.708036154221
209,15,0.513327669244,0.604734641479
210,15,0.635003948771,0.76653080044
211,15,0.95756357932,1.14747153893
212,15,0.443616171286,0.535152120674
213,15,0.641654969033,0.787206518982
214,15,0.820314403663,1.03144286772
215,15,0.64503467026,0.852616815898
216,15,0.679536510684,0.821744871913
217,15,0.485361947694,0.587111630202
218,15,0.310778632652,0.407538560133
219,15,0.31960881931,0.404186130373
220,15,0.313084145193,0.402836456569
221,15,0.232310128426,0.319384211312
222,15,0.203045181346,0.253435157197
223,15,0.141857400432,0.177858317081
224,15,0.11729472193,0.159934700637
225,15,0.189450290044,0.22186309526
226,15,0.1634652604,0.201940117298
227,15,0.19862914517,0.25127508204
228,15,0.307825581337,0.417032444641
229,15,0.733774610217,0.880467578881
230,15,0.753373482723,0.93681033219
231,15,0.555858107867,0.677544122054
232,15,0.795233583619,0.963376472216
233,15,0.639571737259,0.846824520022
234,15,0.615342291673,0.769477481629
235,15,0.517268777458,0.632477992889
236,15,0.43269803025,0.535590852991
237,15,0.235580846004,0.300642175657
238,15,0.30602653912,0.392268055405
239,15,0.265827780204,0.349816113444
240,15,0.26297347149,0.332619931435
241,15,0.303757812537,0.386708320291
242,15,0.516113736194,0.62816464639
243,15,0.686705252041,0.856142516806
244,15,1.27135274634,1.53242073913
245,15,0.581554082428,0.763579935348
246,15,0.409963804088,0.509219836396
247,15,0.361163138182,0.474676780083
248,15,0.455967145283,0.559986924885
249,15,0.347129233232,0.418550769756
250,15,0.281601829512,0.361057410941
251,15,0.244521092272,0.306601024488
252,15,0.194735634543,0.261177271823
253,15,0.290317184073,0.346858656135
254,15,0.153056053247,0.196355935471
255,15,0.13205761492,0.16496745215
256,15,0.0982203279509,0.12962094724
257,15,0.158919586411,0.190474262407
258,15,0.117803458705,0.149340545304
259,15,0.111097401366,0.145300163606
260,15,0.241874324081,0.284636851819
261,15,0.188316838802,0.237554363695
262,15,0.288378305975,0.363731403165
263,15,0.198609130249,0.240189645335
264,15,0.382416885237,0.509378115231
265,15,0.439525857215,0.543099362075
266,15,0.340855511945,0.412180607805
267,15,0.3005793237,0.377332081185
268,15,0.237679693937,0.303608098651
269,15,0.206523950877,0.256055671712
270,15,0.239472401695,0.308221533875
271,15,0.181032870677,0.224606582109
272,15,0.154548913578,0.196140703949
273,15,0.0922684574594,0.116477740245
274,15,0.158559060584,0.193133163178
275,15,0.154915944891,0.193504219339
276,15,0.297730951874,0.395554318342
277,15,0.168600215955,0.205627515147
278,15,0.1084154348,0.138960711815
279,15,0.122065134028,0.16408629311
280,15,0.154535351552,0.19381284098
281,15,0.279337681356,0.337212266248
282,15,0.236108252659,0.287162607694
283,15,0.192497596176,0.226797536397
284,15,0.218471569165,0.248842321729
285,15,0.120394732131,0.151710648952
286,15,0.137736982851,0.178129775331
287,15,0.127298786071,0.175699713654
288,15,0.131594675466,0.172983152766
289,15,0.200066554203,0.26498762781
290,15,0.142786802502,0.190426501495
291,15,0.137560931839,0.167841030872
292,15,0.110352747185,0.13789064179
293,15,0.106920513805,0.137418426602
294,15,0.121104114032,0.165639559713
295,15,0.129801662996,0.175195782167
296,15,0.11767028129,0.139547598631
297,15,0.149061692213,0.184836562379
298,15,0.169563287111,0.205631187843
299,15,0.188604793271,0.250018737696
300,15,0.23173234343,0.306496532124
301,15,0.166792859447,0.202326408471
302,15,0.115988530468,0.148341859489
303,15,0.0914449940376,0.116692637097
304,15,0.13143619425,0.182402822815
305,15,0.103703657609,0.136852584089
306,15,0.146749176646,0.203371865942
307,15,0.108099692629,0.142956560435
308,15,0.159980853502,0.193521216552
309,15,0.248493650463,0.314993986048
310,15,0.188964275094,0.238257220172
311,15,0.25122886208,0.315169853
312,15,0.360344673911,0.454413015759
313,15,0.489431038564,0.636281046296
314,15,0.381871601041,0.473904102846
315,15,0.210514822082,0.26165227807
316,15,0.270976068129,0.352278759076
317,15,0.27760514014,0.336360257333
318,15,0.156983019877,0.19321216429
319,15,0.246967089209,0.324961039186
320,15,0.207842979718,0.261787497698
321,15,0.174898309832,0.218092065645
322,15,0.153493126558,0.212116231186
323,15,0.207868451267,0.248462282359
324,15,0.161634380269,0.214681413158
325,15,0.166623555558,0.206266251618
326,15,0.186371953878,0.244491122404
327,15,0.336957329833,0.424820638114
328,15,0.302974368963,0.376732505427
329,15,0.209669251534,0.260392662716
330,15,0.153906329639,0.18509397988
331,15,0.182191721525,0.236353251749
332,15,0.343941225636,0.405055522199
333,15,0.361552772213,0.410262137858
334,15,0.499062044374,0.642105424968
335,15,0.490289772559,0.609010379219
