cycle,count,mae,rmse
50,5,0.115119513254,0.139472556514
51,5,0.19396339485,0.224996687687
52,5,0.273254566869,0.309354459308
53,5,0.161755336405,0.191121186006
54,5,0.074994382144,0.0942705433385
55,5,0.106554724516,0.128596811714
56,5,0.109287261852,0.135052447554
57,5,0.11708864647,0.140442602685
58,5,0.220991181251,0.261486204674
59,5,0.244781160607,0.27240754704
60,5,0.156525447523,0.186837512775
61,5,0.0980831413522,0.125494447776
62,5,0.125680926494,0.150938640965
63,5,0.180482430936,0.224360070204
64,5,0.272736156919,0.332692420711
65,5,0.212961531065,0.271734882979
66,5,0.282682469553,0.362806467712
67,5,0.515625251392,0.607191903816
68,5,0.160406196996,0.197743205511
69,5,0.225740447789,0.274857224425
70,5,0.241788878386,0.346786944081
71,5,0.17000769448,0.230435281942
72,5,0.220350092207,0.2696627648
73,5,0.308035655332,0.384177859116
74,5,0.208920343394,0.236989296288
75,5,0.0879909457501,0.112017796862
76,5,0.167283555809,0.200419296566
77,5,0.145333690344,0.196948927334
78,5,0.154138163891,0.188980536509
79,5,0.139566737062,0.16591353444
80,5,0.121496232759,0.155998527013
81,5,0.0907722088978,0.108360367626
82,5,0.131928009253,0.16545311704
83,5,0.185302450754,0.233492411475
84,5,0.188385033181,0.231269711341
85,5,0.1701619436,0.197397933947
86,5,0.12302065431,0.148806140046
87,5,0.13351600863,0.162924214032
88,5,0.226567760733,0.283515497484
89,5,0.165753914716,0.201512684401
90,5,0.305707663732,0.38738717233
91,5,0.156461149184,0.186144631798
92,5,0.170377374053,0.21564940999
93,5,0.150464114307,0.198686820081
94,5,0.10725201409,0.127482357106
95,5,0.155603085691,0.188320996087
96,5,0.309310947405,0.400232270445
97,5,0.130385820177,0.17398877467
98,5,0.166610285945,0.202051188686
99,5,0.138623140187,0.170214123472
100,5,0.142567318789,0.181358586361
101,5,0.151136580575,0.184822595859
102,5,0.121888227833,0.153276988639
103,5,0.0940065070314,0.119910921759
104,5,0.226116373072,0.263741225855
105,5,0.186961380174,0.240848771658
106,5,0.178310695146,0.228419220262
107,5,0.150720749146,0.197789941346
108,5,0.219678196177,0.262257453534
109,5,0.243731219338,0.290773426579
110,5,0.383087671476,0.48782316715
111,5,0.352041614332,0.397531868751
112,5,0.148780412142,0.183817398379
113,5,0.244449588215,0.331555552241
114,5,0.188851304789,0.265003474012
115,5,0.189325044693,0.21940253343
116,5,0.217908993066,0.294214962516
117,5,0.244365889516,0.30300838426
118,5,0.205482226013,0.269533752444
119,5,0.427212842003,0.542316298939
120,5,0.792397222502,1.0514770485
121,5,0.548022002395,0.649912806514
122,5,0.747092767683,0.954286218375
123,5,0.531471457781,0.627619735255
124,5,0.422204406975,0.517782751462
125,5,0.52543348105,0.689573423143
126,5,0.484586133768,0.652569084311
127,5,0.480728489444,0.616687081045
128,5,0.196725788947,0.230440461401
129,5,0.205175697278,0.266888873106
130,5,0.130481218017,0.171001859571
131,5,0.167787620179,0.212064628672
132,5,0.352015817501,0.410545677472
133,5,0.468849373249,0.584007605152
134,5,0.476692075911,0.561176120164
135,5,0.595049570523,0.769233444332
136,5,0.345518998296,0.402210238654
137,5,0.388841738567,0.450603374595
138,5,0.21973867044,0.29329640554
139,5,0.187358998001,0.257621911358
140,5,0.185100529622,0.205937707743
141,5,0.0918965187493,0.119636788384
142,5,0.112163233236,0.144417772259
143,5,0.175732806805,0.244030782126
144,5,0.128387201414,0.166839641435
145,5,0.0986561399905,0.12675279928
146,5,0.108194891527,0.13549791756
147,5,0.107016144327,0.128601944437
148,5,0.0953387443872,0.114199804947
149,5,0.124929192851,0.153442958629
150,5,0.174817866032,0.21097546211
151,5,0.109084226012,0.135156401627
152,5,0.125078244959,0.155724999992
153,5,0.207546815085,0.271937663533
154,5,0.282970639764,0.371466562006
155,5,0.202074040182,0.287299461804
156,5,0.182048357423,0.224348979533
157,5,0.210531495711,0.265881271787
158,5,0.148129821997,0.21275101778
159,5,0.170736766882,0.21153411176
160,5,0.152888488184,0.183429663881
161,5,0.266713121913,0.305305197548
162,5,0.175570609184,0.217273566516
163,5,0.12839267044,0.150226960515
164,5,0.130725275008,0.157726747058
165,5,0.164095279496,0.211739230986
166,5,0.176712541603,0.214287312577
167,5,0.160599707877,0.188262532146
168,5,0.135858129257,0.163829011654
169,5,0.137537810183,0.170751864893
170,5,0.155982277061,0.198083206784
171,5,0.144987825644,0.184483886789
172,5,0.202773719273,0.258233948643
173,5,0.147782948562,0.174438522562
174,5,0.273363883411,0.341406980584
175,5,0.164636046436,0.195210712157
176,5,0.137538307107,0.170160486805
177,5,0.133968542102,0.164224724522
178,5,0.0805372291988,0.101963181389
179,5,0.102844980632,0.131124018497
180,5,0.172538912055,0.194397187826
181,5,0.125000373122,0.151244842077
182,5,0.111537862578,0.140596160288
183,5,0.0829320973449,0.100145476098
184,5,0.0919524742901,0.115186638036
185,5,0.131917774406,0.166072365858
186,5,0.119775789427,0.147289761369
187,5,0.219707634988,0.245119432362
188,5,0.129651425694,0.151722716163
189,5,0.197581946682,0.220172221806
190,5,0.131101170208,0.171150723095
191,5,0.241807720439,0.269168836689
192,5,0.102993562832,0.149243510818
193,5,0.15941835891,0.181967869895
194,5,0.117778716682,0.148250955143
195,5,0.0998923089357,0.127452712386
196,5,0.175285832764,0.216727095779
197,5,0.206020250138,0.307961461873
198,5,0.220327768394,0.265342265977
199,5,0.150205336383,0.214378227886
200,5,0.284043172912,0.369684809854
201,5,0.453328504943,0.566500554074
202,5,0.469819492758,0.541023413879
203,5,0.519171014046,0.662112656306
204,5,0.474119080559,0.606451873903
205,5,0.49463628698,0.59118862015
206,5,0.696365946857,0.869929834487
207,5,0.527019938456,0.640278781609
208,5,0.612033068804,0.763534744073
209,5,0.579352496683,0.669383168493
210,5,0.572717327083,0.67490473657
211,5,1.104159135,1.32238850437
212,5,0.494943517697,0.61230519494
213,5,0.736903583159,0.864206926586
214,5,0.69101316326,1.1418314267
215,5,0.66352188531,0.863021933549
216,5,0.606580422507,0.787206041463
217,5,0.460351395413,0.539511474
218,5,0.331873195815,0.423855673704
219,5,0.335477827323,0.435215487941
220,5,0.270730391671,0.347811584315
221,5,0.235788895505,0.328012089172
222,5,0.200444659851,0.252684656144
223,5,0.160531539098,0.196773806364
224,5,0.141712369939,0.197254150283
225,5,0.174777660667,0.212616506682
226,5,0.206797987592,0.248078367748
227,5,0.215403297425,0.272397567506
228,5,0.420713867485,0.501743995153
229,5,0.666109055813,0.79497251825
230,5,0.708253360218,0.832070162027
231,5,0.439026195084,0.531490195303
232,5,0.716807342301,0.96924147254
233,5,0.747009502914,0.86054688567
234,5,0.707701932068,0.866735377627
235,5,0.43467044996,0.54740378094
236,5,0.480826772401,0.583321146504
237,5,0.43077454264,0.523992722536
238,5,0.420686448514,0.494156044943
239,5,0.690385765873,0.840058515676
240,5,0.397417522228,0.505809775312
241,5,0.355311611714,0.435873546616
242,5,0.543664066598,0.660834296961
243,5,0.69587739411,0.82431561712
244,5,1.4355170315,1.66679074013
245,5,1.13183343912,1.47348298001
246,5,0.71193877132,0.942124791382
247,5,0.617264143637,0.772615277106
248,5,0.381140214883,0.485067820917
249,5,0.360063524699,0.4287002296
250,5,0.400564872825,0.480650913903
251,5,0.35547796238,0.410838736154
252,5,0.331294683735,0.404717938954
253,5,0.387431787244,0.474877575899
254,5,0.165959425541,0.198854418533
255,5,0.139728170021,0.172281312328
256,5,0.113020837183,0.141421991707
257,5,0.192530998658,0.249408360844
258,5,0.347780637059,0.384963372496
259,5,0.164402320518,0.209143043548
260,5,0.220023903287,0.299844628438
261,5,0.215416681649,0.299647307821
262,5,0.283310764616,0.342894150287
263,5,0.219367929203,0.263628201577
264,5,0.336035834303,0.462527789284
265,5,0.5332516011,0.643038743316
266,5,0.319063009645,0.392963025962
267,5,0.263516472694,0.339225868056
268,5,0.393519587464,0.48471715982
269,5,0.373772224801,0.450588503507
270,5,0.222862257539,0.268652317026
271,5,0.275854323788,0.321624803545
272,5,0.211999497298,0.253027075908
273,5,0.150240972857,0.186169125624
274,5,0.141804060151,0.176231093428
275,5,0.177328086245,0.214313633844
276,5,0.386724359874,0.450673427672
277,5,0.170626946391,0.209389469162
278,5,0.152818195734,0.181042208102
279,5,0.138504272012,0.18501321257
280,5,0.186172431656,0.250269724414
281,5,0.203387784483,0.252929692307
282,5,0.264856577941,0.308645912527
283,5,0.162376599029,0.206128486588
284,5,0.278932732271,0.327551403397
285,5,0.132861710031,0.166635899758
286,5,0.151390856187,0.195848011643
287,5,0.11914002971,0.155919471959
288,5,0.190736734373,0.238622626961
289,5,0.17674028765,0.209393708513
290,5,0.282488510018,0.365859484882
291,5,0.195199809166,0.236506483271
292,5,0.13272179894,0.16697448892
293,5,0.137282424143,0.164854468472
294,5,0.156787293304,0.210590379805
295,5,0.200048057872,0.256906764843
296,5,0.211686523288,0.256190387891
297,5,0.11432861774,0.148396001463
298,5,0.260405587835,0.318498696308
299,5,0.137908744967,0.17653971192
300,5,0.203918799937,0.26522166191
301,5,0.210011300777,0.234939856717
302,5,0.135320663085,0.160046005355
303,5,0.160994966431,0.201558222339
304,5,0.158401632406,0.197705933719
305,5,0.112997142819,0.148543967412
306,5,0.137711829339,0.169610801063
307,5,0.224148548329,0.267413680018
308,5,0.184035276464,0.226624063595
309,5,0.258904030663,0.328221905763
310,5,0.135044406109,0.166291105132
311,5,0.26213982421,0.329685411873
312,5,0.323603424475,0.399963789043
313,5,0.50122917796,0.634347562982
314,5,0.316340136559,0.394266445391
315,5,0.234821243194,0.291985446923
316,5,0.346521758928,0.429889957614
317,5,0.290348351879,0.362948856024
318,5,0.174741716258,0.220521936284
319,5,0.296291296522,0.381429356444
320,5,0.233262789892,0.295215050769
321,5,0.14143236639,0.175829774418
322,5,0.258382068536,0.307762018659
323,5,0.219289888678,0.290471735582
324,5,0.16344016329,0.211431781608
325,5,0.127770983056,0.167228848165
326,5,0.175277086886,0.228722065869
327,5,0.40109556436,0.52607266029
328,5,0.347541785918,0.426979073322
329,5,0.168462624554,0.229040536102
330,5,0.155599725299,0.184196538214
331,5,0.242228835896,0.301143145996
332,5,0.411823153121,0.485355322753
333,5,0.360609242443,0.426457170332
334,5,0.672398424337,0.84572939722
335,5,0.726201028504,0.813705896795
