cycle,count,mae,rmse
50,15,0.143518457145,0.170095002504
51,15,0.178711646944,0.213367395468
52,15,0.115341359788,0.141679030496
53,15,0.102319420097,0.130168198319
54,15,0.0796007016486,0.0946460575029
55,15,0.118065651158,0.149873229147
56,15,0.136573980195,0.166199572946
57,15,0.106951312476,0.134857870371
58,15,0.205949428907,0.245010579633
59,15,0.159249715298,0.18782371063
60,15,0.10488690573,0.126925463716
61,15,0.124544116336,0.157871678246
62,15,0.171501796777,0.20718704353
63,15,0.155111723651,0.196912143552
64,15,0.200443438554,0.2453978801
65,15,0.210687926538,0.252903346731
66,15,0.252201472216,0.313785977385
67,15,0.558267995556,0.698920621105
68,15,0.13511417192,0.167824777364
69,15,0.20368389313,0.258461214205
70,15,0.386622325904,0.475287931811
71,15,0.360485822095,0.44087933673
72,15,0.20221142172,0.248326150948
73,15,0.322978524432,0.408531576778
74,15,0.175503787915,0.21828378197
75,15,0.125625202005,0.150729720775
76,15,0.123261658102,0.15734748741
77,15,0.163280317276,0.225695148306
78,15,0.159277943995,0.200625176121
79,15,0.144391174129,0.174381723555
80,15,0.0939157671697,0.119545283159
81,15,0.111894942949,0.138736172544
82,15,0.127181836801,0.162373964879
83,15,0.113924122829,0.144604996111
84,15,0.150313854801,0.185880005508
85,15,0.106252953476,0.128385522566
86,15,0.0947553728824,0.118456947812
87,15,0.174286399818,0.206651424503
88,15,0.255540875033,0.319908487173
89,15,0.122714638305,0.150082471599
90,15,0.277387565503,0.345353013782
91,15,0.12538849505,0.160507986045
92,15,0.121373348103,0.159448619418
93,15,0.123783060079,0.148298473168
94,15,0.114075034836,0.135993685206
95,15,0.126121386094,0.155029307528
96,15,0.265823548803,0.33762554749
97,15,0.136701631665,0.170388703678
98,15,0.0957342346972,0.120423994944
99,15,0.141526068518,0.185632793804
100,15,0.189000640112,0.229057254596
101,15,0.167030907508,0.203318872414
102,15,0.18438888619,0.215640140432
103,15,0.125142375645,0.158459983295
104,15,0.19109733446,0.232383781786
105,15,0.12762916226,0.159104205521
106,15,0.198511408864,0.248100757164
107,15,0.116672191683,0.15592499047
108,15,0.135846574466,0.175040461639
109,15,0.158586866849,0.196545756196
110,15,0.159112056315,0.242890583966
111,15,0.141124143198,0.171561241128
112,15,0.161540741304,0.197155708679
113,15,0.1352180866,0.165010784877
114,15,0.155896972014,0.206191303734
115,15,0.108801687983,0.13935172986
116,15,0.179834036522,0.233768732441
117,15,0.239440200849,0.292997612169
118,15,0.151941305504,0.193826309192
119,15,0.255265595216,0.325888755681
120,15,0.77263347764,1.00411989566
121,15,0.533548724302,0.654419653899
122,15,0.791313731371,1.05998319018
123,15,0.609186310227,0.746789181862
124,15,0.532278341116,0.62565718143
125,15,0.612175143137,0.803833101432
126,15,0.399232294019,0.554031903959
127,15,0.598256343036,0.724375018135
128,15,0.202441822404,0.249661095632
129,15,0.179428445754,0.253583144328
130,15,0.174791234983,0.215876761071
131,15,0.12597756238,0.184339831596
132,15,0.382813127883,0.446576576585
133,15,0.31846470108,0.392899556931
134,15,0.516781883661,0.649422951581
135,15,0.421704775936,0.538941979195
136,15,0.250987991406,0.291928734264
137,15,0.282804548088,0.348029389384
138,15,0.21561280205,0.287696233172
139,15,0.145180756041,0.179920045057
140,15,0.155508624768,0.191595207128
141,15,0.130722899809,0.172298767545
142,15,0.125293257887,0.161463654508
143,15,0.181675348017,0.246080194081
144,15,0.121556346758,0.150032113107
145,15,0.144370931593,0.177398650419
146,15,0.133568929758,0.170009542352
147,15,0.213553208437,0.268980683935
148,15,0.121940108181,0.14665224426
149,15,0.12119742649,0.145629863499
150,15,0.134645733788,0.168444545123
151,15,0.0995226623641,0.11986650593
152,15,0.148405552253,0.189655591173
153,15,0.312472788207,0.371619256761
154,15,0.184510801665,0.271894239134
155,15,0.281218469106,0.382246520966
156,15,0.138656616768,0.172042028872
157,15,0.224278282461,0.264588171349
158,15,0.15160702508,0.19952040984
159,15,0.164714271665,0.193602878477
160,15,0.155147485094,0.193183662278
161,15,0.106555895511,0.143630678452
162,15,0.142182464779,0.184627396532
163,15,0.136344595406,0.169894732753
164,15,0.101201759405,0.122278980117
165,15,0.169274303816,0.220554396786
166,15,0.161332092309,0.20596390138
167,15,0.136380699962,0.163699075614
168,15,0.0936898298842,0.120923973942
169,15,0.16215141925,0.211669721316
170,15,0.138917471685,0.166474330024
171,15,0.162935311669,0.20066439602
172,15,0.176954847309,0.219427566416
173,15,0.135599133244,0.16205701073
174,15,0.117418399025,0.143230119738
175,15,0.196845344241,0.264701732765
176,15,0.13141128975,0.170442263518
177,15,0.129115661935,0.164612880542
178,15,0.0877436488647,0.10840290499
179,15,0.107010984256,0.130366788994
180,15,0.0990342424995,0.123843589663
181,15,0.095916655329,0.114032584339
182,15,0.139591153981,0.166472806113
183,15,0.100064908763,0.127459827522
184,15,0.153548448496,0.190791677766
185,15,0.0720444235637,0.0906528748358
186,15,0.107949528949,0.134621036539
187,15,0.148238916421,0.191070036065
188,15,0.165038611468,0.198604276555
189,15,0.137144464111,0.174918708438
190,15,0.150155966608,0.186182539541
191,15,0.125282065272,0.165168518764
192,15,0.161615122801,0.199083911177
193,15,0.114562043947,0.146182004321
194,15,0.157597072326,0.18002441185
195,15,0.142242183153,0.160544972912
196,15,0.32201939284,0.416163736604
197,15,0.272626912329,0.333094209687
198,15,0.138697534363,0.246442434103
199,15,0.249701012003,0.309260041555
200,15,0.233650298167,0.30277898436
201,15,0.296179004684,0.377074628571
202,15,0.367398068485,0.463022732892
203,15,0.516685067048,0.605260630886
204,15,0.397154145304,0.472461974914
205,15,0.491541316877,0.584012363855
206,15,0.65707890011,0.832645602802
207,15,0.37711661192,0.468535621972
208,15,0.388441803859,0.473515473854
209,15,0.401585655254,0.51609027126
210,15,0.652943597919,0.797764115707
211,15,1.28076895901,1.54563019496
212,15,0.459422224306,0.547719634197
213,15,0.618770077953,0.777143109244
214,15,1.27475597021,1.49465572351
215,15,0.959372140088,1.28601594851
216,15,0.547965980988,0.677427302692
217,15,0.386787575351,0.48868922629
218,15,0.346991146074,0.411062065993
219,15,0.238102512283,0.328175889584
220,15,0.158164879448,0.210921621617
221,15,0.259505913922,0.332614696368
222,15,0.256334023884,0.323963801759
223,15,0.191053753751,0.241200948207
224,15,0.143893964092,0.201546443115
225,15,0.152915142448,0.191848022793
226,15,0.227394202759,0.269373789334
227,15,0.187967096629,0.23937824739
228,15,0.3116724293,0.38673209964
229,15,0.593884945908,0.737762446087
230,15,0.613582656541,0.747238193392
231,15,0.545586244616,0.627213957808
232,15,0.929425052145,1.14088800464
233,15,0.53393107568,0.666688774113
234,15,0.74262225147,0.883096314523
235,15,0.734794234117,0.932282863567
236,15,0.491306502744,0.61759610381
237,15,0.341156370667,0.406786496106
238,15,0.338348075562,0.436332657328
239,15,0.257988233808,0.329074653085
240,15,0.250343584492,0.312123127758
241,15,0.227228207939,0.292231670516
242,15,0.492010892843,0.65021290085
243,15,0.588290423839,0.732703315901
244,15,0.651864647902,0.784720066334
245,15,0.541053593294,0.651450012797
246,15,0.473481282243,0.60930563046
247,15,0.359318873514,0.476637505565
248,15,0.595454239788,0.738593857851
249,15,0.481302183312,0.636103385199
250,15,0.355669391587,0.435114002884
251,15,0.216361524574,0.271739779689
252,15,0.218386486309,0.271478382104
253,15,0.257872793847,0.311034086873
254,15,0.161436635421,0.204855989401
255,15,0.155809591279,0.186666103214
256,15,0.116736074129,0.155053222609
257,15,0.189359173253,0.236171025041
258,15,0.120632345577,0.156246689803
259,15,0.135767592894,0.172331757047
260,15,0.183688875331,0.228739318708
261,15,0.215111497002,0.292171589711
262,15,0.229054944157,0.291581404895
263,15,0.234089699582,0.286534032519
264,15,0.316707432126,0.408415656328
265,15,0.447425060771,0.598591512107
266,15,0.298940065916,0.385703525007
267,15,0.281819520293,0.367072519156
268,15,0.268183820149,0.319520506806
269,15,0.221389275273,0.295166707441
270,15,0.218077993128,0.27026122608
271,15,0.16822238177,0.197601963438
272,15,0.165280706637,0.204080686638
273,15,0.112095737378,0.133018778496
274,15,0.135307457284,0.164237515362
275,15,0.200381147596,0.262387278236
276,15,0.378592775064,0.477223664336
277,15,0.165683224946,0.219819161347
278,15,0.0979728458199,0.128619146559
279,15,0.184692304295,0.258462292653
280,15,0.15615280189,0.21323052581
281,15,0.189762120247,0.260237861796
282,15,0.183122323667,0.227283522783
283,15,0.187112614445,0.236889619834
284,15,0.154013097063,0.181838273396
285,15,0.145409181783,0.181596951481
286,15,0.122730061712,0.160352271174
287,15,0.146077624351,0.196812157844
288,15,0.179934475106,0.238944506841
289,15,0.219725785703,0.306259154137
290,15,0.202189767272,0.262338800345
291,15,0.220265876138,0.261083762296
292,15,0.10770532179,0.137848247376
293,15,0.105769459603,0.142597427916
294,15,0.140363421832,0.185964478927
295,15,0.171135968413,0.216214688984
296,15,0.136884286131,0.169451621334
297,15,0.148363601204,0.178543706854
298,15,0.118267128869,0.156389654633
299,15,0.118818820395,0.16150131814
300,15,0.118021824318,0.160675568492
301,15,0.171729032509,0.213511080329
302,15,0.162632976722,0.211395577242
303,15,0.128693126402,0.170644736108
304,15,0.122058758403,0.164999600392
305,15,0.12529059745,0.161625079648
306,15,0.110797071728,0.143237016844
307,15,0.110768354199,0.15425895946
308,15,0.129602258252,0.154144664668
309,15,0.225421572202,0.280617372038
310,15,0.227613614897,0.285818680034
311,15,0.304836506417,0.389438213023
312,15,0.458255597437,0.573787056962
313,15,0.628605402735,0.777436517238
314,15,0.318051281605,0.395069121536
315,15,0.227145219922,0.288431155073
316,15,0.247130900743,0.327337407624
317,15,0.226988387842,0.297465523205
318,15,0.160872241194,0.204755322191
319,15,0.246406296284,0.316822577263
320,15,0.142625108535,0.18057460232
321,15,0.130254311245,0.172896484165
322,15,0.228189547495,0.307173213419
323,15,0.210174403987,0.25753111349
324,15,0.18848609994,0.222280596086
325,15,0.246816252567,0.327963510375
326,15,0.166100399863,0.216288035883
327,15,0.402820060202,0.495159264581
328,15,0.20492027472,0.280940541995
329,15,0.208950910978,0.267502078327
330,15,0.212247517785,0.26886551912
331,15,0.135855469241,0.17311695228
332,15,0.297803678153,0.358545405832
333,15,0.373963618057,0.438625262794
334,15,0.408576372355,0.541380052283
335,15,0.80078750059,0.948262170525
