cycle,count,mae,rmse
50,5,0.098607880002,0.119671464988
51,5,0.127815937065,0.152584052551
52,5,0.12992050344,0.164432063723
53,5,0.108988238495,0.134101040521
54,5,0.0729490228422,0.0920418482012
55,5,0.0936155126612,0.117247188968
56,5,0.215084800102,0.236010477724
57,5,0.116813833792,0.151938667795
58,5,0.178246291626,0.222993351038
59,5,0.159522161544,0.218641249384
60,5,0.106179166827,0.130906333198
61,5,0.15182025995,0.186292056339
62,5,0.17770072055,0.211917349636
63,5,0.177624220323,0.222181002304
64,5,0.251247611953,0.311308190847
65,5,0.182050857737,0.220530924247
66,5,0.311491798828,0.415201324048
67,5,0.627386003393,0.692852454739
68,5,0.212802751844,0.249055073287
69,5,0.255743398905,0.304563148011
70,5,0.298636037403,0.372417255009
71,5,0.196481260305,0.248245624047
72,5,0.196087839919,0.253659719388
73,5,0.369761664923,0.504995256289
74,5,0.17070286982,0.198190835341
75,5,0.117986229307,0.146093016194
76,5,0.18394641636,0.226843034129
77,5,0.157410714026,0.208329599954
78,5,0.137005120893,0.169997521253
79,5,0.151873894839,0.184013925136
80,5,0.103436044419,0.126999089341
81,5,0.100410613562,0.127022027033
82,5,0.160727423045,0.197383693477
83,5,0.230684160735,0.277680613225
84,5,0.130443351098,0.160147877371
85,5,0.164073451182,0.196724125093
86,5,0.0871432332362,0.113960354303
87,5,0.2896912467,0.330453881962
88,5,0.233430413853,0.291554858878
89,5,0.115212507095,0.145188599965
90,5,0.217698390435,0.271398612674
91,5,0.120007688679,0.145789143981
92,5,0.149351865608,0.176478245407
93,5,0.141781628128,0.187670156289
94,5,0.116875642251,0.142214210483
95,5,0.165319640201,0.209234522649
96,5,0.303469024034,0.379517428766
97,5,0.0926285217272,0.117975223051
98,5,0.0895936865235,0.111055421566
99,5,0.0974792760532,0.126527129673
100,5,0.204321984887,0.249178403664
101,5,0.107816136915,0.132163704478
102,5,0.131699988847,0.166471654102
103,5,0.100463752003,0.123977781516
104,5,0.193532328561,0.225849136658
105,5,0.14416617769,0.174279031389
106,5,0.370710378419,0.400981222557
107,5,0.106612500745,0.126202110604
108,5,0.123524239813,0.158926763107
109,5,0.150197799617,0.192153156746
110,5,0.177902458818,0.261825760212
111,5,0.143020193837,0.184595077768
112,5,0.150590859111,0.191396021339
113,5,0.16703036376,0.213708028458
114,5,0.175163289816,0.245591797455
115,5,0.13553009806,0.16282308823
116,5,0.195311589706,0.232497531689
117,5,0.170292912024,0.229659392551
118,5,0.21811577164,0.277804728658
119,5,0.357034404806,0.436686006406
120,5,0.782062078395,1.01432988484
121,5,0.611687889629,0.767239690373
122,5,0.877824314391,1.05447784867
123,5,0.533261161326,0.604953354763
124,5,0.442696792407,0.538405649747
125,5,0.532251496125,0.67153578412
126,5,0.615348220303,0.800648881556
127,5,0.707485732723,0.836661220725
128,5,0.224855574228,0.265671350741
129,5,0.262305021533,0.326915603049
130,5,0.218411962774,0.256453219722
131,5,0.162100403252,0.206293029734
132,5,0.277089918189,0.338512659311
133,5,0.333943284762,0.412227455118
134,5,0.473239932351,0.563225048821
135,5,0.503696583872,0.660363325301
136,5,0.302005696351,0.35811743114
137,5,0.266224530408,0.314318322755
138,5,0.237313122439,0.337904324151
139,5,0.187706957711,0.219332907379
140,5,0.175326891381,0.205795157866
141,5,0.185742762853,0.215924057901
142,5,0.133955281896,0.172465099707
143,5,0.182551786076,0.236947121313
144,5,0.112107612925,0.148478439444
145,5,0.105907308817,0.131173607313
146,5,0.148028589489,0.184959266783
147,5,0.131232526095,0.159964789604
148,5,0.154775339274,0.187136037541
149,5,0.0938451618498,0.121709546177
150,5,0.184592209685,0.218739316947
151,5,0.171396969552,0.212028732854
152,5,0.24368969123,0.278467945873
153,5,0.196512152734,0.260780378305
154,5,0.189892479887,0.286441478564
155,5,0.229132169098,0.303383268322
156,5,0.106670359268,0.135939174205
157,5,0.320203112981,0.388155838751
158,5,0.197378314964,0.257396684641
159,5,0.208778589805,0.238715424627
160,5,0.107909024858,0.141824553585
161,5,0.134360246155,0.167319380305
162,5,0.12342623747,0.154835078788
163,5,0.151025895709,0.195621552877
164,5,0.152398122832,0.190020638408
165,5,0.295332593717,0.325236394903
166,5,0.10284286243,0.141544223709
167,5,0.127389835993,0.153441177167
168,5,0.134023844487,0.168479615731
169,5,0.230658982051,0.25763232443
170,5,0.113464853996,0.135068983781
171,5,0.192932310287,0.223312965408
172,5,0.199929892905,0.236209606288
173,5,0.135030995539,0.172224909083
174,5,0.180847838425,0.234557878723
175,5,0.12014477616,0.14242242659
176,5,0.11759192034,0.140501472801
177,5,0.102004076518,0.123712871181
178,5,0.116445464871,0.141756001257
179,5,0.0691416715941,0.0868690212179
180,5,0.0627764679877,0.0753528430288
181,5,0.100866474404,0.118274041789
182,5,0.0908677124953,0.109411503253
183,5,0.084964908853,0.10553640186
184,5,0.104111916514,0.128362377666
185,5,0.0760604231807,0.093114908284
186,5,0.0856679302227,0.107407835297
187,5,0.0931007084035,0.121200788381
188,5,0.158176918389,0.211145311501
189,5,0.152113493714,0.183446396765
190,5,0.187757969463,0.238215606313
191,5,0.155870427407,0.190305414974
192,5,0.140196064941,0.18948321783
193,5,0.164546467789,0.186435811739
194,5,0.13506752116,0.160334914585
195,5,0.112099637346,0.14263789292
196,5,0.164639953051,0.207724212937
197,5,0.216862499539,0.293597979028
198,5,0.188878741673,0.271023487216
199,5,0.162198003831,0.203192473145
200,5,0.217546845805,0.280355828735
201,5,0.311187399957,0.385589082716
202,5,0.514619825869,0.598886928864
203,5,0.52412598313,0.709374369346
204,5,0.709377946123,0.808491892749
205,5,0.645867115339,0.745815215205
206,5,0.816593698628,0.937121463725
207,5,0.425652276097,0.526366699301
208,5,0.510732482069,0.615602311122
209,5,0.533977939582,0.668167905005
210,5,0.547174715699,0.711042414815
211,5,0.921477229449,1.12802413346
212,5,0.523194332528,0.59306517588
213,5,0.640612299266,0.8128928842
214,5,0.708662511861,1.05322449056
215,5,0.711355365762,0.879264142863
216,5,0.628596395783,0.775728409401
217,5,0.469050474548,0.544599011922
218,5,0.338590084986,0.444667254925
219,5,0.309034569543,0.399092284965
220,5,0.285324309415,0.356195138861
221,5,0.3110013603,0.415571613478
222,5,0.209262339328,0.257940509241
223,5,0.136901535742,0.171399455654
224,5,0.198307472727,0.243883897577
225,5,0.177187098329,0.225581805381
226,5,0.223553102669,0.278375937116
227,5,0.193233448799,0.241418339811
228,5,0.502917471638,0.586183835371
229,5,0.587893668837,0.657671252322
230,5,0.625113154675,0.74350304161
231,5,0.486295226151,0.652986780056
232,5,1.03426753613,1.20698085845
233,5,0.905109816627,1.1078472752
234,5,0.702932767661,0.82386005909
235,5,0.51168676424,0.572099261088
236,5,0.423629779392,0.545463647784
237,5,0.525606780368,0.609474627019
238,5,0.43404275047,0.525760802783
239,5,0.425584853847,0.529263526322
240,5,0.317132412267,0.369434979815
241,5,0.548359525514,0.671057431927
242,5,0.399880809965,0.501195907109
243,5,0.45255891214,0.555789452562
244,5,1.09660273845,1.31450935222
245,5,1.00703157059,1.27877150945
246,5,0.615352009191,0.741521677988
247,5,0.379143834583,0.474404852828
248,5,0.565045292688,0.69183732896
249,5,0.691635799485,0.8895670546
250,5,0.421754877242,0.513052446488
251,5,0.351019115348,0.447794916552
252,5,0.286155711666,0.329773820547
253,5,0.261617040492,0.306296020321
254,5,0.220122850672,0.261059482209
255,5,0.162473899259,0.194210984897
256,5,0.109393594362,0.137977010677
257,5,0.223507608358,0.25819882746
258,5,0.248571454446,0.297671881516
259,5,0.184030886847,0.231872657443
260,5,0.193327067582,0.244422100651
261,5,0.29513339007,0.354377043184
262,5,0.236440895883,0.302213903964
263,5,0.271797539719,0.331834443777
264,5,0.461612973749,0.581454391274
265,5,0.453730734257,0.602066708814
266,5,0.256775035949,0.323075379478
267,5,0.408967168701,0.497854726839
268,5,0.305423004427,0.364710022602
269,5,0.221993332884,0.287662201386
270,5,0.215215992872,0.261647603837
271,5,0.177206405942,0.210560243392
272,5,0.15594621754,0.18417914205
273,5,0.109128537291,0.13430605836
274,5,0.245058182759,0.283751720076
275,5,0.149449350978,0.191764654124
276,5,0.368919894821,0.438448748272
277,5,0.192622132095,0.221517300124
278,5,0.161987318074,0.202500851983
279,5,0.154161208461,0.218534478485
280,5,0.220401459826,0.299674387082
281,5,0.224091090881,0.275060478404
282,5,0.194823145333,0.242670416838
283,5,0.149743184925,0.204804002543
284,5,0.210313715426,0.263966768902
285,5,0.10356221056,0.128529184649
286,5,0.197820591001,0.240478274348
287,5,0.14701198285,0.189890212012
288,5,0.240540809538,0.284187777648
289,5,0.207282649234,0.280923551194
290,5,0.130029563957,0.183335808992
291,5,0.233202881418,0.270391681235
292,5,0.143106150618,0.16396508543
293,5,0.177317022856,0.202156172613
294,5,0.114828910867,0.156367440582
295,5,0.16753074524,0.214257786281
296,5,0.178823650882,0.216111935493
297,5,0.143107081654,0.178817744622
298,5,0.161645054818,0.209679101414
299,5,0.116949410494,0.154357458337
300,5,0.191428356678,0.250697157
301,5,0.155459280142,0.193337145434
302,5,0.114194480864,0.148210864749
303,5,0.223549780431,0.252701632877
304,5,0.144686362962,0.174664105466
305,5,0.193997047653,0.255664158086
306,5,0.0981943021337,0.120515336689
307,5,0.172180341811,0.196785606557
308,5,0.250193736172,0.30477339703
309,5,0.295698497672,0.346084563699
310,5,0.176277075637,0.219990502605
311,5,0.207923376488,0.249934776589
312,5,0.3530106166,0.433925389186
313,5,0.545710834046,0.723117961217
314,5,0.311914816362,0.40060318299
315,5,0.319233435172,0.415006714421
316,5,0.258503993313,0.333468190087
317,5,0.245802766023,0.332390370939
318,5,0.183566331255,0.222492328073
319,5,0.52292716566,0.613608978371
320,5,0.185387482909,0.22578463977
321,5,0.130542095044,0.16696258192
322,5,0.147439351052,0.18239532494
323,5,0.285204124398,0.368921490171
324,5,0.189850905854,0.245130546811
325,5,0.218889799955,0.257888194002
326,5,0.221405642084,0.286841236218
327,5,0.428689365724,0.529242086709
328,5,0.342960314777,0.443726219858
329,5,0.150673130152,0.198174944611
330,5,0.181085275472,0.216351401915
331,5,0.136601691432,0.168884185962
332,5,0.435391325472,0.519718086983
333,5,0.348803044315,0.426413040101
334,5,0.642277132938,0.798420120776
335,5,1.04606490215,1.21854393285
