cycle,count,mae,rmse
50,10,0.123047373256,0.149755769352
51,10,0.106793979893,0.129411323291
52,10,0.160348501513,0.193753538228
53,10,0.129439722702,0.154133214131
54,10,0.0889723990147,0.110922555684
55,10,0.121644091617,0.152375318159
56,10,0.0916747378452,0.118226226306
57,10,0.132275115854,0.159170139705
58,10,0.199519999627,0.230207035797
59,10,0.219215057157,0.24955142065
60,10,0.136546265256,0.168059426993
61,10,0.109553422497,0.136893769366
62,10,0.146036781955,0.175469728683
63,10,0.200041111696,0.24964211054
64,10,0.248704040719,0.312162759566
65,10,0.255393955347,0.292047198988
66,10,0.313907352689,0.375825056954
67,10,0.537755115107,0.676534417897
68,10,0.202619649422,0.25085272914
69,10,0.169920797809,0.22410112644
70,10,0.458914102848,0.558293166765
71,10,0.241874057688,0.295537684768
72,10,0.228024612867,0.275555142651
73,10,0.502177268117,0.704647287092
74,10,0.199714617009,0.225203828772
75,10,0.0875689145998,0.11101467904
76,10,0.241497005355,0.279352626396
77,10,0.146489850212,0.19756635208
78,10,0.151436920017,0.187651801895
79,10,0.127465175498,0.155167450369
80,10,0.172166719985,0.210569493555
81,10,0.14598766367,0.172588926437
82,10,0.14816028301,0.18323307597
83,10,0.136366530214,0.178868981906
84,10,0.215573346427,0.263272272959
85,10,0.118874441565,0.145356004689
86,10,0.0908787882593,0.112357897025
87,10,0.135208581506,0.163296283022
88,10,0.208954540303,0.261250799003
89,10,0.144655257754,0.173702643119
90,10,0.243804583672,0.314599230762
91,10,0.166291106206,0.188836514011
92,10,0.191059655103,0.22839456738
93,10,0.172675386712,0.2057573704
94,10,0.128774408381,0.158792333369
95,10,0.143801699366,0.168949570299
96,10,0.238893871769,0.312350499991
97,10,0.123677512174,0.15825923962
98,10,0.154047288859,0.187185066604
99,10,0.109873912651,0.134053967373
100,10,0.217119215957,0.263540168496
101,10,0.134241345166,0.1715775161
102,10,0.142181812705,0.17442422359
103,10,0.096305688778,0.123462900687
104,10,0.167471234787,0.207329283062
105,10,0.122331902587,0.147644522827
106,10,0.183071666011,0.222503766993
107,10,0.138235088968,0.164860620359
108,10,0.163912504865,0.199857531223
109,10,0.148073532751,0.189926977403
110,10,0.183970088212,0.26226432973
111,10,0.197490993277,0.252545952031
112,10,0.134370250106,0.172106874396
113,10,0.176683433843,0.222860053441
114,10,0.152764491244,0.219112282512
115,10,0.140170817835,0.166872194915
116,10,0.14698515229,0.179299051964
117,10,0.205122971824,0.259203627292
118,10,0.20694268608,0.276224135272
119,10,0.334528502362,0.411662255234
120,10,0.718018844911,0.943552899433
121,10,0.576024094906,0.706799803991
122,10,0.851172017842,1.07791543781
123,10,0.640778084376,0.780508214765
124,10,0.589910640796,0.706632751716
125,10,0.564910822554,0.724119004968
126,10,0.688438373237,0.881483060852
127,10,0.543502968253,0.741623455152
128,10,0.199319447863,0.251896631222
129,10,0.179812706282,0.243350764815
130,10,0.0979270557111,0.130014044203
131,10,0.190774631274,0.237689298306
132,10,0.471580617266,0.544409419567
133,10,0.486736508489,0.63430697458
134,10,0.651637953375,0.850545613617
135,10,0.353669956301,0.437848542992
136,10,0.389894471552,0.476322063122
137,10,0.277730805926,0.349474205296
138,10,0.207939376428,0.281365954936
139,10,0.147834712948,0.18367208952
140,10,0.0903945147888,0.114816261071
141,10,0.10423344072,0.141153814906
142,10,0.148886566942,0.179164473104
143,10,0.189445837544,0.263972693706
144,10,0.141089329511,0.168742878866
145,10,0.172640055169,0.208872562183
146,10,0.102206396576,0.126122271912
147,10,0.141766968227,0.180453540526
148,10,0.135266301583,0.161317996245
149,10,0.0984546253155,0.134600998716
150,10,0.15980673015,0.187098475774
151,10,0.133740412189,0.15806659833
152,10,0.131917753329,0.162193798002
153,10,0.208900704281,0.276320285402
154,10,0.232604450746,0.33795001073
155,10,0.183551628384,0.263805594227
156,10,0.126838793292,0.156098675051
157,10,0.244177209799,0.307209242513
158,10,0.16013373162,0.211432283357
159,10,0.1290074636,0.151152334956
160,10,0.132608313239,0.159011644853
161,10,0.14828343378,0.179401787916
162,10,0.149962257778,0.177486883899
163,10,0.106721213525,0.131504719291
164,10,0.162038142998,0.202515310649
165,10,0.122038855618,0.16418264496
166,10,0.160750038526,0.204474378377
167,10,0.117456017478,0.144033688646
168,10,0.119838088393,0.149015117128
169,10,0.117262970223,0.139097077553
170,10,0.120010399602,0.155406927426
171,10,0.202427230263,0.248605273924
172,10,0.198095456737,0.237915237857
173,10,0.137656766676,0.176633428669
174,10,0.146509324909,0.183763525321
175,10,0.198614251358,0.254869975687
176,10,0.122444477078,0.144823965387
177,10,0.118253373558,0.140512623778
178,10,0.0832307865957,0.106722394779
179,10,0.0934256995261,0.112075927466
180,10,0.120673100462,0.157693302242
181,10,0.104215866709,0.118044071752
182,10,0.113320385669,0.13736391298
183,10,0.13015385407,0.157133883911
184,10,0.0976479628507,0.119673104975
185,10,0.149767118526,0.180226019064
186,10,0.093401472323,0.120081598567
187,10,0.101524867738,0.128809726387
188,10,0.104673024099,0.127593874356
189,10,0.150621094831,0.17191489329
190,10,0.163556395965,0.201396343194
191,10,0.120879698063,0.181230571327
192,10,0.140793535339,0.171871523908
193,10,0.143634314345,0.174932386061
194,10,0.173553320105,0.211903781031
195,10,0.0729230813633,0.0945397591774
196,10,0.180809253901,0.229558175951
197,10,0.355927374344,0.428127789891
198,10,0.16476970326,0.235970064776
199,10,0.161737152134,0.217564224443
200,10,0.20996327712,0.264038750182
201,10,0.31784071136,0.372764903066
202,10,0.513093588718,0.650798010025
203,10,0.645369380195,0.801109137174
204,10,0.445406801299,0.572423045188
205,10,0.575336666419,0.697305067954
206,10,0.529021230749,0.660125064111
207,10,0.645037885927,0.805812959054
208,10,0.68199908373,0.829231800701
209,10,0.351147368762,0.456314990255
210,10,0.578862321162,0.714839109586
211,10,0.752269868584,0.949531796439
212,10,0.492201490179,0.577063344678
213,10,0.643658492313,0.781571988463
214,10,0.69195232558,1.07351035998
215,10,0.690342040644,1.0140540167
216,10,0.513992878429,0.65786423575
217,10,0.377680236573,0.472758088404
218,10,0.304324621765,0.388696395675
219,10,0.249902633707,0.322389286568
220,10,0.232268689672,0.298967256292
221,10,0.318719436586,0.427675105033
222,10,0.293070773194,0.358536744613
223,10,0.146254955044,0.177740667452
224,10,0.173127517902,0.234101980979
225,10,0.132711060716,0.151775572654
226,10,0.175823775673,0.215152614909
227,10,0.20561461879,0.26810641066
228,10,0.361126708073,0.439940960818
229,10,0.892347551482,1.12385266439
230,10,0.643838245082,0.800400819043
231,10,0.471168389316,0.583845009403
232,10,0.774846331911,0.944491196055
233,10,0.923425365512,1.21241233714
234,10,0.668299327049,0.806108334506
235,10,0.666146897047,0.825013257886
236,10,0.641496893646,0.734822525331
237,10,0.293617582107,0.372545435259
238,10,0.341217290601,0.43429104619
239,10,0.330101509125,0.408019232229
240,10,0.24224410005,0.308461246266
241,10,0.250947205496,0.308704283388
242,10,0.520994014583,0.639578498378
243,10,0.585296290486,0.711893527753
244,10,0.882695664724,1.07421976781
245,10,0.617072167726,0.746976493498
246,10,0.615625949303,0.81143244398
247,10,0.423904166789,0.512489480134
248,10,0.372450539217,0.462889316649
249,10,0.266499714336,0.324515487719
250,10,0.298801618057,0.390446356174
251,10,0.262175315256,0.329642225461
252,10,0.205097059533,0.262815039232
253,10,0.235613778455,0.311215670581
254,10,0.189292099992,0.244370470902
255,10,0.138474457589,0.165237878067
256,10,0.0957292031072,0.125853259104
257,10,0.147213287479,0.196177528316
258,10,0.123326294732,0.157611089781
259,10,0.104473891374,0.139027660167
260,10,0.219170582374,0.267470415622
261,10,0.253973901577,0.318195695862
262,10,0.194638714126,0.246318133937
263,10,0.214880444499,0.258734294221
264,10,0.336523443916,0.432838817925
265,10,0.464669473216,0.567388267054
266,10,0.298930017398,0.369314481805
267,10,0.507156571424,0.651764281751
268,10,0.241746769238,0.304218103957
269,10,0.203305322472,0.269572166172
270,10,0.240825713994,0.298262144259
271,10,0.231703239167,0.27461673436
272,10,0.126488004561,0.151772065072
273,10,0.111526833475,0.141955966192
274,10,0.164946518471,0.214128952751
275,10,0.174224218047,0.224557448704
276,10,0.337322529374,0.42259677296
277,10,0.183194318043,0.231911030305
278,10,0.163660808491,0.231852965494
279,10,0.141202324329,0.197695111713
280,10,0.180571132548,0.225712622796
281,10,0.332840573267,0.44354348285
282,10,0.187571889371,0.227290815126
283,10,0.226494174728,0.262978887998
284,10,0.183030718156,0.213397057968
285,10,0.108012680864,0.140268496614
286,10,0.123447948106,0.152723498998
287,10,0.161740312813,0.221305116507
288,10,0.143736714953,0.185375930586
289,10,0.166945006352,0.220491880786
290,10,0.144284475711,0.202788870806
291,10,0.205419915072,0.250398436251
292,10,0.130841512109,0.156192005095
293,10,0.122635758594,0.153444382472
294,10,0.124995572996,0.166102954456
295,10,0.146208667623,0.198900123172
296,10,0.123539269987,0.148048817878
297,10,0.166234876998,0.193535954484
298,10,0.207889044441,0.254519638332
299,10,0.141529072799,0.176117040879
300,10,0.161151655991,0.205589086914
301,10,0.269018433297,0.348790953888
302,10,0.129527356989,0.17064181864
303,10,0.136062069909,0.177558325602
304,10,0.142555857406,0.18590305265
305,10,0.206377960638,0.299191600999
306,10,0.14130811067,0.199362024586
307,10,0.206496557215,0.264108784334
308,10,0.183991778518,0.247166578107
309,10,0.226983506219,0.286762951301
310,10,0.22514496075,0.284475868897
311,10,0.269956945286,0.330660555346
312,10,0.358911732471,0.462526740656
313,10,0.798670602129,0.973766071609
314,10,0.334164754862,0.450152693881
315,10,0.252899254309,0.331026075734
316,10,0.187091630367,0.246886440803
317,10,0.324586682415,0.409309430535
318,10,0.31029078628,0.375435320062
319,10,0.375459817146,0.449624556907
320,10,0.189261554419,0.235777318518
321,10,0.23500729919,0.297442517266
322,10,0.268513254931,0.322055219038
323,10,0.182666029143,0.247582621148
324,10,0.178609518135,0.227833974914
325,10,0.191826911577,0.247877376574
326,10,0.204646477222,0.256351321533
327,10,0.412568135433,0.501253161159
328,10,0.299963674869,0.371130267854
329,10,0.155208863546,0.205143015289
330,10,0.220738148107,0.276003408638
331,10,0.134156977313,0.171422975864
332,10,0.470042155737,0.573111262507
333,10,0.624208332243,0.732812844437
334,10,0.710516572475,0.893568650713
335,10,0.848840919794,1.0267698426
