cycle,count,mae,rmse
50,10,0.144300469381,0.170370270144
51,10,0.110853196347,0.132978761848
52,10,0.125715781061,0.161767491756
53,10,0.149252239018,0.181872874193
54,10,0.0859797412039,0.107105372875
55,10,0.0945798990278,0.120401996009
56,10,0.154963276786,0.182152438528
57,10,0.122856304546,0.149236860139
58,10,0.235787118447,0.275462605583
59,10,0.229327610341,0.258785770907
60,10,0.138837876351,0.17017722434
61,10,0.193893223757,0.247841542598
62,10,0.178997770914,0.223373209046
63,10,0.174295206281,0.22179971955
64,10,0.276407200958,0.330844412741
65,10,0.236053137789,0.275094562893
66,10,0.299580536729,0.361991374261
67,10,0.494160891631,0.584638734997
68,10,0.202493897728,0.237984249103
69,10,0.198563136611,0.244864489058
70,10,0.332388648254,0.423519334766
71,10,0.246565723538,0.291050202019
72,10,0.177024619985,0.219232233748
73,10,0.498856230558,0.597063168808
74,10,0.109129706939,0.136320643225
75,10,0.0915479776688,0.110270718277
76,10,0.127515584225,0.158607545606
77,10,0.187819492384,0.248134219185
78,10,0.137181220084,0.170957276485
79,10,0.0837602926476,0.104323887585
80,10,0.16874772788,0.197650408544
81,10,0.15145898484,0.187511125842
82,10,0.143433520901,0.183926044917
83,10,0.242043736124,0.300958509883
84,10,0.144545398126,0.172671069361
85,10,0.120333164428,0.142583138539
86,10,0.149769241172,0.175001367612
87,10,0.128626382984,0.154654173514
88,10,0.225021912829,0.267629391647
89,10,0.170782051873,0.202853476876
90,10,0.220207504207,0.290604856515
91,10,0.0996442645881,0.12810601116
92,10,0.159201341478,0.197874445511
93,10,0.199577012519,0.230544047909
94,10,0.147430874155,0.183282499369
95,10,0.110325577147,0.145327632573
96,10,0.271272865317,0.328788124952
97,10,0.124019975444,0.148054666865
98,10,0.104555259451,0.133997574654
99,10,0.112905970195,0.141066403803
100,10,0.193273745832,0.236676589436
101,10,0.134730860326,0.165122570705
102,10,0.178656195588,0.213593865544
103,10,0.126767849206,0.15462992509
104,10,0.121695993294,0.151331531208
105,10,0.242105267234,0.289364171589
106,10,0.142621127867,0.176291077989
107,10,0.114488587173,0.137449511718
108,10,0.212021195086,0.265713547626
109,10,0.175769990917,0.21735810477
110,10,0.208250787872,0.290383721455
111,10,0.220034240819,0.276162677832
112,10,0.148862082884,0.190115106489
113,10,0.185890493917,0.224391809803
114,10,0.165245472856,0.232688324454
115,10,0.153388863394,0.187892990161
116,10,0.201250603667,0.254387047867
117,10,0.158652091434,0.20369851682
118,10,0.211150439886,0.282149919845
119,10,0.406489388083,0.471043872675
120,10,0.821581265559,0.969861490062
121,10,0.586021954701,0.685261597816
122,10,0.882567523111,1.11835440406
123,10,0.582840256001,0.729393127996
124,10,0.445786410352,0.560373788908
125,10,0.617238016417,0.803590349481
126,10,0.694670498518,0.9063049859
127,10,0.57596264706,0.784853091571
128,10,0.27344592482,0.337656238839
129,10,0.16051852097,0.234467550536
130,10,0.0952260736725,0.122358701926
131,10,0.161987804606,0.199542497436
132,10,0.314448332127,0.406037067621
133,10,0.442359539425,0.523915181562
134,10,0.423952689149,0.525860333355
135,10,0.450712568638,0.525146064415
136,10,0.340133499637,0.404249078074
137,10,0.251102860416,0.334062339768
138,10,0.196397822889,0.267583482606
139,10,0.167312478665,0.207780237052
140,10,0.201168700558,0.233627573846
141,10,0.135499296573,0.171422078224
142,10,0.114823264764,0.143605794963
143,10,0.173707137478,0.233257583817
144,10,0.169526312848,0.194962389053
145,10,0.138938212772,0.168926244551
146,10,0.143965882778,0.177938071644
147,10,0.114079918016,0.142931364408
148,10,0.0995424466307,0.125319439072
149,10,0.106950747027,0.139299727577
150,10,0.119351236406,0.148293591257
151,10,0.129271316123,0.164188378497
152,10,0.116907643948,0.14241683488
153,10,0.193126335818,0.24451728376
154,10,0.233179699631,0.336209900603
155,10,0.240716667315,0.310197241148
156,10,0.154151635684,0.188904141505
157,10,0.227465546785,0.277973357978
158,10,0.270579875737,0.327979053783
159,10,0.259446863883,0.321549864196
160,10,0.158341810429,0.193659538383
161,10,0.108339332414,0.141565426077
162,10,0.123953741507,0.150275328407
163,10,0.122890960064,0.152843273349
164,10,0.123701113356,0.145220758858
165,10,0.170569306765,0.201561791041
166,10,0.143483463591,0.181333039231
167,10,0.125620188426,0.17005342312
168,10,0.154450806288,0.182139113406
169,10,0.100165299622,0.125950538637
170,10,0.166979121861,0.202421390897
171,10,0.149158204648,0.176904940263
172,10,0.225849202196,0.289436339138
173,10,0.161595311209,0.195139883577
174,10,0.129468047035,0.163293364948
175,10,0.181756103251,0.236032534382
176,10,0.0940364356484,0.118902181559
177,10,0.113967424957,0.141326034053
178,10,0.0943607827743,0.115022865771
179,10,0.0900564486039,0.11184190101
180,10,0.140295876792,0.17774579458
181,10,0.087559524611,0.102888025451
182,10,0.170170672949,0.213600388783
183,10,0.10729890577,0.130754243983
184,10,0.114025731049,0.137974890448
185,10,0.185450486478,0.239833970001
186,10,0.110952252092,0.138874370726
187,10,0.16025801759,0.19160199736
188,10,0.22214285847,0.271399522062
189,10,0.172561429797,0.194953557566
190,10,0.215227281227,0.25620599037
191,10,0.238972844048,0.260000589114
192,10,0.173129194588,0.208203904688
193,10,0.150098728481,0.190741170469
194,10,0.117556608564,0.147111993037
195,10,0.112111848816,0.130921021469
196,10,0.241803415632,0.287053064735
197,10,0.223592983733,0.282703284371
198,10,0.185255740024,0.27062598827
199,10,0.133615824137,0.188915893441
200,10,0.278330964946,0.333388551586
201,10,0.372626523725,0.487088421748
202,10,0.652377388066,0.795365228198
203,10,0.562141566057,0.701905924067
204,10,0.448710060206,0.516572157718
205,10,0.582044675856,0.692156719183
206,10,0.959152882443,1.149565187
207,10,0.70033229246,0.872790157085
208,10,0.633979119199,0.745286567398
209,10,0.499224697812,0.63109986674
210,10,0.402919360904,0.533703964993
211,10,1.03542449719,1.25972175282
212,10,0.476983204821,0.596609668496
213,10,0.630537446492,0.839162352939
214,10,0.830605974805,1.21624079781
215,10,0.710290143906,1.05965413251
216,10,0.55240453531,0.689563393377
217,10,0.504165446011,0.630466843664
218,10,0.434746482038,0.55949822105
219,10,0.298715048736,0.425495131106
220,10,0.186015051302,0.245519509024
221,10,0.329030766363,0.425400623307
222,10,0.228995426394,0.271978338789
223,10,0.0998083970727,0.130300341946
224,10,0.194118520368,0.241434787282
225,10,0.11445581934,0.142829053682
226,10,0.190594030879,0.244342188373
227,10,0.159621710023,0.210553490431
228,10,0.316505474333,0.404618181151
229,10,0.689975332112,0.857294874768
230,10,0.93644102238,1.13703151241
231,10,0.630276893995,0.811792130693
232,10,1.04908675859,1.34029191091
233,10,0.881289866687,1.2103173354
234,10,0.957663388121,1.17619781908
235,10,0.56896471834,0.665761321003
236,10,0.553739212138,0.718511726834
237,10,0.47496625979,0.558358355592
238,10,0.434170624554,0.518548058275
239,10,0.391451374695,0.494969993157
240,10,0.280920918867,0.360132990644
241,10,0.443681467063,0.535888448887
242,10,0.657521848507,0.798527561949
243,10,0.790730062758,1.01348075528
244,10,1.25028162873,1.47775900759
245,10,0.689666535967,0.869483366688
246,10,0.562260190276,0.680934525964
247,10,0.519571984401,0.629707476697
248,10,0.483079123784,0.620192597512
249,10,0.457075907227,0.545217375164
250,10,0.348337162187,0.441340533684
251,10,0.382218534429,0.459498166427
252,10,0.24915166926,0.312532739436
253,10,0.313831606699,0.400755767078
254,10,0.200359244589,0.243902490647
255,10,0.139963509617,0.17141616458
256,10,0.108155671252,0.141659113685
257,10,0.172654693382,0.213892770697
258,10,0.123989703734,0.164236319571
259,10,0.169624646142,0.202527099332
260,10,0.258947630207,0.298332890399
261,10,0.205649827878,0.260052557898
262,10,0.232390549137,0.289572173293
263,10,0.295364989885,0.387754480331
264,10,0.314714605394,0.441891210527
265,10,0.349509793206,0.429020781167
266,10,0.304883700741,0.374089936621
267,10,0.317507475937,0.406726037063
268,10,0.251242116748,0.305334325788
269,10,0.26453680405,0.315570167481
270,10,0.225540910684,0.270243928078
271,10,0.195607803757,0.229471232226
272,10,0.132306100807,0.164548609951
273,10,0.215513855944,0.268658782575
274,10,0.174691455438,0.210585689321
275,10,0.185460654592,0.24290593282
276,10,0.306227578956,0.375433447461
277,10,0.238350808529,0.30373774579
278,10,0.127223627242,0.178795072263
279,10,0.184739410229,0.242528709677
280,10,0.166665761968,0.217426220492
281,10,0.274291329237,0.336688979279
282,10,0.238671119371,0.272800962746
283,10,0.145756536916,0.182657192797
284,10,0.153990926171,0.188479101341
285,10,0.193507484798,0.240535260221
286,10,0.158644953823,0.19803019289
287,10,0.19079441731,0.250497238205
288,10,0.198074068418,0.260224676729
289,10,0.174612347678,0.23441273945
290,10,0.187022660811,0.23573207146
291,10,0.207886591029,0.259050794453
292,10,0.149338228073,0.17491751033
293,10,0.184323821684,0.219351265209
294,10,0.141551907264,0.193087258999
295,10,0.201351307873,0.251936601969
296,10,0.130245376846,0.162411177719
297,10,0.174830544907,0.214292836593
298,10,0.189947983075,0.237563092078
299,10,0.112501400975,0.157816574698
300,10,0.282469334345,0.37121481424
301,10,0.199708142178,0.238195923785
302,10,0.128211535572,0.168338629107
303,10,0.146186405311,0.177457411965
304,10,0.201772534001,0.254718669134
305,10,0.153135263665,0.192556077497
306,10,0.130782390087,0.159191140116
307,10,0.126359800244,0.158188534166
308,10,0.102259483271,0.127239977801
309,10,0.421969562422,0.524156157835
310,10,0.257734119399,0.314140832642
311,10,0.294374111099,0.360477762301
312,10,0.620795423124,0.766539635971
313,10,0.601382902509,0.724761841526
314,10,0.309572961333,0.398490704869
315,10,0.21320205563,0.266832699523
316,10,0.26635222937,0.338641457577
317,10,0.294595565447,0.35107434379
318,10,0.164234339628,0.207103772103
319,10,0.332877491957,0.408378296629
320,10,0.211846123343,0.280897448252
321,10,0.156368739895,0.201878776712
322,10,0.121260573474,0.165237229339
323,10,0.268319550941,0.357149830007
324,10,0.170791880365,0.238842113133
325,10,0.221965760129,0.299715237214
326,10,0.233006995789,0.285891072092
327,10,0.444347682026,0.57715545271
328,10,0.45756961221,0.62575661329
329,10,0.190351915343,0.250069681883
330,10,0.200773365326,0.246841894732
331,10,0.161122605086,0.192006034119
332,10,0.369928610088,0.439077212907
333,10,0.361107667198,0.415847224858
334,10,0.979001284456,1.16062209802
335,10,0.513234176115,0.620887128787
