cycle,count,mae,rmse
50,10,0.150471606601,0.177524693494
51,10,0.123481615973,0.161944472169
52,10,0.104305756885,0.128297877525
53,10,0.13865617167,0.164529838045
54,10,0.0916058046407,0.115394489506
55,10,0.164580996336,0.195508993148
56,10,0.0896406711545,0.119939711223
57,10,0.118769323029,0.148838979396
58,10,0.171924170618,0.222381036601
59,10,0.178475911124,0.223997172704
60,10,0.108970562544,0.129925389653
61,10,0.150197233886,0.186897983932
62,10,0.115821211387,0.141920866613
63,10,0.138501019289,0.174458402561
64,10,0.227008956367,0.283100243248
65,10,0.217082634566,0.271105729006
66,10,0.295068822439,0.400881401841
67,10,0.554239309335,0.651455225674
68,10,0.167253706279,0.199577749889
69,10,0.235944323088,0.279377947476
70,10,0.285414911642,0.364905919009
71,10,0.289423476866,0.344332346185
72,10,0.14651405412,0.185283592766
73,10,0.421275180534,0.512670906514
74,10,0.117668229444,0.148596711755
75,10,0.156597060058,0.187622534352
76,10,0.15135011767,0.19339937334
77,10,0.186842780782,0.257113300874
78,10,0.202862041279,0.2429666014
79,10,0.154720473264,0.18978506824
80,10,0.0985274214329,0.120326963528
81,10,0.155185894571,0.190055814393
82,10,0.142991701505,0.178241329745
83,10,0.183504390892,0.240229518547
84,10,0.133415861006,0.162906484263
85,10,0.0949604828547,0.11875916992
86,10,0.10519460245,0.129688182306
87,10,0.12808078824,0.154042410137
88,10,0.204268546075,0.253357761254
89,10,0.129384744617,0.159348134275
90,10,0.227795255995,0.284848107834
91,10,0.168201987227,0.21017371274
92,10,0.174640441723,0.217360796067
93,10,0.127775763233,0.159641628557
94,10,0.116195094286,0.140101082344
95,10,0.1458176825,0.179590658658
96,10,0.292382071943,0.360981150738
97,10,0.139220288576,0.168815584569
98,10,0.102161996715,0.127701918781
99,10,0.106883815673,0.12826617216
100,10,0.172366072455,0.212302242797
101,10,0.1595368043,0.21141414393
102,10,0.119253198289,0.14255782779
103,10,0.10365876345,0.13746875973
104,10,0.0995984411974,0.122870169738
105,10,0.259883487388,0.302200347123
106,10,0.13543471656,0.170547951654
107,10,0.116713694533,0.14812681643
108,10,0.147553523398,0.187520837149
109,10,0.153186125634,0.1976995706
110,10,0.218565152031,0.290933582004
111,10,0.170722034941,0.211856924989
112,10,0.148332558368,0.182995369952
113,10,0.175913739743,0.228793465863
114,10,0.168625619158,0.240589057614
115,10,0.123152378322,0.154111692983
116,10,0.162731512729,0.214652467969
117,10,0.237560558734,0.281231417072
118,10,0.247512740045,0.292141802738
119,10,0.34932984027,0.416620255319
120,10,0.739606845501,0.931854673427
121,10,0.592476182991,0.726236027658
122,10,0.760620515514,0.903361670831
123,10,0.576726708813,0.695117737889
124,10,0.442729438689,0.519308537925
125,10,0.566168359939,0.680961197956
126,10,0.529832574831,0.683811918432
127,10,0.399575309412,0.581029007689
128,10,0.232089147789,0.285157155604
129,10,0.171848590387,0.24380322684
130,10,0.109311638023,0.136294741824
131,10,0.153437147848,0.197019516711
132,10,0.256919412749,0.318178122704
133,10,0.372709307243,0.445332406091
134,10,0.35139274892,0.466386390161
135,10,0.404168932535,0.484841589206
136,10,0.346121527474,0.431158122979
137,10,0.24827881083,0.297686415686
138,10,0.278858537759,0.346301997688
139,10,0.176545851116,0.22458516575
140,10,0.125767579943,0.149886161086
141,10,0.11696570002,0.149057493412
142,10,0.106473475609,0.139640812928
143,10,0.155853808937,0.226330157096
144,10,0.110844064294,0.14066262448
145,10,0.140331521792,0.170382715261
146,10,0.157830861295,0.198665404509
147,10,0.157673055059,0.199666777978
148,10,0.153861902003,0.184573296539
149,10,0.133826166311,0.16006138771
150,10,0.126867485025,0.157059517187
151,10,0.172053386458,0.199736055632
152,10,0.106260714688,0.131143424258
153,10,0.176461513074,0.224675714635
154,10,0.257239644669,0.362127855369
155,10,0.191901095756,0.273630090805
156,10,0.123662341261,0.148892723091
157,10,0.156393065996,0.194810178475
158,10,0.155273825853,0.202707961163
159,10,0.156406665043,0.186947744029
160,10,0.145309668353,0.176434841931
161,10,0.129273683568,0.164965258251
162,10,0.113938291718,0.146054122426
163,10,0.141157836899,0.174028186124
164,10,0.148595345945,0.1841115909
165,10,0.167101548373,0.208627521178
166,10,0.0933664255151,0.131049839313
167,10,0.121142762369,0.146042626693
168,10,0.0964130400333,0.124558452229
169,10,0.151724451287,0.191158986581
170,10,0.206643659658,0.259858453839
171,10,0.150767368009,0.178818574112
172,10,0.226236074149,0.283246957724
173,10,0.165669363588,0.204452980265
174,10,0.202206764578,0.247455398233
175,10,0.231146819195,0.305478735326
176,10,0.162917208482,0.208681423828
177,10,0.141442756148,0.180084591023
178,10,0.101596733686,0.128195468177
179,10,0.169746615396,0.214608587254
180,10,0.128627904484,0.162967423254
181,10,0.073894821567,0.0911295112272
182,10,0.0908739954051,0.110404626785
183,10,0.0962006424188,0.122355905648
184,10,0.11527509942,0.136878736032
185,10,0.132403673312,0.15641716394
186,10,0.128677287219,0.15198072335
187,10,0.116774107833,0.143444684734
188,10,0.145402560786,0.192251146141
189,10,0.189247075744,0.212688158895
190,10,0.136158663741,0.165632609592
191,10,0.108482476781,0.136731705438
192,10,0.181955733747,0.223194921815
193,10,0.197671962915,0.254042507739
194,10,0.112328760168,0.13874177058
195,10,0.125248804052,0.152019669907
196,10,0.139022902395,0.183039128072
197,10,0.190077227653,0.297499620785
198,10,0.155934520549,0.249538450333
199,10,0.190662183757,0.234291597304
200,10,0.220682244409,0.27342029981
201,10,0.397607667432,0.497142786591
202,10,0.657732483027,0.74466567291
203,10,0.455617634349,0.51962589488
204,10,0.477459341193,0.60950880926
205,10,0.411849838606,0.495002804874
206,10,0.629089570655,0.735886689537
207,10,0.391018855297,0.4772887553
208,10,0.675828565992,0.844180767415
209,10,0.520309367096,0.617456507418
210,10,0.583911469799,0.70086076899
211,10,0.709294151752,0.873951682453
212,10,0.423051627172,0.503728530954
213,10,0.762372080589,0.964642356558
214,10,0.869065739986,1.19970024843
215,10,0.663132673249,0.911236942313
216,10,0.640713271807,0.792642733627
217,10,0.541793788257,0.687596637218
218,10,0.338158118411,0.40174039606
219,10,0.289224360259,0.378600728179
220,10,0.225481315957,0.29439169246
221,10,0.249605238199,0.329380066657
222,10,0.234181381078,0.301045047418
223,10,0.135729217995,0.164526484867
224,10,0.132640494944,0.185327319396
225,10,0.233521003101,0.27963052998
226,10,0.227817010742,0.285164427186
227,10,0.202550613298,0.253756164827
228,10,0.365320286462,0.454952051044
229,10,0.799978180739,0.933881690457
230,10,0.80088600346,0.950544861454
231,10,0.515126319705,0.635493109268
232,10,0.944272946693,1.14624830495
233,10,0.685340225035,0.79405392999
234,10,0.749672347487,0.904438497853
235,10,0.856731739539,1.01709264929
236,10,0.465315423602,0.552309397875
237,10,0.273325123175,0.353373815438
238,10,0.418139657511,0.487956179268
239,10,0.408981723098,0.509403483754
240,10,0.271406632742,0.329970066023
241,10,0.246999408519,0.304589879884
242,10,0.422312918968,0.513579321628
243,10,0.522553046492,0.63762449479
244,10,0.504435500318,0.643828798316
245,10,0.766215907202,0.952163347705
246,10,0.676738101962,0.831525080479
247,10,0.890597469137,1.18928382914
248,10,0.419484968461,0.503991929516
249,10,0.428924459389,0.540306184089
250,10,0.263630681912,0.340484637872
251,10,0.267715050072,0.341050381946
252,10,0.262972317165,0.328275135465
253,10,0.385670835239,0.434072203542
254,10,0.152404306234,0.214950511153
255,10,0.122382102639,0.155989459667
256,10,0.0979250709619,0.125794082794
257,10,0.190885085695,0.230196675842
258,10,0.117832457309,0.155935651557
259,10,0.116328416049,0.14557357982
260,10,0.199994051747,0.251351179757
261,10,0.192967900111,0.242069417556
262,10,0.226733935464,0.277792231079
263,10,0.234208631989,0.290500202509
264,10,0.285101821004,0.370367320978
265,10,0.433603180408,0.543578204974
266,10,0.278872955064,0.35190986221
267,10,0.39392091421,0.504747963913
268,10,0.391437573545,0.48639361917
269,10,0.236908174493,0.284787220809
270,10,0.308632972303,0.389071181246
271,10,0.187992559915,0.229561446705
272,10,0.1274757481,0.162972448904
273,10,0.108272023004,0.130857785848
274,10,0.141317151837,0.182277107731
275,10,0.148288995467,0.188654175506
276,10,0.48943878594,0.611615180518
277,10,0.180337441909,0.221413351815
278,10,0.122843388683,0.168259651322
279,10,0.138616278405,0.182615148122
280,10,0.165447140056,0.203633520555
281,10,0.195886638602,0.269069325788
282,10,0.29406414255,0.346539752781
283,10,0.151351771375,0.197696661929
284,10,0.162667046044,0.194688396887
285,10,0.203316289549,0.241291605939
286,10,0.116404229126,0.147050618737
287,10,0.10760653744,0.14276472516
288,10,0.199514905964,0.258030833859
289,10,0.231203519057,0.300432777386
290,10,0.165265640279,0.217801781421
291,10,0.16105454904,0.189923116869
292,10,0.0824938622732,0.101970919824
293,10,0.120209661245,0.137961770123
294,10,0.116990075464,0.15160003084
295,10,0.183908302971,0.234604134382
296,10,0.0825948021661,0.101015587283
297,10,0.139671528922,0.173988567988
298,10,0.173872767569,0.22112473162
299,10,0.130390105179,0.166919746009
300,10,0.151073889606,0.201368023492
301,10,0.140075412487,0.16844536382
302,10,0.123445381905,0.151685143784
303,10,0.114031893465,0.144509071994
304,10,0.182857209953,0.2223757589
305,10,0.1970942035,0.259284023502
306,10,0.116358732352,0.146888733815
307,10,0.17083756229,0.224413631454
308,10,0.101456452505,0.119699407231
309,10,0.269162698612,0.33667897392
310,10,0.247909457983,0.306801948144
311,10,0.311944971984,0.383627277614
312,10,0.366223938893,0.451353825031
313,10,0.712514110779,0.915640408137
314,10,0.345681209845,0.441854288976
315,10,0.192712961977,0.23551194804
316,10,0.278476663347,0.333011726896
317,10,0.317154268898,0.400546639976
318,10,0.198269362018,0.238942753112
319,10,0.307697287516,0.393790022259
320,10,0.214177578726,0.270161728697
321,10,0.185942506435,0.242565265856
322,10,0.112122611448,0.153363428288
323,10,0.175091741765,0.225276353442
324,10,0.176012255675,0.210578754779
325,10,0.171429144623,0.212570139225
326,10,0.169172605558,0.214596872567
327,10,0.429289223678,0.542745143064
328,10,0.358281232669,0.473761588611
329,10,0.185164394992,0.237854877583
330,10,0.183618231013,0.224518548561
331,10,0.166043940861,0.204199886655
332,10,0.326424891153,0.403156966436
333,10,0.34160034499,0.43587920233
334,10,0.684558761518,0.84786253082
335,10,0.725885989168,0.875801436405
