cycle,count,mae,rmse
50,10,0.0879457979872,0.110990076935
51,10,0.107152056464,0.139581244697
52,10,0.0973705832632,0.115880166677
53,10,0.117424634224,0.142966857204
54,10,0.0821575615383,0.103185850725
55,10,0.147749471054,0.180402020602
56,10,0.0899555312506,0.115652908782
57,10,0.122824931399,0.149665243879
58,10,0.202413223439,0.250432148901
59,10,0.15329188265,0.192837319872
60,10,0.105751707944,0.137566156784
61,10,0.154490792751,0.19392834301
62,10,0.15934302703,0.194226076987
63,10,0.178894929155,0.223171880004
64,10,0.247201995677,0.296483354787
65,10,0.182725537619,0.223239315919
66,10,0.275366760862,0.365789823166
67,10,0.573293849261,0.695324881025
68,10,0.12104640622,0.152735007003
69,10,0.300866373946,0.376198806745
70,10,0.340147795093,0.42453123529
71,10,0.207117822411,0.252853160382
72,10,0.258345834118,0.306546446969
73,10,0.349255653659,0.440247480816
74,10,0.131858482753,0.152297353305
75,10,0.131187646023,0.16999137907
76,10,0.182298731834,0.242444823706
77,10,0.127970329284,0.183432217554
78,10,0.158639939596,0.195176624768
79,10,0.126392895938,0.165923519505
80,10,0.0861715391476,0.104402491542
81,10,0.106263134674,0.13440132429
82,10,0.145252396507,0.178628366683
83,10,0.196928462151,0.248443966295
84,10,0.203094075381,0.23934295096
85,10,0.112767270016,0.132991506507
86,10,0.110214836472,0.140083165702
87,10,0.159778814944,0.199986686739
88,10,0.312721016661,0.361124678073
89,10,0.15199521777,0.183133037853
90,10,0.234730097841,0.30908384496
91,10,0.141967058384,0.184026322123
92,10,0.19309816442,0.238035825103
93,10,0.154519204516,0.201182354083
94,10,0.104018470052,0.127402330877
95,10,0.128531692147,0.164434187162
96,10,0.311555745857,0.407793748138
97,10,0.0884424573797,0.114012995312
98,10,0.169432710255,0.203722354456
99,10,0.121792645927,0.158261458404
100,10,0.1326328656,0.16518697455
101,10,0.120382454632,0.153925647134
102,10,0.162414974224,0.194838617477
103,10,0.111798719354,0.145059896032
104,10,0.151761795674,0.185395344434
105,10,0.104723325099,0.130307093081
106,10,0.227382520224,0.285534507506
107,10,0.186494490704,0.225336838948
108,10,0.216154485642,0.258000634279
109,10,0.13758774746,0.178039174002
110,10,0.205191373368,0.294599570917
111,10,0.126588663404,0.161464160428
112,10,0.174414491858,0.220748574684
113,10,0.156893749576,0.189484674409
114,10,0.150068003961,0.21725175467
115,10,0.152326003119,0.206466261327
116,10,0.148940483592,0.184680584693
117,10,0.348268881956,0.42996746132
118,10,0.222846789998,0.28500174099
119,10,0.302420866769,0.422981623605
120,10,0.80261041879,0.935382858449
121,10,0.618367615257,0.742683880829
122,10,0.668903406476,0.90069048411
123,10,0.580221152045,0.725470065294
124,10,0.420052324335,0.525008581974
125,10,0.576987349131,0.698476985682
126,10,0.602502860754,0.762257504453
127,10,0.506706383378,0.689546024913
128,10,0.233506138537,0.28074573982
129,10,0.220303636547,0.290552226601
130,10,0.165601770269,0.210138484373
131,10,0.18246351863,0.22116999369
132,10,0.326109042907,0.414568261371
133,10,0.537053183836,0.624124053792
134,10,0.451095720841,0.526386672977
135,10,0.407674735514,0.488269116055
136,10,0.306764373591,0.371976205266
137,10,0.260650602145,0.343903747517
138,10,0.199679345691,0.275822724472
139,10,0.137617827344,0.173105338789
140,10,0.0886595373075,0.11727133357
141,10,0.12901526366,0.167363681842
142,10,0.127958886496,0.159226910992
143,10,0.154150619446,0.22628896921
144,10,0.113101382222,0.136502012604
145,10,0.137548592842,0.171749452223
146,10,0.092014838676,0.11395723148
147,10,0.143944228552,0.17401880104
148,10,0.139605503377,0.17541732538
149,10,0.111426906316,0.144357312202
150,10,0.132476310498,0.161958888086
151,10,0.112803449421,0.136189757057
152,10,0.117825655044,0.146334487955
153,10,0.178912535677,0.227785604867
154,10,0.2272130329,0.325289894952
155,10,0.202061492271,0.286077412061
156,10,0.139050428561,0.162538181539
157,10,0.233795196472,0.290294422225
158,10,0.147953707233,0.201876986955
159,10,0.145790535944,0.181000217201
160,10,0.146415445607,0.19080608509
161,10,0.102110678111,0.133946852017
162,10,0.148124910308,0.190273417427
163,10,0.186921669067,0.227383680764
164,10,0.15310660605,0.200868458859
165,10,0.1654176683,0.216207786099
166,10,0.174508744119,0.211092219418
167,10,0.187960718653,0.239476790999
168,10,0.136273803961,0.166405954001
169,10,0.119903440704,0.155796839289
170,10,0.0869350901051,0.105586672233
171,10,0.122884082849,0.152752461291
172,10,0.191415906874,0.248826574768
173,10,0.186302282191,0.225261610984
174,10,0.139259787079,0.16927418833
175,10,0.146681878988,0.178510155313
176,10,0.162590353981,0.210899836745
177,10,0.0864302594369,0.110029799963
178,10,0.136547150826,0.168930285646
179,10,0.119376136501,0.148823857043
180,10,0.137787573834,0.172706131385
181,10,0.123406593894,0.153683224005
182,10,0.0807037127564,0.106801314097
183,10,0.0926609934161,0.108583360141
184,10,0.112839570962,0.138581701039
185,10,0.149562706857,0.178345095408
186,10,0.134488489712,0.154970248933
187,10,0.109775891419,0.141742679847
188,10,0.0928360289469,0.123439906497
189,10,0.205853462632,0.226794906842
190,10,0.159594975452,0.198701299753
191,10,0.197821062871,0.239942738305
192,10,0.106203370747,0.13921305596
193,10,0.111250253583,0.143497537215
194,10,0.107458989822,0.136131767019
195,10,0.122457439715,0.144816810811
196,10,0.142430557279,0.206318971363
197,10,0.203033705953,0.24901788706
198,10,0.154213009289,0.263295933959
199,10,0.161405023673,0.220841967475
200,10,0.228345810408,0.305469586954
201,10,0.348378517596,0.427877849301
202,10,0.619638404271,0.726859367975
203,10,0.445151990874,0.523573174459
204,10,0.495402229847,0.648898952958
205,10,0.477936590593,0.561624855072
206,10,0.422269558311,0.513436597171
207,10,0.371536930646,0.439678074612
208,10,0.407308311373,0.493325487266
209,10,0.475701237028,0.595301458186
210,10,0.717754050635,0.840210202718
211,10,1.19085040093,1.39655846174
212,10,0.469546414092,0.575147274595
213,10,0.50915001912,0.712493340738
214,10,0.739423451727,1.0254686151
215,10,0.647532509483,0.819340147795
216,10,0.58766002526,0.735516227752
217,10,0.461584465198,0.560602603229
218,10,0.293283018281,0.337859937167
219,10,0.218344584749,0.287900715458
220,10,0.20542385526,0.262227862556
221,10,0.273247271243,0.337369249117
222,10,0.35267687699,0.4509551699
223,10,0.126595347861,0.155475754096
224,10,0.171010524034,0.22135369086
225,10,0.11018103861,0.129383726356
226,10,0.188815271108,0.246894107263
227,10,0.173977862188,0.223321272187
228,10,0.39403645535,0.513687998785
229,10,0.630981489244,0.760589691549
230,10,0.578318469647,0.686111908482
231,10,0.377294745886,0.482965768748
232,10,0.697407454353,0.930546847716
233,10,0.865412186937,1.06055532967
234,10,0.883370585259,1.07192784358
235,10,0.836890966355,1.0031001183
236,10,0.721574995807,0.861018592844
237,10,0.41642728954,0.486638656949
238,10,0.323017061232,0.388879848536
239,10,0.326018586252,0.401624792657
240,10,0.322756857504,0.397653194918
241,10,0.264924842739,0.309714066644
242,10,0.525887469299,0.659738275428
243,10,0.715838135029,0.85225022375
244,10,0.953449114408,1.15558740305
245,10,0.782012247741,1.00507911054
246,10,0.604134568117,0.731100529649
247,10,0.50826101437,0.621882912218
248,10,0.51899702044,0.637713575831
249,10,0.46211624235,0.579062661101
250,10,0.259681909429,0.354829542498
251,10,0.426093834809,0.522053535758
252,10,0.197404785467,0.240882304934
253,10,0.303107768521,0.363800178843
254,10,0.161288034734,0.190843516504
255,10,0.114240109627,0.135672196921
256,10,0.127749690657,0.163680740037
257,10,0.162902978024,0.197588434558
258,10,0.194639638559,0.247543110122
259,10,0.137194067589,0.175698516278
260,10,0.247434356166,0.299262836864
261,10,0.145703212492,0.194120752576
262,10,0.281567424465,0.352477431793
263,10,0.230580830727,0.280565482244
264,10,0.318112739092,0.404972386602
265,10,0.40052356369,0.484061409947
266,10,0.398960745057,0.485575194839
267,10,0.370094485644,0.463572497046
268,10,0.331232496263,0.416233631716
269,10,0.211754218353,0.254897845889
270,10,0.212130688537,0.248030342715
271,10,0.236749061139,0.2863315873
272,10,0.177990719358,0.218415374712
273,10,0.127141934124,0.161697010267
274,10,0.128175607022,0.158365162362
275,10,0.196173525398,0.249117793172
276,10,0.712589708389,0.856863821663
277,10,0.211057729899,0.254776770374
278,10,0.106397798529,0.127332684001
279,10,0.127646850859,0.166199584874
280,10,0.151674862334,0.19752597544
281,10,0.176719215658,0.233210697081
282,10,0.260506249088,0.304262050134
283,10,0.198684330152,0.240428476525
284,10,0.144879000036,0.175899920066
285,10,0.138715431545,0.176167867313
286,10,0.12883995334,0.161764624577
287,10,0.182568538247,0.248242901461
288,10,0.187851103964,0.26397240404
289,10,0.170551002562,0.216614194112
290,10,0.15736931282,0.207024054747
291,10,0.142669238719,0.167619134949
292,10,0.118484264441,0.14781963738
293,10,0.101547046021,0.125185105942
294,10,0.150096507236,0.192208234382
295,10,0.142489994347,0.190163222414
296,10,0.126525327258,0.159735347938
297,10,0.1455856624,0.175513518266
298,10,0.138653944121,0.176067409128
299,10,0.124446890809,0.160521970071
300,10,0.192127549512,0.26142809952
301,10,0.157586706207,0.190289922105
302,10,0.171032481835,0.228494951544
303,10,0.139423718078,0.174869741811
304,10,0.113848146361,0.14367804025
305,10,0.171245669063,0.240297443432
306,10,0.121168069101,0.156211095642
307,10,0.158703921976,0.196519298046
308,10,0.124588711491,0.151566170834
309,10,0.241824200822,0.316370521294
310,10,0.185078240865,0.230567854286
311,10,0.358842897554,0.460089896355
312,10,0.422198264744,0.515294712646
313,10,0.517694438629,0.637963193661
314,10,0.289470916891,0.388288684888
315,10,0.246833616869,0.303842691987
316,10,0.222031754014,0.282728986966
317,10,0.219210206177,0.297474579781
318,10,0.244190852391,0.297150842922
319,10,0.383552550654,0.490309954034
320,10,0.165855537745,0.21019426556
321,10,0.168686418959,0.217573885849
322,10,0.198286141318,0.25399275085
323,10,0.176494229908,0.243036894536
324,10,0.192428893121,0.248422386672
325,10,0.159345895724,0.202580298976
326,10,0.200402491346,0.262006990314
327,10,0.491265784971,0.641904993797
328,10,0.342187401697,0.410848292119
329,10,0.154996321581,0.209563999602
330,10,0.151481800352,0.192975094279
331,10,0.183648832078,0.229758730104
332,10,0.428918712377,0.549088698728
333,10,0.325453677846,0.388454429286
334,10,0.730117851118,0.888261087168
335,10,0.476766413777,0.608731437819
