cycle,count,mae,rmse
50,15,0.103693745691,0.124290266568
51,15,0.111772219851,0.134926139274
52,15,0.122731065315,0.147906806459
53,15,0.116681359029,0.147296821709
54,15,0.0948566617408,0.118599249717
55,15,0.109820718699,0.13557789584
56,15,0.0846342588978,0.112541099548
57,15,0.122498586045,0.151587302257
58,15,0.205900233799,0.249949367381
59,15,0.180628993863,0.209023221741
60,15,0.113881018622,0.135898560333
61,15,0.126334253994,0.157658823822
62,15,0.202687072607,0.238282899658
63,15,0.163422700763,0.20018718397
64,15,0.198506884405,0.248063053327
65,15,0.144389587287,0.173183426266
66,15,0.261995128954,0.3249912825
67,15,0.487890720994,0.583233094379
68,15,0.211138585506,0.250673303317
69,15,0.325314547279,0.403081452396
70,15,0.31014716148,0.391354018367
71,15,0.266344751648,0.320704567855
72,15,0.175943846247,0.221413106503
73,15,0.461800611663,0.60584979961
74,15,0.162271133306,0.204816134363
75,15,0.141612410491,0.176308595445
76,15,0.140860530918,0.18040980525
77,15,0.146662114356,0.197001576625
78,15,0.174735129867,0.221792037685
79,15,0.147609803531,0.183715750326
80,15,0.115971424932,0.140209127364
81,15,0.10208831118,0.127101906437
82,15,0.13963904925,0.172695378513
83,15,0.175789342301,0.228081652133
84,15,0.135565752404,0.163583999565
85,15,0.157851099037,0.191478033033
86,15,0.164517823511,0.201492469602
87,15,0.140522065151,0.176937830056
88,15,0.220830373846,0.272278154369
89,15,0.189893979691,0.231337477634
90,15,0.226285756655,0.290888519306
91,15,0.153823206035,0.195319040796
92,15,0.142190634842,0.171163631136
93,15,0.132840858186,0.170104910782
94,15,0.136737708839,0.167778162979
95,15,0.121550140785,0.162900820212
96,15,0.242109349272,0.321973092563
97,15,0.116086603581,0.147967240282
98,15,0.129015869371,0.169175242342
99,15,0.257842322789,0.319255965855
100,15,0.170796702377,0.213327151881
101,15,0.16728902628,0.203116209418
102,15,0.167501980194,0.203047338358
103,15,0.0936253463829,0.119489769658
104,15,0.127377582844,0.156836627648
105,15,0.130096789799,0.159454986679
106,15,0.125926035705,0.15506476202
107,15,0.105453149074,0.123463932881
108,15,0.126607306949,0.154843134887
109,15,0.110608924066,0.144830985918
110,15,0.187411954477,0.262699294112
111,15,0.123752291459,0.157495723565
112,15,0.14931361346,0.190256245074
113,15,0.174144404346,0.211372216141
114,15,0.176325791688,0.21724403928
115,15,0.125046923402,0.166213922954
116,15,0.16152290593,0.198526182926
117,15,0.187501750244,0.22940674481
118,15,0.296529036881,0.376299162735
119,15,0.365528387482,0.461533361282
120,15,0.673330972812,0.881546043722
121,15,0.692512402571,0.90962139714
122,15,0.78954498113,1.01630281616
123,15,0.576009333376,0.729288726142
124,15,0.410466084655,0.529925939137
125,15,0.595900953336,0.739438752173
126,15,0.504920643179,0.682017772966
127,15,0.631396759265,0.797686658301
128,15,0.165481574316,0.208237728371
129,15,0.218433028831,0.277929213458
130,15,0.116776095676,0.141900357109
131,15,0.144034766502,0.186220258946
132,15,0.270123402948,0.357384694838
133,15,0.394452228129,0.480197659536
134,15,0.357081767573,0.427760322812
135,15,0.399640819436,0.470061722319
136,15,0.321140397965,0.374123555891
137,15,0.232365993465,0.292062737402
138,15,0.169756179355,0.233085398248
139,15,0.141561403236,0.177624722303
140,15,0.153403274517,0.198223929738
141,15,0.0968096364814,0.122863452838
142,15,0.119209221879,0.15393625631
143,15,0.181951485389,0.253191820133
144,15,0.118844291892,0.147070607296
145,15,0.132845093854,0.181219818868
146,15,0.104691996414,0.127928469128
147,15,0.132978513338,0.164228552158
148,15,0.183151176805,0.218673335919
149,15,0.132382658451,0.166600416118
150,15,0.137805421614,0.174208495925
151,15,0.0976610530107,0.126001195705
152,15,0.117277176822,0.146561630409
153,15,0.15828775255,0.199684468346
154,15,0.201947983777,0.268228341726
155,15,0.194576963739,0.270369703326
156,15,0.21657501079,0.278862600917
157,15,0.161499631401,0.201477817142
158,15,0.162121400304,0.219565723154
159,15,0.145375651548,0.179203556516
160,15,0.111095581913,0.139438806406
161,15,0.108342018961,0.140648414462
162,15,0.119311632909,0.147059315607
163,15,0.0952579262448,0.113072673841
164,15,0.111002685133,0.136364731019
165,15,0.0949541325554,0.143343363591
166,15,0.109789112006,0.146056429074
167,15,0.126122845012,0.151890226995
168,15,0.130273922427,0.161365330799
169,15,0.103413495093,0.121989579124
170,15,0.139272415978,0.175521326226
171,15,0.158970970583,0.192730114162
172,15,0.18870102524,0.228138890727
173,15,0.211121854201,0.248764407918
174,15,0.195130748363,0.233326416061
175,15,0.185792927184,0.235487575803
176,15,0.150381772315,0.187080569216
177,15,0.120242220804,0.151501927138
178,15,0.129326524198,0.153095632593
179,15,0.105228132314,0.128472258957
180,15,0.0872077291806,0.109062218822
181,15,0.0880630183233,0.105799400601
182,15,0.151015478174,0.186734587467
183,15,0.0893897782806,0.110259561631
184,15,0.0694423229308,0.0858332232287
185,15,0.0964106370648,0.120055819713
186,15,0.0796102274424,0.100640042365
187,15,0.102772442127,0.133544053402
188,15,0.150883814281,0.184675855853
189,15,0.145081201194,0.179485400776
190,15,0.111561983238,0.165498363437
191,15,0.207721292428,0.232976661628
192,15,0.160189007612,0.208308334783
193,15,0.163049534619,0.195547242883
194,15,0.115233629652,0.1431839319
195,15,0.0912282715005,0.117512449579
196,15,0.166311263599,0.217576086368
197,15,0.161812089013,0.205234607029
198,15,0.257601606755,0.315060256807
199,15,0.163266587889,0.203382045248
200,15,0.213520408696,0.266818899699
201,15,0.42679751895,0.522363456051
202,15,0.503161996095,0.636027368587
203,15,0.510741201386,0.637005742132
204,15,0.373192531571,0.45464090959
205,15,0.529045981554,0.653950274918
206,15,0.730507127958,0.901865304969
207,15,0.652581981535,0.789137672001
208,15,0.65294674821,0.810103024058
209,15,0.357272850763,0.456532610631
210,15,0.353908529466,0.448929979768
211,15,0.935863726785,1.2054291524
212,15,0.497811919498,0.597665252808
213,15,0.632832640422,0.840302494246
214,15,0.951348708218,1.31256274327
215,15,0.718259566551,1.03654081673
216,15,0.516686418374,0.677208241879
217,15,0.461051201964,0.514521062547
218,15,0.311814794811,0.390762424679
219,15,0.290920475159,0.360812240826
220,15,0.189965593122,0.245004881248
221,15,0.276913496115,0.334249521837
222,15,0.19038330998,0.239923014483
223,15,0.127201724118,0.165530249562
224,15,0.125387056623,0.175203663624
225,15,0.14291658684,0.171530421227
226,15,0.237368049905,0.307493357654
227,15,0.2050837209,0.273402677101
228,15,0.303886239852,0.384949681539
229,15,0.735128247901,0.987222362958
230,15,0.474439214246,0.637197548556
231,15,0.375644480286,0.455206307211
232,15,0.860185644711,1.07634930458
233,15,0.812228874667,1.00993840217
234,15,0.850569142237,1.07430411433
235,15,0.630243208678,0.773254473615
236,15,0.377881524948,0.436650981024
237,15,0.366652349879,0.432745428438
238,15,0.358873528419,0.451017758669
239,15,0.387356485296,0.486813459035
240,15,0.24981554292,0.311973474293
241,15,0.218713307805,0.275875789206
242,15,0.540586001955,0.676521579052
243,15,0.767666501697,0.926237005729
244,15,0.667473183359,0.894914571545
245,15,0.582627672261,0.762118714766
246,15,0.883507468843,1.04305712349
247,15,0.441891472246,0.579921636364
248,15,0.423768808286,0.551341350824
249,15,0.292999617842,0.353898854284
250,15,0.284042069766,0.359035492828
251,15,0.280140825139,0.35273280299
252,15,0.206267170644,0.269997297325
253,15,0.231919350529,0.289627917621
254,15,0.138927060439,0.182475533836
255,15,0.102111947534,0.126999007825
256,15,0.100400232529,0.128667044996
257,15,0.132211302943,0.165178201263
258,15,0.133148787559,0.165444881826
259,15,0.167836291042,0.206995132772
260,15,0.206542656128,0.25819695998
261,15,0.294392100532,0.377528123567
262,15,0.186852576984,0.228474368006
263,15,0.194228922369,0.248065852439
264,15,0.434847680047,0.570642232773
265,15,0.407055149868,0.510405700525
266,15,0.281135149893,0.36681008613
267,15,0.252321666443,0.320187926505
268,15,0.263095017935,0.324889075754
269,15,0.243876414913,0.294731337212
270,15,0.203106790969,0.254918754977
271,15,0.193433893887,0.236350498494
272,15,0.15122972601,0.188409167997
273,15,0.102517545974,0.13300057754
274,15,0.147534540382,0.172338453507
275,15,0.167647919439,0.213611475881
276,15,0.327894737477,0.402970108304
277,15,0.191901620275,0.259620889169
278,15,0.110556741277,0.149729684904
279,15,0.108426836751,0.139782166544
280,15,0.189475886562,0.252654010604
281,15,0.281561317188,0.374505042842
282,15,0.193920149973,0.235774201853
283,15,0.172033472299,0.214353586801
284,15,0.160476016262,0.190365901601
285,15,0.141010063638,0.186513680564
286,15,0.149491683916,0.187821554775
287,15,0.131817239088,0.165787585761
288,15,0.130754965219,0.172066994105
289,15,0.18552650031,0.252653605404
290,15,0.151600749678,0.201468716284
291,15,0.180407974224,0.21931587658
292,15,0.114571705857,0.145128937897
293,15,0.127037436341,0.150921880407
294,15,0.121930757362,0.1649204634
295,15,0.114432490686,0.158164883092
296,15,0.0975752850649,0.119480614856
297,15,0.133526674234,0.16399130601
298,15,0.124425915533,0.155395772044
299,15,0.13405268257,0.184614415754
300,15,0.15814225792,0.222321989595
301,15,0.160953769347,0.199589763883
302,15,0.126364230212,0.159410123262
303,15,0.142799580931,0.179807905374
304,15,0.133288688602,0.166169880533
305,15,0.129350383815,0.17266024902
306,15,0.116273124275,0.139937736731
307,15,0.113507168439,0.146490632782
308,15,0.100253662728,0.118464541866
309,15,0.263947244506,0.326009596272
310,15,0.207592505996,0.262053030239
311,15,0.25064210981,0.311122374354
312,15,0.349589208748,0.435058397672
313,15,0.591929613381,0.767199651984
314,15,0.328234152664,0.409843078332
315,15,0.248612348784,0.314523580843
316,15,0.215285509194,0.281300216049
317,15,0.257127532556,0.328228783902
318,15,0.175157469226,0.234379727474
319,15,0.248147476395,0.315605329464
320,15,0.250057886088,0.313657271316
321,15,0.127740322393,0.164081951992
322,15,0.115134366926,0.164310031082
323,15,0.205319348227,0.254297514994
324,15,0.149753532905,0.204179307435
325,15,0.139109313475,0.182065362342
326,15,0.257933622319,0.330979866248
327,15,0.386309932592,0.489910908656
328,15,0.249513002795,0.339195144704
329,15,0.183458496126,0.23548961223
330,15,0.199151363135,0.241148266796
331,15,0.152701558437,0.202421861014
332,15,0.320014821351,0.372032063765
333,15,0.436248023693,0.556402076772
334,15,0.446797493838,0.563522923904
335,15,0.562164176436,0.677474288893
