cycle,count,mae,rmse
50,15,0.0891031994566,0.111819596765
51,15,0.133703256263,0.172803689686
52,15,0.118087583721,0.152638638745
53,15,0.116177362174,0.145776355984
54,15,0.121051789183,0.149673943925
55,15,0.0943526525968,0.116738506795
56,15,0.110646012606,0.137959925283
57,15,0.148212704309,0.183101772793
58,15,0.186879899245,0.233747462697
59,15,0.15960699914,0.208168270217
60,15,0.118799211746,0.141712221595
61,15,0.100633367519,0.130550505318
62,15,0.148528144519,0.181102256521
63,15,0.17727871127,0.210302432723
64,15,0.230111478836,0.274314330791
65,15,0.134600453037,0.161521257943
66,15,0.256665014572,0.344671509972
67,15,0.492855874117,0.616889400196
68,15,0.12516345348,0.157720985486
69,15,0.302418032235,0.354954086298
70,15,0.475422956277,0.596068909113
71,15,0.205110940595,0.249846913454
72,15,0.217765953514,0.289902085517
73,15,0.298316010305,0.425848968347
74,15,0.10459190951,0.124358572319
75,15,0.104045624704,0.129460830967
76,15,0.153927737165,0.18659250836
77,15,0.197619608635,0.260256997318
78,15,0.140888064505,0.177678046948
79,15,0.117527031682,0.140938872468
80,15,0.0855276988155,0.10655083557
81,15,0.153173572587,0.189620491849
82,15,0.165975706351,0.204772217436
83,15,0.222575436846,0.262777101621
84,15,0.164436204817,0.203374610477
85,15,0.0822278124521,0.107047864251
86,15,0.173443100624,0.202617472078
87,15,0.114985642153,0.141625156915
88,15,0.181016748118,0.234249330726
89,15,0.120101206327,0.151119961554
90,15,0.236572587731,0.309726520533
91,15,0.130652609459,0.159932621372
92,15,0.12877450819,0.157039817637
93,15,0.159046823251,0.200725224077
94,15,0.10751541693,0.134013754214
95,15,0.104135945622,0.137619323497
96,15,0.223179738124,0.292575261177
97,15,0.0985366573202,0.121999137957
98,15,0.13203845856,0.167914026045
99,15,0.12886560682,0.158589240176
100,15,0.131401356311,0.155590524408
101,15,0.140265153115,0.176672216746
102,15,0.166990932065,0.19363016412
103,15,0.118483559825,0.147212640387
104,15,0.138307235639,0.177319707911
105,15,0.149985603282,0.18415750474
106,15,0.179261512922,0.220674418349
107,15,0.132653048097,0.163426744795
108,15,0.123475820737,0.148960095702
109,15,0.126987906111,0.158424323918
110,15,0.162857205246,0.225937076988
111,15,0.145234905279,0.188993998749
112,15,0.141458447594,0.171734644123
113,15,0.139817062218,0.172290734354
114,15,0.151600293598,0.196692426462
115,15,0.15900528708,0.217125964299
116,15,0.207765924131,0.266688122703
117,15,0.164755739976,0.214653522155
118,15,0.245286846967,0.302822366471
119,15,0.314814925211,0.400461025972
120,15,0.703665262656,0.946324943552
121,15,0.628713371404,0.752308638293
122,15,0.822975332259,1.01096798476
123,15,0.536396211151,0.676729112421
124,15,0.496654761636,0.601718824882
125,15,0.601685971118,0.776643979505
126,15,0.466584197774,0.617910962498
127,15,0.513276821106,0.697742567041
128,15,0.167651558374,0.207971893013
129,15,0.184533305446,0.248143911985
130,15,0.10558944926,0.136079591353
131,15,0.174763367327,0.221963247887
132,15,0.279428558842,0.340057140732
133,15,0.35840308126,0.418000881966
134,15,0.345556840516,0.424363429805
135,15,0.454134903769,0.54652490917
136,15,0.317932043786,0.377530817618
137,15,0.223936860749,0.267121013333
138,15,0.206455884089,0.285047853317
139,15,0.156239479963,0.19208004466
140,15,0.149545972842,0.172127409738
141,15,0.105554551693,0.143884728815
142,15,0.188656963369,0.238707288632
143,15,0.137007154605,0.199888435913
144,15,0.115393207377,0.146194818624
145,15,0.10954984467,0.137762074614
146,15,0.138205852805,0.16915665264
147,15,0.159457506918,0.200087733191
148,15,0.13618388372,0.177710274716
149,15,0.15128149441,0.184117773135
150,15,0.147259214376,0.184957535114
151,15,0.129156717809,0.158958130655
152,15,0.0939651385704,0.119410771024
153,15,0.16175945064,0.212663244812
154,15,0.15715130168,0.245752520519
155,15,0.265055255731,0.345676125141
156,15,0.111513516552,0.143652553116
157,15,0.207442993619,0.245225207208
158,15,0.147812144015,0.194827128187
159,15,0.157667882251,0.190832591478
160,15,0.155885035947,0.195584244513
161,15,0.111641539299,0.148913106477
162,15,0.166242468842,0.197896539094
163,15,0.0972291025359,0.116729437742
164,15,0.0744680741556,0.0991565315393
165,15,0.125787017634,0.165592312025
166,15,0.111860573228,0.149214234572
167,15,0.10800637453,0.12805069461
168,15,0.101948213668,0.130256705263
169,15,0.122467961691,0.14939077369
170,15,0.0836138436311,0.111730068232
171,15,0.179423428097,0.216043074454
172,15,0.240769492923,0.286443451911
173,15,0.141678023907,0.170001085124
174,15,0.15004960252,0.195790082081
175,15,0.0828257499996,0.105828016747
176,15,0.0896145977828,0.112305009511
177,15,0.0778901771985,0.0934684345822
178,15,0.10719308303,0.133105196398
179,15,0.0858080497345,0.107044732984
180,15,0.0866565750082,0.109354965319
181,15,0.0830297532278,0.107497830528
182,15,0.124862395676,0.158221570111
183,15,0.114461704739,0.147527423095
184,15,0.0789684520828,0.0981609696326
185,15,0.0825863348143,0.10697671703
186,15,0.0799798750599,0.0986474717942
187,15,0.0944662050289,0.129890766786
188,15,0.0974667064023,0.125259723302
189,15,0.151822665515,0.179260791551
190,15,0.104668601642,0.136402903335
191,15,0.212032701115,0.262742699749
192,15,0.124199084489,0.165767424763
193,15,0.163620536915,0.184847414183
194,15,0.126885229169,0.15563420144
195,15,0.097406879446,0.118150436852
196,15,0.156721045811,0.196752278724
197,15,0.229306282454,0.288946764796
198,15,0.182432326954,0.296287476756
199,15,0.220301214835,0.25820812676
200,15,0.23458905281,0.31913994348
201,15,0.504256832197,0.635263629057
202,15,0.36510965376,0.432405626727
203,15,0.368764861524,0.47249300176
204,15,0.533553052621,0.648963813109
205,15,0.33560625505,0.410477657024
206,15,0.392951752199,0.496275197146
207,15,0.380688227394,0.473013339649
208,15,0.423396143505,0.535838841159
209,15,0.488391058741,0.604212535769
210,15,0.578765466457,0.727826229035
211,15,1.02163808377,1.26430557491
212,15,0.582693751386,0.659832410769
213,15,0.632011686205,0.771187613724
214,15,0.797109847491,1.09078310231
215,15,0.726566918087,0.980414702549
216,15,0.613236938444,0.737012629256
217,15,0.461622640456,0.598599955476
218,15,0.285714432167,0.335912807437
219,15,0.255167708662,0.327732207125
220,15,0.17714895218,0.227651661006
221,15,0.221256867275,0.307959097442
222,15,0.168886453464,0.227471075034
223,15,0.11266733501,0.146484303597
224,15,0.146827688055,0.196621012937
225,15,0.139468778543,0.166867441669
226,15,0.166514253313,0.212329711368
227,15,0.159172732399,0.20600732103
228,15,0.313449387897,0.413404125112
229,15,0.654743686738,0.86120706087
230,15,0.49735570737,0.626917437192
231,15,0.31533391948,0.394963868753
232,15,0.664013945579,0.817268112457
233,15,0.578317784669,0.731750372654
234,15,0.760381938562,0.966571421406
235,15,0.485072322451,0.616798206268
236,15,0.534433623548,0.66747359836
237,15,0.359499451336,0.44482239854
238,15,0.463777934683,0.561975861995
239,15,0.424096723338,0.523392581139
240,15,0.208550665077,0.27792113516
241,15,0.225098593101,0.275745195767
242,15,0.317925057816,0.410339707762
243,15,0.517687444863,0.671937168928
244,15,0.578034762238,0.726096778648
245,15,0.917885523099,1.20270996749
246,15,0.356538622363,0.443091368872
247,15,0.386133364593,0.558910211491
248,15,0.335568522556,0.439638776986
249,15,0.278601293811,0.342085474774
250,15,0.250391114757,0.321182277704
251,15,0.304786850067,0.374530225321
252,15,0.178028619418,0.238374153822
253,15,0.350783840524,0.40245241967
254,15,0.161745619839,0.21373460077
255,15,0.113179752552,0.150388997044
256,15,0.131231602867,0.171372801821
257,15,0.152560542718,0.186663070392
258,15,0.158686642663,0.191515930206
259,15,0.142827367826,0.176061839307
260,15,0.17680034587,0.22049098378
261,15,0.206366436151,0.269969626936
262,15,0.18628090972,0.23566870589
263,15,0.196477408822,0.263190832833
264,15,0.302943286223,0.429903875947
265,15,0.350813289567,0.437293128446
266,15,0.295484262791,0.370348515328
267,15,0.303215382405,0.360730026494
268,15,0.365021211492,0.474747729438
269,15,0.229358320356,0.287997056866
270,15,0.272378427936,0.342007714821
271,15,0.235054761294,0.284234653815
272,15,0.147405328505,0.179706419058
273,15,0.135629445392,0.182136183434
274,15,0.134032531201,0.175017939813
275,15,0.216587174828,0.269649819402
276,15,0.386735293939,0.470944940624
277,15,0.150772008899,0.199319643275
278,15,0.143215949528,0.202279631831
279,15,0.150476695823,0.198834208545
280,15,0.18604237458,0.244828456791
281,15,0.164984877544,0.217760779433
282,15,0.211427754694,0.237074342936
283,15,0.17127886901,0.207564003863
284,15,0.159958383419,0.183531995998
285,15,0.130777847653,0.162778717847
286,15,0.165751920379,0.200319359537
287,15,0.151801970523,0.207088556324
288,15,0.134133774593,0.175271678198
289,15,0.15985370405,0.203694475696
290,15,0.195501337996,0.256112326408
291,15,0.164778538069,0.193995815281
292,15,0.0954176551564,0.111733545438
293,15,0.224177584792,0.26316771309
294,15,0.129292371617,0.170994253924
295,15,0.134396714425,0.17226644023
296,15,0.094173965723,0.113263371938
297,15,0.136951360704,0.164822952998
298,15,0.122635916373,0.151626137941
299,15,0.133166623064,0.176930769747
300,15,0.125241221512,0.157818850975
301,15,0.195226702355,0.237939983781
302,15,0.152311823805,0.177956146188
303,15,0.119884719612,0.15215012082
304,15,0.157110506767,0.211712332756
305,15,0.131887823492,0.16585135273
306,15,0.131247273367,0.177336798823
307,15,0.101157770721,0.135145676019
308,15,0.117241352958,0.144485718795
309,15,0.217629493923,0.286701497215
310,15,0.126474700848,0.159774094719
311,15,0.230475376886,0.280720686781
312,15,0.364051299299,0.4415208653
313,15,0.500046471011,0.649695589475
314,15,0.30398892143,0.384659054222
315,15,0.192255570131,0.232376751901
316,15,0.23577990351,0.304613568005
317,15,0.318997731031,0.411222870254
318,15,0.165648757528,0.209697244598
319,15,0.226271925284,0.288176855748
320,15,0.14353694841,0.189655251609
321,15,0.094757903468,0.119987588835
322,15,0.131511260971,0.175017030269
323,15,0.167032895993,0.232296943536
324,15,0.153895750074,0.189666557839
325,15,0.186141134965,0.23648532821
326,15,0.203953144,0.250797947205
327,15,0.383010025575,0.481074953671
328,15,0.263826981918,0.325524538489
329,15,0.139213584936,0.18876551038
330,15,0.142998459469,0.169777837806
331,15,0.148438017216,0.183846847635
332,15,0.39783958885,0.472410036596
333,15,0.330474902782,0.387771432703
334,15,0.418094238765,0.595167654911
335,15,0.387829293149,0.495195012946
