cycle,count,mae,rmse
50,5,0.184125107018,0.218620663724
51,5,0.12351748472,0.151120308316
52,5,0.0925153392644,0.11790869717
53,5,0.297984577478,0.329273591494
54,5,0.117493680567,0.136854848837
55,5,0.160934441889,0.195799357565
56,5,0.101147634033,0.128224557811
57,5,0.161179664834,0.186840216085
58,5,0.208719741959,0.26956021793
59,5,0.160994939301,0.225850925937
60,5,0.26849356708,0.29458744466
61,5,0.0990900584649,0.129868153615
62,5,0.122889734116,0.146608719871
63,5,0.158078381383,0.201731641714
64,5,0.256674494499,0.318188782666
65,5,0.192080194475,0.240106168008
66,5,0.341086539778,0.473526931463
67,5,0.487880319365,0.551887298899
68,5,0.251254596797,0.284452446239
69,5,0.155769031577,0.191142159197
70,5,0.334320961639,0.425424114587
71,5,0.181332745425,0.244027864994
72,5,0.159171792154,0.197105427489
73,5,0.410538303319,0.586196280463
74,5,0.0930336439798,0.11380619088
75,5,0.1092140087,0.138341920057
76,5,0.144762140363,0.18312856061
77,5,0.152581402072,0.204110917789
78,5,0.1576963001,0.19273143802
79,5,0.0889242769566,0.112575435915
80,5,0.180805212275,0.201122290288
81,5,0.114135926503,0.141422437922
82,5,0.131249564841,0.161357468243
83,5,0.3754249589,0.432432905513
84,5,0.208722941913,0.249441317051
85,5,0.0980304247042,0.123912609399
86,5,0.197337432256,0.226609900008
87,5,0.132954519087,0.172748344635
88,5,0.351729025158,0.396081987527
89,5,0.134546320049,0.165339749803
90,5,0.237077749062,0.304403757103
91,5,0.156006665896,0.196040206801
92,5,0.130025642742,0.160997374957
93,5,0.195166241955,0.254012958081
94,5,0.108661706301,0.136125313038
95,5,0.174756492992,0.231117659682
96,5,0.355193969186,0.413134616875
97,5,0.100446030755,0.122577698245
98,5,0.117296441431,0.140478846882
99,5,0.12288309584,0.15311636313
100,5,0.227621588707,0.267565485223
101,5,0.154732812163,0.190069375916
102,5,0.148763669643,0.178414602339
103,5,0.178145396417,0.209132858088
104,5,0.164643453356,0.200888963785
105,5,0.176782704445,0.225763983204
106,5,0.185215485027,0.229000652451
107,5,0.134139002638,0.162881568387
108,5,0.151527625925,0.203558738645
109,5,0.149892599162,0.197153666751
110,5,0.184784874807,0.26220657591
111,5,0.199611875512,0.250289726388
112,5,0.155386344782,0.194327196945
113,5,0.255560855582,0.293966817231
114,5,0.306520249395,0.375442014319
115,5,0.187322429735,0.263936757946
116,5,0.13292736843,0.162535165903
117,5,0.150202319208,0.191142287217
118,5,0.247158419499,0.307368506456
119,5,0.333495973087,0.457334542517
120,5,0.67107390366,0.870827409572
121,5,0.59141962837,0.735174306105
122,5,0.671167291554,0.855242897589
123,5,0.57153286228,0.696116375589
124,5,0.415323375721,0.522146748342
125,5,0.511020824555,0.607136167417
126,5,0.436429410732,0.604115912571
127,5,0.497789836577,0.720432260612
128,5,0.206869521942,0.261711174781
129,5,0.193467330318,0.266420889138
130,5,0.137293394348,0.16645410613
131,5,0.209892535408,0.249300135688
132,5,0.292518526981,0.380025234708
133,5,0.434484857744,0.530371491603
134,5,0.504782784721,0.572937293539
135,5,0.484921729659,0.627530158477
136,5,0.294492930107,0.356088788846
137,5,0.378092681129,0.461778027471
138,5,0.289071489401,0.358536381232
139,5,0.254271863134,0.290757534753
140,5,0.114661483894,0.135190183812
141,5,0.131995588314,0.163515714039
142,5,0.173543985386,0.226062638432
143,5,0.177983420414,0.246196457359
144,5,0.115757409855,0.145889988945
145,5,0.154867261065,0.19060873757
146,5,0.165761324414,0.215310851788
147,5,0.114742284149,0.141668718983
148,5,0.178730676125,0.223591664256
149,5,0.115106733667,0.151078955721
150,5,0.0925748715383,0.120513256949
151,5,0.168982565684,0.203307249302
152,5,0.120273246184,0.145146177662
153,5,0.170451749875,0.211575361867
154,5,0.181640016108,0.266353098834
155,5,0.214573797746,0.288664049117
156,5,0.144883820737,0.17943087581
157,5,0.24308510909,0.30921045548
158,5,0.172426437894,0.246846076756
159,5,0.127695154205,0.155697691285
160,5,0.156459353251,0.194586221888
161,5,0.117440024382,0.152557930222
162,5,0.141013775614,0.175839744787
163,5,0.102291385698,0.126727915546
164,5,0.0998629195324,0.123908928955
165,5,0.10991939467,0.14970366273
166,5,0.148734421131,0.185262099226
167,5,0.0838327653479,0.108719612297
168,5,0.155629086885,0.186663342872
169,5,0.110123841891,0.141858705227
170,5,0.100722525691,0.126121243463
171,5,0.122981321141,0.146247552713
172,5,0.131595516468,0.162345574029
173,5,0.164993300247,0.198202613167
174,5,0.112183288004,0.137119540604
175,5,0.153516707093,0.195232611086
176,5,0.166528183925,0.218255240538
177,5,0.195377039643,0.234240037128
178,5,0.12970136357,0.157338373267
179,5,0.0928711627699,0.115299243763
180,5,0.0656691210886,0.0825013283232
181,5,0.116834301429,0.133976912284
182,5,0.0853391758091,0.111012096002
183,5,0.105045296451,0.125620946659
184,5,0.101232957572,0.126678538993
185,5,0.0719932036668,0.0917520549213
186,5,0.0746453660157,0.0915867062219
187,5,0.14929383126,0.175704690931
188,5,0.133214234532,0.159583102773
189,5,0.115632802859,0.141198974871
190,5,0.0912761144759,0.131667590272
191,5,0.141617076298,0.18203083089
192,5,0.140519297182,0.18358875753
193,5,0.0905369645626,0.132388379743
194,5,0.110918678703,0.137339219462
195,5,0.161966753344,0.19699642856
196,5,0.120330136976,0.168457392225
197,5,0.293149086183,0.344812200895
198,5,0.233513474789,0.33315804409
199,5,0.32904058925,0.386306086236
200,5,0.258492809853,0.329931465277
201,5,0.424831378025,0.506988011173
202,5,0.603630308628,0.768117407132
203,5,0.595938140552,0.770157754926
204,5,0.637857884729,0.729929569262
205,5,0.598657735738,0.714595800774
206,5,0.548503592279,0.714320287181
207,5,0.398021160248,0.500461177198
208,5,0.863646381426,1.04861502161
209,5,0.526403095846,0.652270998224
210,5,0.604988255452,0.713814592187
211,5,1.02845819704,1.23572360189
212,5,0.427195794388,0.508181318196
213,5,0.859032639957,1.05485664182
214,5,0.730654603141,1.04453624768
215,5,0.544052848897,0.805825577211
216,5,0.584944952385,0.748827147625
217,5,0.404768232441,0.474313593764
218,5,0.322058503815,0.413907700838
219,5,0.255250571911,0.352124663444
220,5,0.168806054543,0.218486022269
221,5,0.359302178407,0.463830354231
222,5,0.353249693312,0.424825081173
223,5,0.189970640514,0.248567765932
224,5,0.207351528043,0.265166099879
225,5,0.165663612527,0.208342169604
226,5,0.175865862167,0.215730218454
227,5,0.195822678751,0.251592924954
228,5,0.362445541593,0.447179668313
229,5,0.689361718588,0.835769972581
230,5,0.803569437924,0.973139928637
231,5,0.617043876059,0.771792023202
232,5,0.738634614949,0.893733311279
233,5,0.790757563163,1.04469160409
234,5,0.728218163354,0.874347120436
235,5,0.780335109102,0.973372403862
236,5,0.826831866948,0.927385207892
237,5,0.472216867019,0.554412268454
238,5,0.566811122553,0.770723130365
239,5,0.39476188276,0.480216931161
240,5,0.3607444751,0.477299328071
241,5,0.446832166546,0.531316229167
242,5,0.552450985774,0.666455562428
243,5,0.630853660628,0.766170474425
244,5,0.879034498783,1.1908798545
245,5,0.680533172812,0.805836128448
246,5,0.644526759955,0.796694302057
247,5,0.739058396382,0.865270964889
248,5,0.748583612565,0.861621487324
249,5,0.395990840806,0.477221941351
250,5,0.446167091386,0.539366057009
251,5,0.402648214866,0.503564676353
252,5,0.328683007288,0.387795660152
253,5,0.348926087337,0.386405853767
254,5,0.150857051147,0.19161198988
255,5,0.128124744085,0.16168852593
256,5,0.0992607221081,0.127440348038
257,5,0.183245310013,0.261152439716
258,5,0.134701195174,0.168484869966
259,5,0.162920541541,0.206420248261
260,5,0.254776473121,0.317895251443
261,5,0.282531537218,0.343570298608
262,5,0.231817614004,0.289053558943
263,5,0.256394070184,0.345398306561
264,5,0.566114849994,0.752869428301
265,5,0.367428493746,0.449523351783
266,5,0.315636363353,0.404631261471
267,5,0.352076623825,0.447675618832
268,5,0.285025819569,0.342304671484
269,5,0.221285288942,0.283893512748
270,5,0.270431175629,0.350977860871
271,5,0.146135509347,0.182968639087
272,5,0.209176979794,0.254930902233
273,5,0.105832992958,0.133261123584
274,5,0.201105171981,0.244008859914
275,5,0.189830617199,0.23841571852
276,5,0.35739077187,0.471949506485
277,5,0.132844998479,0.177025756384
278,5,0.19903554685,0.264596522262
279,5,0.154592750102,0.191563956256
280,5,0.152811933303,0.207285158635
281,5,0.232673639297,0.313050325905
282,5,0.297585340649,0.346210715483
283,5,0.217383786533,0.257129091701
284,5,0.224444206963,0.257772682441
285,5,0.135589750988,0.181400651637
286,5,0.128573583753,0.165762018485
287,5,0.216106918007,0.278200810356
288,5,0.112191980244,0.138825142181
289,5,0.305336053226,0.37632293122
290,5,0.138277146649,0.185299854419
291,5,0.194386416094,0.234789151344
292,5,0.184124199782,0.213418682931
293,5,0.113986357615,0.136627024396
294,5,0.113461432742,0.156334415493
295,5,0.131493020232,0.176813328433
296,5,0.129715969908,0.161161936811
297,5,0.177997579492,0.218564556384
298,5,0.183356844116,0.234634725717
299,5,0.185688530342,0.237550930395
300,5,0.154820232067,0.19296127589
301,5,0.160900362336,0.207825205697
302,5,0.170252792754,0.209219087914
303,5,0.137826935981,0.172377507996
304,5,0.0987188975846,0.119700336182
305,5,0.19328889082,0.262369885977
306,5,0.19758033636,0.249597952877
307,5,0.173769748201,0.214465732534
308,5,0.213176039091,0.266238455939
309,5,0.238985884702,0.308697959015
310,5,0.152984617755,0.189292342815
311,5,0.423395419185,0.543490900044
312,5,0.355172300873,0.439103276977
313,5,0.536427453335,0.680207796559
314,5,0.404899135635,0.518527137494
315,5,0.255344218287,0.318121477496
316,5,0.199794961837,0.258423112247
317,5,0.393206290234,0.4705847076
318,5,0.151420689289,0.195487245715
319,5,0.25254724305,0.340495612836
320,5,0.158945815004,0.221127859971
321,5,0.276710949532,0.317246208771
322,5,0.165419871268,0.231724945493
323,5,0.311585404329,0.392369421968
324,5,0.211484295995,0.27552415191
325,5,0.239914662883,0.303147193153
326,5,0.168109341358,0.224545612404
327,5,0.452329270635,0.568484550711
328,5,0.300567948633,0.368406707611
329,5,0.258397807773,0.351314798256
330,5,0.161492109363,0.192932864265
331,5,0.196976315081,0.249272478485
332,5,0.629742670301,0.719320317074
333,5,0.510386655024,0.622070550912
334,5,0.629332444492,0.827127428684
335,5,0.471956103863,0.582859066814
