cycle,count,mae,rmse
50,10,0.122637022309,0.146310787859
51,10,0.11797178459,0.149889794679
52,10,0.108805240227,0.132096386379
53,10,0.148859651997,0.181826952249
54,10,0.108021004459,0.133481954506
55,10,0.1005766043,0.126279703751
56,10,0.0799702090875,0.108338850215
57,10,0.0942824625885,0.119937273172
58,10,0.198765159551,0.249551829576
59,10,0.164586208073,0.213881449209
60,10,0.124982591514,0.152567718422
61,10,0.100065137138,0.123010733843
62,10,0.134716044986,0.159937779718
63,10,0.153488713519,0.191061598008
64,10,0.227266745497,0.277771413673
65,10,0.225499116257,0.272945203019
66,10,0.323549132641,0.405539776438
67,10,0.600983716858,0.686733506633
68,10,0.129211105012,0.162994629677
69,10,0.193649423163,0.251364201011
70,10,0.324788853604,0.411904765902
71,10,0.276863656388,0.341563850856
72,10,0.221455329683,0.266185020564
73,10,0.403233333401,0.563659539357
74,10,0.119382828061,0.159359931428
75,10,0.0843989085245,0.101498990923
76,10,0.116674931665,0.145476128407
77,10,0.12822753921,0.179084692184
78,10,0.138736360478,0.178141304757
79,10,0.104348981993,0.131856250689
80,10,0.182309818605,0.226975639726
81,10,0.131286366967,0.157747369583
82,10,0.183833058093,0.22382824475
83,10,0.164543509881,0.225877669705
84,10,0.112119292491,0.138102573826
85,10,0.106702883561,0.125895921724
86,10,0.116572772306,0.145629418363
87,10,0.165486845576,0.211612640034
88,10,0.205612541843,0.283243531326
89,10,0.120981039997,0.151482735725
90,10,0.22774894889,0.284867477968
91,10,0.134965293417,0.18004302854
92,10,0.167138083998,0.197199323819
93,10,0.134189563462,0.172064010495
94,10,0.106477625241,0.128711696429
95,10,0.119889792737,0.154549452589
96,10,0.25807406233,0.317342482527
97,10,0.162033134704,0.189364812064
98,10,0.0863055675536,0.110268648057
99,10,0.121763987916,0.150022976318
100,10,0.150260094329,0.189901320825
101,10,0.179841281653,0.210894962914
102,10,0.11400192507,0.142441319784
103,10,0.128573319431,0.152611441954
104,10,0.10073774381,0.124565652058
105,10,0.141796931701,0.174082657695
106,10,0.126859677042,0.155102884886
107,10,0.146845684524,0.183846607508
108,10,0.190665626275,0.228219914487
109,10,0.14713293385,0.188613551508
110,10,0.255420557664,0.344038383712
111,10,0.137906545577,0.170374327907
112,10,0.156993488968,0.199046598688
113,10,0.17973129254,0.216470166679
114,10,0.150625928332,0.211442890528
115,10,0.10677479986,0.133890298612
116,10,0.197967244998,0.249281394265
117,10,0.177713609588,0.210805107135
118,10,0.183216081767,0.226201919651
119,10,0.302276857842,0.352860730526
120,10,0.742117858786,0.959559338773
121,10,0.637802733812,0.75971766978
122,10,0.696604133741,0.894341711914
123,10,0.689905004312,0.837189949286
124,10,0.483161093457,0.586669808571
125,10,0.601819598183,0.730106935137
126,10,0.421801527797,0.593298915877
127,10,0.480736111531,0.664508029533
128,10,0.174623179948,0.218794812956
129,10,0.179418038989,0.241166862649
130,10,0.129656386158,0.17243796842
131,10,0.14622284292,0.19112936101
132,10,0.377927948487,0.463978831772
133,10,0.382187641642,0.483400367349
134,10,0.334751820819,0.428900892733
135,10,0.363730950149,0.438972805216
136,10,0.270150101149,0.313774269473
137,10,0.345323148072,0.41999188023
138,10,0.21732689811,0.284842223575
139,10,0.164550825101,0.218144061132
140,10,0.217616343061,0.266601622091
141,10,0.115186251291,0.141895067525
142,10,0.135601605532,0.177534038708
143,10,0.172292210281,0.233246915697
144,10,0.0931902649519,0.12120397308
145,10,0.118230673742,0.149090326166
146,10,0.0966229766364,0.114217233765
147,10,0.131595445333,0.157126579619
148,10,0.179157577505,0.22137306137
149,10,0.0801521586274,0.105595036606
150,10,0.151816138679,0.189675061381
151,10,0.152295739424,0.19043282392
152,10,0.163966736161,0.197736204003
153,10,0.200770086096,0.24938136069
154,10,0.28295334512,0.371394149696
155,10,0.240624754578,0.309568216192
156,10,0.121327858235,0.159735011969
157,10,0.208104235296,0.246460888618
158,10,0.204390107462,0.244201339452
159,10,0.122225823361,0.151090964921
160,10,0.136639831716,0.17446353284
161,10,0.136173702858,0.177663987527
162,10,0.122533333052,0.145141087591
163,10,0.0913774554195,0.116078153053
164,10,0.0837260644047,0.104503906509
165,10,0.110898131178,0.157592387103
166,10,0.0860854106163,0.123104551061
167,10,0.117802775243,0.149181837861
168,10,0.112807708227,0.148106909081
169,10,0.135028956879,0.163349636402
170,10,0.214094349957,0.270124472322
171,10,0.133800780637,0.158114305386
172,10,0.147303262565,0.175584959694
173,10,0.219726249776,0.260108175675
174,10,0.234581210181,0.286603841531
175,10,0.152135072257,0.182395560211
176,10,0.11667527845,0.145136948636
177,10,0.112975745973,0.136756470606
178,10,0.164949652252,0.218064609252
179,10,0.130506557367,0.162116345367
180,10,0.110866965285,0.130598446787
181,10,0.11272475009,0.135410192605
182,10,0.095925718549,0.117120920229
183,10,0.0821024583871,0.099218113835
184,10,0.0669797536697,0.0829337126199
185,10,0.0812107704142,0.103229890324
186,10,0.100468533081,0.126385465098
187,10,0.150056529237,0.185213064368
188,10,0.165699201818,0.190355303836
189,10,0.112491597723,0.139974537766
190,10,0.236464770934,0.287066816634
191,10,0.15546598427,0.231197104121
192,10,0.13206036298,0.170604590025
193,10,0.0989845343889,0.136634143976
194,10,0.123061508454,0.153123253812
195,10,0.0807821856924,0.1010253583
196,10,0.159968422035,0.192485107975
197,10,0.236857424334,0.306918401287
198,10,0.220929747645,0.278895613044
199,10,0.210986029357,0.258274222313
200,10,0.223806644408,0.285861989845
201,10,0.391042632358,0.470174425084
202,10,0.482895699401,0.590444923874
203,10,0.352210728153,0.427188455315
204,10,0.525745252226,0.659721365091
205,10,0.637076328486,0.73170204793
206,10,0.508200617788,0.621206013028
207,10,0.46416216975,0.555456770091
208,10,0.661148504662,0.804427219722
209,10,0.410015245903,0.48900179211
210,10,0.440992955027,0.580658617316
211,10,1.16809347246,1.38909720517
212,10,0.559951300122,0.663077573599
213,10,0.559296899663,0.694880236505
214,10,1.46602795354,1.87217330235
215,10,0.618509443219,0.830574739517
216,10,0.611860845258,0.761192720927
217,10,0.435814998926,0.546674539804
218,10,0.321003211094,0.400978327722
219,10,0.32137351351,0.413189672919
220,10,0.235284893004,0.29965123234
221,10,0.314882979625,0.378661048053
222,10,0.267616943898,0.345078894985
223,10,0.148733069005,0.185502228317
224,10,0.157509208872,0.181768582968
225,10,0.144349510058,0.178281728403
226,10,0.15968866468,0.191790226718
227,10,0.209569985343,0.277780298846
228,10,0.308010966115,0.389085117867
229,10,0.652802071885,0.851619771206
230,10,0.649020987632,0.84555348108
231,10,0.325689797264,0.407901549281
232,10,1.07382062954,1.26655570232
233,10,0.860334088157,1.04963539702
234,10,0.46106506228,0.581792444073
235,10,0.555726705913,0.721931711027
236,10,0.465458870808,0.553994079563
237,10,0.362210406036,0.460314293466
238,10,0.386799199591,0.472509774829
239,10,0.367404373669,0.488417970867
240,10,0.254288822443,0.326160266149
241,10,0.246262915346,0.30791595944
242,10,0.486322451036,0.590918868763
243,10,0.665926684965,0.872519597163
244,10,0.688451315752,0.842275658125
245,10,0.532036172865,0.695052991035
246,10,0.580106640017,0.740541410241
247,10,0.405005293702,0.518724122563
248,10,0.326896555908,0.411337390045
249,10,0.350298447032,0.439246629773
250,10,0.271076090991,0.332757986549
251,10,0.26171275037,0.322587168629
252,10,0.178195655967,0.240739279476
253,10,0.332141303649,0.4073494684
254,10,0.140261128156,0.182990366123
255,10,0.189905607439,0.243358427399
256,10,0.0969553515767,0.127276718813
257,10,0.164518853324,0.199113790319
258,10,0.21017011669,0.248479895347
259,10,0.190723231071,0.229210528319
260,10,0.204246468627,0.250842432894
261,10,0.188069173446,0.254055590466
262,10,0.217416035102,0.29235230767
263,10,0.24889188939,0.342827802618
264,10,0.297692931852,0.408966925736
265,10,0.427876291583,0.548799650821
266,10,0.307528233776,0.373584607205
267,10,0.264980908534,0.346853203386
268,10,0.280664630517,0.328796018123
269,10,0.244281785864,0.317466874738
270,10,0.182816421954,0.226692808449
271,10,0.183801517026,0.224755718465
272,10,0.176901953389,0.215553397119
273,10,0.121053737099,0.148794652493
274,10,0.25604130562,0.317628744632
275,10,0.157781322083,0.209014393688
276,10,0.647009258922,0.786103427595
277,10,0.153119572131,0.200454378097
278,10,0.138194095311,0.183883499107
279,10,0.132300213236,0.177029518187
280,10,0.242322399725,0.302596248977
281,10,0.192956889045,0.269803103954
282,10,0.178420580502,0.226238267675
283,10,0.159234356693,0.199306509366
284,10,0.163756820124,0.188140192213
285,10,0.102719647151,0.129165538151
286,10,0.151606926541,0.184429634719
287,10,0.138295123789,0.18023952575
288,10,0.194503669868,0.248261900263
289,10,0.164851900369,0.213156403672
290,10,0.201494500886,0.254107340125
291,10,0.168297911827,0.217767058906
292,10,0.0937075135039,0.10843024796
293,10,0.108883421889,0.137047581267
294,10,0.125529264577,0.170099814807
295,10,0.14096642511,0.176290300137
296,10,0.148973768532,0.189284139145
297,10,0.197622157735,0.23520369326
298,10,0.140656703994,0.175866450098
299,10,0.111558946451,0.153673708904
300,10,0.128748873534,0.173954242959
301,10,0.168271581333,0.199886165428
302,10,0.145143082145,0.179624517091
303,10,0.142968713858,0.164633963723
304,10,0.168020755836,0.20296181682
305,10,0.184721384576,0.248503331656
306,10,0.176932029531,0.237560646738
307,10,0.190774528781,0.251689120371
308,10,0.1265202653,0.157788624887
309,10,0.226645744788,0.283104983163
310,10,0.139238538887,0.175306199393
311,10,0.246558753174,0.301145889324
312,10,0.341690644414,0.452874951293
313,10,0.487358190106,0.632679951005
314,10,0.394018754535,0.480599236655
315,10,0.290597071196,0.36010798315
316,10,0.231621876935,0.314784871163
317,10,0.371045324519,0.465586929168
318,10,0.263637160532,0.320309580294
319,10,0.283215748726,0.36974077363
320,10,0.20395605553,0.245072550685
321,10,0.158869201878,0.205251486131
322,10,0.121051791614,0.157837516477
323,10,0.194984408987,0.248109748824
324,10,0.177990257045,0.206781484696
325,10,0.218827475747,0.30489729864
326,10,0.262920845963,0.334663136922
327,10,0.766979153926,0.952849135927
328,10,0.312525158332,0.377709180145
329,10,0.208387116522,0.260461173728
330,10,0.158584775085,0.190759465528
331,10,0.164570575574,0.219075551434
332,10,0.45326458307,0.562092734475
333,10,0.416000834925,0.476145619512
334,10,0.650624411863,0.836856851637
335,10,0.692736921644,0.828184863339
