cycle,count,mae,rmse
50,5,0.179335891506,0.207606843567
51,5,0.15282904604,0.185234217282
52,5,0.149858083306,0.183237123836
53,5,0.1068593415,0.137321147612
54,5,0.08754571549,0.108370183139
55,5,0.119167577853,0.147147543654
56,5,0.0948531115248,0.127629889446
57,5,0.149903347338,0.179539585193
58,5,0.165422177324,0.215398756819
59,5,0.135688724361,0.160386989771
60,5,0.106374383039,0.130663247728
61,5,0.171287802305,0.204344088697
62,5,0.254013977017,0.287528093213
63,5,0.159462587717,0.204818560715
64,5,0.278553637258,0.341681906857
65,5,0.236927954905,0.298897710787
66,5,0.289783346444,0.366263004982
67,5,0.525636139718,0.635537752068
68,5,0.186235946129,0.218943203975
69,5,0.255895983623,0.327221141504
70,5,0.317751501472,0.452114117328
71,5,0.186542232391,0.222278729036
72,5,0.162454471794,0.204526606061
73,5,0.501141179306,0.568144203052
74,5,0.14896619904,0.182809634601
75,5,0.106547929971,0.13619901678
76,5,0.237593692735,0.282312408396
77,5,0.181346044773,0.236635581549
78,5,0.131210871496,0.167930106039
79,5,0.130916485888,0.170102743939
80,5,0.0799212888496,0.101651199361
81,5,0.135823212846,0.162760140119
82,5,0.140588487727,0.182132349384
83,5,0.263974157925,0.319275625974
84,5,0.194968203786,0.238118214002
85,5,0.15173973232,0.18722246436
86,5,0.151546746833,0.183378813086
87,5,0.120192227203,0.142396554817
88,5,0.220047912464,0.249394421889
89,5,0.1991595941,0.241886682732
90,5,0.253223253288,0.320805237136
91,5,0.106278072715,0.13468491464
92,5,0.124203267714,0.160183910915
93,5,0.18922326533,0.222022068218
94,5,0.107576117304,0.126189163823
95,5,0.15618186605,0.201688678941
96,5,0.262393849098,0.32241417938
97,5,0.116543679957,0.145428359199
98,5,0.112916486757,0.133204859051
99,5,0.100856576584,0.123802185568
100,5,0.109774405467,0.135648535708
101,5,0.124457968141,0.16062605128
102,5,0.150383432774,0.198953905106
103,5,0.135463948847,0.177334877044
104,5,0.173309848438,0.208545979872
105,5,0.202305214361,0.243287965432
106,5,0.192379363298,0.240176195336
107,5,0.12411313401,0.144861549277
108,5,0.123499048921,0.157053076704
109,5,0.213406053375,0.263779672615
110,5,0.276131180191,0.339737181807
111,5,0.264963940532,0.32522309978
112,5,0.189820384382,0.232861307888
113,5,0.173363014856,0.22307269148
114,5,0.152978554524,0.208810490262
115,5,0.153056525139,0.18242351567
116,5,0.205843744416,0.245884786446
117,5,0.136930183376,0.187620652401
118,5,0.22918950642,0.282966414092
119,5,0.379018841672,0.524611383541
120,5,0.694893058181,0.870011884299
121,5,0.601561871555,0.696895729124
122,5,0.853702342092,1.02145724702
123,5,0.592237194646,0.773188990552
124,5,0.50700790788,0.618337142619
125,5,0.525662163773,0.635274002608
126,5,0.48395583362,0.638002589379
127,5,0.434969247501,0.597587063052
128,5,0.178655410214,0.226256521381
129,5,0.174173250916,0.237281534981
130,5,0.16434253537,0.207751640524
131,5,0.269501032385,0.312170176665
132,5,0.285523987254,0.37318500908
133,5,0.460229769795,0.585265025487
134,5,0.402765244681,0.524163172683
135,5,0.394947043861,0.451793384624
136,5,0.326179477877,0.384963799886
137,5,0.317801763404,0.365460426855
138,5,0.294444926803,0.367366268092
139,5,0.174534325128,0.206945049023
140,5,0.159301400288,0.187913668483
141,5,0.0965857994575,0.132780892917
142,5,0.118217132901,0.147423861334
143,5,0.205154942675,0.270612963438
144,5,0.149487182476,0.193272387844
145,5,0.101032566006,0.128103612291
146,5,0.134901971578,0.174541635608
147,5,0.117692823705,0.142805197312
148,5,0.10803611284,0.130699845349
149,5,0.107534869742,0.134118847495
150,5,0.0871814038486,0.113210010479
151,5,0.0967674002639,0.122531987888
152,5,0.154697061378,0.195122274746
153,5,0.169193742237,0.206952377986
154,5,0.191127625699,0.276425071667
155,5,0.203100301798,0.294138832557
156,5,0.126903172112,0.155437894633
157,5,0.280106627059,0.341428981646
158,5,0.21187303273,0.243564719345
159,5,0.139611845467,0.164531396585
160,5,0.130171593843,0.170902176279
161,5,0.175400727904,0.204127529062
162,5,0.258800213392,0.294208323876
163,5,0.238935532865,0.277316098225
164,5,0.113467623018,0.144066049848
165,5,0.139395770566,0.186391748734
166,5,0.176507983624,0.210018190805
167,5,0.117399163816,0.1448783513
168,5,0.134354438546,0.1620899281
169,5,0.135426858806,0.164781894202
170,5,0.258942895637,0.316091727319
171,5,0.167399117337,0.20186249205
172,5,0.1475901103,0.175369573455
173,5,0.153320086656,0.186485811671
174,5,0.212863836683,0.276203350632
175,5,0.172118260877,0.208700184246
176,5,0.167026600823,0.205626060991
177,5,0.10645170032,0.134039308936
178,5,0.109198635951,0.134696704774
179,5,0.0906982607717,0.109293762011
180,5,0.142672311868,0.172014383827
181,5,0.0962569894701,0.113491780834
182,5,0.118853544399,0.14430830686
183,5,0.0917051684857,0.106669425336
184,5,0.0861424112755,0.106981840533
185,5,0.0815165129443,0.102418028407
186,5,0.108793847657,0.130879936138
187,5,0.210436905801,0.23413986593
188,5,0.0877614992684,0.116019965223
189,5,0.194439198816,0.236263964335
190,5,0.114796296259,0.156131476426
191,5,0.374606190683,0.40736581845
192,5,0.143688614568,0.174967562489
193,5,0.075624331908,0.120379668118
194,5,0.113433906926,0.138915612611
195,5,0.0915004148429,0.111818112217
196,5,0.19775614768,0.247881656216
197,5,0.27478146786,0.360533611249
198,5,0.209301243288,0.28563623507
199,5,0.175937276828,0.233686070533
200,5,0.185004325121,0.245172412756
201,5,0.562964728846,0.674415856932
202,5,0.510848342252,0.649304375065
203,5,0.565867054234,0.669601788211
204,5,0.422329805558,0.498053611432
205,5,0.426068209471,0.514136612699
206,5,0.64763409902,0.800731280685
207,5,0.591437682991,0.70593969082
208,5,0.507041595799,0.62875197976
209,5,0.509380603205,0.623877588583
210,5,0.613883978111,0.792593859318
211,5,0.853201676109,0.96802726772
212,5,0.415661791959,0.471818611718
213,5,0.601421115915,0.793334196848
214,5,0.862733309108,1.0633646163
215,5,1.22778956533,1.47037913543
216,5,0.55262103268,0.681322229904
217,5,0.3345773101,0.431653398116
218,5,0.285454249813,0.349653019644
219,5,0.264198525737,0.334300910229
220,5,0.272403722935,0.330381885184
221,5,0.39536785926,0.482202723611
222,5,0.226232706385,0.273108773171
223,5,0.090682958407,0.111993717169
224,5,0.203923396415,0.257464833594
225,5,0.138908063222,0.174108162344
226,5,0.191047484301,0.22857078146
227,5,0.235399507138,0.295588642271
228,5,0.360706009808,0.455210117362
229,5,0.539301589641,0.662235247931
230,5,0.734137358569,0.9290903117
231,5,0.642627277178,0.791580306983
232,5,0.868349110938,1.04837718322
233,5,0.792759362712,1.03247299562
234,5,0.627939812187,0.777982839188
235,5,0.817304898258,1.0339328456
236,5,0.392656908421,0.486323531509
237,5,0.291838244793,0.348474221782
238,5,0.628121154815,0.828745936234
239,5,0.467119434301,0.585967858028
240,5,0.331514241649,0.403035356274
241,5,0.268779620242,0.342243726063
242,5,0.449172011041,0.558446685061
243,5,1.10579674108,1.30492502334
244,5,0.846629527101,1.00231004799
245,5,0.9092393504,1.11012991686
246,5,0.774906668838,0.886345920608
247,5,0.394150393282,0.500322839266
248,5,0.369001882581,0.441466444292
249,5,0.369493646606,0.438787219159
250,5,0.611678316971,0.749378968056
251,5,0.405804561802,0.539500687357
252,5,0.204252876154,0.256336617157
253,5,0.345274922052,0.395037969576
254,5,0.226089340425,0.291081065028
255,5,0.103794605979,0.137519162133
256,5,0.116180078365,0.147965484199
257,5,0.136491651844,0.175173733523
258,5,0.19233479986,0.233750781334
259,5,0.249691654887,0.294159160944
260,5,0.285747007522,0.361173649892
261,5,0.304641579542,0.3779053676
262,5,0.293215844896,0.348546537853
263,5,0.224319407083,0.284438766433
264,5,0.446610241612,0.599338162432
265,5,0.410839137443,0.516827008471
266,5,0.304785544373,0.363287902161
267,5,0.276904892092,0.33571219542
268,5,0.285949115247,0.355134118525
269,5,0.203632986716,0.275050378464
270,5,0.24016737327,0.29255960349
271,5,0.192619514695,0.231295997761
272,5,0.176001905372,0.219128995039
273,5,0.124427669068,0.157896037598
274,5,0.288511050732,0.331105300298
275,5,0.193822562756,0.24231928434
276,5,0.392575580013,0.486425667024
277,5,0.168913540396,0.221085300092
278,5,0.161759836377,0.210675636849
279,5,0.199376412243,0.262936646426
280,5,0.213047036268,0.293592252892
281,5,0.185740473074,0.260233374043
282,5,0.256915084762,0.314363926932
283,5,0.266790734718,0.311509774696
284,5,0.204212722408,0.236733764539
285,5,0.162193852023,0.203958536809
286,5,0.163880972041,0.204411238181
287,5,0.272148750758,0.347581289996
288,5,0.258237391365,0.339709264909
289,5,0.215815051266,0.28780317242
290,5,0.147155992432,0.198391613486
291,5,0.158234423397,0.189304880927
292,5,0.214830459131,0.245059383248
293,5,0.0975434984765,0.121723934699
294,5,0.155931244846,0.213157426599
295,5,0.138365514847,0.186381341938
296,5,0.141092364549,0.181721992814
297,5,0.188842487368,0.224464951383
298,5,0.153595036559,0.193981025007
299,5,0.126702109238,0.165122184981
300,5,0.168692570912,0.213298628844
301,5,0.162422031104,0.201790240559
302,5,0.143636145401,0.179289377999
303,5,0.127414584634,0.159393894184
304,5,0.145798413702,0.177307198232
305,5,0.0912819699902,0.123256614902
306,5,0.150433599957,0.185433951407
307,5,0.133126830694,0.178739126914
308,5,0.120704625169,0.142186952077
309,5,0.237369493816,0.309545600133
310,5,0.201161358207,0.250167426605
311,5,0.276230236949,0.330631380162
312,5,0.365590883944,0.456606229227
313,5,0.61777902761,0.82444804555
314,5,0.360083012894,0.437411010803
315,5,0.180193732494,0.21875651673
316,5,0.231147355528,0.300342656761
317,5,0.376260047618,0.469171052129
318,5,0.214190067628,0.262965923045
319,5,0.318143060659,0.388067511904
320,5,0.376560689856,0.456621525947
321,5,0.369954926934,0.453380212528
322,5,0.136796162349,0.180056010929
323,5,0.188778081177,0.267825479503
324,5,0.194923039426,0.247833569667
325,5,0.160915988819,0.220753253117
326,5,0.189669287963,0.240539632558
327,5,0.404701470576,0.495641444564
328,5,0.35075729445,0.438483922707
329,5,0.229564736247,0.299024076916
330,5,0.229897194898,0.281659391041
331,5,0.176445882543,0.232923504176
332,5,0.45113171016,0.569167471645
333,5,0.507703625237,0.643092656327
334,5,0.533267148331,0.646598744824
335,5,0.723109167357,0.880170664372
