cycle,count,mae,rmse
50,10,0.122538499625,0.149572948109
51,10,0.119045093294,0.145141141564
52,10,0.0971165691083,0.123518893798
53,10,0.163388734792,0.193506032686
54,10,0.092481705813,0.110995701832
55,10,0.212110837954,0.236588916687
56,10,0.117587147339,0.143387626368
57,10,0.10926676227,0.136911087539
58,10,0.166207946658,0.202813185081
59,10,0.169832930426,0.207948911911
60,10,0.122443640855,0.145260055506
61,10,0.107089945628,0.132256518206
62,10,0.159846676405,0.191525043268
63,10,0.177236510833,0.219157812739
64,10,0.195597466077,0.236527081309
65,10,0.18082940119,0.23479481826
66,10,0.340832273343,0.448013777667
67,10,0.454075239324,0.556551033402
68,10,0.193217669464,0.22605363506
69,10,0.229332340504,0.267166491431
70,10,0.36790698917,0.484042038711
71,10,0.217779997661,0.267643911095
72,10,0.211810062235,0.258229168848
73,10,0.343349404086,0.468950062979
74,10,0.133473532958,0.173349354476
75,10,0.0983766950403,0.121147968903
76,10,0.186078984874,0.249682174192
77,10,0.185504015934,0.246784288587
78,10,0.139194141881,0.173710893858
79,10,0.132005080931,0.162812718815
80,10,0.0984471036531,0.125616901355
81,10,0.145396450784,0.175027190793
82,10,0.230775003987,0.288945763854
83,10,0.171496118978,0.202662854076
84,10,0.14516940575,0.173134118753
85,10,0.109028169788,0.130315951392
86,10,0.191191089222,0.233921807308
87,10,0.142544849372,0.180011903251
88,10,0.265778877229,0.317081187762
89,10,0.158951266743,0.190692364747
90,10,0.292415399728,0.356838261759
91,10,0.193474303769,0.226371923879
92,10,0.165106591025,0.202785443702
93,10,0.175009086781,0.20554751402
94,10,0.133764772332,0.166428747653
95,10,0.154244084835,0.189390814283
96,10,0.263513242076,0.341666977162
97,10,0.122536276657,0.150233180394
98,10,0.165143331584,0.210762698496
99,10,0.116368350767,0.143817982533
100,10,0.190790151805,0.239052455349
101,10,0.107237701687,0.140767325135
102,10,0.129035780133,0.154886271385
103,10,0.0918282774811,0.114515366544
104,10,0.183962746203,0.224599517403
105,10,0.154747452879,0.187513379853
106,10,0.148755736382,0.183004013715
107,10,0.111782200555,0.141918162323
108,10,0.126691171057,0.163072499075
109,10,0.214710418498,0.266528623663
110,10,0.175157196869,0.260759913505
111,10,0.165695614448,0.213000451633
112,10,0.171942754508,0.234926777461
113,10,0.21223065001,0.247381604347
114,10,0.154796627847,0.193200727017
115,10,0.131960843354,0.166702855759
116,10,0.245266366247,0.326806724102
117,10,0.188245103002,0.225496590765
118,10,0.267364090098,0.316806357067
119,10,0.274759368703,0.334681295232
120,10,0.762075880963,1.02024710668
121,10,0.654446709815,0.877076371303
122,10,0.903090125639,1.13935861715
123,10,0.636406826669,0.808847538598
124,10,0.510460770514,0.629231279644
125,10,0.601195562664,0.7596758361
126,10,0.379785221093,0.551132571665
127,10,0.593280108763,0.808984015768
128,10,0.206972516801,0.266496487953
129,10,0.1648889628,0.238526260014
130,10,0.125674103349,0.159379001339
131,10,0.209463493557,0.268207770586
132,10,0.322358559072,0.390461760699
133,10,0.429243197678,0.527335970534
134,10,0.353901268382,0.453716351957
135,10,0.470202456273,0.55836999244
136,10,0.333181631374,0.410973940508
137,10,0.268841811656,0.323356134004
138,10,0.199457139658,0.2639908251
139,10,0.197142451654,0.233926294005
140,10,0.0875763025734,0.111514899094
141,10,0.13010571671,0.162679104411
142,10,0.194221405653,0.255312680103
143,10,0.1993884286,0.285353079979
144,10,0.108727351542,0.141824124505
145,10,0.105793250686,0.137497644231
146,10,0.0981928272372,0.117951564471
147,10,0.185108725315,0.230801357288
148,10,0.127118457007,0.169679501689
149,10,0.0857147098584,0.10970716719
150,10,0.185633657427,0.247632547855
151,10,0.140239705993,0.173136475003
152,10,0.117092926003,0.142486961596
153,10,0.156252838932,0.202218733027
154,10,0.203200033202,0.291109400959
155,10,0.239493687772,0.307079107879
156,10,0.144545635844,0.183486311868
157,10,0.275467836232,0.328981560289
158,10,0.152368571578,0.197068167989
159,10,0.242006047699,0.303075950924
160,10,0.160932255578,0.220305402869
161,10,0.0993566341136,0.134901577372
162,10,0.121334762807,0.157477887344
163,10,0.139589076941,0.163099086334
164,10,0.170548638164,0.21810522933
165,10,0.155801710353,0.209193774046
166,10,0.132776556645,0.166926518093
167,10,0.230313095153,0.286264858963
168,10,0.142970655098,0.171430374287
169,10,0.119598896441,0.150440369677
170,10,0.177998478693,0.211163363931
171,10,0.115092823661,0.144809106176
172,10,0.108799135593,0.150249657386
173,10,0.198518786204,0.238155064139
174,10,0.17838137063,0.231711767374
175,10,0.147023134541,0.182618907809
176,10,0.152340127821,0.187761911751
177,10,0.147576737868,0.174829562031
178,10,0.157424936999,0.192832271542
179,10,0.123471247233,0.140302277205
180,10,0.0996816097101,0.121984990941
181,10,0.0980243303645,0.120671311212
182,10,0.0794395736026,0.103073716353
183,10,0.120351107464,0.145051126888
184,10,0.109461052292,0.142224047735
185,10,0.10758782257,0.141894832047
186,10,0.157879578953,0.187723271556
187,10,0.165985743019,0.190482150793
188,10,0.221800317675,0.250475972467
189,10,0.0887494878236,0.112566166458
190,10,0.11929450352,0.144101753355
191,10,0.110917279076,0.146400878902
192,10,0.11508815551,0.183642106855
193,10,0.107637515977,0.134316937246
194,10,0.163719121502,0.18891015948
195,10,0.156561753236,0.175666999141
196,10,0.140159698666,0.190862007838
197,10,0.256125312394,0.307477669635
198,10,0.35780520661,0.426388018398
199,10,0.287840091057,0.328418945504
200,10,0.38687128563,0.479212658881
201,10,0.450838132932,0.547503274876
202,10,0.428701290338,0.504263900506
203,10,0.579776168286,0.697569920571
204,10,0.701308934458,0.828933672189
205,10,0.604543115425,0.74659011066
206,10,0.677737906905,0.856234752552
207,10,0.430057647871,0.545521352329
208,10,0.679921610161,0.814265615682
209,10,0.667945713155,0.805335809363
210,10,0.617345086696,0.862241633916
211,10,0.859110700414,1.11363181669
212,10,0.558366136578,0.710859517285
213,10,0.941886128007,1.15065696285
214,10,0.637746956925,0.909391508324
215,10,0.808754919595,0.989035066139
216,10,0.712017295241,0.889695369829
217,10,0.39802653983,0.475183964813
218,10,0.355149273715,0.473311979492
219,10,0.384515808624,0.55010415016
220,10,0.311982856124,0.405900758556
221,10,0.252530851001,0.35756189398
222,10,0.245355093606,0.305890492763
223,10,0.111831528703,0.144968834401
224,10,0.127030156126,0.17641258791
225,10,0.222966146063,0.300518720621
226,10,0.161279145239,0.198324042947
227,10,0.152503469067,0.195678765175
228,10,0.316039880272,0.387428039306
229,10,0.578493557119,0.741360840855
230,10,0.563791407742,0.705630872431
231,10,0.533652429647,0.627576925383
232,10,1.19657248427,1.42093239615
233,10,0.735273733861,0.893814684126
234,10,0.906608826991,1.2212773531
235,10,0.929258227304,1.12654881102
236,10,0.992870294007,1.25775025903
237,10,0.609747140704,0.758805288389
238,10,0.53593228517,0.653478049396
239,10,0.410437659689,0.515794267747
240,10,0.254664952816,0.321304438541
241,10,0.456806364076,0.545158185557
242,10,0.52409331983,0.664636474403
243,10,0.908510943313,1.06223939494
244,10,0.870412954601,1.09728680047
245,10,0.652123217366,0.789903546312
246,10,0.613662989283,0.761709271272
247,10,0.554025522841,0.681877757471
248,10,0.535818674103,0.67482881571
249,10,0.475090631803,0.580130451894
250,10,0.282914485094,0.354769733764
251,10,0.391956559585,0.507094440496
252,10,0.246999524959,0.309502963751
253,10,0.287344603228,0.348449685375
254,10,0.242148408998,0.27842544302
255,10,0.14910439162,0.189586832166
256,10,0.157839820157,0.19940033845
257,10,0.276417326649,0.320530647828
258,10,0.217131011714,0.282124768701
259,10,0.170874392795,0.215933720374
260,10,0.22239024543,0.297056676673
261,10,0.357455326682,0.426561158085
262,10,0.295109312308,0.387275292873
263,10,0.271560716527,0.334012738073
264,10,0.321320991808,0.436588864337
265,10,0.400739730168,0.489021001235
266,10,0.264181942211,0.331534684381
267,10,0.506400439119,0.587230523686
268,10,0.264089375527,0.337526059684
269,10,0.19518702259,0.260788789547
270,10,0.235469388667,0.304568672419
271,10,0.137893752353,0.178479089315
272,10,0.250150730889,0.304773186132
273,10,0.120322283161,0.158662086626
274,10,0.131172985209,0.165092401196
275,10,0.162412234677,0.210549154181
276,10,0.371916912439,0.450373340344
277,10,0.279314427704,0.326161932676
278,10,0.0853470184638,0.109725473984
279,10,0.180418562455,0.257948777781
280,10,0.155873768976,0.21202441862
281,10,0.170976849884,0.235407101629
282,10,0.228757841956,0.278296165032
283,10,0.223303812407,0.268389676659
284,10,0.15279504504,0.187232114749
285,10,0.173121733862,0.243054519182
286,10,0.142726414605,0.187451250116
287,10,0.214970743943,0.274017239304
288,10,0.133925566415,0.170992488087
289,10,0.201818874392,0.240215144939
290,10,0.227910720407,0.288019276355
291,10,0.296736493108,0.362216115748
292,10,0.129103771236,0.15956970259
293,10,0.138626481065,0.176959145435
294,10,0.182573449331,0.241809365441
295,10,0.132270374201,0.176761554604
296,10,0.225366338671,0.289498486854
297,10,0.13582164638,0.170564887061
298,10,0.148349553286,0.183941661948
299,10,0.22629598684,0.263949889869
300,10,0.222232205915,0.311264814589
301,10,0.351448906186,0.431266394009
302,10,0.240460903374,0.299547879445
303,10,0.177004023884,0.22779405685
304,10,0.139664869622,0.189297981955
305,10,0.161961505624,0.232476013247
306,10,0.244492861979,0.313180267394
307,10,0.301798141501,0.367768626803
308,10,0.112583431109,0.139016962967
309,10,0.224173421043,0.283496648091
310,10,0.280545747448,0.344140795093
311,10,0.203839586627,0.255036143353
312,10,0.357862447475,0.445158586356
313,10,0.539411126132,0.683299252556
314,10,0.399915626656,0.516229336174
315,10,0.250115209056,0.309070696848
316,10,0.278532160192,0.355387412163
317,10,0.215744921728,0.28219898805
318,10,0.156471680979,0.191352335859
319,10,0.35236436541,0.407082469811
320,10,0.326649395796,0.380517159124
321,10,0.143447946608,0.18093723572
322,10,0.184389037058,0.256210783518
323,10,0.190861863906,0.249238435912
324,10,0.380794639385,0.468120859545
325,10,0.264758875676,0.353626207913
326,10,0.285710502043,0.353627911213
327,10,0.565135841513,0.738508889909
328,10,0.321856177289,0.413284512721
329,10,0.256957810902,0.318394762217
330,10,0.178217730388,0.221579115118
331,10,0.196251958216,0.245805224275
332,10,0.353801834826,0.440666373974
333,10,0.471821281108,0.565579085508
334,10,0.632758070331,0.846080785319
335,10,1.21824014231,1.56083190253
