cycle,count,mae,rmse
50,5,0.0896784653542,0.111717219737
51,5,0.119495241207,0.145517252686
52,5,0.147316263922,0.17808497339
53,5,0.130416508599,0.164477078146
54,5,0.105486114519,0.14053301359
55,5,0.097628258901,0.118935411429
56,5,0.103727129514,0.12908851498
57,5,0.149612240486,0.177704204327
58,5,0.265522928385,0.302381714579
59,5,0.20745767297,0.242421564114
60,5,0.223330962421,0.249422240928
61,5,0.200345156901,0.230479212072
62,5,0.121907854997,0.151106666928
63,5,0.121939786675,0.166821265722
64,5,0.249397696729,0.310150489736
65,5,0.201611793656,0.258678197609
66,5,0.317005159838,0.417659454035
67,5,0.804729742206,0.924093622583
68,5,0.166025286845,0.204185412024
69,5,0.314162688699,0.357147104283
70,5,0.562199274607,0.687341755687
71,5,0.191867887436,0.233348152916
72,5,0.183530093315,0.21973596114
73,5,0.359796688495,0.467908787624
74,5,0.160756577526,0.197099526615
75,5,0.102823758883,0.122423523723
76,5,0.147201507339,0.181925436995
77,5,0.176051582838,0.228187099264
78,5,0.152755685555,0.195057748201
79,5,0.134834615169,0.158257061656
80,5,0.154295634025,0.179422763456
81,5,0.0976012368374,0.120968877912
82,5,0.181282113911,0.214713154494
83,5,0.275351709024,0.332478367456
84,5,0.102833736317,0.133869351661
85,5,0.222890140573,0.249312814009
86,5,0.16331897132,0.195356460394
87,5,0.117075789134,0.154621126442
88,5,0.211145370908,0.246703979324
89,5,0.199459770314,0.231511536608
90,5,0.344196569307,0.416775456226
91,5,0.143406752788,0.186475992476
92,5,0.27276075023,0.327924253307
93,5,0.232581391423,0.264646025443
94,5,0.129709474614,0.164559730163
95,5,0.141155578894,0.176876376701
96,5,0.280371979888,0.330287593493
97,5,0.0846620730411,0.107368372729
98,5,0.185242810043,0.218821975758
99,5,0.0964660016937,0.118104647966
100,5,0.137114160049,0.165539952927
101,5,0.114253644788,0.134217110939
102,5,0.154973424301,0.186586636742
103,5,0.209160665745,0.259965655144
104,5,0.155768291015,0.185013805878
105,5,0.175308395737,0.21787894459
106,5,0.143882783352,0.189716161196
107,5,0.106242918785,0.134491163471
108,5,0.11495112489,0.156326563069
109,5,0.175542054018,0.221731183275
110,5,0.2743453901,0.343952444334
111,5,0.214846162077,0.262667671507
112,5,0.201567844349,0.253879300206
113,5,0.212669142754,0.285974112439
114,5,0.174291740066,0.238152708067
115,5,0.150155872808,0.180618083849
116,5,0.18983541478,0.263458077666
117,5,0.167218517714,0.21649538516
118,5,0.209973494743,0.278907391257
119,5,0.303412218877,0.364056958763
120,5,0.693391011815,0.884918973148
121,5,0.781649448784,0.919714987876
122,5,0.690808863057,0.937319262399
123,5,0.56167351099,0.71154436733
124,5,0.396964993659,0.506912874058
125,5,0.508768030733,0.596841953175
126,5,0.737473603739,0.864607972707
127,5,0.50319656381,0.651924610445
128,5,0.205972085685,0.272392249632
129,5,0.23785006811,0.30791330018
130,5,0.139221032427,0.172630083612
131,5,0.21343009761,0.252920707111
132,5,0.294874033376,0.366825567548
133,5,0.393225298445,0.482530401343
134,5,0.460779290672,0.523711350524
135,5,0.440268579802,0.526847228312
136,5,0.371530649626,0.467985605578
137,5,0.276228035842,0.327650213168
138,5,0.244487459461,0.324033737591
139,5,0.239057587164,0.282045156095
140,5,0.106699674282,0.13615091124
141,5,0.112878997607,0.148519427803
142,5,0.116918919271,0.151788289302
143,5,0.153385751569,0.217417173909
144,5,0.110733172356,0.149064311892
145,5,0.0974887945626,0.128854403446
146,5,0.143370333282,0.178363085709
147,5,0.105923660625,0.136115794938
148,5,0.151161884001,0.182896402935
149,5,0.0911200111922,0.115236006718
150,5,0.114029952981,0.132767480133
151,5,0.147997102594,0.19217277427
152,5,0.115844623058,0.149692143523
153,5,0.166027332489,0.212629447176
154,5,0.201918841101,0.290156727956
155,5,0.201561308904,0.275453975024
156,5,0.178995054786,0.210519646
157,5,0.240276380586,0.281652712241
158,5,0.230360769196,0.269538342372
159,5,0.155484951896,0.186497071598
160,5,0.145676565448,0.1837216888
161,5,0.131988446436,0.166867680555
162,5,0.134502439761,0.163246493622
163,5,0.0867303861126,0.107360839308
164,5,0.162503241776,0.198659735453
165,5,0.125565052421,0.166274416531
166,5,0.15390249236,0.188354360722
167,5,0.142991917602,0.172789320445
168,5,0.216245007664,0.238678925904
169,5,0.0947973121518,0.119719471837
170,5,0.142501471863,0.178924883116
171,5,0.142224678774,0.175789381769
172,5,0.139727540943,0.170576067248
173,5,0.171730409244,0.211478821057
174,5,0.141534859498,0.178229947926
175,5,0.203202414677,0.25394398871
176,5,0.126492324542,0.150726247961
177,5,0.153285179041,0.175029220029
178,5,0.0682776879682,0.0853925461747
179,5,0.0808708830723,0.0992084016388
180,5,0.104003625607,0.122052284984
181,5,0.0800712986346,0.100449072612
182,5,0.116600502132,0.141969270007
183,5,0.172926656405,0.195914146794
184,5,0.0733092553262,0.088360859438
185,5,0.227669578229,0.250341927678
186,5,0.161471158802,0.182758360849
187,5,0.0919729638436,0.123589907469
188,5,0.200787881047,0.243634556966
189,5,0.104952814999,0.131098904992
190,5,0.228379645974,0.250194005817
191,5,0.165345506877,0.197159456064
192,5,0.0961133765146,0.143524197809
193,5,0.131559671832,0.151036450901
194,5,0.135618285323,0.167379352101
195,5,0.196144698629,0.215566423626
196,5,0.179057664505,0.216889983713
197,5,0.27274832795,0.339714686918
198,5,0.196463197445,0.277645230597
199,5,0.14668855087,0.211577771672
200,5,0.235820273954,0.283102528527
201,5,0.45737403978,0.540385894058
202,5,1.08376542185,1.23985804475
203,5,0.556405703617,0.682408928792
204,5,0.362208715642,0.476408397653
205,5,0.566387436582,0.692454684799
206,5,0.593192584093,0.73171573551
207,5,0.736024640346,0.855099224923
208,5,0.693483718369,0.797429795423
209,5,0.457652598235,0.580283689243
210,5,0.831665127833,0.959482178927
211,5,1.0309022021,1.21477899791
212,5,0.630116740435,0.743105342716
213,5,0.654194570225,0.772727410748
214,5,0.702335415934,1.0774846603
215,5,0.758498728725,0.970294970356
216,5,0.723696143616,0.890837198801
217,5,0.433182866542,0.493856973806
218,5,0.338405285496,0.431963351113
219,5,0.264814579931,0.365444810658
220,5,0.251977942743,0.308656298969
221,5,0.209640810078,0.29858722347
222,5,0.246635277407,0.303553417656
223,5,0.131832769205,0.169242503986
224,5,0.152852364266,0.196517419951
225,5,0.107299584505,0.130939528322
226,5,0.204181238959,0.274665158349
227,5,0.183470445664,0.244430034966
228,5,0.426933306986,0.502332824093
229,5,0.707590832419,0.949424050009
230,5,0.695376562018,0.890372174004
231,5,0.420185589658,0.527856637079
232,5,1.08901922217,1.23321238828
233,5,0.788964860169,0.923871503298
234,5,0.683130563083,0.803798815093
235,5,0.76787563643,0.9334388667
236,5,0.759606951815,0.924927567715
237,5,0.583186317019,0.699622443549
238,5,0.495037986704,0.66792596022
239,5,0.469774659829,0.560134811163
240,5,0.536881076021,0.599572943471
241,5,0.436643250239,0.52763322356
242,5,0.631320739003,0.744673859565
243,5,0.754677528929,0.919702195965
244,5,0.895981697609,1.15419061635
245,5,0.974572906276,1.21271880683
246,5,0.63885041331,0.739054547106
247,5,0.863540887571,0.999080290796
248,5,0.501603325787,0.642291459907
249,5,0.311478805402,0.39297245004
250,5,0.391601630908,0.453712161975
251,5,0.454020749672,0.563239821954
252,5,0.250211536592,0.316937040398
253,5,0.396256660236,0.441269057404
254,5,0.173771841262,0.227109727632
255,5,0.206993778593,0.258860515007
256,5,0.107137596438,0.138825610517
257,5,0.221909627954,0.264452176716
258,5,0.204734820587,0.257005303287
259,5,0.16855616358,0.2196703595
260,5,0.149535097072,0.192109600581
261,5,0.263012605431,0.334866762752
262,5,0.305229830172,0.396729428549
263,5,0.212339233371,0.281837286005
264,5,0.33749853069,0.434306634116
265,5,0.419163902015,0.518917819489
266,5,0.374444667597,0.467861965854
267,5,0.35218904461,0.445359902748
268,5,0.311900536686,0.38524645962
269,5,0.241798123236,0.30402154837
270,5,0.237852505737,0.303275103421
271,5,0.172857052712,0.207985303766
272,5,0.263761426447,0.322072112323
273,5,0.143533033067,0.177292311449
274,5,0.149441570099,0.187457988505
275,5,0.31955821217,0.368234751591
276,5,0.590773926884,0.716948885214
277,5,0.272129214451,0.313772770289
278,5,0.153358908684,0.193455978021
279,5,0.125307758582,0.18018413026
280,5,0.188376951226,0.246994809561
281,5,0.183191205578,0.263001010592
282,5,0.202782087004,0.236624140585
283,5,0.223466563184,0.25907554196
284,5,0.312310837245,0.362578894823
285,5,0.18872622124,0.227639538278
286,5,0.142874206074,0.187414769761
287,5,0.089684521922,0.110658568722
288,5,0.168296833742,0.219725619625
289,5,0.302608637537,0.378362007757
290,5,0.167978036922,0.220433822593
291,5,0.289791171462,0.328105939298
292,5,0.182858842313,0.212704641314
293,5,0.0886042059335,0.113357716092
294,5,0.220585985511,0.258727381579
295,5,0.127752838912,0.169669803355
296,5,0.133800838157,0.166470272706
297,5,0.157272406313,0.197422135164
298,5,0.127455594621,0.162434144735
299,5,0.197212162235,0.230587903787
300,5,0.166298931909,0.208452688656
301,5,0.142291166796,0.181034733439
302,5,0.202498944327,0.261799618815
303,5,0.154625282164,0.203064369738
304,5,0.104813985462,0.137328122287
305,5,0.107250460894,0.146182465452
306,5,0.174621188424,0.228029881093
307,5,0.118114089428,0.154378377783
308,5,0.199686520826,0.24317622415
309,5,0.294206871724,0.364480697254
310,5,0.197969091308,0.245461535145
311,5,0.281818609007,0.348903632904
312,5,0.385878310542,0.473084630072
313,5,0.550558176948,0.70585983068
314,5,0.376948325193,0.483020811882
315,5,0.244329978827,0.301569114649
316,5,0.233186415543,0.304472046299
317,5,0.326663618745,0.410149669927
318,5,0.234503141986,0.298289180637
319,5,0.251175839255,0.313381242633
320,5,0.272597501257,0.357036934234
321,5,0.178760834293,0.232018043402
322,5,0.172011830862,0.227034861737
323,5,0.219051770952,0.262833989392
324,5,0.243663363629,0.297935059867
325,5,0.152849621422,0.199448978914
326,5,0.366182137669,0.426268875442
327,5,0.487826602189,0.571408208295
328,5,0.278304447889,0.362356163039
329,5,0.16105215362,0.222065628321
330,5,0.231803852201,0.279032789705
331,5,0.314435260411,0.379690406671
332,5,0.406772182924,0.466807035915
333,5,0.564564605404,0.656250166773
334,5,0.560892018075,0.699363787246
335,5,0.907347797648,1.03481313291
