cycle,count,mae,rmse
50,10,0.156955063079,0.185050438193
51,10,0.160392421605,0.201861448041
52,10,0.112828070119,0.145627109631
53,10,0.121889227921,0.152898656212
54,10,0.0793321609173,0.0969909107115
55,10,0.163617441315,0.206754993176
56,10,0.161409088789,0.190853020358
57,10,0.146041004388,0.17193055311
58,10,0.328244862928,0.363688543387
59,10,0.151263780808,0.184949982889
60,10,0.15745186278,0.195019999701
61,10,0.180776501997,0.234316096209
62,10,0.132184794821,0.169025886864
63,10,0.227006484471,0.285678539277
64,10,0.299000582516,0.362815447969
65,10,0.122162417632,0.148342442281
66,10,0.271090584174,0.358724685956
67,10,0.465084590816,0.526842840733
68,10,0.130689731841,0.170477822687
69,10,0.141909034404,0.184987342847
70,10,0.355949942924,0.4504617976
71,10,0.198549313853,0.241136940357
72,10,0.200869787248,0.248239249987
73,10,0.384658692516,0.52580599331
74,10,0.144410682355,0.168346634493
75,10,0.1168085544,0.142615969415
76,10,0.157776558409,0.199914019433
77,10,0.206336548575,0.263279550252
78,10,0.176267588131,0.218216162201
79,10,0.141374269266,0.166986651071
80,10,0.0851159120751,0.105819170427
81,10,0.115573841872,0.143591803213
82,10,0.208621160419,0.246532293506
83,10,0.192772079945,0.230762818193
84,10,0.113878113271,0.139095243387
85,10,0.0888757798238,0.111027331024
86,10,0.16064814355,0.195441767272
87,10,0.163232758263,0.216682775639
88,10,0.207957841915,0.250736567292
89,10,0.127947458917,0.161641576569
90,10,0.244585778277,0.311179084953
91,10,0.103642036807,0.125947787371
92,10,0.139240948183,0.183944346589
93,10,0.136725590406,0.165862853014
94,10,0.137780835953,0.165960132988
95,10,0.135616651903,0.17148394075
96,10,0.251543421581,0.300831884053
97,10,0.171245756867,0.20262625402
98,10,0.103376043814,0.128409431708
99,10,0.121166744497,0.14648589412
100,10,0.146148113708,0.182971525836
101,10,0.131109251719,0.154739058236
102,10,0.115107876839,0.148193508716
103,10,0.0966667349904,0.126096511545
104,10,0.159376891289,0.195687370445
105,10,0.147735705036,0.179912905912
106,10,0.195194300026,0.233647645505
107,10,0.191866451517,0.234574039219
108,10,0.161354344055,0.215441487478
109,10,0.179967183474,0.225049737452
110,10,0.18770021896,0.265268236756
111,10,0.15537248886,0.186142991095
112,10,0.122619087956,0.167402847247
113,10,0.168705605552,0.218158639116
114,10,0.159843234935,0.207833316404
115,10,0.179042548313,0.207835685232
116,10,0.168113397274,0.200982722445
117,10,0.265901032784,0.350573165254
118,10,0.200488700907,0.245628636982
119,10,0.289656105266,0.376889231248
120,10,0.746071813623,0.88388911967
121,10,0.66866869589,0.79590081825
122,10,0.761779925353,0.906373974548
123,10,0.595439267821,0.738226749419
124,10,0.565922975647,0.686548625219
125,10,0.588795750396,0.744975347335
126,10,0.558526982948,0.731001175875
127,10,0.552978687345,0.708368409538
128,10,0.160371221266,0.202478103877
129,10,0.288614157021,0.373938624883
130,10,0.111255777436,0.148539254181
131,10,0.205278994229,0.256005937354
132,10,0.304764973815,0.37749167587
133,10,0.395835008985,0.496349393536
134,10,0.402098332861,0.517754588043
135,10,0.462236454179,0.518672602244
136,10,0.241515580116,0.290308222435
137,10,0.196373327205,0.243891720372
138,10,0.262339692794,0.339664920689
139,10,0.133703286007,0.172107023643
140,10,0.0926057916725,0.122914214538
141,10,0.128704167274,0.168398922091
142,10,0.145068776375,0.177685462639
143,10,0.188825294565,0.272037798986
144,10,0.169157316152,0.223391670111
145,10,0.101737312589,0.138966219642
146,10,0.155327276287,0.198460318119
147,10,0.128623765015,0.162218680125
148,10,0.124880442865,0.151821826567
149,10,0.134169418933,0.173252357598
150,10,0.186954793991,0.210694848056
151,10,0.133278318007,0.165015931101
152,10,0.101144693204,0.124310531812
153,10,0.173896437975,0.223423686556
154,10,0.205143777137,0.301437130514
155,10,0.193590759291,0.280146611034
156,10,0.101075450848,0.128295690213
157,10,0.337231336477,0.392341261972
158,10,0.157644122898,0.203073524445
159,10,0.118840066167,0.142754671315
160,10,0.113150182124,0.146430912926
161,10,0.0943010441033,0.124538597916
162,10,0.108938593459,0.14468383925
163,10,0.144389075808,0.177639181108
164,10,0.145591410423,0.1815891135
165,10,0.116749886043,0.150240966898
166,10,0.126300985046,0.168508726508
167,10,0.122246524399,0.148647136856
168,10,0.13745911865,0.165579534419
169,10,0.109853524907,0.14062149453
170,10,0.202193450492,0.253552528728
171,10,0.155119788485,0.194249182834
172,10,0.156603777837,0.203648729792
173,10,0.154437110897,0.190221831028
174,10,0.200662086918,0.257137543443
175,10,0.17102667879,0.229473856564
176,10,0.12447126141,0.159654797387
177,10,0.0840782364141,0.103535891214
178,10,0.0889704336723,0.114736827264
179,10,0.0857979664598,0.106991938429
180,10,0.165448095087,0.20516683017
181,10,0.109417789066,0.141753047002
182,10,0.116895179996,0.14481332596
183,10,0.0796602513427,0.104437794487
184,10,0.139756965493,0.174325601693
185,10,0.08279391244,0.103342848147
186,10,0.103790783544,0.130294388234
187,10,0.129732490956,0.174170806525
188,10,0.115347630504,0.145086347095
189,10,0.0984088118546,0.13457515695
190,10,0.20515518625,0.237790557346
191,10,0.121034612255,0.166263278383
192,10,0.166467085365,0.199560151007
193,10,0.140568655262,0.176154514813
194,10,0.151909559639,0.186435441406
195,10,0.129671200174,0.152430772359
196,10,0.132540544758,0.184107479836
197,10,0.185048210518,0.252219824538
198,10,0.158328422682,0.276452871712
199,10,0.127846317185,0.178944410565
200,10,0.238366882659,0.310845299638
201,10,0.408966232888,0.490843729604
202,10,0.415489028211,0.493896511282
203,10,0.527594069867,0.665584896248
204,10,0.352212733514,0.488153823979
205,10,0.510466044395,0.634304326212
206,10,0.566410630145,0.67377234184
207,10,0.578718303322,0.677303447402
208,10,0.585409261344,0.736925935958
209,10,0.327887509456,0.409955445119
210,10,0.456397019474,0.591789412004
211,10,1.15100012102,1.42587364318
212,10,0.489748289694,0.596193032726
213,10,0.559548533168,0.682553606717
214,10,0.846106515612,1.04066140287
215,10,0.781224094099,1.04898991874
216,10,0.556223926488,0.734597730804
217,10,0.432829715267,0.521973366553
218,10,0.293139976522,0.359703811594
219,10,0.317980955355,0.433622456057
220,10,0.178025913197,0.239466605764
221,10,0.211332174967,0.289802857646
222,10,0.232213227029,0.297028923027
223,10,0.214772144156,0.278896117593
224,10,0.138015476596,0.191634515301
225,10,0.152547844315,0.188785210159
226,10,0.146821194766,0.18380113858
227,10,0.164866881321,0.20806964321
228,10,0.427563232394,0.518595996781
229,10,0.880924864141,1.12016344315
230,10,0.637524379602,0.754396405737
231,10,0.490666147088,0.564704219694
232,10,0.704200626874,0.871720826769
233,10,0.521011339156,0.648653065614
234,10,0.504661632056,0.599868366666
235,10,0.5727510876,0.742081395122
236,10,0.372799803353,0.477319891337
237,10,0.380074944586,0.475066999225
238,10,0.43536441862,0.561014031484
239,10,0.355712084474,0.444437431864
240,10,0.352038728907,0.451985642113
241,10,0.283593281277,0.337692130736
242,10,0.404857260612,0.513507389381
243,10,0.627643814206,0.800195558211
244,10,1.08221209943,1.2689644003
245,10,0.513911054167,0.607226624009
246,10,0.454255495322,0.55118899605
247,10,0.394090435776,0.491748946807
248,10,0.353920138151,0.470331476039
249,10,0.32614372671,0.438080645559
250,10,0.298102694319,0.374086535599
251,10,0.347800944673,0.413244329551
252,10,0.222291416175,0.290482750039
253,10,0.345077965049,0.460547292848
254,10,0.184178951949,0.235972281792
255,10,0.12799165394,0.16758891727
256,10,0.146136664732,0.187805376979
257,10,0.165398028378,0.219364402902
258,10,0.127809760397,0.172092070811
259,10,0.150214080257,0.179284105402
260,10,0.302176074307,0.377608405593
261,10,0.194194041294,0.239471574579
262,10,0.283048438912,0.361140149792
263,10,0.25348830591,0.321620136731
264,10,0.443721857163,0.524053155456
265,10,0.36806360319,0.496070311923
266,10,0.32906957904,0.383602314385
267,10,0.364926951481,0.463097199783
268,10,0.255481261047,0.342432682886
269,10,0.30133160869,0.376536383812
270,10,0.212031220983,0.280593605867
271,10,0.26710866839,0.315499204071
272,10,0.170491272549,0.206160660055
273,10,0.125670865978,0.167931398554
274,10,0.151975956086,0.181280525212
275,10,0.195627089653,0.250239187228
276,10,0.33945479873,0.398135744679
277,10,0.23901768928,0.304443113639
278,10,0.0937329715256,0.117693869446
279,10,0.12926322049,0.170978005355
280,10,0.169965853696,0.237212946529
281,10,0.208136138811,0.274092454674
282,10,0.191383229384,0.230799565437
283,10,0.168169170725,0.207997437192
284,10,0.168749596193,0.209124318722
285,10,0.137762578303,0.16475157942
286,10,0.140545750069,0.180032554218
287,10,0.148568160059,0.186391586706
288,10,0.235467492535,0.315478434759
289,10,0.144866867986,0.192927348931
290,10,0.211579363141,0.264950270944
291,10,0.139548622738,0.16546774539
292,10,0.0932798060743,0.112161521268
293,10,0.114302809701,0.145784127189
294,10,0.13078441775,0.179204522167
295,10,0.208951462131,0.258694145644
296,10,0.114142021986,0.141947119196
297,10,0.181808611997,0.229185423197
298,10,0.207011900309,0.253040162168
299,10,0.172619217003,0.237798166444
300,10,0.119247040956,0.164047598287
301,10,0.201630938468,0.241451264652
302,10,0.15810121613,0.203613897586
303,10,0.136632215707,0.176179362258
304,10,0.126058720267,0.155596046225
305,10,0.108676818793,0.150922441026
306,10,0.122444413737,0.155981679455
307,10,0.180947149883,0.236935599199
308,10,0.117307874558,0.151777285179
309,10,0.273233136776,0.339022962948
310,10,0.181229952308,0.217502494073
311,10,0.315289557067,0.386799936139
312,10,0.334865441897,0.419144464895
313,10,0.534452052108,0.645142610721
314,10,0.32171084618,0.398559163924
315,10,0.194731172042,0.247123992174
316,10,0.203577439346,0.266945058621
317,10,0.279943349957,0.352689216961
318,10,0.261469411855,0.30967593017
319,10,0.367205305552,0.432057289053
320,10,0.165009611653,0.217522040205
321,10,0.143202364026,0.176447804867
322,10,0.111757563517,0.156581151985
323,10,0.150575010069,0.189239251223
324,10,0.212407151342,0.273471807278
325,10,0.197372773957,0.242121717798
326,10,0.176119434546,0.242127395061
327,10,0.418741220301,0.531359645091
328,10,0.297079393053,0.359226448431
329,10,0.157121326,0.197132048327
330,10,0.274294931544,0.327542835882
331,10,0.165212865517,0.226442585692
332,10,0.346753262681,0.431849667374
333,10,0.452736498588,0.551691129195
334,10,0.450324093524,0.556128232472
335,10,0.543037726774,0.663458698141
