cycle,count,mae,rmse
50,10,0.127300725823,0.15679599532
51,10,0.155437956379,0.194734370223
52,10,0.119524271992,0.150622249894
53,10,0.0995386062132,0.127709730135
54,10,0.109673635112,0.135875421067
55,10,0.11678156988,0.146173994939
56,10,0.130077520675,0.15315899543
57,10,0.144763843521,0.180381153364
58,10,0.195666722174,0.231692556057
59,10,0.165121689793,0.197341958105
60,10,0.179312019333,0.214442496636
61,10,0.175352980239,0.209300987731
62,10,0.175549862513,0.213724117221
63,10,0.179497702453,0.223646095581
64,10,0.247909738653,0.313024693874
65,10,0.225975594674,0.279865422313
66,10,0.298486563245,0.390366958245
67,10,0.548599374135,0.612641049069
68,10,0.158857518044,0.198116858879
69,10,0.262534079695,0.302901864944
70,10,0.264049604653,0.340953701972
71,10,0.198694082495,0.246173576263
72,10,0.133948808164,0.165906784306
73,10,0.316867786564,0.450088832022
74,10,0.129771251323,0.165860002561
75,10,0.092775416827,0.116609043484
76,10,0.175016237314,0.22454579851
77,10,0.173280946734,0.22781990494
78,10,0.135971740978,0.168097366388
79,10,0.115532985873,0.14606544868
80,10,0.201525118824,0.236157727489
81,10,0.1196650911,0.155759817145
82,10,0.126993407222,0.157911669538
83,10,0.1635829035,0.201148728978
84,10,0.184320174628,0.221895292604
85,10,0.122422984637,0.152409339428
86,10,0.0920732311351,0.111042280456
87,10,0.149002495316,0.175032525207
88,10,0.226687858501,0.273942293394
89,10,0.154595316426,0.190968218443
90,10,0.25852473179,0.321811420128
91,10,0.142411323985,0.180368873975
92,10,0.164032031184,0.19665877297
93,10,0.151303278436,0.188892439926
94,10,0.120881274202,0.150937814639
95,10,0.137574575355,0.17861822601
96,10,0.267246845587,0.328918419158
97,10,0.120987327633,0.153075481734
98,10,0.136002125262,0.161042845175
99,10,0.161528325123,0.196178708346
100,10,0.137591991002,0.174756390954
101,10,0.116121960051,0.136587849833
102,10,0.129933122884,0.15294514971
103,10,0.106931953674,0.143205193746
104,10,0.176954793347,0.214501033992
105,10,0.249650065019,0.296091046243
106,10,0.192168745231,0.22523459204
107,10,0.133146662978,0.169462442381
108,10,0.142915215904,0.183320633384
109,10,0.216052791997,0.261280854604
110,10,0.184549314345,0.260292433837
111,10,0.154587301944,0.196616549547
112,10,0.17154406892,0.222462108342
113,10,0.244432714005,0.284351956995
114,10,0.201859427147,0.267371969898
115,10,0.155118532865,0.192730653928
116,10,0.207942517436,0.248442890068
117,10,0.17704445014,0.225735055593
118,10,0.231866750632,0.300510169182
119,10,0.297936379045,0.359288369777
120,10,0.718389439296,0.996816084975
121,10,0.560304230235,0.718677166621
122,10,0.769611076349,0.917159657969
123,10,0.567611205549,0.6912868517
124,10,0.526035611146,0.672375453122
125,10,0.600850770373,0.763964063139
126,10,0.427103025985,0.579860626124
127,10,0.418395332911,0.569699576001
128,10,0.16963861357,0.203934509195
129,10,0.186660615318,0.269593086128
130,10,0.169222170063,0.212391607844
131,10,0.134465706405,0.186443900828
132,10,0.329341197425,0.422203215496
133,10,0.323579666853,0.391224422954
134,10,0.423331447706,0.519370289742
135,10,0.348006080533,0.431935547732
136,10,0.266657132027,0.307461980989
137,10,0.254456747466,0.317656842973
138,10,0.182975664613,0.245910734817
139,10,0.185082568897,0.21786465823
140,10,0.111514064702,0.131789628309
141,10,0.10417083034,0.138980665582
142,10,0.141141607408,0.181890530684
143,10,0.177564705237,0.243709736157
144,10,0.109728216308,0.143092674641
145,10,0.119721661284,0.157941400746
146,10,0.0926768994406,0.108097420351
147,10,0.129166747323,0.149645680815
148,10,0.116397261654,0.137787511789
149,10,0.0866944897458,0.111545569892
150,10,0.151993297435,0.200857865348
151,10,0.217877892461,0.263456281808
152,10,0.14798557365,0.185367584629
153,10,0.183449943619,0.236910123099
154,10,0.271820877735,0.358241348796
155,10,0.227149273094,0.305860913177
156,10,0.200071936712,0.251128663005
157,10,0.333931193008,0.403111936103
158,10,0.214904278901,0.278774472306
159,10,0.140109498119,0.174777537786
160,10,0.13326910253,0.169572360353
161,10,0.105150763185,0.134715054223
162,10,0.119579990325,0.156634897262
163,10,0.139097665517,0.172652643937
164,10,0.142918182914,0.191697709768
165,10,0.16451424536,0.214291755394
166,10,0.141074835637,0.178243288533
167,10,0.106373951992,0.134248004161
168,10,0.162559966775,0.190164748035
169,10,0.152038529596,0.202248725118
170,10,0.183037418945,0.235140580985
171,10,0.171363407033,0.209703906024
172,10,0.304222084347,0.378274590459
173,10,0.186256493201,0.233884077276
174,10,0.126082664831,0.150322044485
175,10,0.177102473986,0.220870064835
176,10,0.146558748315,0.179290734437
177,10,0.0968088102569,0.122161553055
178,10,0.111409733973,0.142261084619
179,10,0.0689530406885,0.0845604378471
180,10,0.157524815859,0.186301829517
181,10,0.23178371024,0.260291770475
182,10,0.134238208848,0.168368750698
183,10,0.09580037529,0.111847511538
184,10,0.0987344205519,0.12010229438
185,10,0.0774575197158,0.0988873562002
186,10,0.176411562431,0.20605252007
187,10,0.133955400862,0.164502993415
188,10,0.233822656083,0.262621363345
189,10,0.135331057385,0.161979676493
190,10,0.233952662032,0.255222480464
191,10,0.240376572343,0.271003636818
192,10,0.147253569514,0.176619305785
193,10,0.230816958335,0.288572165699
194,10,0.102903337884,0.12702965571
195,10,0.0712068352163,0.0962341295933
196,10,0.307678368259,0.381424042559
197,10,0.609954202339,0.672751086835
198,10,0.160805441925,0.256424235186
199,10,0.206021400297,0.254629039045
200,10,0.278755765307,0.352397297237
201,10,0.315691049274,0.385281091369
202,10,0.427453209054,0.495548434053
203,10,0.504510372761,0.628362212864
204,10,0.345079269677,0.402468924474
205,10,0.603763813397,0.727150369435
206,10,0.88420332728,1.10477213191
207,10,0.365333827484,0.445453273979
208,10,0.6442252184,0.797127271432
209,10,0.424120079455,0.530434962737
210,10,0.495767056497,0.639081055064
211,10,1.02606528757,1.3506970131
212,10,0.629875620029,0.751081225251
213,10,0.636032040878,0.798226198955
214,10,0.731318440156,1.0685328702
215,10,0.787706356411,1.10807907887
216,10,0.71805358792,0.887994330477
217,10,0.472346865881,0.574612625652
218,10,0.252106551218,0.321454910438
219,10,0.339636891598,0.498326214514
220,10,0.179442773881,0.229989178168
221,10,0.21990513052,0.284966395015
222,10,0.351034613926,0.43557003555
223,10,0.281557636095,0.350687817295
224,10,0.189149515572,0.237535498924
225,10,0.185909778929,0.235622467225
226,10,0.173785411136,0.213493111173
227,10,0.205651746209,0.247454147451
228,10,0.32043910122,0.379576372907
229,10,0.492411743215,0.636772992332
230,10,1.07663957943,1.34905682167
231,10,0.476146928891,0.598735106473
232,10,0.59096129267,0.729440314252
233,10,0.776819052771,1.02276508559
234,10,0.959769139212,1.26335655856
235,10,0.814301387644,1.0064666166
236,10,0.438235052538,0.511136797894
237,10,0.387193048454,0.464130102653
238,10,0.284705506541,0.348467144532
239,10,0.604296922751,0.709058049982
240,10,0.238435824093,0.29847476592
241,10,0.306999828384,0.391995060356
242,10,0.383502754321,0.500981757824
243,10,0.866100299656,1.02417891243
244,10,0.916151335043,1.0441047629
245,10,1.25400395279,1.64502505736
246,10,0.735319704744,0.955942233789
247,10,0.574180364058,0.692965715697
248,10,0.450399407616,0.532852027603
249,10,0.465625925497,0.603446554226
250,10,0.360362497239,0.467688628053
251,10,0.332006143043,0.385962758929
252,10,0.230432628695,0.292575783301
253,10,0.315528075412,0.384041770612
254,10,0.389671833953,0.493100123904
255,10,0.173962057161,0.20250742811
256,10,0.14593794453,0.196078756765
257,10,0.200939274208,0.245401808196
258,10,0.120168507151,0.155267110115
259,10,0.144023760374,0.170795114436
260,10,0.203755215457,0.27290643523
261,10,0.268137414905,0.355022245592
262,10,0.183593946355,0.232863802471
263,10,0.240216091431,0.32646407085
264,10,0.322467743562,0.411991721729
265,10,0.380276376204,0.462583940344
266,10,0.254467094753,0.318299892771
267,10,0.464078319094,0.596466358717
268,10,0.293176767332,0.364075250266
269,10,0.261886651961,0.345026712006
270,10,0.227260603536,0.276242758046
271,10,0.251205921774,0.313665964436
272,10,0.137295493261,0.164503195106
273,10,0.246112794838,0.297649171703
274,10,0.131553323672,0.166654609886
275,10,0.18517189982,0.224495387938
276,10,0.571473708292,0.698593730888
277,10,0.167015219364,0.216158476574
278,10,0.11551056176,0.162959094113
279,10,0.127705868962,0.177295687718
280,10,0.176422300788,0.236782882441
281,10,0.217934469907,0.29093239369
282,10,0.279855711338,0.34187316716
283,10,0.230472360542,0.282185296637
284,10,0.216637567786,0.270030483545
285,10,0.127363837246,0.167773349233
286,10,0.136207907145,0.169537450987
287,10,0.16841635029,0.213759794355
288,10,0.132001223802,0.176806127059
289,10,0.145266578161,0.194650277965
290,10,0.282319702009,0.359200792288
291,10,0.141631100787,0.169290158167
292,10,0.204092389841,0.236862288329
293,10,0.131767337551,0.158036813899
294,10,0.163511337217,0.206705494318
295,10,0.161666195955,0.218321322798
296,10,0.103352334767,0.13164352869
297,10,0.184318845898,0.233375970041
298,10,0.186001461066,0.232052947594
299,10,0.251600524552,0.300769165822
300,10,0.182919683843,0.241599573523
301,10,0.233497977123,0.301170010323
302,10,0.148951184756,0.192052508588
303,10,0.131401258375,0.168177597437
304,10,0.148085996836,0.190936137492
305,10,0.170694449091,0.251900172261
306,10,0.144351967993,0.188424717203
307,10,0.144796062547,0.181202063969
308,10,0.114581094511,0.143306896036
309,10,0.228059433643,0.296587999966
310,10,0.216177768819,0.269932812203
311,10,0.279255317375,0.336703411855
312,10,0.305676886028,0.37908787388
313,10,0.890626771558,1.1478723514
314,10,0.589929345162,0.739087201482
315,10,0.367710499525,0.434754310135
316,10,0.234241177278,0.290054192605
317,10,0.333208987136,0.428784523547
318,10,0.282884768003,0.331310124309
319,10,0.259457868301,0.340318172072
320,10,0.141832939894,0.185164362325
321,10,0.201079303881,0.2672563891
322,10,0.122399968084,0.171468122542
323,10,0.270169772405,0.352196125988
324,10,0.156509005755,0.197376942206
325,10,0.22222909442,0.276961627337
326,10,0.146694437525,0.193326236184
327,10,0.574320280969,0.678729717602
328,10,0.370124187374,0.471176240333
329,10,0.211123149083,0.264967266887
330,10,0.183288754082,0.2337762817
331,10,0.132561959466,0.171617195096
332,10,0.2797908779,0.327793840122
333,10,0.51201328661,0.609295500132
334,10,0.55052526072,0.671006709051
335,10,0.896254213836,1.08304080662
