cycle,count,mae,rmse
50,15,0.158345766901,0.187220058318
51,15,0.119457729379,0.146654562858
52,15,0.109705361531,0.130248102333
53,15,0.101555864659,0.126223865006
54,15,0.135681469438,0.159356385234
55,15,0.12517861107,0.167156948254
56,15,0.104886054452,0.129444744788
57,15,0.139594192565,0.164031956901
58,15,0.259328292177,0.307139967088
59,15,0.172678454983,0.202518455491
60,15,0.161029912087,0.189004628036
61,15,0.184043515712,0.230051811267
62,15,0.120680051095,0.148705230165
63,15,0.202926138282,0.24717047367
64,15,0.332841011585,0.395872340668
65,15,0.192818450573,0.232612386447
66,15,0.281765314322,0.374557977636
67,15,0.447341782675,0.545453627063
68,15,0.24338365432,0.286162109665
69,15,0.222749491608,0.270168794675
70,15,0.319914168153,0.399740702868
71,15,0.162354089141,0.201369661647
72,15,0.216184200576,0.290762150544
73,15,0.491835463636,0.647292509786
74,15,0.182915418044,0.222813260144
75,15,0.10308505422,0.124415634069
76,15,0.132663785693,0.16689102576
77,15,0.191331170064,0.25169965445
78,15,0.158997670077,0.195029248872
79,15,0.0868075207747,0.107253632046
80,15,0.174852203331,0.213515165666
81,15,0.10881273527,0.135148393742
82,15,0.150582779071,0.184650075487
83,15,0.246892665617,0.305197197032
84,15,0.192586545208,0.265058080309
85,15,0.181558554636,0.223712687256
86,15,0.127542331475,0.15160785796
87,15,0.13151402083,0.15286220113
88,15,0.248497091346,0.298797903132
89,15,0.109762442525,0.141068057105
90,15,0.250172531817,0.312308275278
91,15,0.102321560001,0.134484567166
92,15,0.146427082226,0.18354215679
93,15,0.128650246622,0.158739408564
94,15,0.108820823465,0.133568191692
95,15,0.110071013307,0.148377422707
96,15,0.285821602678,0.328931635874
97,15,0.12941008473,0.158711960718
98,15,0.129371319557,0.154999671134
99,15,0.0809785340316,0.101216182978
100,15,0.158562500426,0.207495500973
101,15,0.102361326794,0.126042471273
102,15,0.121539638956,0.151731767462
103,15,0.096008384947,0.119670077288
104,15,0.117621955305,0.149338546042
105,15,0.134243520493,0.164390140631
106,15,0.168421935083,0.204960751
107,15,0.0933841870905,0.123383666795
108,15,0.109247647309,0.146763269859
109,15,0.138691557871,0.187187102861
110,15,0.16861005553,0.255580486339
111,15,0.177293430308,0.21831394908
112,15,0.142742378323,0.170123129436
113,15,0.217269584759,0.251593026863
114,15,0.141318564513,0.192158874931
115,15,0.144626174771,0.174981641018
116,15,0.174589613336,0.21405990578
117,15,0.291168889803,0.395420838802
118,15,0.202642420285,0.268408094982
119,15,0.285428856867,0.392115625916
120,15,0.708721904637,0.930202927606
121,15,0.668703096325,0.863846256599
122,15,0.793690172127,0.994629071555
123,15,0.614104322477,0.764655140425
124,15,0.464192181764,0.590087266572
125,15,0.538650139334,0.610886953487
126,15,0.393084881044,0.564426672579
127,15,0.529675122382,0.684097767731
128,15,0.196644154739,0.242858333076
129,15,0.221072055074,0.294103516426
130,15,0.120455092774,0.152221117352
131,15,0.173615484768,0.224760368342
132,15,0.325672860147,0.393770906721
133,15,0.397377992374,0.485792824556
134,15,0.358533537268,0.44458661431
135,15,0.367304038605,0.450943111296
136,15,0.288833506744,0.356616377537
137,15,0.323999388449,0.449133644466
138,15,0.317600846178,0.392464439954
139,15,0.206053574841,0.26666279122
140,15,0.128241313131,0.156026966995
141,15,0.110041634392,0.149176284406
142,15,0.149166311188,0.190008554767
143,15,0.174982295743,0.246427558047
144,15,0.0991386193815,0.12805573879
145,15,0.122117770437,0.151488388587
146,15,0.162812346424,0.217484822292
147,15,0.11909260282,0.139631861544
148,15,0.168952629999,0.203518657275
149,15,0.0945882676411,0.119534827834
150,15,0.156988087516,0.195437994234
151,15,0.146181512327,0.183593049681
152,15,0.100652219341,0.127701510958
153,15,0.182777472083,0.241587852556
154,15,0.197275566624,0.292123953598
155,15,0.202757191787,0.2812139739
156,15,0.159606968244,0.203028827761
157,15,0.283058916872,0.351705630511
158,15,0.173584536381,0.213365639653
159,15,0.144803503494,0.168045540119
160,15,0.118983571294,0.152037595297
161,15,0.13961628712,0.17498483985
162,15,0.116233594181,0.156070954372
163,15,0.152693820801,0.190088500518
164,15,0.131197368868,0.158042480382
165,15,0.162445398964,0.206058995559
166,15,0.105478805251,0.137875009099
167,15,0.170992975048,0.215611639132
168,15,0.122958679466,0.156170704222
169,15,0.107786609308,0.133316522646
170,15,0.122380446694,0.144263757261
171,15,0.144191044422,0.181168317843
172,15,0.269023928959,0.321766394773
173,15,0.144162138524,0.165910085629
174,15,0.232021214018,0.30370728679
175,15,0.1180662958,0.143962531025
176,15,0.159101681161,0.20422875904
177,15,0.166210489743,0.205466721307
178,15,0.117426532515,0.151197271708
179,15,0.0963512984983,0.115834562589
180,15,0.104532010387,0.129538179804
181,15,0.119802073751,0.13820315464
182,15,0.116314396904,0.146881408007
183,15,0.0911332758322,0.107247495399
184,15,0.139763355098,0.16850473154
185,15,0.0844117318446,0.106839019096
186,15,0.0791294596095,0.099429212387
187,15,0.220241666474,0.249394997157
188,15,0.0979184676428,0.126420580704
189,15,0.165170288217,0.215978087362
190,15,0.121422165535,0.153760896986
191,15,0.184839382783,0.225951789717
192,15,0.124098362621,0.157236194866
193,15,0.135336439222,0.166534084922
194,15,0.12247283482,0.153362844738
195,15,0.197778223884,0.217935355017
196,15,0.230537191972,0.279129086247
197,15,0.369193923329,0.447426191637
198,15,0.196005969779,0.265425190068
199,15,0.170975463242,0.219124906885
200,15,0.215705198821,0.277252070236
201,15,0.323294013752,0.399382998807
202,15,0.446863569332,0.54374451948
203,15,0.721137074293,0.882272149458
204,15,0.378570830757,0.443498433699
205,15,0.672849630112,0.880498308198
206,15,0.508968764452,0.646001212727
207,15,0.462640782693,0.53917025038
208,15,0.61009629563,0.721349681215
209,15,0.45199097594,0.553105704159
210,15,0.755859157794,0.993089296969
211,15,0.788334862758,1.10201859244
212,15,0.56371773378,0.685814784624
213,15,0.709242236038,0.843017025725
214,15,1.03224277349,1.56030335121
215,15,0.655924910679,0.83167232173
216,15,0.552185444474,0.695550825947
217,15,0.353704895045,0.468760563616
218,15,0.310305069829,0.394246319956
219,15,0.244653382883,0.337378226031
220,15,0.22979328358,0.300636178836
221,15,0.357941365769,0.497153396354
222,15,0.17308428163,0.229921586818
223,15,0.160647796627,0.191519752618
224,15,0.141606056937,0.185089862997
225,15,0.154952116953,0.190294403437
226,15,0.145385180857,0.180766431222
227,15,0.24223988689,0.316891768915
228,15,0.340512587751,0.440540523765
229,15,0.484072765623,0.632193861798
230,15,0.61598316257,0.828369281496
231,15,0.563552851018,0.669870489428
232,15,0.999542530042,1.35225628418
233,15,0.819707856921,1.09243776591
234,15,0.646268648122,0.777346548555
235,15,0.979558285651,1.25125963767
236,15,0.431607700032,0.542533929512
237,15,0.485679922892,0.590620635713
238,15,0.411743545457,0.507418234924
239,15,0.359977225661,0.430128632066
240,15,0.336086205411,0.403324839565
241,15,0.286580355468,0.335193584867
242,15,0.399008481054,0.516750469592
243,15,0.541428199375,0.719132565421
244,15,0.725774671899,1.01050168384
245,15,0.764555348564,0.969754887678
246,15,0.696823005109,0.810253093887
247,15,0.645001783219,0.845384531022
248,15,0.470462026616,0.579953315368
249,15,0.349995486198,0.44896478412
250,15,0.291008953852,0.360328661781
251,15,0.281817680239,0.368896655992
252,15,0.228549518144,0.295579397585
253,15,0.269437627382,0.33505584135
254,15,0.189793041453,0.243038879901
255,15,0.185639397744,0.230895881134
256,15,0.100885813509,0.134041615083
257,15,0.17971410946,0.223266333326
258,15,0.145866525761,0.178707815859
259,15,0.178721124451,0.218593934882
260,15,0.298750690271,0.407184509875
261,15,0.215659924288,0.285044715746
262,15,0.225200819318,0.291458149678
263,15,0.221200518579,0.292333210771
264,15,0.512122513805,0.612683132528
265,15,0.519128009035,0.634763601463
266,15,0.360414711802,0.428440227069
267,15,0.457180412503,0.574914863434
268,15,0.261967907056,0.334333592934
269,15,0.254010599192,0.305992405259
270,15,0.213487674865,0.256485645741
271,15,0.201820303264,0.24763685924
272,15,0.239688886018,0.284693944241
273,15,0.129845268782,0.164480209528
274,15,0.183251250281,0.241228346641
275,15,0.167498403397,0.212981077014
276,15,0.280191180273,0.348360173672
277,15,0.191902651044,0.261690265228
278,15,0.187136443807,0.238158546054
279,15,0.106242315477,0.135116199855
280,15,0.210850699484,0.293656072774
281,15,0.214218611791,0.29666613714
282,15,0.229822530786,0.266288879304
283,15,0.165370322963,0.215565976928
284,15,0.156399083096,0.18268007473
285,15,0.184092194573,0.255785163164
286,15,0.148082629753,0.190141804421
287,15,0.141308414896,0.195125680669
288,15,0.174263733942,0.246414778918
289,15,0.185981324787,0.225807436973
290,15,0.150738133331,0.200811915713
291,15,0.144123076871,0.17326109868
292,15,0.152475370928,0.19314430683
293,15,0.120120026482,0.137579726255
294,15,0.130361357408,0.169365740119
295,15,0.126297581869,0.174589845605
296,15,0.124372556063,0.166525097407
297,15,0.114430466653,0.135699696289
298,15,0.151078099695,0.196167215314
299,15,0.136205423535,0.180415202649
300,15,0.111522785232,0.147177911543
301,15,0.14474316699,0.188398655963
302,15,0.125555326877,0.152937657176
303,15,0.133219043697,0.170361227867
304,15,0.132760492354,0.164831141363
305,15,0.113156975635,0.151357018013
306,15,0.13526431073,0.185342123747
307,15,0.111982423522,0.143764644377
308,15,0.130766218883,0.157849255286
309,15,0.217699854532,0.274743109281
310,15,0.147256735018,0.187575710534
311,15,0.329969256833,0.392890820074
312,15,0.352973277439,0.446508931518
313,15,0.674067667634,0.883922435975
314,15,0.3275581294,0.432123394928
315,15,0.238392493032,0.308849197186
316,15,0.198859911609,0.264156684764
317,15,0.187903565953,0.258528697596
318,15,0.175150144003,0.218997612065
319,15,0.269267333342,0.350100684056
320,15,0.173554650101,0.219799296554
321,15,0.150626281859,0.191383705907
322,15,0.132597156977,0.183212916675
323,15,0.171037717552,0.232116907021
324,15,0.150662055028,0.200279225069
325,15,0.139742003285,0.179407564823
326,15,0.263166406511,0.373344965098
327,15,0.363232559827,0.452825576107
328,15,0.224220491414,0.290847454879
329,15,0.195589129868,0.247886846412
330,15,0.150464632062,0.183238188321
331,15,0.157259579349,0.194982487368
332,15,0.257276479965,0.319959340266
333,15,0.368073811186,0.430443524985
334,15,0.462351341662,0.587677589464
335,15,0.636247056275,0.757760821486
