cycle,count,mae,rmse
50,5,0.101744351384,0.123827192838
51,5,0.0954164204805,0.11690931842
52,5,0.170108874084,0.203320834526
53,5,0.117968162831,0.142068727297
54,5,0.0989778008764,0.120218027418
55,5,0.105293327665,0.131278115508
56,5,0.0911509221814,0.118414123767
57,5,0.102439753005,0.1295598814
58,5,0.247745521464,0.280665653177
59,5,0.253242080208,0.291359395465
60,5,0.134627088107,0.161692723753
61,5,0.214362688772,0.243885167486
62,5,0.115954806038,0.137998105457
63,5,0.189835700409,0.231442529806
64,5,0.315630651871,0.376004437819
65,5,0.245834748702,0.30684381363
66,5,0.280060561712,0.33674089091
67,5,0.530583839708,0.636113433288
68,5,0.196962965608,0.240521303326
69,5,0.309049684473,0.366815493571
70,5,0.369642874182,0.467828377814
71,5,0.177445266307,0.213502212136
72,5,0.147750395894,0.185607983335
73,5,0.432521997904,0.516645903573
74,5,0.159834604325,0.194351382669
75,5,0.16147867171,0.189565187163
76,5,0.208825902382,0.244422996983
77,5,0.332825560031,0.394089579198
78,5,0.143456412711,0.179826983442
79,5,0.146807052054,0.170517900032
80,5,0.174209443216,0.202016312695
81,5,0.115848805237,0.152205281362
82,5,0.157032202188,0.195183677739
83,5,0.183558071957,0.245729517393
84,5,0.128936935693,0.152758347281
85,5,0.148030416111,0.175122966128
86,5,0.102453794893,0.132726224451
87,5,0.247179725598,0.280022778615
88,5,0.216244068546,0.281490375011
89,5,0.151238280101,0.181342554181
90,5,0.299304616827,0.366054534535
91,5,0.16782723005,0.205292654283
92,5,0.195055465927,0.245087203587
93,5,0.186124592403,0.223256555033
94,5,0.116021904533,0.136301931508
95,5,0.121109501829,0.156740189267
96,5,0.245996375271,0.30122545307
97,5,0.112761473888,0.137057083012
98,5,0.0900035412488,0.11274760335
99,5,0.163341389413,0.192512326845
100,5,0.23108549435,0.267102645197
101,5,0.118762272168,0.14826970598
102,5,0.165402756898,0.217682861004
103,5,0.145879245659,0.184382303478
104,5,0.265647825337,0.294603658701
105,5,0.113055343664,0.138754702566
106,5,0.120100998956,0.146669571391
107,5,0.1562171819,0.183659528189
108,5,0.173077682641,0.222512227105
109,5,0.181526294586,0.214130505699
110,5,0.209896284319,0.288073124174
111,5,0.175864342392,0.211457456397
112,5,0.162166660567,0.203597818231
113,5,0.381844788645,0.432340112669
114,5,0.144964200171,0.199809230607
115,5,0.139351063651,0.170170985535
116,5,0.151239922169,0.202015331725
117,5,0.206559217899,0.246967820115
118,5,0.189103764515,0.241494467143
119,5,0.307369587594,0.398788519082
120,5,0.910759130037,1.0672049102
121,5,0.574332714041,0.712602548318
122,5,0.658829001925,0.840641507719
123,5,0.536701255964,0.624488808955
124,5,0.430957908271,0.547112917052
125,5,0.586868101938,0.730483094222
126,5,0.4209225894,0.547546749301
127,5,0.513789468815,0.691144557198
128,5,0.180428022807,0.229202566965
129,5,0.182216281812,0.244548982031
130,5,0.196207055876,0.233600203932
131,5,0.164836206635,0.20653908946
132,5,0.272791111102,0.333373356876
133,5,0.39247896398,0.475673933955
134,5,0.32309144891,0.44132286665
135,5,0.626944974854,0.726778537956
136,5,0.389268736885,0.451977580783
137,5,0.326473633315,0.415350054973
138,5,0.204843696544,0.269396176735
139,5,0.220317902461,0.26093172037
140,5,0.0993752028139,0.128718494218
141,5,0.186888605164,0.220687428551
142,5,0.177631770199,0.234530205818
143,5,0.168324644647,0.234900702391
144,5,0.117402441982,0.141199718806
145,5,0.104925132123,0.141589382677
146,5,0.185445191663,0.20835839794
147,5,0.176833569333,0.200990884674
148,5,0.102232760326,0.124679949236
149,5,0.117198796012,0.14369989057
150,5,0.101422846619,0.126595331629
151,5,0.165556009336,0.201416995142
152,5,0.110388086487,0.137986448997
153,5,0.229204674049,0.290525286855
154,5,0.187320201896,0.263731740914
155,5,0.305874265472,0.375327610001
156,5,0.140463712034,0.169622301389
157,5,0.271854405277,0.327823264504
158,5,0.189482002128,0.250511248807
159,5,0.115329652646,0.146845679068
160,5,0.142694181856,0.182024951715
161,5,0.129512144622,0.168609884025
162,5,0.332961624627,0.36578097686
163,5,0.124941472803,0.142389703267
164,5,0.214098745658,0.261756475419
165,5,0.129531473998,0.173818659539
166,5,0.236098679005,0.271891373888
167,5,0.186873898234,0.229813621982
168,5,0.191304281113,0.213940592521
169,5,0.118519902583,0.144068078125
170,5,0.102785048979,0.122315197663
171,5,0.216146423194,0.250217510092
172,5,0.213335842394,0.267086210491
173,5,0.172925073018,0.212477897731
174,5,0.132809790893,0.163126407322
175,5,0.170404612883,0.193524416817
176,5,0.158115499311,0.191064141284
177,5,0.144315667987,0.163911390992
178,5,0.0898239404202,0.113418302681
179,5,0.141521252338,0.167781591162
180,5,0.0900324644868,0.112516084029
181,5,0.0894542495426,0.105571771692
182,5,0.115894236716,0.144625461003
183,5,0.205006512026,0.226938815684
184,5,0.105128774717,0.130793207545
185,5,0.0999208680116,0.129998628686
186,5,0.224283446372,0.244697503186
187,5,0.0904412790567,0.116712440517
188,5,0.208074578335,0.240101133498
189,5,0.146809968095,0.171261369314
190,5,0.107920472837,0.150851399513
191,5,0.148086413196,0.188554669772
192,5,0.184309368173,0.215822219285
193,5,0.185125683707,0.2055069261
194,5,0.118113833239,0.148498802221
195,5,0.0922242839915,0.112873518592
196,5,0.131392508615,0.178971087304
197,5,0.207616276293,0.299663911788
198,5,0.225744339365,0.307072197652
199,5,0.14947811348,0.214187465613
200,5,0.268368698167,0.344188432798
201,5,0.340441454998,0.425254418176
202,5,0.495002194849,0.580403243338
203,5,0.570055823958,0.634386125626
204,5,0.470693582406,0.572244980229
205,5,0.583698870519,0.68281080848
206,5,0.588865490752,0.698026732889
207,5,0.719170080326,0.943539727211
208,5,0.523005192711,0.648518408696
209,5,0.616399548521,0.783790121696
210,5,0.78719840679,0.988418902394
211,5,0.974804880526,1.14180197404
212,5,0.612122187171,0.735241378284
213,5,0.647163227559,0.813964321487
214,5,0.735423960079,1.1403666776
215,5,0.801406237979,1.01944509248
216,5,0.755917316223,0.858745466247
217,5,0.403870458126,0.487354386734
218,5,0.332115849738,0.427794743615
219,5,0.350148478854,0.488674133446
220,5,0.272517508239,0.353502002942
221,5,0.331444698538,0.408996480061
222,5,0.189198298702,0.242165929674
223,5,0.14550239364,0.178291290111
224,5,0.134844861403,0.180236083977
225,5,0.148183417021,0.185751425153
226,5,0.168473039082,0.225980704138
227,5,0.206418251259,0.26214082559
228,5,0.335230594174,0.407663295816
229,5,0.55100334586,0.67101379314
230,5,0.470289494823,0.546985748314
231,5,0.557119969036,0.661361803868
232,5,0.982356611457,1.07871421863
233,5,1.20999088294,1.51842510372
234,5,0.723543672028,0.832653904134
235,5,0.611980887909,0.716298813755
236,5,0.437526428633,0.55229462324
237,5,0.482328451981,0.570841199226
238,5,0.382309848083,0.488251629671
239,5,0.462933514659,0.546440807743
240,5,0.321192656134,0.416926352898
241,5,0.300988909118,0.384796062776
242,5,0.662894732552,0.761915897313
243,5,0.691736942381,0.84638150381
244,5,0.622277757183,0.785842438115
245,5,0.680204048131,0.8241444008
246,5,0.637680916901,0.821516724707
247,5,0.53589516096,0.656905800993
248,5,0.605983560649,0.755095194599
249,5,0.36613697737,0.46237978886
250,5,0.371936168883,0.473011170079
251,5,0.29476547708,0.372233128479
252,5,0.235587563889,0.294195032198
253,5,0.244518373434,0.312593420783
254,5,0.228373478268,0.268037899784
255,5,0.128632479536,0.153752705491
256,5,0.154229140143,0.196924815838
257,5,0.250471242797,0.303654128328
258,5,0.125462316559,0.163316644093
259,5,0.122323733579,0.162448258451
260,5,0.183756886477,0.236089653026
261,5,0.348822410806,0.422469571189
262,5,0.238474003035,0.29984791672
263,5,0.205942584249,0.276029297156
264,5,0.358653689138,0.437809920082
265,5,0.513705161643,0.659571383869
266,5,0.399113605819,0.498781821804
267,5,0.346422897758,0.478750594281
268,5,0.444528617513,0.548000109023
269,5,0.193671623581,0.249738513407
270,5,0.28441983752,0.353316156038
271,5,0.434049970535,0.514127521017
272,5,0.166127922076,0.204511382745
273,5,0.146016106927,0.172463060481
274,5,0.184750553095,0.229953848451
275,5,0.236909800699,0.286443005526
276,5,0.36641840865,0.440908158393
277,5,0.211359021148,0.25729896354
278,5,0.09808033917,0.124425113055
279,5,0.16003230597,0.213294441089
280,5,0.150960818049,0.202574610891
281,5,0.271690594837,0.348357633293
282,5,0.25710274577,0.318442113203
283,5,0.287931443859,0.327152183246
284,5,0.243243163949,0.300241038956
285,5,0.124099298333,0.152532292064
286,5,0.26721154164,0.306403642455
287,5,0.261897431917,0.334934951739
288,5,0.145047446841,0.185394512717
289,5,0.411796275887,0.472200876406
290,5,0.227226629106,0.277483238591
291,5,0.18342750563,0.228427843508
292,5,0.161280366063,0.188951178912
293,5,0.107512983433,0.140571098559
294,5,0.116638121218,0.152956144633
295,5,0.228705144434,0.27458509036
296,5,0.103489618803,0.129891249385
297,5,0.172877866002,0.204179698496
298,5,0.215727726884,0.267654572482
299,5,0.11539674415,0.151609322017
300,5,0.14785226816,0.204152150797
301,5,0.199244812243,0.235699877644
302,5,0.203194765279,0.245382973954
303,5,0.105658296594,0.134883321839
304,5,0.158610940755,0.190483196943
305,5,0.12104382533,0.158735381311
306,5,0.173588121695,0.216804110813
307,5,0.218405129214,0.249138068879
308,5,0.161554764552,0.203378444774
309,5,0.25131934702,0.32525586308
310,5,0.172081893332,0.216276057848
311,5,0.267894486822,0.328541298183
312,5,0.418992989843,0.535487747028
313,5,0.680553481949,0.87051452661
314,5,0.385590995007,0.483571276213
315,5,0.224353061341,0.271002516618
316,5,0.354615258686,0.45089947768
317,5,0.288359320427,0.359279328875
318,5,0.197149336935,0.244674080102
319,5,0.621360488955,0.730503474235
320,5,0.164183763095,0.21200637744
321,5,0.169813538498,0.213711001622
322,5,0.170661333959,0.215064108908
323,5,0.344033903159,0.406728587111
324,5,0.170264660974,0.213382698472
325,5,0.175827397245,0.228004221692
326,5,0.274428998922,0.364473915933
327,5,0.359593774619,0.454261617269
328,5,0.259217181572,0.338719489338
329,5,0.473000183243,0.520542476469
330,5,0.220378569465,0.263184081926
331,5,0.161486071843,0.206177523258
332,5,0.367897732885,0.445409842694
333,5,0.407471941963,0.480599263467
334,5,0.588964407411,0.803280411694
335,5,0.494606016622,0.575836167426
