cycle,count,mae,rmse
50,5,0.114539874719,0.140119482701
51,5,0.124512868507,0.147304567296
52,5,0.0892538089355,0.11305154925
53,5,0.0997446237222,0.130128135688
54,5,0.10133820886,0.123233023083
55,5,0.113729950816,0.147117137216
56,5,0.161266338757,0.181849788607
57,5,0.139645861522,0.166372268223
58,5,0.216499109896,0.261047668159
59,5,0.208511410261,0.242146136664
60,5,0.116933245109,0.150659129699
61,5,0.202295747138,0.245667752331
62,5,0.146081693938,0.176656411622
63,5,0.18713483637,0.227683991721
64,5,0.236141159065,0.298005954357
65,5,0.226135331323,0.269755066614
66,5,0.301062635285,0.387287384859
67,5,0.635185079233,0.752237635114
68,5,0.131756944817,0.164414770241
69,5,0.2420217214,0.287452413206
70,5,0.325755830913,0.415827732141
71,5,0.253602503494,0.299023699942
72,5,0.137982198737,0.169818706526
73,5,0.458706376209,0.618716347715
74,5,0.109103111753,0.130432600806
75,5,0.127601024648,0.158837014833
76,5,0.233310039901,0.276420645072
77,5,0.201403050325,0.26355458732
78,5,0.177332506271,0.214361133824
79,5,0.145995353036,0.170397533457
80,5,0.13245267472,0.161325282329
81,5,0.103110288326,0.130088429124
82,5,0.153527336895,0.188013250488
83,5,0.252495757477,0.296984263601
84,5,0.171963673149,0.203181153804
85,5,0.0942918164976,0.12090182047
86,5,0.0787671137806,0.10338806154
87,5,0.108786698406,0.139661493091
88,5,0.186799090266,0.248427187313
89,5,0.122658059781,0.153914191686
90,5,0.213826648286,0.275208993346
91,5,0.138331591511,0.172128419255
92,5,0.150919893307,0.192475799177
93,5,0.147352664033,0.196209162503
94,5,0.122773262303,0.148345186359
95,5,0.171964572669,0.221946862903
96,5,0.312054172913,0.403737507722
97,5,0.0906894891533,0.117499347037
98,5,0.155085946411,0.190842502762
99,5,0.106357153604,0.13152253548
100,5,0.202052769645,0.252784894896
101,5,0.142587274975,0.181772753808
102,5,0.111622647777,0.137962418137
103,5,0.10044104939,0.132307993046
104,5,0.222672336303,0.251997683707
105,5,0.120945308278,0.147243188302
106,5,0.109409574513,0.142662451497
107,5,0.0954756788901,0.121150534863
108,5,0.12785580547,0.163030738222
109,5,0.227448161128,0.279130917931
110,5,0.188753335837,0.26980088595
111,5,0.246212647696,0.30033760958
112,5,0.168025233863,0.225637115074
113,5,0.163030002218,0.215113531196
114,5,0.166452274738,0.224619565572
115,5,0.212191279676,0.273762494236
116,5,0.148515009572,0.196772814137
117,5,0.26232039654,0.336256224591
118,5,0.262902674965,0.322824143631
119,5,0.283109071663,0.375281853195
120,5,0.678405521987,0.87540471037
121,5,0.540127148074,0.663892187597
122,5,0.655989726446,0.880993928498
123,5,0.540304961612,0.670307116492
124,5,0.459126707239,0.614369194954
125,5,0.590000679232,0.786870539503
126,5,0.451225712496,0.601214018692
127,5,0.521655922298,0.673553816998
128,5,0.291737187776,0.349551397347
129,5,0.163946802624,0.239027827283
130,5,0.088370793877,0.117746995537
131,5,0.162262800275,0.200471431784
132,5,0.413497079896,0.489248725155
133,5,0.600236154503,0.687455194553
134,5,0.403039042928,0.520272370597
135,5,0.547290424722,0.623627007894
136,5,0.353339868491,0.427433457084
137,5,0.352587118561,0.411066561912
138,5,0.219933843078,0.30226602316
139,5,0.158755616254,0.193967780693
140,5,0.137136974595,0.170735059065
141,5,0.107696329197,0.135517326377
142,5,0.149816871001,0.188375682549
143,5,0.238161292437,0.298576975971
144,5,0.162137604274,0.197271367227
145,5,0.0909316592006,0.122992446568
146,5,0.148737126585,0.17543025114
147,5,0.17388996325,0.2135906482
148,5,0.142168700432,0.171897824221
149,5,0.156603327827,0.186563507558
150,5,0.126933971057,0.161530394581
151,5,0.130729021566,0.160664647954
152,5,0.173843911778,0.214479462752
153,5,0.15590562464,0.204824049002
154,5,0.17565308297,0.256632059924
155,5,0.186293754638,0.267126407432
156,5,0.13466806728,0.170265363611
157,5,0.283713038821,0.350073081972
158,5,0.182108547349,0.267723506432
159,5,0.102764900117,0.13527689558
160,5,0.160517193857,0.194829779112
161,5,0.116277704656,0.152115276002
162,5,0.125838307602,0.152397538539
163,5,0.10909830242,0.132433752422
164,5,0.1777196349,0.224557604816
165,5,0.193737193842,0.242292804679
166,5,0.176803542085,0.210951542087
167,5,0.158229717149,0.192706341693
168,5,0.140869114416,0.178215548417
169,5,0.103867924205,0.133290740734
170,5,0.0965219559583,0.120221823848
171,5,0.107116390217,0.133710931605
172,5,0.21649415544,0.241881391365
173,5,0.131591580803,0.171290590883
174,5,0.186234078103,0.231939156978
175,5,0.122255923791,0.155328950665
176,5,0.0946475197427,0.114209871876
177,5,0.0872740248212,0.103685282814
178,5,0.163544297194,0.183051586804
179,5,0.111577408035,0.134275281307
180,5,0.0779776328627,0.0966522446305
181,5,0.123468263932,0.147925192829
182,5,0.174063513943,0.206436247936
183,5,0.169678113479,0.193377223659
184,5,0.082383022285,0.0974310857935
185,5,0.0618503527986,0.0778372545509
186,5,0.090356912515,0.111122420836
187,5,0.125132479638,0.150773802801
188,5,0.11866336492,0.146804407838
189,5,0.149912038932,0.172727273143
190,5,0.197475381356,0.219854422743
191,5,0.310199164756,0.346094418826
192,5,0.131828328011,0.17255381018
193,5,0.101375894239,0.141582020518
194,5,0.165977515858,0.201659530204
195,5,0.0655274087673,0.0840284181372
196,5,0.221843746415,0.258742730002
197,5,0.21362358507,0.294696215857
198,5,0.193395519751,0.309223967447
199,5,0.313384961858,0.376350267521
200,5,0.246750451457,0.307402277582
201,5,0.409401823209,0.496918751786
202,5,0.504411287009,0.573093083695
203,5,0.472430302988,0.576317748372
204,5,0.34667098992,0.48798506577
205,5,0.62668275738,0.792924256599
206,5,0.712142007897,0.833952399457
207,5,0.485780087461,0.560505504417
208,5,0.469804884138,0.585190361239
209,5,0.513290557106,0.646835074803
210,5,0.67293168284,0.780967111263
211,5,0.844294519547,1.01429689185
212,5,0.587504069449,0.731570911781
213,5,0.632783409898,0.810358888333
214,5,0.693193754449,1.00479844766
215,5,0.667662937249,0.979268406135
216,5,0.560830018867,0.69607613657
217,5,0.562096793427,0.686638564898
218,5,0.381087440304,0.491229979838
219,5,0.368727194195,0.486961370991
220,5,0.248573404559,0.314794199657
221,5,0.218298467111,0.304690656964
222,5,0.2755332415,0.350705658301
223,5,0.138019793491,0.167689754445
224,5,0.135775474289,0.176942839979
225,5,0.152418452037,0.192769177618
226,5,0.22800171721,0.271684352195
227,5,0.211276232094,0.250688837929
228,5,0.317081731002,0.415379265747
229,5,0.468593390545,0.594230549952
230,5,0.760091931691,0.883930266442
231,5,0.669420575142,0.778547499239
232,5,0.920578095627,1.12148489984
233,5,1.20961576691,1.35819986542
234,5,0.421400339393,0.542219623928
235,5,0.862195678844,1.03491542933
236,5,0.564942348391,0.680062340378
237,5,0.437105780623,0.537071330451
238,5,0.452851487057,0.607908592828
239,5,0.511768515452,0.607139336922
240,5,0.482640214281,0.547213267795
241,5,0.302110815235,0.369971005222
242,5,0.530913823488,0.656657071784
243,5,0.509567453166,0.619690295676
244,5,0.867477546725,1.03963938475
245,5,0.834575555796,1.00662449503
246,5,1.11111621107,1.29288057792
247,5,0.672435428815,0.846474849981
248,5,0.510992032767,0.646578761969
249,5,0.608760235529,0.750077026523
250,5,0.324409002428,0.410332761845
251,5,0.43287604838,0.51942743296
252,5,0.204996625223,0.248744354867
253,5,0.280726227865,0.343332815284
254,5,0.236146574887,0.317001034328
255,5,0.0988115667537,0.118554248711
256,5,0.121349283408,0.144203077896
257,5,0.207591100384,0.269098161996
258,5,0.121895906998,0.161978463634
259,5,0.132068038771,0.160981393739
260,5,0.260844754544,0.305219608339
261,5,0.296671971629,0.398427099963
262,5,0.296245577026,0.368157795297
263,5,0.216327524206,0.281954742235
264,5,0.398572675729,0.528677120083
265,5,0.47231773796,0.553104100028
266,5,0.321681705902,0.382720680352
267,5,0.360931388076,0.443409356171
268,5,0.399110622623,0.50582103905
269,5,0.314641125385,0.390664167015
270,5,0.239989297907,0.306010226781
271,5,0.201810892765,0.238728973621
272,5,0.195495319058,0.237586023209
273,5,0.13165107804,0.165651566756
274,5,0.177621313923,0.22470540643
275,5,0.189396776624,0.229740198185
276,5,0.254385557273,0.355701932421
277,5,0.232956663858,0.289622416331
278,5,0.133428492367,0.161461490389
279,5,0.257694252874,0.317907669393
280,5,0.188782034138,0.24616694462
281,5,0.193586379698,0.256033094907
282,5,0.262237530457,0.30935576568
283,5,0.154925971015,0.205555270717
284,5,0.124735147562,0.15415908059
285,5,0.150300346149,0.184220711978
286,5,0.145865487326,0.183191441847
287,5,0.18067463151,0.203317217804
288,5,0.15850576849,0.193943165537
289,5,0.192340098791,0.265886561096
290,5,0.138328231141,0.194097506587
291,5,0.245806860458,0.287141125883
292,5,0.192427739029,0.21902232481
293,5,0.0941508342373,0.118121774687
294,5,0.105836798939,0.146754844854
295,5,0.178795349022,0.232211110942
296,5,0.124943146855,0.14881186514
297,5,0.236384417873,0.283580096205
298,5,0.138618546923,0.180221519944
299,5,0.119861411807,0.167096128759
300,5,0.166429831174,0.227293804393
301,5,0.163710852551,0.204699366772
302,5,0.151868805603,0.198167990368
303,5,0.137958728808,0.18153427131
304,5,0.214701358321,0.247309208392
305,5,0.171536256747,0.22982438423
306,5,0.1759377936,0.233328616548
307,5,0.153933635665,0.191044332057
308,5,0.189043084178,0.212114594488
309,5,0.266244243689,0.33988856568
310,5,0.214876344394,0.24791586933
311,5,0.260144580593,0.311876395077
312,5,0.369575769704,0.472204518294
313,5,0.656090823135,0.815694887875
314,5,0.420683962106,0.502599837086
315,5,0.280084483853,0.326357290282
316,5,0.367024289265,0.445699288617
317,5,0.380776086631,0.474767613986
318,5,0.276986416188,0.322747802664
319,5,0.291506043044,0.355933912397
320,5,0.166311442517,0.222633618318
321,5,0.0762964436493,0.103729013454
322,5,0.161091318426,0.214879042486
323,5,0.169786049282,0.220216546379
324,5,0.132894180249,0.178618956599
325,5,0.180339079995,0.24307443757
326,5,0.213392456499,0.270818325696
327,5,0.6958535286,0.83697931227
328,5,0.310416601083,0.38215418031
329,5,0.289065256952,0.340303534844
330,5,0.257483815587,0.317379468303
331,5,0.152974677283,0.194283081915
332,5,0.336840701256,0.408245908628
333,5,0.390457228952,0.466772170235
334,5,0.649620971743,0.874558928297
335,5,0.771157129764,0.966217286133
