cycle,count,mae,rmse
50,25,0.104754283644,0.128202404893
51,25,0.112173290803,0.135939665667
52,25,0.125554424427,0.169223378406
53,25,0.124209525916,0.154278876061
54,25,0.0860123227656,0.104113114926
55,25,0.0944166796232,0.118373354805
56,25,0.104081574005,0.129749904972
57,25,0.164727875595,0.20286984916
58,25,0.195986464766,0.238109843666
59,25,0.167384781318,0.216502442795
60,25,0.143906728455,0.169102015854
61,25,0.179028471891,0.222737462544
62,25,0.130088852828,0.157924471035
63,25,0.141030297316,0.180997159778
64,25,0.225512575127,0.265708712488
65,25,0.175619825776,0.22583642696
66,25,0.333971157664,0.3989798113
67,25,0.615034846837,0.703456767611
68,25,0.132422134681,0.177420679369
69,25,0.275861730106,0.355428561173
70,25,0.240707594627,0.312327063644
71,25,0.186216309158,0.227244785089
72,25,0.222267142788,0.25956015016
73,25,0.467019605608,0.619815094989
74,25,0.150927524575,0.17828629906
75,25,0.0921069407781,0.110123286084
76,25,0.137111591979,0.176199307614
77,25,0.165157558622,0.218577520782
78,25,0.170419779416,0.211577748624
79,25,0.0891132873247,0.108551873621
80,25,0.150184793373,0.183644223442
81,25,0.0985334059556,0.12164468628
82,25,0.16840103326,0.205877022491
83,25,0.277284597708,0.327313417165
84,25,0.170636605233,0.202528750482
85,25,0.104500227235,0.129256950378
86,25,0.151965438943,0.18054995525
87,25,0.138519104429,0.172852658713
88,25,0.206654331136,0.251158238651
89,25,0.117394204043,0.147925144027
90,25,0.246959467541,0.314853170749
91,25,0.139444611114,0.166160645961
92,25,0.15130907664,0.183554697198
93,25,0.147270050671,0.180484528008
94,25,0.103333549218,0.136087999498
95,25,0.141992878963,0.172649841195
96,25,0.207288214173,0.275474389177
97,25,0.183766399374,0.229533603621
98,25,0.150965334886,0.177308490805
99,25,0.132822602746,0.16462361351
100,25,0.17956037203,0.220991894014
101,25,0.190454060174,0.234442960125
102,25,0.108041237021,0.133001186451
103,25,0.109319743457,0.133409980631
104,25,0.142007066262,0.169184658859
105,25,0.134494212178,0.164751718345
106,25,0.158842567936,0.198922581317
107,25,0.120454028637,0.140499971035
108,25,0.14367721945,0.180050366763
109,25,0.149859425942,0.182226477928
110,25,0.186213819401,0.264088179094
111,25,0.144646178549,0.179330447012
112,25,0.133350599199,0.164633295602
113,25,0.137554501418,0.167119404179
114,25,0.145495121541,0.181303727811
115,25,0.121952830376,0.160668111428
116,25,0.26405074056,0.31099584124
117,25,0.218469185228,0.264205066131
118,25,0.164935233738,0.20409794392
119,25,0.245679786662,0.303064065017
120,25,0.713703294437,0.950749208455
121,25,0.620629830118,0.771247981256
122,25,0.856373199833,1.12287918001
123,25,0.57003565141,0.67238668226
124,25,0.432260188923,0.527386345227
125,25,0.648888501247,0.794097371594
126,25,0.68544727788,0.873521501435
127,25,0.468680727541,0.63118433828
128,25,0.163633549473,0.216417520444
129,25,0.203905742947,0.269379297158
130,25,0.121836829708,0.151052917945
131,25,0.149158123528,0.209310572073
132,25,0.339311630802,0.410285878454
133,25,0.388269856138,0.462194904513
134,25,0.335212153848,0.396455086924
135,25,0.350572149713,0.41539704707
136,25,0.221927482756,0.265201865985
137,25,0.287267595789,0.340642272568
138,25,0.208721868266,0.277752064658
139,25,0.150580725862,0.178638287289
140,25,0.114889053483,0.142898180368
141,25,0.0939025787606,0.1288316123
142,25,0.128214276146,0.164839922783
143,25,0.169904187852,0.233543796808
144,25,0.10195920646,0.133694020671
145,25,0.128930283593,0.1630090649
146,25,0.131946871485,0.155144955253
147,25,0.102676920847,0.122233183791
148,25,0.145051732758,0.176726673676
149,25,0.101888882899,0.130844061742
150,25,0.0866167531756,0.116186455432
151,25,0.101089781907,0.131396322899
152,25,0.100693594777,0.132909265988
153,25,0.185028153877,0.250340673127
154,25,0.1787413908,0.272246560406
155,25,0.199660577048,0.271823782785
156,25,0.110969192737,0.140369320322
157,25,0.212357129209,0.26742348385
158,25,0.209885255196,0.269398249867
159,25,0.154754879256,0.195408185522
160,25,0.162974032347,0.197377778344
161,25,0.125032864352,0.15698090788
162,25,0.135780829816,0.162245896412
163,25,0.162047464247,0.188438543936
164,25,0.131538836531,0.169922053073
165,25,0.134385058371,0.172359821459
166,25,0.10806625234,0.141157809313
167,25,0.168420336079,0.20489711016
168,25,0.132233865044,0.163054318187
169,25,0.112861869082,0.142472348
170,25,0.144797244954,0.186080450689
171,25,0.154263631382,0.185153881359
172,25,0.176157025212,0.220489578875
173,25,0.141031528896,0.168871355919
174,25,0.172188888424,0.210860845027
175,25,0.131867749241,0.173174013489
176,25,0.128557193809,0.159252970016
177,25,0.112140047552,0.136873988106
178,25,0.123916640443,0.147646695559
179,25,0.0872643888776,0.104828513006
180,25,0.109326413777,0.139443587044
181,25,0.114316419733,0.132542839455
182,25,0.0920443578072,0.118164226317
183,25,0.11957028308,0.144793059902
184,25,0.08757363395,0.109073399114
185,25,0.0732533356382,0.0941080836042
186,25,0.0861309084547,0.11233045884
187,25,0.112335605368,0.149015966401
188,25,0.126695579933,0.148845669519
189,25,0.12165582075,0.150095936175
190,25,0.131106204838,0.163310063405
191,25,0.128450324525,0.164125756802
192,25,0.203818081597,0.232020292361
193,25,0.168830742463,0.191825064588
194,25,0.122132927278,0.148152280583
195,25,0.0997582097633,0.127567203704
196,25,0.149867982956,0.197917292115
197,25,0.221590624066,0.277662453098
198,25,0.155874683864,0.261898901344
199,25,0.196929399057,0.245629489661
200,25,0.199067222712,0.256554591581
201,25,0.285498922629,0.350109396924
202,25,0.488710595344,0.586220464517
203,25,0.474101570383,0.579134160683
204,25,0.318995449705,0.375117238779
205,25,0.299203002507,0.376281405824
206,25,0.737507706012,0.906114849203
207,25,0.380698893951,0.459144786655
208,25,0.561679964563,0.702944847128
209,25,0.378596992051,0.461987323646
210,25,0.374790821666,0.472551904257
211,25,1.11329401566,1.43900344011
212,25,0.482167003231,0.580628881417
213,25,0.622300885611,0.804717161264
214,25,0.816574489068,1.10469672658
215,25,0.775562341431,1.19794325405
216,25,0.564188404778,0.739360567165
217,25,0.372560986448,0.443123585548
218,25,0.27931656511,0.359087050555
219,25,0.249548317552,0.32150520982
220,25,0.239827081493,0.317324995236
221,25,0.236190870432,0.313049108198
222,25,0.231476501481,0.284279476772
223,25,0.14265457099,0.190761167871
224,25,0.113812149915,0.157785364878
225,25,0.139821110281,0.16570374825
226,25,0.199268148785,0.250608016223
227,25,0.183961451061,0.226312174273
228,25,0.314611037503,0.386003145686
229,25,0.551792989012,0.679067585842
230,25,0.558241016491,0.745630690417
231,25,0.318851183294,0.388910314529
232,25,0.824293065215,1.00573467658
233,25,0.809855601501,1.06368782303
234,25,0.481115639214,0.579720771465
235,25,0.45270592326,0.543782112285
236,25,0.402005834864,0.497322286757
237,25,0.390103683907,0.470101759015
238,25,0.29690490928,0.372672585856
239,25,0.384203952597,0.495808560742
240,25,0.234910399622,0.293636540511
241,25,0.267501041086,0.310256824531
242,25,0.365138091686,0.463038333385
243,25,0.508052358938,0.633075781788
244,25,0.578919996034,0.723174729011
245,25,0.52399637739,0.685555750815
246,25,0.462159094455,0.56023628031
247,25,0.408540841288,0.520812476669
248,25,0.310599174652,0.404912303229
249,25,0.318277717639,0.379886448139
250,25,0.241518535515,0.317296175463
251,25,0.293616001809,0.337689650533
252,25,0.152782856436,0.204710661941
253,25,0.232803993291,0.272311869999
254,25,0.15616637878,0.203805962724
255,25,0.148852923242,0.184736070406
256,25,0.100557439232,0.13263526712
257,25,0.192980726356,0.226612216764
258,25,0.141242686053,0.173604096466
259,25,0.148011396791,0.187451115521
260,25,0.166689462739,0.197405984177
261,25,0.214245331923,0.277422683367
262,25,0.195773222346,0.250052542981
263,25,0.174918006353,0.22851351613
264,25,0.364046566236,0.461791879242
265,25,0.352082207418,0.450606799693
266,25,0.3703496729,0.449911022044
267,25,0.261760617308,0.338946918544
268,25,0.288712092687,0.356184957025
269,25,0.196844915929,0.245709134708
270,25,0.246503401897,0.310957541415
271,25,0.179610072385,0.216372351673
272,25,0.132051363243,0.172574604879
273,25,0.138228235337,0.172412979766
274,25,0.145731173933,0.17751115116
275,25,0.164872976519,0.210437981357
276,25,0.304137968496,0.366904002205
277,25,0.158205940234,0.207347900235
278,25,0.11596425733,0.155076887808
279,25,0.132145423903,0.180050505906
280,25,0.168100003509,0.2215679846
281,25,0.162059437227,0.218971679893
282,25,0.179848278874,0.218864218822
283,25,0.177570528567,0.219217829651
284,25,0.163785693242,0.192321905789
285,25,0.15134458635,0.184052992864
286,25,0.121412390727,0.154679005194
287,25,0.127364786403,0.174633784047
288,25,0.117444351435,0.149634588325
289,25,0.153231009278,0.195407038088
290,25,0.190231682055,0.231200719918
291,25,0.179819938481,0.221475309986
292,25,0.085136754904,0.100849960641
293,25,0.133214442983,0.161298015909
294,25,0.0930085547383,0.134213957565
295,25,0.12264657796,0.167382778963
296,25,0.104718623034,0.137849955226
297,25,0.12430317102,0.150788187823
298,25,0.126148149441,0.162639479118
299,25,0.131615238311,0.166994628815
300,25,0.120070645914,0.156602395544
301,25,0.164316073034,0.19676265816
302,25,0.12073191909,0.151084897025
303,25,0.112490872968,0.152970360115
304,25,0.0983462955139,0.12845084316
305,25,0.171991678413,0.232341337998
306,25,0.115519861334,0.161664792684
307,25,0.111945316818,0.144082410097
308,25,0.109090317153,0.132417214325
309,25,0.203934281113,0.265483409609
310,25,0.159482310664,0.197725446543
311,25,0.255877247362,0.310113800759
312,25,0.413130013879,0.535269816491
313,25,0.50239153127,0.692652622528
314,25,0.276149048566,0.348676244253
315,25,0.167763080526,0.205478999138
316,25,0.263814654272,0.356786197552
317,25,0.248719022737,0.325314569808
318,25,0.191202635319,0.227105375748
319,25,0.236844142797,0.309642449532
320,25,0.169403081898,0.223481817076
321,25,0.11998727428,0.157487098286
322,25,0.127231337269,0.172985496898
323,25,0.175143926322,0.234818595489
324,25,0.146678768138,0.193124896497
325,25,0.189718075867,0.237189839127
326,25,0.178575235192,0.217221867569
327,25,0.360348115028,0.438563165878
328,25,0.297827325884,0.383382579926
329,25,0.139578529349,0.195368213432
330,25,0.163738970351,0.20644827376
331,25,0.151695411872,0.188015465292
332,25,0.290034682823,0.352792189463
333,25,0.298901271473,0.358853779129
334,25,0.711393562698,0.823025796912
335,25,0.404896881097,0.489096482912
