cycle,count,mae,rmse
50,20,0.105436182358,0.127708395192
51,20,0.133662021021,0.161009689465
52,20,0.134517878082,0.169331833317
53,20,0.123770977966,0.153647479816
54,20,0.106887930719,0.130685327803
55,20,0.119530806748,0.143379052122
56,20,0.0854972991913,0.114039358376
57,20,0.105480029761,0.134878868571
58,20,0.162975853984,0.198908381249
59,20,0.174800757259,0.20755154058
60,20,0.18329964277,0.208418753955
61,20,0.133569186766,0.169892366882
62,20,0.10976693257,0.136282592077
63,20,0.156972003714,0.192241207085
64,20,0.233451795696,0.27722629029
65,20,0.193000228666,0.237537894434
66,20,0.32102755919,0.398146862599
67,20,0.468033659945,0.567899102218
68,20,0.185707970695,0.231686498642
69,20,0.295584579047,0.353596421299
70,20,0.283281901369,0.36681618083
71,20,0.234082416314,0.284915241579
72,20,0.194774464352,0.240866850045
73,20,0.393984222316,0.505939445045
74,20,0.113214253955,0.140693175286
75,20,0.161674291808,0.209717411426
76,20,0.113588526572,0.141682902942
77,20,0.153070682268,0.209910147157
78,20,0.140168671524,0.180199591925
79,20,0.155138712869,0.193755411885
80,20,0.123600487467,0.152425688292
81,20,0.10506685644,0.133558737451
82,20,0.153838034757,0.200465822703
83,20,0.321309634836,0.389814874538
84,20,0.150338741628,0.178941356857
85,20,0.139169876796,0.170842202029
86,20,0.12083702445,0.146815697777
87,20,0.121334204525,0.150563967063
88,20,0.204732790796,0.255468491326
89,20,0.15934758942,0.19084296189
90,20,0.244389079302,0.308409376006
91,20,0.144436845885,0.199562143733
92,20,0.156291495116,0.188586080213
93,20,0.178118223983,0.219554762671
94,20,0.130834350528,0.167646222594
95,20,0.112316471266,0.141188595113
96,20,0.235049536421,0.290375606128
97,20,0.106012091841,0.126041308335
98,20,0.096186383087,0.119811373878
99,20,0.103817520612,0.128893589742
100,20,0.149782661895,0.190345441921
101,20,0.197754421895,0.24591141685
102,20,0.153124655036,0.190828639832
103,20,0.103899571058,0.128207124982
104,20,0.182983992815,0.227602242675
105,20,0.227432067847,0.265126667772
106,20,0.129777183009,0.158697640702
107,20,0.129084615959,0.159904080257
108,20,0.129389692735,0.167780315593
109,20,0.134663519542,0.178938300549
110,20,0.154518656919,0.22237096373
111,20,0.140874723874,0.178834008899
112,20,0.147646223967,0.181060529031
113,20,0.162745597589,0.202880835056
114,20,0.206050968352,0.246051388239
115,20,0.117654302134,0.148502785325
116,20,0.157809748286,0.193218216733
117,20,0.22776923598,0.277854276256
118,20,0.186007389422,0.230079459239
119,20,0.292328867831,0.371045152543
120,20,0.731360145706,0.979607808741
121,20,0.554411095788,0.67884949651
122,20,0.752883231113,0.926958897988
123,20,0.615336609813,0.802839279315
124,20,0.453046156867,0.624334273865
125,20,0.629281571308,0.765827995972
126,20,0.607432900612,0.833074599126
127,20,0.569465494368,0.721193018758
128,20,0.232919994974,0.287713012324
129,20,0.153990858261,0.215317953139
130,20,0.0974998233169,0.126000289474
131,20,0.150666299047,0.196966214855
132,20,0.311198475616,0.377833873599
133,20,0.419102087689,0.512338266536
134,20,0.339274727763,0.419802725696
135,20,0.446311665358,0.524146804475
136,20,0.231304523342,0.274356975184
137,20,0.294696218493,0.363710224598
138,20,0.225681184756,0.29164464676
139,20,0.171731099613,0.205119615176
140,20,0.0969009635952,0.123264289828
141,20,0.0995600047417,0.127887566388
142,20,0.131678205235,0.17018522058
143,20,0.161415524629,0.226361765081
144,20,0.109845582826,0.136942055463
145,20,0.102751801773,0.133693538695
146,20,0.125042230137,0.158272866237
147,20,0.137511652822,0.172446565493
148,20,0.153698830912,0.182911523926
149,20,0.107693077884,0.131158086942
150,20,0.168826497887,0.210283654673
151,20,0.188685220805,0.223508585572
152,20,0.110771706421,0.144020887152
153,20,0.152220681325,0.203912202964
154,20,0.176433151564,0.248496822848
155,20,0.221106172996,0.280839917946
156,20,0.0999981681694,0.13321438224
157,20,0.185703795237,0.227058237324
158,20,0.187244300258,0.227724583302
159,20,0.154315537396,0.176411408261
160,20,0.131817244411,0.160351513911
161,20,0.100352473559,0.129510758033
162,20,0.120405057861,0.148894860921
163,20,0.10488114335,0.120333496309
164,20,0.117981344411,0.145114963918
165,20,0.146111140102,0.184999157463
166,20,0.111516322016,0.147131867055
167,20,0.157165659495,0.191165963223
168,20,0.13583484286,0.164449427849
169,20,0.12174265669,0.151203168005
170,20,0.123457155971,0.150666637591
171,20,0.23905112173,0.297998934485
172,20,0.190464927872,0.245731432644
173,20,0.110921276692,0.146627193241
174,20,0.142628521813,0.174560096476
175,20,0.133111803629,0.161051873061
176,20,0.115577427211,0.144807682847
177,20,0.113634783837,0.133206744218
178,20,0.0994672748724,0.117802858572
179,20,0.14062284431,0.178626266484
180,20,0.0811138043602,0.0977175907894
181,20,0.0804486655645,0.100509636015
182,20,0.121527395768,0.152281760938
183,20,0.115191583018,0.136023958363
184,20,0.122824542131,0.143243385874
185,20,0.0886710290708,0.110383073131
186,20,0.0848875291675,0.107209599311
187,20,0.123922693053,0.159203831202
188,20,0.0979052940199,0.126610589469
189,20,0.116332861748,0.141672421442
190,20,0.122550470963,0.175901924226
191,20,0.233660461928,0.274295420159
192,20,0.151327274947,0.195674943795
193,20,0.136237141803,0.168008315494
194,20,0.151516495888,0.181006601362
195,20,0.138546811529,0.163035717981
196,20,0.174549195534,0.217796286618
197,20,0.297643236973,0.373679613446
198,20,0.251610236169,0.320402770866
199,20,0.147381215882,0.185469648259
200,20,0.206452408569,0.261715459572
201,20,0.28220827077,0.339406269426
202,20,0.357751760937,0.415342375843
203,20,0.336695093644,0.403546949905
204,20,0.418036626241,0.539340518167
205,20,0.338708978005,0.426775549892
206,20,0.795415411108,1.01434129706
207,20,0.50917505769,0.615264191368
208,20,0.443188994486,0.552816999116
209,20,0.504752459778,0.613748685482
210,20,0.453740690757,0.575648056176
211,20,0.666334494289,0.844544984531
212,20,0.382796429764,0.444313542175
213,20,0.597438587721,0.758577312515
214,20,0.740381781805,1.19689810329
215,20,0.659744666979,0.821517430906
216,20,0.601075931154,0.769625777075
217,20,0.357746859694,0.432177895654
218,20,0.27242811722,0.337905580697
219,20,0.210175705113,0.277232795948
220,20,0.182766862275,0.235605438549
221,20,0.246427412155,0.320163020514
222,20,0.210298702608,0.257384954392
223,20,0.145550663411,0.174845554833
224,20,0.142218607504,0.178033418439
225,20,0.127965384428,0.165036435154
226,20,0.167297803276,0.200766362202
227,20,0.205469517615,0.250332760197
228,20,0.466847045945,0.565501997298
229,20,0.47330699039,0.582928667601
230,20,0.608373898502,0.736687315158
231,20,0.384306149681,0.503524892279
232,20,0.525771904819,0.645727855059
233,20,0.636086394338,0.804523389844
234,20,0.466361977267,0.57517562399
235,20,0.486470955485,0.582707279992
236,20,0.524891550621,0.62262634831
237,20,0.330088991025,0.39241048801
238,20,0.346773216182,0.466181400248
239,20,0.26341160007,0.349812478237
240,20,0.220102463391,0.278634939155
241,20,0.244441545843,0.298641954289
242,20,0.459763955703,0.572317611292
243,20,0.643264243512,0.779327788698
244,20,0.959551510009,1.16645708503
245,20,0.7606990596,0.919041786371
246,20,0.52706234193,0.635424142618
247,20,0.527217363162,0.665416457112
248,20,0.292399853566,0.340669948898
249,20,0.357662493898,0.468449678134
250,20,0.294860944191,0.389261828001
251,20,0.290532648916,0.357418463117
252,20,0.191910825149,0.250893652502
253,20,0.257144692528,0.323495275029
254,20,0.143692160016,0.184608909855
255,20,0.113840393713,0.145382972227
256,20,0.109720698604,0.14112279404
257,20,0.157943850209,0.182146790454
258,20,0.136065001052,0.177685468462
259,20,0.145684399285,0.187384951757
260,20,0.14973100511,0.181445690286
261,20,0.183543264781,0.238769365007
262,20,0.228195139996,0.29801621875
263,20,0.214167726831,0.279347192413
264,20,0.261766387222,0.3332683816
265,20,0.347150600623,0.440948004371
266,20,0.275791166089,0.338798148941
267,20,0.267923966648,0.340830289759
268,20,0.250326853815,0.319984143894
269,20,0.218057730794,0.276105729667
270,20,0.228466786144,0.287688275118
271,20,0.172326491876,0.202046382546
272,20,0.162409539602,0.196596483803
273,20,0.114776099836,0.14561383015
274,20,0.144721764591,0.178843940151
275,20,0.14471365061,0.189700604205
276,20,0.38999923514,0.491206616484
277,20,0.15769321796,0.211126858964
278,20,0.117487092009,0.149137037976
279,20,0.177772446368,0.242688497318
280,20,0.178948569788,0.23214077094
281,20,0.21966474174,0.297153407381
282,20,0.22324814564,0.249201621733
283,20,0.156003258419,0.196280846287
284,20,0.178757984414,0.209679809085
285,20,0.108551046432,0.131637846494
286,20,0.129436208514,0.157995835427
287,20,0.132060069702,0.169123060126
288,20,0.171818216583,0.220124735175
289,20,0.151385548964,0.201652069277
290,20,0.170217395871,0.222479643512
291,20,0.147168915832,0.176376721783
292,20,0.111141276337,0.134614818863
293,20,0.0919756343101,0.11275763059
294,20,0.128899225208,0.165934415059
295,20,0.140885160632,0.189370473703
296,20,0.0972042499742,0.125699884957
297,20,0.120308060514,0.143535005193
298,20,0.160074746748,0.20034432815
299,20,0.118880871322,0.158117170012
300,20,0.140031405819,0.177572933813
301,20,0.139623510136,0.167414872739
302,20,0.139579043998,0.162133145707
303,20,0.131544372147,0.16673665763
304,20,0.10745242641,0.133319780225
305,20,0.128354985923,0.174198641456
306,20,0.154126871192,0.201708925238
307,20,0.116024102638,0.146882312953
308,20,0.121932031818,0.147383048675
309,20,0.220332269529,0.274367425834
310,20,0.141827939625,0.173065804853
311,20,0.239929554188,0.291027739604
312,20,0.302454762064,0.377186146999
313,20,0.555835174002,0.687419524089
314,20,0.301233753197,0.378069046225
315,20,0.220771569912,0.272972739677
316,20,0.214139821276,0.271807163486
317,20,0.19827729533,0.253602860035
318,20,0.20478417567,0.256536500106
319,20,0.243677964701,0.303964072183
320,20,0.18325493591,0.226917089569
321,20,0.131940471775,0.161431916928
322,20,0.118706005451,0.153794861049
323,20,0.176239877202,0.227491462119
324,20,0.183393243757,0.235176863027
325,20,0.168716113381,0.218818943193
326,20,0.192904819047,0.230417273252
327,20,0.430849030839,0.523040910689
328,20,0.327629182739,0.38948774699
329,20,0.183283636453,0.23307437993
330,20,0.155614593027,0.188959909421
331,20,0.140056361017,0.180477227625
332,20,0.35310823945,0.438867002781
333,20,0.366906911325,0.414177508123
334,20,0.762662269392,0.891090635982
335,20,0.484030684997,0.607113668919
