cycle,count,mae,rmse
5,15,0.143727331733,0.18464945028
6,15,0.108043324704,0.139612610896
7,15,0.124320974066,0.157503525665
8,15,0.167288619819,0.216231287013
9,15,0.192653839726,0.250374167239
10,15,0.226207618842,0.282424225286
11,15,0.387261350594,0.469322769442
12,15,0.279122412315,0.336435559384
13,15,0.225564553934,0.271927140082
14,15,0.17865745736,0.227105364378
15,15,0.151754924052,0.195978339066
16,15,0.150690557118,0.201208552867
17,15,0.219306057072,0.269414364713
18,15,0.211417174306,0.260192627788
19,15,0.187113601928,0.226037443697
20,15,0.199087675516,0.231134607616
21,15,0.141921044972,0.17214702659
22,15,0.187854926006,0.237487338577
23,15,0.221234365755,0.258050939407
24,15,0.216647375605,0.253376775754
25,15,0.153834215944,0.185867542944
26,15,0.305078502158,0.352687051381
27,15,0.150088740468,0.184149524162
28,15,0.162340923439,0.203120238417
29,15,0.211073144349,0.247777298605
30,15,0.149401935189,0.179687254353
31,15,0.166077372658,0.194687261639
32,15,0.127396300537,0.157427549086
33,15,0.157633877723,0.203162933137
34,15,0.247735525173,0.285694631243
35,15,0.29327153797,0.407655460453
36,15,0.337455072654,0.411989089502
37,15,0.285872351141,0.401267333504
38,15,0.294752712321,0.353192448745
39,15,0.266949791368,0.381622118953
40,15,0.336071637315,0.404930814046
41,15,0.372050525634,0.45478874916
42,15,0.167528548801,0.204387255272
43,15,0.155392041612,0.195408508453
44,15,0.195021073283,0.240706811601
45,15,0.182051773995,0.22779585535
46,15,0.171246569408,0.230704785382
47,15,0.106180539396,0.127851584627
48,15,0.111812565804,0.144384592147
49,15,0.137929689932,0.163012770421
50,15,0.121860828831,0.148381433269
51,15,0.14812905629,0.177366965387
52,15,0.120536157699,0.152091165376
53,15,0.184237274251,0.22282277429
54,15,0.134132764666,0.167449117492
55,15,0.110853534805,0.140459065833
56,15,0.135518002729,0.174293665266
57,15,0.139758965169,0.169482148983
58,15,0.254297190586,0.312973585704
59,15,0.201040444994,0.267349915735
60,15,0.135217168409,0.174064321101
61,15,0.121199236781,0.160405605635
62,15,0.178006962211,0.22497052312
63,15,0.20122208481,0.263039642322
64,15,0.272544907876,0.340768507359
65,15,0.240673705449,0.313057160937
66,15,0.391196682202,0.550959006604
67,15,0.6156103779,0.718264180943
68,15,0.121429586373,0.154035268536
69,15,0.242699293076,0.334726777675
70,15,0.387843678667,0.459255023859
71,15,0.157052797099,0.193156743448
72,15,0.146012279838,0.182821342309
73,15,0.359974873683,0.496034295088
74,15,0.109535547022,0.144865439777
75,15,0.0989186390569,0.124255625073
76,15,0.120083113821,0.152339114171
77,15,0.150616559997,0.203899135597
78,15,0.128610995053,0.169548651281
79,15,0.120793067504,0.145129674817
80,15,0.0835738913405,0.106123200148
81,15,0.0990155080844,0.125317592323
82,15,0.160215780512,0.197759789983
83,15,0.160031736789,0.195172427836
84,15,0.192450572477,0.222532020867
85,15,0.126686231229,0.155472271837
86,15,0.0812156130279,0.10187477492
87,15,0.108847907465,0.150649079022
88,15,0.241533793577,0.306536350676
89,15,0.176307094101,0.215840460593
90,15,0.284523742126,0.369484071662
91,15,0.134014785758,0.194959751766
92,15,0.153202427592,0.196651685262
93,15,0.25773697058,0.296357841625
94,15,0.108702685556,0.131322447632
95,15,0.171715628248,0.228156189858
96,15,0.315450547445,0.370908489406
97,15,0.10319324611,0.132987025576
98,15,0.0855478965924,0.10914943162
99,15,0.117184420984,0.143631774537
100,15,0.108246577234,0.13812378207
101,15,0.110360829924,0.132121297191
102,15,0.24430602157,0.28568204801
103,15,0.177003906118,0.227732713076
104,15,0.210478530768,0.236062629215
105,15,0.154745797153,0.194090846762
106,15,0.103162499218,0.133287360218
107,15,0.0834712628207,0.108161186408
108,15,0.154436242161,0.186352565102
109,15,0.234373330749,0.292658665673
110,15,0.259664875205,0.358898348253
111,15,0.221281462387,0.267483967662
112,15,0.208112097533,0.260086793845
113,15,0.198524101435,0.273067422213
114,15,0.192886071393,0.254278503747
115,15,0.187230646496,0.248406029935
116,15,0.126939694959,0.164833199569
117,15,0.143952680094,0.183212310642
118,15,0.19354500057,0.244942318528
119,15,0.309768457856,0.348259533079
120,15,0.638718752556,0.806646528139
121,15,0.516840019624,0.604584717574
122,15,0.670074692296,0.852198478308
123,15,0.523562689618,0.612813679865
124,15,0.411494068281,0.535513378414
125,15,0.539442943737,0.641710424691
126,15,0.455698853959,0.596260192869
127,15,0.456243449988,0.651265736358
128,15,0.166301575812,0.205863237589
129,15,0.157166147626,0.229167999421
130,15,0.0946823237312,0.130152735269
131,15,0.151730402437,0.204560261926
132,15,0.293375123857,0.376028522324
133,15,0.49182121942,0.5878441631
134,15,0.44651407329,0.586686017093
135,15,0.477370947625,0.595941399255
136,15,0.362272239983,0.447402431457
137,15,0.285256220085,0.413796980318
138,15,0.208426278823,0.294355833689
139,15,0.196010247847,0.253775143198
140,15,0.127309077662,0.154301074123
141,15,0.135440249898,0.183648475704
142,15,0.269172094608,0.304389338324
143,15,0.178666432855,0.247980061327
144,15,0.123543512386,0.166658094324
145,15,0.149156979776,0.17884575727
146,15,0.115359597888,0.142737547457
147,15,0.104650590292,0.132585559389
148,15,0.115296628494,0.141520834214
149,15,0.113946959677,0.133669293569
150,15,0.0928347789627,0.121346567251
151,15,0.123935870468,0.153507096661
152,15,0.116723272774,0.146322816618
153,15,0.154555360461,0.206303630772
154,15,0.178368628413,0.274246948436
155,15,0.220436480425,0.325082771624
156,15,0.0985408031837,0.12993276185
157,15,0.232001531547,0.280479446552
158,15,0.1694591933,0.22116791849
159,15,0.125964191342,0.155911402854
160,15,0.140016915765,0.178415413701
161,15,0.137322594152,0.166899193703
162,15,0.145170489715,0.173811881352
163,15,0.10621302765,0.126709834385
164,15,0.16670288901,0.203164549527
165,15,0.109505201678,0.150429872351
166,15,0.102822022218,0.136080076148
167,15,0.120426912026,0.144018295
168,15,0.154469512208,0.19564318481
169,15,0.128460976271,0.155225590849
170,15,0.115287295102,0.14571463793
171,15,0.117947669607,0.14271445135
172,15,0.147432311346,0.187583010658
173,15,0.215219373464,0.256091386085
174,15,0.107115259022,0.13730106395
175,15,0.147048763667,0.179874897821
176,15,0.108726429313,0.139270353054
177,15,0.0945203775651,0.117767693413
178,15,0.108643607212,0.135412168507
179,15,0.088770549958,0.111668602913
180,15,0.0924230156396,0.11582608746
181,15,0.0913641631346,0.112974526243
182,15,0.0975543610885,0.122680966764
183,15,0.0816759464375,0.103704707995
184,15,0.103548435467,0.131103775384
185,15,0.079494878047,0.101996149592
186,15,0.109964036491,0.155406622515
187,15,0.130725488265,0.167813700112
188,15,0.119800585999,0.149034605827
189,15,0.120972577909,0.175260177865
190,15,0.113543327016,0.162280821176
191,15,0.156054451768,0.239454377317
192,15,0.125355421938,0.197984034724
193,15,0.189037946579,0.212931353903
194,15,0.108811769878,0.135666503847
195,15,0.099527086059,0.143395815029
196,15,0.165035395326,0.249184207491
197,15,0.241224124284,0.329855234584
198,15,0.254013095627,0.333075103136
199,15,0.187464964018,0.291588597352
200,15,0.265284288637,0.358346828977
201,15,0.426889899435,0.528840956138
202,15,0.497396460487,0.628556808571
203,15,0.479482290975,0.562475403701
204,15,0.51040413074,0.624617045978
205,15,0.627580098868,0.777768397665
206,15,0.693468809689,0.828177846474
207,15,0.518265161513,0.637069752229
208,15,0.630832470096,0.746673544044
209,15,0.545857360869,0.688939432035
210,15,0.571672314901,0.685393220548
211,15,1.08738512464,1.2799678022
212,15,0.462540430195,0.529797925256
213,15,0.538972195723,0.677598511496
214,15,0.783111860201,1.12081489227
215,15,0.724758832763,0.905181580449
216,15,0.61997280946,0.746106590796
217,15,0.394019567806,0.484645810313
218,15,0.266185206901,0.318560093614
219,15,0.217687252111,0.287880825822
220,15,0.182462193344,0.240074832184
221,15,0.259266498484,0.364810031172
222,15,0.188502325077,0.243606610302
223,15,0.12420162683,0.157375458278
224,15,0.132241862443,0.184312836818
225,15,0.113575198866,0.140822044386
226,15,0.154567673441,0.201013770077
227,15,0.183502027074,0.226494002189
228,15,0.342210338358,0.466249904871
229,15,0.465044934001,0.573252804589
230,15,0.668277788324,0.77556007007
231,15,0.521287208068,0.615881320565
232,15,0.887255097016,1.01383380095
233,15,0.884823169765,1.03499209438
234,15,0.725629118699,0.857940098419
235,15,0.713316690142,0.837866242715
236,15,0.542346419977,0.62781101927
237,15,0.439286699208,0.55173266867
238,15,0.417195177063,0.506958472464
239,15,0.531137012877,0.717116944686
240,15,0.37841266598,0.484557589051
241,15,0.34404698033,0.403825973942
242,15,0.575045305611,0.758714301052
243,15,0.645034931915,0.78555861708
244,15,0.903538894216,1.07786109868
245,15,0.81650851538,0.94975071773
246,15,0.86986434646,1.0546882928
247,15,0.524403367639,0.627804661292
248,15,0.57851671617,0.699581484625
249,15,0.541208714433,0.657294349479
250,15,0.402641304398,0.506515767202
251,15,0.430409046349,0.502402089672
252,15,0.268385947088,0.327283084076
253,15,0.285533368503,0.346825180049
254,15,0.190627808168,0.245385890812
255,15,0.104330192458,0.135506941605
256,15,0.0996083379632,0.132880338019
257,15,0.194895635546,0.257037396974
258,15,0.122445433927,0.163454850784
259,15,0.150768592327,0.187892418747
260,15,0.181162325274,0.218917316282
261,15,0.170643765703,0.216946823373
262,15,0.303567362285,0.358655440174
263,15,0.184815653372,0.237258998886
264,15,0.306867879318,0.405853249208
265,15,0.346284785913,0.454118002901
266,15,0.332619007916,0.40969109015
267,15,0.317046104814,0.412961902519
268,15,0.268649401058,0.324223361327
269,15,0.245398191008,0.297537524513
270,15,0.214574216145,0.256917792695
271,15,0.163946686236,0.197373925752
272,15,0.146564129961,0.175443142398
273,15,0.101447515253,0.127672560553
274,15,0.248654895013,0.289783939573
275,15,0.131639495566,0.19363786055
276,15,0.312664007894,0.397423455319
277,15,0.148410851261,0.190217898455
278,15,0.170966056326,0.223679077704
279,15,0.123479951787,0.152354426454
280,15,0.161190841226,0.210835288397
281,15,0.170808882314,0.226120270734
282,15,0.172525831639,0.205631366991
283,15,0.174853433167,0.217768796183
284,15,0.143464999813,0.175132274478
285,15,0.119152885519,0.162382421368
286,15,0.161227200254,0.206273457397
287,15,0.13082103712,0.168747684884
288,15,0.124413904348,0.159762455208
289,15,0.156100429648,0.207479396582
290,15,0.150964592278,0.208158537877
291,15,0.137475128974,0.17811667858
292,15,0.100852855831,0.135346807402
293,15,0.107980805894,0.131056788057
294,15,0.131035273872,0.18643894864
295,15,0.138592813531,0.204971624156
296,15,0.0818827329732,0.102396440089
297,15,0.130141433959,0.150106242694
298,15,0.135737352807,0.18168121354
299,15,0.101992477334,0.138461280158
300,15,0.117926592677,0.157013117839
301,15,0.128923962399,0.163988474965
302,15,0.117137598523,0.153679709332
303,15,0.108614254775,0.142255171519
304,15,0.130076507877,0.15539425805
305,15,0.125252120084,0.157889278985
306,15,0.0943090566528,0.123941038212
307,15,0.14172533881,0.180673931965
308,15,0.102661018106,0.131038346232
309,15,0.210967673332,0.275237215593
310,15,0.170592852619,0.204733611883
311,15,0.236210796372,0.279331415693
312,15,0.45067932128,0.566152160725
313,15,0.477027684597,0.607477859428
314,15,0.25909049449,0.343260948384
315,15,0.209187239226,0.256303886868
316,15,0.261500502569,0.328097684772
317,15,0.207609893461,0.253729052136
318,15,0.184891118882,0.229352947481
319,15,0.27790764401,0.343661553428
320,15,0.194334477011,0.235658737117
321,15,0.132382009786,0.172484582705
322,15,0.118055694955,0.157285629431
323,15,0.153779934365,0.194811526475
324,15,0.148658629166,0.193558635751
325,15,0.160035555547,0.209929544016
326,15,0.184720518006,0.231145247558
327,15,0.413138386965,0.497943203376
328,15,0.236526743407,0.300369957235
329,15,0.133878383918,0.188300171444
330,15,0.149163465375,0.188289132889
331,15,0.150070092313,0.188150813608
332,15,0.2981203895,0.363278587434
333,15,0.486052736287,0.594155206208
334,15,0.626333521323,0.763389753204
335,15,0.714260834823,0.831113106013
