cycle,count,mae,rmse
50,15,0.130114520604,0.15621521079
51,15,0.129725658778,0.15900435099
52,15,0.11002778286,0.142023138947
53,15,0.15683937356,0.187053804494
54,15,0.139464713644,0.163199684399
55,15,0.122610261558,0.148312791861
56,15,0.088022156997,0.115607375989
57,15,0.109203774515,0.133091498491
58,15,0.165176116617,0.199442056281
59,15,0.19426894254,0.223311478353
60,15,0.172349757489,0.204292683653
61,15,0.0944881245034,0.120996891504
62,15,0.15999195686,0.194549670676
63,15,0.12717523352,0.170198974328
64,15,0.232899934048,0.27934703709
65,15,0.187122310386,0.221328454612
66,15,0.291021270188,0.36469137491
67,15,0.522327443755,0.603683209073
68,15,0.151164163802,0.186380555747
69,15,0.22094718079,0.265301877453
70,15,0.388824939819,0.498066065452
71,15,0.169938936443,0.20180720153
72,15,0.221557862202,0.272456763122
73,15,0.274975195704,0.403231564098
74,15,0.16172035493,0.192970552581
75,15,0.109399332476,0.13281428512
76,15,0.131787011288,0.159852811112
77,15,0.149415206219,0.201516708305
78,15,0.120517260175,0.147045756632
79,15,0.101542528701,0.124581850745
80,15,0.119517699892,0.141900949509
81,15,0.0997185247512,0.120894562146
82,15,0.162250859218,0.203960604875
83,15,0.181225720167,0.22552030315
84,15,0.183070106326,0.214612420132
85,15,0.104001387955,0.123870505731
86,15,0.192297496042,0.23867241623
87,15,0.151405001651,0.184586122283
88,15,0.174261459914,0.214637174544
89,15,0.135902832719,0.16802327512
90,15,0.267790426844,0.331499306989
91,15,0.114281849428,0.152299608
92,15,0.15045056095,0.183055292658
93,15,0.123230243754,0.1567895118
94,15,0.122372424321,0.149399884097
95,15,0.151638830798,0.189919575031
96,15,0.200770403367,0.251685814668
97,15,0.100794848171,0.123771573596
98,15,0.131547536532,0.163945331827
99,15,0.117895080022,0.147573764538
100,15,0.1499707393,0.184192917065
101,15,0.160731414631,0.194994430759
102,15,0.178032974311,0.220862464606
103,15,0.0900050475667,0.117041627335
104,15,0.130176843498,0.165947062012
105,15,0.137764647875,0.173952999014
106,15,0.11053040947,0.141371601307
107,15,0.132304597802,0.162076072785
108,15,0.180285098477,0.221414039094
109,15,0.140324685973,0.169634428615
110,15,0.150928512295,0.233113596109
111,15,0.170916422216,0.209195903369
112,15,0.130085938328,0.15791789348
113,15,0.197752558624,0.24539914756
114,15,0.144626962368,0.201244222914
115,15,0.108536929908,0.136359845795
116,15,0.163382164604,0.194339820777
117,15,0.225808469585,0.263722910552
118,15,0.148607415962,0.188246422871
119,15,0.216254892771,0.267688682102
120,15,0.697949468839,0.915209243735
121,15,0.504221833608,0.635790289856
122,15,0.789633967441,0.963074533514
123,15,0.55968443676,0.730354843233
124,15,0.473059258264,0.584482003762
125,15,0.594246156306,0.735532651263
126,15,0.539351253838,0.688012617677
127,15,0.511195115795,0.681948803292
128,15,0.17669034349,0.219788327945
129,15,0.221065356007,0.272739320489
130,15,0.147866904913,0.18612411764
131,15,0.122100715608,0.1714224956
132,15,0.374539774726,0.46609978569
133,15,0.466953612992,0.545735929103
134,15,0.291117107931,0.381495068235
135,15,0.536366156094,0.672532245352
136,15,0.254604380127,0.304285585137
137,15,0.249117587017,0.326203104723
138,15,0.307143328077,0.376975197419
139,15,0.195705384751,0.238305564978
140,15,0.127060512111,0.162754432947
141,15,0.100207229003,0.126747871445
142,15,0.171350337084,0.212105925203
143,15,0.156063269615,0.22136214276
144,15,0.156395874296,0.196703287989
145,15,0.14997833237,0.186542472735
146,15,0.157573459635,0.191055570507
147,15,0.128721525855,0.152144931417
148,15,0.0968572539987,0.116041540252
149,15,0.093792231344,0.12032959981
150,15,0.127434304038,0.15114598052
151,15,0.126207976383,0.153706837957
152,15,0.103244880885,0.131435377928
153,15,0.184190987092,0.231058171937
154,15,0.195417887276,0.275440662926
155,15,0.307909747879,0.369887350558
156,15,0.0947615898108,0.125286553857
157,15,0.210476519892,0.264128174604
158,15,0.21447251767,0.259246619626
159,15,0.100636158896,0.128792229976
160,15,0.122193191875,0.151607102612
161,15,0.113014230669,0.146532484648
162,15,0.113788215253,0.14422395916
163,15,0.0969707534655,0.11252039728
164,15,0.15464201021,0.184433742205
165,15,0.122708889335,0.170428814167
166,15,0.0990177260958,0.132526134497
167,15,0.130688787699,0.156587884781
168,15,0.125588844113,0.154820278911
169,15,0.152096314123,0.182124008141
170,15,0.208214631212,0.269221405752
171,15,0.120812019459,0.153593896667
172,15,0.228720409643,0.303020874783
173,15,0.211013265368,0.248932751401
174,15,0.100314884637,0.129817089397
175,15,0.20562080141,0.266859494672
176,15,0.0968006064133,0.1198596304
177,15,0.11607778549,0.14034562713
178,15,0.133994928843,0.160140643335
179,15,0.138324108504,0.172350712261
180,15,0.0662613946318,0.0822922639213
181,15,0.106336550693,0.131607744651
182,15,0.108528582779,0.134041000821
183,15,0.116378484367,0.137052027374
184,15,0.089132575745,0.110370188298
185,15,0.118301848221,0.148407419675
186,15,0.101528212802,0.130292204785
187,15,0.113035642582,0.138331274211
188,15,0.133115245505,0.157139791065
189,15,0.114171057191,0.146354633163
190,15,0.10812192587,0.14553811461
191,15,0.148727234239,0.177345713243
192,15,0.16270266073,0.207746111579
193,15,0.198173206495,0.225399440649
194,15,0.121593955381,0.147861505098
195,15,0.0908665197429,0.117422895485
196,15,0.129311554779,0.202701475316
197,15,0.164623857341,0.210580133162
198,15,0.154846426138,0.272776902036
199,15,0.149038235304,0.185890942825
200,15,0.181201640858,0.229659333384
201,15,0.257950215749,0.321828974828
202,15,0.385064394034,0.48075284406
203,15,0.377861583047,0.460691444251
204,15,0.373094628099,0.500620183212
205,15,0.451181862236,0.539417893027
206,15,0.547419465584,0.654996117987
207,15,0.346861511752,0.424848087199
208,15,0.690434346657,0.873551619754
209,15,0.306894691008,0.361910974165
210,15,0.38512062998,0.487145250341
211,15,0.89043055922,1.07881939014
212,15,0.5525287239,0.670325894759
213,15,0.596823939309,0.727628792037
214,15,0.751461779204,1.07850842731
215,15,0.639711006229,0.79174711955
216,15,0.638726867443,0.775134746642
217,15,0.346753270109,0.450986428797
218,15,0.278173114719,0.362566645767
219,15,0.233679507356,0.315154290418
220,15,0.181379140114,0.23145717825
221,15,0.238639755574,0.31407506943
222,15,0.177723810125,0.221215327227
223,15,0.15746789725,0.192454263038
224,15,0.139984046099,0.187749832451
225,15,0.0971160871818,0.119811826533
226,15,0.163493312813,0.210164480552
227,15,0.155057236028,0.197989965815
228,15,0.324457400214,0.387525287997
229,15,0.678566204625,0.838281818137
230,15,0.442269716025,0.560883715644
231,15,0.459050682919,0.563356181585
232,15,0.947672880358,1.18037468826
233,15,0.644476456951,0.761279137137
234,15,0.685258545642,0.848127650254
235,15,0.503189070121,0.620111702863
236,15,0.29889512088,0.361872333465
237,15,0.452418647759,0.548944052146
238,15,0.457791225347,0.558819144286
239,15,0.210892765356,0.29637492229
240,15,0.235146369306,0.286249940246
241,15,0.24987018408,0.312377189241
242,15,0.309580849027,0.389172287419
243,15,0.604756528105,0.727149751834
244,15,0.887938076893,1.05853061779
245,15,0.891866074477,1.1162014379
246,15,0.501367133292,0.647351970848
247,15,0.450669129631,0.570644271968
248,15,0.486534655718,0.615288753054
249,15,0.272705180676,0.345132203033
250,15,0.307712435159,0.379549666703
251,15,0.233876447711,0.291530999653
252,15,0.187959234323,0.236458700967
253,15,0.23730894813,0.300250539631
254,15,0.19116836339,0.223676766423
255,15,0.135991727458,0.175368943488
256,15,0.114140093128,0.138943283025
257,15,0.15757836113,0.186077907771
258,15,0.116270825105,0.150027472575
259,15,0.119839476939,0.146527366455
260,15,0.191998062687,0.241086055537
261,15,0.165905075022,0.209924303685
262,15,0.17982323384,0.236250939401
263,15,0.221182877028,0.286335952231
264,15,0.259102321012,0.325246581484
265,15,0.40400503595,0.512736235613
266,15,0.288787896984,0.351638403006
267,15,0.271057846926,0.347191076283
268,15,0.23210702911,0.293607264071
269,15,0.210423693551,0.261857241617
270,15,0.212784732601,0.274367937224
271,15,0.201392285869,0.251126616112
272,15,0.153764889996,0.190784595759
273,15,0.159279172204,0.196727640277
274,15,0.12930432826,0.158038075846
275,15,0.141150356798,0.184232189791
276,15,0.325931741753,0.389837907915
277,15,0.187992663325,0.236544245602
278,15,0.118365963532,0.164343342303
279,15,0.113214310906,0.141364446475
280,15,0.178361458626,0.221851438161
281,15,0.175413667777,0.248292113355
282,15,0.204644542047,0.236091229704
283,15,0.255564566785,0.288525111768
284,15,0.145946216798,0.175576673333
285,15,0.119872990445,0.148861501747
286,15,0.185330826734,0.235897215526
287,15,0.100574802586,0.127023028122
288,15,0.165039919337,0.214337789108
289,15,0.16312739617,0.222562383545
290,15,0.194767220411,0.244914912557
291,15,0.23903899553,0.293986210931
292,15,0.122770698872,0.152493879016
293,15,0.142003750532,0.168957213395
294,15,0.101575715192,0.148249672207
295,15,0.153043896674,0.204762553459
296,15,0.106547089239,0.133644094209
297,15,0.152565573296,0.180708784722
298,15,0.115834129378,0.144147753759
299,15,0.135716081503,0.189923029609
300,15,0.152468630075,0.19445476589
301,15,0.146509558542,0.183051397874
302,15,0.161015717383,0.199078521664
303,15,0.117537992103,0.148699621163
304,15,0.108042179281,0.137834986289
305,15,0.105248331426,0.144013195953
306,15,0.15493816393,0.210398238209
307,15,0.136102722239,0.174532708832
308,15,0.13652962523,0.160773784742
309,15,0.212374358952,0.257040862579
310,15,0.171291315247,0.209248924326
311,15,0.253661790982,0.308661962919
312,15,0.396642020577,0.511782343971
313,15,0.524388394878,0.659964495023
314,15,0.346240784916,0.440939903078
315,15,0.188852581907,0.223583391224
316,15,0.267495795533,0.34824241794
317,15,0.246337639619,0.324244962042
318,15,0.185705554272,0.224025286734
319,15,0.20242977087,0.256372637886
320,15,0.134563781391,0.173511713635
321,15,0.136875583723,0.177533799968
322,15,0.128638780523,0.169194333314
323,15,0.149521308678,0.197681219015
324,15,0.132602808325,0.173807278393
325,15,0.159703151039,0.213159563167
326,15,0.172042662743,0.228010482656
327,15,0.318572043403,0.402653789819
328,15,0.29383864519,0.336986275377
329,15,0.208720773065,0.26251222402
330,15,0.195614380521,0.236938916958
331,15,0.201572143838,0.266411501847
332,15,0.369636529332,0.436998426537
333,15,0.439840283367,0.536883776986
334,15,0.398478949623,0.531340503376
335,15,0.644378574683,0.796508162721
