cycle,count,mae,rmse
50,25,0.0957336223401,0.122403950205
51,25,0.147077015344,0.184364487779
52,25,0.0895891389964,0.108268221052
53,25,0.118009137564,0.144597025497
54,25,0.0920355092805,0.109783235645
55,25,0.106551198327,0.132329421653
56,25,0.127455299822,0.150421596425
57,25,0.101620488281,0.130617090585
58,25,0.195708845678,0.244797905622
59,25,0.164349828694,0.205078518165
60,25,0.111883301495,0.142991205675
61,25,0.140311179512,0.17734063213
62,25,0.193630766801,0.225764758754
63,25,0.156181121342,0.196927513531
64,25,0.207081850554,0.253604522962
65,25,0.276641887815,0.319564766487
66,25,0.298155493779,0.353507161697
67,25,0.55192164948,0.679639192176
68,25,0.184887291099,0.225976879919
69,25,0.199433967244,0.250293137195
70,25,0.472263416138,0.610965411874
71,25,0.346507482926,0.407159571215
72,25,0.266106486848,0.315327403555
73,25,0.336530949013,0.457114422608
74,25,0.103273934842,0.127754703477
75,25,0.109111120175,0.130859957018
76,25,0.170434392754,0.223379256765
77,25,0.146254178552,0.196323753174
78,25,0.187278611667,0.240272014388
79,25,0.0862085884926,0.109880940032
80,25,0.133289124566,0.162821807823
81,25,0.111390606653,0.138994789578
82,25,0.128488562741,0.161239003555
83,25,0.153091562064,0.186989143884
84,25,0.212273545046,0.272549769508
85,25,0.114991705646,0.135850156887
86,25,0.121073943751,0.150510358798
87,25,0.132487534634,0.168249001181
88,25,0.241904600326,0.29391070238
89,25,0.114974420436,0.142643264389
90,25,0.176158804076,0.222090430775
91,25,0.1110923732,0.151121043138
92,25,0.145543432007,0.174951982593
93,25,0.187895816769,0.220059137366
94,25,0.123784804935,0.148909216633
95,25,0.133447043292,0.161676329444
96,25,0.209697873813,0.27381958965
97,25,0.120088653493,0.1508078116
98,25,0.150000482644,0.187307746244
99,25,0.143699663367,0.179422083919
100,25,0.224352898978,0.279678539182
101,25,0.120801075111,0.150900801342
102,25,0.139653949358,0.170383934049
103,25,0.116934931953,0.138794613117
104,25,0.124342009503,0.157395469463
105,25,0.19633093371,0.241113863792
106,25,0.120007739245,0.146475276359
107,25,0.146558853289,0.186594800466
108,25,0.149233021318,0.189408691079
109,25,0.172207068547,0.208457639972
110,25,0.158669064698,0.229084225744
111,25,0.160826694141,0.198814309673
112,25,0.127566715102,0.15997007293
113,25,0.15620079862,0.188185673195
114,25,0.166565033497,0.208756456314
115,25,0.126894825443,0.155776483148
116,25,0.255609577816,0.32979146314
117,25,0.149651714172,0.17800142647
118,25,0.278162168588,0.335348311443
119,25,0.303817911946,0.386398205369
120,25,0.679471538542,0.895312074547
121,25,0.6477566755,0.843608367555
122,25,0.782367202555,0.957503026763
123,25,0.477252584557,0.596186398572
124,25,0.429145987696,0.522200685604
125,25,0.476001692219,0.571576906078
126,25,0.364094581298,0.541239989178
127,25,0.472434603751,0.632424070423
128,25,0.206622867811,0.255150106598
129,25,0.162734876659,0.225469630742
130,25,0.123280840617,0.155095156844
131,25,0.137862012418,0.193647289726
132,25,0.325388518304,0.389879321019
133,25,0.327550270485,0.389480790142
134,25,0.432333939837,0.561839634319
135,25,0.28042625383,0.355732341916
136,25,0.252167858026,0.308388892289
137,25,0.250148031574,0.307429238628
138,25,0.21965914532,0.301265179554
139,25,0.149084695549,0.183614075046
140,25,0.110078567907,0.142611359014
141,25,0.0994908231939,0.139345454642
142,25,0.128215169722,0.162961375546
143,25,0.198200373302,0.253103627748
144,25,0.110593644405,0.136174078826
145,25,0.0953120144009,0.122758185534
146,25,0.102262202533,0.126188331825
147,25,0.0884635107409,0.106037909851
148,25,0.129202539522,0.157565948157
149,25,0.0955009774232,0.12407359604
150,25,0.10691319815,0.13373018047
151,25,0.156026555475,0.192969953006
152,25,0.10822866656,0.138751276604
153,25,0.162739560255,0.211351967787
154,25,0.276928496269,0.345222860518
155,25,0.180029773319,0.261280856078
156,25,0.118274445382,0.150889286959
157,25,0.195615534203,0.236021944472
158,25,0.201179733593,0.251616704966
159,25,0.130328561822,0.16332098462
160,25,0.128841255639,0.157736320704
161,25,0.130549166228,0.168496989667
162,25,0.113602487959,0.141610811897
163,25,0.16834801349,0.207368790559
164,25,0.114267431902,0.142541872582
165,25,0.146228327622,0.188833791311
166,25,0.0961895902088,0.132664037169
167,25,0.100239888478,0.124127752215
168,25,0.12788743922,0.158419945519
169,25,0.119506014349,0.144250358489
170,25,0.112878660249,0.137162643922
171,25,0.125953591795,0.144700329447
172,25,0.250950008057,0.319210179151
173,25,0.19913040966,0.239413544096
174,25,0.188689939799,0.239210565043
175,25,0.157344298432,0.197173999911
176,25,0.117235662755,0.142937120894
177,25,0.0902667782294,0.111453766168
178,25,0.0764880662844,0.0971650647279
179,25,0.133756849516,0.165306887494
180,25,0.0780801217617,0.0987444870335
181,25,0.0869187505667,0.10375689426
182,25,0.0836103491806,0.105096084275
183,25,0.0930441038266,0.106885523028
184,25,0.0737786532883,0.0906395212048
185,25,0.0849230316753,0.108105380495
186,25,0.0817396240857,0.104239011724
187,25,0.123718075012,0.157217712802
188,25,0.127539256972,0.151887898658
189,25,0.126593949099,0.162864686938
190,25,0.134776881333,0.169178332839
191,25,0.240020659352,0.270053075643
192,25,0.130601119968,0.158651188357
193,25,0.127694116919,0.167325137832
194,25,0.120728760237,0.158236116474
195,25,0.112883297489,0.136499087638
196,25,0.13183468479,0.176520827275
197,25,0.174965695903,0.228266007053
198,25,0.145006851986,0.197315070193
199,25,0.126746572886,0.164698441377
200,25,0.23088701947,0.284093385583
201,25,0.320260666384,0.380300894011
202,25,0.297452632775,0.365006555963
203,25,0.42757500584,0.525013042574
204,25,0.349970097021,0.472950393382
205,25,0.493191774584,0.587023313001
206,25,0.42429393297,0.557347335245
207,25,0.347916348382,0.424347533915
208,25,0.518391456278,0.639108949961
209,25,0.502602187917,0.631599032361
210,25,0.408757644138,0.515303909025
211,25,0.885908721979,1.14373555806
212,25,0.443353878546,0.512786599399
213,25,0.63712375665,0.813042159088
214,25,0.610226849245,0.928490798878
215,25,0.725413117037,0.950823491809
216,25,0.615764022632,0.786359970829
217,25,0.427010949457,0.497388650574
218,25,0.266878169311,0.332819267591
219,25,0.207182951355,0.275913313599
220,25,0.20308655444,0.26918558809
221,25,0.237313192658,0.317588575202
222,25,0.18655460115,0.243855842019
223,25,0.115267097249,0.140882521892
224,25,0.143525840596,0.190844568201
225,25,0.112057562535,0.138702050571
226,25,0.153884971422,0.199532670751
227,25,0.174071396988,0.222212547425
228,25,0.399112923918,0.46644874783
229,25,0.560068421185,0.701882147979
230,25,0.40649443982,0.488965653204
231,25,0.428798431648,0.500285360709
232,25,0.75784055561,0.986845998516
233,25,0.522922854303,0.671329684228
234,25,0.695333008738,0.891859361937
235,25,0.503873528613,0.635357379038
236,25,0.35734241723,0.436940617472
237,25,0.275637349311,0.339322197649
238,25,0.288140249698,0.396799504322
239,25,0.329307442418,0.436594758969
240,25,0.233673272305,0.288104853717
241,25,0.224315340641,0.28143014736
242,25,0.408698001932,0.511624077571
243,25,0.557505888627,0.664312721933
244,25,0.699855772382,0.949088041351
245,25,0.63638807017,0.805016063563
246,25,0.568045476424,0.711752669584
247,25,0.59270636169,0.75361417895
248,25,0.298335299123,0.380966389694
249,25,0.272351222182,0.336925677183
250,25,0.259530113894,0.328716856499
251,25,0.340416096406,0.401579243637
252,25,0.142264802632,0.194480546926
253,25,0.253690666991,0.323660135624
254,25,0.131583286848,0.171052865598
255,25,0.104681534243,0.137001904041
256,25,0.101559083957,0.137632909621
257,25,0.15847084582,0.189889194585
258,25,0.114330503414,0.140404532335
259,25,0.156266386661,0.184998602254
260,25,0.204360033934,0.244737241755
261,25,0.213534571309,0.265642748474
262,25,0.203608830184,0.271938984277
263,25,0.20817524615,0.255446172263
264,25,0.329158877518,0.454340041238
265,25,0.455309678043,0.549159636356
266,25,0.312151017678,0.395595061965
267,25,0.268815317905,0.326645722613
268,25,0.265017462287,0.339554713358
269,25,0.217308130131,0.274143421494
270,25,0.222343561462,0.273944702074
271,25,0.207440866244,0.250152712417
272,25,0.135779531813,0.158883731987
273,25,0.105665598369,0.13300180241
274,25,0.160785694454,0.192469197262
275,25,0.146626685155,0.189617285991
276,25,0.290225293577,0.363830212287
277,25,0.164586331881,0.209352336283
278,25,0.124050518294,0.156731033192
279,25,0.124952715159,0.166371601701
280,25,0.156931953478,0.203975567874
281,25,0.17192896319,0.238727146652
282,25,0.21991737123,0.246561242871
283,25,0.18440874015,0.221296762099
284,25,0.180931933628,0.208561710489
285,25,0.113537906431,0.146601234868
286,25,0.141892294449,0.180931356442
287,25,0.0776720615818,0.10176550348
288,25,0.136227683439,0.181716262707
289,25,0.155898446633,0.202711285344
290,25,0.173919347557,0.220276966865
291,25,0.168741924223,0.197948908954
292,25,0.11241166959,0.139584433794
293,25,0.12037909417,0.144692117109
294,25,0.0989766513755,0.144580829645
295,25,0.131734157103,0.17557015841
296,25,0.107185255808,0.133439455125
297,25,0.122416331789,0.15244093789
298,25,0.127717048433,0.159903665019
299,25,0.116630719013,0.154210017817
300,25,0.135142021263,0.176724075087
301,25,0.143098950963,0.175261393085
302,25,0.118763921901,0.155233225608
303,25,0.117816226457,0.149733868034
304,25,0.106441697123,0.132338683174
305,25,0.11915780855,0.162663244087
306,25,0.101944491056,0.13320631554
307,25,0.136068111332,0.17483264621
308,25,0.129691691373,0.15748599737
309,25,0.226746081426,0.28123051419
310,25,0.196961232912,0.244993679491
311,25,0.232148674643,0.276403399753
312,25,0.366570261867,0.473217960169
313,25,0.510255969227,0.636596090977
314,25,0.321547126262,0.439392007693
315,25,0.180134609938,0.219732421656
316,25,0.203270039522,0.2695190171
317,25,0.230594012929,0.306445060997
318,25,0.233565812253,0.284079501498
319,25,0.230617507355,0.311045765769
320,25,0.183572444632,0.234693316285
321,25,0.114740251926,0.142056976124
322,25,0.136850523055,0.179062970255
323,25,0.161426513879,0.218818512327
324,25,0.128817740574,0.177246958664
325,25,0.151015756484,0.204193533963
326,25,0.165439800465,0.218537714703
327,25,0.414617199651,0.505906292706
328,25,0.248073618955,0.310616090907
329,25,0.143385636781,0.195260917704
330,25,0.153377898334,0.178839169744
331,25,0.145029343678,0.188153654172
332,25,0.274295658801,0.329021775549
333,25,0.382398839643,0.48150205563
334,25,0.365388244448,0.467003412657
335,25,0.718980646769,0.878856247632
