cycle,count,mae,rmse
5,20,0.146684893641,0.187003417851
6,20,0.137975249174,0.171053991168
7,20,0.12494257665,0.161383665967
8,20,0.11136937383,0.147503506165
9,20,0.1966285258,0.249157670465
10,20,0.187645840954,0.260489916159
11,20,0.286813576672,0.353497099722
12,20,0.274113213814,0.339714146471
13,20,0.175745297686,0.230486552327
14,20,0.142311055853,0.184285285776
15,20,0.156737796031,0.193969539111
16,20,0.156024882078,0.19408280676
17,20,0.215260770414,0.267056014689
18,20,0.191361389286,0.223954551069
19,20,0.166790788891,0.210187748729
20,20,0.161110203705,0.201832974217
21,20,0.133891753601,0.181696161998
22,20,0.206511611567,0.255388481577
23,20,0.140003658809,0.172955735941
24,20,0.147385019995,0.177339800704
25,20,0.159792064934,0.195127672987
26,20,0.255934953702,0.308101670721
27,20,0.247609513323,0.2954751717
28,20,0.121763385678,0.165198567464
29,20,0.160195733376,0.208806174677
30,20,0.139094213711,0.175701778742
31,20,0.121335455425,0.150622468242
32,20,0.12901798534,0.163282661835
33,20,0.128805123422,0.168002764898
34,20,0.204989136678,0.270185959173
35,20,0.325489794504,0.387638534493
36,20,0.297471140969,0.405208787102
37,20,0.206284407466,0.295327016725
38,20,0.248546537915,0.324825364753
39,20,0.348457409573,0.419793630755
40,20,0.326526703484,0.396820590482
41,20,0.346073284821,0.419886857908
42,20,0.156414006379,0.202740048524
43,20,0.185034953812,0.235981432929
44,20,0.204436195408,0.243815869474
45,20,0.173033418444,0.215944093854
46,20,0.136135297397,0.180601763077
47,20,0.113192408655,0.1402454887
48,20,0.133534556715,0.164129318437
49,20,0.11413268267,0.146885856238
50,20,0.119478508145,0.14788586353
51,20,0.121311636414,0.157249453699
52,20,0.106839775926,0.138333468313
53,20,0.167683776973,0.214050188018
54,20,0.111257107469,0.139049918878
55,20,0.0980590860637,0.124721270074
56,20,0.151331820251,0.188511408529
57,20,0.143170662651,0.177245184584
58,20,0.230330219569,0.294477415171
59,20,0.224161302291,0.266753722805
60,20,0.125494152128,0.168274325864
61,20,0.184348798491,0.236825150047
62,20,0.231254616679,0.299453995317
63,20,0.217442721427,0.286553470092
64,20,0.257840278501,0.345191399651
65,20,0.169749985697,0.217441443874
66,20,0.336217666539,0.465973193366
67,20,0.537178044577,0.628311518122
68,20,0.161464170687,0.201146728034
69,20,0.184533844743,0.218609252124
70,20,0.300454094661,0.384672178439
71,20,0.199158626066,0.233384151173
72,20,0.147772998909,0.177709880998
73,20,0.332025444646,0.429176272046
74,20,0.0972074759251,0.116404368225
75,20,0.107346430699,0.1354258683
76,20,0.152270212283,0.189481848922
77,20,0.140414282155,0.193755396144
78,20,0.115729811012,0.143469336973
79,20,0.149152432069,0.176337775571
80,20,0.0909303049124,0.111239108624
81,20,0.120095058703,0.17084596416
82,20,0.119446142995,0.148503866335
83,20,0.164120494139,0.208638779176
84,20,0.108479859965,0.137315498977
85,20,0.11417171624,0.140111221931
86,20,0.114484342577,0.156603382256
87,20,0.154817089713,0.2000524304
88,20,0.280106394013,0.391234680417
89,20,0.130954541777,0.166154628858
90,20,0.261287490126,0.342303575267
91,20,0.125357727362,0.171971373398
92,20,0.184263991584,0.236280085184
93,20,0.250240547074,0.293891195022
94,20,0.0992977914257,0.123861460958
95,20,0.170574450092,0.223341166471
96,20,0.310870263596,0.379013816068
97,20,0.100366006618,0.131401170351
98,20,0.103929512095,0.132303714265
99,20,0.0963486409031,0.125460448693
100,20,0.110847035825,0.141971454233
101,20,0.158682884777,0.218881185216
102,20,0.171870776889,0.206634628373
103,20,0.245435346094,0.305479545159
104,20,0.124543036252,0.161205431355
105,20,0.141923769734,0.180591257623
106,20,0.107996921615,0.13037868527
107,20,0.105596531992,0.131454526241
108,20,0.191556984901,0.226484480686
109,20,0.186360369451,0.230306217192
110,20,0.284736705642,0.363533989881
111,20,0.202383282453,0.247021983087
112,20,0.178533665926,0.222127968777
113,20,0.200185136651,0.301121488268
114,20,0.179131625534,0.266413541762
115,20,0.212380981268,0.242617735585
116,20,0.14929983325,0.189656294458
117,20,0.220791392582,0.255588403883
118,20,0.190274640525,0.245509872323
119,20,0.270634609657,0.320490910233
120,20,0.72255762221,0.939309266611
121,20,0.562385576356,0.65691885346
122,20,0.621735830079,0.792921206354
123,20,0.482662256289,0.578261742121
124,20,0.454455710537,0.557633579912
125,20,0.508609059379,0.59619490571
126,20,0.450012399824,0.612296812696
127,20,0.510477036429,0.625809330274
128,20,0.16057713589,0.200890127168
129,20,0.161878982305,0.227159821427
130,20,0.0926211849832,0.116073322195
131,20,0.141465217003,0.189933320392
132,20,0.281609176233,0.373767887194
133,20,0.453946437591,0.557015623252
134,20,0.468096595646,0.557912408746
135,20,0.448372045562,0.564332051588
136,20,0.353952241445,0.439326730148
137,20,0.280618237702,0.373632792731
138,20,0.210066583045,0.292901362683
139,20,0.201459818593,0.26121683699
140,20,0.100261811877,0.133668156494
141,20,0.109922379958,0.160076001262
142,20,0.157785164739,0.200590763122
143,20,0.160527663073,0.234091221295
144,20,0.0996637711798,0.139088564727
145,20,0.103911168965,0.132673669231
146,20,0.12515841855,0.148242925192
147,20,0.0974794492089,0.118405882217
148,20,0.147283010019,0.171408919457
149,20,0.0848926800134,0.116477185669
150,20,0.0826766711518,0.111107560552
151,20,0.0851658619728,0.111682017625
152,20,0.117911950991,0.149594741843
153,20,0.147637162078,0.196232936148
154,20,0.179137580421,0.277389384747
155,20,0.205687019449,0.311998824065
156,20,0.104726421401,0.140903846947
157,20,0.255520683284,0.31148128312
158,20,0.147167705108,0.213698930157
159,20,0.108483768756,0.141312826289
160,20,0.12926794792,0.170036888385
161,20,0.0876394656358,0.119611676395
162,20,0.120322202021,0.146790020709
163,20,0.113669209546,0.134958486672
164,20,0.116515305141,0.14873895396
165,20,0.118142343714,0.159997894266
166,20,0.102291061897,0.140481985486
167,20,0.133228870934,0.156536940439
168,20,0.1229579757,0.153661561819
169,20,0.100823052388,0.1215472054
170,20,0.121619545894,0.146891691554
171,20,0.135741993212,0.159486332319
172,20,0.142972909444,0.185966177478
173,20,0.15273291144,0.18830620085
174,20,0.128619380469,0.162428702475
175,20,0.110252446815,0.129293495336
176,20,0.0896899700989,0.111552525343
177,20,0.0819278059453,0.101769102447
178,20,0.0739182641083,0.0975140094151
179,20,0.0949126683336,0.116690131079
180,20,0.0842475306744,0.109233897864
181,20,0.0946801969637,0.12646805739
182,20,0.099535948144,0.132806841397
183,20,0.101291097485,0.127262475196
184,20,0.0761371563957,0.10016933773
185,20,0.0911941643372,0.120046916401
186,20,0.108375072099,0.162127413498
187,20,0.117262572446,0.152299581904
188,20,0.108656688848,0.154973756492
189,20,0.106685685084,0.177013141063
190,20,0.240334429684,0.266922990352
191,20,0.150719513845,0.226894292934
192,20,0.173415929752,0.216604152099
193,20,0.137023955134,0.205841323056
194,20,0.113769733366,0.15660745286
195,20,0.0932745952848,0.141617263697
196,20,0.168483221857,0.248148106429
197,20,0.221267266332,0.303208601672
198,20,0.168706215024,0.332366749979
199,20,0.168006528521,0.238293745261
200,20,0.260732393698,0.349304948573
201,20,0.354680635807,0.428461981242
202,20,0.613228450819,0.699115494675
203,20,0.486330859976,0.616220288484
204,20,0.469360634496,0.635579391243
205,20,0.605572622273,0.728555060533
206,20,0.697030286121,0.781114584295
207,20,0.566462364612,0.731347555671
208,20,0.669373450628,0.766028656342
209,20,0.542074850858,0.656416239791
210,20,0.592021196849,0.717973359432
211,20,0.783825334191,0.932579719655
212,20,0.449735873221,0.515067731053
213,20,0.571565647885,0.725993901031
214,20,0.863373980253,1.02595116294
215,20,0.621131150916,0.817932563129
216,20,0.514438810546,0.654707519384
217,20,0.389028639814,0.449451501552
218,20,0.242703661102,0.297192212209
219,20,0.265823830522,0.357411516531
220,20,0.174819774416,0.222364825538
221,20,0.215568556511,0.310561090532
222,20,0.191556248623,0.237848455325
223,20,0.136741606945,0.169409772261
224,20,0.13421687934,0.169388460839
225,20,0.13260471596,0.162375443969
226,20,0.153333298543,0.197872120387
227,20,0.160380211591,0.199637098643
228,20,0.286199479754,0.380320097942
229,20,0.516242563908,0.662096337372
230,20,0.579672245387,0.676835357077
231,20,0.483326471447,0.575579489555
232,20,0.852705441022,1.0276048217
233,20,0.791987154861,0.936729259002
234,20,0.660485889059,0.764085612859
235,20,0.674175594954,0.823489037397
236,20,0.571325774521,0.698396253358
237,20,0.48455000876,0.589150457606
238,20,0.437493385071,0.602301450709
239,20,0.526853256328,0.691162133056
240,20,0.292599745367,0.36067448093
241,20,0.308641991336,0.373632854613
242,20,0.581255790798,0.680819958267
243,20,0.576988319709,0.701881045864
244,20,0.839790959634,1.02419004172
245,20,0.754482163822,0.946314430931
246,20,0.748255368519,0.867482087582
247,20,0.598758358462,0.786980153255
248,20,0.426035346681,0.518572204209
249,20,0.386792750997,0.479074519834
250,20,0.329682009119,0.416640638974
251,20,0.424035578016,0.490843551395
252,20,0.287593797496,0.352639361809
253,20,0.351133258767,0.405356263045
254,20,0.17664874887,0.218994119426
255,20,0.143775878055,0.180110726516
256,20,0.103426861962,0.136670154449
257,20,0.21160542048,0.282651250514
258,20,0.113660003424,0.15411185587
259,20,0.110852214266,0.137848387201
260,20,0.149412575337,0.180554277582
261,20,0.183795134315,0.234719021777
262,20,0.194218507842,0.245087162367
263,20,0.177089418568,0.221690800194
264,20,0.445419093832,0.516010218043
265,20,0.327700368404,0.421311969909
266,20,0.298643370407,0.378607619249
267,20,0.28585500216,0.364283980366
268,20,0.236335683804,0.290340412459
269,20,0.247682846198,0.31850596203
270,20,0.234434327083,0.290095041169
271,20,0.160162581398,0.215369201322
272,20,0.152387483645,0.195765579881
273,20,0.12601070828,0.160594888243
274,20,0.131360961896,0.160769023058
275,20,0.132336451068,0.170287974172
276,20,0.306124077834,0.370407741254
277,20,0.139030083701,0.180265112234
278,20,0.127322589841,0.149944112349
279,20,0.139377274108,0.181714695904
280,20,0.215869018542,0.260989452313
281,20,0.177651516721,0.244129777089
282,20,0.197325137605,0.227355169351
283,20,0.157618405394,0.200772145326
284,20,0.156545475424,0.179022894201
285,20,0.105972113359,0.128544265255
286,20,0.13656936405,0.171575923894
287,20,0.156675289946,0.20181067836
288,20,0.147400223101,0.186787120601
289,20,0.152036929199,0.194776894337
290,20,0.155916446315,0.193224500328
291,20,0.15469264315,0.176609094573
292,20,0.0934966486178,0.114825560206
293,20,0.118579778017,0.143378358117
294,20,0.127267794916,0.16571964874
295,20,0.128015468659,0.165821838141
296,20,0.0906839426979,0.112045229469
297,20,0.127399958894,0.150132430951
298,20,0.188785947684,0.223376086141
299,20,0.099339340613,0.139455954755
300,20,0.141813378957,0.172106191263
301,20,0.131701888006,0.160381161343
302,20,0.101112775181,0.12852153672
303,20,0.100311495344,0.121616311416
304,20,0.117423269733,0.145611514815
305,20,0.124905223887,0.147504907371
306,20,0.140567769585,0.168221887994
307,20,0.146643325454,0.175274661252
308,20,0.12226595303,0.151867763423
309,20,0.207755085361,0.277711704845
310,20,0.186697760624,0.227246142051
311,20,0.259874643966,0.322395223523
312,20,0.325993523137,0.401879380682
313,20,0.532097068327,0.675355325794
314,20,0.299729438181,0.354224650577
315,20,0.216847717616,0.270568337658
316,20,0.225174491929,0.289032660575
317,20,0.261477519074,0.342001637639
318,20,0.2056817171,0.260700514636
319,20,0.30275548757,0.384585824882
320,20,0.187319722517,0.233148731754
321,20,0.154936691195,0.189174759573
322,20,0.113680594262,0.142871674956
323,20,0.143632544954,0.175692341775
324,20,0.13036964936,0.163203674248
325,20,0.181582760919,0.223477744925
326,20,0.152156000259,0.194018866983
327,20,0.432991737932,0.543286825347
328,20,0.268682370164,0.325149917141
329,20,0.199694853497,0.234319187072
330,20,0.157369349133,0.186819768539
331,20,0.192252204449,0.230946046358
332,20,0.329278353404,0.386997586083
333,20,0.44865701637,0.523377261495
334,20,0.607095904301,0.779570416571
335,20,0.547612243913,0.658453041192
