cycle,count,mae,rmse
50,10,0.10293518167,0.12691352062
51,10,0.0931318353132,0.115368567871
52,10,0.115390363555,0.13903347759
53,10,0.136900877962,0.171519979499
54,10,0.0756140091518,0.0948134329571
55,10,0.111213678682,0.135797156617
56,10,0.153341470423,0.187731297838
57,10,0.108361367127,0.139282634311
58,10,0.256446931032,0.289174176347
59,10,0.123591486885,0.166719221306
60,10,0.19836102748,0.232400711401
61,10,0.112935210023,0.141116253105
62,10,0.182457403195,0.218134919206
63,10,0.135064970017,0.168079262528
64,10,0.217150957563,0.270918950173
65,10,0.155786127318,0.19140457028
66,10,0.301048976094,0.388045488383
67,10,0.51417205097,0.621543176231
68,10,0.225052930212,0.266834035671
69,10,0.252806109905,0.31471205417
70,10,0.357972283713,0.468686642127
71,10,0.306527599608,0.387820705375
72,10,0.216768706828,0.272650325109
73,10,0.42874438914,0.601305567294
74,10,0.153330375034,0.187108616666
75,10,0.134836495343,0.159962239308
76,10,0.11443643339,0.140247063484
77,10,0.182937438084,0.24137823993
78,10,0.187482343503,0.227041126873
79,10,0.194810538336,0.229076513639
80,10,0.114635853389,0.135332530844
81,10,0.106409387369,0.130695288762
82,10,0.158505463984,0.201042076271
83,10,0.256749370497,0.299895354696
84,10,0.156929805143,0.184717150547
85,10,0.120066787602,0.141527244951
86,10,0.182487618117,0.228717742795
87,10,0.216803549014,0.277873840678
88,10,0.169344463396,0.212452790726
89,10,0.116169758021,0.150306970262
90,10,0.322848998104,0.393439086791
91,10,0.10345039566,0.136363234444
92,10,0.11917340518,0.149931490421
93,10,0.184067931842,0.224639557669
94,10,0.136516891143,0.16911819934
95,10,0.117070880352,0.145303010128
96,10,0.310817980995,0.413030923135
97,10,0.117447509439,0.144674539571
98,10,0.176668054108,0.220857882281
99,10,0.156773244137,0.198508583323
100,10,0.17230261962,0.219905820766
101,10,0.25922180255,0.300040888214
102,10,0.111599618756,0.137647923398
103,10,0.0919585698999,0.11763872282
104,10,0.150360197403,0.181982378676
105,10,0.188786119539,0.233533993164
106,10,0.104116918149,0.134690509462
107,10,0.0937815558034,0.113459898535
108,10,0.109775854802,0.149283327673
109,10,0.171081213368,0.207352910506
110,10,0.158646146921,0.245514491355
111,10,0.216760844819,0.254051884826
112,10,0.150659236366,0.187438308192
113,10,0.173906706815,0.219513456498
114,10,0.208773985451,0.275741482938
115,10,0.120086647982,0.156032236361
116,10,0.144018414685,0.184271466906
117,10,0.200369250628,0.238247706051
118,10,0.205473887162,0.266087295282
119,10,0.379209284319,0.44376765094
120,10,0.72486082094,0.941504234206
121,10,0.643262681626,0.763956213649
122,10,0.710789507906,0.888668151106
123,10,0.548881309404,0.687254500189
124,10,0.510176639815,0.680712088636
125,10,0.559948795443,0.732210074016
126,10,0.570258890402,0.724514291102
127,10,0.585320868518,0.718487355406
128,10,0.192245143328,0.234044640525
129,10,0.156335482418,0.228629456412
130,10,0.135479158184,0.166478322313
131,10,0.169864413164,0.236041860735
132,10,0.320342038604,0.404069535083
133,10,0.284799675268,0.342488343469
134,10,0.314463337828,0.378961771894
135,10,0.308893330502,0.386901761121
136,10,0.281465335724,0.348023541148
137,10,0.242679936248,0.300400450927
138,10,0.28306147815,0.351649442754
139,10,0.161111154771,0.194243478985
140,10,0.140144701949,0.166406626384
141,10,0.164732108324,0.202714670644
142,10,0.12722145952,0.168263417369
143,10,0.217057743198,0.289193058803
144,10,0.216608253328,0.263914939272
145,10,0.0963323878944,0.128511409137
146,10,0.163774464952,0.212528631379
147,10,0.114637036398,0.136158737335
148,10,0.13620696659,0.167939313557
149,10,0.125152039884,0.141868977288
150,10,0.15265509644,0.195829655652
151,10,0.114534242125,0.14336460063
152,10,0.092511694929,0.118286074379
153,10,0.185938716386,0.25578381452
154,10,0.179560250861,0.264448240107
155,10,0.216964102645,0.309175783381
156,10,0.133172276095,0.162744422283
157,10,0.19065291627,0.230638409127
158,10,0.192357435667,0.239839369153
159,10,0.166154758878,0.201858603765
160,10,0.142231450509,0.17777253162
161,10,0.124742205225,0.15428952008
162,10,0.13145708763,0.165651058254
163,10,0.195397400787,0.245939596144
164,10,0.142013733247,0.172621346922
165,10,0.157595109757,0.20306632371
166,10,0.134288002458,0.175623269637
167,10,0.0785414930073,0.0977851395424
168,10,0.0992938299958,0.127440410879
169,10,0.134435870348,0.171998198259
170,10,0.101800927831,0.124623833737
171,10,0.238253970336,0.300824444696
172,10,0.151633583901,0.187056096209
173,10,0.147754779049,0.192093555159
174,10,0.196646153687,0.260497026279
175,10,0.180753423534,0.231687853472
176,10,0.190341661029,0.233734020414
177,10,0.132942769094,0.164111196709
178,10,0.128089531782,0.160907496572
179,10,0.0904701255188,0.111260865685
180,10,0.108575473354,0.132835582716
181,10,0.110907136939,0.13470452331
182,10,0.113646890332,0.14521328569
183,10,0.120930296405,0.148549908809
184,10,0.110199906482,0.134704169608
185,10,0.0903183103495,0.118384175239
186,10,0.0968289094223,0.126842469158
187,10,0.127930538141,0.165242076068
188,10,0.111413468931,0.131835046888
189,10,0.128656053342,0.159131588186
190,10,0.169426718466,0.217775125345
191,10,0.125401626456,0.165078836951
192,10,0.17520790611,0.21245048443
193,10,0.129569084699,0.157029590127
194,10,0.17963710332,0.209708796709
195,10,0.100229128808,0.126258669304
196,10,0.126846253095,0.158753676236
197,10,0.272970059617,0.331219503867
198,10,0.255388465305,0.34429123913
199,10,0.147131751707,0.21603809057
200,10,0.20547835454,0.272833206833
201,10,0.415208060793,0.49662134731
202,10,0.561696371838,0.650325643397
203,10,0.347876656604,0.440177786511
204,10,0.570059123556,0.675875453361
205,10,0.487506764287,0.5784507285
206,10,0.748833413964,0.894102508625
207,10,0.523482237993,0.639285530582
208,10,0.409895765215,0.512828455835
209,10,0.665040664415,0.8350028878
210,10,0.357803601931,0.446833310654
211,10,0.852825275397,1.04219284966
212,10,0.398666758977,0.486119383176
213,10,0.736471516353,0.942538563019
214,10,0.690624418738,1.03849787593
215,10,0.889882954891,1.0168075065
216,10,0.905831577032,1.10080008066
217,10,0.480507696137,0.550411684493
218,10,0.281017960053,0.356364184413
219,10,0.284822718067,0.417375268405
220,10,0.191913268664,0.257363346536
221,10,0.23931950336,0.311375924582
222,10,0.195709549525,0.24481304023
223,10,0.178641557905,0.214508876225
224,10,0.215950933732,0.284011132717
225,10,0.164599362248,0.195271445099
226,10,0.157852595798,0.211673627194
227,10,0.192566201032,0.24098298053
228,10,0.230819689953,0.30025114196
229,10,0.644419707859,0.792586700021
230,10,0.6958442567,0.837813941383
231,10,0.392287985447,0.477393432635
232,10,0.803874706511,1.04060207373
233,10,0.827307049208,0.993523568073
234,10,0.504606835622,0.599945730192
235,10,0.772548893001,0.949799300122
236,10,0.353320125334,0.436252220509
237,10,0.570906310475,0.68936828146
238,10,0.424732847817,0.557111379645
239,10,0.268145447177,0.373148092807
240,10,0.208067582046,0.255347848982
241,10,0.267106348099,0.320426962681
242,10,0.565019493845,0.675700390876
243,10,0.631969673748,0.761893716721
244,10,0.934902889201,1.11782379325
245,10,1.15220384891,1.41115389806
246,10,0.498271975816,0.61898856382
247,10,0.457691896118,0.569127513563
248,10,0.425208702449,0.533413152956
249,10,0.265199910646,0.333971075958
250,10,0.483489634873,0.618878372038
251,10,0.330642325442,0.409973078564
252,10,0.166469290257,0.207664340568
253,10,0.305094227497,0.382865762594
254,10,0.155880966053,0.186113881564
255,10,0.177087925263,0.221499759665
256,10,0.126050323738,0.159876840717
257,10,0.150816034533,0.18230943144
258,10,0.106576786545,0.132406675417
259,10,0.140715962656,0.175430318929
260,10,0.169250381729,0.221270908432
261,10,0.198690632922,0.25730026339
262,10,0.202889056738,0.260025598663
263,10,0.255063361378,0.304009116454
264,10,0.353574018838,0.44439784083
265,10,0.465309563703,0.55358688553
266,10,0.308728593428,0.360626835797
267,10,0.423857402076,0.542261156771
268,10,0.242509296515,0.30772995656
269,10,0.260966234615,0.341315396313
270,10,0.272244305224,0.332986415677
271,10,0.249056565809,0.306879455908
272,10,0.129672281533,0.164635213585
273,10,0.116989318307,0.149363023347
274,10,0.170461406868,0.2098433319
275,10,0.178642717515,0.228129676225
276,10,0.356731072203,0.452082865171
277,10,0.164952162684,0.228090704385
278,10,0.175066652993,0.219215110013
279,10,0.148983968296,0.213724604516
280,10,0.205915625724,0.278690125771
281,10,0.193364510187,0.270601962981
282,10,0.230635173409,0.260583452217
283,10,0.175607180343,0.228511741794
284,10,0.133946794634,0.167901579665
285,10,0.153412118746,0.208172299515
286,10,0.219900870389,0.269205441121
287,10,0.225434542507,0.281572170214
288,10,0.120206958723,0.16124835069
289,10,0.194530228591,0.24185848348
290,10,0.150619112273,0.195892632281
291,10,0.152309444051,0.190060990283
292,10,0.0894580208364,0.116102502871
293,10,0.0839704761144,0.10379633487
294,10,0.100093583042,0.139104608797
295,10,0.128893964401,0.173904997988
296,10,0.0876358947488,0.112727991138
297,10,0.15400077258,0.195940330529
298,10,0.17563952375,0.230833325764
299,10,0.111402493199,0.154566506134
300,10,0.150857659847,0.202350191363
301,10,0.133064275267,0.176209644672
302,10,0.128357476245,0.168476371738
303,10,0.116632876454,0.146980478054
304,10,0.151082434942,0.193681392704
305,10,0.136808491293,0.195158193957
306,10,0.127668287915,0.169174210976
307,10,0.176657342597,0.24018224212
308,10,0.106498284901,0.130969349658
309,10,0.221900927178,0.282606597953
310,10,0.197113616757,0.23053194687
311,10,0.303839996209,0.383369379216
312,10,0.36978929044,0.446586706639
313,10,0.87989006859,1.08356119136
314,10,0.346211399955,0.410081457916
315,10,0.210327202798,0.265746639222
316,10,0.20383211361,0.269107312547
317,10,0.331221179624,0.420145327826
318,10,0.174354261125,0.227777300564
319,10,0.302782030618,0.351208384153
320,10,0.186910209493,0.224198295311
321,10,0.110435369058,0.143803545749
322,10,0.150934494642,0.201600187539
323,10,0.207146243932,0.270000264162
324,10,0.144588562429,0.206909464882
325,10,0.175696286229,0.215720388728
326,10,0.225932446939,0.310079619158
327,10,0.42139519504,0.546197634736
328,10,0.239873592603,0.304620858633
329,10,0.172723054246,0.215865091729
330,10,0.151535968804,0.188253324434
331,10,0.178217346028,0.231790835552
332,10,0.335142989164,0.388062945278
333,10,0.495848910964,0.584383476826
334,10,0.37914297083,0.487343694109
335,10,0.888706086016,1.03185335509
