cycle,count,mae,rmse
50,15,1.03187428007,1.24945834566
51,15,1.1801445865,1.36374300362
52,15,0.931138025787,1.96620227183
53,15,1.30127526322,1.98833708948
54,15,6.0275876474,7.67552093559
55,15,1.28781108712,1.87722340523
56,15,0.836844613726,1.09328617936
57,15,1.30487915287,2.01760282853
58,15,2.42986416585,3.17889256741
59,15,3.1913072518,3.85704006291
60,15,1.16179600569,1.47620683419
61,15,0.900192430619,1.25366056988
62,15,0.491098549721,0.755823335637
63,15,1.84235501811,2.20650719484
64,15,1.14595529652,1.42056777034
65,15,0.715685378917,0.89310918921
66,15,1.40571654938,1.87351196478
67,15,6.10418919685,7.44077073578
68,15,1.16367706747,1.41151405594
69,15,0.764322263216,0.898449836074
70,15,1.06061778534,1.37199811332
71,15,1.10283592639,1.355673434
72,15,0.643163171829,0.791278472041
73,15,0.930157629097,1.19095892961
74,15,1.53404618944,1.9024393469
75,15,0.944584550835,1.22593577814
76,15,0.905793792679,1.11134027376
77,15,0.9686488688,1.16428973944
78,15,1.14757757131,1.46433870329
79,15,1.48784507427,1.98755078025
80,15,1.02891870409,1.33914173401
81,15,1.87383917222,2.31365821127
82,15,1.13410774716,1.3340196444
83,15,1.43801536617,1.90857648623
84,15,0.726328036047,0.945517587226
85,15,0.657553666538,0.830778903195
86,15,0.815021566727,1.01129897218
87,15,0.997059484064,1.24160205261
88,15,1.63524515924,1.93299159782
89,15,0.713261346324,0.884093132416
90,15,1.28528675749,1.58194471058
91,15,0.626628876347,0.792353768025
92,15,1.51967258181,1.76720255485
93,15,2.14437994386,2.54971110891
94,15,0.772906389775,0.967275018004
95,15,1.26247627514,1.55157500761
96,15,1.2833687739,1.64805304687
97,15,0.446201972834,0.581451555571
98,15,1.15952200037,1.37750714134
99,15,0.559121937738,0.682897860722
100,15,0.595412654994,0.774688684298
101,15,0.620217422572,0.739229019115
102,15,0.943051436036,1.11866124082
103,15,0.525126462093,0.640481754005
104,15,0.730444620857,0.980793381395
105,15,0.620880046974,0.72584273326
106,15,0.644822144575,0.808970760308
107,15,0.574288297376,0.684098489649
108,15,0.983903775511,1.20034355645
109,15,0.63804020523,0.761566034422
110,15,0.740025581425,0.875459289349
111,15,0.93732363261,1.08863418641
112,15,0.898756019793,1.23106337122
113,15,1.09753123121,1.40099763434
114,15,0.601995486651,0.805678050739
115,15,0.76301271969,0.981827366634
116,15,0.610528266672,0.723288916605
117,15,0.687390535382,0.814557275198
118,15,0.623816697411,0.764030692295
119,15,0.887150550916,1.1294201694
120,15,2.98691809061,3.5573762824
121,15,1.80733326455,2.32514736908
122,15,7.08938896397,9.17547188845
123,15,2.24746661415,2.70574633734
124,15,3.12944100184,3.86628676045
125,15,2.1121563106,2.58682963371
126,15,1.48130128424,2.00268473308
127,15,1.99067989338,2.44472186826
128,15,0.913487879945,1.16282168242
129,15,1.23922439313,1.51597682856
130,15,0.908215429598,1.16845284341
131,15,1.09768398848,1.32971116173
132,15,1.44400588822,1.84453183246
133,15,1.23946570736,1.64381987495
134,15,3.81721625903,4.30334209028
135,15,1.76554975967,2.02368513999
136,15,1.33553219163,1.62237148033
137,15,1.34178680652,1.82849164163
138,15,0.989286421781,1.27384072308
139,15,0.675893276693,0.870538863408
140,15,0.562418251398,0.700900363685
141,15,0.513332184662,0.678206983151
142,15,0.619900738259,0.766510785365
143,15,0.671357304712,0.96320709401
144,15,0.5764292806,0.72164723585
145,15,0.533052784937,0.695471973705
146,15,0.669001845966,0.854812927637
147,15,0.650932650608,0.803679125244
148,15,0.638352821239,0.752057584843
149,15,0.498123213783,0.643758635918
150,15,0.715284364778,0.902256973155
151,15,0.825372407505,0.999651231985
152,15,0.444682384592,0.573470638342
153,15,1.17391205014,1.47619302996
154,15,1.0660606132,1.38743801071
155,15,0.942913052716,1.27748223921
156,15,0.682922198622,0.855772208003
157,15,1.52123445126,1.81327792454
158,15,1.28535266944,1.61269883757
159,15,0.907281865193,1.17059455767
160,15,0.765730846034,0.962665912393
161,15,0.78140206091,0.998277760419
162,15,0.646328605326,0.800201983638
163,15,0.805987897941,1.00971916426
164,15,0.644645867034,0.789665784161
165,15,0.886473029815,1.09292523051
166,15,1.38316344182,1.7526333621
167,15,0.893613011107,1.07745561856
168,15,1.12810275529,1.38200347683
169,15,0.753379017021,0.983779611863
170,15,0.72152431111,0.87981936566
171,15,0.706079795643,0.874510042131
172,15,0.589570600178,0.709404621396
173,15,0.671550065778,0.820334750271
174,15,0.588606072591,0.769496859891
175,15,0.540439784248,0.678248244126
176,15,0.560946723612,0.713856348497
177,15,0.398758002803,0.539422119828
178,15,0.949989526637,1.14029282278
179,15,0.519601739244,0.660069204725
180,15,0.667373786805,0.872211867157
181,15,0.60068447616,0.759458677047
182,15,0.644972751019,0.823680070772
183,15,0.86766086908,1.12797605414
184,15,0.493006316945,0.638875570189
185,15,0.724714885345,0.893574878752
186,15,0.697401760411,0.877072572634
187,15,0.84443740251,1.12839128577
188,15,0.702664579412,0.926557943698
189,15,0.631778342381,0.860550819292
190,15,0.623621820957,0.798875682031
191,15,1.49649229714,1.97249946555
192,15,0.847713196069,0.996883255861
193,15,0.679627898216,0.933998092434
194,15,0.437470769463,0.583037253224
195,15,0.444572107725,0.588333325532
196,15,0.699882954657,0.897264927103
197,15,1.55665945042,1.98188426774
198,15,1.31518094429,1.63637269337
199,15,0.869197507014,1.08941699715
200,15,0.785992627632,0.974901837294
201,15,1.0226711415,1.23916349456
202,15,1.87991874468,2.20627330553
203,15,1.27379392405,1.66995100452
204,15,2.7262701893,3.46353876237
205,15,2.29331731705,2.827404117
206,15,2.36323911351,2.84288694956
207,15,1.52426459904,1.82484540961
208,15,1.36347824659,1.64796247849
209,15,1.27559707875,1.57498624209
210,15,1.65399230348,1.91953258559
211,15,3.95402442282,4.88836360956
212,15,2.53676901992,3.035925137
213,15,2.08649586994,2.73437177227
214,15,2.40643530424,3.23136345456
215,15,2.11652797031,2.78475299223
216,15,1.93421672969,2.47238472775
217,15,2.05343753335,2.45387564536
218,15,1.38360191518,1.67654081067
219,15,1.16632681724,1.4507391983
220,15,1.23387664525,1.5286383835
221,15,1.08428963531,1.50629366475
222,15,1.78671348944,2.21698145246
223,15,0.973957732855,1.23784296322
224,15,0.752306135599,0.92891481643
225,15,1.03365851222,1.24188150404
226,15,0.59357006059,0.713852218881
227,15,0.871600166008,1.13307148079
228,15,1.46671344837,2.02505637838
229,15,2.7316167146,3.55969477999
230,15,1.47742474594,1.75714212666
231,15,1.86268061946,2.49428339867
232,15,2.29153817408,2.67400193184
233,15,1.8828734242,2.30879598565
234,15,1.23897628089,1.41525375684
235,15,1.47257800943,1.72347522077
236,15,1.24112948777,1.56694235937
237,15,0.813994423326,1.03453885341
238,15,0.988791187572,1.15382711817
239,15,1.06148185607,1.23125022848
240,15,0.828428580502,1.01941734722
241,15,1.17504395215,1.40901826849
242,15,1.24525082937,1.49782484443
243,15,1.86066676854,2.27079442669
244,15,2.39529263219,2.73220576017
245,15,1.61603262555,1.89851049629
246,15,0.92080795183,1.10176871089
247,15,1.17368027814,1.4166359015
248,15,1.41397402009,1.79864780648
249,15,1.5026731141,1.83435826312
250,15,1.6237927666,2.10140524626
251,15,1.79404514944,2.1553963923
252,15,1.23828793093,1.56739265215
253,15,3.12995297541,4.07544006019
254,15,1.36020219908,1.86519618784
255,15,0.737646164749,1.06564445517
256,15,0.753001911068,1.07199727353
257,15,3.41496304818,4.06406680336
258,15,0.802973664829,1.01004995318
259,15,0.771896629742,0.964566752201
260,15,0.755045669448,0.95779406221
261,15,0.718306767617,0.90490337997
262,15,0.772800638061,0.989564701729
263,15,0.999450399431,1.17674668274
264,15,1.83802068507,2.26696447316
265,15,1.98514865596,2.35329687287
266,15,1.3054963749,1.52430537419
267,15,1.1180843339,1.36969037526
268,15,1.88660952531,2.37091509774
269,15,2.12435418081,2.56309794552
270,15,1.66034401471,2.00646188313
271,15,2.26050073043,2.93125141939
272,15,1.40974735525,1.83124418362
273,15,0.921706314752,1.17453870363
274,15,0.908614863903,1.16252654704
275,15,0.960675235315,1.16640775934
276,15,1.02856207972,1.23160913533
277,15,0.90698697633,1.22054441529
278,15,0.954654171464,1.18805559574
279,15,0.813128339827,1.01404920407
280,15,1.36507385825,1.60030218565
281,15,1.17373364953,1.63149088371
282,15,1.53369790951,1.76143954635
283,15,1.00046965137,1.28208671605
284,15,1.66809272061,1.89427095082
285,15,0.738730920186,0.921195783067
286,15,0.83020476227,1.05192367075
287,15,1.61274498056,2.0233563968
288,15,1.10580422003,1.43914158115
289,15,1.23108021891,1.54926971865
290,15,1.06609091806,1.30913001539
291,15,1.1240125827,1.37218649574
292,15,0.733196774397,0.891438007464
293,15,0.722001130989,1.02764090572
294,15,0.557951003905,0.742997236152
295,15,0.938658136452,1.14436833456
296,15,0.809848445417,0.997293651388
297,15,1.0267873137,1.26779400604
298,15,1.57149832666,1.79971372056
299,15,0.717762112018,0.922838266367
300,15,0.877189082642,1.03168307036
301,15,0.855167135713,1.11567413322
302,15,0.626860727257,0.831214186788
303,15,0.770723897225,1.04233307767
304,15,0.879297494522,1.08427227965
305,15,0.727089643388,0.897936186641
306,15,0.946091801195,1.14025250755
307,15,0.529414877057,0.674911804507
308,15,0.750524837336,0.909668581003
309,15,1.10676982479,1.37433631789
310,15,1.10924074719,1.44071079671
311,15,1.56550570414,1.99410024142
312,15,1.3456488239,1.78368565806
313,15,2.20162500665,2.66065546684
314,15,1.46185255105,1.85930290344
315,15,1.18222230905,1.48862455978
316,15,1.18806919256,1.42072203839
317,15,1.24891713781,1.62412348242
318,15,0.967462651567,1.21245136245
319,15,1.11303325509,1.31176691052
320,15,0.931570483637,1.22278648878
321,15,0.899791440722,1.06288216917
322,15,0.719636665285,0.903432016268
323,15,1.21980599701,1.40120113829
324,15,0.871177829474,1.04056894599
325,15,0.714687476938,0.852267127487
326,15,0.891544831888,1.06629469344
327,15,1.28355787787,1.60637172909
328,15,1.46287941043,1.77920731416
329,15,0.746787214277,0.926525034056
330,15,0.635806816546,0.77730554307
331,15,0.753331346974,0.883364467044
332,15,1.22730532874,1.51608163515
333,15,0.573106128065,0.710089774402
334,15,0.901704878093,1.07417104153
335,15,1.5798690223,2.0666643966
