cycle,count,mae,rmse
50,15,1.06492110022,1.2981222374
51,15,1.11074029594,1.43011054037
52,15,0.985055984594,2.0178670217
53,15,1.77398361649,2.463479144
54,15,1.2421788048,2.00656110347
55,15,0.711824395744,1.49086182673
56,15,1.22721603714,1.47285155266
57,15,1.88268964948,2.6336774668
58,15,2.75399909084,3.57697531974
59,15,3.77425185567,4.40584364739
60,15,1.80647807945,2.27406612797
61,15,0.972196742664,1.28577772161
62,15,1.04122546058,1.30715704061
63,15,2.13551475038,2.75548561286
64,15,1.07825156823,1.29760740348
65,15,0.683390093915,0.85375839103
66,15,1.16817359455,1.55517065662
67,15,4.85405132824,6.40162781561
68,15,1.17954822616,1.41101032478
69,15,0.582212798491,0.698726127166
70,15,1.03078556922,1.3659034042
71,15,0.52558000704,0.64080005997
72,15,0.659422842936,0.808254167021
73,15,0.874056385996,1.21291498407
74,15,1.14731377336,1.39930371757
75,15,0.916684241741,1.07197563545
76,15,0.977551475134,1.25773362831
77,15,0.929359799161,1.12584601038
78,15,1.81774614484,2.23196866366
79,15,1.04525290108,1.3087861435
80,15,1.27229927985,1.64928330376
81,15,1.15905401665,1.3571390575
82,15,1.03307603165,1.27437908464
83,15,1.08763556359,1.45159779115
84,15,1.21586815685,1.5279638367
85,15,0.521735288267,0.65712082399
86,15,0.445500591009,0.539767380861
87,15,0.932810976116,1.36449943178
88,15,1.40086086863,1.69857764739
89,15,0.809186246275,1.00776878169
90,15,1.04906328573,1.33639781331
91,15,0.946657762862,1.15676921859
92,15,2.08510440176,2.5250981564
93,15,1.10918173826,1.32836718234
94,15,0.805408659009,1.02416731882
95,15,1.9361515369,2.33954957044
96,15,1.43111254432,1.79553670054
97,15,0.388547938686,0.484272954164
98,15,0.547776157507,0.684345893968
99,15,0.638010316736,0.856503675907
100,15,0.515446093967,0.662659549919
101,15,0.941137415124,1.29909440074
102,15,0.558120754079,0.735098465048
103,15,0.494736464796,0.628294225843
104,15,0.468056610981,0.616504048762
105,15,0.462130980472,0.588330820076
106,15,0.764838573408,0.947396505394
107,15,0.90178784413,1.05381593156
108,15,0.755568499317,0.885476787439
109,15,0.608630981098,0.735513598954
110,15,0.982918756092,1.24487842209
111,15,0.923703030264,1.09493714904
112,15,0.60556505832,0.75071520599
113,15,0.894793716016,1.23596964267
114,15,0.554861191278,0.789726162721
115,15,0.826003165519,1.10916300261
116,15,0.702375164745,0.860902015645
117,15,0.942995880678,1.10144706591
118,15,0.599814399542,0.742923166464
119,15,1.03027672521,1.21561906164
120,15,3.1731673046,4.03540326904
121,15,2.76640821274,3.29776804917
122,15,3.28599022806,4.15793989301
123,15,3.0804022826,3.93263139403
124,15,2.34856906604,3.12366543878
125,15,2.87611263529,3.42303871746
126,15,1.61578113212,2.0347616928
127,15,4.00289442257,4.83012405885
128,15,0.880987352413,1.11008167788
129,15,0.850684412911,1.18817193264
130,15,1.04040226612,1.31876038079
131,15,0.877237400671,1.15741031759
132,15,1.26808739341,1.54869869178
133,15,1.69336719385,2.13330378173
134,15,3.25119096376,3.91369953513
135,15,1.67113508762,2.03738945345
136,15,1.74871406376,2.27003330216
137,15,1.32241154652,1.56472199243
138,15,1.03208535777,1.25550011116
139,15,1.0111235898,1.3310413009
140,15,0.490932211206,0.607169547364
141,15,0.511151928362,0.70441890059
142,15,0.655208053943,0.792783379676
143,15,0.809326516353,1.04370386202
144,15,0.642480101721,0.81253134434
145,15,0.397267077096,0.525008312222
146,15,0.683678783298,0.863411030855
147,15,0.738113423178,0.876155598088
148,15,0.600370128428,0.786894089571
149,15,0.456821109371,0.587030234763
150,15,0.580004255545,0.787380147159
151,15,0.706428745752,0.890576265792
152,15,0.417608875064,0.503850484118
153,15,1.05767444066,1.3805026639
154,15,0.963037071699,1.32343716216
155,15,1.120962775,1.45509221335
156,15,0.750555472794,0.915843209358
157,15,1.21152283535,1.46295689679
158,15,0.973650770901,1.26074274174
159,15,0.668160196442,0.824634038969
160,15,0.816026614924,1.0092938155
161,15,0.875433026145,1.04780547657
162,15,0.681710312695,0.848565794153
163,15,0.828735327752,0.989377626702
164,15,0.663851804988,0.83608334162
165,15,0.845583285226,1.01486935378
166,15,1.14583056812,1.36716698165
167,15,0.934703709194,1.20582992812
168,15,0.977561265119,1.30713582668
169,15,0.671840204803,0.899776587472
170,15,0.559010396106,0.757220681469
171,15,0.674499527188,0.852661486068
172,15,0.948729215611,1.18968428197
173,15,0.872503248341,1.07284884937
174,15,0.414946686947,0.553927134268
175,15,0.600974143578,0.732757853979
176,15,0.472760342445,0.580227093911
177,15,0.441182663477,0.525770388816
178,15,0.646650022467,0.776085967915
179,15,0.88171368422,1.07026539103
180,15,0.579199740034,0.724072573122
181,15,0.561077180212,0.678351908598
182,15,0.614121903674,0.8265305945
183,15,0.646111128737,0.920036031605
184,15,0.343734025124,0.434456035556
185,15,0.688803467135,0.818198170085
186,15,0.555856413385,0.669680569994
187,15,0.582920017379,0.736071418602
188,15,0.660273113953,0.931541115232
189,15,0.431169980451,0.521891573789
190,15,0.975203085072,1.40540831024
191,15,0.894442000341,1.07858004609
192,15,0.533869484013,0.729744336943
193,15,0.594942198054,0.745318154303
194,15,0.570147956156,0.765015857786
195,15,0.516627568385,0.614102291058
196,15,0.718142657867,0.933694556439
197,15,1.08479477247,1.48544621336
198,15,0.677119793177,1.01934937173
199,15,0.717301639716,1.02259628941
200,15,0.815477882642,1.02920460653
201,15,1.35970206288,1.71267659209
202,15,1.52390635836,1.86562149467
203,15,1.8375472588,2.34433077014
204,15,1.81126760164,2.17769898268
205,15,1.41196647914,1.77726522404
206,15,2.02232350838,2.52305501509
207,15,2.24397171689,2.68523887924
208,15,1.61660886039,1.90609576839
209,15,1.07207875999,1.38988352176
210,15,2.41909288713,2.88472184285
211,15,3.96430954541,4.72345539953
212,15,2.45175984121,3.16185834887
213,15,1.79144281181,2.38519402471
214,15,2.92160513604,3.69783089375
215,15,2.47056511804,3.32714314579
216,15,2.55778169182,3.35228853838
217,15,1.92624458643,2.36054832676
218,15,2.28286789106,2.91376640011
219,15,1.2399556072,1.60903149748
220,15,1.14762424146,1.45475216854
221,15,1.03714771811,1.34110857562
222,15,1.21443320159,1.49254297931
223,15,0.949467380665,1.19820151201
224,15,0.750651145122,0.95445683766
225,15,0.812884147572,1.02458579743
226,15,0.859596165658,1.07186386463
227,15,1.31094227449,1.68879992216
228,15,1.02488936155,1.4009273859
229,15,1.55030728125,2.05463853052
230,15,2.15680157761,2.70795195144
231,15,1.24494994736,1.63815530803
232,15,1.65486529213,2.00279870247
233,15,1.85530744022,2.25265786555
234,15,1.37526457043,1.62383022749
235,15,1.23935623509,1.5307464046
236,15,0.847039189601,1.07510512489
237,15,1.0873888433,1.31992248261
238,15,0.832965628775,0.979780609213
239,15,1.04952981467,1.29637232779
240,15,1.03466492784,1.23878206931
241,15,1.39770911964,1.63975565254
242,15,1.42971614261,1.76812345159
243,15,1.43693785938,1.87547544083
244,15,1.68978380557,2.07946200323
245,15,1.86367801933,2.341898737
246,15,1.21267464689,1.44729193343
247,15,1.04515189154,1.28680134595
248,15,1.67100029234,2.03152357507
249,15,1.32993924574,1.66386961524
250,15,1.98689980908,2.44580058687
251,15,1.71638490975,2.07383106536
252,15,1.35681304069,1.542473431
253,15,3.87242256702,4.79283387937
254,15,1.59311182,2.05390942743
255,15,0.795767320035,1.15446258995
256,15,0.977054643183,1.32606904907
257,15,1.61135687732,1.88056685724
258,15,0.998662908144,1.34961284148
259,15,0.771494136737,1.02649964736
260,15,0.847169360425,1.02734379969
261,15,0.656868904621,0.802206049115
262,15,1.2953950997,1.60392266705
263,15,0.778419055023,0.997037632316
264,15,1.5057888408,1.91592250527
265,15,1.99112369931,2.44864383092
266,15,1.07579272908,1.34926022176
267,15,1.40873978092,1.75955338462
268,15,1.1441164445,1.46390296187
269,15,1.07819704606,1.43437540294
270,15,1.03148489324,1.29148229925
271,15,1.15506945859,1.50189930377
272,15,1.24721734662,1.49788119441
273,15,0.767268923211,1.00619009623
274,15,0.970114977952,1.26897843984
275,15,0.847107717945,1.05797115061
276,15,0.987708160802,1.17502353368
277,15,1.02272149836,1.29549941836
278,15,0.749677844044,0.934406216965
279,15,0.717868001059,0.889861388034
280,15,0.895407518597,1.11747683423
281,15,1.56112546007,1.9989880917
282,15,1.6184891827,2.05574749897
283,15,1.10248304824,1.26744700749
284,15,1.5611050657,2.03222868864
285,15,0.899693730289,1.15182290388
286,15,1.05584986666,1.33483230722
287,15,1.41353053093,1.75427271077
288,15,1.02717921012,1.26506973322
289,15,1.04985113247,1.34434473353
290,15,0.92665381544,1.21011792014
291,15,0.972590406555,1.17153599265
292,15,0.598700063851,0.732425290101
293,15,0.586003250456,0.750796354643
294,15,0.66477953121,0.909933631488
295,15,1.03273163139,1.27999043285
296,15,0.696916105658,0.877943372102
297,15,1.02426536073,1.30459742834
298,15,0.837839628962,1.05604067105
299,15,0.671826680275,0.875342575512
300,15,0.599631098186,0.718675174232
301,15,0.860059626917,1.03713179651
302,15,0.554592672718,0.750953260149
303,15,0.460198929437,0.590198342922
304,15,0.898799503688,1.0797837357
305,15,0.976870845612,1.14138737808
306,15,1.03188375221,1.18276100316
307,15,0.862737348585,1.04621674451
308,15,0.883599914572,1.05871577003
309,15,1.07502281464,1.2953089087
310,15,0.936183499529,1.16424169563
311,15,1.15315068271,1.50759303525
312,15,1.33015706263,1.72047826811
313,15,2.93608059428,3.5452317743
314,15,1.5420446646,1.87962689573
315,15,0.877630456845,1.04225471968
316,15,1.29443598536,1.53978019358
317,15,1.76408683598,2.13636311628
318,15,1.28664373749,1.5793360247
319,15,1.12226002896,1.38114042733
320,15,0.923449030671,1.12224263488
321,15,0.560319365354,0.697326301187
322,15,0.900678547044,1.04595990788
323,15,0.832370263364,1.00342430721
324,15,0.783826720872,0.931605497771
325,15,0.907692945554,1.03619219276
326,15,0.637050513027,0.817948011684
327,15,2.1005290556,2.83991159007
328,15,0.865935095466,1.10028007266
329,15,0.834759632299,1.01301520794
330,15,0.717211710256,0.905645351632
331,15,1.0628201057,1.2287893644
332,15,0.640499759507,0.809735784657
333,15,0.844058021373,1.01837495821
334,15,0.949911054437,1.19752730308
335,15,1.39144317354,1.66892580172
