cycle,count,mae,rmse
50,15,1.5503031683,1.93885367622
51,15,1.04259127587,1.34137778624
52,15,0.843283680308,1.9291197603
53,15,1.60176849922,2.27639141603
54,15,1.6363357277,2.36097639328
55,15,0.806510373956,1.49879514085
56,15,1.38193085686,1.74051243
57,15,2.23725693652,2.88644664208
58,15,5.32731148254,6.58093651928
59,15,3.25761985064,3.95885885961
60,15,3.23287574889,3.97347637414
61,15,0.587432521793,0.920270754795
62,15,0.890536901784,1.16480087939
63,15,1.1632064316,1.53969838663
64,15,1.16727800934,1.43217858731
65,15,0.814095605199,1.00196669029
66,15,1.9817434596,2.65393189596
67,15,5.72124997209,7.03193812052
68,15,1.18275664904,1.43775680058
69,15,0.748472262914,0.887035559224
70,15,1.62862415271,1.97134155518
71,15,0.60779129349,0.748346425333
72,15,0.585489184672,0.746655229876
73,15,1.31092242591,1.63443787527
74,15,1.39897159277,1.78478725628
75,15,0.891072368505,1.08351639547
76,15,0.963620147652,1.16663045676
77,15,1.43133736445,1.78218844411
78,15,1.533723449,1.94209453046
79,15,1.29436615235,1.65950887636
80,15,1.33183079511,1.67502122549
81,15,1.34523208873,1.77088793067
82,15,1.61483817499,1.89168925317
83,15,0.781352275571,1.03318826257
84,15,0.616005989355,0.877028732374
85,15,0.622710969282,0.817872505688
86,15,0.420255690503,0.550167410221
87,15,0.946669346964,1.26978020859
88,15,1.43104765441,1.85236966548
89,15,0.61737641522,0.797996045183
90,15,1.13721185879,1.35589389668
91,15,0.778130596308,0.933675421199
92,15,1.11508495296,1.34029518447
93,15,1.6717723793,2.03741021474
94,15,0.710088021795,0.990709881006
95,15,1.70564403375,1.91969125162
96,15,1.31767108221,1.59878493134
97,15,0.535702802984,0.676302973783
98,15,0.644487829935,0.799856230991
99,15,0.558052090202,0.678634403002
100,15,0.735880436504,0.904149832191
101,15,0.490725681347,0.623488702012
102,15,0.552615788859,0.701721273959
103,15,0.536767765331,0.648776607447
104,15,0.626817773847,0.743810774546
105,15,0.948551379865,1.12883103993
106,15,0.534699570637,0.651457937902
107,15,0.551375125975,0.67743111429
108,15,0.864611219223,1.06279712316
109,15,0.539561604109,0.651455154425
110,15,0.676301124705,0.804115459239
111,15,0.955093755577,1.15607526504
112,15,0.650415082059,0.81471224167
113,15,1.42873550595,1.85642248702
114,15,0.704091096607,1.06270903428
115,15,0.691134221092,0.866264924305
116,15,0.663660614488,0.785808003228
117,15,0.708473993726,0.876120958878
118,15,0.72735284086,0.877965003424
119,15,1.07517341142,1.34252286196
120,15,2.40072565616,2.83741105159
121,15,1.93038553828,2.42974819158
122,15,3.15858138952,3.90149064839
123,15,3.35076560718,4.26295111276
124,15,1.82800289323,2.26450631277
125,15,2.20521027982,2.62833937427
126,15,1.53248654177,2.11401901942
127,15,1.9827727924,2.47602198414
128,15,0.812342246187,1.00986016964
129,15,0.980925291517,1.2135184012
130,15,1.6992190573,2.14984182578
131,15,0.976069138142,1.22280832419
132,15,1.52560891728,1.83734954982
133,15,1.26368937778,1.59009623877
134,15,2.06374740612,2.60186272272
135,15,2.70317276644,3.71760084334
136,15,1.22055239491,1.48537928639
137,15,1.77510951274,2.14355203471
138,15,1.02998569981,1.26630533675
139,15,1.04266352,1.34280944691
140,15,0.482103094106,0.581730172785
141,15,0.40111681561,0.528240960358
142,15,0.519967021944,0.731229507653
143,15,0.69911905039,0.87827764167
144,15,0.704023985523,0.999124823818
145,15,0.432612401768,0.541190299694
146,15,0.818778834753,1.04016890424
147,15,0.590155894001,0.765878695893
148,15,0.743611616148,0.892058129847
149,15,0.46518713661,0.568528596731
150,15,0.591715590823,0.744239494911
151,15,0.532965501867,0.664359987532
152,15,0.490426950191,0.62243541314
153,15,1.18365979812,1.48334019368
154,15,1.32219443747,1.57247106936
155,15,0.911862414783,1.22468143398
156,15,0.904074992164,1.09053540694
157,15,1.01281438741,1.35567781793
158,15,1.11948814016,1.42110785988
159,15,0.748390057637,0.898264897219
160,15,1.05302357116,1.25598273877
161,15,0.74332839526,0.971557030255
162,15,0.641922845513,0.804328406452
163,15,0.59636524422,0.737812143713
164,15,0.71609346892,0.926323596621
165,15,0.757846328964,0.914310109149
166,15,0.941439332736,1.13116634717
167,15,0.988714695297,1.25728170526
168,15,1.34692266266,1.79233037243
169,15,0.743936638009,0.992033207084
170,15,0.527639006141,0.663764738202
171,15,0.676119968629,0.825327486498
172,15,0.825195687663,0.933010882698
173,15,0.790480683751,0.985521292413
174,15,0.739971039543,0.969673517442
175,15,0.49470818779,0.62014518701
176,15,0.442003941177,0.561592260685
177,15,0.49612391878,0.635327173746
178,15,0.47633854798,0.579401783046
179,15,0.820109255239,0.998809324947
180,15,0.432257434875,0.568583607802
181,15,0.418753117267,0.524314272706
182,15,0.592331086979,0.761427994037
183,15,0.643613489903,0.779349131044
184,15,0.595626147714,0.739039626927
185,15,0.532046803623,0.670095123179
186,15,0.596949037077,0.753868306812
187,15,0.9813123239,1.1589933754
188,15,0.741397874952,0.912296030573
189,15,0.705240466566,0.962797304358
190,15,0.560979472491,0.835548562949
191,15,0.993305996571,1.36548689781
192,15,0.630325801994,0.788341535711
193,15,1.0508979124,1.40718099086
194,15,0.791782991761,0.989424008577
195,15,0.558274993128,0.692101500047
196,15,0.56107712243,0.686194117819
197,15,0.756246830808,0.963587200538
198,15,0.829089262483,1.23016356526
199,15,0.887457954113,1.18262603915
200,15,0.945773287337,1.23656873614
201,15,1.06281563781,1.29596140987
202,15,2.03454771089,2.59043530748
203,15,1.70415506964,2.42539467648
204,15,1.85683345454,2.28962974675
205,15,2.14552088441,2.61144516827
206,15,4.22391185693,5.31218802215
207,15,1.74307288795,2.24920793964
208,15,1.25235762679,1.47307840706
209,15,0.779993943217,0.989379640831
210,15,1.67465505012,2.0587147896
211,15,2.06537111195,2.62718298711
212,15,2.21961375189,2.78789201333
213,15,2.62852781389,3.28148099153
214,15,3.0985069183,3.89756796381
215,15,4.6037039147,6.19738398284
216,15,2.20058149621,2.5579157505
217,15,1.83309767933,2.32058692237
218,15,1.87188484206,2.25766872629
219,15,1.05755001752,1.38086624941
220,15,1.14784031411,1.47525298772
221,15,1.36844297358,1.77086626771
222,15,1.03300873973,1.24626007625
223,15,0.851691451823,1.08793573966
224,15,0.65564841874,0.853650413939
225,15,0.804075154622,1.0627438736
226,15,0.875544229292,1.09175359849
227,15,0.940788096097,1.14973907911
228,15,0.934012851834,1.18321756856
229,15,1.72196177204,2.24593141552
230,15,1.74223226633,2.1141836562
231,15,1.80544977141,2.2305265716
232,15,1.89540142548,2.4562162485
233,15,1.99214817801,2.29841410722
234,15,1.77312614549,2.08969622589
235,15,1.53477073872,1.78904785101
236,15,0.630147291994,0.802575372704
237,15,1.28452931407,1.64369878572
238,15,0.949189076954,1.14741812839
239,15,1.1118049505,1.42268782713
240,15,1.14895835264,1.35038899131
241,15,0.913567638604,1.12106457139
242,15,1.6104033358,2.07995743677
243,15,1.12149169303,1.44540562804
244,15,1.44925486035,1.74811599394
245,15,1.71633260474,2.13109997993
246,15,0.831272486716,1.00321009559
247,15,1.02360252442,1.25514740405
248,15,1.29446406539,1.6946420077
249,15,1.23551373589,1.44822742417
250,15,1.39714448766,1.80269874631
251,15,1.71603625519,2.15164417187
252,15,1.37342692778,1.72139894267
253,15,2.57047738259,2.83251502436
254,15,2.41409206479,3.24822644336
255,15,0.816517158715,1.1705074922
256,15,0.803623036729,1.13836968152
257,15,1.79016432582,2.30314704768
258,15,0.767956483145,0.997580173703
259,15,0.794218313113,0.990875899656
260,15,0.671068110544,0.808315335545
261,15,0.777606641489,1.04320780206
262,15,0.98237410286,1.23367483731
263,15,0.814003193078,1.02070169009
264,15,1.25605105783,1.61719596355
265,15,2.00904501786,2.45908315379
266,15,1.39141801736,1.70042659348
267,15,1.45223118714,1.75295109673
268,15,1.28102407345,1.64449255951
269,15,1.39928630034,1.78047810953
270,15,1.30029321167,1.59194827429
271,15,1.40492190613,1.71345221788
272,15,0.958299963547,1.1489111281
273,15,1.68930668763,2.22823389123
274,15,0.796469808894,1.08289793783
275,15,0.769438462223,0.934060397066
276,15,1.03139944193,1.24645656907
277,15,0.794621745262,1.00082656208
278,15,0.915630751266,1.1623270821
279,15,1.08059410145,1.3477824407
280,15,0.891246006402,1.11396667157
281,15,1.46456598523,1.91680971232
282,15,1.56252662162,1.90890922617
283,15,1.03262224414,1.26460643145
284,15,1.12886338855,1.47209246705
285,15,0.772815394226,0.98255272799
286,15,0.873004419176,1.18356271764
287,15,0.90525806192,1.08355787174
288,15,1.09471357286,1.36907532353
289,15,1.18295065832,1.44594933711
290,15,0.786069044594,1.06293545755
291,15,0.940426471183,1.21758060223
292,15,0.947614206555,1.2477703462
293,15,0.687810128172,0.916153312663
294,15,0.561984048152,0.739069305256
295,15,0.923059665202,1.13129271493
296,15,0.495786421086,0.64220905393
297,15,0.827733795107,1.00284274696
298,15,0.880531512996,1.09619143284
299,15,0.8396471348,1.09249601493
300,15,0.585867452561,0.70786686594
301,15,0.946264893378,1.16343992788
302,15,0.75682448059,0.948889010408
303,15,0.612160057114,0.726657828074
304,15,0.45386117477,0.55350014795
305,15,0.7138787641,0.879827538777
306,15,0.453809579758,0.594711528791
307,15,1.19377083479,1.3958362573
308,15,0.787193989438,0.946265576404
309,15,0.967234582109,1.17301972646
310,15,0.903003086941,1.12313570159
311,15,0.905397180769,1.19047373745
312,15,2.10783388508,2.68894044515
313,15,2.00130981903,2.70710963464
314,15,1.76663838819,2.21669099318
315,15,0.641275602297,0.796039430356
316,15,0.917736482156,1.11441466721
317,15,1.29982592848,1.58255256821
318,15,0.812340345651,1.0520130593
319,15,1.12584518828,1.37153630777
320,15,0.961823461876,1.17593866968
321,15,1.16024858927,1.44264972806
322,15,1.0831375234,1.29059681669
323,15,0.684467310099,0.884264278235
324,15,0.641415721441,0.834278090497
325,15,0.951730700555,1.24024702891
326,15,0.714585654284,0.91040034087
327,15,1.22581622798,1.43454699763
328,15,1.01828211185,1.34145449396
329,15,0.504818948911,0.66011043843
330,15,0.722430086566,0.87716584666
331,15,0.627654961226,0.806843883727
332,15,1.57795956548,1.9619305909
333,15,0.891175588278,1.095576858
334,15,0.883256117643,1.10407300238
335,15,1.61378299955,1.86887872756
