cycle,count,mae,rmse
50,15,1.368384135,1.70604885676
51,15,1.08917924863,1.31002581675
52,15,1.10408678085,2.09776392066
53,15,2.4690294951,3.11293929086
54,15,1.0895585215,1.74150706937
55,15,1.20281749088,1.81438561829
56,15,1.09800058127,1.38009010469
57,15,1.34205411361,2.07055434643
58,15,4.04752475468,4.9727379616
59,15,2.4411999003,2.9709061423
60,15,3.53551458269,4.87287994546
61,15,0.706549338052,1.07401140566
62,15,0.540015895648,0.806526380528
63,15,1.84802948521,2.27227524602
64,15,1.09880895645,1.33692210222
65,15,0.70130504081,0.929400241854
66,15,1.37225411326,1.70825448328
67,15,4.80595303148,6.11945755109
68,15,0.999209139975,1.23727400201
69,15,0.660794587419,0.802180800985
70,15,1.33092084006,1.58654366375
71,15,0.573725094779,0.697044143161
72,15,0.516261824687,0.643764435821
73,15,1.26374806125,1.56770278192
74,15,1.72059969592,2.09669854459
75,15,0.942706772278,1.13822815578
76,15,0.790016622054,1.0535321148
77,15,1.21006740343,1.4380815789
78,15,2.30907672348,3.09973030274
79,15,1.27045682738,1.5673626831
80,15,0.948490148776,1.23976535081
81,15,1.02134827331,1.276934805
82,15,1.10610746322,1.27795166362
83,15,1.81354400634,2.19774519207
84,15,1.09405520085,1.52102820712
85,15,0.87910372392,1.04620509933
86,15,0.564095838419,0.785814120591
87,15,0.725262432959,0.907531104118
88,15,1.64600173658,1.95821314355
89,15,1.0559690274,1.25254053237
90,15,0.922394084749,1.19716332054
91,15,0.676095958736,0.842910107764
92,15,1.16425483478,1.53062518504
93,15,1.11824422461,1.36715444536
94,15,0.799799413103,1.044709046
95,15,1.26675165639,1.7620791269
96,15,1.31418514852,1.54115177007
97,15,0.481390753233,0.643738548409
98,15,0.688229428456,0.862508244485
99,15,0.716555144142,0.922842576988
100,15,0.593087151788,0.750861854888
101,15,0.90531763918,1.27842588853
102,15,0.651117851733,0.826376326394
103,15,0.413259609805,0.52478650061
104,15,0.543340100402,0.753672123311
105,15,0.630328905151,0.811992266639
106,15,0.711023265472,0.901200310598
107,15,0.507637623577,0.611633653872
108,15,0.720577838645,0.893278340981
109,15,0.557732278474,0.689564709
110,15,0.826013284195,1.02425482976
111,15,0.876946207818,1.03827149061
112,15,0.619281145136,0.846981760494
113,15,0.654560884731,0.908439707247
114,15,0.880133119688,1.11517977592
115,15,0.939802816436,1.23628490996
116,15,0.652316042591,0.847008765657
117,15,0.763066322627,1.05750814331
118,15,0.849719703986,0.980747395183
119,15,0.87242442077,1.07025628383
120,15,2.64875510819,3.13589332457
121,15,2.3795427599,3.01563706421
122,15,3.10896457729,3.65534729098
123,15,2.35900686964,2.76375399299
124,15,2.03262714015,2.50226603087
125,15,2.66661792286,3.27832389337
126,15,1.44716048953,1.8107759853
127,15,2.14030389511,2.73689558657
128,15,0.868748270628,1.02076601678
129,15,0.848702170098,1.23463171294
130,15,0.924508512461,1.25591164644
131,15,1.3900520056,1.72627786827
132,15,1.31952441956,1.60002462601
133,15,2.14286788711,2.63201453763
134,15,2.08344697276,2.5303287276
135,15,1.81131161385,2.17523015486
136,15,1.53678385834,1.78803861135
137,15,1.28180173893,1.55547666862
138,15,0.96731984793,1.27750323136
139,15,0.730883389187,0.881569939551
140,15,0.499364050534,0.612092064644
141,15,0.481209069831,0.671871011744
142,15,0.520361235885,0.684131612758
143,15,0.847108005119,1.03736834674
144,15,0.509826202443,0.622252450891
145,15,0.636871104112,0.792872093567
146,15,0.634719792399,0.759993886998
147,15,0.500125715831,0.632455880587
148,15,0.565485230796,0.706271551865
149,15,0.568389325834,0.719791043637
150,15,0.561957973126,0.692185839399
151,15,0.629907177755,0.765235277217
152,15,0.411162928514,0.544474622184
153,15,1.69827753934,2.0410226677
154,15,0.915653601164,1.2190279563
155,15,1.01353897139,1.36405067608
156,15,0.716150185415,0.87802084419
157,15,1.36391800271,1.66919312175
158,15,1.02196504534,1.25366508443
159,15,0.7319248644,0.916573051422
160,15,0.738842161627,0.919876331446
161,15,0.813352541313,1.02686263878
162,15,0.600911696289,0.765821759243
163,15,0.537617635232,0.719143580214
164,15,0.66653507901,0.805006231026
165,15,0.912979500832,1.15385897268
166,15,1.09731124803,1.38749284693
167,15,0.867784367829,1.07381089701
168,15,1.36201571527,1.64000221161
169,15,0.751960160719,1.01088802351
170,15,0.508248912187,0.659121344025
171,15,0.449575045084,0.57202223897
172,15,0.740488911169,0.915216170394
173,15,0.776518780936,0.906836943183
174,15,0.59538850291,0.744333259843
175,15,0.598595377677,0.775818338375
176,15,0.433285850321,0.559975183621
177,15,0.701891525593,0.902935286411
178,15,0.636511216981,0.791262785555
179,15,0.621364266747,0.763121310437
180,15,0.571172034192,0.661049183818
181,15,0.638771927415,0.744223030687
182,15,0.542962023461,0.709469026763
183,15,0.788920537927,0.953620881372
184,15,0.47561801115,0.595648927991
185,15,0.815927219165,0.9955729515
186,15,0.499965235772,0.613290788275
187,15,0.55929453448,0.712410183442
188,15,0.701627666472,0.902339474427
189,15,0.719308084132,0.897450514415
190,15,1.03822919545,1.39255082674
191,15,0.977700006293,1.26842988297
192,15,0.551468283866,0.689419314375
193,15,1.02228682478,1.3929563312
194,15,0.684548103326,0.871728375765
195,15,0.391443649564,0.510829945525
196,15,0.761531029342,0.940930420348
197,15,1.5191538759,1.87265624041
198,15,0.644197307229,1.01623025779
199,15,0.923382925925,1.2921233935
200,15,0.932719508913,1.16355667246
201,15,0.826540089429,1.02282760572
202,15,1.77275747369,2.19768644067
203,15,1.36031855132,1.68078223608
204,15,1.54890151778,2.03533161781
205,15,1.18208537803,1.52677914961
206,15,1.84961131208,2.17472970803
207,15,1.71007504559,2.08634481311
208,15,1.35377326604,1.61902375586
209,15,1.46506471062,1.84315314251
210,15,1.66344278974,2.05856079901
211,15,6.63621138712,8.01450630935
212,15,4.00565610543,5.11415254763
213,15,2.23213115479,2.80712183402
214,15,2.23560924373,3.07814739334
215,15,2.70472073685,3.71170095769
216,15,1.90326888622,2.37853307665
217,15,2.00210573118,2.46293135748
218,15,1.81470683873,2.14655252849
219,15,1.22342453345,1.60569541446
220,15,1.16357314765,1.41741608139
221,15,1.07944947097,1.40686622655
222,15,1.31176594976,1.66883457439
223,15,1.00488489127,1.2017713547
224,15,0.65279416053,0.815986132221
225,15,0.640437488958,0.780677818796
226,15,0.769540526264,1.01040116459
227,15,1.01594562757,1.22811521405
228,15,1.25876294963,1.60874971927
229,15,1.76971510804,2.17587206267
230,15,1.63581933634,2.08692260376
231,15,1.62660990251,2.20548730638
232,15,1.57875600415,2.0372954092
233,15,2.20761273824,2.6688296508
234,15,1.23296301176,1.45113985453
235,15,1.03708264645,1.27861998264
236,15,1.16228490839,1.44895050433
237,15,0.838968853845,1.05141505654
238,15,0.990547253383,1.23756933616
239,15,0.891651245415,1.12186523078
240,15,0.914519967121,1.14209990844
241,15,0.98585258923,1.21463185095
242,15,1.3313829192,1.53779976434
243,15,1.3934502612,1.77025962063
244,15,2.40853999613,2.79977865433
245,15,1.46688268991,1.6951948584
246,15,1.19429369697,1.50854088855
247,15,1.78893793794,2.14003688147
248,15,1.32760978194,1.63117421502
249,15,1.16765479218,1.40714648388
250,15,1.50428616245,1.92486991813
251,15,1.27874829732,1.56189946174
252,15,1.33394395147,1.76299461139
253,15,1.62391612169,1.95586299138
254,15,1.50402768352,1.97397700698
255,15,0.911162452076,1.38764998658
256,15,0.820490933357,1.16108184735
257,15,1.78720330517,2.11765658491
258,15,0.820542791116,1.0855271739
259,15,0.618601242286,0.841629523679
260,15,0.808372107481,0.990172371377
261,15,1.13556548928,1.44157600293
262,15,1.12561244879,1.38173129136
263,15,1.12845903677,1.40510551874
264,15,1.61082892199,2.07347741931
265,15,1.80467236941,2.22539522276
266,15,1.4894864645,1.84195672797
267,15,1.68563207566,2.07888899619
268,15,1.52259786861,1.9037529977
269,15,1.65072409601,2.1283895906
270,15,1.49250138477,1.80380064669
271,15,1.49950404282,1.75829843493
272,15,0.970231820207,1.14838079974
273,15,1.44090543787,1.72108316149
274,15,0.790270980536,1.08072592904
275,15,0.966613880011,1.14392685694
276,15,1.01576771525,1.24745582046
277,15,0.806804603604,1.01007925324
278,15,0.677718002237,0.87582553412
279,15,1.2162544666,1.46792131994
280,15,0.803018632497,0.991636616876
281,15,1.05746315867,1.43240641754
282,15,1.60279075583,1.856872337
283,15,0.913010404529,1.14887824439
284,15,1.40366515614,1.89632187792
285,15,0.774417653901,0.981233203833
286,15,0.799392542594,1.03012193541
287,15,1.83484737781,2.15841942969
288,15,0.985545888633,1.18565262127
289,15,1.40747081111,1.85392924521
290,15,0.791234807545,1.10096115671
291,15,1.31233185725,1.69241589725
292,15,0.651290044062,0.825255391491
293,15,0.564998475846,0.730390106297
294,15,0.587171772296,0.755162840537
295,15,1.031812722,1.25212085329
296,15,0.735794486933,0.953381530819
297,15,0.765843759907,0.959991889247
298,15,0.872271807041,1.11526471566
299,15,0.660708374023,0.908817991968
300,15,0.702343647152,0.932737877321
301,15,0.68447558923,0.889186154413
302,15,0.766266978622,0.996526363314
303,15,0.540998188678,0.668203803616
304,15,0.89313740353,1.03150541852
305,15,0.68727926374,0.845938859711
306,15,0.817993872468,0.991771634318
307,15,0.840349445327,1.01431201833
308,15,0.945877585094,1.16819612888
309,15,0.947349252887,1.20506625248
310,15,1.09876448195,1.27436963023
311,15,1.13996335322,1.50074971643
312,15,1.20128135342,1.59999067189
313,15,2.42778380024,3.13276625342
314,15,1.66547459088,2.06200451827
315,15,1.26838391809,1.55450850404
316,15,0.954894141157,1.18142497799
317,15,1.11491087384,1.38383902525
318,15,0.75329496694,0.968554641901
319,15,1.10309401968,1.32271752111
320,15,1.1723932652,1.43684648931
321,15,0.741905906992,0.853313146452
322,15,0.65202641669,0.790105824475
323,15,1.12629763509,1.36464572104
324,15,0.688346765886,0.883135858052
325,15,0.749634020705,0.875503162948
326,15,0.622461308048,0.799729301535
327,15,1.53338968654,1.82503374045
328,15,0.711625597082,0.901871042505
329,15,0.646038610678,0.771831818154
330,15,0.811997792123,0.956454831786
331,15,1.13366891242,1.40170130256
332,15,0.907177986923,1.13442058757
333,15,0.482252005271,0.605717087282
334,15,0.676775978943,0.885701005592
335,15,1.53944355648,1.8626162256
