cycle,count,mae,rmse
50,15,1.02170142785,1.33107802593
51,15,1.26412484934,1.62079446929
52,15,5.22017351127,6.66784517488
53,15,1.26686908445,1.99369994572
54,15,1.09037060327,1.79388570113
55,15,0.690310013175,1.45324013559
56,15,1.26235754134,1.66604788355
57,15,1.25009397819,1.98827181245
58,15,2.72490476622,3.60917197448
59,15,2.57472698475,3.16276356739
60,15,2.12775966355,2.77412751028
61,15,0.798414415141,1.04170256992
62,15,1.50738025476,1.89269781772
63,15,1.15823633719,1.44812626021
64,15,1.053763582,1.26175755203
65,15,0.698547116507,0.895650263937
66,15,1.84199014282,2.35197155956
67,15,3.73046732622,4.82411161992
68,15,0.915848416747,1.11187545971
69,15,0.758500759805,0.90957747532
70,15,1.28534825834,1.5845780609
71,15,0.629989196269,0.788991969283
72,15,0.670723953985,0.832593303693
73,15,0.934998414828,1.28461809448
74,15,1.22858787493,1.70408871973
75,15,0.8090926674,1.04080756706
76,15,0.851935061618,1.08295738179
77,15,1.60027621219,1.95714566358
78,15,1.41347600079,1.79748733677
79,15,1.15872658548,1.44794363438
80,15,1.18950856187,1.5495694792
81,15,1.83443165496,2.17976462657
82,15,1.20657818066,1.50859328141
83,15,0.986168250703,1.28257186129
84,15,1.00069130634,1.24215475325
85,15,0.599444281803,0.749887152985
86,15,0.707500315882,0.864226482327
87,15,1.37181369421,1.68972163874
88,15,1.81273851161,2.19923265035
89,15,0.788118022825,0.973092219672
90,15,0.909200247891,1.13932435499
91,15,0.635118998028,0.860263226279
92,15,1.6606199676,1.95004844661
93,15,1.02690384557,1.27061038925
94,15,0.863661886111,1.09946008778
95,15,1.42565511043,1.78010870271
96,15,1.16463412639,1.47800367443
97,15,0.525184655662,0.610149379419
98,15,0.5421002456,0.71109882323
99,15,0.560855752069,0.651015969029
100,15,0.719375566365,0.882344060263
101,15,0.556759045565,0.688634662105
102,15,0.546527244629,0.726558566471
103,15,0.555945909765,0.692528397531
104,15,0.759415183692,0.907085156823
105,15,0.494541568066,0.611811324358
106,15,0.43768263097,0.522968014787
107,15,0.659401778755,0.791730561538
108,15,0.611281436897,0.784249894783
109,15,0.717822711267,0.859008955882
110,15,0.856126839755,1.09285066866
111,15,1.07149259385,1.35767669974
112,15,0.656580794606,0.870787224772
113,15,0.753851214521,1.09462811351
114,15,0.576090777648,0.790975465907
115,15,1.11261483378,1.37106201577
116,15,0.614766580367,0.747392428726
117,15,0.782775036638,0.947323470147
118,15,0.73366364881,0.900287248935
119,15,1.01674559914,1.24553978613
120,15,2.43561481657,2.81159707421
121,15,2.18295541956,2.75180761799
122,15,4.73031570833,6.03127930879
123,15,2.2688766189,2.71757544725
124,15,3.3583910842,4.23066859492
125,15,4.25392948462,5.05640215753
126,15,2.46199556917,3.16764314759
127,15,2.80494487062,3.48068327457
128,15,0.916844051917,1.08944038859
129,15,1.16369345336,1.53621993033
130,15,0.927641947677,1.14000286361
131,15,1.0776503107,1.34021769394
132,15,1.25467394952,1.55779504298
133,15,1.47994947092,1.89267524056
134,15,4.2292086829,5.00481323781
135,15,2.36370555023,2.96873014811
136,15,1.74709905673,1.99022839975
137,15,1.11503169953,1.45002495455
138,15,0.997608584049,1.28005431932
139,15,0.9654409964,1.14312137695
140,15,0.522016706413,0.664442271339
141,15,0.49754693352,0.70225073226
142,15,0.579113971752,0.733975492524
143,15,0.638326459982,0.868343869528
144,15,0.520622808993,0.661901895493
145,15,0.743175285726,0.9229239367
146,15,0.696734762118,0.884726330225
147,15,0.763584495113,0.957455456809
148,15,0.575232268807,0.697711245888
149,15,0.421488158838,0.548443091367
150,15,0.544910133346,0.647645591537
151,15,0.589366232394,0.730608371923
152,15,0.560752980111,0.815539746501
153,15,1.15386829344,1.54055097216
154,15,0.895219530033,1.24039046748
155,15,1.3444400199,1.61725911712
156,15,0.816589172278,0.972664737083
157,15,1.30656733187,1.54182137119
158,15,1.13448545972,1.34303368952
159,15,1.02520431267,1.36854726288
160,15,0.735850530099,0.914507165365
161,15,0.719102913553,0.885378432482
162,15,0.642568853755,0.80501754235
163,15,0.614971774416,0.795204625467
164,15,0.728158787306,0.872602844971
165,15,0.752688437404,0.913797014594
166,15,1.01107807184,1.27998184604
167,15,0.962355604722,1.27142430277
168,15,2.2776353337,3.05338093117
169,15,0.688167164787,0.880588222856
170,15,0.560127483457,0.701642906332
171,15,0.677741938142,0.831073206144
172,15,0.744391098558,0.918480150339
173,15,1.00127458038,1.19739371366
174,15,0.547709023031,0.710556196508
175,15,0.827683231191,1.03733290426
176,15,0.501183767628,0.639925736645
177,15,0.51541679,0.647129944565
178,15,0.77364964617,0.960829193663
179,15,0.589741756644,0.714248308831
180,15,0.580004900032,0.682632064503
181,15,0.591025831848,0.739282302203
182,15,0.479873553909,0.595285966939
183,15,0.607079439601,0.809963828743
184,15,0.541214274654,0.671174604829
185,15,0.757304506075,0.913151340282
186,15,0.734172763657,0.939094882841
187,15,0.732953220095,0.879444782651
188,15,0.717223175246,0.83705852836
189,15,0.60720370646,0.788448631715
190,15,0.814513544988,1.21690597427
191,15,1.14512881797,1.50330265915
192,15,0.526323182086,0.65403873965
193,15,0.890378651634,1.12120452124
194,15,0.477708492882,0.588064463326
195,15,0.491927177622,0.61789220145
196,15,0.807707411568,1.03128036119
197,15,0.939594334804,1.1912182771
198,15,1.06085819291,1.45217532061
199,15,0.90128189406,1.44600343443
200,15,0.782408904312,0.969491324843
201,15,1.01436835868,1.23700071624
202,15,1.46131063377,1.81121540764
203,15,1.17800620377,1.4979885793
204,15,1.33380594836,1.59937773623
205,15,2.39428416719,2.88539326033
206,15,1.64954244154,2.00883250163
207,15,1.94555839815,2.43434714094
208,15,2.04114204058,2.50888151313
209,15,1.09463676514,1.34203368078
210,15,1.28013955415,1.51786397555
211,15,2.79501065313,3.27755429944
212,15,3.72902226182,5.02905171495
213,15,2.21727906848,2.81963918179
214,15,2.06514320569,2.66844878023
215,15,3.0537336277,4.03174532271
216,15,2.2137378505,2.69786143435
217,15,1.84207519427,2.36916629477
218,15,1.94978865176,2.3736485055
219,15,1.06828694855,1.39951361555
220,15,1.24777758183,1.58963902991
221,15,1.03593551402,1.43958924309
222,15,1.36514183318,1.68739384251
223,15,1.22013332641,1.59262325068
224,15,0.738151078011,0.905985355234
225,15,0.683621194448,0.837999498637
226,15,0.85039801186,1.09685486719
227,15,0.878834369408,1.12294606357
228,15,1.31445682468,1.79215393589
229,15,1.74128922843,2.13841818947
230,15,1.39511921842,1.76118856542
231,15,1.21138569165,1.53337816483
232,15,1.5544785452,1.87102787634
233,15,2.35348667877,3.02894391351
234,15,1.85906438237,2.22109000451
235,15,1.81292107963,2.21145523457
236,15,0.936754136658,1.18784503665
237,15,0.681518222287,0.855519671545
238,15,0.743757731153,0.907956797664
239,15,0.911750104756,1.12880248125
240,15,1.23895229941,1.52195624441
241,15,1.11781576382,1.33180828968
242,15,1.54584117383,1.91438733864
243,15,1.8207780268,2.05205130466
244,15,1.67390809911,2.09893775
245,15,1.45124767332,1.76390398331
246,15,1.20652275632,1.40558152245
247,15,1.11138949522,1.36219438624
248,15,1.54882087469,1.93231351095
249,15,1.99937334251,2.39142310798
250,15,1.6908034735,2.01490544586
251,15,1.83868202015,2.24041485227
252,15,1.18643503221,1.4605753018
253,15,2.2466037856,2.5852207815
254,15,1.72041963849,2.32004743865
255,15,0.809083012864,1.1207024828
256,15,0.716332875194,0.973546121667
257,15,1.91696528481,2.40744851561
258,15,0.790239890528,1.1968937363
259,15,1.07783962498,1.39179839215
260,15,0.711952789897,0.908522930588
261,15,0.6133646797,0.767828169907
262,15,1.2565057102,1.63801724952
263,15,1.03065897018,1.24836629578
264,15,1.37186728657,1.65205249513
265,15,2.12984464482,2.57470502503
266,15,1.36090676482,1.74093487903
267,15,1.58473583041,1.91328426631
268,15,1.25854878413,1.63087916689
269,15,1.24902723714,1.57569194072
270,15,1.00299349219,1.29367975742
271,15,1.81227561988,2.30390093564
272,15,1.31416502784,1.63978837672
273,15,1.08720720571,1.41583569133
274,15,1.17269025527,1.53031158972
275,15,0.80162147407,0.966308421979
276,15,1.26854323232,1.67359568832
277,15,0.858839855626,1.12755619276
278,15,0.517874472367,0.594384391496
279,15,0.602636114173,0.731558355683
280,15,0.950786473854,1.19405645544
281,15,1.52807895492,2.0389056459
282,15,1.42406574315,1.90385746898
283,15,1.00609282779,1.29200619819
284,15,1.04738260734,1.43582368535
285,15,1.06618649781,1.34903375888
286,15,0.770521841254,0.966948410857
287,15,1.94016143977,2.45376777211
288,15,1.05857089233,1.37179826462
289,15,1.79296810987,2.19168581548
290,15,0.940456690174,1.250735854
291,15,1.13704377136,1.40112159562
292,15,0.573875925594,0.716558319225
293,15,0.549496913034,0.683084895041
294,15,0.624943338092,0.782621050599
295,15,0.79924175551,1.01040249736
296,15,0.654933270898,0.870569095604
297,15,0.936413982851,1.14663095776
298,15,0.873787496528,1.11751166324
299,15,1.02185955352,1.34359273277
300,15,0.833316012782,0.994774869635
301,15,0.723885279256,0.935701187087
302,15,1.0465755639,1.25303917125
303,15,0.851627034528,0.991193548852
304,15,0.874220883567,1.14744962966
305,15,0.858052130315,1.01603213052
306,15,0.766633753129,0.965791937458
307,15,1.28151727312,1.49429681513
308,15,0.753870305257,0.909171039983
309,15,1.12245098729,1.3761298205
310,15,0.977270027226,1.30691003812
311,15,1.17497714882,1.48182065735
312,15,1.46086545428,1.85277660421
313,15,2.00794631589,2.47019778031
314,15,1.58679312422,2.01405088254
315,15,1.09944203311,1.31304556714
316,15,0.895758884856,1.11558626465
317,15,0.959818073636,1.1918095456
318,15,0.995014241458,1.20229366518
319,15,1.47323049268,1.72731869995
320,15,0.69631884508,0.859510097853
321,15,0.882226077374,1.0914401875
322,15,0.998232688599,1.21552873665
323,15,1.28410906842,1.74798045161
324,15,0.847199293371,1.00126863235
325,15,0.920639795839,1.05392126789
326,15,1.01787425999,1.23581414694
327,15,1.2726737149,1.50776800057
328,15,0.741600155077,0.931572242154
329,15,0.889462750684,1.12556636423
330,15,0.722277611264,0.879053213239
331,15,0.765500943567,0.903523331808
332,15,0.778203642579,0.974564621012
333,15,0.510470427884,0.641932336494
334,15,0.964375183885,1.1739526145
335,15,1.21201221103,1.44882375407
