cycle,count,mae,rmse
50,15,1.36569390411,1.73170295852
51,15,1.69933870331,2.12328813357
52,15,1.08347062557,2.03143449958
53,15,4.39400380342,6.38348213382
54,15,3.14041724529,4.25046244804
55,15,0.747595686145,1.46643463621
56,15,1.68409918345,2.1394919857
57,15,1.32943705565,2.11643184233
58,15,4.45640709519,5.32099753094
59,15,4.35115404916,5.36134114812
60,15,2.25685400595,2.71521228699
61,15,0.851308805961,1.14297114415
62,15,0.677235855571,0.911102643822
63,15,1.25901695624,1.55676074502
64,15,0.935624586939,1.18308670737
65,15,0.643902603324,0.776369593005
66,15,1.56254562038,1.97638600882
67,15,6.93629065294,8.42436728904
68,15,1.07345719583,1.31197623529
69,15,0.896753479603,1.0648673771
70,15,1.18609131943,1.50131082597
71,15,0.590462182001,0.701764696416
72,15,0.570714203867,0.726575647263
73,15,0.885652262289,1.16766068142
74,15,2.24171186122,2.7821301973
75,15,0.979330926293,1.21549596892
76,15,0.968766261852,1.20651305367
77,15,0.986937273804,1.27109399997
78,15,1.45084523865,1.76652646947
79,15,1.69499849908,2.08997738112
80,15,1.55496276743,1.93367939226
81,15,0.94407298615,1.28434578701
82,15,1.01987411441,1.28117345186
83,15,0.895374105563,1.26860220556
84,15,0.610371524565,0.857923972114
85,15,0.461190777607,0.596121851439
86,15,0.666575512868,0.780416547865
87,15,0.746707336652,1.15888930077
88,15,1.39259177419,1.78238123271
89,15,0.630087197885,0.840904457908
90,15,1.08443271273,1.40226755412
91,15,0.734651695887,0.965525157233
92,15,1.26209067285,1.52457259279
93,15,1.5240467363,1.84657746725
94,15,0.774247418318,0.958506666666
95,15,1.70822516614,2.18919351608
96,15,1.34458791725,1.58654177158
97,15,0.581825899065,0.712566313332
98,15,1.27934189793,1.5714387649
99,15,0.509463882787,0.61721825802
100,15,0.651035330967,0.947462463369
101,15,0.914778040318,1.13008925111
102,15,1.24659944584,1.44712557687
103,15,0.590592317021,0.753264078523
104,15,1.00854798868,1.43182291425
105,15,0.484900475676,0.596517729066
106,15,0.936872986121,1.16191992446
107,15,0.531638690392,0.653214608012
108,15,0.659557519096,0.818291592742
109,15,0.623249449805,0.724243717481
110,15,0.803852470454,0.978460854648
111,15,0.847230926996,1.01599727414
112,15,0.669692280097,0.884550304925
113,15,0.682395720987,0.964822788698
114,15,0.581398938503,0.793017678311
115,15,0.73175147925,0.9512730926
116,15,0.633200174349,0.828703266829
117,15,0.692471068475,0.919147918043
118,15,0.663938677574,0.779023263228
119,15,0.727408734066,0.952225173372
120,15,2.78417423596,3.47899289436
121,15,3.31631693919,4.05404899758
122,15,4.85955297376,6.2580244476
123,15,2.88163960836,3.68919284282
124,15,1.96615327028,2.48498891867
125,15,2.55394885915,3.0499556336
126,15,1.59564485067,2.11332506757
127,15,2.0481844095,2.5235475643
128,15,0.831462758515,1.05082474528
129,15,0.888121902682,1.23584051686
130,15,1.30487201909,1.62816757687
131,15,1.1542950325,1.40554178517
132,15,1.45219170985,1.75588849824
133,15,1.70902255448,2.10158601272
134,15,2.04859362503,2.50061098693
135,15,1.71184913654,2.01531501749
136,15,1.49851724715,1.88396881153
137,15,1.31125025709,1.5626889667
138,15,1.04960102442,1.37466986324
139,15,1.21483831524,1.55660576815
140,15,0.641953907197,0.798107106039
141,15,0.612509228729,0.829637121684
142,15,0.578202213886,0.73167476499
143,15,0.704021501536,0.901295150126
144,15,0.602264337528,0.762307851901
145,15,0.614062627476,0.746950589157
146,15,0.52806862743,0.692477501751
147,15,0.676835623304,0.840554795485
148,15,0.599822763973,0.730319219106
149,15,0.553191262975,0.722093513237
150,15,0.62727570034,0.815953508856
151,15,0.668099582264,0.852918067354
152,15,0.446667301862,0.593866067711
153,15,1.12208400429,1.4571421026
154,15,1.01281765214,1.28580064605
155,15,1.10708678993,1.36283940832
156,15,0.736806758728,0.899143989614
157,15,1.11215107369,1.41614140908
158,15,0.898402948823,1.1243882833
159,15,0.917536123471,1.19977914569
160,15,0.828011234701,1.04363706924
161,15,0.790528515355,0.935184570937
162,15,0.719497643302,0.885735051508
163,15,0.99113028196,1.25185772246
164,15,0.716403320849,0.902402311162
165,15,0.763466551033,0.936996433407
166,15,1.08665109586,1.37378936682
167,15,1.21860672133,1.70021167167
168,15,1.18232524165,1.51223919186
169,15,1.4371861834,1.95501778517
170,15,0.523433843763,0.692979542715
171,15,0.516492250404,0.644942269823
172,15,0.90600917884,1.18306675528
173,15,0.636324203006,0.790121416648
174,15,0.438503145867,0.610801847214
175,15,0.606485218054,0.777178296919
176,15,0.411585819252,0.531337554454
177,15,0.367992647227,0.490627594415
178,15,0.620201243566,0.749450008481
179,15,0.497404867033,0.606434368484
180,15,0.383390271855,0.466999814924
181,15,0.391509293861,0.490757149389
182,15,0.654381265537,0.838117739456
183,15,0.79341850478,0.953905888229
184,15,0.826647468359,1.0757471335
185,15,0.547265919802,0.722260473348
186,15,0.782820753228,0.987634388443
187,15,0.911899189942,1.10557674053
188,15,0.639615619739,0.916779174324
189,15,0.618399669632,0.804344334972
190,15,0.896641428187,1.10923786143
191,15,1.19417000634,1.63501074274
192,15,0.543281963538,0.69797037389
193,15,0.880197242305,1.06524979612
194,15,0.5273046849,0.640897529113
195,15,0.659111735023,0.859036965071
196,15,0.826431075909,1.01065507861
197,15,0.859927149309,1.06225001869
198,15,0.642718388952,0.943429114065
199,15,1.1658898012,1.63808380252
200,15,0.758512263673,0.987694143373
201,15,1.10034058943,1.31120148841
202,15,2.13423659278,2.52660200912
203,15,1.5746564942,2.22415053372
204,15,3.96688957153,4.89873587639
205,15,1.32001773511,1.64074917559
206,15,2.57470851001,3.26466873192
207,15,1.49446449906,1.87999080778
208,15,1.46336311592,1.78890075722
209,15,1.12003630022,1.43837159239
210,15,0.958502780831,1.28258682089
211,15,2.90242188935,3.68550181137
212,15,1.99868710836,2.6274978055
213,15,1.82999830302,2.4810648285
214,15,2.39987108942,3.37386972169
215,15,3.70223986503,4.91672907767
216,15,2.60832567365,3.25961193798
217,15,1.76033968961,2.08608686336
218,15,1.81065707744,2.46492247552
219,15,1.21381410761,1.48431611044
220,15,1.54491103682,1.93550383279
221,15,1.23558370131,1.59484498341
222,15,1.11723141255,1.37725427081
223,15,1.16311468135,1.39814968491
224,15,0.772040393553,0.992986004491
225,15,1.18723118992,1.46939659105
226,15,0.857690387816,1.07444183169
227,15,0.819450052562,1.03032881532
228,15,1.0289972799,1.32487773754
229,15,1.81251375299,2.4787809439
230,15,1.85653645688,2.30286164148
231,15,1.29697109551,1.6197963438
232,15,2.45367777206,2.78726427217
233,15,1.89926133145,2.16964828315
234,15,1.9707506061,2.40313231926
235,15,1.47708529987,1.8365687702
236,15,1.0087126798,1.26517855357
237,15,0.662966225547,0.859453162392
238,15,0.97031218697,1.19053982009
239,15,0.906453846478,1.12680284516
240,15,1.45099344473,1.76160747529
241,15,0.901789772827,1.09948067087
242,15,1.20989099403,1.4459917911
243,15,1.52774915503,1.84609980618
244,15,2.69853911341,3.11721236734
245,15,2.45665427626,2.94157692636
246,15,0.913546800269,1.11524518591
247,15,1.15807610919,1.38249463515
248,15,1.0151317201,1.35222064705
249,15,1.58725623901,2.04299426841
250,15,1.43781737901,1.808867555
251,15,1.63587962294,2.04226149695
252,15,1.20130321539,1.42047602299
253,15,3.14828517968,3.59851489503
254,15,1.77395782512,2.11668753363
255,15,0.712581146239,1.09310384976
256,15,0.82799785565,1.18614906372
257,15,1.56210386409,1.94160258904
258,15,0.917404513407,1.19433595396
259,15,0.761866541645,0.935908624961
260,15,0.776705706763,0.973612200032
261,15,0.791418393278,0.96231555564
262,15,0.90910353298,1.14221242333
263,15,0.808537425302,1.02979532805
264,15,1.58430808087,2.02634575468
265,15,1.84618606031,2.24275823174
266,15,1.36491899695,1.6877827909
267,15,1.5123439442,1.85017251531
268,15,1.99583479893,2.61615838364
269,15,1.4412507831,1.85347309901
270,15,1.72995592158,2.06067137205
271,15,1.26725342902,1.55470969585
272,15,1.23128659665,1.58216219031
273,15,1.2014202106,1.4976532317
274,15,1.25847390455,1.61847232572
275,15,0.729391789017,0.884076277138
276,15,1.10758124166,1.31672583004
277,15,0.773410354481,0.980529387687
278,15,1.04474931374,1.31920872018
279,15,0.724337321687,0.926242556662
280,15,1.28831997528,1.49737258798
281,15,1.66642114741,2.14373675833
282,15,1.38767579372,1.65956069586
283,15,1.08049199096,1.40621891764
284,15,1.43495179069,1.63198606182
285,15,0.900425180102,1.05219955359
286,15,0.918269301641,1.17398442001
287,15,1.59673404853,2.06221293499
288,15,1.60028343583,1.91181091532
289,15,0.979745588415,1.26139301052
290,15,1.15178592593,1.44086547499
291,15,1.04723145992,1.28493235344
292,15,0.623967446378,0.751034171684
293,15,0.645893175677,0.766686915457
294,15,0.614840600517,0.758335796319
295,15,0.875633729598,1.09042995655
296,15,0.550284165669,0.729247047695
297,15,0.995997920225,1.25388693137
298,15,0.866808554695,1.13252776671
299,15,0.667819734606,0.875855620889
300,15,1.36941054393,1.65964379455
301,15,1.02154998647,1.33718418966
302,15,0.603097576475,0.744370427192
303,15,0.776944162329,0.926550272777
304,15,0.816185827654,0.997072867761
305,15,0.774402962391,0.933911919428
306,15,0.571472637478,0.709331058045
307,15,1.87831475411,2.33137936017
308,15,1.17717846841,1.33566366143
309,15,0.889362108057,1.08585527752
310,15,1.40535753508,1.64726016103
311,15,1.64324100498,2.09439052422
312,15,1.53240331485,2.12373413093
313,15,1.94875268834,2.37750473093
314,15,1.65991606588,2.01116688971
315,15,0.770459535923,0.974263577131
316,15,1.16165522341,1.41091923855
317,15,1.06869810842,1.33002775453
318,15,0.894361173314,1.16355118022
319,15,1.24992643102,1.49758101164
320,15,1.05176265488,1.24444153717
321,15,0.584733096595,0.694798862032
322,15,0.746631384829,0.922026608877
323,15,1.14578610208,1.42592396597
324,15,1.05951529871,1.31323610857
325,15,0.667712704837,0.839661113048
326,15,0.931497869564,1.13868071246
327,15,1.04555349764,1.31377260574
328,15,1.16435218275,1.32807896763
329,15,0.526705838328,0.689434245085
330,15,0.746129370944,0.95376457201
331,15,0.60840835892,0.731379412668
332,15,1.1965300903,1.48778176894
333,15,0.511940342413,0.617787372524
334,15,0.786258748432,0.980925785279
335,15,1.99015254835,2.13982264154
