cycle,count,mae,rmse
50,15,1.20142041898,1.47566076394
51,15,1.1403977047,1.41294309572
52,15,3.52467105468,4.84522055723
53,15,1.82230908249,2.51412176335
54,15,2.66071585988,3.47340958617
55,15,1.01375745938,1.67154691341
56,15,0.922721850972,1.11406170941
57,15,1.80029059681,2.44216370494
58,15,4.46835789656,5.71279628301
59,15,3.62741103191,4.48708758594
60,15,1.45979080296,1.9697045138
61,15,1.69833160478,2.12274995379
62,15,0.949750494417,1.25217801417
63,15,2.0033363083,2.40662086733
64,15,1.1362141685,1.40461091303
65,15,0.644084083277,0.805262033712
66,15,1.18620456277,1.49669557521
67,15,8.24283168935,10.149576162
68,15,0.818104781556,1.04866073162
69,15,0.918904428792,1.09158258401
70,15,1.10295767252,1.47483891214
71,15,0.587250382753,0.731388188582
72,15,0.716888132542,0.900818118511
73,15,1.29590445561,1.64041625568
74,15,1.51770278366,1.90959457816
75,15,0.868260533425,1.10414614098
76,15,0.715083963304,0.885256507423
77,15,1.38947356546,1.7086628037
78,15,1.87482911148,2.4458881819
79,15,1.15639364441,1.51030798123
80,15,1.27025960213,1.62997290546
81,15,2.16578353674,2.82133608663
82,15,1.43664665681,1.76582472614
83,15,0.781044308412,1.12437025707
84,15,0.646304755169,0.906380175572
85,15,0.518619961702,0.66535352135
86,15,0.570306080983,0.678041770122
87,15,0.884506410469,1.25954274619
88,15,1.70142526199,2.11949594283
89,15,0.669545928661,0.84105749035
90,15,0.919852878537,1.19318419055
91,15,0.768914423751,0.956352920148
92,15,0.90337517314,1.13945358509
93,15,1.98945505141,2.5537751273
94,15,0.99020211378,1.27271723482
95,15,1.07939446344,1.35114619109
96,15,1.52604745263,2.03873791134
97,15,0.411712908638,0.543809214505
98,15,0.506034896551,0.607400481744
99,15,0.619605382915,0.742032830931
100,15,0.691599579076,0.893468856071
101,15,0.54567846768,0.673288744098
102,15,0.535749351791,0.70449397781
103,15,0.566074330931,0.68250885287
104,15,0.667425426911,0.836671630439
105,15,0.382122445949,0.450363923082
106,15,0.554472264786,0.681905637671
107,15,0.727189566091,0.90292192405
108,15,0.929549519211,1.13083264698
109,15,0.648452126684,0.795929278291
110,15,0.843143480193,1.07023485391
111,15,0.718918262872,0.914158947747
112,15,0.77577443197,1.02216675648
113,15,1.00046619616,1.45381439445
114,15,0.626038434187,0.888684250343
115,15,0.772868826086,0.936616826692
116,15,0.546217367585,0.695829878612
117,15,0.66681761289,0.906878385237
118,15,0.664769585394,0.799230558348
119,15,0.842417428811,1.06767048152
120,15,2.52265895892,3.09101771469
121,15,2.98101323998,3.70454355179
122,15,4.70759580925,6.33435337649
123,15,2.76558932535,3.24949596834
124,15,2.45528991061,3.15025605467
125,15,2.76742917918,3.80079292064
126,15,2.21855654365,2.62825618367
127,15,3.36847221483,4.10321013296
128,15,0.818354302745,1.00599140521
129,15,1.10328134213,1.47462904275
130,15,1.37191610773,1.71521240423
131,15,1.09096862996,1.27828377994
132,15,1.55646710001,1.81223052204
133,15,1.71194205725,2.16101668406
134,15,2.40663817147,2.7641551468
135,15,1.94729127985,2.28072394312
136,15,1.37147214831,1.63575329394
137,15,1.31288145706,1.6922537106
138,15,1.08079579184,1.42110187055
139,15,1.00732580412,1.33085334085
140,15,0.747586507683,0.930624561238
141,15,0.430552475452,0.55309775958
142,15,0.595279161758,0.780522420985
143,15,0.741688666644,0.966763652189
144,15,0.723715294019,0.863328718628
145,15,0.431633393644,0.610684020494
146,15,0.522370448363,0.683140380509
147,15,0.716464221936,0.858986876395
148,15,0.699575254407,0.874250610578
149,15,0.454477738816,0.56601263049
150,15,0.632722466416,0.757636936572
151,15,0.478239529545,0.581436374587
152,15,0.588870935576,0.762978419132
153,15,1.20038058922,1.57279716621
154,15,0.883785008475,1.1842068488
155,15,1.21674727981,1.52125184819
156,15,0.86213622717,1.03388339865
157,15,1.18379938578,1.48055207298
158,15,1.13771484388,1.39558286318
159,15,0.908739041376,1.09700075165
160,15,0.81281252454,1.02546537086
161,15,0.769275756991,0.939610756317
162,15,0.755221766452,0.9183793779
163,15,0.623707810388,0.830173212194
164,15,0.589945117735,0.721808139753
165,15,0.886533258327,1.10267134857
166,15,1.28851967811,1.49897001129
167,15,1.59856034205,2.01384258604
168,15,1.00691620889,1.29727341731
169,15,0.837740889608,1.07159949243
170,15,0.569072210842,0.726670188915
171,15,0.536237379098,0.65746725893
172,15,0.671139681943,0.847173426919
173,15,0.692599215728,0.850112017806
174,15,0.585509736586,0.820981789676
175,15,0.46154666013,0.693897653673
176,15,0.625406155875,0.772523317719
177,15,0.572020509033,0.733508480961
178,15,0.560257403409,0.659125937781
179,15,0.782326832384,0.942085799273
180,15,0.489222910015,0.632868496597
181,15,0.61327419856,0.744349079103
182,15,0.698400845713,0.864386742253
183,15,0.719250804051,0.845844612461
184,15,0.402057612886,0.526084689507
185,15,0.482881769428,0.615233220884
186,15,0.652315446325,0.871020256055
187,15,0.697596273505,0.952365478369
188,15,0.959914084539,1.22390300249
189,15,0.464465431312,0.636095734473
190,15,0.743041114012,0.984133012697
191,15,1.14245752803,1.55659999071
192,15,0.710722199006,0.848100426004
193,15,0.906488829068,1.43540253576
194,15,0.555427705292,0.670569361596
195,15,0.341034753898,0.435723142395
196,15,0.677156904354,0.847697946366
197,15,0.893732570447,1.20530862825
198,15,0.595045449039,0.801353179641
199,15,0.956240954761,1.28419845846
200,15,1.06220458997,1.31745857782
201,15,1.42564423738,1.81474465407
202,15,1.7976749115,2.3133800955
203,15,1.14217198133,1.35841804454
204,15,2.125086397,2.51125732127
205,15,1.75363468186,2.10221157783
206,15,2.24861759758,2.75176695026
207,15,1.4620214554,1.70658993554
208,15,1.32418590202,1.65493627729
209,15,1.53015170457,1.84250375321
210,15,1.36425499083,1.64540643763
211,15,2.93930663465,3.62348321146
212,15,3.47092271518,4.17070580443
213,15,2.15936171205,3.00025464306
214,15,4.5362232315,6.20197639891
215,15,2.22785036036,2.96995581172
216,15,2.21327145496,2.8692603518
217,15,1.98800406693,2.57392226454
218,15,1.87612106424,2.58235984283
219,15,1.42405725008,1.8748268159
220,15,1.33747272342,1.80579973972
221,15,1.41205367983,1.64012461059
222,15,1.16647898431,1.38862752944
223,15,1.25456407202,1.5495676823
224,15,0.780808368567,0.957232381786
225,15,0.838978951838,1.09352597721
226,15,0.829955488699,1.04180071641
227,15,0.735767934687,0.910225625911
228,15,1.0376408597,1.26987889256
229,15,1.93774570847,2.47242320061
230,15,2.00588357094,2.39748471253
231,15,1.28528245306,1.61576316285
232,15,1.71020694019,2.07956371388
233,15,2.45999589225,3.04422434078
234,15,1.46257857737,1.76490881058
235,15,1.29228173794,1.55822417343
236,15,0.971819373911,1.23880598626
237,15,0.816893200347,0.991741064958
238,15,0.799907835791,0.936851587985
239,15,1.18603094865,1.50262944796
240,15,1.03889262556,1.25348398386
241,15,1.26167324186,1.54829236607
242,15,0.904803932049,1.2255043741
243,15,2.02294155615,2.29951978317
244,15,1.49120862156,1.80953014945
245,15,1.25495486907,1.58579130352
246,15,0.959926104131,1.16905353922
247,15,1.17516030358,1.40026489606
248,15,1.42605132843,1.78572756391
249,15,1.71443247006,2.21260287273
250,15,1.47944025628,1.95963176996
251,15,1.42963799034,1.73105158469
252,15,1.19695828923,1.52703264011
253,15,3.5288229874,4.33027126015
254,15,1.53400471042,1.96811179497
255,15,0.690600800054,0.98901359983
256,15,0.713859467207,0.96579591512
257,15,2.82134797956,3.81003122039
258,15,0.894252583805,1.15418197598
259,15,0.743057841615,0.912740838687
260,15,0.849687925412,1.03532901097
261,15,0.914653923984,1.11460226557
262,15,1.47298444694,1.78394451954
263,15,0.858463324567,1.05788070821
264,15,1.70756275136,2.11482399026
265,15,1.72444425023,2.05374540033
266,15,1.66001766565,2.06723808998
267,15,1.33656811994,1.64233461691
268,15,1.36305884857,1.69441740489
269,15,1.42605863171,1.77583888654
270,15,1.07223132012,1.34396738741
271,15,1.20186454715,1.4913206208
272,15,1.20053409832,1.42271161847
273,15,0.960324308396,1.32620622948
274,15,0.917624806579,1.23245005372
275,15,0.827506573153,1.0206659664
276,15,0.993389423365,1.22304143255
277,15,0.737406409339,0.968701735499
278,15,1.04933235771,1.31383422595
279,15,0.67506604408,0.859814966697
280,15,0.943448099392,1.13152071526
281,15,1.08414619598,1.44022783946
282,15,1.11759660567,1.41374381193
283,15,1.07051916083,1.25824371207
284,15,1.37242623212,1.75942876358
285,15,0.858296302945,1.03944535286
286,15,0.954804684077,1.15595919421
287,15,1.9108595689,2.20365344832
288,15,1.01497654227,1.24254716952
289,15,1.24265533158,1.53089312946
290,15,0.846343682964,1.09782108415
291,15,1.05289187457,1.29069790844
292,15,0.588581119509,0.741721939751
293,15,0.601468993215,0.83834357618
294,15,0.586494173253,0.7245406599
295,15,0.927220262648,1.13794849571
296,15,0.744098088067,0.916866831961
297,15,1.05436449457,1.27442817269
298,15,0.712862151714,0.863485276004
299,15,0.872507926553,1.10703622087
300,15,0.94394922829,1.16298984407
301,15,0.925957925831,1.18073320037
302,15,0.687911089801,0.838518043465
303,15,0.715038154403,0.849006223011
304,15,0.685172762319,0.804966889575
305,15,0.655420387002,0.779267305035
306,15,0.538584931079,0.670794918777
307,15,0.863265479638,1.0189864877
308,15,0.840342377759,1.07858977547
309,15,1.01769027591,1.28845654506
310,15,0.994512950612,1.20086320255
311,15,1.07838913815,1.40136244566
312,15,1.30066302773,1.67684150882
313,15,3.05072479317,3.54606824759
314,15,1.6435969358,2.02759917632
315,15,0.696303574742,0.855080454079
316,15,0.907986261279,1.12761986196
317,15,1.44566111075,1.79124912733
318,15,1.37740706935,1.72117186304
319,15,1.41098583611,1.65397604382
320,15,0.859227216058,1.03850634626
321,15,0.689833670219,0.829980698569
322,15,0.570461616504,0.713915735492
323,15,0.960702344301,1.18150674259
324,15,0.630107303804,0.77872772958
325,15,0.565686535416,0.682952004795
326,15,0.693865077497,0.869264105046
327,15,1.45090704629,2.01875718076
328,15,0.932991291783,1.16613108696
329,15,0.767408738136,0.968502419896
330,15,0.677358528885,0.817461958042
331,15,0.895504034144,1.0936758254
332,15,0.633129206424,0.815171613435
333,15,0.708385324391,0.861234114322
334,15,0.913303579504,1.14533714626
335,15,1.27817799037,1.48642904943
