cycle,count,mae,rmse
50,5,0.968553695781,1.19393153895
51,5,1.29824536322,1.58500693826
52,5,1.12527500224,2.01989204905
53,5,1.46905117851,2.17972502015
54,5,1.11788013134,1.81113196605
55,5,0.819957532828,1.62245723238
56,5,0.942127957037,1.19730738055
57,5,2.63156790475,3.51299328711
58,5,4.34973396377,5.4189410293
59,5,2.5282054083,3.25666454173
60,5,2.30231966379,3.0607171787
61,5,0.893081765856,1.16369416899
62,5,0.898131554945,1.13496667099
63,5,1.72588003016,2.2216955395
64,5,0.765213140455,0.963016551901
65,5,0.657187111867,0.836461284532
66,5,1.39818318194,1.80649429962
67,5,6.03349861285,7.19003317214
68,5,1.0037570571,1.28143012821
69,5,1.00774604868,1.17481540613
70,5,1.80787848961,2.25523516001
71,5,1.06578104109,1.2897330242
72,5,0.703712230967,0.854022107221
73,5,1.25741360626,1.54137790636
74,5,1.17202547624,1.50082708641
75,5,0.917238271582,1.21370007201
76,5,0.66747626126,0.860400674551
77,5,0.889094565299,1.10918081596
78,5,2.34395786013,2.93625203972
79,5,1.55622109598,1.83081868938
80,5,2.08923004289,2.55584850852
81,5,1.8431316232,2.37779104653
82,5,1.77653564927,2.09800675963
83,5,1.18638280346,1.4932508461
84,5,0.729703630845,1.00487632327
85,5,0.597399065104,0.759206753569
86,5,0.954761854843,1.24535172277
87,5,1.46227004211,1.94125728257
88,5,2.46582335938,3.1139081575
89,5,1.35150284597,1.57428315404
90,5,1.06721189633,1.3800842242
91,5,1.30435731483,1.67169899897
92,5,2.46718603833,2.99232808802
93,5,2.18921382763,2.50776100237
94,5,1.47823470872,1.87495130159
95,5,3.40805726013,4.19503045137
96,5,1.82554084357,2.18805370766
97,5,0.666873549555,0.926571047286
98,5,1.06420728039,1.4120752325
99,5,1.07559059414,1.19969043387
100,5,0.933958111209,1.23150521384
101,5,1.62129828791,1.9564874137
102,5,0.803126249776,1.03549203697
103,5,0.813646850112,0.943213249598
104,5,0.760936606305,0.938454585368
105,5,1.43762268667,1.78899672371
106,5,0.634780709498,0.834772838804
107,5,0.697577646075,0.862670646988
108,5,1.18628321525,1.57932864226
109,5,0.775354811144,0.919303146704
110,5,1.02898616033,1.30084908506
111,5,1.41575939434,1.65402255832
112,5,0.83339404416,1.01543554173
113,5,1.04982501998,1.34038809897
114,5,0.996550652497,1.31934150171
115,5,1.90847291182,2.68170718401
116,5,0.854794383601,1.11822630434
117,5,0.961499370638,1.25701266555
118,5,0.823684033136,0.981118805301
119,5,0.855105655732,1.0632112771
120,5,3.19299171584,3.79561766522
121,5,2.81329871153,3.51047125038
122,5,3.20924029847,4.0928721472
123,5,2.97534368466,3.89650138012
124,5,2.24001904987,2.68587323581
125,5,3.05700326204,3.66316632371
126,5,1.94868829593,2.40796222853
127,5,2.14911284487,2.68940593653
128,5,0.957236634597,1.10454476515
129,5,1.42260505669,2.08173365136
130,5,0.949427674184,1.34089898211
131,5,1.13745947403,1.54308497143
132,5,1.59204324344,1.97459435761
133,5,2.61938134409,3.07690162771
134,5,4.0056699819,5.22065806688
135,5,2.76638473231,3.27348409049
136,5,1.92587597774,2.35497674442
137,5,1.71988057465,2.06985861887
138,5,1.15113560552,1.40864432495
139,5,1.46866086998,1.76166114961
140,5,0.588967397214,0.764358594013
141,5,0.713509959483,0.93194835933
142,5,0.564453597424,0.72958626965
143,5,1.46070231017,1.94062205146
144,5,0.755729755282,1.00524830333
145,5,0.699214466642,0.851365374752
146,5,0.798000234545,0.98989744106
147,5,0.846886762806,1.04191936233
148,5,1.37350573875,1.75239617877
149,5,0.502931398526,0.61649678271
150,5,0.799170673529,0.967087858627
151,5,0.587329027726,0.717120918788
152,5,0.642534920008,0.877648213217
153,5,1.38817501956,1.83183123113
154,5,1.33021124479,1.77155521086
155,5,0.899701626144,1.21286028899
156,5,0.793582266034,0.948861945957
157,5,1.80715404442,2.15665447922
158,5,0.861467238931,1.10961042265
159,5,0.726695229474,0.92258776083
160,5,1.07663628686,1.27637232254
161,5,0.821109002747,1.01575056628
162,5,0.99807937522,1.21756548186
163,5,1.32578520924,1.64207131041
164,5,0.792076707266,0.963183995023
165,5,1.25356897407,1.56676598991
166,5,1.3673403621,1.66878905452
167,5,1.40909781058,1.8045823263
168,5,1.14771775711,1.38728279902
169,5,0.868828126246,1.07601454311
170,5,0.738560510864,0.915205890492
171,5,0.710200437435,0.90840119621
172,5,0.876045166997,1.07397391856
173,5,1.13376915737,1.46078701455
174,5,0.481501722706,0.626858235969
175,5,0.486071653653,0.61175614797
176,5,0.637696092074,0.823428717181
177,5,0.813787072789,1.06224318631
178,5,0.56028177612,0.695944821673
179,5,0.558753467183,0.712256590028
180,5,1.76167443496,2.05025849039
181,5,1.08201208637,1.35121767257
182,5,0.694562362538,0.863669596714
183,5,0.781603042504,0.96321267134
184,5,0.378668905963,0.480648108119
185,5,0.891348780549,1.06723225057
186,5,0.922491179494,1.17835164447
187,5,0.947559963219,1.1613013689
188,5,0.686132018291,0.84890039454
189,5,0.527672850786,0.634110486647
190,5,0.868742394251,1.07587781936
191,5,2.30593920695,3.09845929982
192,5,0.831834140046,1.04144022806
193,5,0.632893360749,0.811957622561
194,5,0.425956664826,0.664894646591
195,5,0.765174186312,0.905848288725
196,5,0.745896992977,0.890376309899
197,5,1.2745217299,1.57948942023
198,5,0.7370960697,1.16228197726
199,5,0.834273140956,1.06169049703
200,5,1.10146681491,1.38821127937
201,5,1.07023253855,1.31069945257
202,5,1.28908332257,1.54073030922
203,5,1.66742783148,1.91301512415
204,5,2.83939828675,3.76704295548
205,5,2.28109358247,2.87829199776
206,5,2.28650733211,2.89636295078
207,5,2.14235297542,2.82028502233
208,5,2.46502041516,3.03946431809
209,5,1.21934849637,1.47676728581
210,5,1.13797768272,1.52703225189
211,5,4.3578261515,5.44686188269
212,5,3.05907241104,3.6645305292
213,5,2.32411241525,2.85913438107
214,5,2.02204939784,2.93419770808
215,5,3.03733215367,3.90239145466
216,5,2.34438788953,3.08051887736
217,5,2.3219678895,2.95551286344
218,5,1.74573608303,2.38173596707
219,5,1.13441904643,1.48151389175
220,5,2.41238058842,3.04522209515
221,5,1.67187599264,2.08041403331
222,5,1.36393313273,1.83650344888
223,5,1.13145632224,1.40318933815
224,5,1.01919194981,1.34313199504
225,5,1.3716778973,1.71449633096
226,5,0.857800369651,1.01475765089
227,5,1.18809327174,1.47873577219
228,5,0.996709504777,1.35987087777
229,5,1.71593794687,2.16366264228
230,5,2.21672966666,2.47890046654
231,5,1.92220553634,2.26917218925
232,5,2.6541594979,3.02849051976
233,5,1.88848398333,2.25396882019
234,5,1.7857891564,2.08158151254
235,5,2.09131253624,2.555470689
236,5,0.862627886028,1.06853619113
237,5,0.96131054057,1.19392780984
238,5,1.25363635956,1.51607241221
239,5,1.35462406028,1.66001202577
240,5,1.72953811524,2.16104225765
241,5,1.50654462186,2.11019284952
242,5,1.05703626177,1.36210211743
243,5,2.44824334761,2.87471696015
244,5,2.82053038926,3.50141553234
245,5,1.85952323796,2.28241825354
246,5,1.12386390729,1.42174409003
247,5,1.88141880047,2.3815061642
248,5,1.98782738708,2.36807048374
249,5,2.47964610312,3.25614024766
250,5,1.0046046463,1.26302099925
251,5,1.64900626247,2.10612630331
252,5,1.65415855216,1.94272928185
253,5,4.95861555516,6.53825277131
254,5,2.37791066319,3.35581101415
255,5,1.03352985437,1.3948302176
256,5,0.917100797373,1.21047391712
257,5,2.47756409828,3.16508536208
258,5,0.936187401115,1.40255106925
259,5,1.45103017335,1.82511663812
260,5,1.05517932759,1.38209846292
261,5,1.1148800769,1.34750585047
262,5,1.06942387991,1.36372708717
263,5,0.979187090742,1.25122644563
264,5,2.12546049094,2.55172779633
265,5,2.11232665021,2.51788095437
266,5,1.99919459012,2.42311504314
267,5,2.24075733645,2.66866326537
268,5,1.46515448543,1.81134360378
269,5,2.38101729398,2.75955223012
270,5,1.85647619676,2.35881791971
271,5,1.0415662727,1.38911711039
272,5,1.36816371288,1.6035877222
273,5,1.14226504552,1.47020406572
274,5,1.17401604873,1.42513859704
275,5,1.36011121613,1.67189832078
276,5,1.44407228977,1.89241892881
277,5,1.05321061413,1.33713670864
278,5,0.93964349881,1.15895324734
279,5,1.08326102134,1.27576226099
280,5,1.45669826755,1.88722199831
281,5,0.850573092543,1.07835412572
282,5,2.00049739786,2.36205413003
283,5,0.986186081918,1.27724241126
284,5,2.95915545402,3.67157198748
285,5,0.95385207694,1.15596106231
286,5,1.26274666427,1.62996615867
287,5,2.01636549239,2.4335166453
288,5,1.51198634195,1.92986526612
289,5,1.51142706438,1.83097532841
290,5,2.4827650509,2.95233106082
291,5,1.00014097034,1.14709387827
292,5,0.773395423854,0.965774713027
293,5,0.950150103335,1.25375482147
294,5,0.617886642198,0.80315677913
295,5,0.93689070028,1.12703981489
296,5,0.789401790295,0.928332374961
297,5,1.53182576507,1.84795093878
298,5,1.23783988721,1.67443234532
299,5,1.70861538469,2.29144174399
300,5,0.892544708997,1.15790636493
301,5,0.999804679328,1.19760985417
302,5,0.796464003267,1.02336040863
303,5,0.827624227413,1.07697917659
304,5,2.31453664443,2.78570553433
305,5,1.45569518474,2.0129603825
306,5,1.53637069645,1.98556229562
307,5,1.21178761131,1.4553879674
308,5,0.94945712063,1.26246908432
309,5,1.73164056515,2.23811402704
310,5,0.953127429005,1.25502138588
311,5,2.76686589,3.28037870315
312,5,1.55811103512,2.00750057255
313,5,2.83033250353,3.38752806342
314,5,1.35116589196,1.72168758409
315,5,1.73577809112,2.16010972628
316,5,0.689579541843,0.890284265689
317,5,1.84672594174,2.22341219812
318,5,1.78349777859,2.18667966396
319,5,1.73712389993,2.06264393136
320,5,1.7832763646,2.26285253171
321,5,2.45440028463,2.86185968644
322,5,1.66844886453,2.02176343975
323,5,1.83548229523,2.12057731265
324,5,0.686003287196,0.833418992401
325,5,1.78095551693,2.03965849278
326,5,1.03052443909,1.35405964479
327,5,1.61270932792,2.15369901969
328,5,0.727136984807,0.913877502146
329,5,0.748308772915,1.02462610814
330,5,0.835663210619,1.09855131518
331,5,1.45611186008,1.64194456263
332,5,0.793792063357,1.01549847795
333,5,0.991334400095,1.1901004766
334,5,1.61749384399,1.92103197745
335,5,1.58841965908,1.95124741205
