cycle,count,mae,rmse
50,15,1.07233447788,1.36423626351
51,15,1.53650501763,1.84672193583
52,15,0.79277695968,1.92436014085
53,15,1.17071520761,1.96028753494
54,15,1.07340581108,1.70157373988
55,15,4.81006831241,6.27576418464
56,15,1.14872719953,1.41336634465
57,15,1.53035408194,2.11764987353
58,15,3.46846004813,4.52959018516
59,15,3.30074562454,4.15938075606
60,15,2.99626473254,3.82910695452
61,15,0.800014184896,1.10160073423
62,15,0.851638622827,1.10450627776
63,15,1.54034445732,1.79875906402
64,15,0.915901091278,1.15795656261
65,15,0.801519665214,0.951286081511
66,15,1.97870638274,2.6049952869
67,15,5.13476405433,6.34664563843
68,15,1.00267486663,1.17605065811
69,15,0.501303929167,0.613415981437
70,15,0.759465061657,1.06868424168
71,15,0.848183493134,1.01663940265
72,15,0.649488408767,0.808606862724
73,15,0.958571052483,1.28129826822
74,15,2.47640992987,3.08029109643
75,15,0.907231165525,1.13360746514
76,15,1.07025488508,1.30810411862
77,15,1.01444855414,1.36512052357
78,15,2.06341010219,2.50052315844
79,15,1.15531384994,1.41040494585
80,15,0.919236354741,1.17004754164
81,15,1.25216039865,1.65521197038
82,15,1.0290110792,1.27513456215
83,15,1.02192739261,1.29836994044
84,15,0.70949066979,0.960943976772
85,15,0.692519994501,0.840400355161
86,15,0.619181024505,0.815008899812
87,15,0.988192895716,1.29628963451
88,15,1.36022281652,1.69076243898
89,15,0.907461850688,1.14833298046
90,15,1.13960997188,1.51906250471
91,15,0.63873798479,0.909835409742
92,15,2.58482853024,3.23011701403
93,15,1.89108337941,2.35993256481
94,15,1.01731632906,1.21678263002
95,15,1.62966401632,1.98210353492
96,15,1.44339025971,1.89209773475
97,15,0.699458135798,0.874406441309
98,15,0.593705214662,0.724604971476
99,15,0.690852442978,0.852648546799
100,15,0.459396087086,0.57033373224
101,15,0.875277821698,1.11226241588
102,15,0.890016983296,1.1087117021
103,15,0.633659602072,0.80036387169
104,15,0.608303118184,0.745474397573
105,15,0.504755553357,0.601826385139
106,15,0.592655640162,0.700842699187
107,15,0.730466753379,0.848766138883
108,15,0.608947700768,0.777807322371
109,15,0.932466460186,1.1128675338
110,15,0.929877119274,1.07664914686
111,15,0.959287674237,1.13969900788
112,15,0.72204762235,0.935131584578
113,15,0.809043902055,1.04240814877
114,15,0.781241893611,0.998034405423
115,15,1.09945590303,1.33910114747
116,15,0.577186108191,0.787668558215
117,15,0.655207459039,0.809054300665
118,15,0.713051809572,0.923488711322
119,15,1.24683138115,1.46952727603
120,15,3.95072518966,5.10471212472
121,15,2.48174237313,3.16186560986
122,15,4.52783637339,5.7619649295
123,15,2.43399677343,2.84646321753
124,15,2.97452046477,3.8356768674
125,15,2.31956279774,2.72824615245
126,15,1.87071860064,2.23678283288
127,15,1.84857139595,2.33204593985
128,15,0.916127113032,1.13517565327
129,15,1.20682762476,1.56304560255
130,15,1.26629345906,1.49363329546
131,15,1.25776568954,1.54137489587
132,15,1.7413922556,2.13036886824
133,15,1.36602513755,1.71587237164
134,15,2.08168387122,2.61893561397
135,15,1.59244030154,1.79576761739
136,15,1.33523310481,1.55668472162
137,15,1.33079386295,1.68145137568
138,15,1.02645949802,1.28553226787
139,15,1.20618402907,1.49758108046
140,15,0.767354001612,0.923488028257
141,15,0.409762712509,0.552081737932
142,15,0.535968314655,0.681706196986
143,15,0.744626656916,0.93090182295
144,15,0.474051979696,0.600770243413
145,15,0.827658612579,1.08031648929
146,15,0.890796819078,1.11888636191
147,15,0.874491664205,1.09213147016
148,15,0.721108605549,0.898730010568
149,15,0.527121190412,0.70128497343
150,15,0.663766161232,0.816077324888
151,15,0.449998016231,0.611242778241
152,15,0.415544571184,0.530016782464
153,15,1.14921683972,1.54156594958
154,15,1.21776182798,1.65553735324
155,15,1.15834554241,1.54268954359
156,15,1.14638670531,1.37830182524
157,15,1.00103346374,1.23520064978
158,15,0.974144331609,1.17753074529
159,15,0.880761098866,1.12238458406
160,15,1.14938310148,1.39980470686
161,15,0.860238969027,1.07124537035
162,15,0.651360647797,0.802381881092
163,15,0.818197702585,1.03115819702
164,15,0.65260026549,0.820706840962
165,15,0.78097298534,1.00836403541
166,15,1.46715878067,1.72280034436
167,15,1.12343372729,1.50904649623
168,15,1.76126325876,2.22366292664
169,15,0.731149765813,0.98872100372
170,15,0.463424834897,0.609993205268
171,15,0.624568856728,0.777430225742
172,15,0.701826080531,0.900529505077
173,15,0.719240154116,0.895118200145
174,15,0.468412136876,0.59356874916
175,15,0.665256118108,0.834701061677
176,15,0.610271782127,0.782017395003
177,15,0.521564921686,0.643475004579
178,15,0.656111677779,0.786059359325
179,15,0.565176115182,0.66670734285
180,15,0.737052532666,0.95056080421
181,15,0.516568505017,0.643325845123
182,15,0.788557442597,1.03507195953
183,15,0.501677825659,0.636533503735
184,15,0.904678197865,1.21323046667
185,15,0.66558963509,0.798756877457
186,15,0.815635538774,0.950281504011
187,15,0.690714614072,0.86815602619
188,15,0.642393077828,0.756319327416
189,15,0.457219930871,0.563540653616
190,15,0.977951951508,1.36733232013
191,15,1.32265000001,1.87916437372
192,15,0.483205023333,0.574379917963
193,15,0.648422026007,0.83692326672
194,15,0.645108777921,0.802318729954
195,15,0.427338503952,0.545791799877
196,15,0.628847347562,0.809408615201
197,15,1.07550240521,1.40613282158
198,15,1.2460074447,1.66100957359
199,15,0.719433498253,0.901617712762
200,15,1.13044522731,1.39076724096
201,15,0.778858774249,1.02232662303
202,15,1.81168688677,2.10185949081
203,15,1.5040732668,1.8535638252
204,15,1.86034096413,2.49341989157
205,15,1.60202503505,1.90220604464
206,15,2.69305052051,3.22220803389
207,15,1.97025064765,2.38722179796
208,15,1.94182378087,2.34958866041
209,15,1.22174966796,1.53189202909
210,15,1.41825201071,1.74563141263
211,15,6.11512327348,8.10048569502
212,15,2.4485163486,3.17573900439
213,15,2.38205901767,2.82760436602
214,15,2.15063613529,2.84612643845
215,15,2.63154944797,3.61686659976
216,15,2.83429741327,3.5716220069
217,15,1.90343781977,2.30366923072
218,15,1.87951169163,2.25054827061
219,15,1.32460991185,1.70467930877
220,15,1.11359152357,1.40612958168
221,15,1.39743312486,1.74799052806
222,15,1.34322888342,1.6259596352
223,15,1.00146300985,1.23249864427
224,15,0.874044385718,1.08330877392
225,15,1.03532926391,1.23531301051
226,15,1.17071079205,1.40422650957
227,15,0.853639704751,1.0636119502
228,15,1.59096921066,1.97636261399
229,15,2.25362857488,2.81056454792
230,15,1.65790913741,1.94363802381
231,15,1.15069206217,1.44233342805
232,15,1.96580543108,2.34289826265
233,15,1.93628756727,2.37011810378
234,15,1.5456528297,1.79535335239
235,15,1.62740810674,1.89693615474
236,15,0.651598107906,0.796123407942
237,15,1.0277447221,1.19541823384
238,15,0.890160814148,1.02928857655
239,15,1.10129534765,1.38242540311
240,15,1.01177028641,1.20167011368
241,15,0.912577351285,1.11403866545
242,15,1.05345599929,1.34300408261
243,15,1.48481805281,1.76978321957
244,15,1.93242397248,2.41130898506
245,15,2.22310892418,2.71375584195
246,15,1.17846960259,1.45715272337
247,15,1.13469835228,1.38564381301
248,15,1.24149151542,1.61038837044
249,15,1.45693933541,1.72884972808
250,15,1.45480233537,1.86452580698
251,15,1.19789761709,1.39119249647
252,15,1.16370988529,1.4284714151
253,15,2.09348875881,2.68659967547
254,15,1.28244452265,1.68651111251
255,15,0.793969280946,1.06051289397
256,15,0.797337399917,1.06276410473
257,15,2.01959626355,2.52675155218
258,15,0.769818433408,1.1620134958
259,15,0.722332521194,0.991915216384
260,15,0.615943804261,0.777589537289
261,15,0.860038651317,1.10184714723
262,15,1.08641720127,1.41534431516
263,15,1.10955622429,1.36251321549
264,15,2.00679487304,2.48637147517
265,15,1.68293196985,2.05677219188
266,15,1.28829718574,1.49066279365
267,15,1.46309979964,1.7252087695
268,15,1.22612878828,1.56150748867
269,15,1.76666300546,2.11405751487
270,15,1.41053232616,1.6937257621
271,15,2.06819808457,2.45840696425
272,15,1.26246629424,1.46631225368
273,15,0.873474329534,1.14801129655
274,15,1.03627679193,1.27880696037
275,15,0.799940461721,0.979094362733
276,15,1.18349261427,1.48517510577
277,15,1.0473727219,1.34847770221
278,15,0.953067464171,1.21796534277
279,15,1.17161808013,1.47239338254
280,15,0.957440698841,1.15999811247
281,15,1.24748056811,1.63267533639
282,15,1.53471689247,1.84358043706
283,15,1.00705638048,1.2678212409
284,15,1.8262932487,2.21218745967
285,15,1.19837898835,1.58909734027
286,15,0.874886156604,1.13066631365
287,15,1.46843247291,1.76236468247
288,15,1.23577395934,1.65093988984
289,15,1.03516369551,1.33044582501
290,15,1.23204792427,1.46877049646
291,15,0.94184506017,1.18131501802
292,15,0.760811926077,0.922570347498
293,15,0.628400627797,0.819855777611
294,15,0.733635754608,0.936755258909
295,15,1.05728875281,1.28348734498
296,15,0.792125812864,0.995835823288
297,15,0.837867487601,1.04000004694
298,15,1.2317024342,1.50980475965
299,15,1.01883683398,1.21005646642
300,15,1.10441328774,1.35632781173
301,15,0.86710913442,1.128479992
302,15,0.891149933322,1.07859664467
303,15,0.819647142561,0.969546840214
304,15,0.726598926327,0.870497640404
305,15,0.769995303124,0.976245322697
306,15,0.753625035789,0.970555653943
307,15,1.76753264578,2.37452254516
308,15,0.987708291987,1.19973083103
309,15,0.918730090564,1.13884952844
310,15,0.847154671072,1.06380230816
311,15,1.29032573929,1.67936918389
312,15,1.68869546296,2.19667580304
313,15,2.4372351151,3.0681690728
314,15,1.51078911356,1.92326760942
315,15,0.900448904881,1.10165332306
316,15,0.868965931922,1.06911768437
317,15,1.24231941771,1.55390127096
318,15,0.866048466958,1.06271090666
319,15,1.10519385773,1.39899634982
320,15,1.1266871244,1.38972012726
321,15,0.534538068103,0.648242791863
322,15,1.14171311033,1.30423661977
323,15,0.834780112326,0.958490162013
324,15,0.637235072024,0.793240458148
325,15,0.83590230848,1.00159653819
326,15,1.25821661664,1.55137070576
327,15,1.35716680036,1.63166035867
328,15,1.22690554108,1.42459415543
329,15,0.606841655955,0.753145599465
330,15,0.720688028487,0.910715749465
331,15,0.651934614681,0.835062197503
332,15,0.802684265777,1.02349915086
333,15,0.634006708549,0.776469773504
334,15,0.922282976963,1.09234470949
335,15,1.77733741403,2.2015235342
