cycle,count,mae,rmse
5,6,0.15249593471,0.190793135156
6,6,0.17878921371,0.223939944537
7,6,0.130116908757,0.175539829577
8,6,0.118732209364,0.146694188541
9,6,0.210463791045,0.265664669621
10,6,0.214594497682,0.277752172062
11,6,0.297118719916,0.384515775015
12,6,0.226324873935,0.317467134212
13,6,0.208182066813,0.254786697802
14,6,0.186956702599,0.241498972848
15,6,0.264287056192,0.310885639626
16,6,0.161661843411,0.202272710918
17,6,0.226154233316,0.283621884314
18,6,0.173730596985,0.237247329145
19,6,0.147163806929,0.195793351808
20,6,0.107004202919,0.140128749367
21,6,0.159785375347,0.211729648236
22,6,0.18495000883,0.245775302264
23,6,0.170663549608,0.207911081667
24,6,0.196502856204,0.23736947843
25,6,0.187974688742,0.228303160407
26,6,0.315914206817,0.365057388883
27,6,0.220226934401,0.267671017469
28,6,0.1452081923,0.179692652275
29,6,0.22409117787,0.264696290121
30,6,0.103912580205,0.139543259044
31,6,0.108030153356,0.137974637816
32,6,0.1241811509,0.156927842888
33,6,0.157753091521,0.207061980008
34,6,0.282876095437,0.319534221019
35,6,0.523335744571,0.58016408575
36,6,0.536698842407,0.58937689709
37,6,0.421480389349,0.478918670413
38,6,0.274745874553,0.338760078919
39,6,0.352393880251,0.438625047788
40,6,0.328985560031,0.397590179911
41,6,0.36727614654,0.429542568481
42,6,0.191731469721,0.236193116004
43,6,0.140057279312,0.180824059949
44,6,0.222700374665,0.284723834738
45,6,0.201751404514,0.268641134041
46,6,0.160230909529,0.21260556983
47,6,0.155593052246,0.194273804294
48,6,0.131518299964,0.175013132176
49,6,0.131200128568,0.160087010449
50,6,0.141907594016,0.174858245421
51,6,0.1412293629,0.17454899374
52,6,0.14383589191,0.180429260561
53,6,0.191019698427,0.243741716605
54,6,0.122768558714,0.151991292543
55,6,0.201503698825,0.232391466487
56,6,0.194731451893,0.22877054546
57,6,0.193898806744,0.233412918053
58,6,0.25498871459,0.347394241753
59,6,0.224799649704,0.282619826684
60,6,0.154728633188,0.186886822239
61,6,0.20781615271,0.248792545918
62,6,0.20308412643,0.256373121967
63,6,0.206400561879,0.267459719774
64,6,0.265838348228,0.330130025204
65,6,0.289486322613,0.367892183274
66,6,0.369410086687,0.471401436975
67,6,0.733507642348,0.837270866845
68,6,0.201618948935,0.249456972264
69,6,0.302357056107,0.356156789759
70,6,0.598866763237,0.657378544314
71,6,0.194915993429,0.254972697416
72,6,0.189052428386,0.232017826037
73,6,0.441762479304,0.584897656246
74,6,0.141237796776,0.182684471885
75,6,0.111171537814,0.141053851531
76,6,0.126232296705,0.153712719275
77,6,0.126208805814,0.170590797729
78,6,0.130725968587,0.155078385913
79,6,0.108739330598,0.138564456261
80,6,0.120289428835,0.152343647446
81,6,0.127869311948,0.167373067333
82,6,0.14727964,0.177072207162
83,6,0.205333769546,0.257334213439
84,6,0.125334435273,0.160777403508
85,6,0.119680511888,0.149357932964
86,6,0.127672634305,0.16282510916
87,6,0.179432885392,0.21909248976
88,6,0.28226891031,0.329814462845
89,6,0.20324720282,0.249454750018
90,6,0.313320729685,0.406504103478
91,6,0.153402732685,0.230373700957
92,6,0.18117290034,0.232284204396
93,6,0.230628671528,0.28711259912
94,6,0.144118452467,0.186348816961
95,6,0.18650442539,0.246198959695
96,6,0.419190870963,0.489148707665
97,6,0.153456564958,0.181666485051
98,6,0.321759276563,0.344947364001
99,6,0.147140561857,0.182209024209
100,6,0.167792910703,0.210211727077
101,6,0.147957510438,0.177822464453
102,6,0.149685235487,0.180409921231
103,6,0.182721108876,0.233503972987
104,6,0.124544894876,0.160161016263
105,6,0.165376728382,0.198609852511
106,6,0.141924814812,0.183101973322
107,6,0.140146852261,0.18072939172
108,6,0.211044495139,0.245468918879
109,6,0.256095085517,0.315645966681
110,6,0.244963036549,0.33300216387
111,6,0.197528358186,0.257786213837
112,6,0.238267773439,0.291219063994
113,6,0.237061341821,0.317250354885
114,6,0.192754835961,0.273154323824
115,6,0.181218287524,0.241690024818
116,6,0.134953791037,0.171323954294
117,6,0.240606337107,0.277265674803
118,6,0.19587808661,0.249579957101
119,6,0.264658623866,0.362246050639
120,6,0.580786826918,0.750266687396
121,6,0.545269584112,0.628228167565
122,6,0.632171362475,0.81607194817
123,6,0.493990464603,0.62321801236
124,6,0.435100949373,0.51916273509
125,6,0.574795287875,0.742997377253
126,6,0.425555374559,0.583713191572
127,6,0.497204987364,0.61269412677
128,6,0.178486143403,0.230630420397
129,6,0.185503051022,0.248668661192
130,6,0.129508501004,0.167076049017
131,6,0.159577269912,0.200539951873
132,6,0.307691767313,0.372473740313
133,6,0.464735493166,0.578531873906
134,6,0.468581762528,0.550890051307
135,6,0.44869834957,0.556292686121
136,6,0.329729460117,0.390971779869
137,6,0.28277430532,0.347019002912
138,6,0.204447653952,0.283201258482
139,6,0.245451815132,0.28349348908
140,6,0.16562317335,0.20433336491
141,6,0.152499847995,0.188052516824
142,6,0.130059616214,0.166434610062
143,6,0.156367651925,0.215011498697
144,6,0.127039129931,0.16308964449
145,6,0.11441030309,0.153967605534
146,6,0.109137163971,0.15255396214
147,6,0.111756227135,0.144021798744
148,6,0.108524218417,0.139195462256
149,6,0.125388567248,0.155258670103
150,6,0.139978965735,0.174110387763
151,6,0.0982423262496,0.129092376532
152,6,0.159558850376,0.205925954854
153,6,0.199105698371,0.247252174114
154,6,0.215428691239,0.263232275606
155,6,0.252982351811,0.316245295698
156,6,0.129242463285,0.169952456033
157,6,0.310359147822,0.381255565798
158,6,0.21581362666,0.260602710108
159,6,0.134771800732,0.16867894098
160,6,0.15599119485,0.204104846849
161,6,0.160173962978,0.211655187462
162,6,0.162112968663,0.196568485985
163,6,0.170292406378,0.217302675139
164,6,0.162186228504,0.196981299283
165,6,0.160981148598,0.197503147363
166,6,0.171674244401,0.233088339881
167,6,0.177461872263,0.226930568356
168,6,0.149865003277,0.185751790254
169,6,0.140095253273,0.170996372868
170,6,0.123138777825,0.158846907001
171,6,0.118304012974,0.152620845309
172,6,0.146429654544,0.194401578705
173,6,0.141766898808,0.168405920586
174,6,0.135663892123,0.175892610127
175,6,0.156578484461,0.196584351803
176,6,0.130248684636,0.153348666728
177,6,0.12234642452,0.151940109503
178,6,0.120430174687,0.150527175414
179,6,0.15092631978,0.185748629782
180,6,0.131735562203,0.161708520804
181,6,0.117116910454,0.147396383098
182,6,0.11595828486,0.148596112308
183,6,0.149815699982,0.184495301912
184,6,0.110782899326,0.146047324647
185,6,0.126621947563,0.157677057189
186,6,0.14105596672,0.174220755947
187,6,0.152135213198,0.178999863713
188,6,0.138980916522,0.184017279679
189,6,0.132951902416,0.168501726995
190,6,0.168493593442,0.208773083434
191,6,0.16782439549,0.223106471797
192,6,0.130916936275,0.182992093603
193,6,0.154643667743,0.196890098099
194,6,0.171933404424,0.200040989026
195,6,0.0970722994876,0.13267959763
196,6,0.1782170116,0.233753023285
197,6,0.21387257669,0.309447333323
198,6,0.177147995748,0.322805550893
199,6,0.163572548065,0.250450628345
200,6,0.24740961283,0.335511700697
201,6,0.410927100334,0.497356713334
202,6,0.585436702566,0.737982873204
203,6,0.459640535576,0.635703981426
204,6,0.466570494813,0.680759892234
205,6,0.61567803614,0.760966819203
206,6,0.681307019999,0.806878889
207,6,0.58549131906,0.703238533851
208,6,0.614918477517,0.729357135159
209,6,0.531105088843,0.683109094477
210,6,0.710034895884,0.907940573798
211,6,0.92429521328,1.10497680482
212,6,0.572966376504,0.63963514068
213,6,0.53430251613,0.658987681013
214,6,0.63924091478,0.993339271692
215,6,0.600200737877,0.820996857869
216,6,0.555723748179,0.714616177976
217,6,0.409955777669,0.494363065818
218,6,0.275792942401,0.352041285747
219,6,0.272821378022,0.351120345271
220,6,0.271000436705,0.326407580134
221,6,0.253968134601,0.328194352275
222,6,0.221096221743,0.292762328092
223,6,0.181684341467,0.226521574712
224,6,0.181534147721,0.229808171212
225,6,0.155951215241,0.204820088138
226,6,0.158685282133,0.209237529331
227,6,0.168785862217,0.216204990768
228,6,0.305518032098,0.375551092364
229,6,0.558846996854,0.67600396872
230,6,0.674078996239,0.800414005504
231,6,0.521813942432,0.631120951343
232,6,0.996176984858,1.30223436666
233,6,0.889871253541,1.04024653909
234,6,0.870609516787,1.01724461925
235,6,0.631280293472,0.760227261125
236,6,0.541296175161,0.637060978125
237,6,0.51194361616,0.59947952874
238,6,0.457347427179,0.639699106735
239,6,0.535200661845,0.620650309227
240,6,0.371197147952,0.464311205374
241,6,0.45532422516,0.581169265711
242,6,0.611666052331,0.722653081481
243,6,0.826770217997,0.962970828149
244,6,0.812165421442,1.03891719027
245,6,1.03426440857,1.33359557431
246,6,0.797979512903,0.906718595528
247,6,0.652970804001,0.802200359283
248,6,0.586192377995,0.738918752741
249,6,0.531023647445,0.656536145506
250,6,0.398223399782,0.484362017876
251,6,0.479548930339,0.566720342299
252,6,0.277896352335,0.354602050327
253,6,0.35219136404,0.405795356455
254,6,0.195251026954,0.264046591519
255,6,0.108117761543,0.138018185151
256,6,0.136464991448,0.185064506798
257,6,0.278560561478,0.366679105978
258,6,0.217487325053,0.247170092022
259,6,0.101376196538,0.128165206919
260,6,0.152825631129,0.184823985705
261,6,0.175877187732,0.223134327317
262,6,0.204692545185,0.265665034491
263,6,0.20134173243,0.247609689645
264,6,0.448767601235,0.551304512329
265,6,0.332469193243,0.409911372109
266,6,0.345645217657,0.408389730262
267,6,0.337125007524,0.401926425737
268,6,0.272859520127,0.338661638728
269,6,0.268602671919,0.323823373977
270,6,0.298166772278,0.36648619152
271,6,0.227419467426,0.271093765206
272,6,0.20948988367,0.255975037391
273,6,0.160241238933,0.208577746436
274,6,0.164241870395,0.205754005476
275,6,0.18146447602,0.233721638168
276,6,0.322758492349,0.402653984508
277,6,0.228179253888,0.266403235738
278,6,0.165400745334,0.197358426734
279,6,0.190831628948,0.246353648267
280,6,0.177147282424,0.235675157326
281,6,0.188664805067,0.258235721806
282,6,0.179563504021,0.233743882941
283,6,0.193814534032,0.24626184619
284,6,0.191725060941,0.236760273668
285,6,0.159517643413,0.204856785312
286,6,0.17203090599,0.221203286893
287,6,0.178444867821,0.221817828954
288,6,0.182583350951,0.22881878204
289,6,0.186269755253,0.231927554045
290,6,0.176381599482,0.21991528134
291,6,0.147587514666,0.197873767076
292,6,0.160422137095,0.19198406103
293,6,0.139933324847,0.185457323033
294,6,0.146769074929,0.191130416609
295,6,0.15849136433,0.201578377363
296,6,0.133335947259,0.169013008266
297,6,0.188208511152,0.222548343189
298,6,0.143554069177,0.185387952566
299,6,0.138025575577,0.189683495596
300,6,0.178260679569,0.224452288666
301,6,0.183627736123,0.2152420942
302,6,0.163882259112,0.194837291586
303,6,0.150036265346,0.182745689267
304,6,0.147696924581,0.182904563435
305,6,0.159047176798,0.194509985516
306,6,0.173906204973,0.21763606098
307,6,0.161354886859,0.201865114596
308,6,0.164009742891,0.201954985112
309,6,0.210191004866,0.268965538859
310,6,0.244499579389,0.309353988335
311,6,0.248060316179,0.305413796427
312,6,0.320076765477,0.391490401586
313,6,0.46051545851,0.59549996091
314,6,0.22562638672,0.283827742565
315,6,0.293067334792,0.347506736449
316,6,0.277843292205,0.33915245824
317,6,0.293477128071,0.383606994287
318,6,0.212437438884,0.269465040901
319,6,0.310295187539,0.376617208711
320,6,0.254234444739,0.30383678117
321,6,0.121705214153,0.1511653416
322,6,0.122324091868,0.151786862034
323,6,0.192522972485,0.243903040209
324,6,0.137172406361,0.166117997826
325,6,0.154964336613,0.19435630308
326,6,0.204508408573,0.254291425761
327,6,0.40211503485,0.476061416999
328,6,0.312095845659,0.372305329073
329,6,0.164418121854,0.21146423114
330,6,0.152688094696,0.188150383199
331,6,0.149892970762,0.18282307577
332,6,0.338296568923,0.398386845235
333,6,0.438108314705,0.503526268368
334,6,0.620506586531,0.760023826679
335,6,0.667567886547,0.797314072217
