cycle,count,mae,rmse
5,9,0.158639652569,0.204916066422
6,9,0.164700910533,0.196339659151
7,9,0.172418150633,0.218092999205
8,9,0.173088884107,0.214693554272
9,9,0.200499260939,0.260868619954
10,9,0.214900474539,0.290283900569
11,9,0.306763883975,0.370082688579
12,9,0.308889598119,0.364113917269
13,9,0.22641942743,0.280808729978
14,9,0.211587624212,0.271760449238
15,9,0.155308287245,0.203924786052
16,9,0.188470085685,0.220926586505
17,9,0.199700950713,0.257090931693
18,9,0.180013120472,0.225708719174
19,9,0.148505506414,0.190490958305
20,9,0.13699029755,0.18713910997
21,9,0.180778139978,0.220164934538
22,9,0.176775440051,0.21902345448
23,9,0.210102053851,0.246533593351
24,9,0.170450960973,0.205600074221
25,9,0.173381834716,0.205372644423
26,9,0.363488927379,0.413332716946
27,9,0.187296396051,0.243652443168
28,9,0.182288924119,0.221001783654
29,9,0.176412122628,0.217672858052
30,9,0.188569407094,0.221156045245
31,9,0.129742254531,0.159872030093
32,9,0.146166823345,0.177511098674
33,9,0.161520172794,0.208497806224
34,9,0.239331697168,0.310030847599
35,9,0.342800141948,0.409667723809
36,9,0.290697297767,0.416644786116
37,9,0.280325855882,0.383777132142
38,9,0.341017333469,0.410918950298
39,9,0.277118334005,0.367287177351
40,9,0.365367055359,0.43520757952
41,9,0.375870082038,0.456352889178
42,9,0.174841346571,0.217396188536
43,9,0.16562426158,0.197038131547
44,9,0.191435992742,0.22915259643
45,9,0.234510359067,0.270812645572
46,9,0.210362771477,0.271119275405
47,9,0.16884814173,0.200695427496
48,9,0.152317542492,0.18595694903
49,9,0.172737344431,0.201267320629
50,9,0.16859597426,0.197067780678
51,9,0.134998690479,0.168887770403
52,9,0.117237608243,0.150047418678
53,9,0.18908673214,0.238978310529
54,9,0.144109342555,0.181394236475
55,9,0.12956378104,0.15891907043
56,9,0.149420228385,0.192276424229
57,9,0.13314755546,0.168192574443
58,9,0.250651406194,0.335165499261
59,9,0.214180169796,0.277841424749
60,9,0.164160423669,0.207758855293
61,9,0.169745595695,0.204351137606
62,9,0.14384482795,0.188931603088
63,9,0.193267692885,0.248989406164
64,9,0.279497404531,0.355651478042
65,9,0.262650118594,0.335622861813
66,9,0.376581822211,0.523526613849
67,9,0.640434087774,0.780087882714
68,9,0.155075186887,0.197579635795
69,9,0.194741396864,0.238435739876
70,9,0.300716518335,0.402648756001
71,9,0.169591840067,0.217843055084
72,9,0.140875261779,0.173368711765
73,9,0.306464117805,0.42501936573
74,9,0.124667436236,0.165176985783
75,9,0.162775228747,0.199086495619
76,9,0.14460492585,0.184523396869
77,9,0.148191079544,0.195951636025
78,9,0.160446214932,0.190729353946
79,9,0.116681031155,0.154481957921
80,9,0.113113643448,0.138212691361
81,9,0.156984017951,0.191789933556
82,9,0.123975188322,0.152253410621
83,9,0.158049731329,0.203393637387
84,9,0.189041039232,0.227458666208
85,9,0.161529809552,0.199560376698
86,9,0.179550641898,0.218047794567
87,9,0.147410591895,0.197399557342
88,9,0.249198248851,0.354362415008
89,9,0.167802695602,0.202585307551
90,9,0.260005174288,0.348639876518
91,9,0.114548245966,0.164876941519
92,9,0.178186691793,0.226180181165
93,9,0.235025833402,0.275372760445
94,9,0.221450648799,0.257966964531
95,9,0.194169990579,0.252548975227
96,9,0.327280788349,0.385138058004
97,9,0.206916488037,0.25236468881
98,9,0.139732581887,0.183225453596
99,9,0.162274054124,0.186878226842
100,9,0.334922986305,0.363843517592
101,9,0.121854818067,0.146059112206
102,9,0.240388294713,0.278585888884
103,9,0.223865059848,0.272444618872
104,9,0.158200249021,0.191557807717
105,9,0.232601989925,0.284036626825
106,9,0.111426745901,0.136875653238
107,9,0.184501614339,0.219135255485
108,9,0.151893791596,0.188570614145
109,9,0.225021938886,0.281890412256
110,9,0.259711329722,0.337186727014
111,9,0.247719131378,0.292410985069
112,9,0.192318094716,0.242985125397
113,9,0.206338304606,0.260181707295
114,9,0.226213346186,0.285677451412
115,9,0.164006011697,0.222842466335
116,9,0.163498887783,0.215069549747
117,9,0.210302371101,0.2614255456
118,9,0.208734738019,0.274929984057
119,9,0.261316997322,0.368287196677
120,9,0.67686019323,0.90793706044
121,9,0.520726763566,0.636409930886
122,9,0.650324082624,0.831266952154
123,9,0.614316693485,0.709376374743
124,9,0.416388292444,0.510952652957
125,9,0.500178807126,0.608792451082
126,9,0.430184612453,0.597565956786
127,9,0.461889625891,0.64167268447
128,9,0.205822409559,0.24415444682
129,9,0.169234152748,0.229829878878
130,9,0.147251899194,0.188037220025
131,9,0.165021702516,0.210461399342
132,9,0.357847076985,0.428229282486
133,9,0.440183868626,0.555934077766
134,9,0.486002899335,0.556178413448
135,9,0.512489287646,0.59651488436
136,9,0.358505929094,0.432512428495
137,9,0.305689048755,0.372456018931
138,9,0.234605969779,0.315122287989
139,9,0.217038513832,0.262665987516
140,9,0.151934965753,0.183448444733
141,9,0.120828951173,0.168353496118
142,9,0.155679825927,0.18864612961
143,9,0.181728519338,0.238624109545
144,9,0.13894710414,0.171478845672
145,9,0.148397907459,0.181630254145
146,9,0.160140016155,0.203899345708
147,9,0.137545028811,0.168676553439
148,9,0.141816397338,0.175060289906
149,9,0.141925757779,0.170437411864
150,9,0.140288383465,0.167296501091
151,9,0.13806886222,0.170924917004
152,9,0.12070858486,0.15732682474
153,9,0.175552216081,0.221536809143
154,9,0.189854521377,0.272046478208
155,9,0.18730786095,0.263703168048
156,9,0.144770714479,0.183032881178
157,9,0.227970559272,0.271059513876
158,9,0.152692268982,0.198528008364
159,9,0.160688590131,0.200246952229
160,9,0.155899468622,0.185362271901
161,9,0.16311779911,0.204272587746
162,9,0.171876037651,0.20977641121
163,9,0.191737790723,0.236338819718
164,9,0.195326927172,0.235713869576
165,9,0.219779727868,0.276001815067
166,9,0.210711216195,0.249757005255
167,9,0.240440115108,0.29901716948
168,9,0.18069367254,0.214160435359
169,9,0.156444354229,0.197875639279
170,9,0.18251932661,0.220334435376
171,9,0.155744909986,0.187522716393
172,9,0.205236038348,0.260893503021
173,9,0.17965824405,0.219336226923
174,9,0.216410769656,0.279052325367
175,9,0.164325027625,0.207066157703
176,9,0.167758089816,0.208310843315
177,9,0.154266581246,0.192502276479
178,9,0.151408351545,0.194478884399
179,9,0.162525473653,0.19793352537
180,9,0.155293627434,0.186775870855
181,9,0.159457917124,0.196633582149
182,9,0.14952752507,0.19042834662
183,9,0.204173928012,0.250013305877
184,9,0.155087046591,0.19495829337
185,9,0.144035169992,0.179036049748
186,9,0.144854524925,0.181416917007
187,9,0.178487731221,0.23458018631
188,9,0.165257880265,0.214569943617
189,9,0.220703012685,0.264909257183
190,9,0.218781282752,0.269992126393
191,9,0.210987028534,0.263425391316
192,9,0.17570148012,0.229635573406
193,9,0.169943754057,0.216803372968
194,9,0.157987440109,0.194283473523
195,9,0.127492004026,0.155558499352
196,9,0.201536868867,0.2560270767
197,9,0.225671339568,0.333533297191
198,9,0.199108600237,0.282294926454
199,9,0.199507567441,0.25957107834
200,9,0.231284358242,0.304519854697
201,9,0.428759027542,0.556029597702
202,9,0.548031310531,0.651445251537
203,9,0.528842149248,0.620602131216
204,9,0.448187245319,0.525209606326
205,9,0.572682619053,0.677604476778
206,9,0.646314071895,0.766458572926
207,9,0.577230469497,0.68659220441
208,9,0.63443262462,0.731827295437
209,9,0.547031867901,0.661280071516
210,9,0.614245447187,0.738587462157
211,9,1.04295888147,1.20699256923
212,9,0.498832956389,0.573498793893
213,9,0.533378618549,0.667929495377
214,9,0.670156201795,0.995484117766
215,9,0.582266474679,0.787633870433
216,9,0.515756047288,0.635584861132
217,9,0.421454990923,0.483286118876
218,9,0.306666695674,0.383718091679
219,9,0.335087451294,0.438102639076
220,9,0.237621488214,0.278936368106
221,9,0.294711955221,0.354040758716
222,9,0.249333387888,0.292392307626
223,9,0.205554012106,0.232802068692
224,9,0.166585413634,0.209121948589
225,9,0.172565826849,0.209591738918
226,9,0.181678190091,0.223910936823
227,9,0.183651683283,0.221607033447
228,9,0.290387170721,0.371847432688
229,9,0.737505902266,0.855472678729
230,9,0.61594777975,0.772683004244
231,9,0.515460257107,0.620535699535
232,9,0.780259029016,0.916632034839
233,9,0.833847380404,1.04694142292
234,9,0.752712816251,0.928266655103
235,9,0.728452288112,0.86666467971
236,9,0.604856675564,0.700449138378
237,9,0.51478638797,0.632171938515
238,9,0.404776611105,0.530620898075
239,9,0.531341676555,0.616705915374
240,9,0.362445632328,0.471385407341
241,9,0.360885493773,0.440055198111
242,9,0.599870572588,0.726050483493
243,9,0.699146293814,0.830511437819
244,9,0.898638010839,1.0810849205
245,9,0.850275245976,1.1065920467
246,9,0.846666104221,1.0419307904
247,9,0.565470057783,0.718329412405
248,9,0.658699127264,0.797509377968
249,9,0.488297482618,0.569928739216
250,9,0.355070385401,0.444715656562
251,9,0.424100845194,0.503103342244
252,9,0.269994025218,0.329485812314
253,9,0.339690454534,0.382253709433
254,9,0.17350805641,0.233819478252
255,9,0.120187657919,0.1516642491
256,9,0.119392895776,0.147989009595
257,9,0.20689376988,0.258620109825
258,9,0.117502276556,0.157699479089
259,9,0.135841855516,0.167443464192
260,9,0.234159049327,0.278963254762
261,9,0.192705954732,0.253157429976
262,9,0.246209454894,0.303677307765
263,9,0.201720444899,0.259478338721
264,9,0.351633542312,0.441610741055
265,9,0.390833662938,0.467607924427
266,9,0.321064452586,0.389919483485
267,9,0.348695571264,0.426853850623
268,9,0.278959630796,0.332979813627
269,9,0.324054059037,0.406812538471
270,9,0.280477586867,0.330328708621
271,9,0.241578525955,0.305758409589
272,9,0.202814479632,0.23876515503
273,9,0.16471549069,0.200578104345
274,9,0.174610337942,0.214660730353
275,9,0.168231206657,0.21608492574
276,9,0.324223282883,0.420361327021
277,9,0.173415633773,0.227612698125
278,9,0.16828496205,0.228370181874
279,9,0.16785130604,0.227813101358
280,9,0.19201854052,0.236861475592
281,9,0.212147483914,0.278495412042
282,9,0.208645303129,0.259138941594
283,9,0.217062248975,0.269126874735
284,9,0.190084698949,0.252962081361
285,9,0.159667638729,0.207925355053
286,9,0.182986160707,0.219791061569
287,9,0.203257400049,0.246624788736
288,9,0.173973821607,0.222000168355
289,9,0.210871235865,0.262086737783
290,9,0.20450092246,0.267787597701
291,9,0.178048579487,0.232625378253
292,9,0.157452721463,0.197128573537
293,9,0.159592789281,0.193343691596
294,9,0.180512050684,0.210772252183
295,9,0.150135970921,0.199968044359
296,9,0.135159823826,0.172757310578
297,9,0.164345425543,0.205364767219
298,9,0.156081320187,0.198280634624
299,9,0.168455460863,0.211248471996
300,9,0.175927193749,0.218509274707
301,9,0.142143944314,0.180180031301
302,9,0.143816693047,0.176226660029
303,9,0.189217771487,0.23505255688
304,9,0.165229941097,0.206743755426
305,9,0.162440811754,0.200531884246
306,9,0.172425269466,0.217250112911
307,9,0.139806681908,0.178140123882
308,9,0.15820134932,0.186415702228
309,9,0.245013130712,0.311265291584
310,9,0.231703739012,0.268096903614
311,9,0.260052418347,0.318724476551
312,9,0.333381321733,0.417910055631
313,9,0.472909875906,0.590330114976
314,9,0.281560311941,0.368791424824
315,9,0.219114445917,0.279122003159
316,9,0.245021542106,0.310868279902
317,9,0.244973509725,0.299924365422
318,9,0.199404094499,0.243845272421
319,9,0.298933367024,0.373232943732
320,9,0.188223355604,0.229743390497
321,9,0.16209561073,0.207707134696
322,9,0.147667414976,0.190728751163
323,9,0.175042504689,0.212545327365
324,9,0.156143971213,0.196904762127
325,9,0.19052265051,0.235929812205
326,9,0.177784053696,0.234964107781
327,9,0.403201986048,0.507823782385
328,9,0.246103136105,0.316194166614
329,9,0.168459700961,0.219256866789
330,9,0.17091178759,0.209713905358
331,9,0.178500895931,0.23221003983
332,9,0.292221908535,0.342478903618
333,9,0.46932355152,0.537968961445
334,9,0.600363808848,0.729014643545
335,9,0.713350276909,0.840536417503
