cycle,count,mae,rmse
5,15,0.866539644178,0.880347126373
6,15,0.505830427551,0.515273841704
7,15,0.433704344348,0.442127051226
8,15,0.475143192045,0.488083073415
9,15,0.64108239992,0.66981636035
10,15,1.26063484326,1.30745524218
11,15,1.38364701216,1.45767086915
12,15,1.02998272608,1.07627332882
13,15,0.240684011621,0.27853400896
14,15,0.954666003794,0.984394403354
15,15,0.40243731619,0.421706332613
16,15,0.501782224584,0.527204527694
17,15,0.596491930256,0.621433093378
18,15,0.641064357264,0.674157465522
19,15,0.494620021648,0.516595482018
20,15,0.412574928003,0.43998846125
21,15,0.319106659496,0.346405203278
22,15,0.601812728928,0.620078286889
23,15,0.39753063775,0.421595468579
24,15,0.473175362664,0.502382786398
25,15,0.422597960773,0.45643272891
26,15,0.528070743634,0.596165514896
27,15,0.52279210532,0.565271749404
28,15,0.582547152552,0.606374953335
29,15,0.418039752466,0.448585666132
30,15,0.156883026453,0.181010702396
31,15,0.21012070265,0.238422482852
32,15,0.421562924843,0.451981592514
33,15,0.32078011079,0.347187631707
34,15,0.289115797153,0.329611133096
35,15,0.592305114003,0.68270406145
36,15,0.647069416559,0.743135318429
37,15,1.21357422109,1.30673779221
38,15,0.497941125278,0.57399942033
39,15,0.407305572419,0.497051046708
40,15,0.392933001493,0.528897112894
41,15,1.10321191778,1.22773298522
42,15,0.161848927966,0.199379676373
43,15,0.20750888986,0.238844793121
44,15,0.166180315607,0.207533251594
45,15,0.406140052122,0.458608232608
46,15,0.260839326773,0.315705167713
47,15,0.215304513043,0.23925110978
48,15,0.299538448129,0.331470891023
49,15,0.206055524042,0.232152572658
50,15,0.164893138623,0.19538675106
51,15,0.219515108254,0.254433611216
52,15,0.182865266719,0.217577210999
53,15,0.250596029939,0.289722734246
54,15,0.177353287772,0.202819666547
55,15,0.206989125742,0.241348026315
56,15,0.178759004591,0.208271299151
57,15,0.244814262523,0.283364885427
58,15,0.43021639646,0.529929229234
59,15,0.344357986883,0.413435368183
60,15,0.213154215233,0.247684093011
61,15,0.150462592114,0.182532676076
62,15,0.207701137102,0.254209020252
63,15,0.259881354139,0.326882546764
64,15,0.276883813934,0.337163938212
65,15,0.205666837036,0.258351757779
66,15,0.302821529495,0.419678690915
67,15,0.991606046299,1.24964998766
68,15,0.140793575963,0.174790555842
69,15,0.140003745197,0.179628732702
70,15,0.315495098307,0.406899167671
71,15,0.126778271092,0.159700021483
72,15,0.188839154099,0.226184761647
73,15,0.400484491916,0.513693170252
74,15,0.186707733218,0.213229264947
75,15,0.214599228534,0.240075106446
76,15,0.147200087128,0.179121490724
77,15,0.261133340011,0.318403963589
78,15,0.161103276256,0.19314545473
79,15,0.177136783382,0.196958802734
80,15,0.159445632351,0.180172051909
81,15,0.189984637273,0.217898369041
82,15,0.221469363129,0.254609048968
83,15,0.166430339107,0.210314401195
84,15,0.108774534774,0.141745207437
85,15,0.182402800138,0.227020176329
86,15,0.114694519805,0.144021882074
87,15,0.147616921668,0.174055338752
88,15,0.278221816091,0.324007740087
89,15,0.15722021427,0.194451859639
90,15,0.232169700367,0.283875807059
91,15,0.1582619007,0.192545117906
92,15,0.147131280978,0.186530304658
93,15,0.202867754484,0.24170828253
94,15,0.12898562457,0.150756040861
95,15,0.132545966114,0.166937484372
96,15,0.304496026073,0.372797730313
97,15,0.151033970336,0.175166398559
98,15,0.124199925436,0.148654454824
99,15,0.106601100477,0.13561853386
100,15,0.0990044329618,0.126731081952
101,15,0.146593387836,0.182581837957
102,15,0.13178690994,0.153787628507
103,15,0.167482704376,0.208521208829
104,15,0.129911961326,0.156842880261
105,15,0.121480844013,0.154051143819
106,15,0.110721477637,0.145082954886
107,15,0.119399067192,0.148464739521
108,15,0.14479915749,0.196516284254
109,15,0.235847815122,0.307819851942
110,15,0.25554454609,0.342546555163
111,15,0.198354691645,0.244809842953
112,15,0.260541225921,0.323361141106
113,15,0.155103148694,0.17703345293
114,15,0.147911734323,0.20430885279
115,15,0.151837600204,0.187382280526
116,15,0.146216929465,0.19826459037
117,15,0.166847416508,0.212680614179
118,15,0.176062016145,0.235226575331
119,15,0.278888016364,0.401881498477
120,15,0.596741131903,0.769572658584
121,15,0.503934757515,0.696862940107
122,15,0.927760287105,1.25266108767
123,15,0.749486469616,0.995591264312
124,15,0.412580638587,0.52356255966
125,15,0.6373428299,0.831857966303
126,15,0.463902847726,0.611544708988
127,15,0.58519075673,0.757050757952
128,15,0.191823829739,0.230559410687
129,15,0.223524050253,0.282797579171
130,15,0.184812897868,0.211126345385
131,15,0.237213133286,0.27682139136
132,15,0.443011426818,0.537642093038
133,15,0.355298707429,0.4485043718
134,15,0.432310228325,0.578571859179
135,15,0.447515301547,0.575024450226
136,15,0.356448295616,0.457827870377
137,15,0.200774362957,0.263219665897
138,15,0.256746148663,0.318356157106
139,15,0.162787216906,0.203239062787
140,15,0.145129385838,0.160047815476
141,15,0.155233049932,0.1928352519
142,15,0.161728719783,0.209982857412
143,15,0.178732071471,0.238238228127
144,15,0.129954035015,0.156076109825
145,15,0.135779750967,0.162897192115
146,15,0.109518253519,0.13642244958
147,15,0.110161350185,0.135456394462
148,15,0.125125421871,0.150685681265
149,15,0.125108872126,0.14775229682
150,15,0.114854164849,0.135110768973
151,15,0.119707423093,0.13989527197
152,15,0.133922262233,0.171876784661
153,15,0.218349389373,0.274654412159
154,15,0.184201934881,0.251370220264
155,15,0.181460289354,0.243527031507
156,15,0.187096867603,0.22055698841
157,15,0.294262726271,0.363068328685
158,15,0.199344279881,0.234417749602
159,15,0.123935477508,0.152395908453
160,15,0.247820807719,0.28625084513
161,15,0.120441396415,0.152708171286
162,15,0.150655266373,0.176735173557
163,15,0.163840427261,0.191556931284
164,15,0.118360269148,0.148192033162
165,15,0.183099509455,0.222492580808
166,15,0.160381859713,0.197778782023
167,15,0.229027243355,0.255182740297
168,15,0.142839500972,0.176222209881
169,15,0.139467710146,0.162523384777
170,15,0.102210804494,0.130659837244
171,15,0.146103210791,0.173780760782
172,15,0.132860268903,0.183291945631
173,15,0.160793996331,0.202398512456
174,15,0.148688911326,0.179375240113
175,15,0.149296461238,0.172548885668
176,15,0.124227361775,0.1431284829
177,15,0.124300949841,0.143840069206
178,15,0.139923810235,0.154768754448
179,15,0.154396786574,0.167689228693
180,15,0.16354662265,0.176906396991
181,15,0.142958240655,0.159712958478
182,15,0.141039894151,0.164012718527
183,15,0.164685906921,0.179722619331
184,15,0.127461198581,0.145647421509
185,15,0.129900524827,0.14875080471
186,15,0.124518179973,0.143738293508
187,15,0.141157980997,0.164205766596
188,15,0.154023387291,0.177696984406
189,15,0.152353742836,0.168149600126
190,15,0.161665192464,0.182115090354
191,15,0.210812461663,0.235061856712
192,15,0.173276058683,0.191873363146
193,15,0.171961020582,0.190411747453
194,15,0.126945722749,0.146852371556
195,15,0.133244498814,0.14715074358
196,15,0.225587058053,0.258424139451
197,15,0.247438671852,0.289215980361
198,15,0.178233196387,0.252497181686
199,15,0.203740982816,0.232427178958
200,15,0.196875114176,0.253998610981
201,15,0.312969664779,0.37604692091
202,15,0.338098184636,0.432795340497
203,15,0.443409733134,0.595518713332
204,15,0.338160616176,0.463643954653
205,15,0.370725698829,0.48365951216
206,15,0.447250940371,0.564854048917
207,15,0.346197168075,0.406292898753
208,15,0.527074929538,0.670931878387
209,15,0.383247502464,0.492850139267
210,15,0.458651518002,0.60886201385
211,15,0.608889673042,0.895264135355
212,15,0.496883038837,0.615393437505
213,15,0.588156337418,0.751479099862
214,15,0.739967171552,1.0216890599
215,15,0.529469572648,0.735897367212
216,15,0.635190127562,0.829989296526
217,15,0.417720686335,0.494449004448
218,15,0.258697912241,0.322799284007
219,15,0.243073435149,0.315656192602
220,15,0.223729665968,0.287708312739
221,15,0.274126298354,0.373329982142
222,15,0.157295526255,0.218489462781
223,15,0.193505394294,0.225672014784
224,15,0.199809610256,0.244133260209
225,15,0.160970698792,0.195680062488
226,15,0.193029029105,0.239722494477
227,15,0.208891481168,0.259942003223
228,15,0.402452459096,0.529445615101
229,15,0.597949562149,0.721060677211
230,15,0.496725871769,0.669467301473
231,15,0.30041314361,0.384590358851
232,15,0.515097161282,0.680793190721
233,15,0.622346717956,0.814322616002
234,15,0.306675883219,0.400789696521
235,15,0.36080647343,0.460167091
236,15,0.303017393017,0.377063987784
237,15,0.252253889159,0.324893257385
238,15,0.374075797495,0.468538064761
239,15,0.190799511915,0.282424211422
240,15,0.268617229455,0.345188881715
241,15,0.261113468881,0.314561725911
242,15,0.270153369621,0.336927037225
243,15,0.407911966771,0.525161157712
244,15,0.335062826254,0.414324627229
245,15,0.571314372964,0.741875337374
246,15,0.396902977281,0.479053290678
247,15,0.248832172923,0.341903813242
248,15,0.495977185872,0.643757083379
249,15,0.255653448517,0.321921152125
250,15,0.204117483817,0.284510340296
251,15,0.171119653847,0.241594592196
252,15,0.189009138811,0.242123117724
253,15,0.221312688065,0.2948282983
254,15,0.210950619643,0.265504469348
255,15,0.103585677328,0.128992620547
256,15,0.116877025008,0.144815487316
257,15,0.21807927918,0.267350245059
258,15,0.109318653809,0.138440197944
259,15,0.0985824412823,0.13225146754
260,15,0.150111105843,0.201429507546
261,15,0.303896780426,0.374317955406
262,15,0.184026706915,0.225897010535
263,15,0.210862118481,0.270365119073
264,15,0.250610057947,0.349652145401
265,15,0.319277726271,0.390289782272
266,15,0.299060174717,0.384759422189
267,15,0.235803631284,0.298324266722
268,15,0.182285890508,0.244842937633
269,15,0.229073661574,0.299309786959
270,15,0.192325908031,0.243690605164
271,15,0.115093531481,0.147674021365
272,15,0.147133215543,0.172649551324
273,15,0.13235825603,0.167879663752
274,15,0.162148468082,0.205168542064
275,15,0.262238642702,0.310849752194
276,15,0.2868817871,0.353660789013
277,15,0.161462916828,0.203622488789
278,15,0.185981764633,0.208776953166
279,15,0.180453834156,0.227527341158
280,15,0.206541213892,0.238607985904
281,15,0.218660418387,0.25803097413
282,15,0.189962757463,0.228974771688
283,15,0.262775666447,0.309534071587
284,15,0.18025581426,0.211378883003
285,15,0.115854846674,0.140682391239
286,15,0.127310105925,0.162417519882
287,15,0.174032050782,0.198019457481
288,15,0.149349078998,0.18562551518
289,15,0.189270441463,0.233942949679
290,15,0.198397554494,0.248480779185
291,15,0.251968967822,0.304867645485
292,15,0.143143170448,0.181408552254
293,15,0.118761186238,0.139218701846
294,15,0.11802626731,0.152324704851
295,15,0.179543911021,0.226418597505
296,15,0.136861092637,0.164400583101
297,15,0.138157879376,0.158105496842
298,15,0.119535089296,0.147954937891
299,15,0.127341239356,0.152519216994
300,15,0.125417605656,0.149247801875
301,15,0.171172788762,0.193718623738
302,15,0.118164902463,0.144256448656
303,15,0.15865098865,0.183187688779
304,15,0.134812139264,0.164555037946
305,15,0.0890244498098,0.11199720285
306,15,0.094401643646,0.114530974259
307,15,0.10607759098,0.127829213364
308,15,0.108568087838,0.133802186664
309,15,0.208809841382,0.276638345096
310,15,0.216809392407,0.249092853194
311,15,0.173793230588,0.220157629323
312,15,0.337510428688,0.420729057966
313,15,0.362372135185,0.506325342753
314,15,0.237203538944,0.301450757925
315,15,0.18264501781,0.228699689548
316,15,0.210794813488,0.278625981204
317,15,0.234538811033,0.305762644233
318,15,0.145357560996,0.190106465943
319,15,0.187931935917,0.25088543168
320,15,0.143884960663,0.188456778087
321,15,0.15786315837,0.185687270024
322,15,0.184921714329,0.229496568908
323,15,0.150858244169,0.192922307518
324,15,0.122778470282,0.157190884179
325,15,0.146437037554,0.187986959433
326,15,0.205221425267,0.26190245767
327,15,0.336107624898,0.413330528939
328,15,0.225706733963,0.287141758879
329,15,0.151780310256,0.196342605546
330,15,0.189770488615,0.241432904422
331,15,0.152250008783,0.187855309096
332,15,0.280179470153,0.357424461123
333,15,0.302766524533,0.400790528498
334,15,0.2334883745,0.308604799826
335,15,0.328689778064,0.39746885918
