cycle,count,mae,rmse
5,20,0.144836635891,0.194370749044
6,20,0.0891648708053,0.117607936975
7,20,0.105875333382,0.147717704993
8,20,0.109594382735,0.14767668182
9,20,0.166347470931,0.237576641481
10,20,0.172599237989,0.230698895119
11,20,0.228648995357,0.324745214269
12,20,0.179478323087,0.258539995277
13,20,0.134124074552,0.176165122049
14,20,0.143305182529,0.184972203615
15,20,0.104987465333,0.140709495998
16,20,0.105065207678,0.145015443245
17,20,0.13984810993,0.194701331011
18,20,0.114878975727,0.148977031659
19,20,0.0689601734811,0.0879039661937
20,20,0.103861714781,0.146871192374
21,20,0.109463037976,0.168248612892
22,20,0.150236887507,0.196321173025
23,20,0.107740294839,0.161546344608
24,20,0.0986951679137,0.14759262654
25,20,0.133212045931,0.180413887173
26,20,0.213198905252,0.284786168965
27,20,0.118282733035,0.165719668733
28,20,0.134452146667,0.168527496262
29,20,0.101020200913,0.142249991978
30,20,0.098273360476,0.143275166003
31,20,0.0952457318371,0.123848135076
32,20,0.108281046145,0.131439779457
33,20,0.126863046477,0.172214690516
34,20,0.1835636621,0.24694581949
35,20,0.206689058224,0.312429029048
36,20,0.241607922844,0.32650709296
37,20,0.193509817401,0.262120338996
38,20,0.206956488998,0.321743602889
39,20,0.2414152594,0.374067753381
40,20,0.326249080192,0.400609151333
41,20,0.33580929869,0.414977408661
42,20,0.108703773993,0.136369000075
43,20,0.142423790489,0.18662647744
44,20,0.148448908667,0.189212700234
45,20,0.173237849474,0.202448725341
46,20,0.151182463054,0.204856187405
47,20,0.104715262978,0.136534937644
48,20,0.0970134121096,0.141485781793
49,20,0.137764561032,0.181150530654
50,20,0.111579177694,0.134098920729
51,20,0.126065012161,0.155047422221
52,20,0.0878414235259,0.108869198703
53,20,0.16716757932,0.206291086093
54,20,0.0924297250963,0.120489353661
55,20,0.0899212039493,0.115278808364
56,20,0.122122781174,0.150407904842
57,20,0.13885632727,0.196791891134
58,20,0.178982502064,0.239312413209
59,20,0.151749482865,0.215506064505
60,20,0.1170744794,0.152409761801
61,20,0.093053935945,0.113679584334
62,20,0.11932241732,0.148132768604
63,20,0.150871928553,0.188484779061
64,20,0.240378431294,0.298651846892
65,20,0.174720880241,0.23399002922
66,20,0.293438217241,0.411730932689
67,20,0.515913527659,0.652235787641
68,20,0.137226217306,0.169992576909
69,20,0.131355589864,0.174544424678
70,20,0.244105810443,0.321124889119
71,20,0.13714820635,0.175254557144
72,20,0.12363963281,0.158794758193
73,20,0.281464695169,0.393602686511
74,20,0.0995153590287,0.126070970296
75,20,0.0923994453517,0.120259575125
76,20,0.119818161593,0.145110806351
77,20,0.136655410482,0.190032952023
78,20,0.120143070812,0.147488182314
79,20,0.090775563643,0.113067337815
80,20,0.0863133738637,0.10681356296
81,20,0.0950648148594,0.127660262049
82,20,0.119474400772,0.147753811671
83,20,0.120330802133,0.150034343597
84,20,0.108384940411,0.142976732355
85,20,0.0836807479792,0.114228518149
86,20,0.0889022865799,0.121147527476
87,20,0.118827063945,0.158089689955
88,20,0.20738971961,0.282036407397
89,20,0.132952370998,0.166452284352
90,20,0.250575241212,0.329905195522
91,20,0.126797647964,0.185329895185
92,20,0.157599294051,0.209808506623
93,20,0.216416676078,0.250439929266
94,20,0.0958827445325,0.122403980262
95,20,0.158672469866,0.213435101032
96,20,0.27761819756,0.32894868553
97,20,0.0983110882585,0.126376231922
98,20,0.0968100206427,0.125161252185
99,20,0.0926300519599,0.114355764915
100,20,0.10204680192,0.133638241117
101,20,0.109093573822,0.131092381158
102,20,0.146343188415,0.17654524608
103,20,0.169740614653,0.211147646883
104,20,0.108818590317,0.143896507577
105,20,0.100235316389,0.128908519171
106,20,0.0946666011581,0.120065551594
107,20,0.11000431113,0.138618558595
108,20,0.140309136907,0.17435265729
109,20,0.314045222581,0.388222651313
110,20,0.218379092793,0.306378556217
111,20,0.213155964636,0.260137247891
112,20,0.161451716347,0.203505483475
113,20,0.157788840146,0.215869415442
114,20,0.160703761813,0.236389176429
115,20,0.165108043456,0.221985541447
116,20,0.149581866312,0.192625168237
117,20,0.150074524065,0.188139114295
118,20,0.157140238911,0.204445561136
119,20,0.253806481476,0.311547063384
120,20,0.455498976887,0.612137591904
121,20,0.495386712709,0.602884501269
122,20,0.456580628016,0.633488398014
123,20,0.49053713965,0.549873632251
124,20,0.383087799738,0.468753638699
125,20,0.418634620263,0.512748964047
126,20,0.351337173586,0.437763377974
127,20,0.353949352597,0.438508519789
128,20,0.151533428936,0.183510744041
129,20,0.155558162031,0.216620776257
130,20,0.11131092706,0.142388887396
131,20,0.149949761582,0.197209351021
132,20,0.309058559089,0.378376077421
133,20,0.398394394084,0.499811397121
134,20,0.426336968048,0.523697517489
135,20,0.475794789534,0.54012113214
136,20,0.422547951236,0.517802063629
137,20,0.2628907256,0.331632077221
138,20,0.203872586745,0.280965112929
139,20,0.151124631373,0.188857019541
140,20,0.0734533197275,0.095213931538
141,20,0.11713684163,0.150072287607
142,20,0.11963537538,0.143606133935
143,20,0.16308820794,0.224322444829
144,20,0.0872206146042,0.115910067602
145,20,0.0957184533557,0.119015533253
146,20,0.070152811846,0.0869033790812
147,20,0.079727980217,0.106103291374
148,20,0.0706051338882,0.094017001955
149,20,0.0709372115857,0.0945163980212
150,20,0.0794324055383,0.0995038852624
151,20,0.0798599512476,0.108605080002
152,20,0.0943490307589,0.12831273122
153,20,0.157064130549,0.19278617242
154,20,0.158242598362,0.238067043766
155,20,0.175052179513,0.231943051484
156,20,0.0886314759776,0.109201291297
157,20,0.202029206749,0.242421809591
158,20,0.145096212915,0.194205053194
159,20,0.0856640056732,0.11266920685
160,20,0.12461436212,0.156579914855
161,20,0.111439648194,0.147995030202
162,20,0.126965182745,0.149030990844
163,20,0.0970438693001,0.126790773431
164,20,0.100272102163,0.11696719095
165,20,0.115038470076,0.140964970664
166,20,0.112028417027,0.14819427346
167,20,0.136982735188,0.169986318753
168,20,0.124289159286,0.161373887827
169,20,0.126652722525,0.153655244901
170,20,0.101917077977,0.127787830385
171,20,0.0989475743368,0.127872245755
172,20,0.117234376309,0.154149250655
173,20,0.130416021357,0.161636028597
174,20,0.119562440124,0.153469767201
175,20,0.118384377851,0.150874422669
176,20,0.108299275531,0.136587290516
177,20,0.0901935546164,0.115591524938
178,20,0.0977488511093,0.116573808976
179,20,0.0772333357654,0.100494109005
180,20,0.087001185394,0.109504335975
181,20,0.077441628948,0.0998442013
182,20,0.0867944326049,0.112481296268
183,20,0.0845635278155,0.101791076983
184,20,0.0933896064244,0.11841600804
185,20,0.0832742632692,0.101119808514
186,20,0.084743963617,0.110970284291
187,20,0.104109836412,0.133400237324
188,20,0.102971296932,0.14053203014
189,20,0.103259814532,0.144144448982
190,20,0.119520200607,0.173058937295
191,20,0.136666254324,0.198936816135
192,20,0.123398649575,0.162859464798
193,20,0.102037309138,0.128379666863
194,20,0.112331821916,0.150189824967
195,20,0.0831159882845,0.109777396511
196,20,0.123166622659,0.179210551673
197,20,0.216113149462,0.310759164624
198,20,0.161694524656,0.27124928939
199,20,0.149175973661,0.209457345779
200,20,0.243961766574,0.312005383647
201,20,0.401477102308,0.485089261951
202,20,0.548487025998,0.645602363629
203,20,0.534622052958,0.728588193886
204,20,0.401282755472,0.474094461376
205,20,0.501402312937,0.597537661933
206,20,0.476489387656,0.62038781131
207,20,0.41553441323,0.53768813408
208,20,0.49016775021,0.608600487392
209,20,0.464839964818,0.576909266962
210,20,0.403730490602,0.542967258635
211,20,0.676833324232,0.859516762106
212,20,0.405688785883,0.502170140176
213,20,0.48210892686,0.57638561981
214,20,0.580666725061,0.907698787424
215,20,0.501552382551,0.648628103988
216,20,0.457272692919,0.591042095433
217,20,0.353061075156,0.426711246147
218,20,0.2445642786,0.324905524342
219,20,0.203545784901,0.282331250878
220,20,0.1763468729,0.243160627222
221,20,0.239599393022,0.338462535228
222,20,0.191974432291,0.245238453709
223,20,0.132750318747,0.164347408878
224,20,0.168970204093,0.223714871823
225,20,0.138055035598,0.169814508542
226,20,0.150642331262,0.177720915022
227,20,0.153189965986,0.190182601438
228,20,0.270730276895,0.33290241018
229,20,0.454667341745,0.552413008201
230,20,0.579094128102,0.66685116264
231,20,0.48994241577,0.587619333737
232,20,0.750486245924,0.953579739618
233,20,0.682201660883,0.854534651988
234,20,0.599673651154,0.741527178618
235,20,0.430633940798,0.545681903296
236,20,0.404216606198,0.483945573174
237,20,0.327928252667,0.420145418546
238,20,0.360001264381,0.524684146742
239,20,0.39751576699,0.527427518456
240,20,0.23605202224,0.298389408713
241,20,0.268380885544,0.327079809599
242,20,0.446753613303,0.567213501914
243,20,0.452594041725,0.569296053578
244,20,0.540160343813,0.705203805484
245,20,0.693012775624,0.830643761348
246,20,0.476570984765,0.594662350846
247,20,0.414247381853,0.531272052589
248,20,0.366272348439,0.443896737827
249,20,0.289787717769,0.359775311541
250,20,0.278294315355,0.354810063527
251,20,0.272970775257,0.348124193437
252,20,0.202869417458,0.259167911076
253,20,0.349830052971,0.395618943342
254,20,0.171297293857,0.209946749183
255,20,0.131642150613,0.154545243149
256,20,0.119264897837,0.151066446008
257,20,0.170992520298,0.214281038565
258,20,0.110507937655,0.149024661768
259,20,0.111762342905,0.135840762162
260,20,0.144642183684,0.174439216763
261,20,0.164396887726,0.207686771843
262,20,0.184553514436,0.245550975614
263,20,0.216054430516,0.263663041775
264,20,0.279427157569,0.372316854824
265,20,0.35589868953,0.453343076586
266,20,0.277304695408,0.338135046744
267,20,0.30219882771,0.364264041953
268,20,0.25176282303,0.309909580763
269,20,0.237445894627,0.295956868767
270,20,0.213768354638,0.261670383654
271,20,0.17152861746,0.22009084782
272,20,0.145023269729,0.184854152618
273,20,0.129143852507,0.158842760453
274,20,0.166570743314,0.212141818153
275,20,0.169852161213,0.215513031861
276,20,0.339800068139,0.409397113068
277,20,0.166484512417,0.214285921292
278,20,0.135527371607,0.181290643034
279,20,0.146779359856,0.194616160721
280,20,0.162297659068,0.210916803749
281,20,0.172881356752,0.230890767377
282,20,0.192257941136,0.229309487743
283,20,0.148255068388,0.200233914314
284,20,0.18654931243,0.230800236178
285,20,0.143353413,0.177227431884
286,20,0.153746066392,0.194081660179
287,20,0.164021727524,0.208976468498
288,20,0.156134292832,0.202085820179
289,20,0.175790394105,0.215409741978
290,20,0.163247377443,0.215075390861
291,20,0.162234010027,0.190234477203
292,20,0.144593378322,0.178969495242
293,20,0.173200637153,0.210322188229
294,20,0.152183253597,0.188581299584
295,20,0.170661227973,0.212893376156
296,20,0.129794715542,0.160700320178
297,20,0.136153561541,0.167065042695
298,20,0.166484149759,0.201989113318
299,20,0.10692619773,0.136878843095
300,20,0.133649396596,0.170908988725
301,20,0.13123493,0.161937797991
302,20,0.150950558973,0.173324743537
303,20,0.141162054681,0.162658289173
304,20,0.10831687618,0.136041554261
305,20,0.118937482085,0.151771933685
306,20,0.0994695093865,0.118465942528
307,20,0.106047909988,0.131786835952
308,20,0.129964415086,0.155462429361
309,20,0.183931015983,0.252592670086
310,20,0.153732501403,0.197961314179
311,20,0.21415597525,0.256461269984
312,20,0.328655312278,0.423162629565
313,20,0.461474718841,0.601417089401
314,20,0.238900484609,0.292315784538
315,20,0.169927973036,0.227809323362
316,20,0.248442703732,0.325074979442
317,20,0.229847731273,0.297776057987
318,20,0.165451498054,0.212626299552
319,20,0.200878856752,0.268031598472
320,20,0.147238762493,0.197285456524
321,20,0.135812709073,0.174738947474
322,20,0.106700159485,0.124530236064
323,20,0.14801244669,0.175490362559
324,20,0.12930834738,0.162490814977
325,20,0.130947074326,0.168272588206
326,20,0.154417090017,0.193917833015
327,20,0.344157326571,0.414724895092
328,20,0.190447253563,0.267568791642
329,20,0.136633376122,0.172803982839
330,20,0.144636639559,0.1761189638
331,20,0.136886396792,0.171888145483
332,20,0.263618634629,0.327835078579
333,20,0.386758795909,0.428972186521
334,20,0.399608505967,0.482740907801
335,20,0.55986724219,0.659707277317
