cycle,count,mae,rmse
5,4,0.186843943386,0.228997671968
6,4,0.145126609299,0.183874744715
7,4,0.160405339449,0.207242058092
8,4,0.114922812713,0.143879790843
9,4,0.256903243005,0.318812117224
10,4,0.280141187153,0.336470859066
11,4,0.290617158977,0.358641966028
12,4,0.394730133232,0.490245761897
13,4,0.176941743227,0.222562695966
14,4,0.185540830208,0.239285085539
15,4,0.136680680832,0.163975402065
16,4,0.1809155855,0.242245139313
17,4,0.201368655257,0.269761883916
18,4,0.172645311395,0.220289789356
19,4,0.152580274639,0.197717007555
20,4,0.254427695453,0.313651399606
21,4,0.160423664628,0.220587356422
22,4,0.186511645707,0.231251583085
23,4,0.166719413476,0.22737276258
24,4,0.156111740583,0.195714943587
25,4,0.213394947898,0.250097717726
26,4,0.283716454461,0.395590826794
27,4,0.169021834926,0.230722904841
28,4,0.167539372571,0.217258088584
29,4,0.212904242132,0.260656908802
30,4,0.116710335397,0.162894648162
31,4,0.161913222539,0.212625681592
32,4,0.142128191676,0.189886957026
33,4,0.165932561767,0.222995447626
34,4,0.225455930527,0.336822056399
35,4,0.299035142949,0.433575992242
36,4,0.311385222175,0.462123202536
37,4,0.322458696283,0.476598270569
38,4,0.250663664964,0.344886978374
39,4,0.272931332487,0.381278311436
40,4,0.362581936716,0.437996755898
41,4,0.390347090257,0.457855223162
42,4,0.180587950172,0.220131763689
43,4,0.216956657554,0.256921944979
44,4,0.20685403919,0.256612150795
45,4,0.218014716444,0.283125869282
46,4,0.23001266006,0.288967664902
47,4,0.153607804282,0.187999314567
48,4,0.147199722442,0.19012579137
49,4,0.147008317338,0.20089400289
50,4,0.145308224033,0.183276767483
51,4,0.147959833995,0.195481122015
52,4,0.163321296064,0.196177809586
53,4,0.269131110731,0.307133003571
54,4,0.145465204,0.177191915295
55,4,0.125503352834,0.16758982833
56,4,0.159657616343,0.197174638792
57,4,0.171118366807,0.206674599321
58,4,0.256221413572,0.322916738379
59,4,0.260051869238,0.368902051058
60,4,0.191413891822,0.254697064184
61,4,0.123480826341,0.155376435045
62,4,0.151080658496,0.18081164769
63,4,0.250934157078,0.305487859283
64,4,0.336129859972,0.424711968417
65,4,0.234885543853,0.308685566394
66,4,0.590234133604,0.682227009132
67,4,0.646975516244,0.774568274908
68,4,0.138635410394,0.172061052468
69,4,0.183316751352,0.222266634471
70,4,0.273329251658,0.363645410948
71,4,0.160138511572,0.196829384845
72,4,0.151622045067,0.188443117346
73,4,0.345754458323,0.489118493456
74,4,0.125325304688,0.157407969537
75,4,0.129894600275,0.172408567326
76,4,0.138080090108,0.172050007229
77,4,0.157364548826,0.220267643814
78,4,0.138153425177,0.18188111036
79,4,0.190534351347,0.218952049264
80,4,0.117431018122,0.146265781328
81,4,0.139195283746,0.18317299646
82,4,0.131593530837,0.164629085416
83,4,0.201740255261,0.252131939865
84,4,0.126181178414,0.15610817836
85,4,0.119452803652,0.15511599306
86,4,0.123589306787,0.159046323117
87,4,0.227019916515,0.284616104975
88,4,0.287930658524,0.341176510488
89,4,0.267483181575,0.323220429632
90,4,0.329462395372,0.413274567236
91,4,0.157861822129,0.236512962747
92,4,0.195220646157,0.262906106831
93,4,0.236569854446,0.329676226297
94,4,0.181517119848,0.222833939363
95,4,0.198877867497,0.256187677491
96,4,0.380816824241,0.489995173517
97,4,0.122809771442,0.173594972877
98,4,0.123919038084,0.155669831135
99,4,0.135316948341,0.169299835361
100,4,0.141857659709,0.185392275965
101,4,0.155485500831,0.184680183271
102,4,0.208361600969,0.244852556517
103,4,0.328807222546,0.397351115817
104,4,0.151046742168,0.200156493657
105,4,0.131519565584,0.157261246626
106,4,0.131991469047,0.165955098965
107,4,0.131111289717,0.166527072451
108,4,0.236064543312,0.274264748303
109,4,0.254472392003,0.316204582969
110,4,0.287666160022,0.355519848376
111,4,0.235937702474,0.282206065245
112,4,0.265799858605,0.329316578411
113,4,0.241578265176,0.310259198459
114,4,0.221303139786,0.295698078787
115,4,0.297674474614,0.336722833949
116,4,0.135588222729,0.174597322635
117,4,0.167278285418,0.207372873316
118,4,0.218179870819,0.288446565908
119,4,0.258372231126,0.325444108281
120,4,0.603396397922,0.792058996425
121,4,0.508929293683,0.628271411346
122,4,0.565250855793,0.753890439964
123,4,0.492378939626,0.57600292716
124,4,0.431198435689,0.521206533731
125,4,0.706241630772,0.844330924866
126,4,0.420929542014,0.568919179616
127,4,0.503517643306,0.691379343854
128,4,0.210184830711,0.276782711641
129,4,0.212320713502,0.310856023237
130,4,0.12260086153,0.16755430346
131,4,0.256950291244,0.320276019904
132,4,0.439947871585,0.508059401519
133,4,0.701503891842,0.881302673789
134,4,0.797368562051,0.924009998152
135,4,0.642122816797,0.733438192041
136,4,0.378686360339,0.465704206105
137,4,0.329541043005,0.464545197893
138,4,0.326899755325,0.406723622047
139,4,0.205463468709,0.264805210806
140,4,0.110098994268,0.144314600486
141,4,0.192961609779,0.232430069041
142,4,0.173627516139,0.220689412763
143,4,0.248533956885,0.307532163074
144,4,0.133759238257,0.182283043123
145,4,0.129170166952,0.167830773635
146,4,0.150918438899,0.180917698217
147,4,0.108501401472,0.138175870548
148,4,0.117486657773,0.151111277245
149,4,0.108918971124,0.14278831632
150,4,0.0939600778,0.133470379939
151,4,0.172229802485,0.20893865744
152,4,0.167660031323,0.22371426271
153,4,0.186056150735,0.240036119223
154,4,0.205913824129,0.284479616819
155,4,0.240876970258,0.325891214594
156,4,0.155595337409,0.192521909481
157,4,0.279959176849,0.336700726133
158,4,0.234604569616,0.313247661535
159,4,0.114656679974,0.143237754519
160,4,0.175008843823,0.228173645352
161,4,0.138125285034,0.17755343883
162,4,0.244415355386,0.287622396987
163,4,0.0994912969903,0.12435073364
164,4,0.111592155714,0.14332375074
165,4,0.168454880594,0.210407819481
166,4,0.130390161651,0.180035010841
167,4,0.115827176123,0.147506381253
168,4,0.142607814479,0.179188947244
169,4,0.119678760111,0.146326436924
170,4,0.103554637445,0.13388575057
171,4,0.112794795661,0.140509083118
172,4,0.121122869133,0.161882534565
173,4,0.125515006654,0.161240874106
174,4,0.130411262976,0.16740024842
175,4,0.10537443958,0.126950435611
176,4,0.0988483019249,0.123232595118
177,4,0.110713472993,0.1387646264
178,4,0.107087484824,0.135549586171
179,4,0.160280589701,0.193604381124
180,4,0.176222621103,0.199991076737
181,4,0.108985506564,0.13926265051
182,4,0.160105741965,0.194549242416
183,4,0.121386308331,0.158742439416
184,4,0.111169323362,0.149930108506
185,4,0.106147585205,0.132166309164
186,4,0.132081490943,0.171402960805
187,4,0.124733093189,0.174303864294
188,4,0.14712714294,0.187202282379
189,4,0.132174932635,0.1922244695
190,4,0.168714773447,0.222257004971
191,4,0.34603681576,0.391191523254
192,4,0.153534967517,0.215520507932
193,4,0.46808915178,0.496644494126
194,4,0.148355016682,0.204555263776
195,4,0.154971923592,0.206695219048
196,4,0.170543409178,0.262998140568
197,4,0.39196407494,0.52523341268
198,4,0.344335617262,0.399452123437
199,4,0.202721386861,0.281556757793
200,4,0.286393189232,0.366835028654
201,4,0.443314293206,0.55326808082
202,4,0.619349847753,0.797184126007
203,4,0.795772461772,0.916906424541
204,4,0.506798010208,0.682510642183
205,4,0.620514217063,0.740624621139
206,4,0.797796805832,0.934317347685
207,4,0.585881554404,0.754494328665
208,4,0.765960467806,0.940983358761
209,4,0.75442145312,0.910979666689
210,4,0.681364298841,0.808957271711
211,4,1.01651148262,1.31019081714
212,4,0.487390124706,0.604688260527
213,4,0.552109912764,0.690640704975
214,4,0.609239979335,0.925749825013
215,4,0.567659793118,0.847029332348
216,4,0.486517254076,0.612955251299
217,4,0.499812141019,0.62765826855
218,4,0.364969356175,0.46574233591
219,4,0.324299152616,0.415301971389
220,4,0.247630399567,0.318608629565
221,4,0.225692706049,0.31288439104
222,4,0.247459813358,0.311802094443
223,4,0.157462332386,0.196089885343
224,4,0.127142440152,0.178298601451
225,4,0.127267696766,0.159849042617
226,4,0.201657615469,0.251085160589
227,4,0.185109618127,0.22645211449
228,4,0.298838035764,0.394638794474
229,4,0.590548175141,0.802904625501
230,4,0.647126764085,0.746433628351
231,4,0.629883917053,0.744428999356
232,4,0.835815219705,1.03262673749
233,4,0.853977416756,1.02334667418
234,4,1.18223188239,1.44425229821
235,4,0.731529175609,0.868323446662
236,4,0.600390431189,0.738784746503
237,4,0.624425962813,0.728688441043
238,4,0.630053073923,0.722250007899
239,4,0.549155859796,0.636758291929
240,4,0.376780673397,0.448066922975
241,4,0.402767637814,0.498770369427
242,4,0.710164265584,0.828131796525
243,4,0.760621601646,0.90030069109
244,4,0.952520905837,1.11511449346
245,4,1.00329259482,1.32324454183
246,4,0.785621017784,0.922015911762
247,4,0.702633341523,0.827802294082
248,4,0.635547709497,0.786061304752
249,4,0.534173846233,0.601191250893
250,4,0.448523185394,0.52359165067
251,4,0.549268351641,0.677401071304
252,4,0.317468870579,0.384392996239
253,4,0.363834835942,0.41954520362
254,4,0.276816637554,0.314193385203
255,4,0.131252743513,0.168535009555
256,4,0.253391606854,0.294810532633
257,4,0.249090513509,0.302557776028
258,4,0.199668903529,0.255947486705
259,4,0.192612499534,0.230125183358
260,4,0.168211079778,0.204675086798
261,4,0.170497562589,0.225459084159
262,4,0.218632217726,0.291827439208
263,4,0.169498076654,0.214461825498
264,4,0.351285328206,0.441958855639
265,4,0.318391320926,0.41796385435
266,4,0.320758311347,0.387914310971
267,4,0.274955424332,0.366397502004
268,4,0.251454995479,0.312655478326
269,4,0.25270487888,0.324345946884
270,4,0.271994067607,0.335325977271
271,4,0.189469407629,0.233292243116
272,4,0.184803898528,0.230706096614
273,4,0.151263924895,0.190128192895
274,4,0.168762742304,0.217652495544
275,4,0.177392933732,0.229419875915
276,4,0.34437941917,0.416955330441
277,4,0.183324401691,0.23144622741
278,4,0.150596021462,0.189053482983
279,4,0.173332790818,0.212904613628
280,4,0.185877795148,0.235478292532
281,4,0.211277458497,0.265766825913
282,4,0.205294281482,0.241077271521
283,4,0.17802561024,0.225429259532
284,4,0.219570769761,0.254071634745
285,4,0.156212501559,0.197929558703
286,4,0.144391520565,0.183887207293
287,4,0.191284068915,0.236797623632
288,4,0.185129110162,0.222753866004
289,4,0.20155111802,0.257520789745
290,4,0.217538090714,0.269697328766
291,4,0.178016315008,0.211643027808
292,4,0.194457027709,0.228684512092
293,4,0.140228532895,0.172676303065
294,4,0.145547863463,0.189448364013
295,4,0.17052576636,0.230449626569
296,4,0.139986022179,0.166122562976
297,4,0.159875559861,0.186381545542
298,4,0.289371005002,0.341749709202
299,4,0.141472942893,0.186446391972
300,4,0.151539801045,0.184592788014
301,4,0.177825216412,0.210817257563
302,4,0.130970926471,0.166445641771
303,4,0.15123566296,0.188070025479
304,4,0.136673170377,0.173747010833
305,4,0.143065223892,0.175357772859
306,4,0.12088888891,0.149671849741
307,4,0.130747540734,0.165427792002
308,4,0.189932914626,0.235128880718
309,4,0.298132874307,0.366012433712
310,4,0.191339293436,0.239039272608
311,4,0.273804866093,0.345184616657
312,4,0.265285439991,0.338113680264
313,4,0.416982752787,0.547044428181
314,4,0.263997268705,0.310651317103
315,4,0.209507699773,0.263684472477
316,4,0.239117960107,0.314873344254
317,4,0.224133184041,0.285544377742
318,4,0.263409265765,0.317171703996
319,4,0.241666222147,0.304544991805
320,4,0.160836270397,0.203179073707
321,4,0.135346585084,0.180818302992
322,4,0.135228286448,0.176495631899
323,4,0.193305720218,0.235977114688
324,4,0.167976240751,0.207744934109
325,4,0.17340348143,0.219628560799
326,4,0.223259416487,0.27546158506
327,4,0.428390040116,0.516294967709
328,4,0.387196606624,0.482674474376
329,4,0.193711974533,0.259457204151
330,4,0.193498328888,0.234652609715
331,4,0.164919010945,0.208001632388
332,4,0.389759916579,0.46743615039
333,4,0.474213120811,0.540205752911
334,4,0.652030585975,0.765678649391
335,4,0.886539957308,1.07084332746
