cycle,count,mae,rmse
5,9,0.146837300585,0.185323148906
6,9,0.123231911219,0.162061012404
7,9,0.136795949726,0.176401618033
8,9,0.132054003453,0.170604677389
9,9,0.211379374343,0.261467665049
10,9,0.19834919823,0.269422491163
11,9,0.295207251597,0.381566257049
12,9,0.250849788112,0.316201484553
13,9,0.158884952264,0.20923754485
14,9,0.213355465537,0.249839416054
15,9,0.193008634739,0.230723012271
16,9,0.183909390486,0.212461655816
17,9,0.257693434703,0.303688807726
18,9,0.22673423722,0.270554205809
19,9,0.145963585443,0.187477279149
20,9,0.156960915259,0.190983732526
21,9,0.141711697712,0.194478192685
22,9,0.290891603819,0.34139775412
23,9,0.187275266701,0.21576985917
24,9,0.137653373232,0.176534664114
25,9,0.174746004164,0.213205893273
26,9,0.247098367529,0.347953841281
27,9,0.260784021988,0.31805943985
28,9,0.160860065402,0.198256507009
29,9,0.173552560818,0.217461087124
30,9,0.160874090836,0.19483464853
31,9,0.115340977579,0.142527790326
32,9,0.12916910688,0.168080199795
33,9,0.141942257563,0.198998451298
34,9,0.213083334065,0.251998561007
35,9,0.373596065817,0.426747333647
36,9,0.359707064546,0.446944221409
37,9,0.264174040922,0.411018004722
38,9,0.246394988403,0.323268008095
39,9,0.344282729476,0.405411067853
40,9,0.326522789307,0.399431326203
41,9,0.417446501189,0.469606131608
42,9,0.165008611793,0.19866505311
43,9,0.177391498694,0.214621834811
44,9,0.212690980426,0.275116070776
45,9,0.201686167847,0.260428466127
46,9,0.181130382406,0.2321604571
47,9,0.138199975643,0.177797529101
48,9,0.127171643994,0.165582956962
49,9,0.135262593905,0.16232839852
50,9,0.131216947478,0.166304054539
51,9,0.137938391432,0.169193544263
52,9,0.145069371332,0.180946623564
53,9,0.179159739735,0.233964108315
54,9,0.109257883431,0.141199675607
55,9,0.11181881882,0.150720056996
56,9,0.156284018367,0.199329262184
57,9,0.149821936697,0.203266930436
58,9,0.200039583422,0.2570663001
59,9,0.213250968084,0.297414907787
60,9,0.18701510234,0.231443075914
61,9,0.204570425804,0.248212889442
62,9,0.133668924447,0.173989023064
63,9,0.182060199489,0.235785353974
64,9,0.254333225866,0.318633307367
65,9,0.191246734274,0.248079309963
66,9,0.320520207062,0.449969472987
67,9,0.654313954195,0.784659575192
68,9,0.146075057437,0.187394913115
69,9,0.235740050418,0.285037387097
70,9,0.30525294188,0.436125592785
71,9,0.16099228337,0.201108176745
72,9,0.146608046533,0.190856811828
73,9,0.297054918169,0.42453455428
74,9,0.101161905097,0.122013500203
75,9,0.147421531897,0.18403838024
76,9,0.180441968859,0.218074270072
77,9,0.143767561516,0.2014811913
78,9,0.130118262802,0.164439312457
79,9,0.093252637128,0.121332203584
80,9,0.10893490125,0.129119699543
81,9,0.137977429013,0.166562031284
82,9,0.139088694503,0.176039801191
83,9,0.165030566133,0.216187700653
84,9,0.117470828679,0.153521881787
85,9,0.113254475053,0.142322166349
86,9,0.103533546335,0.13198165211
87,9,0.134243376215,0.167483364894
88,9,0.258597273406,0.303609273854
89,9,0.154299818907,0.198109076421
90,9,0.287036115935,0.368801018225
91,9,0.138774262189,0.183834047553
92,9,0.171979200057,0.211906081177
93,9,0.189863760347,0.245953200375
94,9,0.128150790398,0.161629356014
95,9,0.164536049659,0.221577860531
96,9,0.347939057646,0.407801802629
97,9,0.106000977749,0.13119150596
98,9,0.134817452983,0.164573658814
99,9,0.172205252838,0.199620247158
100,9,0.130133262599,0.169560750358
101,9,0.139807263057,0.168744682868
102,9,0.148930813057,0.188071184377
103,9,0.166205931502,0.212913521301
104,9,0.118255210248,0.146408277761
105,9,0.125279620377,0.154209485751
106,9,0.0983073852315,0.123592929446
107,9,0.122521485081,0.150537830783
108,9,0.166470302467,0.206713049135
109,9,0.22963910145,0.292231818407
110,9,0.243581137122,0.313827162833
111,9,0.223882168086,0.280911515081
112,9,0.166106219753,0.210090887503
113,9,0.237378744898,0.290780258234
114,9,0.158261635392,0.203444386091
115,9,0.158725836528,0.215642899417
116,9,0.161029442487,0.201404397702
117,9,0.170202553595,0.20946478252
118,9,0.194330070679,0.239906689873
119,9,0.31196813483,0.351941052686
120,9,0.616774051891,0.842815574259
121,9,0.542058673148,0.67791429
122,9,0.744183434066,0.947323691716
123,9,0.509769553219,0.67745215015
124,9,0.449677016799,0.546889288683
125,9,0.579938989166,0.694875255058
126,9,0.417954605772,0.568018383572
127,9,0.490653737446,0.651463049424
128,9,0.203223805348,0.256050276466
129,9,0.179212509494,0.267571797973
130,9,0.15191905211,0.183353413852
131,9,0.167510335075,0.210785256233
132,9,0.279713349102,0.375683959799
133,9,0.458554833157,0.569443664586
134,9,0.469268303158,0.578319378281
135,9,0.460771076536,0.572851309285
136,9,0.324929302517,0.385662463862
137,9,0.293529444376,0.347068517014
138,9,0.237911519217,0.300079974039
139,9,0.168833359956,0.212948641834
140,9,0.148492145481,0.182858369417
141,9,0.124303994411,0.150122193769
142,9,0.13792877542,0.174378435253
143,9,0.197397476083,0.26470569613
144,9,0.142057753549,0.17752841602
145,9,0.117333808328,0.142755287138
146,9,0.152952772412,0.191597379454
147,9,0.133035793114,0.174912740684
148,9,0.129188777963,0.157083670089
149,9,0.105746009255,0.133320807864
150,9,0.119333101588,0.13902653482
151,9,0.106686216977,0.137941569868
152,9,0.177609645339,0.209379186937
153,9,0.182820728901,0.249573312238
154,9,0.19063225317,0.287291632305
155,9,0.20510731122,0.300216609649
156,9,0.135054241834,0.16841591959
157,9,0.264496367161,0.314412623929
158,9,0.16870607112,0.240792844172
159,9,0.173777021512,0.208952045602
160,9,0.175791425211,0.216186049526
161,9,0.150485493145,0.190094189092
162,9,0.169075551773,0.207393185369
163,9,0.139430394991,0.176265267135
164,9,0.156061341966,0.204369111556
165,9,0.161885252957,0.202114924191
166,9,0.176948238575,0.215357431399
167,9,0.158464890352,0.205266723529
168,9,0.15127796151,0.182309287223
169,9,0.186894166152,0.23357565582
170,9,0.162559847485,0.209669265
171,9,0.122688412171,0.152441904902
172,9,0.132145106679,0.163619228566
173,9,0.165538878456,0.207664009693
174,9,0.154800716057,0.202869919864
175,9,0.156077160901,0.197447746624
176,9,0.159246415446,0.199447063066
177,9,0.128061230587,0.156723334607
178,9,0.114368357912,0.138984677485
179,9,0.120259968021,0.146464625093
180,9,0.125252065332,0.15636009206
181,9,0.113131822225,0.138273349747
182,9,0.126675786322,0.154768645182
183,9,0.113830428267,0.138829660734
184,9,0.104928288847,0.132917775588
185,9,0.124804543575,0.148290934171
186,9,0.112333770428,0.154189820552
187,9,0.14164244741,0.179257458107
188,9,0.12400173426,0.164565951853
189,9,0.116928581504,0.154194434448
190,9,0.177521894525,0.226783199681
191,9,0.164113199069,0.245302020861
192,9,0.146462060215,0.191901418973
193,9,0.142856275836,0.188235420955
194,9,0.130892194311,0.181549174072
195,9,0.115129058439,0.149735727307
196,9,0.161869674697,0.23605287621
197,9,0.235603179858,0.323437681881
198,9,0.197899531929,0.305197278719
199,9,0.163383212262,0.236409633573
200,9,0.251967401256,0.345390041777
201,9,0.415370966219,0.516514707945
202,9,0.506715422879,0.64298532961
203,9,0.522353042251,0.664439306177
204,9,0.439920825784,0.565456366427
205,9,0.556968998792,0.692491323443
206,9,0.79957873826,0.920662224048
207,9,0.587923191205,0.780781764306
208,9,0.679277352885,0.790475222735
209,9,0.564781860108,0.695881743624
210,9,0.688659108947,0.805554359129
211,9,0.916992394474,1.19597240409
212,9,0.561087965258,0.73283455163
213,9,0.597609534399,0.739030589736
214,9,0.635594092706,0.987697692281
215,9,0.75086547467,0.894985519876
216,9,0.58054945016,0.735562858586
217,9,0.350255400263,0.417976499553
218,9,0.251301389901,0.300265983719
219,9,0.243217771807,0.308132089129
220,9,0.208455612182,0.272962530735
221,9,0.248851015112,0.329450516618
222,9,0.220139117733,0.267528324272
223,9,0.149888706427,0.19126639513
224,9,0.178570911689,0.239958205888
225,9,0.133743977238,0.164454665242
226,9,0.173665653604,0.219712706331
227,9,0.190193916971,0.234464182043
228,9,0.289236379863,0.382989862441
229,9,0.511228298622,0.639939544015
230,9,0.667211837129,0.784341074043
231,9,0.580267137848,0.685278122664
232,9,0.90112642901,1.14302159337
233,9,0.818659850043,1.03402343507
234,9,0.824929028563,0.968435125441
235,9,0.705835645344,0.816131744117
236,9,0.595464013824,0.720214668123
237,9,0.528410497166,0.619347761128
238,9,0.507722038095,0.590506855162
239,9,0.508275613914,0.652582066176
240,9,0.38242356792,0.461667120109
241,9,0.395523253596,0.465162858066
242,9,0.687804553274,0.787638408639
243,9,0.723657753126,0.887590488811
244,9,0.879969970173,1.04834421439
245,9,0.952851593489,1.0827097634
246,9,0.79769938734,0.995816105265
247,9,0.642069592704,0.748102555078
248,9,0.557695142156,0.679576978068
249,9,0.534739591215,0.682924180393
250,9,0.42583719948,0.503773319855
251,9,0.441561288308,0.506076503434
252,9,0.279394995625,0.339950687933
253,9,0.333481663607,0.381651262315
254,9,0.192842343184,0.246695165033
255,9,0.113037681515,0.142781156928
256,9,0.116562872493,0.155316872322
257,9,0.214697378193,0.26720869474
258,9,0.121094850818,0.162404757192
259,9,0.145921685865,0.171844849745
260,9,0.181773453033,0.219434641316
261,9,0.218917035929,0.291676539802
262,9,0.207782859816,0.257692768184
263,9,0.208601315769,0.250227568621
264,9,0.279346128631,0.388113801998
265,9,0.36482623388,0.434917267916
266,9,0.299757362151,0.375082498662
267,9,0.329570147489,0.394606058981
268,9,0.270551169245,0.364669350197
269,9,0.256893726064,0.328397080044
270,9,0.236479827936,0.313553777313
271,9,0.225357478516,0.28151087085
272,9,0.200825299632,0.245926541391
273,9,0.17236452156,0.208609886849
274,9,0.1778835529,0.224838173811
275,9,0.169100745669,0.212654926951
276,9,0.28429148681,0.345032194671
277,9,0.179121477172,0.221290361143
278,9,0.189385016666,0.239543110812
279,9,0.171526685667,0.208273242745
280,9,0.21732468369,0.263538490258
281,9,0.200470958768,0.253351073847
282,9,0.187217536996,0.228989789795
283,9,0.173882297464,0.217054804673
284,9,0.176099793009,0.223230886336
285,9,0.15780897257,0.203821081101
286,9,0.184422839257,0.219974198075
287,9,0.218292678709,0.273670731217
288,9,0.166229567523,0.204230739788
289,9,0.195979214314,0.232425688932
290,9,0.176789182475,0.240211071774
291,9,0.142792460294,0.17219255802
292,9,0.157181247278,0.190653716988
293,9,0.144465215707,0.173517290999
294,9,0.145400342495,0.176825481382
295,9,0.159950667788,0.20949154216
296,9,0.114216137674,0.149038432209
297,9,0.137012897443,0.171435507924
298,9,0.165663541009,0.204361441382
299,9,0.141395813655,0.178597295084
300,9,0.177503921366,0.218928243327
301,9,0.136388396717,0.170871822729
302,9,0.183954061388,0.22836955128
303,9,0.208488225764,0.256771068038
304,9,0.14094711654,0.173038447544
305,9,0.129913880646,0.165521619217
306,9,0.136356095081,0.165323487684
307,9,0.152817596206,0.186789274431
308,9,0.174479348339,0.216915042699
309,9,0.216169047889,0.277993695423
310,9,0.213808495116,0.262925566411
311,9,0.254368001781,0.313457082179
312,9,0.296800263645,0.384824196294
313,9,0.452877750404,0.585725607061
314,9,0.266387759372,0.352539050471
315,9,0.21356027221,0.268274465952
316,9,0.235058610854,0.299365016239
317,9,0.226020145804,0.294903506071
318,9,0.196970041623,0.256685087739
319,9,0.40051560049,0.490972882009
320,9,0.209749957271,0.261916606227
321,9,0.115150923336,0.147162621554
322,9,0.164780303349,0.195792337267
323,9,0.149140241249,0.180398418756
324,9,0.135817352359,0.167370082816
325,9,0.145091076379,0.180228743349
326,9,0.168133366062,0.217306461152
327,9,0.387451133157,0.479644255749
328,9,0.223122137836,0.285871459517
329,9,0.144152353103,0.195900210086
330,9,0.158280838456,0.188865660353
331,9,0.150205726513,0.186157127033
332,9,0.309020246427,0.361432739006
333,9,0.453595327582,0.519635823328
334,9,0.595964891535,0.722201372534
335,9,0.679863662826,0.817419418511
