cycle,count,mae,rmse
5,9,0.147717634631,0.188080542205
6,9,0.1369898099,0.172658081963
7,9,0.126074464061,0.170163397304
8,9,0.131247035485,0.16666392212
9,9,0.24022302435,0.305045298151
10,9,0.218361178843,0.268642303617
11,9,0.373279885739,0.443957289073
12,9,0.233492165132,0.302572286799
13,9,0.244944446361,0.28754518231
14,9,0.143525240559,0.172936771029
15,9,0.166414777332,0.207176304858
16,9,0.208304562173,0.24472460628
17,9,0.232510117759,0.293714160468
18,9,0.134853119455,0.177183423158
19,9,0.131455027782,0.171253832487
20,9,0.120672813962,0.158993349886
21,9,0.123780911622,0.162483834744
22,9,0.173655426871,0.206981240305
23,9,0.121305912638,0.150200071811
24,9,0.12029042385,0.14967815528
25,9,0.181287025977,0.217380186998
26,9,0.382867637809,0.442053373033
27,9,0.154622240114,0.210755331538
28,9,0.125097745706,0.163058713614
29,9,0.150640797916,0.199436710952
30,9,0.119453634688,0.148457754853
31,9,0.102829080112,0.131860381061
32,9,0.130504426263,0.160177771158
33,9,0.156087442395,0.208082030389
34,9,0.196103937259,0.269239193573
35,9,0.378499557158,0.433789746187
36,9,0.308766157848,0.385456330779
37,9,0.329652059833,0.38690537425
38,9,0.240464245986,0.323579952933
39,9,0.308677726477,0.389589945884
40,9,0.383539272197,0.462847209692
41,9,0.37652397066,0.445634783545
42,9,0.176435052596,0.215792441108
43,9,0.14531302481,0.175120670054
44,9,0.195510405323,0.257778019449
45,9,0.203130726484,0.262143060299
46,9,0.145112952175,0.195101956152
47,9,0.196491662416,0.237716121422
48,9,0.103268110365,0.133032464163
49,9,0.128115078952,0.161096960883
50,9,0.118824030046,0.151470842558
51,9,0.129819285905,0.169149390014
52,9,0.162308242114,0.196304240425
53,9,0.162728567038,0.204277493332
54,9,0.141675248946,0.17423629071
55,9,0.107540436897,0.139663566511
56,9,0.146231950134,0.195322224264
57,9,0.146684949576,0.192571157678
58,9,0.209290634371,0.281793423241
59,9,0.198031826108,0.243036507537
60,9,0.148163481272,0.195208732288
61,9,0.144599152714,0.181630285129
62,9,0.138065989188,0.171585480219
63,9,0.184815131112,0.230429737164
64,9,0.269416075156,0.341087279347
65,9,0.20146356705,0.26148731641
66,9,0.325480309614,0.455398265599
67,9,0.641314864413,0.761576467828
68,9,0.175600704578,0.214550319194
69,9,0.147485418503,0.187862028136
70,9,0.430252339255,0.49979855903
71,9,0.175697697303,0.234929883344
72,9,0.136579944394,0.166143990735
73,9,0.325899769632,0.423170730919
74,9,0.117508852378,0.144494564469
75,9,0.0938491247218,0.10741375837
76,9,0.127344015334,0.154230373726
77,9,0.145935738883,0.195149518157
78,9,0.117273275155,0.153235075463
79,9,0.138705408008,0.167029104089
80,9,0.123615596897,0.149034728346
81,9,0.154378218054,0.186214246725
82,9,0.140951599426,0.169742783735
83,9,0.147059245013,0.183059038703
84,9,0.107274380846,0.131486800068
85,9,0.116692361943,0.154233562486
86,9,0.116972172208,0.145698186281
87,9,0.154554280658,0.198322472772
88,9,0.235526545359,0.313898419785
89,9,0.133181170054,0.164153167041
90,9,0.268841940327,0.335637256808
91,9,0.134789454398,0.190287864159
92,9,0.126972552054,0.16389386734
93,9,0.210800269326,0.29942545851
94,9,0.127002431842,0.162671696196
95,9,0.211660443944,0.260050025222
96,9,0.297689104263,0.376038550559
97,9,0.109362709288,0.143539645794
98,9,0.126402004394,0.153077403609
99,9,0.103325344023,0.127710633597
100,9,0.115648959813,0.151012365782
101,9,0.175762234308,0.215357418279
102,9,0.19458118606,0.240499736922
103,9,0.169604524944,0.21758864643
104,9,0.145083560994,0.202932119417
105,9,0.107053601977,0.136076757145
106,9,0.12191128379,0.148826650534
107,9,0.124256234976,0.168962844586
108,9,0.170253161751,0.223116396837
109,9,0.223320087343,0.289746872217
110,9,0.228219757005,0.314528557639
111,9,0.255828321316,0.310336785474
112,9,0.164314507312,0.203181244658
113,9,0.221173821539,0.307955328214
114,9,0.224632936249,0.281405335816
115,9,0.157556353157,0.221504433169
116,9,0.186156529545,0.219043341428
117,9,0.134959111988,0.170582166853
118,9,0.177199560702,0.224276325122
119,9,0.266450588599,0.34190825839
120,9,0.624407884853,0.826381642684
121,9,0.577052777959,0.648889325476
122,9,0.671285860821,0.893044630247
123,9,0.606608262251,0.783902100701
124,9,0.464478922167,0.611189029231
125,9,0.527625435953,0.631529134981
126,9,0.455957441016,0.605284588358
127,9,0.590914518025,0.738054940365
128,9,0.192967416977,0.234988629512
129,9,0.213016946055,0.267550572083
130,9,0.143673554151,0.184761976827
131,9,0.159739244278,0.201395957021
132,9,0.338147892257,0.401859218125
133,9,0.507450426669,0.596652142038
134,9,0.439187073472,0.527409890507
135,9,0.478792467161,0.54477669519
136,9,0.320883068548,0.375291843898
137,9,0.301433290853,0.348214347859
138,9,0.21836898661,0.282444139648
139,9,0.17131100057,0.209092418108
140,9,0.113699731131,0.149742546313
141,9,0.118298350154,0.151674261137
142,9,0.160137415679,0.197218229151
143,9,0.160778850345,0.21219028923
144,9,0.118717333362,0.142347423102
145,9,0.13648332321,0.172059975488
146,9,0.122289893954,0.155379781395
147,9,0.140106720837,0.177682029809
148,9,0.130877816747,0.169577434495
149,9,0.161481895103,0.190566686659
150,9,0.126794573544,0.159291655347
151,9,0.162317238803,0.189646075541
152,9,0.122763557641,0.154967048424
153,9,0.159111693625,0.199783132379
154,9,0.168632858109,0.249631481384
155,9,0.178311895485,0.253673958297
156,9,0.131790332995,0.168576534807
157,9,0.250388838724,0.30540777012
158,9,0.168285925622,0.21991144103
159,9,0.142860038472,0.185219667813
160,9,0.138191190644,0.176050725309
161,9,0.232135306368,0.273180516624
162,9,0.176690557701,0.208697315717
163,9,0.172931085351,0.205086137666
164,9,0.167744449009,0.201469169601
165,9,0.185996168043,0.227189601148
166,9,0.206967382649,0.247675967955
167,9,0.208705627141,0.252930192618
168,9,0.178222379813,0.215373629081
169,9,0.160089982022,0.194162626832
170,9,0.140754167485,0.175377243196
171,9,0.1506181623,0.185439652483
172,9,0.152768873087,0.197450138842
173,9,0.173534861795,0.212187909098
174,9,0.156249705084,0.200388075502
175,9,0.164142133273,0.202947368234
176,9,0.189526337122,0.241418003548
177,9,0.140998091272,0.169211402689
178,9,0.141337525829,0.170441535026
179,9,0.1469997688,0.177312119204
180,9,0.137495293459,0.168632870361
181,9,0.131192441412,0.168389035953
182,9,0.161277465413,0.192728832867
183,9,0.125042100168,0.15519400508
184,9,0.11921946036,0.145721076242
185,9,0.146639458473,0.174241311143
186,9,0.121920466617,0.15175999568
187,9,0.133545407322,0.166289994332
188,9,0.13752433986,0.172985548487
189,9,0.142684937956,0.183489868654
190,9,0.200340127066,0.235248264696
191,9,0.202844038031,0.244400962858
192,9,0.150393223707,0.185071225411
193,9,0.150343520922,0.187169896526
194,9,0.14675486069,0.189841677777
195,9,0.13821226159,0.165986408198
196,9,0.159239339003,0.211339625803
197,9,0.226212560924,0.318845842825
198,9,0.192441334815,0.296590512671
199,9,0.178680916961,0.238197971166
200,9,0.251077815588,0.343616821444
201,9,0.438170267257,0.533183242767
202,9,0.565096513008,0.711886332996
203,9,0.673865471119,0.75410650466
204,9,0.440165375637,0.652257519468
205,9,0.569445327671,0.734089420104
206,9,0.652292319657,0.842796195534
207,9,0.565119788406,0.689711965589
208,9,0.6573115663,0.774098182459
209,9,0.53285360217,0.671814693598
210,9,0.591013245364,0.742381666216
211,9,1.08359394184,1.26782279274
212,9,0.492605766584,0.574181583183
213,9,0.56872855885,0.742995216297
214,9,0.725007939123,0.86703185698
215,9,0.684428591998,0.853047941794
216,9,0.582450845653,0.701157535623
217,9,0.403884777887,0.48101702529
218,9,0.292307470462,0.354836813863
219,9,0.275493589703,0.350046258824
220,9,0.224840948623,0.290034592672
221,9,0.261658317947,0.330209136231
222,9,0.267205008171,0.353797072061
223,9,0.186603753881,0.245336283809
224,9,0.183940621959,0.227511705635
225,9,0.153530303896,0.197655933788
226,9,0.17105711583,0.219085494596
227,9,0.186690861935,0.237711334781
228,9,0.316876281179,0.390375985604
229,9,0.502425904651,0.644317519721
230,9,0.642921691716,0.73356414698
231,9,0.57626274977,0.687567728942
232,9,0.911106798197,1.01319742189
233,9,0.909637431118,1.13805740651
234,9,0.844074571262,1.06699073998
235,9,0.718288701753,0.837424500476
236,9,0.547606426114,0.639019410406
237,9,0.71308315601,0.833622181708
238,9,0.459943388559,0.574018302031
239,9,0.540736577233,0.630096296092
240,9,0.372717456931,0.452091977663
241,9,0.358486326151,0.441617563044
242,9,0.695607929897,0.80242956712
243,9,0.692780316351,0.827710004504
244,9,0.897947146211,1.11572770229
245,9,0.848164812985,1.08155551898
246,9,0.716469579859,0.829978053154
247,9,0.729872314947,0.918237094717
248,9,0.533471645183,0.647441267584
249,9,0.51657008914,0.585040492955
250,9,0.418000331379,0.505033168826
251,9,0.437893071176,0.512531183117
252,9,0.29242277259,0.362500739806
253,9,0.342666820064,0.395745229056
254,9,0.221485347902,0.258395548197
255,9,0.199524741804,0.226330081846
256,9,0.133391755658,0.167125605062
257,9,0.225595292311,0.262257122372
258,9,0.137429225586,0.193824232716
259,9,0.162389114792,0.196455075947
260,9,0.192427607597,0.232994461343
261,9,0.198944267895,0.252895453193
262,9,0.29578684935,0.363442442399
263,9,0.212995333266,0.256943392011
264,9,0.300310818966,0.4147408773
265,9,0.361460618388,0.438917502527
266,9,0.323723295666,0.408756970999
267,9,0.316702657017,0.388485288335
268,9,0.263010841948,0.336209102706
269,9,0.261676921961,0.324847976883
270,9,0.272050707808,0.336700874224
271,9,0.242201175521,0.301778541462
272,9,0.179013029215,0.212752587413
273,9,0.143741686173,0.181082997833
274,9,0.154678742436,0.197072154137
275,9,0.170746507917,0.227526148124
276,9,0.317206546943,0.411256488854
277,9,0.146388999918,0.199884625734
278,9,0.140156805239,0.190117826269
279,9,0.150439857522,0.192291905155
280,9,0.202508335338,0.249533140199
281,9,0.231158333239,0.276526291585
282,9,0.204012464199,0.240231367466
283,9,0.173027281456,0.225803287162
284,9,0.184996677085,0.225277604364
285,9,0.158074007384,0.200534100456
286,9,0.157235452725,0.199420327083
287,9,0.179975381642,0.235540214739
288,9,0.173722798656,0.228277480797
289,9,0.174139942598,0.234009347572
290,9,0.195021356482,0.247276462432
291,9,0.161203227947,0.192774948378
292,9,0.130700725533,0.165302112815
293,9,0.13829926782,0.167482033863
294,9,0.139517148136,0.170462989083
295,9,0.162402451709,0.196866611885
296,9,0.135045664327,0.166822065257
297,9,0.153661872855,0.193581327619
298,9,0.150866823511,0.191758335127
299,9,0.129212614745,0.177857352838
300,9,0.166661565947,0.216380155577
301,9,0.164608090951,0.201655432749
302,9,0.186659199546,0.226858434068
303,9,0.154500431584,0.185492304861
304,9,0.136148009082,0.170290993368
305,9,0.162327350017,0.196589949164
306,9,0.142182916494,0.180438858545
307,9,0.147929843068,0.190187361768
308,9,0.173341631548,0.219268139521
309,9,0.229154162342,0.286637158326
310,9,0.222965164608,0.264779704241
311,9,0.325731665035,0.388915601162
312,9,0.335371916572,0.405542259041
313,9,0.562909433076,0.688605142198
314,9,0.282369984786,0.333706195675
315,9,0.23073331554,0.292067920291
316,9,0.254358612415,0.321292527638
317,9,0.251209428571,0.315061764231
318,9,0.25467195345,0.31245290748
319,9,0.28836110782,0.371061967092
320,9,0.21311349801,0.265215994859
321,9,0.138680110043,0.169460211343
322,9,0.126387464806,0.158187011379
323,9,0.154209104277,0.192171571372
324,9,0.126015828493,0.156502454967
325,9,0.144137539263,0.179187004442
326,9,0.20392844305,0.255188748597
327,9,0.41631900206,0.499936483774
328,9,0.273868372194,0.324535068145
329,9,0.196475580225,0.229500441023
330,9,0.150539968448,0.180382560222
331,9,0.138669843368,0.17813432445
332,9,0.329530968029,0.383967234567
333,9,0.423380741061,0.480293185549
334,9,0.635485301107,0.795250361494
335,9,0.666396773011,0.766637747126
