cycle,count,mae,rmse
5,6,0.154698696252,0.190364250013
6,6,0.147832799758,0.186310871599
7,6,0.122353695272,0.169524066486
8,6,0.146531437758,0.187291663364
9,6,0.195569757532,0.247538793519
10,6,0.218523919799,0.291055482056
11,6,0.357873794729,0.470817357127
12,6,0.226394482139,0.285674940676
13,6,0.185278342499,0.23677903349
14,6,0.157611281668,0.213163773218
15,6,0.14689570844,0.183443787926
16,6,0.152464549203,0.187211917331
17,6,0.175976352912,0.236512009348
18,6,0.166685073728,0.220000925115
19,6,0.125926649159,0.16695246189
20,6,0.12299196377,0.166522906524
21,6,0.136219600021,0.184475545596
22,6,0.156003600644,0.206661222566
23,6,0.187792141618,0.223921717319
24,6,0.166146984651,0.19915052144
25,6,0.138885652009,0.181158584543
26,6,0.309396186564,0.357553313398
27,6,0.159876768332,0.207665119776
28,6,0.199537923915,0.242979983441
29,6,0.144557631563,0.193399998363
30,6,0.120236475736,0.160187549697
31,6,0.106190894287,0.140118887553
32,6,0.114262426524,0.142996511505
33,6,0.15544747559,0.199622316515
34,6,0.184779298525,0.260871069506
35,6,0.331551090353,0.396572861688
36,6,0.281045018494,0.3980058042
37,6,0.241623102107,0.340912068933
38,6,0.259320239651,0.344885463552
39,6,0.348116142212,0.419215054847
40,6,0.322176853787,0.383871808891
41,6,0.365353794543,0.440138997517
42,6,0.160974809333,0.204399552989
43,6,0.146691949415,0.18296437311
44,6,0.183539400663,0.239351016338
45,6,0.204114390889,0.251410089159
46,6,0.176660352008,0.227896880443
47,6,0.15659218311,0.1950024728
48,6,0.137289823423,0.186877705911
49,6,0.121921169292,0.156875040153
50,6,0.13849022813,0.161758740274
51,6,0.128074059095,0.158459799065
52,6,0.141057608712,0.170189826896
53,6,0.171662085188,0.207858984909
54,6,0.111086960017,0.148700235176
55,6,0.113591537164,0.138838076384
56,6,0.132856489261,0.182509841038
57,6,0.115843295364,0.163936741238
58,6,0.238038457345,0.30862464197
59,6,0.271669748593,0.309182860714
60,6,0.160881484675,0.224749913187
61,6,0.129355229863,0.166186477296
62,6,0.138105131896,0.174599050013
63,6,0.169064030508,0.21193034917
64,6,0.31391331378,0.392333025885
65,6,0.177503248082,0.236975855746
66,6,0.344849101109,0.453448751223
67,6,0.745641760526,0.965098213728
68,6,0.153068837343,0.18758112109
69,6,0.172952940267,0.219406861629
70,6,0.273516283698,0.392400840663
71,6,0.142959635403,0.175926430058
72,6,0.147157366228,0.182736298625
73,6,0.33182230783,0.430382990543
74,6,0.116920584463,0.153223337122
75,6,0.0950651786249,0.121912383089
76,6,0.107464949033,0.131549187806
77,6,0.179579890224,0.231598130194
78,6,0.111480299703,0.139986701092
79,6,0.110639503271,0.13718171844
80,6,0.0944401174398,0.115919829292
81,6,0.145870207653,0.180954681893
82,6,0.154467523574,0.193254067906
83,6,0.152795369898,0.186110782218
84,6,0.129299593022,0.147537979549
85,6,0.24217069244,0.283404944515
86,6,0.0870158914204,0.11238183147
87,6,0.135607458564,0.184180501015
88,6,0.27478655648,0.386831478345
89,6,0.136743655079,0.178167041269
90,6,0.265684748679,0.342349137539
91,6,0.134957888341,0.202031448194
92,6,0.158482644157,0.215418114384
93,6,0.191501605963,0.268154814046
94,6,0.12474045328,0.164132530835
95,6,0.156978129141,0.202461447427
96,6,0.443428816211,0.516234935434
97,6,0.101672592814,0.148823757266
98,6,0.0997297821667,0.130298710824
99,6,0.108552631922,0.143431005431
100,6,0.143883823905,0.182923427144
101,6,0.133654512903,0.164309014491
102,6,0.156973923184,0.205256485163
103,6,0.226909346349,0.274936210749
104,6,0.176734558331,0.227394295533
105,6,0.118985265681,0.144513645168
106,6,0.107908452111,0.138837190702
107,6,0.118871272732,0.15530647464
108,6,0.125090346384,0.171608489601
109,6,0.244516358873,0.308926265373
110,6,0.271553931235,0.340808708609
111,6,0.218355210442,0.267444591763
112,6,0.181097396276,0.239230536961
113,6,0.223660690008,0.306632171274
114,6,0.182879912078,0.263101876203
115,6,0.211836150464,0.295042496592
116,6,0.157945909369,0.205594356611
117,6,0.179709051187,0.231935783327
118,6,0.20988636164,0.251313828428
119,6,0.286613465466,0.337489345584
120,6,0.640858246096,0.811915974887
121,6,0.533811989427,0.646535954088
122,6,0.622958793618,0.8016607988
123,6,0.483186911672,0.619453532543
124,6,0.419409154907,0.522840274952
125,6,0.557034977084,0.706943535651
126,6,0.437869807212,0.582748622375
127,6,0.453753792054,0.631551819141
128,6,0.20985592769,0.247859965246
129,6,0.182001875976,0.245306741029
130,6,0.148894925023,0.175475817631
131,6,0.164752529155,0.213177053911
132,6,0.303569179785,0.373015710428
133,6,0.483353882099,0.601722939542
134,6,0.466239390835,0.562915595739
135,6,0.481670199909,0.576109132459
136,6,0.330697721553,0.417177630248
137,6,0.274357615205,0.356127426464
138,6,0.206524495158,0.282377635416
139,6,0.176932982815,0.223837218891
140,6,0.12460564827,0.150679579605
141,6,0.119895462403,0.160451634561
142,6,0.143641027994,0.166088549858
143,6,0.15822207895,0.21660785597
144,6,0.128885965229,0.155762939763
145,6,0.126592461177,0.169621558799
146,6,0.10886334926,0.139158423044
147,6,0.113183861022,0.143737437937
148,6,0.128058455661,0.156004028397
149,6,0.099736152345,0.129796423144
150,6,0.126549132945,0.17029929754
151,6,0.124397171825,0.158092263524
152,6,0.144760273251,0.183115251798
153,6,0.157664083597,0.204919557177
154,6,0.172468377396,0.261792047303
155,6,0.188427912021,0.258668300393
156,6,0.123127051503,0.149209724225
157,6,0.220878457853,0.279249151497
158,6,0.206951035941,0.246019661397
159,6,0.117868330764,0.149329451412
160,6,0.140971434719,0.171837339458
161,6,0.119694594812,0.153191741006
162,6,0.147181299042,0.175836151395
163,6,0.151354532082,0.190822856436
164,6,0.155317343937,0.193016907159
165,6,0.160688422089,0.206293207781
166,6,0.155138311236,0.192138985546
167,6,0.196748881395,0.246866448735
168,6,0.133321961604,0.162833803981
169,6,0.150721161812,0.183623253065
170,6,0.122947134034,0.158742028876
171,6,0.132147413636,0.168357083211
172,6,0.15214942369,0.191498750062
173,6,0.14809113485,0.182080556685
174,6,0.157125228876,0.201825309218
175,6,0.141686823675,0.17400067236
176,6,0.15708850915,0.201916247708
177,6,0.125138605424,0.152727206178
178,6,0.1228440038,0.153127616756
179,6,0.127520790676,0.160399901966
180,6,0.124972624952,0.161425266044
181,6,0.113418898707,0.140014768805
182,6,0.125103376675,0.153268615494
183,6,0.116124509067,0.143406685596
184,6,0.105170133348,0.128336474382
185,6,0.10760779558,0.134622573693
186,6,0.125666703471,0.15042042741
187,6,0.130890940536,0.155221896553
188,6,0.131540410558,0.171177806458
189,6,0.120665988756,0.150953454746
190,6,0.145877969889,0.203558761226
191,6,0.194897895926,0.236519556854
192,6,0.164683926491,0.201824306169
193,6,0.137917872999,0.168480648811
194,6,0.159515547616,0.188586063181
195,6,0.099576311518,0.125754860596
196,6,0.243445667361,0.279665216984
197,6,0.218619763675,0.329466137227
198,6,0.173237309743,0.30892014433
199,6,0.220615421618,0.258118839067
200,6,0.249209766644,0.327810730541
201,6,0.450459310858,0.530895804608
202,6,0.530667083569,0.634319726718
203,6,0.564486122427,0.664426167331
204,6,0.46308752684,0.699262033363
205,6,0.612569217197,0.717147324352
206,6,0.653028194979,0.799376091137
207,6,0.545658307754,0.69495843001
208,6,0.665203726659,0.810183478208
209,6,0.523663083181,0.640680794853
210,6,0.662244802263,0.854683355532
211,6,0.884688941947,1.06574263182
212,6,0.502724511728,0.635380828353
213,6,0.560253620906,0.6901050539
214,6,0.635106895842,0.969539475744
215,6,0.629239772747,0.910414456035
216,6,0.4918064125,0.616250439101
217,6,0.370077397322,0.435121984662
218,6,0.26761305456,0.313700359718
219,6,0.260330990011,0.340733681551
220,6,0.234342545265,0.298119308758
221,6,0.256357093532,0.316379106212
222,6,0.229618919134,0.275154143373
223,6,0.159235419396,0.201130375491
224,6,0.175104627366,0.216872526515
225,6,0.163640284695,0.202783673036
226,6,0.159678798468,0.192747413406
227,6,0.161265761919,0.203449437134
228,6,0.278753434723,0.353308056944
229,6,0.647689946083,0.756853249793
230,6,0.596145271161,0.703621344594
231,6,0.572101929844,0.6882674186
232,6,0.789526348952,0.948505060912
233,6,0.869783025082,1.07380585413
234,6,0.77096224988,0.901787695714
235,6,0.67459900845,0.780248324625
236,6,0.533778298719,0.634292456541
237,6,0.490624765082,0.585669047516
238,6,0.412522603367,0.544801084575
239,6,0.46370318187,0.552764345207
240,6,0.392437860081,0.45599099393
241,6,0.342802890755,0.413526454604
242,6,0.639289042132,0.735686025868
243,6,0.621379505448,0.753937084059
244,6,1.05942271752,1.25768107916
245,6,0.815158390879,0.989502626336
246,6,0.760241337189,0.86383058184
247,6,0.613412603056,0.729618718362
248,6,0.561634576498,0.68901164031
249,6,0.455406037404,0.544870052603
250,6,0.406171647516,0.493203266764
251,6,0.437696087736,0.509863822149
252,6,0.308514404128,0.365265597732
253,6,0.33389756376,0.39118531505
254,6,0.172482345409,0.21673526958
255,6,0.111199416223,0.140657078977
256,6,0.111558757428,0.148787971398
257,6,0.193235322744,0.238313289529
258,6,0.117185723274,0.151030645019
259,6,0.123551464029,0.160788840811
260,6,0.160681012655,0.197858217253
261,6,0.219268309091,0.284629977726
262,6,0.213313629199,0.266493001254
263,6,0.202434181102,0.258411245825
264,6,0.333964220675,0.412805902131
265,6,0.35146166754,0.432679841508
266,6,0.35048841668,0.429169431175
267,6,0.355704801301,0.461949783183
268,6,0.278897777911,0.349041784213
269,6,0.274380629388,0.33168185667
270,6,0.318529448836,0.406750887091
271,6,0.239593370899,0.292440577438
272,6,0.212650521623,0.258799662274
273,6,0.159434759971,0.207891568343
274,6,0.176506796187,0.233404975661
275,6,0.19104982941,0.239865374096
276,6,0.389195792751,0.455957790036
277,6,0.165478855014,0.22710363697
278,6,0.17735759916,0.221547931179
279,6,0.167047818478,0.216395301024
280,6,0.187890996235,0.239921876208
281,6,0.192923786558,0.251436771964
282,6,0.176657357663,0.223512748859
283,6,0.154533421249,0.201973914135
284,6,0.191959419395,0.244306394199
285,6,0.16593448512,0.203925898947
286,6,0.15668727369,0.196483974082
287,6,0.19978702008,0.234321122428
288,6,0.188661523294,0.245784100316
289,6,0.198765083435,0.244935630951
290,6,0.156639435174,0.214488506791
291,6,0.189853220522,0.220212063023
292,6,0.157193239636,0.201447477329
293,6,0.147607049088,0.183546195135
294,6,0.131949829167,0.167822479672
295,6,0.165399000463,0.201112906246
296,6,0.11921625334,0.157004402668
297,6,0.127937223279,0.170794184259
298,6,0.177075458739,0.227249099437
299,6,0.175304949933,0.21555050287
300,6,0.15886553939,0.211289131267
301,6,0.110503382739,0.149169274375
302,6,0.155451930171,0.195410344495
303,6,0.168305012589,0.203049716794
304,6,0.161276981843,0.18927717003
305,6,0.151656533054,0.192649723338
306,6,0.152969540372,0.183534920049
307,6,0.142204469894,0.181324878719
308,6,0.155215252581,0.198882002243
309,6,0.217192140224,0.272396590032
310,6,0.217053597499,0.267213334711
311,6,0.245070076796,0.304697692886
312,6,0.408684631583,0.522673058782
313,6,0.463321847089,0.582376128935
314,6,0.258426069904,0.322981838566
315,6,0.222825379943,0.274775300569
316,6,0.250074842434,0.318658507853
317,6,0.369304085717,0.472262784688
318,6,0.226525472756,0.290873146373
319,6,0.313059549302,0.397301920033
320,6,0.201933148389,0.25563658948
321,6,0.162779246655,0.212683368005
322,6,0.140757274904,0.176800886296
323,6,0.168703780548,0.210745234462
324,6,0.131800164393,0.168730282256
325,6,0.152683257185,0.191283671317
326,6,0.18861020417,0.235235222034
327,6,0.363845643077,0.467159200533
328,6,0.235164697188,0.298481838775
329,6,0.16565323308,0.214559905345
330,6,0.198329892935,0.250648214175
331,6,0.142207626532,0.173451974723
332,6,0.296717795386,0.353077276761
333,6,0.450605386044,0.538478657175
334,6,0.583742914626,0.720717924558
335,6,0.577317580077,0.690044397505
