cycle,count,mae,rmse
50,10,2.27132459288,2.79668632058
51,10,1.07931040714,1.39527382922
52,10,4.33911122732,5.57768746555
53,10,1.49674936279,2.29972079346
54,10,2.106055418,2.94817379554
55,10,0.913325642298,1.54247116303
56,10,1.67985671526,2.09393744078
57,10,1.28098647299,1.98234525244
58,10,3.84262954469,5.05395438928
59,10,2.38212916082,3.03507484275
60,10,2.54623579012,3.11481985673
61,10,0.92520164514,1.21857462614
62,10,1.1532654655,1.54546133832
63,10,1.54248481929,1.86863744032
64,10,0.948988575467,1.16202682599
65,10,0.554015201976,0.702953865107
66,10,1.54617532738,1.97130299531
67,10,5.43544431243,6.52470647193
68,10,1.03176240422,1.251629744
69,10,0.728468945293,0.911585963275
70,10,0.986943675077,1.25986363348
71,10,0.731678158859,0.876927449115
72,10,0.791894165073,0.998969587567
73,10,1.20386939954,1.4906156519
74,10,1.49827883823,1.96526510803
75,10,0.961610452935,1.16409438323
76,10,0.815274468664,0.995401747926
77,10,2.14603416051,2.65115104862
78,10,1.78989055687,2.25757069214
79,10,1.58589658068,1.98655971505
80,10,1.38851434509,1.70040972034
81,10,2.39795232664,2.89963032161
82,10,1.77170539096,2.21053876997
83,10,0.687549790058,0.96760322921
84,10,0.808671409409,1.08612166442
85,10,0.636000253041,0.744684182477
86,10,0.501209985359,0.615441061647
87,10,0.969788411807,1.19447694369
88,10,1.43272372971,1.75556154701
89,10,0.752903046791,0.951153335434
90,10,1.24805769482,1.5698441069
91,10,0.584243843766,0.758952117967
92,10,2.44962811275,3.19393547651
93,10,1.65933415609,2.25358686367
94,10,0.80179719219,1.08393488765
95,10,1.61381955082,2.02134227613
96,10,1.54369302408,1.88113540223
97,10,0.51070483835,0.682056323081
98,10,0.825575880897,0.97251912494
99,10,0.533362172695,0.6812639899
100,10,0.490169536023,0.630563652824
101,10,0.549156986068,0.706660696074
102,10,0.538458371827,0.694773242474
103,10,0.928019372982,1.0845602996
104,10,0.662892591751,0.834763404715
105,10,0.825998830372,0.996987345161
106,10,0.764728505405,0.940370654404
107,10,0.526597047649,0.649326818818
108,10,0.815693206228,1.00105710188
109,10,0.802206088446,1.00417176789
110,10,0.960803707737,1.19183864774
111,10,0.788365540822,0.995898449765
112,10,0.811697210999,0.99146826584
113,10,1.30250984248,1.79831863523
114,10,0.681276541629,0.898608613637
115,10,0.770131447269,0.981700550306
116,10,0.640801449135,0.800066194396
117,10,0.739387291707,0.983970298831
118,10,0.682216861585,0.839841158406
119,10,0.925630503497,1.12754796175
120,10,2.78448273651,3.30619498002
121,10,4.13806437241,5.28165855916
122,10,3.93790511334,4.93146396661
123,10,4.3893215181,5.46910445227
124,10,2.30911867532,2.87380378556
125,10,2.62075240593,3.06888196247
126,10,1.87841943404,2.32398120296
127,10,1.93775517375,2.45395969517
128,10,1.14596927195,1.42236903022
129,10,0.964830123688,1.26651164333
130,10,1.21176063321,1.4823541591
131,10,1.35889096887,1.53354435454
132,10,1.68373780016,2.04773758618
133,10,1.61673895371,2.00804313755
134,10,2.72089702026,3.45613391555
135,10,2.1271162926,2.6360606854
136,10,1.13735338572,1.52489562722
137,10,1.84962239546,2.34530679644
138,10,1.09518176427,1.31091229046
139,10,0.966298118366,1.18926092514
140,10,0.702665825748,0.924245359168
141,10,0.946606864206,1.22924246479
142,10,0.868225906353,1.08874158581
143,10,0.773972518069,0.964060334789
144,10,0.675881118699,0.818562840816
145,10,0.510648575878,0.678733708295
146,10,0.785215633473,0.967819601739
147,10,0.978416159004,1.11836751122
148,10,0.856746143807,1.05885552825
149,10,0.43799398198,0.546063557975
150,10,0.8135966181,1.02064379878
151,10,0.565697834645,0.702473611701
152,10,0.588580422964,0.723158683685
153,10,1.03607206734,1.36494572495
154,10,1.08251020553,1.46337801455
155,10,1.39524582467,1.80195866992
156,10,0.708026528179,0.851273826148
157,10,1.28691611406,1.53700843665
158,10,1.18269393576,1.55791829008
159,10,0.714840575221,0.917652487301
160,10,0.840017803613,1.03849630717
161,10,0.831669422101,1.01909155288
162,10,0.822815854455,1.00647604494
163,10,1.27598309254,1.50633801099
164,10,0.851562599273,1.0898793603
165,10,0.999487703273,1.26013942819
166,10,1.55871950745,1.93110780905
167,10,1.27119941702,1.54398221841
168,10,1.99174318657,2.58686129251
169,10,0.917404019131,1.14870302282
170,10,0.558879613526,0.730585341055
171,10,0.774287933937,0.917285187028
172,10,1.02174514455,1.2480207082
173,10,0.816121388106,1.03771330168
174,10,0.704239389818,0.888538747646
175,10,0.422604960975,0.531970411609
176,10,0.809191853807,0.971494823877
177,10,0.616787390899,0.755879717425
178,10,0.753334964413,0.963536017123
179,10,0.497525920218,0.625499602685
180,10,0.451098433489,0.543531305326
181,10,0.629862337284,0.763342656109
182,10,0.532615479659,0.664212613953
183,10,0.455479222588,0.550431525164
184,10,0.530982606892,0.68920926154
185,10,0.576022567212,0.716924565334
186,10,0.765214476522,0.931925966864
187,10,0.961258929728,1.13819503927
188,10,0.799691035562,1.0341615844
189,10,0.716795898172,0.835656299602
190,10,1.14469863433,1.63384846205
191,10,1.08756555735,1.4461516337
192,10,0.587926699439,0.771323448287
193,10,0.846135513563,1.08702400815
194,10,1.01271186815,1.37311738206
195,10,0.393819478278,0.551505979285
196,10,0.790413036619,0.994955492818
197,10,1.07382077425,1.38339494092
198,10,0.776008558421,1.10269046131
199,10,1.0620828427,1.40432824648
200,10,1.04044881415,1.24341581298
201,10,0.872190442564,1.10632084115
202,10,1.64989585523,2.00504188447
203,10,1.47180460208,1.75169501968
204,10,2.23260261813,2.89393584054
205,10,2.11557817424,2.65456200664
206,10,3.60956318109,4.1894996175
207,10,1.8416730572,2.37037484282
208,10,2.45329524971,2.83893459334
209,10,0.951231008717,1.27375503467
210,10,2.2457540733,2.69072471435
211,10,3.66163613253,4.51863985229
212,10,3.83163601975,4.75477293519
213,10,2.5054823163,3.21844413367
214,10,2.68442227757,3.88716286059
215,10,3.41889809617,4.43655426835
216,10,1.81135121135,2.34658250876
217,10,2.76126047568,3.20033943337
218,10,2.4459238544,2.90475766201
219,10,1.33227850289,1.6029925058
220,10,1.28479277213,1.58301856282
221,10,1.25441788024,1.64396731748
222,10,1.31625015544,1.5902050696
223,10,0.999492005578,1.25089666828
224,10,0.891814177365,1.10923691373
225,10,1.48180398097,1.72562815625
226,10,0.854682314499,1.00954997221
227,10,1.33448366249,1.64734203688
228,10,1.12405058029,1.52248853163
229,10,3.2047259232,4.03340478392
230,10,1.75252729034,2.18666146984
231,10,1.83612775079,2.21932248819
232,10,1.49202441396,1.8125523816
233,10,2.66374956322,3.21139785795
234,10,1.03485035509,1.29545229831
235,10,2.02981294978,2.69215187827
236,10,0.856262333522,1.06445701449
237,10,0.790727447062,0.957521480679
238,10,0.798487764959,0.962910625375
239,10,1.0028291007,1.26912717831
240,10,1.17747250709,1.52936734044
241,10,0.930275621397,1.15070267285
242,10,1.77059888385,2.33074804308
243,10,2.41162257348,2.66867726865
244,10,1.9443733753,2.25805578283
245,10,1.70432865622,2.07675886754
246,10,0.956615020302,1.13728315137
247,10,1.88279252242,2.31171679924
248,10,1.61259200767,1.94854754605
249,10,1.79358279534,2.16073452454
250,10,1.4713129656,1.78576415108
251,10,2.18508567715,2.73051334105
252,10,1.19469069841,1.50470428446
253,10,3.24133399673,3.90400716662
254,10,2.40488603827,2.91885910598
255,10,0.956504093151,1.37184248469
256,10,0.793021972265,1.11615585289
257,10,1.86428305495,2.39331571126
258,10,1.80615407322,2.18420791991
259,10,0.742380330505,0.892967517601
260,10,0.732280671652,0.900082645779
261,10,1.30588944096,1.67310777832
262,10,1.51157842306,1.87926431967
263,10,1.20827135512,1.46290981967
264,10,1.75896015893,2.26433763305
265,10,2.38308837447,2.88897928133
266,10,1.34322674415,1.63846827441
267,10,1.86380074171,2.38664671548
268,10,1.74416467838,2.28724957447
269,10,1.60033539228,1.9377368342
270,10,2.69274942633,3.28865749275
271,10,1.5330675453,1.92308859568
272,10,1.50597267582,1.80494828167
273,10,1.3001901755,1.59924446119
274,10,1.24979933481,1.5655435544
275,10,1.26067500835,1.48725435863
276,10,1.11089394968,1.34396826077
277,10,1.18128026766,1.4596116056
278,10,0.685693519065,0.84504263277
279,10,0.838237928291,1.09040288829
280,10,1.26176441229,1.54525862285
281,10,1.93439282616,2.30283256771
282,10,1.45775414342,1.72412915793
283,10,1.34499362673,1.67248298444
284,10,1.66889822606,2.07683653788
285,10,0.962202788751,1.13511868241
286,10,1.03520328779,1.34454798992
287,10,1.17833457882,1.50698836114
288,10,1.33547351245,1.70289028539
289,10,1.53698376125,1.80791428983
290,10,0.964226625199,1.29487512168
291,10,1.05512969141,1.27846796617
292,10,0.917452063229,1.10198481164
293,10,0.572705505149,0.731489904147
294,10,0.681840669298,0.885481007077
295,10,0.894023483113,1.09982523502
296,10,0.757496413404,0.934750087951
297,10,1.05019996538,1.30340078249
298,10,0.82227775146,1.00912599878
299,10,1.33543971474,1.58178414864
300,10,0.854218053926,1.12509963912
301,10,0.768966408559,1.0109421835
302,10,0.704020003287,0.936865963607
303,10,0.43039295171,0.549796400056
304,10,0.732705042993,0.9548659212
305,10,0.828100583213,0.974907093092
306,10,0.697830749072,0.807853262801
307,10,1.1274664938,1.36172291104
308,10,0.914397931087,1.08271302792
309,10,1.37135603511,1.68589081466
310,10,1.78625423311,2.18445597061
311,10,2.29426110388,2.78593630456
312,10,1.66499606829,2.15499035249
313,10,2.48628226961,3.13003733444
314,10,3.56430851168,4.26865305579
315,10,1.76179483515,2.15532303957
316,10,1.29074434646,1.51556825951
317,10,1.30427289166,1.68360500794
318,10,1.11652980232,1.33076390156
319,10,1.68922340064,2.06163494522
320,10,0.80334929926,1.01118946522
321,10,1.12951534835,1.36457816791
322,10,1.07768093022,1.2694442773
323,10,1.32973091471,1.55335518474
324,10,1.45230294786,1.72905608931
325,10,0.849807518721,1.10125196241
326,10,0.758872163603,0.980602456449
327,10,1.50406919043,1.85862036317
328,10,1.00862031164,1.3513834367
329,10,0.938236228755,1.07682704899
330,10,0.815326574028,0.967419934015
331,10,0.727143336152,0.850989037745
332,10,0.938993252458,1.22501721346
333,10,0.79113391076,0.978056933257
334,10,0.7090497209,0.874011966051
335,10,1.81907345974,2.05864042598
