cycle,count,mae,rmse
50,5,1.04124074787,1.33953895164
51,5,1.30367874219,1.62693164347
52,5,1.08746633124,2.2184701635
53,5,2.43897198321,2.96125622267
54,5,1.41652135155,2.22120588747
55,5,1.01433226265,1.62394714198
56,5,1.22801435624,1.49132855332
57,5,2.71463122539,3.2138533444
58,5,2.35119375654,3.12994025648
59,5,1.91200821184,2.38572853156
60,5,1.30413986973,1.89813963186
61,5,1.18441231687,1.55835148676
62,5,0.619005423146,0.847257603759
63,5,1.58282610165,1.86702330432
64,5,1.06161370248,1.31985636222
65,5,1.06136784243,1.32155386221
66,5,1.55166723192,2.04910283095
67,5,3.90561837161,4.50181709763
68,5,1.34465780598,1.6319966468
69,5,1.00670721399,1.26885656922
70,5,1.85190468477,2.15799482303
71,5,0.660040484361,0.785361594502
72,5,0.629688763155,0.803925341438
73,5,1.05220977179,1.34046570995
74,5,2.88633167198,3.50529877465
75,5,1.66435418192,1.79781579643
76,5,0.674405582691,0.872155179833
77,5,1.56143779199,1.79264793633
78,5,1.92234207915,2.41017496024
79,5,1.44229237368,1.80538060526
80,5,1.45950984945,1.82362955529
81,5,1.91923961906,2.37361229017
82,5,1.32049996669,1.59422511545
83,5,1.19832157078,1.49679200206
84,5,0.926073802988,1.21357591662
85,5,0.597222593984,0.71916003982
86,5,1.41864481233,1.70964691559
87,5,1.38643641906,1.6877679041
88,5,1.6844915718,2.0264964482
89,5,0.912992990733,1.19729679746
90,5,1.21436356007,1.52943482663
91,5,0.770519778364,0.982059762523
92,5,1.93673468848,2.31034661107
93,5,1.14698821666,1.54184132839
94,5,1.0878555126,1.38684804296
95,5,1.55670213305,2.03333813419
96,5,2.06456713681,2.38773309137
97,5,1.1649686047,1.44051109963
98,5,1.26482004481,1.48936231604
99,5,0.635077064135,0.754430113238
100,5,0.890074768016,1.0870349734
101,5,1.28241138799,1.55935079451
102,5,1.09228587677,1.27529371544
103,5,0.450822068088,0.568506119919
104,5,0.866441305404,1.00676124232
105,5,0.65729659408,0.7989168222
106,5,2.21042831362,2.63799481831
107,5,1.15090858303,1.33851537838
108,5,1.00794781643,1.19964841135
109,5,0.643076929316,0.766774177744
110,5,1.52183262735,1.83393131728
111,5,1.08585220997,1.32888669211
112,5,1.07937347895,1.32259425079
113,5,1.44637410726,1.67410810133
114,5,0.794933750999,1.02338550698
115,5,0.908059505829,1.07367733231
116,5,0.965348904288,1.25455220927
117,5,1.04286190447,1.27181626293
118,5,0.778716972832,0.988490201347
119,5,1.0171182504,1.33987573937
120,5,2.3449123857,2.85199742956
121,5,2.6979080256,3.36720907835
122,5,4.37624059555,5.23602458885
123,5,2.2643857632,2.76267694503
124,5,2.27321102078,2.77001460459
125,5,2.51311038236,3.03208895886
126,5,1.59156350887,2.08662691047
127,5,2.76659657985,3.28754232427
128,5,0.910163921518,1.13517511273
129,5,0.931530968702,1.29358658557
130,5,0.887488202198,1.14105050611
131,5,0.995125712523,1.29794313348
132,5,1.73541488172,2.10515691305
133,5,3.46099977283,4.25352738042
134,5,1.76478730942,2.30744929688
135,5,2.76598704232,3.14317463712
136,5,2.77343023327,3.49638843177
137,5,3.02095307089,3.82252350584
138,5,1.17998735505,1.52399102226
139,5,1.64859446663,1.99397380057
140,5,1.0046800891,1.23293310611
141,5,0.604694738631,0.801878370886
142,5,0.69867431939,0.854319593863
143,5,1.01254762063,1.31377410844
144,5,0.844143049128,1.0296400677
145,5,0.594189247594,0.768203333479
146,5,1.12427705173,1.434582908
147,5,0.568395881382,0.758834635109
148,5,0.763639291645,0.943946363917
149,5,0.61602881014,0.841145671822
150,5,1.89907094462,2.31574184553
151,5,0.500910595541,0.692593436214
152,5,0.792923772776,1.04469577241
153,5,1.03934082248,1.36360679086
154,5,1.00628503528,1.30312617287
155,5,1.37443020191,1.71067420644
156,5,1.19689610284,1.49960801957
157,5,1.52082733211,1.79650585371
158,5,1.03772730142,1.37931589794
159,5,0.978193097991,1.2498907488
160,5,0.836082211055,1.11335223605
161,5,1.28373088466,1.5451571002
162,5,0.718767457126,0.934110170276
163,5,1.31011785965,1.68496534871
164,5,0.858711060098,1.09626023012
165,5,1.17007803252,1.51380946844
166,5,1.44483098047,1.67768876667
167,5,0.867151089766,1.13715948219
168,5,1.50512927023,1.97526542587
169,5,1.22088088724,1.49359775542
170,5,0.424456852569,0.59357678398
171,5,0.703505112555,0.854201472464
172,5,1.11360900652,1.32585569263
173,5,0.821456517686,1.03290238467
174,5,0.532488811303,0.763224360658
175,5,0.83060917884,1.01421757746
176,5,0.519467534407,0.618353456687
177,5,0.688188451102,0.808414013972
178,5,0.694509960921,0.849295402309
179,5,1.20313872391,1.47447317263
180,5,0.527325944341,0.640827417619
181,5,0.96969125744,1.15790819462
182,5,0.485023977517,0.635874390428
183,5,0.818736021613,0.989390255356
184,5,0.591055544245,0.780453920494
185,5,0.684604010929,0.882695806779
186,5,1.11901500078,1.38298785723
187,5,0.767975516978,0.916656531898
188,5,0.604089853371,0.725736082663
189,5,0.563330195043,0.716129109768
190,5,1.43897305842,2.07376228805
191,5,0.955889794835,1.196684088
192,5,0.599978229081,0.767912507487
193,5,1.03322297495,1.36315953685
194,5,0.814092860998,0.962806552702
195,5,0.514121193021,0.691757137371
196,5,1.09261081702,1.33554143087
197,5,1.19301532051,1.58552557168
198,5,0.687660551608,0.88017292598
199,5,2.01418956602,2.58607047628
200,5,1.27379953657,1.47909736039
201,5,2.17270347148,2.77469649951
202,5,2.36268524757,2.93308503185
203,5,1.94806446264,2.42060731755
204,5,2.16979709326,2.95420700355
205,5,1.79623767027,2.24256835884
206,5,2.15311824573,2.55381390071
207,5,2.04320591548,2.42702576605
208,5,1.74018648742,2.02836688208
209,5,1.24630932254,1.5557938402
210,5,1.90473902143,2.33280821787
211,5,3.42528780959,4.13039119042
212,5,3.44298164434,4.04649216714
213,5,1.81024535752,2.37994112119
214,5,2.28575054549,2.91427022629
215,5,2.5917060934,3.07799395912
216,5,2.02966103485,2.53270709676
217,5,1.78505869941,2.23762963849
218,5,1.79380662322,2.08314097725
219,5,2.05356730179,2.93608352739
220,5,1.24765091811,1.5708091014
221,5,1.44877196871,1.86569155258
222,5,1.73540824216,2.05939382993
223,5,1.25713793544,1.59244569092
224,5,1.2787137584,1.59416131043
225,5,1.21648093228,1.50636214537
226,5,0.703965498144,0.858083515619
227,5,1.09858429847,1.40827388542
228,5,1.09952007533,1.42862034499
229,5,1.42966608554,1.80287344872
230,5,2.46593709215,2.82403619336
231,5,1.9267331123,2.27250000944
232,5,1.838023444,2.19088778097
233,5,3.39344902055,4.0304577144
234,5,1.64355480084,1.91360363771
235,5,1.91928746154,2.32659504797
236,5,1.90373539795,2.54905996734
237,5,1.383738814,1.6899945468
238,5,1.21875255477,1.42561590667
239,5,1.37018353915,1.81340449802
240,5,1.54140454719,1.85487798543
241,5,1.65000632264,2.06884051893
242,5,2.14635800158,2.72141573807
243,5,3.76676167045,4.41845181532
244,5,3.20291448126,3.95161788427
245,5,1.8409172594,2.14381318275
246,5,1.23683962607,1.45229467333
247,5,0.957103287045,1.34303457258
248,5,4.29095635518,5.39440242451
249,5,2.34995763692,2.91257656018
250,5,2.06820501284,2.51770398283
251,5,1.06653564262,1.29576752395
252,5,2.4329541104,3.01353828918
253,5,2.79583157704,3.29547635434
254,5,2.45364006004,3.07449996092
255,5,0.733714821722,1.03062537737
256,5,0.775367246656,1.04617006443
257,5,3.07739333806,4.39955283351
258,5,0.977182701643,1.30436823124
259,5,0.917133092696,1.13291610394
260,5,1.03237654929,1.42153509625
261,5,1.25698824838,1.56776484152
262,5,0.833644069834,1.09681573838
263,5,1.305099105,1.59267432753
264,5,2.07387933941,2.47608385346
265,5,2.90614416659,3.63004533652
266,5,1.15284602323,1.43983247976
267,5,2.25810418392,2.73022219266
268,5,1.76103814476,2.18722805272
269,5,2.22587705527,2.80487696605
270,5,1.58399602368,1.98903298182
271,5,2.8197638123,3.56284643222
272,5,1.77053649693,2.05485710983
273,5,1.07451240072,1.31449080389
274,5,0.948166032955,1.25185901804
275,5,1.49694926846,1.88542048199
276,5,1.97806820183,2.43869425795
277,5,0.892809706783,1.06396226973
278,5,1.24599109629,1.40714937915
279,5,0.937924956565,1.19459038895
280,5,0.899656602438,1.15613409872
281,5,0.990501089846,1.27072597398
282,5,1.77333207736,2.07807844778
283,5,1.47428104318,1.82260376563
284,5,1.47810473366,1.80176507901
285,5,2.185204514,2.52451894592
286,5,1.13857339738,1.40245431135
287,5,1.66023672594,2.11994012906
288,5,1.75914886511,2.00155024433
289,5,1.58012418543,1.89351804943
290,5,1.12620074385,1.43954755455
291,5,1.46136425568,1.77037199064
292,5,0.837444242974,1.0053877153
293,5,0.852710099032,1.06600615594
294,5,0.546200081538,0.662121853187
295,5,2.51017505149,3.4812607776
296,5,0.912951208686,1.14512715676
297,5,0.805657271139,1.0266600166
298,5,0.948639650695,1.14358326206
299,5,0.986882795146,1.22688130154
300,5,0.706502553158,0.917270413977
301,5,0.70607744783,0.869175017335
302,5,0.980651217312,1.25106719106
303,5,0.935793932331,1.10996074315
304,5,0.822209858964,1.0650678093
305,5,0.754490286395,0.917899767661
306,5,0.911861407716,1.08521655329
307,5,0.608831344085,0.747430551221
308,5,1.36338761409,1.71504445846
309,5,1.15205570727,1.39236336426
310,5,1.79002104698,2.28874094525
311,5,1.22964310951,1.58157043832
312,5,1.95853943318,2.40748615047
313,5,3.93310010377,4.76273269056
314,5,3.4548160278,4.47251592893
315,5,1.29942933505,1.58440439786
316,5,1.06665662064,1.27988241106
317,5,1.25000152398,1.52027138987
318,5,0.954556625299,1.18874663266
319,5,1.86479173743,2.21973880357
320,5,1.77201012454,2.21582388875
321,5,1.01819709239,1.23189702209
322,5,1.54859548288,1.84737930054
323,5,0.783361530604,0.982077696961
324,5,0.604294742597,0.792815007583
325,5,0.798057326492,1.08590228929
326,5,2.37035901302,3.02595457413
327,5,1.64255151201,1.97811762552
328,5,1.8939943269,2.25655679062
329,5,0.734062846592,0.880604712155
330,5,0.993052006492,1.19081500469
331,5,0.650669089976,0.868265308366
332,5,0.631100011703,0.755037754832
333,5,1.19670574495,1.51626223422
334,5,1.33109080404,1.65611408999
335,5,1.96773102191,2.45744193643
