cycle,count,mae,rmse
50,10,1.0187795127,1.28034889693
51,10,1.61819306012,1.95269410168
52,10,1.02409307032,1.98639221419
53,10,2.19830048265,2.95801780192
54,10,0.938629215717,1.8676035711
55,10,0.903549852633,1.50706595813
56,10,1.10376248877,1.48048327879
57,10,1.37792648069,2.10628842142
58,10,4.86310476063,6.12037253337
59,10,1.80738891233,2.26581958807
60,10,4.26352475548,4.87376214294
61,10,0.962967685332,1.19907644066
62,10,1.34356247451,1.59496064442
63,10,1.72203009021,2.03235870971
64,10,0.989825092212,1.22010507236
65,10,0.580674292608,0.758475663909
66,10,1.61182355374,2.13403299798
67,10,6.07144469321,7.48547263119
68,10,1.07360056358,1.34171482841
69,10,0.915468201513,1.0944954578
70,10,1.6676572246,2.00025272858
71,10,0.845612643644,1.01418646822
72,10,0.747598193909,0.953697206123
73,10,1.21725181,1.55519977581
74,10,2.10330395323,2.6599225128
75,10,0.966481638477,1.23881216968
76,10,1.24851190581,1.50650410453
77,10,0.973915734095,1.18855509117
78,10,1.57866973594,2.04178713014
79,10,1.80942249789,2.12746633035
80,10,2.17615228427,2.65587545711
81,10,2.14081831997,2.58444272069
82,10,0.975998238528,1.23383269991
83,10,1.13843860652,1.49074639085
84,10,0.658859252702,0.867642886912
85,10,0.614468859361,0.747826333501
86,10,0.614854858941,0.792486033441
87,10,0.830948265183,1.10320063634
88,10,2.13397459714,2.67479122741
89,10,0.782385050981,1.03219929559
90,10,1.21069225634,1.56756887998
91,10,0.794997997031,0.925814084134
92,10,1.83160173712,2.35987193051
93,10,1.31031311848,1.61363298276
94,10,1.41039355975,1.95389091854
95,10,1.31957792557,1.67847383568
96,10,1.33273228185,1.7777215044
97,10,0.654507242065,0.795562596052
98,10,0.571799139171,0.726007294263
99,10,0.679731468279,0.818219265341
100,10,0.45168609707,0.551577406755
101,10,0.98320590794,1.1331812355
102,10,0.799967260594,1.00865271121
103,10,0.563972457034,0.712730627174
104,10,1.03643446893,1.23708306188
105,10,0.749103487026,0.928863557538
106,10,0.582293388294,0.716814369528
107,10,0.89526650168,1.05232704695
108,10,0.583334759079,0.736713961348
109,10,0.795856669041,0.991682023416
110,10,0.905112139029,1.11240259848
111,10,1.25182473642,1.54353697269
112,10,0.704640912177,0.913876440178
113,10,0.910759196063,1.24528283742
114,10,0.915959318904,1.1715247373
115,10,0.725219738554,0.900825851094
116,10,0.692258030006,0.867156820305
117,10,0.775059118537,0.953565686091
118,10,0.743035520935,0.908238388743
119,10,0.881550044817,1.14605591274
120,10,3.32452766869,3.94052600352
121,10,2.70051577003,3.48583407463
122,10,3.68117479435,4.70766636238
123,10,3.13327998147,3.75643762473
124,10,2.99284901594,3.90499836157
125,10,2.12648204159,2.68300050681
126,10,1.8388605243,2.41089269234
127,10,1.9650046639,2.50542790733
128,10,0.819821175553,1.00349783366
129,10,0.986286646652,1.42613546808
130,10,1.08414275136,1.44637970506
131,10,1.74113201947,2.13148506277
132,10,1.380839524,1.69537964557
133,10,1.17678205728,1.49015341146
134,10,2.95929405972,3.5767300553
135,10,3.12864163025,3.58430552247
136,10,1.75372453994,1.95884015494
137,10,1.10303804183,1.47740098952
138,10,1.03413084031,1.33614049972
139,10,1.14094417166,1.38474463695
140,10,0.565227434745,0.695157805688
141,10,0.658578582758,0.830571277798
142,10,0.765940181024,0.968324513071
143,10,0.696198431839,0.894616292507
144,10,0.828168262707,1.03558554328
145,10,0.492348592786,0.647332671265
146,10,0.892735354912,1.09224790152
147,10,0.620768147592,0.755557951359
148,10,0.618462759192,0.746760163147
149,10,0.669206150385,0.825755321269
150,10,0.844352133825,1.01916463763
151,10,0.591517009834,0.723524271033
152,10,0.572194343327,0.732541201013
153,10,1.16423596749,1.47083224462
154,10,1.28008335414,1.56162000499
155,10,1.29409071912,1.52089427538
156,10,1.54303545513,2.00621136273
157,10,1.40245231647,1.68917166891
158,10,1.04497040189,1.23338393003
159,10,0.857421098225,1.07503462618
160,10,0.766241714343,0.964942963107
161,10,0.954462351332,1.20261323105
162,10,0.669741221628,0.832848406468
163,10,0.809298739808,1.01494522498
164,10,0.823647127563,1.0922039712
165,10,1.09384041286,1.32785822503
166,10,1.05553217184,1.28621046065
167,10,1.30073184769,1.60875695441
168,10,2.57865578281,3.28249228482
169,10,0.807810643593,1.01930403233
170,10,0.921831679302,1.18403428162
171,10,0.567299257363,0.722693905668
172,10,0.800410675595,1.00475044188
173,10,0.643948852,0.779412355452
174,10,0.871197563343,1.07520298111
175,10,0.463287025028,0.606602241739
176,10,0.442357181583,0.576273414833
177,10,0.577354927759,0.724395228894
178,10,0.746441624025,0.965083325147
179,10,0.807599638513,1.01603702175
180,10,0.487519909156,0.582269528808
181,10,0.49218252448,0.583804053745
182,10,0.933656551801,1.33098214914
183,10,0.736760417168,0.899143719027
184,10,0.781800151813,0.930098975295
185,10,1.06858078645,1.32180082547
186,10,0.612973719678,0.755590524888
187,10,0.73863978679,0.949395501538
188,10,0.729925998135,0.942472617872
189,10,0.550926701081,0.736703543075
190,10,0.792419886879,1.00705319228
191,10,1.4921074167,1.81390014301
192,10,0.528846212517,0.753970754212
193,10,1.09889060965,1.35842202486
194,10,0.554701591531,0.712329887404
195,10,0.547814198057,0.728951841216
196,10,0.61695219223,0.77778965546
197,10,1.79011028579,2.36040439538
198,10,0.600890695643,0.819433156276
199,10,0.774459846721,0.930888831885
200,10,0.819751061137,1.06462954208
201,10,1.44757060642,1.78576060365
202,10,2.12361918903,2.45291680281
203,10,1.20276714129,1.63797451973
204,10,2.83596161431,3.52443110909
205,10,1.81520557993,2.17900470388
206,10,2.45452235297,3.01597816574
207,10,2.41590806642,2.95071608235
208,10,2.64331355132,3.43524596135
209,10,2.22051071101,2.84062512729
210,10,2.5507912521,3.03348363777
211,10,2.81500262499,3.53314431262
212,10,2.28350663074,3.08200637849
213,10,1.9959191079,2.7154907927
214,10,3.07459081106,3.90250699893
215,10,3.84213470737,4.6328017668
216,10,3.6913400922,4.51288360421
217,10,2.5302624395,3.59393089708
218,10,1.63170345754,1.97297761316
219,10,1.34413675283,1.62950128909
220,10,1.4299972341,1.78019014134
221,10,1.16151781112,1.49739741041
222,10,1.16916139305,1.48673394631
223,10,1.24092235873,1.54836727608
224,10,0.900298896784,1.16322346292
225,10,0.869997896002,1.02257109536
226,10,0.85459604785,1.08668150053
227,10,1.31142721758,1.7038318223
228,10,1.10601954413,1.46089660472
229,10,1.93938044275,2.40260835675
230,10,1.99161888184,2.35830594447
231,10,1.51370127702,1.81402886337
232,10,1.4346786454,1.73943183258
233,10,2.14509714203,2.55984480043
234,10,1.74909737502,2.03773258544
235,10,1.70103786396,2.07609549559
236,10,0.949781729533,1.11985060719
237,10,0.907068630111,1.09556200683
238,10,0.93402076751,1.16110619443
239,10,0.987406643547,1.25407370411
240,10,1.24053228932,1.51043110408
241,10,1.23318054316,1.53391208182
242,10,2.32336074054,2.81363523431
243,10,1.6716483218,2.05829650293
244,10,3.18407902115,3.76120155943
245,10,1.97743750096,2.36238451151
246,10,1.11190200427,1.3439878678
247,10,1.00228202053,1.25034580741
248,10,1.46470222431,1.77041030875
249,10,1.73053997108,2.02060558564
250,10,0.996542361894,1.43800744658
251,10,1.38205934215,1.67589233937
252,10,1.72953248339,2.08099016927
253,10,2.04697539955,2.4777667865
254,10,2.06111048655,2.63173740942
255,10,0.882663958552,1.13822091672
256,10,0.825730445037,1.16364267006
257,10,1.82014934446,2.19062618881
258,10,1.49376397495,1.83669201838
259,10,0.810595468664,1.01879168506
260,10,0.875792944443,1.08751657271
261,10,1.09800820042,1.36406879409
262,10,1.28116855707,1.55406677432
263,10,1.00650223806,1.27800929771
264,10,3.20059007772,4.07681830501
265,10,2.26004286354,2.78099414411
266,10,2.00433110558,2.48745797752
267,10,1.45978832536,1.92731514193
268,10,1.33884966107,1.71619596604
269,10,1.83218897602,2.12973056943
270,10,1.40022803677,1.75259392457
271,10,2.40204517297,2.87541038906
272,10,1.8791760595,2.23900110447
273,10,1.12027910753,1.53724548317
274,10,1.26206878896,1.55861889117
275,10,0.897404570981,1.1522017554
276,10,1.2718830676,1.60676241592
277,10,1.14706579497,1.50155397088
278,10,0.745473122589,0.925049912802
279,10,1.16154919067,1.53385649961
280,10,1.17614126426,1.5122749165
281,10,1.8725200957,2.45621585515
282,10,1.7815930364,2.32585881757
283,10,1.19875943279,1.55145167829
284,10,2.05492501997,2.40908098408
285,10,0.959087636952,1.22670573375
286,10,0.781960038034,0.998976137862
287,10,1.11660580706,1.35887045997
288,10,1.51953638395,1.86458291094
289,10,1.49889923199,1.84788312392
290,10,0.861733662309,1.08988438755
291,10,1.03109306504,1.32719160044
292,10,0.793154047781,0.933268680967
293,10,0.78829782213,0.932884891034
294,10,0.966032776023,1.23950801335
295,10,0.761681056411,0.97988550053
296,10,0.926599173383,1.17069676907
297,10,0.781769823521,0.970215822758
298,10,0.814376216382,1.03604686718
299,10,0.740651295567,0.928200130974
300,10,1.11601933583,1.29612771069
301,10,0.870604118694,1.12275058758
302,10,0.758627407433,0.946759798043
303,10,0.783649390846,0.908993221449
304,10,1.09120228335,1.30809937312
305,10,0.695333696458,0.864629299457
306,10,0.659304825006,0.826025812803
307,10,0.661881410573,0.787758231166
308,10,1.028731891,1.25670679854
309,10,1.04766380844,1.2307776952
310,10,1.7639945619,2.02287937033
311,10,1.38244776589,1.75619705668
312,10,1.15372063375,1.57563433869
313,10,2.20004330439,2.63466684956
314,10,1.98349538216,2.4044211653
315,10,1.44677898798,1.72611368282
316,10,1.74539788742,2.22923133556
317,10,2.37105827745,2.81493325655
318,10,1.02967589246,1.28203091148
319,10,1.11470904026,1.35244631972
320,10,0.750111493189,0.919296550143
321,10,0.754647256395,0.945977705219
322,10,1.09241744976,1.33049768315
323,10,1.01055020107,1.1894254767
324,10,1.03567630434,1.35477963555
325,10,0.787186550744,0.997223226207
326,10,1.10922552635,1.41631585127
327,10,1.86053192763,2.23078370181
328,10,1.02002417708,1.25855247442
329,10,1.13146928481,1.39780650489
330,10,0.788800612598,0.915073777431
331,10,1.03890005702,1.27695555467
332,10,1.23670379302,1.47419967141
333,10,1.11447650903,1.27618072848
334,10,1.13320573853,1.48020399489
335,10,1.45421149431,1.85136406624
