cycle,count,mae,rmse
50,25,1.10104264631,1.36738315548
51,25,1.0279475457,1.23594108026
52,25,0.950402987969,2.05401567981
53,25,1.40392595433,2.27069243042
54,25,2.04344654707,2.77768407424
55,25,0.657659912379,1.43892685599
56,25,0.91085528095,1.14064926398
57,25,1.65918357977,2.3436884434
58,25,4.42677715515,5.75091101745
59,25,3.60359810635,4.59049741974
60,25,1.67612878447,2.00283686255
61,25,0.945906928582,1.25835971845
62,25,0.848027432669,1.10446229035
63,25,1.29148859601,1.70617727303
64,25,0.90843158586,1.12828644586
65,25,0.738425505919,0.908731595013
66,25,1.65014959788,2.06824920868
67,25,5.31531488904,6.98885134835
68,25,1.43668590593,1.69802506488
69,25,0.508872951865,0.646093933479
70,25,1.10672145376,1.42219039899
71,25,0.746752557904,0.885706150459
72,25,0.580377821709,0.712135741809
73,25,0.928058929145,1.15699847382
74,25,1.18392214316,1.60413361123
75,25,1.06820793356,1.28928257085
76,25,0.698149716266,0.901300512117
77,25,1.143788867,1.40004243826
78,25,1.62311065489,2.00678582808
79,25,1.4602144487,1.70409180968
80,25,1.1115968253,1.40353756248
81,25,1.21902109364,1.53290627787
82,25,0.95524740854,1.26545926753
83,25,0.768876596323,1.05469678292
84,25,0.50485117843,0.704803421835
85,25,0.453422939906,0.601781285733
86,25,0.696789463452,0.856288970049
87,25,0.656885134106,0.927890566085
88,25,1.37873244982,1.67624011598
89,25,0.854607527789,1.12198647535
90,25,0.830547227226,1.06268950349
91,25,0.671285714884,0.820831144539
92,25,1.34876041774,1.58984725305
93,25,1.5904013422,2.04851135533
94,25,0.778557401589,1.00422475641
95,25,1.12691838203,1.40788313876
96,25,1.07683064925,1.36981808759
97,25,0.51790183959,0.671970101022
98,25,0.550647023465,0.686186361517
99,25,0.5842054419,0.708712445069
100,25,0.724026685907,0.88402951525
101,25,0.781377161481,0.93219366763
102,25,0.637599603266,0.804878912996
103,25,0.517727410902,0.621057048796
104,25,0.793838398473,0.990829267379
105,25,0.673014579638,0.802744251125
106,25,0.612085203318,0.718654555024
107,25,0.71186105863,0.812079175499
108,25,0.762930766597,0.904657450865
109,25,0.653259896997,0.821091271894
110,25,0.820847190837,0.94205822644
111,25,1.04464684014,1.19894355489
112,25,0.741522988147,0.884081858813
113,25,0.839951744557,1.18754639785
114,25,0.626787682198,0.847884762371
115,25,0.834307239578,0.988335892625
116,25,0.524232747425,0.708971471013
117,25,0.692761655194,0.828422759462
118,25,0.639411067639,0.771254775942
119,25,0.879078136889,1.10724102803
120,25,2.39890832772,2.89255701293
121,25,1.97417370049,2.4663084586
122,25,3.24461131658,3.86650153829
123,25,2.55934741379,3.12549891521
124,25,1.96685551227,2.54763637808
125,25,1.94468998832,2.52980825904
126,25,1.59571020557,1.98134438934
127,25,1.95089576679,2.58085815195
128,25,0.817875517523,1.04678778358
129,25,1.09309685974,1.46403188073
130,25,1.07548011731,1.40704488931
131,25,1.10762172734,1.33067405982
132,25,1.21081187284,1.45335424978
133,25,1.90012881802,2.30943899855
134,25,3.30254636808,4.08151338222
135,25,1.39129702375,1.70517956873
136,25,1.20509390076,1.46939721023
137,25,1.6952755779,2.15157866167
138,25,0.865833538563,1.10895868846
139,25,0.819430927627,1.0161733781
140,25,0.492520984587,0.613081997548
141,25,0.453102761738,0.616332413749
142,25,0.525940281498,0.67308068402
143,25,0.822290425816,1.06241152328
144,25,0.539785711072,0.67527100071
145,25,0.4646854668,0.600280743435
146,25,0.788807532819,0.960921522646
147,25,0.528301152685,0.66281168917
148,25,0.594722542076,0.743390307248
149,25,0.511490090839,0.648516404997
150,25,0.564223449821,0.669833743576
151,25,0.488964626059,0.603301091942
152,25,0.408803412813,0.541742048702
153,25,1.13604590085,1.46561907548
154,25,0.886371336241,1.19207677143
155,25,0.971150604096,1.28955707239
156,25,0.711168627668,0.868650761998
157,25,1.01272267428,1.24113444505
158,25,0.977738008914,1.19457958099
159,25,0.735577573873,0.932810277075
160,25,0.768721769808,0.924567360387
161,25,0.696383431821,0.867120336977
162,25,0.663743331984,0.822365553548
163,25,0.671193073738,0.85406293954
164,25,0.67497605902,0.894401111443
165,25,0.877764821681,1.05045913216
166,25,1.51365524157,1.67767857807
167,25,0.820206262357,1.0868749664
168,25,1.42808305901,1.70841355233
169,25,0.673922399449,0.890189897995
170,25,0.509607109188,0.656470540291
171,25,0.721822684352,0.86491030413
172,25,0.764527113518,0.926071621713
173,25,0.777391042692,0.929690851725
174,25,0.597770086772,0.734840315993
175,25,0.511534609001,0.634223284221
176,25,0.412095517947,0.507333094779
177,25,0.531303941638,0.66307876486
178,25,0.669150384651,0.791489448219
179,25,0.599630298674,0.741448100783
180,25,0.561810297048,0.710727713493
181,25,0.676301542979,0.823374708115
182,25,0.830442099288,1.02762208973
183,25,0.629319736967,0.760595384619
184,25,0.680337135805,0.836222496808
185,25,0.500108415622,0.620738932051
186,25,0.746388917921,0.890675343873
187,25,0.742078748308,0.894605509149
188,25,0.62142498977,0.840162326658
189,25,0.558501638766,0.65601806505
190,25,0.700245778509,0.987585803836
191,25,0.718982578323,0.974850008811
192,25,0.699693727021,0.827565047863
193,25,0.74470251364,1.06600341778
194,25,0.623538012903,0.777609536924
195,25,0.476270770347,0.570557336652
196,25,0.735884099453,0.914596703697
197,25,0.715605202378,0.946061264334
198,25,0.869251662026,1.16777348857
199,25,0.705990959133,0.984509594353
200,25,0.760958696247,0.951222866056
201,25,1.0054781364,1.20621541838
202,25,1.63592576524,2.01008769892
203,25,1.22001090963,1.44455949951
204,25,2.40567635054,2.84948293125
205,25,1.6672534169,1.9573122331
206,25,1.75254440148,2.04314985586
207,25,1.54248318898,1.87173033566
208,25,1.45156236263,1.65702387837
209,25,1.19349138618,1.48468891196
210,25,1.51866559338,1.81331463784
211,25,4.34233404527,5.3570074568
212,25,2.53112613417,2.84804980235
213,25,2.0081017378,2.49355259139
214,25,2.54378808075,3.35431856346
215,25,2.63640264367,3.49638334132
216,25,1.96503874045,2.38318314665
217,25,1.66482531671,1.96121447924
218,25,1.73464334273,2.17464622033
219,25,1.01333886511,1.3300603945
220,25,1.34646486644,1.75386155539
221,25,1.42304705328,1.76312222828
222,25,1.1571012329,1.41491177203
223,25,0.867835864075,1.1092284707
224,25,0.661416859761,0.834215733911
225,25,0.751975601265,0.940902235486
226,25,0.731819899583,0.940872837475
227,25,1.33755736875,1.61749491093
228,25,1.16833852989,1.40559827754
229,25,1.6771835738,2.04120760482
230,25,1.55542241717,1.85265492937
231,25,1.21446580158,1.47160138788
232,25,1.8811796784,2.17712677188
233,25,1.62984563982,1.99073248762
234,25,1.25603166007,1.4813654592
235,25,1.34260989922,1.61836816552
236,25,0.837760326609,1.02552498071
237,25,0.686673690774,0.857646699875
238,25,0.98645209374,1.18707880824
239,25,1.22649604353,1.48477994832
240,25,1.1294678071,1.33437241776
241,25,1.08455027283,1.31886528993
242,25,1.31645273911,1.5346709185
243,25,1.43825301276,1.79625157138
244,25,1.52022339057,1.83327770129
245,25,1.40219873908,1.65299424537
246,25,1.0589435498,1.26810176548
247,25,1.03785220736,1.24415684191
248,25,1.15162302499,1.58021305528
249,25,1.50337605266,1.8065846722
250,25,1.91855354491,2.34593118222
251,25,1.4831410024,1.69054040136
252,25,1.29147185867,1.59583375345
253,25,2.63392957065,2.99266420633
254,25,1.34531438844,1.72684549423
255,25,0.654919091057,0.985825282882
256,25,0.782343808093,1.10970881798
257,25,2.11286253765,2.43995630959
258,25,0.815506336113,1.14219649235
259,25,0.655178669494,0.820357469953
260,25,0.680393972435,0.84205431409
261,25,0.735724518252,0.942245983385
262,25,1.04717027448,1.3127811974
263,25,1.08512971699,1.36743357067
264,25,1.77485999684,2.33745726934
265,25,1.76039783631,2.23260523114
266,25,1.13486448958,1.37709940369
267,25,1.35006496958,1.60799671382
268,25,1.49900927164,1.89646830984
269,25,1.44999473211,1.78277588022
270,25,1.4288677278,1.74328627132
271,25,1.18726856299,1.47904014129
272,25,1.20631114343,1.50585738089
273,25,0.848368938203,1.13490301013
274,25,0.66766804439,0.931398866135
275,25,0.733488914665,0.938730322569
276,25,1.39623171066,1.75834648979
277,25,0.704743890718,0.94000448563
278,25,0.844397772216,1.04122717103
279,25,0.893001664223,1.076555294
280,25,1.11784485838,1.42421840679
281,25,1.2375420121,1.55874131505
282,25,1.51172348737,1.87584622676
283,25,0.946969192075,1.21958620257
284,25,1.34901791679,1.70801112988
285,25,0.816919564784,0.990829641685
286,25,0.865050280987,1.13203176845
287,25,1.28350383129,1.51082836538
288,25,1.28691436636,1.64742963655
289,25,1.08869893933,1.35604020925
290,25,0.985756222046,1.31688170599
291,25,0.987711405773,1.13756304777
292,25,0.638749632568,0.776648154003
293,25,0.668232714463,0.790607271793
294,25,0.493625783829,0.658637229445
295,25,0.891966143364,1.09646137283
296,25,0.537663052686,0.69659770823
297,25,0.734464698658,0.889112867531
298,25,0.69186703241,0.878930631276
299,25,0.710490329995,0.924863493083
300,25,0.801915911743,0.993374365557
301,25,0.695604850548,0.901589529809
302,25,0.546633353911,0.702562595993
303,25,0.715736085328,0.832509606343
304,25,0.773133883868,0.919772047515
305,25,1.02095492704,1.21280949159
306,25,1.08625034465,1.27686500191
307,25,0.735965270843,0.860103255737
308,25,0.927890178331,1.10503134076
309,25,1.12658878852,1.4756306626
310,25,1.03120411267,1.25739005057
311,25,1.27398792605,1.62357865455
312,25,1.2304772208,1.63756845806
313,25,2.00471097309,2.51250976597
314,25,1.10727489951,1.35272544589
315,25,1.25785035906,1.55688152542
316,25,1.01178590607,1.21660430636
317,25,1.02821724725,1.26796447074
318,25,0.880267608289,1.09515329433
319,25,1.05418401848,1.29355754
320,25,0.716007799808,0.866609723375
321,25,0.889964251158,1.06242244102
322,25,0.930412669723,1.10270342878
323,25,0.900456482866,1.02578916906
324,25,1.03998878482,1.2141292187
325,25,1.17620777193,1.38528515463
326,25,1.02397288678,1.1866034679
327,25,1.1780543918,1.4742190196
328,25,1.02265976134,1.29300367503
329,25,0.617854963627,0.766344386445
330,25,0.596781949733,0.720442586149
331,25,0.530254724436,0.697137445438
332,25,0.731735174645,0.892239052009
333,25,0.75109372704,0.936922756547
334,25,0.758591606483,0.936257618124
335,25,1.92939494385,2.12148227801
