cycle,count,mae,rmse
50,10,0.970460003289,1.26548366216
51,10,1.36267991174,1.69259885148
52,10,4.91339634437,6.31281063625
53,10,1.89206968966,2.54617738264
54,10,0.881133849024,1.66420666167
55,10,1.11631403591,1.6504332472
56,10,1.26030944379,1.48593250769
57,10,2.0457481646,2.75950056261
58,10,2.55915820664,3.22936993541
59,10,3.88605246418,4.6268521983
60,10,2.6242746026,3.1639862116
61,10,1.01613592791,1.31888381999
62,10,0.663649835326,0.934747983319
63,10,3.41659019965,4.33151322581
64,10,1.13030976175,1.40238179713
65,10,0.809639814319,1.06362297677
66,10,1.63919335596,2.00592065717
67,10,9.10586335334,11.619045287
68,10,1.23876650703,1.5523490171
69,10,0.860766265403,1.03388664317
70,10,1.16825808089,1.4315832941
71,10,0.679772434331,0.832590650597
72,10,0.564144895926,0.706588140348
73,10,0.972555002562,1.20327734305
74,10,1.18324653452,1.4786263342
75,10,0.78187092339,0.996902532086
76,10,0.82105364715,1.04987721007
77,10,1.22634619742,1.64183524641
78,10,2.57403068121,3.25278799629
79,10,0.974869422756,1.16167008481
80,10,1.21446969848,1.58203941589
81,10,2.56974977754,3.26315756096
82,10,1.52798740949,1.95230128222
83,10,1.04006952117,1.4587791997
84,10,1.08227663511,1.38071793617
85,10,0.474401705148,0.599644331255
86,10,0.492745470786,0.62176460914
87,10,0.856384130678,1.07153294311
88,10,1.26363650852,1.62339436797
89,10,0.865366930099,1.06335510163
90,10,0.874663876432,1.15681966824
91,10,0.719767332098,0.868008494611
92,10,2.85740717405,3.46156950624
93,10,1.49337780657,1.82227374993
94,10,1.13754027999,1.39900006725
95,10,1.57929136294,1.90150539038
96,10,1.87333673655,2.15130869759
97,10,0.748892907052,0.906419043194
98,10,0.642018109399,0.810595521128
99,10,0.658444065283,0.780638518933
100,10,0.62402228421,0.763042303371
101,10,0.778458741842,0.980023783916
102,10,0.6849340378,0.842492294519
103,10,0.610331065457,0.736341665941
104,10,1.03536793083,1.33893809706
105,10,0.815856422533,0.956149595533
106,10,0.485164259569,0.584243409171
107,10,0.879981034144,0.995151283232
108,10,1.07595071643,1.2895368757
109,10,1.2131406107,1.55158028674
110,10,1.3336607875,1.60899315562
111,10,0.812661463214,1.05032092724
112,10,0.808685280108,1.08228670304
113,10,0.949785397317,1.21944897911
114,10,0.814337295883,1.08755149415
115,10,0.879513107162,1.10880172391
116,10,0.563608701842,0.714346984758
117,10,0.825195479979,0.987934196835
118,10,0.84025713784,1.029480838
119,10,1.04824286699,1.27279544279
120,10,3.56147254373,4.46384125836
121,10,2.34704672534,2.98499715246
122,10,4.14479419251,5.01266962564
123,10,2.52405541277,3.28340607337
124,10,2.78328826213,3.69215927617
125,10,2.61396958079,3.20154332472
126,10,2.65077548622,3.29094094893
127,10,2.14142550676,2.63558302035
128,10,0.876269157146,1.09624859508
129,10,1.38892386746,1.64484662832
130,10,1.09935893973,1.48410644676
131,10,1.42575381179,1.66860664621
132,10,1.22998359473,1.49203279186
133,10,1.81289083299,2.32056560676
134,10,1.83568250409,2.33392349044
135,10,1.86115871929,2.40296152666
136,10,1.56745215486,1.91873612219
137,10,2.44356903374,2.9416925004
138,10,0.956426365143,1.19258655794
139,10,0.833898174291,1.06384619959
140,10,0.90405239077,1.0943715381
141,10,0.475217534143,0.626587911875
142,10,0.665958104946,0.864101591907
143,10,0.872383930512,1.1084638808
144,10,0.513248525715,0.670203845176
145,10,0.683534713755,0.842782608422
146,10,1.03302225137,1.27867244685
147,10,0.582308905786,0.769965461713
148,10,0.504773569398,0.649512029577
149,10,0.591340000226,0.725754174756
150,10,0.850906010771,1.10978477461
151,10,0.597211161219,0.767352593235
152,10,0.491685254351,0.649792344636
153,10,1.21281843913,1.52728685281
154,10,1.52637174656,2.00265591941
155,10,1.08633963491,1.43677438071
156,10,1.30982985524,1.83354375173
157,10,2.02480601994,2.48079893608
158,10,1.27362073833,1.57126213503
159,10,0.878501001902,1.14851404512
160,10,0.844913925821,1.0779261637
161,10,1.30127749035,1.63493881672
162,10,0.833711358196,1.01454195673
163,10,0.878212753495,1.067993214
164,10,0.717650999038,0.896997980105
165,10,0.999081643424,1.30501861463
166,10,1.1318188355,1.41143178098
167,10,1.05250603036,1.41857316443
168,10,1.38421190351,1.68393027101
169,10,0.723319235572,0.99608896969
170,10,0.607495360871,0.80002410791
171,10,0.746940965416,0.935685005838
172,10,0.77020003707,0.9409661366
173,10,0.6681402471,0.833787354188
174,10,0.575094618878,0.691265433312
175,10,0.771410569171,0.966825118312
176,10,0.65600133102,0.857295494933
177,10,0.632736806277,0.769532527104
178,10,0.918039313838,1.12586364788
179,10,0.971444921364,1.21735396833
180,10,1.11900709585,1.36518769107
181,10,0.974838349859,1.1907406504
182,10,0.857337506572,1.08296521297
183,10,0.829045950285,1.02735607337
184,10,1.17110468176,1.47009126618
185,10,0.673783373987,0.814707327621
186,10,0.552923106034,0.711194418105
187,10,0.838306594149,1.05527372753
188,10,0.91247677481,1.14647274193
189,10,0.573512923004,0.735733739966
190,10,0.877015174513,1.16592232199
191,10,1.01556553796,1.3883874872
192,10,0.614168327656,0.739110083736
193,10,1.24377662376,1.7163418825
194,10,0.845532989582,1.0902681169
195,10,0.718389880276,0.822894181024
196,10,0.883683967252,1.06286327733
197,10,0.774962779749,1.05657086779
198,10,0.997275330772,1.36621279494
199,10,0.495333315019,0.710160132567
200,10,0.943121392723,1.26831307416
201,10,1.54891809072,1.83916303143
202,10,1.9816199717,2.29329429906
203,10,1.87974168938,2.23077447028
204,10,2.80799415132,3.70926017674
205,10,1.858627095,2.26799645426
206,10,2.9949779691,4.15206238069
207,10,2.06163233356,2.57511781376
208,10,2.28791919681,3.05018295151
209,10,1.0564158855,1.23331336662
210,10,1.7353916609,2.09676672499
211,10,4.43168217607,5.9907083901
212,10,2.49583179517,3.09312614706
213,10,2.43378540456,3.15994765559
214,10,2.35293399479,3.10606396585
215,10,2.71047015542,3.71706082315
216,10,2.1989361816,2.75958272387
217,10,1.95599643781,2.40119535998
218,10,1.71874180115,2.19159204606
219,10,1.04385010533,1.39768279234
220,10,0.975873358158,1.27437959626
221,10,1.26439637691,1.61269775115
222,10,1.39145275485,1.71938705425
223,10,1.34212619568,1.63701086106
224,10,0.635322831457,0.852067207133
225,10,0.891123289132,1.0888861071
226,10,1.24731468784,1.59664357249
227,10,1.24710948048,1.59339550076
228,10,1.04261690008,1.39913546251
229,10,3.17020893817,3.92082310317
230,10,2.09022876863,2.44353224255
231,10,1.31814554298,1.68465233097
232,10,2.61162082162,3.13809406275
233,10,1.27902353872,1.65004967057
234,10,1.55401690846,1.81499457242
235,10,1.20788079325,1.40835170809
236,10,1.31769328664,1.58191333366
237,10,1.1470357958,1.40539708336
238,10,1.14145928924,1.41556835751
239,10,1.21959221489,1.4833612882
240,10,1.25451004378,1.50831172919
241,10,1.24063960515,1.50485041579
242,10,1.24274245243,1.58496144446
243,10,1.73825606307,1.98019670804
244,10,1.66010387285,2.10386537826
245,10,1.95821332732,2.33770551772
246,10,1.00850058681,1.22476335635
247,10,1.61536717892,1.93040146458
248,10,1.33124308464,1.585944773
249,10,1.79605674248,1.98479655528
250,10,1.81096303362,2.14701619175
251,10,1.54627937468,1.95142719726
252,10,1.74994910258,2.2332387153
253,10,2.88885513449,3.3007065168
254,10,2.20346967187,2.78870703301
255,10,0.922879437876,1.35447787689
256,10,1.51781665462,1.8282655935
257,10,1.71972124534,2.17311617821
258,10,1.1944165434,1.40505518922
259,10,1.04416426085,1.29777240006
260,10,0.725014198634,0.892631761874
261,10,0.667211118171,0.818554418819
262,10,1.13437435412,1.39771128514
263,10,0.947687460091,1.1353659424
264,10,1.62266230649,2.01998256318
265,10,2.07832964126,2.49982142756
266,10,1.87146905338,2.27621938498
267,10,1.66859824537,2.12029555229
268,10,1.45011778343,1.85264701485
269,10,1.45040658985,1.7934371203
270,10,2.00230208626,2.48691443723
271,10,1.14645069092,1.42684814696
272,10,0.944913650847,1.12588644321
273,10,1.10928416819,1.37566924773
274,10,0.79202353573,1.0080072583
275,10,0.714316245328,0.932060318303
276,10,1.32387658337,1.56330962923
277,10,1.06037723046,1.40345712968
278,10,0.767686255504,0.968702296161
279,10,1.0090839144,1.32343252834
280,10,0.898079490269,1.02945271353
281,10,0.906778057157,1.11883001312
282,10,1.51100439982,1.97300299731
283,10,0.94922865075,1.22929515791
284,10,1.71471144542,2.13314481984
285,10,1.28801380246,1.56918798375
286,10,0.913144256298,1.12339746414
287,10,1.4542180855,1.73211109772
288,10,1.19291753899,1.49093727442
289,10,2.49533540456,2.93221034356
290,10,0.925774263911,1.10227801048
291,10,1.08732392289,1.27648957175
292,10,0.595604043304,0.74198446999
293,10,0.650489477033,0.808378195367
294,10,1.08324947158,1.38719625093
295,10,1.09138256391,1.28624476909
296,10,0.651150956988,0.796844802458
297,10,0.93352758711,1.21581581667
298,10,1.15655682433,1.4367980639
299,10,1.33619392644,1.6539356454
300,10,1.1673269129,1.32740573887
301,10,0.753290201547,1.0120396456
302,10,0.729201737525,0.880424024878
303,10,0.997130710403,1.19797268151
304,10,0.802985250829,0.998642245116
305,10,0.950157710679,1.17558685162
306,10,1.15706382444,1.43411244965
307,10,1.03209862374,1.25459546578
308,10,1.10731999608,1.33433140674
309,10,1.41819768207,1.80938987284
310,10,1.79889915593,2.22148620761
311,10,1.81372461089,2.35730114808
312,10,1.84358031438,2.29329991398
313,10,1.95832382117,2.4387661701
314,10,1.64590610652,2.03185975694
315,10,0.875338680582,1.05355718177
316,10,0.936575875093,1.15677113677
317,10,1.41588756327,1.72498018051
318,10,1.02045629724,1.2147434483
319,10,1.67874289768,1.92945317061
320,10,1.41177684687,1.654948237
321,10,0.840556729596,1.01236248733
322,10,0.821040268057,1.02044249576
323,10,1.0357291212,1.25945339263
324,10,1.10556914745,1.36185580444
325,10,1.18128691908,1.45510408635
326,10,1.11863186556,1.31885187467
327,10,1.16358534457,1.40211430074
328,10,1.1518392988,1.29185031966
329,10,0.965955076398,1.12111671544
330,10,1.05289431768,1.21724443037
331,10,0.669460813813,0.824599083958
332,10,0.737959630961,0.982731508466
333,10,0.569680651116,0.704304955467
334,10,0.786596309407,0.992589915545
335,10,2.58176528371,3.12513559699
